[  0%] Built target opencv_dnn_plugins
[  0%] Built target opencv_highgui_plugins
[  0%] Built target opencv_videoio_plugins
[  0%] Building C object 3rdparty/openjpeg/openjp2/CMakeFiles/libopenjp2.dir/thread.c.o
[  0%] Building C object 3rdparty/ittnotify/CMakeFiles/ittnotify.dir/src/ittnotify/ittnotify_static.c.o
[  0%] Building C object 3rdparty/openjpeg/openjp2/CMakeFiles/libopenjp2.dir/bio.c.o
[  0%] Building C object 3rdparty/openjpeg/openjp2/CMakeFiles/libopenjp2.dir/cio.c.o
[  0%] Building C object 3rdparty/openjpeg/openjp2/CMakeFiles/libopenjp2.dir/dwt.c.o
[  0%] Building C object 3rdparty/ittnotify/CMakeFiles/ittnotify.dir/src/ittnotify/jitprofiling.c.o
[  1%] Linking C static library ../lib/libittnotify.a
[  1%] Built target ittnotify
[  1%] Building C object 3rdparty/ippiw/CMakeFiles/ippiw.dir/src/iw_core.c.o
[  1%] Building C object 3rdparty/ippiw/CMakeFiles/ippiw.dir/src/iw_image.c.o
[  2%] Building C object 3rdparty/ippiw/CMakeFiles/ippiw.dir/src/iw_image_color_convert_all.c.o
[  2%] Building C object 3rdparty/ippiw/CMakeFiles/ippiw.dir/src/iw_image_color_convert_rgbs.c.o
[  2%] Building C object 3rdparty/ippiw/CMakeFiles/ippiw.dir/src/iw_image_filter_bilateral.c.o
[  2%] Building C object 3rdparty/ippiw/CMakeFiles/ippiw.dir/src/iw_image_filter_box.c.o
[  2%] Building C object 3rdparty/openjpeg/openjp2/CMakeFiles/libopenjp2.dir/event.c.o
[  2%] Building C object 3rdparty/ippiw/CMakeFiles/ippiw.dir/src/iw_image_filter_canny.c.o
[  2%] Building C object 3rdparty/openjpeg/openjp2/CMakeFiles/libopenjp2.dir/ht_dec.c.o
[  2%] Building C object 3rdparty/ippiw/CMakeFiles/ippiw.dir/src/iw_image_filter_gaussian.c.o
[  2%] Building C object 3rdparty/ippiw/CMakeFiles/ippiw.dir/src/iw_image_filter_general.c.o
[  3%] Building C object 3rdparty/ippiw/CMakeFiles/ippiw.dir/src/iw_image_filter_laplacian.c.o
[  3%] Building C object 3rdparty/ippiw/CMakeFiles/ippiw.dir/src/iw_image_filter_morphology.c.o
[  3%] Building C object 3rdparty/ippiw/CMakeFiles/ippiw.dir/src/iw_image_filter_scharr.c.o
[  3%] Building C object 3rdparty/ippiw/CMakeFiles/ippiw.dir/src/iw_image_filter_sobel.c.o
[  3%] Building C object 3rdparty/ippiw/CMakeFiles/ippiw.dir/src/iw_image_op_copy.c.o
[  3%] Building C object 3rdparty/ippiw/CMakeFiles/ippiw.dir/src/iw_image_op_copy_channel.c.o
[  3%] Building C object 3rdparty/ippiw/CMakeFiles/ippiw.dir/src/iw_image_op_copy_make_border.c.o
[  4%] Building C object 3rdparty/openjpeg/openjp2/CMakeFiles/libopenjp2.dir/image.c.o
[  4%] Building C object 3rdparty/openjpeg/openjp2/CMakeFiles/libopenjp2.dir/invert.c.o
[  5%] Building C object 3rdparty/ippiw/CMakeFiles/ippiw.dir/src/iw_image_op_copy_merge.c.o
[  5%] Building C object 3rdparty/openjpeg/openjp2/CMakeFiles/libopenjp2.dir/j2k.c.o
[  5%] Building C object 3rdparty/ippiw/CMakeFiles/ippiw.dir/src/iw_image_op_copy_split.c.o
[  5%] Building C object 3rdparty/ippiw/CMakeFiles/ippiw.dir/src/iw_image_op_scale.c.o
[  5%] Building C object 3rdparty/ippiw/CMakeFiles/ippiw.dir/src/iw_image_op_set.c.o
[  5%] Building C object 3rdparty/ippiw/CMakeFiles/ippiw.dir/src/iw_image_op_set_channel.c.o
[  5%] Building C object 3rdparty/ippiw/CMakeFiles/ippiw.dir/src/iw_image_op_swap_channels.c.o
[  5%] Building C object 3rdparty/ippiw/CMakeFiles/ippiw.dir/src/iw_image_transform_mirror.c.o
[  6%] Building C object 3rdparty/ippiw/CMakeFiles/ippiw.dir/src/iw_image_transform_resize.c.o
[  6%] Building C object 3rdparty/ippiw/CMakeFiles/ippiw.dir/src/iw_image_transform_rotate.c.o
[  6%] Building C object 3rdparty/ippiw/CMakeFiles/ippiw.dir/src/iw_image_transform_warpaffine.c.o
[  6%] Building C object 3rdparty/ippiw/CMakeFiles/ippiw.dir/src/iw_own.c.o
[  6%] Linking C static library ../lib/libippiw.a
[  6%] Built target ippiw
[  6%] Building CXX object 3rdparty/openexr/CMakeFiles/IlmImf.dir/Half/half.cpp.o
[  6%] Building C object 3rdparty/openjpeg/openjp2/CMakeFiles/libopenjp2.dir/jp2.c.o
[  6%] Building CXX object 3rdparty/openexr/CMakeFiles/IlmImf.dir/Iex/IexBaseExc.cpp.o
[  6%] Building C object 3rdparty/openjpeg/openjp2/CMakeFiles/libopenjp2.dir/mct.c.o
[  6%] Building CXX object 3rdparty/openexr/CMakeFiles/IlmImf.dir/Iex/IexThrowErrnoExc.cpp.o
[  6%] Building C object 3rdparty/openjpeg/openjp2/CMakeFiles/libopenjp2.dir/mqc.c.o
[  7%] Building C object 3rdparty/openjpeg/openjp2/CMakeFiles/libopenjp2.dir/openjpeg.c.o
[  7%] Building C object 3rdparty/openjpeg/openjp2/CMakeFiles/libopenjp2.dir/opj_clock.c.o
[  7%] Building C object 3rdparty/openjpeg/openjp2/CMakeFiles/libopenjp2.dir/pi.c.o
[  7%] Building CXX object 3rdparty/openexr/CMakeFiles/IlmImf.dir/IlmImf/ImfAcesFile.cpp.o
[  7%] Building C object 3rdparty/openjpeg/openjp2/CMakeFiles/libopenjp2.dir/t1.c.o
[  7%] Building CXX object 3rdparty/openexr/CMakeFiles/IlmImf.dir/IlmImf/ImfAttribute.cpp.o
[  7%] Building CXX object 3rdparty/openexr/CMakeFiles/IlmImf.dir/IlmImf/ImfB44Compressor.cpp.o
[  8%] Building CXX object 3rdparty/openexr/CMakeFiles/IlmImf.dir/IlmImf/ImfBoxAttribute.cpp.o
[  8%] Building CXX object 3rdparty/openexr/CMakeFiles/IlmImf.dir/IlmImf/ImfCRgbaFile.cpp.o
[  8%] Building C object 3rdparty/openjpeg/openjp2/CMakeFiles/libopenjp2.dir/t2.c.o
[  8%] Building CXX object 3rdparty/openexr/CMakeFiles/IlmImf.dir/IlmImf/ImfChannelList.cpp.o
[  8%] Building C object 3rdparty/openjpeg/openjp2/CMakeFiles/libopenjp2.dir/tcd.c.o
[  8%] Building CXX object 3rdparty/openexr/CMakeFiles/IlmImf.dir/IlmImf/ImfChannelListAttribute.cpp.o
[  8%] Building C object 3rdparty/openjpeg/openjp2/CMakeFiles/libopenjp2.dir/tgt.c.o
[  8%] Building CXX object 3rdparty/openexr/CMakeFiles/IlmImf.dir/IlmImf/ImfChromaticities.cpp.o
[  9%] Building C object 3rdparty/openjpeg/openjp2/CMakeFiles/libopenjp2.dir/function_list.c.o
[  9%] Building C object 3rdparty/openjpeg/openjp2/CMakeFiles/libopenjp2.dir/opj_malloc.c.o
[  9%] Building C object 3rdparty/openjpeg/openjp2/CMakeFiles/libopenjp2.dir/sparse_array.c.o
[  9%] Linking C static library ../../lib/liblibopenjp2.a
[  9%] Building CXX object 3rdparty/openexr/CMakeFiles/IlmImf.dir/IlmImf/ImfChromaticitiesAttribute.cpp.o
[  9%] Built target libopenjp2
[  9%] Building CXX object 3rdparty/openexr/CMakeFiles/IlmImf.dir/IlmImf/ImfCompositeDeepScanLine.cpp.o
[ 10%] Building CXX object 3rdparty/openexr/CMakeFiles/IlmImf.dir/IlmImf/ImfCompressionAttribute.cpp.o
[ 10%] Building CXX object 3rdparty/openexr/CMakeFiles/IlmImf.dir/IlmImf/ImfCompressor.cpp.o
[ 10%] Building CXX object 3rdparty/openexr/CMakeFiles/IlmImf.dir/IlmImf/ImfConvert.cpp.o
[ 10%] Building CXX object 3rdparty/openexr/CMakeFiles/IlmImf.dir/IlmImf/ImfDeepCompositing.cpp.o
[ 10%] Building CXX object 3rdparty/openexr/CMakeFiles/IlmImf.dir/IlmImf/ImfDeepFrameBuffer.cpp.o
[ 10%] Building CXX object 3rdparty/openexr/CMakeFiles/IlmImf.dir/IlmImf/ImfDeepImageStateAttribute.cpp.o
[ 10%] Building CXX object 3rdparty/openexr/CMakeFiles/IlmImf.dir/IlmImf/ImfDeepScanLineInputFile.cpp.o
[ 12%] Building CXX object 3rdparty/openexr/CMakeFiles/IlmImf.dir/IlmImf/ImfDeepScanLineInputPart.cpp.o
[ 12%] Building CXX object 3rdparty/openexr/CMakeFiles/IlmImf.dir/IlmImf/ImfDeepScanLineOutputFile.cpp.o
[ 12%] Building CXX object 3rdparty/openexr/CMakeFiles/IlmImf.dir/IlmImf/ImfDeepScanLineOutputPart.cpp.o
[ 12%] Building CXX object 3rdparty/openexr/CMakeFiles/IlmImf.dir/IlmImf/ImfDeepTiledInputFile.cpp.o
[ 12%] Building CXX object 3rdparty/openexr/CMakeFiles/IlmImf.dir/IlmImf/ImfDeepTiledInputPart.cpp.o
[ 12%] Building CXX object 3rdparty/openexr/CMakeFiles/IlmImf.dir/IlmImf/ImfDeepTiledOutputFile.cpp.o
[ 12%] Building CXX object 3rdparty/openexr/CMakeFiles/IlmImf.dir/IlmImf/ImfDeepTiledOutputPart.cpp.o
[ 13%] Building CXX object 3rdparty/openexr/CMakeFiles/IlmImf.dir/IlmImf/ImfDoubleAttribute.cpp.o
[ 13%] Building CXX object 3rdparty/openexr/CMakeFiles/IlmImf.dir/IlmImf/ImfDwaCompressor.cpp.o
[ 13%] Building CXX object 3rdparty/openexr/CMakeFiles/IlmImf.dir/IlmImf/ImfEnvmap.cpp.o
[ 13%] Building CXX object 3rdparty/openexr/CMakeFiles/IlmImf.dir/IlmImf/ImfEnvmapAttribute.cpp.o
[ 13%] Building CXX object 3rdparty/openexr/CMakeFiles/IlmImf.dir/IlmImf/ImfFastHuf.cpp.o
[ 13%] Building CXX object 3rdparty/openexr/CMakeFiles/IlmImf.dir/IlmImf/ImfFloatAttribute.cpp.o
[ 13%] Building CXX object 3rdparty/openexr/CMakeFiles/IlmImf.dir/IlmImf/ImfFloatVectorAttribute.cpp.o
[ 14%] Building CXX object 3rdparty/openexr/CMakeFiles/IlmImf.dir/IlmImf/ImfFrameBuffer.cpp.o
[ 14%] Building CXX object 3rdparty/openexr/CMakeFiles/IlmImf.dir/IlmImf/ImfFramesPerSecond.cpp.o
[ 14%] Building CXX object 3rdparty/openexr/CMakeFiles/IlmImf.dir/IlmImf/ImfGenericInputFile.cpp.o
[ 14%] Building CXX object 3rdparty/openexr/CMakeFiles/IlmImf.dir/IlmImf/ImfGenericOutputFile.cpp.o
[ 14%] Building CXX object 3rdparty/openexr/CMakeFiles/IlmImf.dir/IlmImf/ImfHeader.cpp.o
[ 14%] Building CXX object 3rdparty/openexr/CMakeFiles/IlmImf.dir/IlmImf/ImfHuf.cpp.o
[ 14%] Building CXX object 3rdparty/openexr/CMakeFiles/IlmImf.dir/IlmImf/ImfIO.cpp.o
[ 15%] Building CXX object 3rdparty/openexr/CMakeFiles/IlmImf.dir/IlmImf/ImfInputFile.cpp.o
[ 15%] Building CXX object 3rdparty/openexr/CMakeFiles/IlmImf.dir/IlmImf/ImfInputPart.cpp.o
[ 15%] Building CXX object 3rdparty/openexr/CMakeFiles/IlmImf.dir/IlmImf/ImfInputPartData.cpp.o
[ 15%] Building CXX object 3rdparty/openexr/CMakeFiles/IlmImf.dir/IlmImf/ImfIntAttribute.cpp.o
[ 15%] Building CXX object 3rdparty/openexr/CMakeFiles/IlmImf.dir/IlmImf/ImfKeyCode.cpp.o
[ 15%] Building CXX object 3rdparty/openexr/CMakeFiles/IlmImf.dir/IlmImf/ImfKeyCodeAttribute.cpp.o
[ 16%] Building CXX object 3rdparty/openexr/CMakeFiles/IlmImf.dir/IlmImf/ImfLineOrderAttribute.cpp.o
[ 16%] Building CXX object 3rdparty/openexr/CMakeFiles/IlmImf.dir/IlmImf/ImfLut.cpp.o
[ 16%] Building CXX object 3rdparty/openexr/CMakeFiles/IlmImf.dir/IlmImf/ImfMatrixAttribute.cpp.o
[ 16%] Building CXX object 3rdparty/openexr/CMakeFiles/IlmImf.dir/IlmImf/ImfMisc.cpp.o
[ 16%] Building CXX object 3rdparty/openexr/CMakeFiles/IlmImf.dir/IlmImf/ImfMultiPartInputFile.cpp.o
[ 16%] Building CXX object 3rdparty/openexr/CMakeFiles/IlmImf.dir/IlmImf/ImfMultiPartOutputFile.cpp.o
[ 16%] Building CXX object 3rdparty/openexr/CMakeFiles/IlmImf.dir/IlmImf/ImfMultiView.cpp.o
[ 17%] Building CXX object 3rdparty/openexr/CMakeFiles/IlmImf.dir/IlmImf/ImfOpaqueAttribute.cpp.o
[ 17%] Building CXX object 3rdparty/openexr/CMakeFiles/IlmImf.dir/IlmImf/ImfOutputFile.cpp.o
[ 17%] Building CXX object 3rdparty/openexr/CMakeFiles/IlmImf.dir/IlmImf/ImfOutputPart.cpp.o
[ 17%] Building CXX object 3rdparty/openexr/CMakeFiles/IlmImf.dir/IlmImf/ImfOutputPartData.cpp.o
[ 17%] Building CXX object 3rdparty/openexr/CMakeFiles/IlmImf.dir/IlmImf/ImfPartType.cpp.o
[ 17%] Building CXX object 3rdparty/openexr/CMakeFiles/IlmImf.dir/IlmImf/ImfPizCompressor.cpp.o
[ 17%] Building CXX object 3rdparty/openexr/CMakeFiles/IlmImf.dir/IlmImf/ImfPreviewImage.cpp.o
[ 18%] Building CXX object 3rdparty/openexr/CMakeFiles/IlmImf.dir/IlmImf/ImfPreviewImageAttribute.cpp.o
[ 18%] Building CXX object 3rdparty/openexr/CMakeFiles/IlmImf.dir/IlmImf/ImfPxr24Compressor.cpp.o
[ 18%] Building CXX object 3rdparty/openexr/CMakeFiles/IlmImf.dir/IlmImf/ImfRational.cpp.o
[ 18%] Building CXX object 3rdparty/openexr/CMakeFiles/IlmImf.dir/IlmImf/ImfRationalAttribute.cpp.o
[ 18%] Building CXX object 3rdparty/openexr/CMakeFiles/IlmImf.dir/IlmImf/ImfRgbaFile.cpp.o
[ 18%] Building CXX object 3rdparty/openexr/CMakeFiles/IlmImf.dir/IlmImf/ImfRgbaYca.cpp.o
[ 18%] Building CXX object 3rdparty/openexr/CMakeFiles/IlmImf.dir/IlmImf/ImfRle.cpp.o
[ 19%] Building CXX object 3rdparty/openexr/CMakeFiles/IlmImf.dir/IlmImf/ImfRleCompressor.cpp.o
[ 19%] Building CXX object 3rdparty/openexr/CMakeFiles/IlmImf.dir/IlmImf/ImfScanLineInputFile.cpp.o
[ 19%] Building CXX object 3rdparty/openexr/CMakeFiles/IlmImf.dir/IlmImf/ImfStandardAttributes.cpp.o
[ 19%] Building CXX object 3rdparty/openexr/CMakeFiles/IlmImf.dir/IlmImf/ImfStdIO.cpp.o
[ 19%] Building CXX object 3rdparty/openexr/CMakeFiles/IlmImf.dir/IlmImf/ImfStringAttribute.cpp.o
[ 19%] Building CXX object 3rdparty/openexr/CMakeFiles/IlmImf.dir/IlmImf/ImfStringVectorAttribute.cpp.o
[ 19%] Building CXX object 3rdparty/openexr/CMakeFiles/IlmImf.dir/IlmImf/ImfSystemSpecific.cpp.o
[ 20%] Building CXX object 3rdparty/openexr/CMakeFiles/IlmImf.dir/IlmImf/ImfTestFile.cpp.o
[ 20%] Building CXX object 3rdparty/openexr/CMakeFiles/IlmImf.dir/IlmImf/ImfThreading.cpp.o
[ 20%] Building CXX object 3rdparty/openexr/CMakeFiles/IlmImf.dir/IlmImf/ImfTileDescriptionAttribute.cpp.o
[ 20%] Building CXX object 3rdparty/openexr/CMakeFiles/IlmImf.dir/IlmImf/ImfTileOffsets.cpp.o
[ 20%] Building CXX object 3rdparty/openexr/CMakeFiles/IlmImf.dir/IlmImf/ImfTiledInputFile.cpp.o
[ 20%] Building CXX object 3rdparty/openexr/CMakeFiles/IlmImf.dir/IlmImf/ImfTiledInputPart.cpp.o
[ 20%] Building CXX object 3rdparty/openexr/CMakeFiles/IlmImf.dir/IlmImf/ImfTiledMisc.cpp.o
[ 21%] Building CXX object 3rdparty/openexr/CMakeFiles/IlmImf.dir/IlmImf/ImfTiledOutputFile.cpp.o
[ 21%] Building CXX object 3rdparty/openexr/CMakeFiles/IlmImf.dir/IlmImf/ImfTiledOutputPart.cpp.o
[ 21%] Building CXX object 3rdparty/openexr/CMakeFiles/IlmImf.dir/IlmImf/ImfTiledRgbaFile.cpp.o
[ 21%] Building CXX object 3rdparty/openexr/CMakeFiles/IlmImf.dir/IlmImf/ImfTimeCode.cpp.o
[ 21%] Building CXX object 3rdparty/openexr/CMakeFiles/IlmImf.dir/IlmImf/ImfTimeCodeAttribute.cpp.o
[ 21%] Building CXX object 3rdparty/openexr/CMakeFiles/IlmImf.dir/IlmImf/ImfVecAttribute.cpp.o
[ 23%] Building CXX object 3rdparty/openexr/CMakeFiles/IlmImf.dir/IlmImf/ImfVersion.cpp.o
[ 23%] Building CXX object 3rdparty/openexr/CMakeFiles/IlmImf.dir/IlmImf/ImfWav.cpp.o
[ 23%] Building CXX object 3rdparty/openexr/CMakeFiles/IlmImf.dir/IlmImf/ImfZip.cpp.o
[ 23%] Building CXX object 3rdparty/openexr/CMakeFiles/IlmImf.dir/IlmImf/ImfZipCompressor.cpp.o
[ 23%] Building CXX object 3rdparty/openexr/CMakeFiles/IlmImf.dir/IlmImf/dwaLookups.cpp.o
[ 23%] Building CXX object 3rdparty/openexr/CMakeFiles/IlmImf.dir/IlmThread/IlmThread.cpp.o
[ 23%] Building CXX object 3rdparty/openexr/CMakeFiles/IlmImf.dir/IlmThread/IlmThreadMutex.cpp.o
[ 24%] Building CXX object 3rdparty/openexr/CMakeFiles/IlmImf.dir/IlmThread/IlmThreadMutexPosix.cpp.o
[ 24%] Building CXX object 3rdparty/openexr/CMakeFiles/IlmImf.dir/IlmThread/IlmThreadPool.cpp.o
[ 24%] Building CXX object 3rdparty/openexr/CMakeFiles/IlmImf.dir/IlmThread/IlmThreadPosix.cpp.o
[ 24%] Building CXX object 3rdparty/openexr/CMakeFiles/IlmImf.dir/IlmThread/IlmThreadSemaphore.cpp.o
[ 24%] Building CXX object 3rdparty/openexr/CMakeFiles/IlmImf.dir/IlmThread/IlmThreadSemaphorePosix.cpp.o
[ 24%] Building CXX object 3rdparty/openexr/CMakeFiles/IlmImf.dir/IlmThread/IlmThreadSemaphorePosixCompat.cpp.o
[ 24%] Building CXX object 3rdparty/openexr/CMakeFiles/IlmImf.dir/Imath/ImathBox.cpp.o
[ 25%] Building CXX object 3rdparty/openexr/CMakeFiles/IlmImf.dir/Imath/ImathColorAlgo.cpp.o
[ 25%] Building CXX object 3rdparty/openexr/CMakeFiles/IlmImf.dir/Imath/ImathFun.cpp.o
[ 25%] Building CXX object 3rdparty/openexr/CMakeFiles/IlmImf.dir/Imath/ImathMatrixAlgo.cpp.o
[ 25%] Building CXX object 3rdparty/openexr/CMakeFiles/IlmImf.dir/Imath/ImathRandom.cpp.o
[ 25%] Building CXX object 3rdparty/openexr/CMakeFiles/IlmImf.dir/Imath/ImathShear.cpp.o
[ 25%] Building CXX object 3rdparty/openexr/CMakeFiles/IlmImf.dir/Imath/ImathVec.cpp.o
[ 26%] Processing OpenCL kernels (core)
[ 26%] Building CXX object modules/core/CMakeFiles/opencv_core.dir/src/algorithm.cpp.o
[ 26%] Linking CXX static library ../lib/libIlmImf.a
[ 26%] Built target IlmImf
[ 26%] Building CXX object modules/core/CMakeFiles/opencv_core.dir/src/alloc.cpp.o
[ 26%] Building CXX object modules/core/CMakeFiles/opencv_core.dir/src/arithm.cpp.o
[ 26%] Building CXX object modules/core/CMakeFiles/opencv_core.dir/src/arithm.dispatch.cpp.o
[ 26%] Building CXX object modules/core/CMakeFiles/opencv_core.dir/src/array.cpp.o
[ 26%] Building CXX object modules/core/CMakeFiles/opencv_core.dir/src/async.cpp.o
[ 27%] Building CXX object modules/core/CMakeFiles/opencv_core.dir/src/batch_distance.cpp.o
[ 27%] Building CXX object modules/core/CMakeFiles/opencv_core.dir/src/bindings_utils.cpp.o
[ 27%] Building CXX object modules/core/CMakeFiles/opencv_core.dir/src/buffer_area.cpp.o
[ 27%] Building CXX object modules/core/CMakeFiles/opencv_core.dir/src/channels.cpp.o
[ 27%] Building CXX object modules/core/CMakeFiles/opencv_core.dir/src/check.cpp.o
[ 27%] Building CXX object modules/core/CMakeFiles/opencv_core.dir/src/command_line_parser.cpp.o
[ 27%] Building CXX object modules/core/CMakeFiles/opencv_core.dir/src/conjugate_gradient.cpp.o
[ 28%] Building CXX object modules/core/CMakeFiles/opencv_core.dir/src/convert.dispatch.cpp.o
[ 28%] Building CXX object modules/core/CMakeFiles/opencv_core.dir/src/convert_c.cpp.o
[ 28%] Building CXX object modules/core/CMakeFiles/opencv_core.dir/src/convert_scale.dispatch.cpp.o
[ 28%] Building CXX object modules/core/CMakeFiles/opencv_core.dir/src/copy.cpp.o
[ 28%] Building CXX object modules/core/CMakeFiles/opencv_core.dir/src/count_non_zero.dispatch.cpp.o
[ 28%] Building CXX object modules/core/CMakeFiles/opencv_core.dir/src/cuda_gpu_mat.cpp.o
[ 28%] Building CXX object modules/core/CMakeFiles/opencv_core.dir/src/cuda_gpu_mat_nd.cpp.o
[ 29%] Building CXX object modules/core/CMakeFiles/opencv_core.dir/src/cuda_host_mem.cpp.o
[ 29%] Building CXX object modules/core/CMakeFiles/opencv_core.dir/src/cuda_info.cpp.o
[ 29%] Building CXX object modules/core/CMakeFiles/opencv_core.dir/src/cuda_stream.cpp.o
[ 29%] Building CXX object modules/core/CMakeFiles/opencv_core.dir/src/datastructs.cpp.o
[ 29%] Building CXX object modules/core/CMakeFiles/opencv_core.dir/src/directx.cpp.o
[ 29%] Building CXX object modules/core/CMakeFiles/opencv_core.dir/src/downhill_simplex.cpp.o
[ 29%] Building CXX object modules/core/CMakeFiles/opencv_core.dir/src/dxt.cpp.o
[ 30%] Building CXX object modules/core/CMakeFiles/opencv_core.dir/src/gl_core_3_1.cpp.o
[ 30%] Building CXX object modules/core/CMakeFiles/opencv_core.dir/src/glob.cpp.o
[ 30%] Building CXX object modules/core/CMakeFiles/opencv_core.dir/src/hal_internal.cpp.o
[ 30%] Building CXX object modules/core/CMakeFiles/opencv_core.dir/src/has_non_zero.dispatch.cpp.o
[ 30%] Building CXX object modules/core/CMakeFiles/opencv_core.dir/src/kmeans.cpp.o
[ 30%] Building CXX object modules/core/CMakeFiles/opencv_core.dir/src/lapack.cpp.o
[ 31%] Building CXX object modules/core/CMakeFiles/opencv_core.dir/src/lda.cpp.o
[ 31%] Building CXX object modules/core/CMakeFiles/opencv_core.dir/src/logger.cpp.o
[ 31%] Building CXX object modules/core/CMakeFiles/opencv_core.dir/src/lpsolver.cpp.o
[ 31%] Building CXX object modules/core/CMakeFiles/opencv_core.dir/src/lut.cpp.o
[ 31%] Building CXX object modules/core/CMakeFiles/opencv_core.dir/src/mathfuncs.cpp.o
[ 31%] Building CXX object modules/core/CMakeFiles/opencv_core.dir/src/mathfuncs_core.dispatch.cpp.o
[ 31%] Building CXX object modules/core/CMakeFiles/opencv_core.dir/src/matmul.dispatch.cpp.o
[ 32%] Building CXX object modules/core/CMakeFiles/opencv_core.dir/src/matrix.cpp.o
[ 32%] Building CXX object modules/core/CMakeFiles/opencv_core.dir/src/matrix_c.cpp.o
[ 32%] Building CXX object modules/core/CMakeFiles/opencv_core.dir/src/matrix_decomp.cpp.o
[ 32%] Building CXX object modules/core/CMakeFiles/opencv_core.dir/src/matrix_expressions.cpp.o
[ 32%] Building CXX object modules/core/CMakeFiles/opencv_core.dir/src/matrix_iterator.cpp.o
[ 32%] Building CXX object modules/core/CMakeFiles/opencv_core.dir/src/matrix_operations.cpp.o
[ 32%] Building CXX object modules/core/CMakeFiles/opencv_core.dir/src/matrix_sparse.cpp.o
[ 34%] Building CXX object modules/core/CMakeFiles/opencv_core.dir/src/matrix_transform.cpp.o
[ 34%] Building CXX object modules/core/CMakeFiles/opencv_core.dir/src/matrix_wrap.cpp.o
[ 34%] Building CXX object modules/core/CMakeFiles/opencv_core.dir/src/mean.dispatch.cpp.o
[ 34%] Building CXX object modules/core/CMakeFiles/opencv_core.dir/src/merge.dispatch.cpp.o
[ 34%] Building CXX object modules/core/CMakeFiles/opencv_core.dir/src/minmax.cpp.o
[ 34%] Building CXX object modules/core/CMakeFiles/opencv_core.dir/src/norm.cpp.o
[ 34%] Building CXX object modules/core/CMakeFiles/opencv_core.dir/src/ocl.cpp.o
[ 35%] Building CXX object modules/core/CMakeFiles/opencv_core.dir/src/opencl/runtime/opencl_clblas.cpp.o
[ 35%] Building CXX object modules/core/CMakeFiles/opencv_core.dir/src/opencl/runtime/opencl_clfft.cpp.o
[ 35%] Building CXX object modules/core/CMakeFiles/opencv_core.dir/src/opencl/runtime/opencl_core.cpp.o
[ 35%] Building CXX object modules/core/CMakeFiles/opencv_core.dir/src/opengl.cpp.o
[ 35%] Building CXX object modules/core/CMakeFiles/opencv_core.dir/src/out.cpp.o
[ 35%] Building CXX object modules/core/CMakeFiles/opencv_core.dir/src/ovx.cpp.o
[ 35%] Building CXX object modules/core/CMakeFiles/opencv_core.dir/src/parallel.cpp.o
[ 36%] Building CXX object modules/core/CMakeFiles/opencv_core.dir/src/parallel/parallel.cpp.o
[ 36%] Building CXX object modules/core/CMakeFiles/opencv_core.dir/src/parallel/parallel_openmp.cpp.o
[ 36%] Building CXX object modules/core/CMakeFiles/opencv_core.dir/src/parallel/parallel_tbb.cpp.o
[ 36%] Building CXX object modules/core/CMakeFiles/opencv_core.dir/src/parallel_impl.cpp.o
[ 36%] Building CXX object modules/core/CMakeFiles/opencv_core.dir/src/pca.cpp.o
[ 36%] Building CXX object modules/core/CMakeFiles/opencv_core.dir/src/persistence.cpp.o
[ 36%] Building CXX object modules/core/CMakeFiles/opencv_core.dir/src/persistence_base64_encoding.cpp.o
[ 37%] Building CXX object modules/core/CMakeFiles/opencv_core.dir/src/persistence_json.cpp.o
[ 37%] Building CXX object modules/core/CMakeFiles/opencv_core.dir/src/persistence_types.cpp.o
[ 37%] Building CXX object modules/core/CMakeFiles/opencv_core.dir/src/persistence_xml.cpp.o
[ 37%] Building CXX object modules/core/CMakeFiles/opencv_core.dir/src/persistence_yml.cpp.o
[ 37%] Building CXX object modules/core/CMakeFiles/opencv_core.dir/src/rand.cpp.o
[ 37%] Building CXX object modules/core/CMakeFiles/opencv_core.dir/src/softfloat.cpp.o
[ 38%] Building CXX object modules/core/CMakeFiles/opencv_core.dir/src/split.dispatch.cpp.o
[ 38%] Building CXX object modules/core/CMakeFiles/opencv_core.dir/src/stat.dispatch.cpp.o
[ 38%] Building CXX object modules/core/CMakeFiles/opencv_core.dir/src/stat_c.cpp.o
[ 38%] Building CXX object modules/core/CMakeFiles/opencv_core.dir/src/stl.cpp.o
[ 38%] Building CXX object modules/core/CMakeFiles/opencv_core.dir/src/sum.dispatch.cpp.o
[ 38%] Building CXX object modules/core/CMakeFiles/opencv_core.dir/src/system.cpp.o
[ 38%] Building CXX object modules/core/CMakeFiles/opencv_core.dir/src/tables.cpp.o
[ 39%] Building CXX object modules/core/CMakeFiles/opencv_core.dir/src/trace.cpp.o
[ 39%] Building CXX object modules/core/CMakeFiles/opencv_core.dir/src/types.cpp.o
[ 39%] Building CXX object modules/core/CMakeFiles/opencv_core.dir/src/umatrix.cpp.o
[ 39%] Building CXX object modules/core/CMakeFiles/opencv_core.dir/src/utils/datafile.cpp.o
[ 39%] Building CXX object modules/core/CMakeFiles/opencv_core.dir/src/utils/filesystem.cpp.o
[ 39%] Building CXX object modules/core/CMakeFiles/opencv_core.dir/src/utils/logtagconfigparser.cpp.o
[ 39%] Building CXX object modules/core/CMakeFiles/opencv_core.dir/src/utils/logtagmanager.cpp.o
[ 40%] Building CXX object modules/core/CMakeFiles/opencv_core.dir/src/utils/samples.cpp.o
[ 40%] Building CXX object modules/core/CMakeFiles/opencv_core.dir/src/va_intel.cpp.o
[ 40%] Building CXX object modules/core/CMakeFiles/opencv_core.dir/opencl_kernels_core.cpp.o
[ 40%] Building CXX object modules/core/CMakeFiles/opencv_core.dir/arithm.sse4_1.cpp.o
[ 40%] Building CXX object modules/core/CMakeFiles/opencv_core.dir/matmul.sse4_1.cpp.o
[ 40%] Building CXX object modules/core/CMakeFiles/opencv_core.dir/stat.sse4_2.cpp.o
[ 40%] Building CXX object modules/core/CMakeFiles/opencv_core.dir/mathfuncs_core.avx.cpp.o
[ 41%] Building CXX object modules/core/CMakeFiles/opencv_core.dir/mathfuncs_core.avx2.cpp.o
[ 41%] Building CXX object modules/core/CMakeFiles/opencv_core.dir/stat.avx2.cpp.o
[ 41%] Building CXX object modules/core/CMakeFiles/opencv_core.dir/arithm.avx2.cpp.o
[ 41%] Building CXX object modules/core/CMakeFiles/opencv_core.dir/convert.avx2.cpp.o
[ 41%] Building CXX object modules/core/CMakeFiles/opencv_core.dir/convert_scale.avx2.cpp.o
[ 41%] Building CXX object modules/core/CMakeFiles/opencv_core.dir/count_non_zero.avx2.cpp.o
[ 41%] Building CXX object modules/core/CMakeFiles/opencv_core.dir/has_non_zero.avx2.cpp.o
[ 42%] Building CXX object modules/core/CMakeFiles/opencv_core.dir/matmul.avx2.cpp.o
[ 42%] Building CXX object modules/core/CMakeFiles/opencv_core.dir/mean.avx2.cpp.o
[ 42%] Building CXX object modules/core/CMakeFiles/opencv_core.dir/merge.avx2.cpp.o
[ 42%] Building CXX object modules/core/CMakeFiles/opencv_core.dir/split.avx2.cpp.o
[ 42%] Building CXX object modules/core/CMakeFiles/opencv_core.dir/sum.avx2.cpp.o
[ 42%] Building CXX object modules/core/CMakeFiles/opencv_core.dir/matmul.avx512_skx.cpp.o
[ 42%] Linking CXX shared library ../../lib/libopencv_core.so
[ 42%] Built target opencv_core
[ 43%] Processing OpenCL kernels (imgproc)
[ 43%] Building CXX object apps/version/CMakeFiles/opencv_version.dir/opencv_version.cpp.o
[ 43%] Building CXX object modules/imgproc/CMakeFiles/opencv_imgproc.dir/src/accum.cpp.o
[ 43%] Linking CXX executable ../../bin/opencv_version
[ 43%] Built target opencv_version
[ 43%] Building CXX object modules/imgproc/CMakeFiles/opencv_imgproc.dir/src/accum.dispatch.cpp.o
[ 43%] Building CXX object modules/imgproc/CMakeFiles/opencv_imgproc.dir/src/approx.cpp.o
[ 43%] Building CXX object modules/imgproc/CMakeFiles/opencv_imgproc.dir/src/bilateral_filter.dispatch.cpp.o
[ 43%] Building CXX object modules/imgproc/CMakeFiles/opencv_imgproc.dir/src/blend.cpp.o
[ 43%] Building CXX object modules/imgproc/CMakeFiles/opencv_imgproc.dir/src/box_filter.dispatch.cpp.o
[ 45%] Building CXX object modules/imgproc/CMakeFiles/opencv_imgproc.dir/src/canny.cpp.o
[ 45%] Building CXX object modules/imgproc/CMakeFiles/opencv_imgproc.dir/src/clahe.cpp.o
[ 45%] Building CXX object modules/imgproc/CMakeFiles/opencv_imgproc.dir/src/color.cpp.o
[ 45%] Building CXX object modules/imgproc/CMakeFiles/opencv_imgproc.dir/src/color_hsv.dispatch.cpp.o
[ 45%] Building CXX object modules/imgproc/CMakeFiles/opencv_imgproc.dir/src/color_lab.cpp.o
[ 45%] Building CXX object modules/imgproc/CMakeFiles/opencv_imgproc.dir/src/color_rgb.dispatch.cpp.o
[ 45%] Building CXX object modules/imgproc/CMakeFiles/opencv_imgproc.dir/src/color_yuv.dispatch.cpp.o
[ 46%] Building CXX object modules/imgproc/CMakeFiles/opencv_imgproc.dir/src/colormap.cpp.o
[ 46%] Building CXX object modules/imgproc/CMakeFiles/opencv_imgproc.dir/src/connectedcomponents.cpp.o
[ 46%] Building CXX object modules/imgproc/CMakeFiles/opencv_imgproc.dir/src/contours.cpp.o
[ 46%] Building CXX object modules/imgproc/CMakeFiles/opencv_imgproc.dir/src/contours_approx.cpp.o
[ 46%] Building CXX object modules/imgproc/CMakeFiles/opencv_imgproc.dir/src/contours_common.cpp.o
[ 46%] Building CXX object modules/imgproc/CMakeFiles/opencv_imgproc.dir/src/contours_link.cpp.o
[ 46%] Building CXX object modules/imgproc/CMakeFiles/opencv_imgproc.dir/src/contours_new.cpp.o
[ 47%] Building CXX object modules/imgproc/CMakeFiles/opencv_imgproc.dir/src/convhull.cpp.o
[ 47%] Building CXX object modules/imgproc/CMakeFiles/opencv_imgproc.dir/src/corner.cpp.o
[ 47%] Building CXX object modules/imgproc/CMakeFiles/opencv_imgproc.dir/src/cornersubpix.cpp.o
[ 47%] Building CXX object modules/imgproc/CMakeFiles/opencv_imgproc.dir/src/demosaicing.cpp.o
[ 47%] Building CXX object modules/imgproc/CMakeFiles/opencv_imgproc.dir/src/deriv.cpp.o
[ 47%] Building CXX object modules/imgproc/CMakeFiles/opencv_imgproc.dir/src/distransform.cpp.o
[ 47%] Building CXX object modules/imgproc/CMakeFiles/opencv_imgproc.dir/src/drawing.cpp.o
[ 48%] Building CXX object modules/imgproc/CMakeFiles/opencv_imgproc.dir/src/emd.cpp.o
[ 48%] Building CXX object modules/imgproc/CMakeFiles/opencv_imgproc.dir/src/emd_new.cpp.o
[ 48%] Building CXX object modules/imgproc/CMakeFiles/opencv_imgproc.dir/src/featureselect.cpp.o
[ 48%] Building CXX object modules/imgproc/CMakeFiles/opencv_imgproc.dir/src/filter.dispatch.cpp.o
[ 48%] Building CXX object modules/imgproc/CMakeFiles/opencv_imgproc.dir/src/floodfill.cpp.o
[ 48%] Building CXX object modules/imgproc/CMakeFiles/opencv_imgproc.dir/src/gabor.cpp.o
[ 49%] Building CXX object modules/imgproc/CMakeFiles/opencv_imgproc.dir/src/generalized_hough.cpp.o
[ 49%] Building CXX object modules/imgproc/CMakeFiles/opencv_imgproc.dir/src/geometry.cpp.o
[ 49%] Building CXX object modules/imgproc/CMakeFiles/opencv_imgproc.dir/src/grabcut.cpp.o
[ 49%] Building CXX object modules/imgproc/CMakeFiles/opencv_imgproc.dir/src/hershey_fonts.cpp.o
[ 49%] Building CXX object modules/imgproc/CMakeFiles/opencv_imgproc.dir/src/histogram.cpp.o
[ 49%] Building CXX object modules/imgproc/CMakeFiles/opencv_imgproc.dir/src/hough.cpp.o
[ 49%] Building CXX object modules/imgproc/CMakeFiles/opencv_imgproc.dir/src/imgwarp.cpp.o
[ 50%] Building CXX object modules/imgproc/CMakeFiles/opencv_imgproc.dir/src/intelligent_scissors.cpp.o
[ 50%] Building CXX object modules/imgproc/CMakeFiles/opencv_imgproc.dir/src/intersection.cpp.o
[ 50%] Building CXX object modules/imgproc/CMakeFiles/opencv_imgproc.dir/src/linefit.cpp.o
[ 50%] Building CXX object modules/imgproc/CMakeFiles/opencv_imgproc.dir/src/lsd.cpp.o
[ 50%] Building CXX object modules/imgproc/CMakeFiles/opencv_imgproc.dir/src/main.cpp.o
[ 50%] Building CXX object modules/imgproc/CMakeFiles/opencv_imgproc.dir/src/matchcontours.cpp.o
[ 50%] Building CXX object modules/imgproc/CMakeFiles/opencv_imgproc.dir/src/median_blur.dispatch.cpp.o
[ 51%] Building CXX object modules/imgproc/CMakeFiles/opencv_imgproc.dir/src/min_enclosing_triangle.cpp.o
[ 51%] Building CXX object modules/imgproc/CMakeFiles/opencv_imgproc.dir/src/moments.cpp.o
[ 51%] Building CXX object modules/imgproc/CMakeFiles/opencv_imgproc.dir/src/morph.dispatch.cpp.o
[ 51%] Building CXX object modules/imgproc/CMakeFiles/opencv_imgproc.dir/src/phasecorr.cpp.o
[ 51%] Building CXX object modules/imgproc/CMakeFiles/opencv_imgproc.dir/src/pyramids.cpp.o
[ 51%] Building CXX object modules/imgproc/CMakeFiles/opencv_imgproc.dir/src/resize.cpp.o
[ 51%] Building CXX object modules/imgproc/CMakeFiles/opencv_imgproc.dir/src/rotcalipers.cpp.o
[ 52%] Building CXX object modules/imgproc/CMakeFiles/opencv_imgproc.dir/src/samplers.cpp.o
[ 52%] Building CXX object modules/imgproc/CMakeFiles/opencv_imgproc.dir/src/segmentation.cpp.o
[ 52%] Building CXX object modules/imgproc/CMakeFiles/opencv_imgproc.dir/src/shapedescr.cpp.o
[ 52%] Building CXX object modules/imgproc/CMakeFiles/opencv_imgproc.dir/src/smooth.dispatch.cpp.o
[ 52%] Building CXX object modules/imgproc/CMakeFiles/opencv_imgproc.dir/src/spatialgradient.cpp.o
[ 52%] Building CXX object modules/imgproc/CMakeFiles/opencv_imgproc.dir/src/stackblur.cpp.o
[ 52%] Building CXX object modules/imgproc/CMakeFiles/opencv_imgproc.dir/src/subdivision2d.cpp.o
[ 53%] Building CXX object modules/imgproc/CMakeFiles/opencv_imgproc.dir/src/sumpixels.dispatch.cpp.o
[ 53%] Building CXX object modules/imgproc/CMakeFiles/opencv_imgproc.dir/src/tables.cpp.o
[ 53%] Building CXX object modules/imgproc/CMakeFiles/opencv_imgproc.dir/src/templmatch.cpp.o
[ 53%] Building CXX object modules/imgproc/CMakeFiles/opencv_imgproc.dir/src/thresh.cpp.o
[ 53%] Building CXX object modules/imgproc/CMakeFiles/opencv_imgproc.dir/src/utils.cpp.o
[ 53%] Building CXX object modules/imgproc/CMakeFiles/opencv_imgproc.dir/opencl_kernels_imgproc.cpp.o
[ 53%] Building CXX object modules/imgproc/CMakeFiles/opencv_imgproc.dir/src/imgwarp.sse4_1.cpp.o
[ 54%] Building CXX object modules/imgproc/CMakeFiles/opencv_imgproc.dir/src/resize.sse4_1.cpp.o
[ 54%] Building CXX object modules/imgproc/CMakeFiles/opencv_imgproc.dir/accum.sse4_1.cpp.o
[ 54%] Building CXX object modules/imgproc/CMakeFiles/opencv_imgproc.dir/box_filter.sse4_1.cpp.o
[ 54%] Building CXX object modules/imgproc/CMakeFiles/opencv_imgproc.dir/filter.sse4_1.cpp.o
[ 54%] Building CXX object modules/imgproc/CMakeFiles/opencv_imgproc.dir/color_hsv.sse4_1.cpp.o
[ 54%] Building CXX object modules/imgproc/CMakeFiles/opencv_imgproc.dir/color_rgb.sse4_1.cpp.o
[ 56%] Building CXX object modules/imgproc/CMakeFiles/opencv_imgproc.dir/color_yuv.sse4_1.cpp.o
[ 56%] Building CXX object modules/imgproc/CMakeFiles/opencv_imgproc.dir/median_blur.sse4_1.cpp.o
[ 56%] Building CXX object modules/imgproc/CMakeFiles/opencv_imgproc.dir/morph.sse4_1.cpp.o
[ 56%] Building CXX object modules/imgproc/CMakeFiles/opencv_imgproc.dir/smooth.sse4_1.cpp.o
[ 56%] Building CXX object modules/imgproc/CMakeFiles/opencv_imgproc.dir/src/corner.avx.cpp.o
[ 56%] Building CXX object modules/imgproc/CMakeFiles/opencv_imgproc.dir/accum.avx.cpp.o
[ 56%] Building CXX object modules/imgproc/CMakeFiles/opencv_imgproc.dir/src/imgwarp.avx2.cpp.o
[ 57%] Building CXX object modules/imgproc/CMakeFiles/opencv_imgproc.dir/src/resize.avx2.cpp.o
[ 57%] Building CXX object modules/imgproc/CMakeFiles/opencv_imgproc.dir/accum.avx2.cpp.o
[ 57%] Building CXX object modules/imgproc/CMakeFiles/opencv_imgproc.dir/bilateral_filter.avx2.cpp.o
[ 57%] Building CXX object modules/imgproc/CMakeFiles/opencv_imgproc.dir/box_filter.avx2.cpp.o
[ 57%] Building CXX object modules/imgproc/CMakeFiles/opencv_imgproc.dir/filter.avx2.cpp.o
[ 57%] Building CXX object modules/imgproc/CMakeFiles/opencv_imgproc.dir/color_hsv.avx2.cpp.o
[ 57%] Building CXX object modules/imgproc/CMakeFiles/opencv_imgproc.dir/color_rgb.avx2.cpp.o
[ 58%] Building CXX object modules/imgproc/CMakeFiles/opencv_imgproc.dir/color_yuv.avx2.cpp.o
[ 58%] Building CXX object modules/imgproc/CMakeFiles/opencv_imgproc.dir/median_blur.avx2.cpp.o
[ 58%] Building CXX object modules/imgproc/CMakeFiles/opencv_imgproc.dir/morph.avx2.cpp.o
[ 58%] Building CXX object modules/imgproc/CMakeFiles/opencv_imgproc.dir/smooth.avx2.cpp.o
[ 58%] Building CXX object modules/imgproc/CMakeFiles/opencv_imgproc.dir/sumpixels.avx2.cpp.o
[ 58%] Building CXX object modules/imgproc/CMakeFiles/opencv_imgproc.dir/sumpixels.avx512_skx.cpp.o
[ 58%] Linking CXX shared library ../../lib/libopencv_imgproc.so
[ 58%] Built target opencv_imgproc
[ 59%] Processing OpenCL kernels (features2d)
[ 59%] Building CXX object modules/imgcodecs/CMakeFiles/opencv_imgcodecs.dir/src/loadsave.cpp.o
[ 59%] Building CXX object modules/features2d/CMakeFiles/opencv_features2d.dir/src/affine_feature.cpp.o
[ 59%] Building CXX object modules/features2d/CMakeFiles/opencv_features2d.dir/src/agast.cpp.o
[ 59%] Building CXX object modules/imgcodecs/CMakeFiles/opencv_imgcodecs.dir/src/utils.cpp.o
[ 59%] Building CXX object modules/features2d/CMakeFiles/opencv_features2d.dir/src/agast_score.cpp.o
[ 59%] Building CXX object modules/imgcodecs/CMakeFiles/opencv_imgcodecs.dir/src/grfmt_avif.cpp.o
[ 59%] Building CXX object modules/imgcodecs/CMakeFiles/opencv_imgcodecs.dir/src/grfmt_base.cpp.o
[ 59%] Building CXX object modules/features2d/CMakeFiles/opencv_features2d.dir/src/akaze.cpp.o
[ 60%] Building CXX object modules/imgcodecs/CMakeFiles/opencv_imgcodecs.dir/src/grfmt_bmp.cpp.o
[ 60%] Building CXX object modules/features2d/CMakeFiles/opencv_features2d.dir/src/bagofwords.cpp.o
[ 60%] Building CXX object modules/imgcodecs/CMakeFiles/opencv_imgcodecs.dir/src/grfmt_exr.cpp.o
[ 61%] Building CXX object modules/features2d/CMakeFiles/opencv_features2d.dir/src/blobdetector.cpp.o
[ 61%] Building CXX object modules/imgcodecs/CMakeFiles/opencv_imgcodecs.dir/src/grfmt_gdal.cpp.o
[ 61%] Building CXX object modules/features2d/CMakeFiles/opencv_features2d.dir/src/brisk.cpp.o
[ 61%] Building CXX object modules/imgcodecs/CMakeFiles/opencv_imgcodecs.dir/src/grfmt_gdcm.cpp.o
[ 61%] Building CXX object modules/imgcodecs/CMakeFiles/opencv_imgcodecs.dir/src/grfmt_hdr.cpp.o
[ 61%] Building CXX object modules/features2d/CMakeFiles/opencv_features2d.dir/src/draw.cpp.o
[ 61%] Building CXX object modules/imgcodecs/CMakeFiles/opencv_imgcodecs.dir/src/grfmt_jpeg.cpp.o
[ 61%] Building CXX object modules/features2d/CMakeFiles/opencv_features2d.dir/src/dynamic.cpp.o
[ 61%] Building CXX object modules/imgcodecs/CMakeFiles/opencv_imgcodecs.dir/src/grfmt_jpeg2000.cpp.o
[ 61%] Building CXX object modules/features2d/CMakeFiles/opencv_features2d.dir/src/evaluation.cpp.o
[ 62%] Building CXX object modules/imgcodecs/CMakeFiles/opencv_imgcodecs.dir/src/grfmt_jpeg2000_openjpeg.cpp.o
[ 62%] Building CXX object modules/features2d/CMakeFiles/opencv_features2d.dir/src/fast.cpp.o
[ 62%] Building CXX object modules/imgcodecs/CMakeFiles/opencv_imgcodecs.dir/src/grfmt_pam.cpp.o
[ 62%] Building CXX object modules/imgcodecs/CMakeFiles/opencv_imgcodecs.dir/src/grfmt_pfm.cpp.o
[ 62%] Building CXX object modules/features2d/CMakeFiles/opencv_features2d.dir/src/fast_score.cpp.o
[ 63%] Building CXX object modules/features2d/CMakeFiles/opencv_features2d.dir/src/feature2d.cpp.o
[ 63%] Building CXX object modules/imgcodecs/CMakeFiles/opencv_imgcodecs.dir/src/grfmt_png.cpp.o
[ 63%] Building CXX object modules/features2d/CMakeFiles/opencv_features2d.dir/src/gftt.cpp.o
[ 63%] Building CXX object modules/imgcodecs/CMakeFiles/opencv_imgcodecs.dir/src/grfmt_pxm.cpp.o
[ 63%] Building CXX object modules/features2d/CMakeFiles/opencv_features2d.dir/src/kaze.cpp.o
[ 63%] Building CXX object modules/imgcodecs/CMakeFiles/opencv_imgcodecs.dir/src/grfmt_spng.cpp.o
[ 63%] Building CXX object modules/features2d/CMakeFiles/opencv_features2d.dir/src/kaze/AKAZEFeatures.cpp.o
[ 64%] Building CXX object modules/imgcodecs/CMakeFiles/opencv_imgcodecs.dir/src/grfmt_sunras.cpp.o
[ 64%] Building CXX object modules/imgcodecs/CMakeFiles/opencv_imgcodecs.dir/src/grfmt_tiff.cpp.o
[ 64%] Building CXX object modules/features2d/CMakeFiles/opencv_features2d.dir/src/kaze/KAZEFeatures.cpp.o
[ 64%] Building CXX object modules/features2d/CMakeFiles/opencv_features2d.dir/src/kaze/fed.cpp.o
[ 64%] Building CXX object modules/imgcodecs/CMakeFiles/opencv_imgcodecs.dir/src/grfmt_webp.cpp.o
[ 64%] Building CXX object modules/features2d/CMakeFiles/opencv_features2d.dir/src/kaze/nldiffusion_functions.cpp.o
[ 64%] Building CXX object modules/imgcodecs/CMakeFiles/opencv_imgcodecs.dir/src/bitstrm.cpp.o
[ 65%] Building CXX object modules/features2d/CMakeFiles/opencv_features2d.dir/src/keypoint.cpp.o
[ 65%] Building CXX object modules/imgcodecs/CMakeFiles/opencv_imgcodecs.dir/src/rgbe.cpp.o
[ 65%] Building CXX object modules/features2d/CMakeFiles/opencv_features2d.dir/src/main.cpp.o
[ 65%] Building CXX object modules/imgcodecs/CMakeFiles/opencv_imgcodecs.dir/src/exif.cpp.o
[ 65%] Building CXX object modules/features2d/CMakeFiles/opencv_features2d.dir/src/matchers.cpp.o
[ 65%] Linking CXX shared library ../../lib/libopencv_imgcodecs.so
[ 65%] Built target opencv_imgcodecs
[ 65%] Building CXX object modules/videoio/CMakeFiles/opencv_videoio.dir/src/videoio_registry.cpp.o
[ 65%] Building CXX object modules/features2d/CMakeFiles/opencv_features2d.dir/src/mser.cpp.o
[ 65%] Building CXX object modules/videoio/CMakeFiles/opencv_videoio.dir/src/videoio_c.cpp.o
[ 65%] Building CXX object modules/features2d/CMakeFiles/opencv_features2d.dir/src/orb.cpp.o
[ 65%] Building CXX object modules/videoio/CMakeFiles/opencv_videoio.dir/src/cap.cpp.o
[ 65%] Building CXX object modules/features2d/CMakeFiles/opencv_features2d.dir/src/sift.dispatch.cpp.o
[ 65%] Building CXX object modules/videoio/CMakeFiles/opencv_videoio.dir/src/cap_images.cpp.o
[ 67%] Building CXX object modules/videoio/CMakeFiles/opencv_videoio.dir/src/cap_mjpeg_encoder.cpp.o
[ 67%] Building CXX object modules/features2d/CMakeFiles/opencv_features2d.dir/opencl_kernels_features2d.cpp.o
[ 68%] Building CXX object modules/features2d/CMakeFiles/opencv_features2d.dir/sift.sse4_1.cpp.o
[ 68%] Building CXX object modules/videoio/CMakeFiles/opencv_videoio.dir/src/cap_mjpeg_decoder.cpp.o
[ 68%] Building CXX object modules/features2d/CMakeFiles/opencv_features2d.dir/src/fast.avx2.cpp.o
[ 68%] Building CXX object modules/videoio/CMakeFiles/opencv_videoio.dir/src/backend_plugin.cpp.o
[ 68%] Building CXX object modules/features2d/CMakeFiles/opencv_features2d.dir/sift.avx2.cpp.o
[ 68%] Building CXX object modules/videoio/CMakeFiles/opencv_videoio.dir/src/backend_static.cpp.o
[ 68%] Building CXX object modules/features2d/CMakeFiles/opencv_features2d.dir/sift.avx512_skx.cpp.o
[ 68%] Building CXX object modules/videoio/CMakeFiles/opencv_videoio.dir/src/container_avi.cpp.o
[ 68%] Building CXX object modules/videoio/CMakeFiles/opencv_videoio.dir/src/cap_gstreamer.cpp.o
[ 68%] Linking CXX shared library ../../lib/libopencv_features2d.so
[ 68%] Built target opencv_features2d
[ 68%] Building CXX object modules/videoio/CMakeFiles/opencv_videoio.dir/src/cap_v4l.cpp.o
[ 69%] Building CXX object modules/videoio/CMakeFiles/opencv_videoio.dir/src/cap_ffmpeg.cpp.o
[ 69%] Building CXX object modules/videoio/CMakeFiles/opencv_videoio.dir/src/cap_obsensor_capture.cpp.o
[ 69%] Building CXX object modules/videoio/CMakeFiles/opencv_videoio.dir/src/cap_obsensor/obsensor_uvc_stream_channel.cpp.o
[ 69%] Building CXX object modules/videoio/CMakeFiles/opencv_videoio.dir/src/cap_obsensor/obsensor_stream_channel_v4l2.cpp.o
[ 69%] Linking CXX shared library ../../lib/libopencv_videoio.so
[ 69%] Built target opencv_videoio
[ 69%] Building CXX object modules/highgui/CMakeFiles/opencv_highgui.dir/src/window.cpp.o
[ 69%] Building CXX object modules/highgui/CMakeFiles/opencv_highgui.dir/src/backend.cpp.o
[ 70%] Building CXX object modules/highgui/CMakeFiles/opencv_highgui.dir/src/roiSelector.cpp.o
[ 70%] Building CXX object modules/highgui/CMakeFiles/opencv_highgui.dir/src/window_gtk.cpp.o
[ 70%] Linking CXX shared library ../../lib/libopencv_highgui.so
[ 70%] Built target opencv_highgui
[ 70%] Building CXX object modules/ts/CMakeFiles/opencv_ts.dir/src/cuda_perf.cpp.o
[ 70%] Building CXX object apps/annotation/CMakeFiles/opencv_annotation.dir/opencv_annotation.cpp.o
[ 70%] Linking CXX executable ../../bin/opencv_annotation
[ 70%] Built target opencv_annotation
[ 70%] Building CXX object apps/visualisation/CMakeFiles/opencv_visualisation.dir/opencv_visualisation.cpp.o
[ 70%] Building CXX object modules/ts/CMakeFiles/opencv_ts.dir/src/cuda_test.cpp.o
[ 71%] Linking CXX executable ../../bin/opencv_visualisation
[ 71%] Built target opencv_visualisation
[ 71%] Building CXX object modules/ts/CMakeFiles/opencv_ts.dir/src/ocl_perf.cpp.o
[ 72%] Building CXX object modules/ts/CMakeFiles/opencv_ts.dir/src/ocl_test.cpp.o
[ 72%] Building CXX object modules/ts/CMakeFiles/opencv_ts.dir/src/ts.cpp.o
[ 72%] Building CXX object modules/ts/CMakeFiles/opencv_ts.dir/src/ts_arrtest.cpp.o
[ 72%] Building CXX object modules/ts/CMakeFiles/opencv_ts.dir/src/ts_func.cpp.o
[ 72%] Building CXX object modules/ts/CMakeFiles/opencv_ts.dir/src/ts_gtest.cpp.o
[ 72%] Building CXX object modules/ts/CMakeFiles/opencv_ts.dir/src/ts_perf.cpp.o
[ 72%] Building CXX object modules/ts/CMakeFiles/opencv_ts.dir/src/ts_tags.cpp.o
[ 73%] Linking CXX static library ../../lib/libopencv_ts.a
[ 73%] Built target opencv_ts
[ 74%] Building CXX object modules/core/CMakeFiles/opencv_test_core.dir/test/ocl/test_arithm.cpp.o
[ 74%] Building CXX object modules/imgproc/CMakeFiles/opencv_test_imgproc.dir/test/ocl/test_accumulate.cpp.o
[ 74%] Building CXX object modules/imgproc/CMakeFiles/opencv_test_imgproc.dir/test/ocl/test_blend.cpp.o
[ 74%] Building CXX object modules/core/CMakeFiles/opencv_test_core.dir/test/ocl/test_channels.cpp.o
[ 74%] Building CXX object modules/core/CMakeFiles/opencv_test_core.dir/test/ocl/test_dft.cpp.o
[ 74%] Building CXX object modules/imgproc/CMakeFiles/opencv_test_imgproc.dir/test/ocl/test_boxfilter.cpp.o
[ 74%] Building CXX object modules/core/CMakeFiles/opencv_test_core.dir/test/ocl/test_gemm.cpp.o
[ 75%] Building CXX object modules/imgproc/CMakeFiles/opencv_test_imgproc.dir/test/ocl/test_canny.cpp.o
[ 75%] Building CXX object modules/core/CMakeFiles/opencv_test_core.dir/test/ocl/test_image2d.cpp.o
[ 75%] Building CXX object modules/imgproc/CMakeFiles/opencv_test_imgproc.dir/test/ocl/test_color.cpp.o
[ 75%] Building CXX object modules/core/CMakeFiles/opencv_test_core.dir/test/ocl/test_matrix_expr.cpp.o
[ 75%] Building CXX object modules/imgproc/CMakeFiles/opencv_test_imgproc.dir/test/ocl/test_filter2d.cpp.o
[ 75%] Building CXX object modules/core/CMakeFiles/opencv_test_core.dir/test/ocl/test_matrix_operation.cpp.o
[ 75%] Building CXX object modules/imgproc/CMakeFiles/opencv_test_imgproc.dir/test/ocl/test_filters.cpp.o
[ 76%] Building CXX object modules/core/CMakeFiles/opencv_test_core.dir/test/ocl/test_opencl.cpp.o
[ 76%] Building CXX object modules/imgproc/CMakeFiles/opencv_test_imgproc.dir/test/ocl/test_gftt.cpp.o
[ 76%] Building CXX object modules/imgproc/CMakeFiles/opencv_test_imgproc.dir/test/ocl/test_histogram.cpp.o
[ 76%] Building CXX object modules/core/CMakeFiles/opencv_test_core.dir/test/test_arithm.cpp.o
[ 76%] Building CXX object modules/imgproc/CMakeFiles/opencv_test_imgproc.dir/test/ocl/test_houghlines.cpp.o
[ 78%] Building CXX object modules/imgproc/CMakeFiles/opencv_test_imgproc.dir/test/ocl/test_imgproc.cpp.o
[ 78%] Building CXX object modules/imgproc/CMakeFiles/opencv_test_imgproc.dir/test/ocl/test_match_template.cpp.o
[ 78%] Building CXX object modules/imgproc/CMakeFiles/opencv_test_imgproc.dir/test/ocl/test_medianfilter.cpp.o
[ 78%] Building CXX object modules/imgproc/CMakeFiles/opencv_test_imgproc.dir/test/ocl/test_pyramids.cpp.o
[ 78%] Building CXX object modules/imgproc/CMakeFiles/opencv_test_imgproc.dir/test/ocl/test_sepfilter2d.cpp.o
[ 78%] Building CXX object modules/imgproc/CMakeFiles/opencv_test_imgproc.dir/test/ocl/test_warp.cpp.o
[ 78%] Building CXX object modules/imgproc/CMakeFiles/opencv_test_imgproc.dir/test/test_approxpoly.cpp.o
[ 79%] Building CXX object modules/imgproc/CMakeFiles/opencv_test_imgproc.dir/test/test_bilateral_filter.cpp.o
[ 79%] Building CXX object modules/imgproc/CMakeFiles/opencv_test_imgproc.dir/test/test_boundingrect.cpp.o
[ 79%] Building CXX object modules/core/CMakeFiles/opencv_test_core.dir/test/test_async.cpp.o
[ 79%] Building CXX object modules/core/CMakeFiles/opencv_test_core.dir/test/test_concatenation.cpp.o
[ 79%] Building CXX object modules/imgproc/CMakeFiles/opencv_test_imgproc.dir/test/test_canny.cpp.o
[ 79%] Building CXX object modules/core/CMakeFiles/opencv_test_core.dir/test/test_conjugate_gradient.cpp.o
[ 79%] Building CXX object modules/imgproc/CMakeFiles/opencv_test_imgproc.dir/test/test_color.cpp.o
[ 79%] Building CXX object modules/core/CMakeFiles/opencv_test_core.dir/test/test_countnonzero.cpp.o
[ 79%] Building CXX object modules/core/CMakeFiles/opencv_test_core.dir/test/test_cuda.cpp.o
[ 80%] Building CXX object modules/core/CMakeFiles/opencv_test_core.dir/test/test_downhill_simplex.cpp.o
[ 80%] Building CXX object modules/imgproc/CMakeFiles/opencv_test_imgproc.dir/test/test_connectedcomponents.cpp.o
[ 80%] Building CXX object modules/core/CMakeFiles/opencv_test_core.dir/test/test_ds.cpp.o
[ 80%] Building CXX object modules/core/CMakeFiles/opencv_test_core.dir/test/test_dxt.cpp.o
[ 80%] Building CXX object modules/imgproc/CMakeFiles/opencv_test_imgproc.dir/test/test_contours.cpp.o
[ 80%] Building CXX object modules/core/CMakeFiles/opencv_test_core.dir/test/test_eigen.cpp.o
[ 81%] Building CXX object modules/imgproc/CMakeFiles/opencv_test_imgproc.dir/test/test_contours_new.cpp.o
[ 81%] Building CXX object modules/core/CMakeFiles/opencv_test_core.dir/test/test_hal_core.cpp.o
[ 81%] Building CXX object modules/core/CMakeFiles/opencv_test_core.dir/test/test_hasnonzero.cpp.o
[ 81%] Building CXX object modules/imgproc/CMakeFiles/opencv_test_imgproc.dir/test/test_convhull.cpp.o
[ 82%] Building CXX object modules/core/CMakeFiles/opencv_test_core.dir/test/test_intrin.cpp.o
[ 82%] Building CXX object modules/imgproc/CMakeFiles/opencv_test_imgproc.dir/test/test_cornersubpix.cpp.o
[ 82%] Building CXX object modules/imgproc/CMakeFiles/opencv_test_imgproc.dir/test/test_cvtyuv.cpp.o
[ 82%] Building CXX object modules/imgproc/CMakeFiles/opencv_test_imgproc.dir/test/test_distancetransform.cpp.o
[ 82%] Building CXX object modules/imgproc/CMakeFiles/opencv_test_imgproc.dir/test/test_drawing.cpp.o
[ 82%] Building CXX object modules/imgproc/CMakeFiles/opencv_test_imgproc.dir/test/test_emd.cpp.o
[ 83%] Building CXX object modules/imgproc/CMakeFiles/opencv_test_imgproc.dir/test/test_filter.cpp.o
[ 83%] Building CXX object modules/imgproc/CMakeFiles/opencv_test_imgproc.dir/test/test_fitellipse.cpp.o
[ 83%] Building CXX object modules/core/CMakeFiles/opencv_test_core.dir/test/test_intrin_emulator.cpp.o
[ 83%] Building CXX object modules/imgproc/CMakeFiles/opencv_test_imgproc.dir/test/test_fitellipse_ams.cpp.o
[ 83%] Building CXX object modules/imgproc/CMakeFiles/opencv_test_imgproc.dir/test/test_fitellipse_direct.cpp.o
[ 83%] Building CXX object modules/imgproc/CMakeFiles/opencv_test_imgproc.dir/test/test_floodfill.cpp.o
[ 83%] Building CXX object modules/imgproc/CMakeFiles/opencv_test_imgproc.dir/test/test_goodfeaturetotrack.cpp.o
[ 83%] Building CXX object modules/imgproc/CMakeFiles/opencv_test_imgproc.dir/test/test_grabcut.cpp.o
[ 84%] Building CXX object modules/imgproc/CMakeFiles/opencv_test_imgproc.dir/test/test_histograms.cpp.o
[ 84%] Building CXX object modules/imgproc/CMakeFiles/opencv_test_imgproc.dir/test/test_houghcircles.cpp.o
[ 84%] Building CXX object modules/imgproc/CMakeFiles/opencv_test_imgproc.dir/test/test_houghlines.cpp.o
[ 84%] Building CXX object modules/core/CMakeFiles/opencv_test_core.dir/test/test_io.cpp.o
[ 84%] Building CXX object modules/imgproc/CMakeFiles/opencv_test_imgproc.dir/test/test_imgproc_umat.cpp.o
[ 84%] Building CXX object modules/imgproc/CMakeFiles/opencv_test_imgproc.dir/test/test_imgwarp.cpp.o
[ 84%] Building CXX object modules/core/CMakeFiles/opencv_test_core.dir/test/test_logtagconfigparser.cpp.o
[ 84%] Building CXX object modules/imgproc/CMakeFiles/opencv_test_imgproc.dir/test/test_imgwarp_strict.cpp.o
[ 84%] Building CXX object modules/core/CMakeFiles/opencv_test_core.dir/test/test_logtagmanager.cpp.o
[ 84%] Building CXX object modules/imgproc/CMakeFiles/opencv_test_imgproc.dir/test/test_intelligent_scissors.cpp.o
[ 85%] Building CXX object modules/imgproc/CMakeFiles/opencv_test_imgproc.dir/test/test_intersectconvexconvex.cpp.o
[ 85%] Building CXX object modules/core/CMakeFiles/opencv_test_core.dir/test/test_lpsolver.cpp.o
[ 85%] Building CXX object modules/imgproc/CMakeFiles/opencv_test_imgproc.dir/test/test_intersection.cpp.o
[ 85%] Building CXX object modules/core/CMakeFiles/opencv_test_core.dir/test/test_main.cpp.o
[ 85%] Building CXX object modules/imgproc/CMakeFiles/opencv_test_imgproc.dir/test/test_lsd.cpp.o
[ 86%] Building CXX object modules/core/CMakeFiles/opencv_test_core.dir/test/test_mat.cpp.o
[ 86%] Building CXX object modules/imgproc/CMakeFiles/opencv_test_imgproc.dir/test/test_main.cpp.o
[ 86%] Building CXX object modules/imgproc/CMakeFiles/opencv_test_imgproc.dir/test/test_moments.cpp.o
[ 86%] Building CXX object modules/imgproc/CMakeFiles/opencv_test_imgproc.dir/test/test_pc.cpp.o
[ 86%] Building CXX object modules/imgproc/CMakeFiles/opencv_test_imgproc.dir/test/test_pyramid.cpp.o
[ 87%] Building CXX object modules/imgproc/CMakeFiles/opencv_test_imgproc.dir/test/test_resize_bitexact.cpp.o
[ 87%] Building CXX object modules/core/CMakeFiles/opencv_test_core.dir/test/test_math.cpp.o
[ 87%] Building CXX object modules/imgproc/CMakeFiles/opencv_test_imgproc.dir/test/test_smooth_bitexact.cpp.o
[ 87%] Building CXX object modules/imgproc/CMakeFiles/opencv_test_imgproc.dir/test/test_stackblur.cpp.o
[ 87%] Building CXX object modules/imgproc/CMakeFiles/opencv_test_imgproc.dir/test/test_subdivision2d.cpp.o
[ 87%] Building CXX object modules/imgproc/CMakeFiles/opencv_test_imgproc.dir/test/test_templmatch.cpp.o
[ 87%] Building CXX object modules/core/CMakeFiles/opencv_test_core.dir/test/test_misc.cpp.o
[ 87%] Building CXX object modules/imgproc/CMakeFiles/opencv_test_imgproc.dir/test/test_templmatchmask.cpp.o
[ 87%] Building CXX object modules/core/CMakeFiles/opencv_test_core.dir/test/test_opencl.cpp.o
[ 87%] Building CXX object modules/imgproc/CMakeFiles/opencv_test_imgproc.dir/test/test_thresh.cpp.o
[ 89%] Building CXX object modules/imgproc/CMakeFiles/opencv_test_imgproc.dir/test/test_watershed.cpp.o
[ 89%] Building CXX object modules/core/CMakeFiles/opencv_test_core.dir/test/test_operations.cpp.o
[ 89%] Linking CXX executable ../../bin/opencv_test_imgproc
[ 89%] Built target opencv_test_imgproc
[ 89%] Building CXX object modules/features2d/CMakeFiles/opencv_test_features2d.dir/test/ocl/test_brute_force_matcher.cpp.o
[ 89%] Building CXX object modules/features2d/CMakeFiles/opencv_test_features2d.dir/test/ocl/test_feature2d.cpp.o
[ 89%] Building CXX object modules/features2d/CMakeFiles/opencv_test_features2d.dir/test/test_affine_feature.cpp.o
[ 89%] Building CXX object modules/features2d/CMakeFiles/opencv_test_features2d.dir/test/test_agast.cpp.o
[ 90%] Building CXX object modules/features2d/CMakeFiles/opencv_test_features2d.dir/test/test_akaze.cpp.o
[ 90%] Building CXX object modules/features2d/CMakeFiles/opencv_test_features2d.dir/test/test_blobdetector.cpp.o
[ 90%] Building CXX object modules/core/CMakeFiles/opencv_test_core.dir/test/test_ptr.cpp.o
[ 90%] Building CXX object modules/features2d/CMakeFiles/opencv_test_features2d.dir/test/test_brisk.cpp.o
[ 90%] Building CXX object modules/features2d/CMakeFiles/opencv_test_features2d.dir/test/test_descriptors_invariance.cpp.o
[ 90%] Building CXX object modules/core/CMakeFiles/opencv_test_core.dir/test/test_quaternion.cpp.o
[ 90%] Building CXX object modules/features2d/CMakeFiles/opencv_test_features2d.dir/test/test_descriptors_regression.cpp.o
[ 90%] Building CXX object modules/features2d/CMakeFiles/opencv_test_features2d.dir/test/test_detectors_invariance.cpp.o
[ 91%] Building CXX object modules/core/CMakeFiles/opencv_test_core.dir/test/test_rand.cpp.o
[ 91%] Building CXX object modules/core/CMakeFiles/opencv_test_core.dir/test/test_rotatedrect.cpp.o
[ 91%] Building CXX object modules/features2d/CMakeFiles/opencv_test_features2d.dir/test/test_detectors_regression.cpp.o
[ 91%] Building CXX object modules/core/CMakeFiles/opencv_test_core.dir/test/test_umat.cpp.o
[ 92%] Building CXX object modules/features2d/CMakeFiles/opencv_test_features2d.dir/test/test_drawing.cpp.o
[ 92%] Building CXX object modules/features2d/CMakeFiles/opencv_test_features2d.dir/test/test_fast.cpp.o
[ 92%] Building CXX object modules/features2d/CMakeFiles/opencv_test_features2d.dir/test/test_keypoints.cpp.o
[ 92%] Building CXX object modules/features2d/CMakeFiles/opencv_test_features2d.dir/test/test_main.cpp.o
[ 92%] Building CXX object modules/features2d/CMakeFiles/opencv_test_features2d.dir/test/test_matchers_algorithmic.cpp.o
[ 92%] Building CXX object modules/features2d/CMakeFiles/opencv_test_features2d.dir/test/test_mser.cpp.o
[ 92%] Building CXX object modules/core/CMakeFiles/opencv_test_core.dir/test/test_utils.cpp.o
[ 93%] Building CXX object modules/features2d/CMakeFiles/opencv_test_features2d.dir/test/test_nearestneighbors.cpp.o
[ 93%] Building CXX object modules/features2d/CMakeFiles/opencv_test_features2d.dir/test/test_orb.cpp.o
[ 93%] Building CXX object modules/features2d/CMakeFiles/opencv_test_features2d.dir/test/test_sift.cpp.o
[ 93%] Building CXX object modules/features2d/CMakeFiles/opencv_test_features2d.dir/test/test_utils.cpp.o
[ 93%] Building CXX object modules/core/CMakeFiles/opencv_test_core.dir/test/test_intrin128.sse2.cpp.o
[ 93%] Linking CXX executable ../../bin/opencv_test_features2d
[ 93%] Built target opencv_test_features2d
[ 93%] Building CXX object modules/imgcodecs/CMakeFiles/opencv_test_imgcodecs.dir/test/test_avif.cpp.o
[ 93%] Building CXX object modules/imgcodecs/CMakeFiles/opencv_test_imgcodecs.dir/test/test_common.cpp.o
[ 93%] Building CXX object modules/imgcodecs/CMakeFiles/opencv_test_imgcodecs.dir/test/test_grfmt.cpp.o
[ 93%] Building CXX object modules/imgcodecs/CMakeFiles/opencv_test_imgcodecs.dir/test/test_jpeg.cpp.o
[ 93%] Building CXX object modules/imgcodecs/CMakeFiles/opencv_test_imgcodecs.dir/test/test_main.cpp.o
[ 93%] Building CXX object modules/imgcodecs/CMakeFiles/opencv_test_imgcodecs.dir/test/test_png.cpp.o
[ 94%] Building CXX object modules/imgcodecs/CMakeFiles/opencv_test_imgcodecs.dir/test/test_read_write.cpp.o
[ 94%] Building CXX object modules/imgcodecs/CMakeFiles/opencv_test_imgcodecs.dir/test/test_tiff.cpp.o
[ 94%] Building CXX object modules/core/CMakeFiles/opencv_test_core.dir/test/test_intrin128.sse3.cpp.o
[ 94%] Building CXX object modules/imgcodecs/CMakeFiles/opencv_test_imgcodecs.dir/test/test_webp.cpp.o
[ 94%] Linking CXX executable ../../bin/opencv_test_imgcodecs
[ 94%] Built target opencv_test_imgcodecs
[ 94%] Building CXX object modules/videoio/CMakeFiles/opencv_test_videoio.dir/test/test_audio.cpp.o
[ 94%] Building CXX object modules/videoio/CMakeFiles/opencv_test_videoio.dir/test/test_camera.cpp.o
[ 94%] Building CXX object modules/videoio/CMakeFiles/opencv_test_videoio.dir/test/test_container_avi.cpp.o
[ 94%] Building CXX object modules/videoio/CMakeFiles/opencv_test_videoio.dir/test/test_dynamic.cpp.o
[ 94%] Building CXX object modules/core/CMakeFiles/opencv_test_core.dir/test/test_intrin128.ssse3.cpp.o
[ 95%] Building CXX object modules/videoio/CMakeFiles/opencv_test_videoio.dir/test/test_ffmpeg.cpp.o
[ 95%] Building CXX object modules/videoio/CMakeFiles/opencv_test_videoio.dir/test/test_gstreamer.cpp.o
[ 95%] Building CXX object modules/videoio/CMakeFiles/opencv_test_videoio.dir/test/test_images.cpp.o
[ 95%] Building CXX object modules/videoio/CMakeFiles/opencv_test_videoio.dir/test/test_main.cpp.o
[ 96%] Building CXX object modules/core/CMakeFiles/opencv_test_core.dir/test/test_intrin128.sse4_1.cpp.o
[ 96%] Building CXX object modules/videoio/CMakeFiles/opencv_test_videoio.dir/test/test_mfx.cpp.o
[ 96%] Building CXX object modules/videoio/CMakeFiles/opencv_test_videoio.dir/test/test_microphone.cpp.o
[ 96%] Building CXX object modules/videoio/CMakeFiles/opencv_test_videoio.dir/test/test_orientation.cpp.o
[ 97%] Building CXX object modules/videoio/CMakeFiles/opencv_test_videoio.dir/test/test_plugins.cpp.o
[ 97%] Building CXX object modules/videoio/CMakeFiles/opencv_test_videoio.dir/test/test_v4l2.cpp.o
[ 97%] Building CXX object modules/videoio/CMakeFiles/opencv_test_videoio.dir/test/test_video_io.cpp.o
[ 97%] Building CXX object modules/core/CMakeFiles/opencv_test_core.dir/test/test_intrin128.sse4_2.cpp.o
[ 97%] Linking CXX executable ../../bin/opencv_test_videoio
[ 97%] Built target opencv_test_videoio
[ 97%] Building CXX object modules/highgui/CMakeFiles/opencv_test_highgui.dir/test/test_gui.cpp.o
[ 97%] Building CXX object modules/highgui/CMakeFiles/opencv_test_highgui.dir/test/test_main.cpp.o
[ 98%] Linking CXX executable ../../bin/opencv_test_highgui
[ 98%] Built target opencv_test_highgui
[ 98%] Building CXX object modules/core/CMakeFiles/opencv_test_core.dir/test/test_intrin128.fp16.cpp.o
[ 98%] Building CXX object modules/core/CMakeFiles/opencv_test_core.dir/test/test_intrin128.avx.cpp.o
[ 98%] Building CXX object modules/core/CMakeFiles/opencv_test_core.dir/test/test_intrin128.avx2.cpp.o
[ 98%] Building CXX object modules/core/CMakeFiles/opencv_test_core.dir/test/test_intrin256.avx2.cpp.o
[ 98%] Building CXX object modules/core/CMakeFiles/opencv_test_core.dir/test/test_intrin128.avx512_skx.cpp.o
[100%] Building CXX object modules/core/CMakeFiles/opencv_test_core.dir/test/test_intrin256.avx512_skx.cpp.o
[100%] Building CXX object modules/core/CMakeFiles/opencv_test_core.dir/test/test_intrin512.avx512_skx.cpp.o
[100%] Linking CXX executable ../../bin/opencv_test_core
[100%] Built target opencv_test_core
Initialized working directory: /ssd_home/yangheechan/FL-Dataset-Generating-Tool/work/opencv_features2d_exp1
/ssd_home/yangheechan/FL-Dataset-Generating-Tool/work/opencv_features2d_exp1/opencv_features2d_exp1/modules/features2d/src/brisk.cpp need to generate mutants
/ssd_home/yangheechan/FL-Dataset-Generating-Tool/work/opencv_features2d_exp1/opencv_features2d_exp1/modules/features2d/src/fast.avx2.cpp need to generate mutants
/ssd_home/yangheechan/FL-Dataset-Generating-Tool/work/opencv_features2d_exp1/opencv_features2d_exp1/modules/features2d/src/fast.cpp need to generate mutants
/ssd_home/yangheechan/FL-Dataset-Generating-Tool/work/opencv_features2d_exp1/opencv_features2d_exp1/modules/features2d/src/fast_score.cpp need to generate mutants
/ssd_home/yangheechan/FL-Dataset-Generating-Tool/work/opencv_features2d_exp1/opencv_features2d_exp1/modules/features2d/src/kaze/fed.cpp need to generate mutants
/ssd_home/yangheechan/FL-Dataset-Generating-Tool/work/opencv_features2d_exp1/opencv_features2d_exp1/modules/features2d/src/mser.cpp need to generate mutants
>> Configuring opencv_features2d_exp1 without coverage
>> Building opencv_features2d_exp1
done with option o: /ssd_home/yangheechan/FL-Dataset-Generating-Tool/out/opencv_features2d_exp1/generated_mutants/opencv_features2d_exp1#modules#features2d#src#fast_score.cpp/
done with option l: 20
added ARGARINEG
done with option o: /ssd_home/yangheechan/FL-Dataset-Generating-Tool/out/opencv_features2d_exp1/generated_mutants/opencv_features2d_exp1#modules#features2d#src#fast.avx2.cpp/
done with option l: 20
added ARGARINEG
done with option o: /ssd_home/yangheechan/FL-Dataset-Generating-Tool/out/opencv_features2d_exp1/generated_mutants/opencv_features2d_exp1#modules#features2d#src#brisk.cpp/
done with option l: 20
added ARGARINEG
done with option o: /ssd_home/yangheechan/FL-Dataset-Generating-Tool/out/opencv_features2d_exp1/generated_mutants/opencv_features2d_exp1#modules#features2d#src#kaze#fed.cpp/
done with option l: 20
added ARGARINEG
done with option o: /ssd_home/yangheechan/FL-Dataset-Generating-Tool/out/opencv_features2d_exp1/generated_mutants/opencv_features2d_exp1#modules#features2d#src#fast.cpp/
done with option l: 20
added ARGARINEG
added ARGBITNEG
added ARGBITNEG
added ARGBITNEG
added ARGBITNEG
added ARGBITNEG
added ARGDEL
added ARGDEL
added ARGDEL
added ARGDEL
added ARGDEL
added ARGINCDEC
added ARGINCDEC
added ARGINCDEC
added ARGINCDEC
added ARGINCDEC
added ARGLOGNEG
added ARGLOGNEG
added ARGLOGNEG
added ARGLOGNEG
added ARGLOGNEG
added ARGREPREQ
added ARGREPREQ
added ARGREPREQ
added ARGREPREQ
added ARGREPREQ
added ARGSTCALI
added ARGSTCALI
added ARGSTCALI
added ARGSTCALI
added ARGSTCALI
added ARGSTCDIF
added ARGSTCDIF
added ARGSTCDIF
added ARGSTCDIF
added ARGSTCDIF
added CGCR
added CGCR
added CGCR
added CGCR
added CGCR
added CGSR
added CGSR
added CGSR
added CGSR
added CGSR
added CLCR
added CLCR
added CLCR
added CLCR
added CLCR
added CLSR
added CLSR
added CLSR
added CLSR
added CLSR
added CRCR
added CRCR
added CRCR
added CRCR
added CRCR
added DIRVARARINEG
added DIRVARARINEG
added DIRVARARINEG
added DIRVARARINEG
added DIRVARARINEG
added DIRVARBITNEG
added DIRVARBITNEG
added DIRVARBITNEG
added DIRVARBITNEG
added DIRVARBITNEG
added DIRVARINCDEC
added DIRVARINCDEC
added DIRVARINCDEC
added DIRVARINCDEC
added DIRVARINCDEC
added DIRVARLOGNEG
added DIRVARLOGNEG
added DIRVARLOGNEG
added DIRVARLOGNEG
added DIRVARLOGNEG
added DIRVARREPCON
added DIRVARREPCON
added DIRVARREPCON
added DIRVARREPCON
added DIRVARREPCON
added DIRVARREPEXT
added DIRVARREPEXT
added DIRVARREPEXT
added DIRVARREPEXT
added DIRVARREPEXT
added DIRVARREPGLO
added DIRVARREPGLO
added DIRVARREPGLO
added DIRVARREPGLO
added DIRVARREPGLO
added DIRVARREPLOC
added DIRVARREPLOC
added DIRVARREPLOC
added DIRVARREPLOC
added DIRVARREPLOC
added DIRVARREPPAR
added DIRVARREPPAR
added DIRVARREPPAR
added DIRVARREPPAR
added DIRVARREPPAR
added DIRVARREPREQ
added DIRVARREPREQ
added DIRVARREPREQ
added DIRVARREPREQ
added DIRVARREPREQ
added FUNCALDEL
added FUNCALDEL
added FUNCALDEL
added FUNCALDEL
added FUNCALDEL
added INDVARARINEG
added INDVARARINEG
added INDVARARINEG
added INDVARARINEG
added INDVARARINEG
added INDVARBITNEG
added INDVARBITNEG
added INDVARBITNEG
added INDVARBITNEG
added INDVARBITNEG
added INDVARINCDEC
added INDVARINCDEC
added INDVARINCDEC
added INDVARINCDEC
added INDVARINCDEC
added INDVARLOGNEG
added INDVARLOGNEG
added INDVARLOGNEG
added INDVARLOGNEG
added INDVARLOGNEG
added INDVARREPCON
added INDVARREPCON
added INDVARREPCON
added INDVARREPCON
added INDVARREPCON
added INDVARREPEXT
added INDVARREPEXT
added INDVARREPEXT
added INDVARREPEXT
added INDVARREPEXT
added INDVARREPGLO
added INDVARREPGLO
added INDVARREPGLO
added INDVARREPGLO
added INDVARREPGLO
added INDVARREPLOC
added INDVARREPLOC
added INDVARREPLOC
added INDVARREPLOC
added INDVARREPLOC
added INDVARREPPAR
added INDVARREPPAR
added INDVARREPPAR
added INDVARREPPAR
added INDVARREPPAR
added INDVARREPREQ
added INDVARREPREQ
added INDVARREPREQ
added INDVARREPREQ
added INDVARREPREQ
added OAAA
added OAAA
added OAAA
added OAAN
added OAAA
added OAAA
added OAAN
added OAAN
added OABA
added OAAN
added OAAN
added OABA
added OABA
added OABN
added OABA
added OABA
added OABN
added OABN
added OAEA
added OABN
added OABN
added OAEA
added OAEA
added OALN
added OAEA
added OAEA
added OALN
added OALN
added OARN
added OALN
added OALN
added OARN
added OARN
added OASA
added OARN
added OARN
added OASA
added OASA
added OASN
added OASA
added OASA
added OASN
added OASN
added OBAA
added OASN
added OASN
added OBAA
added OBAA
added OBAN
added OBAA
added OBAA
added OBAN
added OBAN
added OBBA
added OBAN
added OBAN
added OBBA
added OBBA
added OBBN
added OBBA
added OBBA
added OBBN
added OBBN
added OBEA
added OBBN
added OBBN
added OBEA
added OBEA
added OBLN
added OBEA
added OBEA
added OBLN
added OBLN
added OBNG
added OBLN
added OBLN
added OBNG
added OBNG
added OBRN
added OBNG
added OBNG
added OBRN
added OBRN
added OBSA
added OBRN
added OBRN
added OBSA
added OBSA
added OBSN
added OBSA
added OBSA
added OBSN
added OBSN
added OBSN
added OCOR
added OBSN
added OCOR
added OCOR
added OEAA
added OCOR
added OEAA
added OCOR
added OEAA
added OEBA
added OEAA
added OEBA
added OEAA
added OEBA
added OESA
added OEBA
added OESA
added OEBA
added OESA
added OIPM
added OESA
added OIPM
added OESA
added OIPM
added OLAN
added OIPM
added OLAN
added OIPM
added OLAN
added OLBN
added OLAN
added OLBN
added OLAN
added OLBN
added OLLN
added OLBN
added OLLN
added OLBN
added OLLN
added OLNG
added OLLN
added OLNG
added OLLN
added OLNG
added OLRN
added OLNG
added OLRN
added OLNG
added OLRN
added OLSN
added OLRN
added OLSN
added OLRN
added OLSN
added OMMO
added OLSN
added OMMO
added OLSN
added OMMO
added OPPO
added OMMO
added OPPO
added OMMO
added OPPO
added ORAN
added OPPO
added ORAN
added OPPO
added ORAN
added ORBN
added ORAN
added ORBN
added ORAN
added ORBN
added ORBN
added ORLN
added ORBN
added ORLN
added ORLN
added ORLN
added ORRN
added ORLN
added ORRN
added ORRN
added ORRN
added ORSN
added ORRN
added ORSN
added ORSN
added OSAA
added ORSN
added OSAA
added ORSN
added OSAA
added OSAN
added OSAA
added OSAN
added OSAA
added OSAN
added OSBA
added OSAN
added OSBA
added OSAN
added OSBA
added OSBN
added OSBA
added OSBN
added OSBA
added OSBN
added OSEA
added OSBN
added OSEA
added OSBN
added OSEA
added OSLN
added OSEA
added OSLN
added OSEA
added OSLN
added OSRN
added OSLN
added OSRN
added OSLN
added OSRN
added OSSA
added OSRN
added OSSA
added OSSA
added OSSN
added OSRN
added OSSN
added SSOM
added OSSA
added OSSA
added OSSN
added SSOM
added VASM
added OSSN
added OSSN
added SSOM
added VASM
added VDTR
added SSOM
added SSOM
added VASM
added VDTR
added VGAR
added VASM
added VASM
added VDTR
added VGAR
added VGPR
added VDTR
added VDTR
added VGAR
added VGPR
added VGSR
added VGAR
added VGAR
added VGPR
added VGSR
added VGTR
added VGPR
added VGPR
added VGSR
added VGTR
added VLAR
added VGSR
added VGSR
added VGTR
added VLAR
added VLPR
added VGTR
added VGTR
added VLAR
added VLPR
added VLSR
added VLAR
added VLAR
added VLPR
added VLSR
added VLTR
added VLPR
added VLPR
added VLSR
added VLTR
added VSCR
added VLSR
added VLSR
added VLTR
added VSCR
added VTWD
added VLTR
added VLTR
added VSCR
added VTWD
done with option m
disabling DirVarAriNeg,DirVarBitNeg,DirVarLogNeg,DirVarIncDec,DirVarRepReq,DirVarRepCon,DirVarRepPar,DirVarRepGlo,DirVarRepExt,DirVarRepLoc,IndVarAriNeg,IndVarBitNeg,IndVarLogNeg,IndVarIncDec,IndVarRepReq,IndVarRepCon,IndVarRepPar,IndVarRepGlo,IndVarRepExt,IndVarRepLoc,SSDL,CovAllNod,CovAllEdg,STRP,STRI,VDTR,RetStaDel,FunCalDel,SMVB,SMTC
added VSCR
added VSCR
added VTWD
done with option m
disabling DirVarAriNeg,DirVarBitNeg,DirVarLogNeg,DirVarIncDec,DirVarRepReq,DirVarRepCon,DirVarRepPar,DirVarRepGlo,DirVarRepExt,DirVarRepLoc,IndVarAriNeg,IndVarBitNeg,IndVarLogNeg,IndVarIncDec,IndVarRepReq,IndVarRepCon,IndVarRepPar,IndVarRepGlo,IndVarRepExt,IndVarRepLoc,SSDL,CovAllNod,CovAllEdg,STRP,STRI,VDTR,RetStaDel,FunCalDel,SMVB,SMTC
added VTWD
added VTWD
done with option m
disabling DirVarAriNeg,DirVarBitNeg,DirVarLogNeg,DirVarIncDec,DirVarRepReq,DirVarRepCon,DirVarRepPar,DirVarRepGlo,DirVarRepExt,DirVarRepLoc,IndVarAriNeg,IndVarBitNeg,IndVarLogNeg,IndVarIncDec,IndVarRepReq,IndVarRepCon,IndVarRepPar,IndVarRepGlo,IndVarRepExt,IndVarRepLoc,SSDL,CovAllNod,CovAllEdg,STRP,STRI,VDTR,RetStaDel,FunCalDel,SMVB,SMTC
done with option m
disabling DirVarAriNeg,DirVarBitNeg,DirVarLogNeg,DirVarIncDec,DirVarRepReq,DirVarRepCon,DirVarRepPar,DirVarRepGlo,DirVarRepExt,DirVarRepLoc,IndVarAriNeg,IndVarBitNeg,IndVarLogNeg,IndVarIncDec,IndVarRepReq,IndVarRepCon,IndVarRepPar,IndVarRepGlo,IndVarRepExt,IndVarRepLoc,SSDL,CovAllNod,CovAllEdg,STRP,STRI,VDTR,RetStaDel,FunCalDel,SMVB,SMTC
done with option m
disabling DirVarAriNeg,DirVarBitNeg,DirVarLogNeg,DirVarIncDec,DirVarRepReq,DirVarRepCon,DirVarRepPar,DirVarRepGlo,DirVarRepExt,DirVarRepLoc,IndVarAriNeg,IndVarBitNeg,IndVarLogNeg,IndVarIncDec,IndVarRepReq,IndVarRepCon,IndVarRepPar,IndVarRepGlo,IndVarRepExt,IndVarRepLoc,SSDL,CovAllNod,CovAllEdg,STRP,STRI,VDTR,RetStaDel,FunCalDel,SMVB,SMTC
g_inputfile_name = fast_score.cpp
g_inputfile_name = fast.cpp
g_inputfile_name = brisk.cpp
g_inputfile_name = fed.cpp
g_inputfile_name = fast.avx2.cpp
g_mutdbfile_name = /ssd_home/yangheechan/FL-Dataset-Generating-Tool/out/opencv_features2d_exp1/generated_mutants/opencv_features2d_exp1#modules#features2d#src#fast_score.cpp/fast_score_mut_db.csv
g_mutdbfile_name = /ssd_home/yangheechan/FL-Dataset-Generating-Tool/out/opencv_features2d_exp1/generated_mutants/opencv_features2d_exp1#modules#features2d#src#fast.cpp/fast_mut_db.csv
g_mutdbfile_name = /ssd_home/yangheechan/FL-Dataset-Generating-Tool/out/opencv_features2d_exp1/generated_mutants/opencv_features2d_exp1#modules#features2d#src#brisk.cpp/brisk_mut_db.csv
g_mutdbfile_name = /ssd_home/yangheechan/FL-Dataset-Generating-Tool/out/opencv_features2d_exp1/generated_mutants/opencv_features2d_exp1#modules#features2d#src#kaze#fed.cpp/fed_mut_db.csv
g_mutdbfile_name = /ssd_home/yangheechan/FL-Dataset-Generating-Tool/out/opencv_features2d_exp1/generated_mutants/opencv_features2d_exp1#modules#features2d#src#fast.avx2.cpp/fast.avx2_mut_db.csv
executing action from GatherDataAction
Done GatherDataAction
0
fed.cpp
(1 : 1)
(193 : 1)
executing action from GatherDataAction
Done GatherDataAction
0
brisk.cpp
(1 : 1)
(2434 : 1)
executing action from GatherDataAction
Done GatherDataAction
0
fast_score.cpp
(1 : 1)
(367 : 1)
executing action from GatherDataAction
Done GatherDataAction
0
fast.cpp
(1 : 1)
(635 : 1)
executing action from GatherDataAction
Done GatherDataAction
0
fast.avx2.cpp
(1 : 1)
(185 : 1)
executing action from GenerateMutantAction
done execute action
opened file name /ssd_home/yangheechan/FL-Dataset-Generating-Tool/out/opencv_features2d_exp1/generated_mutants/opencv_features2d_exp1#modules#features2d#src#kaze#fed.cpp/fed_mut_db.csv
ArgAriNeg 0
ArgBitNeg 1
ArgDel 0
ArgIncDec 1
ArgLogNeg 0
ArgRepReq 3
ArgStcAli 0
ArgStcDif 0
CGCR 0
CGSR 0
CLCR 10
CLSR 4
CRCR 4
CovAllEdg 0
CovAllNod 0
DirVarAriNeg 0
DirVarBitNeg 0
DirVarIncDec 0
DirVarLogNeg 0
DirVarRepCon 0
DirVarRepExt 0
DirVarRepGlo 0
DirVarRepLoc 0
DirVarRepPar 0
DirVarRepReq 0
FunCalDel 0
IndVarAriNeg 0
IndVarBitNeg 0
IndVarIncDec 0
IndVarLogNeg 0
IndVarRepCon 0
IndVarRepExt 0
IndVarRepGlo 0
IndVarRepLoc 0
IndVarRepPar 0
IndVarRepReq 0
OAAA 1
OAAN 1
OABA 0
OABN 0
OAEA 0
OALN 0
OARN 1
OASA 0
OASN 0
OBAA 0
OBAN 0
OBBA 0
OBBN 0
OBEA 0
OBLN 0
OBNG 0
OBRN 0
OBSA 0
OBSN 0
OCNG 1
OCOR 1
OEAA 2
OEBA 0
OESA 2
OIPM 0
OLAN 0
OLBN 0
OLLN 0
OLNG 0
OLRN 0
OLSN 0
OMMO 0
OPPO 0
ORAN 2
ORBN 0
ORLN 0
ORRN 3
ORSN 1
OSAA 0
OSAN 0
OSBA 0
OSBN 0
OSEA 0
OSLN 0
OSRN 0
OSSA 0
OSSN 0
RetStaDel 0
SBRC 0
SBRN 0
SCRB 0
SCRN 0
SDWD 0
SGLR 0
SMTC 0
SMTT 0
SMVB 0
SRSR 4
SSDL 0
SSOM 0
SSWM 0
STRI 0
STRP 0
SWDD 0
VASM 0
VDTR 0
VGAR 0
VGPR 0
VGSR 0
VGTR 0
VLAR 0
VLPR 0
VLSR 2
VLTR 0
VSCR 0
VTWD 1
Done tooling on /ssd_home/yangheechan/FL-Dataset-Generating-Tool/work/opencv_features2d_exp1/opencv_features2d_exp1/modules/features2d/src/kaze/fed.cpp
done with option o: /ssd_home/yangheechan/FL-Dataset-Generating-Tool/out/opencv_features2d_exp1/generated_mutants/opencv_features2d_exp1#modules#features2d#src#mser.cpp/
done with option l: 20
added ARGARINEG
added ARGBITNEG
added ARGDEL
added ARGINCDEC
added ARGLOGNEG
added ARGREPREQ
added ARGSTCALI
added ARGSTCDIF
added CGCR
added CGSR
added CLCR
added CLSR
added CRCR
added DIRVARARINEG
added DIRVARBITNEG
added DIRVARINCDEC
added DIRVARLOGNEG
added DIRVARREPCON
added DIRVARREPEXT
added DIRVARREPGLO
added DIRVARREPLOC
added DIRVARREPPAR
added DIRVARREPREQ
added FUNCALDEL
added INDVARARINEG
added INDVARBITNEG
added INDVARINCDEC
added INDVARLOGNEG
added INDVARREPCON
added INDVARREPEXT
added INDVARREPGLO
added INDVARREPLOC
added INDVARREPPAR
added INDVARREPREQ
added OAAA
added OAAN
added OABA
added OABN
added OAEA
added OALN
added OARN
added OASA
added OASN
added OBAA
added OBAN
added OBBA
added OBBN
added OBEA
added OBLN
added OBNG
added OBRN
added OBSA
added OBSN
added OCOR
added OEAA
added OEBA
added OESA
added OIPM
added OLAN
added OLBN
added OLLN
added OLNG
added OLRN
added OLSN
added OMMO
added OPPO
added ORAN
added ORBN
added ORLN
added ORRN
added ORSN
added OSAA
added OSAN
added OSBA
added OSBN
added OSEA
added OSLN
added OSRN
added OSSA
added OSSN
added SSOM
added VASM
added VDTR
added VGAR
added VGPR
added VGSR
added VGTR
added VLAR
added VLPR
added VLSR
added VLTR
added VSCR
added VTWD
done with option m
disabling DirVarAriNeg,DirVarBitNeg,DirVarLogNeg,DirVarIncDec,DirVarRepReq,DirVarRepCon,DirVarRepPar,DirVarRepGlo,DirVarRepExt,DirVarRepLoc,IndVarAriNeg,IndVarBitNeg,IndVarLogNeg,IndVarIncDec,IndVarRepReq,IndVarRepCon,IndVarRepPar,IndVarRepGlo,IndVarRepExt,IndVarRepLoc,SSDL,CovAllNod,CovAllEdg,STRP,STRI,VDTR,RetStaDel,FunCalDel,SMVB,SMTC
g_inputfile_name = mser.cpp
g_mutdbfile_name = /ssd_home/yangheechan/FL-Dataset-Generating-Tool/out/opencv_features2d_exp1/generated_mutants/opencv_features2d_exp1#modules#features2d#src#mser.cpp/mser_mut_db.csv
executing action from GenerateMutantAction
done execute action
opened file name /ssd_home/yangheechan/FL-Dataset-Generating-Tool/out/opencv_features2d_exp1/generated_mutants/opencv_features2d_exp1#modules#features2d#src#fast_score.cpp/fast_score_mut_db.csv
ArgAriNeg 1
ArgBitNeg 2
ArgDel 8
ArgIncDec 2
ArgLogNeg 1
ArgRepReq 6
ArgStcAli 3
ArgStcDif 0
CGCR 0
CGSR 0
CLCR 18
CLSR 24
CRCR 18
CovAllEdg 0
CovAllNod 0
DirVarAriNeg 0
DirVarBitNeg 0
DirVarIncDec 0
DirVarLogNeg 0
DirVarRepCon 0
DirVarRepExt 0
DirVarRepGlo 0
DirVarRepLoc 0
DirVarRepPar 0
DirVarRepReq 0
FunCalDel 0
IndVarAriNeg 0
IndVarBitNeg 0
IndVarIncDec 0
IndVarLogNeg 0
IndVarRepCon 0
IndVarRepExt 0
IndVarRepGlo 0
IndVarRepLoc 0
IndVarRepPar 0
IndVarRepReq 0
OAAA 0
OAAN 0
OABA 1
OABN 3
OAEA 0
OALN 2
OARN 0
OASA 0
OASN 3
OBAA 0
OBAN 0
OBBA 0
OBBN 0
OBEA 0
OBLN 0
OBNG 0
OBRN 0
OBSA 0
OBSN 0
OCNG 2
OCOR 1
OEAA 1
OEBA 4
OESA 1
OIPM 0
OLAN 0
OLBN 0
OLLN 0
OLNG 0
OLRN 0
OLSN 0
OMMO 0
OPPO 0
ORAN 1
ORBN 2
ORLN 2
ORRN 1
ORSN 0
OSAA 0
OSAN 0
OSBA 0
OSBN 0
OSEA 0
OSLN 0
OSRN 0
OSSA 0
OSSN 0
RetStaDel 0
SBRC 0
SBRN 0
SCRB 6
SCRN 0
SDWD 0
SGLR 0
SMTC 0
SMTT 8
SMVB 0
SRSR 5
SSDL 0
SSOM 0
SSWM 0
STRI 0
STRP 0
SWDD 0
VASM 0
VDTR 0
VGAR 0
VGPR 0
VGSR 0
VGTR 0
VLAR 0
VLPR 0
VLSR 17
VLTR 35
VSCR 0
VTWD 9
executing action from GenerateMutantAction
done execute action
opened file name /ssd_home/yangheechan/FL-Dataset-Generating-Tool/out/opencv_features2d_exp1/generated_mutants/opencv_features2d_exp1#modules#features2d#src#fast.cpp/fast_mut_db.csv
Done tooling on /ssd_home/yangheechan/FL-Dataset-Generating-Tool/work/opencv_features2d_exp1/opencv_features2d_exp1/modules/features2d/src/fast_score.cpp
ArgAriNeg 2
ArgBitNeg 0
ArgDel 9
ArgIncDec 1
ArgLogNeg 4
ArgRepReq 18
ArgStcAli 2
ArgStcDif 1
CGCR 0
CGSR 0
CLCR 21
CLSR 17
CRCR 18
CovAllEdg 0
CovAllNod 0
DirVarAriNeg 0
DirVarBitNeg 0
DirVarIncDec 0
DirVarLogNeg 0
DirVarRepCon 0
DirVarRepExt 0
DirVarRepGlo 0
DirVarRepLoc 0
DirVarRepPar 0
DirVarRepReq 0
FunCalDel 0
IndVarAriNeg 0
IndVarBitNeg 0
IndVarIncDec 0
IndVarLogNeg 0
IndVarRepCon 0
IndVarRepExt 0
IndVarRepGlo 0
IndVarRepLoc 0
IndVarRepPar 0
IndVarRepReq 0
OAAA 0
OAAN 2
OABA 1
OABN 0
OAEA 0
OALN 0
OARN 1
OASA 0
OASN 2
OBAA 0
OBAN 3
OBBA 0
OBBN 0
OBEA 0
OBLN 0
OBNG 0
OBRN 1
OBSA 0
OBSN 0
OCNG 5
OCOR 3
OEAA 1
OEBA 3
OESA 0
OIPM 0
OLAN 1
OLBN 0
OLLN 0
OLNG 1
OLRN 0
OLSN 0
OMMO 0
OPPO 0
ORAN 3
ORBN 3
ORLN 2
ORRN 6
ORSN 0
OSAA 0
OSAN 0
OSBA 0
OSBN 0
OSEA 0
OSLN 0
OSRN 0
OSSA 0
OSSN 0
RetStaDel 0
SBRC 2
SBRN 0
SCRB 5
SCRN 0
SDWD 0
SGLR 0
SMTC 0
SMTT 13
SMVB 0
SRSR 5
SSDL 0
SSOM 0
SSWM 0
STRI 0
STRP 0
SWDD 0
VASM 0
VDTR 0
VGAR 0
VGPR 0
VGSR 0
VGTR 0
VLAR 0
VLPR 0
VLSR 13
VLTR 21
VSCR 5
VTWD 15
Done tooling on /ssd_home/yangheechan/FL-Dataset-Generating-Tool/work/opencv_features2d_exp1/opencv_features2d_exp1/modules/features2d/src/fast.cpp
executing action from GenerateMutantAction
done execute action
opened file name /ssd_home/yangheechan/FL-Dataset-Generating-Tool/out/opencv_features2d_exp1/generated_mutants/opencv_features2d_exp1#modules#features2d#src#fast.avx2.cpp/fast.avx2_mut_db.csv
ArgAriNeg 1
ArgBitNeg 0
ArgDel 5
ArgIncDec 0
ArgLogNeg 4
ArgRepReq 19
ArgStcAli 1
ArgStcDif 3
CGCR 0
CGSR 0
CLCR 6
CLSR 8
CRCR 3
CovAllEdg 0
CovAllNod 0
DirVarAriNeg 0
DirVarBitNeg 0
DirVarIncDec 0
DirVarLogNeg 0
DirVarRepCon 0
DirVarRepExt 0
DirVarRepGlo 0
DirVarRepLoc 0
DirVarRepPar 0
DirVarRepReq 0
FunCalDel 0
IndVarAriNeg 0
IndVarBitNeg 0
IndVarIncDec 0
IndVarLogNeg 0
IndVarRepCon 0
IndVarRepExt 0
IndVarRepGlo 0
IndVarRepLoc 0
IndVarRepPar 0
IndVarRepReq 0
OAAA 0
OAAN 1
OABA 0
OABN 0
OAEA 0
OALN 0
OARN 0
OASA 1
OASN 0
OBAA 0
OBAN 0
OBBA 0
OBBN 0
OBEA 0
OBLN 0
OBNG 0
OBRN 0
OBSA 0
OBSN 0
OCNG 0
OCOR 0
OEAA 0
OEBA 1
OESA 0
OIPM 0
OLAN 1
OLBN 0
OLLN 0
OLNG 0
OLRN 0
OLSN 0
OMMO 0
OPPO 0
ORAN 0
ORBN 0
ORLN 1
ORRN 0
ORSN 0
OSAA 0
OSAN 0
OSBA 0
OSBN 0
OSEA 0
OSLN 0
OSRN 0
OSSA 0
OSSN 0
RetStaDel 0
SBRC 0
SBRN 0
SCRB 2
SCRN 0
SDWD 0
SGLR 0
SMTC 0
SMTT 3
SMVB 0
SRSR 0
SSDL 0
SSOM 0
SSWM 0
STRI 0
STRP 0
SWDD 0
VASM 0
VDTR 0
VGAR 0
VGPR 0
VGSR 0
VGTR 0
VLAR 0
VLPR 0
VLSR 3
VLTR 16
VSCR 0
VTWD 2
Done tooling on /ssd_home/yangheechan/FL-Dataset-Generating-Tool/work/opencv_features2d_exp1/opencv_features2d_exp1/modules/features2d/src/fast.avx2.cpp
executing action from GatherDataAction
Done GatherDataAction
0
mser.cpp
(1 : 1)
(1076 : 1)
executing action from GenerateMutantAction
done execute action
opened file name /ssd_home/yangheechan/FL-Dataset-Generating-Tool/out/opencv_features2d_exp1/generated_mutants/opencv_features2d_exp1#modules#features2d#src#brisk.cpp/brisk_mut_db.csv
executing action from GenerateMutantAction
done execute action
opened file name /ssd_home/yangheechan/FL-Dataset-Generating-Tool/out/opencv_features2d_exp1/generated_mutants/opencv_features2d_exp1#modules#features2d#src#mser.cpp/mser_mut_db.csv
ArgAriNeg 1
ArgBitNeg 3
ArgDel 17
ArgIncDec 8
ArgLogNeg 2
ArgRepReq 39
ArgStcAli 2
ArgStcDif 4
CGCR 12
CGSR 11
CLCR 17
CLSR 13
CRCR 46
CovAllEdg 0
CovAllNod 0
DirVarAriNeg 0
DirVarBitNeg 0
DirVarIncDec 0
DirVarLogNeg 0
DirVarRepCon 0
DirVarRepExt 0
DirVarRepGlo 0
DirVarRepLoc 0
DirVarRepPar 0
DirVarRepReq 0
FunCalDel 0
IndVarAriNeg 0
IndVarBitNeg 0
IndVarIncDec 0
IndVarLogNeg 0
IndVarRepCon 0
IndVarRepExt 0
IndVarRepGlo 0
IndVarRepLoc 0
IndVarRepPar 0
IndVarRepReq 0
OAAA 1
OAAN 7
OABA 0
OABN 2
OAEA 0
OALN 1
OARN 8
OASA 0
OASN 2
OBAA 0
OBAN 1
OBBA 0
OBBN 0
OBEA 0
OBLN 1
OBNG 1
OBRN 1
OBSA 0
OBSN 0
OCNG 8
OCOR 2
OEAA 35
OEBA 10
OESA 5
OIPM 0
OLAN 1
OLBN 1
OLLN 1
OLNG 1
OLRN 1
OLSN 0
OMMO 2
OPPO 20
ORAN 4
ORBN 2
ORLN 4
ORRN 6
ORSN 1
OSAA 0
OSAN 0
OSBA 0
OSBN 0
OSEA 0
OSLN 0
OSRN 1
OSSA 0
OSSN 0
RetStaDel 0
SBRC 3
SBRN 0
SCRB 1
SCRN 0
SDWD 0
SGLR 0
SMTC 0
SMTT 30
SMVB 0
SRSR 16
SSDL 0
SSOM 0
SSWM 0
STRI 0
STRP 0
SWDD 0
VASM 0
VDTR 0
VGAR 0
VGPR 0
VGSR 0
VGTR 0
VLAR 0
VLPR 60
VLSR 47
VLTR 0
VSCR 59
VTWD 11
Done tooling on /ssd_home/yangheechan/FL-Dataset-Generating-Tool/work/opencv_features2d_exp1/opencv_features2d_exp1/modules/features2d/src/mser.cpp
ArgAriNeg 5
ArgBitNeg 7
ArgDel 6
ArgIncDec 18
ArgLogNeg 4
ArgRepReq 54
ArgStcAli 3
ArgStcDif 1
CGCR 112
CGSR 134
CLCR 74
CLSR 96
CRCR 83
CovAllEdg 0
CovAllNod 0
DirVarAriNeg 0
DirVarBitNeg 0
DirVarIncDec 0
DirVarLogNeg 0
DirVarRepCon 0
DirVarRepExt 0
DirVarRepGlo 0
DirVarRepLoc 0
DirVarRepPar 0
DirVarRepReq 0
FunCalDel 0
IndVarAriNeg 0
IndVarBitNeg 0
IndVarIncDec 0
IndVarLogNeg 0
IndVarRepCon 0
IndVarRepExt 0
IndVarRepGlo 0
IndVarRepLoc 0
IndVarRepPar 0
IndVarRepReq 0
OAAA 4
OAAN 16
OABA 1
OABN 13
OAEA 0
OALN 18
OARN 39
OASA 0
OASN 9
OBAA 0
OBAN 0
OBBA 0
OBBN 0
OBEA 0
OBLN 0
OBNG 1
OBRN 0
OBSA 0
OBSN 0
OCNG 8
OCOR 16
OEAA 21
OEBA 6
OESA 5
OIPM 0
OLAN 0
OLBN 1
OLLN 1
OLNG 0
OLRN 3
OLSN 1
OMMO 4
OPPO 10
ORAN 7
ORBN 4
ORLN 5
ORRN 14
ORSN 4
OSAA 0
OSAN 0
OSBA 0
OSBN 0
OSEA 0
OSLN 0
OSRN 0
OSSA 0
OSSN 0
RetStaDel 0
SBRC 0
SBRN 0
SCRB 5
SCRN 0
SDWD 0
SGLR 0
SMTC 0
SMTT 39
SMVB 0
SRSR 26
SSDL 0
SSOM 0
SSWM 0
STRI 0
STRP 0
SWDD 0
VASM 0
VDTR 0
VGAR 0
VGPR 0
VGSR 97
VGTR 0
VLAR 0
VLPR 2
VLSR 169
VLTR 0
VSCR 16
VTWD 41
Done tooling on /ssd_home/yangheechan/FL-Dataset-Generating-Tool/work/opencv_features2d_exp1/opencv_features2d_exp1/modules/features2d/src/brisk.cpp
>> Generating mutants for fast_score.cpp
>> Generating mutants for fast.cpp
>> Generating mutants for fast.avx2.cpp
>> Generating mutants for brisk.cpp
>> Generating mutants for fed.cpp
>> Generating mutants for mser.cpp
>> Finished generating mutants in 6.829842567443848 seconds
>> Cleaning build for opencv_features2d_exp1
Number of tasks (assigned-stage01): 987
Number of tasks (mutants-stage01): 2258
Number of tasks (repo): 232
Number of tasks (configurations): 29
Number of tasks (src): 29
Number of tasks (tools): 29
Number of tasks (configurations): 29
Testing on faster19.swtv::core1
Testing on faster19.swtv::core2
Testing on faster19.swtv::core3
Testing on faster19.swtv::core0
Testing on faster19.swtv::core4
Testing on faster19.swtv::core5
Testing on faster19.swtv::core6
Testing on faster19.swtv::core7
Testing on faster34.swtv::core5
Testing on faster34.swtv::core0
Testing on faster34.swtv::core7
Testing on faster34.swtv::core1
Testing on faster34.swtv::core2
Testing on faster34.swtv::core6
Testing on faster34.swtv::core4
Testing on faster34.swtv::core3
Testing on faster11.swtv::core1
Testing on faster11.swtv::core6
Testing on faster11.swtv::core0
Testing on faster11.swtv::core2
Testing on faster11.swtv::core3
Testing on faster11.swtv::core4
Testing on faster11.swtv::core7
Testing on faster11.swtv::core5
Testing on faster7.swtv::core2
Testing on faster7.swtv::core4
Testing on faster7.swtv::core0
Testing on faster7.swtv::core1
Testing on faster7.swtv::core7
Testing on faster7.swtv::core6
Testing on faster8.swtv::core3
Testing on faster8.swtv::core4
Testing on faster7.swtv::core5
Testing on faster8.swtv::core1
Testing on faster8.swtv::core0
Testing on faster8.swtv::core5
Testing on faster7.swtv::core3
Testing on faster8.swtv::core7
Testing on faster8.swtv::core6
Testing on faster8.swtv::core2
Testing on faster15.swtv::core0
Testing on faster15.swtv::core2
Testing on faster15.swtv::core1
Testing on faster15.swtv::core5
Testing on faster15.swtv::core6
Testing on faster15.swtv::core3
Testing on faster20.swtv::core1
Testing on faster15.swtv::core7
Testing on faster20.swtv::core0
Testing on faster20.swtv::core6
Testing on faster20.swtv::core5
Testing on faster23.swtv::core1
Testing on faster20.swtv::core2
Testing on faster20.swtv::core4
Testing on faster15.swtv::core4
Testing on faster20.swtv::core7
Testing on faster23.swtv::core0
Testing on faster23.swtv::core2
Testing on faster20.swtv::core3
Testing on faster25.swtv::core0
Testing on faster23.swtv::core6
Testing on faster23.swtv::core7
Testing on faster24.swtv::core3
Testing on faster23.swtv::core5
Testing on faster23.swtv::core4
Testing on faster24.swtv::core0
Testing on faster25.swtv::core1
Testing on faster23.swtv::core3
Testing on faster24.swtv::core5
Testing on faster24.swtv::core2
Testing on faster24.swtv::core1
Testing on faster24.swtv::core6
Testing on faster25.swtv::core2
Testing on faster24.swtv::core4
Testing on faster25.swtv::core7
Testing on faster25.swtv::core3
Testing on faster25.swtv::core6
Testing on faster25.swtv::core4
Testing on faster24.swtv::core7
Testing on faster25.swtv::core5
Testing on faster26.swtv::core2
Testing on faster26.swtv::core3
Testing on faster27.swtv::core3
Testing on faster27.swtv::core1
Testing on faster26.swtv::core0
Testing on faster27.swtv::core0
Testing on faster26.swtv::core1
Testing on faster26.swtv::core4
Testing on faster27.swtv::core5
Testing on faster27.swtv::core2
Testing on faster27.swtv::core4
Testing on faster27.swtv::core6
Testing on faster26.swtv::core6
Testing on faster28.swtv::core3
Testing on faster27.swtv::core7
Testing on faster28.swtv::core0
Testing on faster26.swtv::core7
Testing on faster28.swtv::core2
Testing on faster28.swtv::core7
Testing on faster28.swtv::core1
Testing on faster26.swtv::core5
Testing on faster28.swtv::core6
Testing on faster28.swtv::core5
Testing on faster28.swtv::core4
Testing on faster29.swtv::core4
Testing on faster36.swtv::core0
Testing on faster29.swtv::core0
Testing on faster32.swtv::core0
Testing on faster29.swtv::core2
Testing on faster32.swtv::core1
Testing on faster29.swtv::core3
Testing on faster32.swtv::core2
Testing on faster36.swtv::core1
Testing on faster36.swtv::core2
Testing on faster36.swtv::core3
Testing on faster29.swtv::core5
Testing on faster29.swtv::core1
Testing on faster36.swtv::core4
Testing on faster29.swtv::core6
Testing on faster37.swtv::core1
Testing on faster36.swtv::core6
Testing on faster37.swtv::core0
Testing on faster36.swtv::core5
Testing on faster32.swtv::core5
Testing on faster32.swtv::core3
Testing on faster32.swtv::core7
Testing on faster32.swtv::core4
Testing on faster37.swtv::core3
Testing on faster32.swtv::core6
Testing on faster37.swtv::core2
Testing on faster37.swtv::core7
Testing on faster14.swtv::core7
Testing on faster36.swtv::core7
Testing on faster37.swtv::core4
Testing on faster29.swtv::core7
Testing on faster38.swtv::core0
Testing on faster14.swtv::core0
Testing on faster37.swtv::core5
Testing on faster14.swtv::core1
Testing on faster37.swtv::core6
Testing on faster39.swtv::core1
Testing on faster38.swtv::core1
Testing on faster38.swtv::core2
Testing on faster38.swtv::core3
Testing on faster38.swtv::core7
Testing on faster38.swtv::core4
Testing on faster39.swtv::core2
Testing on faster38.swtv::core5
Testing on faster14.swtv::core2
Testing on faster38.swtv::core6
Testing on faster39.swtv::core0
Testing on faster39.swtv::core4
Testing on faster14.swtv::core3
Testing on faster14.swtv::core5
Testing on faster14.swtv::core6
Testing on faster39.swtv::core6
Testing on faster14.swtv::core4
Testing on faster40.swtv::core0
Testing on faster42.swtv::core1
Testing on faster39.swtv::core7
Testing on faster39.swtv::core3
Testing on faster40.swtv::core4
Testing on faster40.swtv::core1
Testing on faster40.swtv::core7
Testing on faster40.swtv::core3
Testing on faster40.swtv::core6
Testing on faster40.swtv::core2
Testing on faster42.swtv::core0
Testing on faster40.swtv::core5
Testing on faster42.swtv::core7
Testing on faster44.swtv::core2
Testing on faster42.swtv::core5
Testing on faster42.swtv::core4
Testing on faster42.swtv::core3
Testing on faster44.swtv::core3
Testing on faster42.swtv::core6
Testing on faster42.swtv::core2
Testing on faster45.swtv::core0
Testing on faster44.swtv::core0
Testing on faster39.swtv::core5
Testing on faster44.swtv::core1
Testing on faster45.swtv::core1
Testing on faster44.swtv::core5
Testing on faster44.swtv::core6
Testing on faster44.swtv::core7
Testing on faster44.swtv::core4
Testing on faster45.swtv::core2
Testing on faster45.swtv::core4
Testing on faster45.swtv::core3
Testing on faster45.swtv::core5
Testing on faster45.swtv::core7
Testing on faster46.swtv::core2
Testing on faster45.swtv::core6
Testing on faster46.swtv::core1
Testing on faster46.swtv::core0
Testing on faster46.swtv::core6
Testing on faster46.swtv::core7
Testing on faster46.swtv::core5
Testing on faster46.swtv::core4
Testing on faster46.swtv::core3
Testing on faster47.swtv::core3
Testing on faster47.swtv::core4
Testing on faster48.swtv::core0
Testing on faster47.swtv::core5
Testing on faster47.swtv::core0
Testing on faster48.swtv::core1
Testing on faster47.swtv::core1
Testing on faster48.swtv::core5
Testing on faster47.swtv::core6
Testing on faster48.swtv::core4
Testing on faster47.swtv::core7
Testing on faster47.swtv::core2
Testing on faster48.swtv::core3
Testing on faster48.swtv::core6
Testing on faster48.swtv::core7
Testing on faster48.swtv::core2
Testing on faster51.swtv::core0
Testing on faster51.swtv::core2
Testing on faster51.swtv::core3
Testing on faster51.swtv::core5
Testing on faster51.swtv::core4
Testing on faster51.swtv::core1
Testing on faster51.swtv::core6
Testing on faster51.swtv::core7
Testing on faster50.swtv::core3
Testing on faster50.swtv::core2
Testing on faster50.swtv::core4
Testing on faster50.swtv::core6
Testing on faster50.swtv::core7
Testing on faster50.swtv::core0
Testing on faster50.swtv::core5
Testing on faster50.swtv::core1
>> Finished testing mutants for buggy mutants...
Number of tasks (collect): 29
