
+++++ results for feature2d.MUT19.cpp +++++
+++++ STDOUT +++++
Testing version feature2d.MUT19.cpp on faster39.swtv::core6
>> Configuring opencv_features2d_TF_bot30 with coverage
>> Building opencv_features2d_TF_bot30
>> Applied patch to feature2d.cpp with feature2d.MUT19.cpp
>> Building opencv_features2d_TF_bot30
TC14.sh on line 87 has count: 1
Buggy line 87 is covered by test case TC14.sh
>> Saving version feature2d.MUT19.cpp to database
>> Reverted feature2d.cpp to original from feature2d.MUT19.cpp

+++++ STDERR +++++

+++++ results for matchers.MUT324.cpp +++++
+++++ STDOUT +++++
Testing version matchers.MUT324.cpp on faster39.swtv::core6
>> Building opencv_features2d_TF_bot30
>> Applied patch to matchers.cpp with matchers.MUT324.cpp
>> Building opencv_features2d_TF_bot30
TC39.sh on line 657 has count: 1
Buggy line 657 is covered by test case TC39.sh
>> Saving version matchers.MUT324.cpp to database
>> Reverted matchers.cpp to original from matchers.MUT324.cpp
>> Cleaning build for opencv_features2d_TF_bot30

+++++ STDERR +++++
