
+++++ results for kaze.MUT183.cpp +++++
+++++ STDOUT +++++
Testing version kaze.MUT183.cpp on faster44.swtv::core1
>> Configuring opencv_features2d_TF_bot30 with coverage
>> Building opencv_features2d_TF_bot30
>> Applied patch to kaze.cpp with kaze.MUT183.cpp
>> Building opencv_features2d_TF_bot30
Buggy line 142 is NOT covered by test case TC11.sh
>> Reverted kaze.cpp to original from kaze.MUT183.cpp

+++++ STDERR +++++

+++++ results for matchers.MUT388.cpp +++++
+++++ STDOUT +++++
Testing version matchers.MUT388.cpp on faster44.swtv::core1
>> Building opencv_features2d_TF_bot30
>> Applied patch to matchers.cpp with matchers.MUT388.cpp
>> Building opencv_features2d_TF_bot30
TC39.sh on line 713 has count: 2
Buggy line 713 is covered by test case TC39.sh
>> Saving version matchers.MUT388.cpp to database
>> Reverted matchers.cpp to original from matchers.MUT388.cpp
>> Cleaning build for opencv_features2d_TF_bot30

+++++ STDERR +++++
