
+++++ results for matchers.MUT594.cpp +++++
+++++ STDOUT +++++
Testing version matchers.MUT594.cpp on faster32.swtv::core7
>> Configuring opencv_features2d_TF_bot30 with coverage
>> Building opencv_features2d_TF_bot30
>> Applied patch to matchers.cpp with matchers.MUT594.cpp
>> Building opencv_features2d_TF_bot30
TC38.sh on line 890 has count: 2
Buggy line 890 is covered by test case TC38.sh
>> Saving version matchers.MUT594.cpp to database
>> Reverted matchers.cpp to original from matchers.MUT594.cpp

+++++ STDERR +++++

+++++ results for akaze.MUT26.cpp +++++
+++++ STDOUT +++++
Testing version akaze.MUT26.cpp on faster32.swtv::core7
>> Building opencv_features2d_TF_bot30
>> Applied patch to akaze.cpp with akaze.MUT26.cpp
>> Building opencv_features2d_TF_bot30
TC3.sh on line 70 has count: 1
Buggy line 70 is covered by test case TC3.sh
TC4.sh on line 70 has count: 1
Buggy line 70 is covered by test case TC4.sh
TC12.sh on line 70 has count: 2
Buggy line 70 is covered by test case TC12.sh
TC13.sh on line 70 has count: 2
Buggy line 70 is covered by test case TC13.sh
TC24.sh on line 70 has count: 1
Buggy line 70 is covered by test case TC24.sh
TC25.sh on line 70 has count: 1
Buggy line 70 is covered by test case TC25.sh
TC35.sh on line 70 has count: 2
Buggy line 70 is covered by test case TC35.sh
TC47.sh on line 70 has count: 6
Buggy line 70 is covered by test case TC47.sh
>> Saving version akaze.MUT26.cpp to database
>> Reverted akaze.cpp to original from akaze.MUT26.cpp
>> Cleaning build for opencv_features2d_TF_bot30

+++++ STDERR +++++
