
+++++ results for kaze.MUT157.cpp +++++
+++++ STDOUT +++++
Testing version kaze.MUT157.cpp on faster37.swtv::core0
>> Configuring opencv_features2d_TF_bot30 with coverage
>> Building opencv_features2d_TF_bot30
>> Applied patch to kaze.cpp with kaze.MUT157.cpp
>> Building opencv_features2d_TF_bot30
TC11.sh on line 134 has count: 3
Buggy line 134 is covered by test case TC11.sh
TC23.sh on line 134 has count: 1
Buggy line 134 is covered by test case TC23.sh
TC34.sh on line 134 has count: 1
Buggy line 134 is covered by test case TC34.sh
>> Saving version kaze.MUT157.cpp to database
>> Reverted kaze.cpp to original from kaze.MUT157.cpp

+++++ STDERR +++++

+++++ results for feature2d.MUT49.cpp +++++
+++++ STDOUT +++++
Testing version feature2d.MUT49.cpp on faster37.swtv::core0
>> Building opencv_features2d_TF_bot30
>> Applied patch to feature2d.cpp with feature2d.MUT49.cpp
>> Building opencv_features2d_TF_bot30
TC8.sh on line 125 has count: 2
Buggy line 125 is covered by test case TC8.sh
TC9.sh on line 125 has count: 2
Buggy line 125 is covered by test case TC9.sh
TC10.sh on line 125 has count: 2
Buggy line 125 is covered by test case TC10.sh
TC11.sh on line 125 has count: 2
Buggy line 125 is covered by test case TC11.sh
TC12.sh on line 125 has count: 2
Buggy line 125 is covered by test case TC12.sh
TC13.sh on line 125 has count: 2
Buggy line 125 is covered by test case TC13.sh
TC14.sh on line 125 has count: 1
Buggy line 125 is covered by test case TC14.sh
TC41.sh on line 125 has count: 1
Buggy line 125 is covered by test case TC41.sh
TC42.sh on line 125 has count: 1
Buggy line 125 is covered by test case TC42.sh
>> Saving version feature2d.MUT49.cpp to database
>> Reverted feature2d.cpp to original from feature2d.MUT49.cpp
>> Cleaning build for opencv_features2d_TF_bot30

+++++ STDERR +++++
