
+++++ results for keypoint.MUT432.cpp +++++
+++++ STDOUT +++++
Testing version keypoint.MUT432.cpp on faster8.swtv::core4
>> Configuring opencv_features2d_TF_bot30 with coverage
>> Building opencv_features2d_TF_bot30
>> Applied patch to keypoint.cpp with keypoint.MUT432.cpp
>> Building opencv_features2d_TF_bot30
TC1.sh on line 288 has count: 5
Buggy line 288 is covered by test case TC1.sh
TC15.sh on line 288 has count: 1
Buggy line 288 is covered by test case TC15.sh
TC36.sh on line 288 has count: 1
Buggy line 288 is covered by test case TC36.sh
TC45.sh on line 288 has count: 1
Buggy line 288 is covered by test case TC45.sh
TC48.sh on line 288 has count: 1
Buggy line 288 is covered by test case TC48.sh
>> Saving version keypoint.MUT432.cpp to database
>> Reverted keypoint.cpp to original from keypoint.MUT432.cpp

+++++ STDERR +++++

+++++ results for matchers.MUT556.cpp +++++
+++++ STDOUT +++++
Testing version matchers.MUT556.cpp on faster8.swtv::core4
>> Building opencv_features2d_TF_bot30
>> Applied patch to matchers.cpp with matchers.MUT556.cpp
>> Building opencv_features2d_TF_bot30
TC38.sh on line 876 has count: 2
Buggy line 876 is covered by test case TC38.sh
>> Saving version matchers.MUT556.cpp to database
>> Reverted matchers.cpp to original from matchers.MUT556.cpp
>> Cleaning build for opencv_features2d_TF_bot30

+++++ STDERR +++++
