
+++++ results for kaze.MUT117.cpp +++++
+++++ STDOUT +++++
Testing version kaze.MUT117.cpp on faster19.swtv::core1
>> Configuring opencv_features2d_TF_bot30 with coverage
>> Building opencv_features2d_TF_bot30
>> Applied patch to kaze.cpp with kaze.MUT117.cpp
>> Building opencv_features2d_TF_bot30
TC11.sh on line 122 has count: 2
Buggy line 122 is covered by test case TC11.sh
TC23.sh on line 122 has count: 1
Buggy line 122 is covered by test case TC23.sh
TC34.sh on line 122 has count: 1
Buggy line 122 is covered by test case TC34.sh
TC47.sh on line 122 has count: 1
Buggy line 122 is covered by test case TC47.sh
>> Saving version kaze.MUT117.cpp to database
>> Reverted kaze.cpp to original from kaze.MUT117.cpp

+++++ STDERR +++++

+++++ results for matchers.MUT551.cpp +++++
+++++ STDOUT +++++
Testing version matchers.MUT551.cpp on faster19.swtv::core1
>> Building opencv_features2d_TF_bot30
>> Applied patch to matchers.cpp with matchers.MUT551.cpp
>> Building opencv_features2d_TF_bot30
Buggy line 875 is NOT covered by test case TC38.sh
>> Reverted matchers.cpp to original from matchers.MUT551.cpp
>> Cleaning build for opencv_features2d_TF_bot30

+++++ STDERR +++++
