
+++++ results for keypoint.MUT330.cpp +++++
+++++ STDOUT +++++
Testing version keypoint.MUT330.cpp on faster45.swtv::core0
>> Configuring opencv_features2d_TF_bot30 with coverage
>> Building opencv_features2d_TF_bot30
>> Applied patch to keypoint.cpp with keypoint.MUT330.cpp
>> Building opencv_features2d_TF_bot30
TC45.sh on line 257 has count: 303
Buggy line 257 is covered by test case TC45.sh
>> Saving version keypoint.MUT330.cpp to database
>> Reverted keypoint.cpp to original from keypoint.MUT330.cpp

+++++ STDERR +++++

+++++ results for keypoint.MUT117.cpp +++++
+++++ STDOUT +++++
Testing version keypoint.MUT117.cpp on faster45.swtv::core0
>> Building opencv_features2d_TF_bot30
>> Applied patch to keypoint.cpp with keypoint.MUT117.cpp
>> Building opencv_features2d_TF_bot30
Buggy line 163 is NOT covered by test case TC1.sh
>> Reverted keypoint.cpp to original from keypoint.MUT117.cpp
>> Cleaning build for opencv_features2d_TF_bot30

+++++ STDERR +++++
