
+++++ results for akaze.MUT220.cpp +++++
+++++ STDOUT +++++
Testing version akaze.MUT220.cpp on faster23.swtv::core4
>> Configuring opencv_features2d_TF_bot30 with coverage
>> Building opencv_features2d_TF_bot30
>> Applied patch to akaze.cpp with akaze.MUT220.cpp
>> Building opencv_features2d_TF_bot30
TC4.sh on line 185 has count: 1
Buggy line 185 is covered by test case TC4.sh
TC12.sh on line 185 has count: 2
Buggy line 185 is covered by test case TC12.sh
TC13.sh on line 185 has count: 2
Buggy line 185 is covered by test case TC13.sh
TC24.sh on line 185 has count: 1
Buggy line 185 is covered by test case TC24.sh
TC25.sh on line 185 has count: 1
Buggy line 185 is covered by test case TC25.sh
TC35.sh on line 185 has count: 2
Buggy line 185 is covered by test case TC35.sh
TC47.sh on line 185 has count: 1
Buggy line 185 is covered by test case TC47.sh
>> Saving version akaze.MUT220.cpp to database
>> Reverted akaze.cpp to original from akaze.MUT220.cpp

+++++ STDERR +++++

+++++ results for keypoint.MUT414.cpp +++++
+++++ STDOUT +++++
Testing version keypoint.MUT414.cpp on faster23.swtv::core4
>> Building opencv_features2d_TF_bot30
>> Applied patch to keypoint.cpp with keypoint.MUT414.cpp
>> Building opencv_features2d_TF_bot30
Buggy line 282 is NOT covered by test case TC15.sh
>> Reverted keypoint.cpp to original from keypoint.MUT414.cpp
>> Cleaning build for opencv_features2d_TF_bot30

+++++ STDERR +++++
