
+++++ results for matchers.MUT518.cpp +++++
+++++ STDOUT +++++
Testing version matchers.MUT518.cpp on faster8.swtv::core7
>> Configuring opencv_features2d_TF_bot30 with coverage
>> Building opencv_features2d_TF_bot30
>> Applied patch to matchers.cpp with matchers.MUT518.cpp
>> Building opencv_features2d_TF_bot30
TC38.sh on line 861 has count: 1
Buggy line 861 is covered by test case TC38.sh
TC39.sh on line 861 has count: 1
Buggy line 861 is covered by test case TC39.sh
>> Saving version matchers.MUT518.cpp to database
>> Reverted matchers.cpp to original from matchers.MUT518.cpp

+++++ STDERR +++++

+++++ results for keypoint.MUT75.cpp +++++
+++++ STDOUT +++++
Testing version keypoint.MUT75.cpp on faster8.swtv::core7
>> Building opencv_features2d_TF_bot30
>> Applied patch to keypoint.cpp with keypoint.MUT75.cpp
>> Building opencv_features2d_TF_bot30
TC10.sh on line 113 has count: 1
Buggy line 113 is covered by test case TC10.sh
TC22.sh on line 113 has count: 8
Buggy line 113 is covered by test case TC22.sh
TC50.sh on line 113 has count: 32
Buggy line 113 is covered by test case TC50.sh
>> Saving version keypoint.MUT75.cpp to database
>> Reverted keypoint.cpp to original from keypoint.MUT75.cpp
>> Cleaning build for opencv_features2d_TF_bot30

+++++ STDERR +++++
