
+++++ results for akaze.MUT201.cpp +++++
+++++ STDOUT +++++
Testing version akaze.MUT201.cpp on faster36.swtv::core2
>> Configuring opencv_features2d_TF_bot30 with coverage
>> Building opencv_features2d_TF_bot30
>> Applied patch to akaze.cpp with akaze.MUT201.cpp
>> Building opencv_features2d_TF_bot30
TC3.sh on line 181 has count: 1
Buggy line 181 is covered by test case TC3.sh
TC4.sh on line 181 has count: 1
Buggy line 181 is covered by test case TC4.sh
TC12.sh on line 181 has count: 3
Buggy line 181 is covered by test case TC12.sh
>> Saving version akaze.MUT201.cpp to database
>> Reverted akaze.cpp to original from akaze.MUT201.cpp

+++++ STDERR +++++

+++++ results for kaze.MUT29.cpp +++++
+++++ STDOUT +++++
Testing version kaze.MUT29.cpp on faster36.swtv::core2
>> Building opencv_features2d_TF_bot30
>> Applied patch to kaze.cpp with kaze.MUT29.cpp
>> Building opencv_features2d_TF_bot30
TC11.sh on line 66 has count: 2
Buggy line 66 is covered by test case TC11.sh
TC23.sh on line 66 has count: 1
Buggy line 66 is covered by test case TC23.sh
>> Saving version kaze.MUT29.cpp to database
>> Reverted kaze.cpp to original from kaze.MUT29.cpp
>> Cleaning build for opencv_features2d_TF_bot30

+++++ STDERR +++++
