
+++++ results for feature2d.MUT17.cpp +++++
+++++ STDOUT +++++
Testing version feature2d.MUT17.cpp on faster19.swtv::core6
>> Configuring opencv_features2d_TF_bot30 with coverage
>> Building opencv_features2d_TF_bot30
>> Applied patch to feature2d.cpp with feature2d.MUT17.cpp
>> Building opencv_features2d_TF_bot30
TC15.sh on line 87 has count: 1
Buggy line 87 is covered by test case TC15.sh
TC16.sh on line 87 has count: 1
Buggy line 87 is covered by test case TC16.sh
TC17.sh on line 87 has count: 1
Buggy line 87 is covered by test case TC17.sh
TC18.sh on line 87 has count: 1
Buggy line 87 is covered by test case TC18.sh
TC19.sh on line 87 has count: 1
Buggy line 87 is covered by test case TC19.sh
TC20.sh on line 87 has count: 1
Buggy line 87 is covered by test case TC20.sh
TC22.sh on line 87 has count: 1
Buggy line 87 is covered by test case TC22.sh
TC23.sh on line 87 has count: 1
Buggy line 87 is covered by test case TC23.sh
TC24.sh on line 87 has count: 1
Buggy line 87 is covered by test case TC24.sh
TC25.sh on line 87 has count: 1
Buggy line 87 is covered by test case TC25.sh
>> Saving version feature2d.MUT17.cpp to database
>> Reverted feature2d.cpp to original from feature2d.MUT17.cpp

+++++ STDERR +++++

+++++ results for akaze.MUT417.cpp +++++
+++++ STDOUT +++++
Testing version akaze.MUT417.cpp on faster19.swtv::core6
>> Building opencv_features2d_TF_bot30
>> Applied patch to akaze.cpp with akaze.MUT417.cpp
>> Building opencv_features2d_TF_bot30
TC12.sh on line 268 has count: 2
Buggy line 268 is covered by test case TC12.sh
TC13.sh on line 268 has count: 2
Buggy line 268 is covered by test case TC13.sh
TC24.sh on line 268 has count: 1
Buggy line 268 is covered by test case TC24.sh
TC25.sh on line 268 has count: 1
Buggy line 268 is covered by test case TC25.sh
>> Saving version akaze.MUT417.cpp to database
>> Reverted akaze.cpp to original from akaze.MUT417.cpp
>> Cleaning build for opencv_features2d_TF_bot30

+++++ STDERR +++++
