
+++++ results for kaze.MUT151.cpp +++++
+++++ STDOUT +++++
Testing version kaze.MUT151.cpp on faster17.swtv::core1
>> Configuring opencv_features2d_TF_bot30 with coverage
>> Building opencv_features2d_TF_bot30
>> Applied patch to kaze.cpp with kaze.MUT151.cpp
>> Building opencv_features2d_TF_bot30
TC11.sh on line 132 has count: 3
Buggy line 132 is covered by test case TC11.sh
TC47.sh on line 132 has count: 1
Buggy line 132 is covered by test case TC47.sh
>> Saving version kaze.MUT151.cpp to database
>> Reverted kaze.cpp to original from kaze.MUT151.cpp

+++++ STDERR +++++

+++++ results for matchers.MUT382.cpp +++++
+++++ STDOUT +++++
Testing version matchers.MUT382.cpp on faster17.swtv::core1
>> Building opencv_features2d_TF_bot30
>> Applied patch to matchers.cpp with matchers.MUT382.cpp
>> Building opencv_features2d_TF_bot30
TC38.sh on line 712 has count: 2
Buggy line 712 is covered by test case TC38.sh
TC39.sh on line 712 has count: 2
Buggy line 712 is covered by test case TC39.sh
>> Saving version matchers.MUT382.cpp to database
>> Reverted matchers.cpp to original from matchers.MUT382.cpp
>> Cleaning build for opencv_features2d_TF_bot30

+++++ STDERR +++++
