
+++++ results for kaze.MUT143.cpp +++++
+++++ STDOUT +++++
Testing version kaze.MUT143.cpp on faster24.swtv::core6
>> Configuring opencv_features2d_TF_bot30 with coverage
>> Building opencv_features2d_TF_bot30
>> Applied patch to kaze.cpp with kaze.MUT143.cpp
>> Building opencv_features2d_TF_bot30
TC11.sh on line 131 has count: 3
Buggy line 131 is covered by test case TC11.sh
TC23.sh on line 131 has count: 1
Buggy line 131 is covered by test case TC23.sh
TC34.sh on line 131 has count: 1
Buggy line 131 is covered by test case TC34.sh
>> Saving version kaze.MUT143.cpp to database
>> Reverted kaze.cpp to original from kaze.MUT143.cpp

+++++ STDERR +++++

+++++ results for keypoint.MUT332.cpp +++++
+++++ STDOUT +++++
Testing version keypoint.MUT332.cpp on faster24.swtv::core6
>> Building opencv_features2d_TF_bot30
>> Applied patch to keypoint.cpp with keypoint.MUT332.cpp
>> Building opencv_features2d_TF_bot30
TC45.sh on line 257 has count: 293
Buggy line 257 is covered by test case TC45.sh
>> Saving version keypoint.MUT332.cpp to database
>> Reverted keypoint.cpp to original from keypoint.MUT332.cpp
>> Cleaning build for opencv_features2d_TF_bot30

+++++ STDERR +++++
