
+++++ results for akaze.MUT209.cpp +++++
+++++ STDOUT +++++
Testing version akaze.MUT209.cpp on faster20.swtv::core7
>> Configuring opencv_features2d_TF_bot30 with coverage
>> Building opencv_features2d_TF_bot30
>> Applied patch to akaze.cpp with akaze.MUT209.cpp
>> Building opencv_features2d_TF_bot30
TC12.sh on line 183 has count: 3
Buggy line 183 is covered by test case TC12.sh
TC13.sh on line 183 has count: 3
Buggy line 183 is covered by test case TC13.sh
TC24.sh on line 183 has count: 1
Buggy line 183 is covered by test case TC24.sh
TC25.sh on line 183 has count: 1
Buggy line 183 is covered by test case TC25.sh
>> Saving version akaze.MUT209.cpp to database
>> Reverted akaze.cpp to original from akaze.MUT209.cpp

+++++ STDERR +++++

+++++ results for kaze.MUT2.cpp +++++
+++++ STDOUT +++++
Testing version kaze.MUT2.cpp on faster20.swtv::core7
>> Building opencv_features2d_TF_bot30
>> Applied patch to kaze.cpp with kaze.MUT2.cpp
>> Building opencv_features2d_TF_bot30
TC11.sh on line 61 has count: 4
Buggy line 61 is covered by test case TC11.sh
>> Saving version kaze.MUT2.cpp to database
>> Reverted kaze.cpp to original from kaze.MUT2.cpp
>> Cleaning build for opencv_features2d_TF_bot30

+++++ STDERR +++++
