
+++++ results for keypoint.MUT3.cpp +++++
+++++ STDOUT +++++
Testing version keypoint.MUT3.cpp on faster24.swtv::core5
>> Configuring opencv_features2d_TF_bot30 with coverage
>> Building opencv_features2d_TF_bot30
>> Applied patch to keypoint.cpp with keypoint.MUT3.cpp
>> Building opencv_features2d_TF_bot30
Buggy line 50 is NOT covered by test case TC22.sh
>> Reverted keypoint.cpp to original from keypoint.MUT3.cpp

+++++ STDERR +++++

+++++ results for keypoint.MUT390.cpp +++++
+++++ STDOUT +++++
Testing version keypoint.MUT390.cpp on faster24.swtv::core5
>> Building opencv_features2d_TF_bot30
>> Applied patch to keypoint.cpp with keypoint.MUT390.cpp
>> Building opencv_features2d_TF_bot30
TC45.sh on line 275 has count: 2
Buggy line 275 is covered by test case TC45.sh
>> Saving version keypoint.MUT390.cpp to database
>> Reverted keypoint.cpp to original from keypoint.MUT390.cpp
>> Cleaning build for opencv_features2d_TF_bot30

+++++ STDERR +++++
