
+++++ results for matchers.MUT389.cpp +++++
+++++ STDOUT +++++
Testing version matchers.MUT389.cpp on faster42.swtv::core6
>> Configuring opencv_features2d_TF_bot30 with coverage
>> Building opencv_features2d_TF_bot30
>> Applied patch to matchers.cpp with matchers.MUT389.cpp
>> Building opencv_features2d_TF_bot30
TC38.sh on line 713 has count: 2
Buggy line 713 is covered by test case TC38.sh
>> Saving version matchers.MUT389.cpp to database
>> Reverted matchers.cpp to original from matchers.MUT389.cpp

+++++ STDERR +++++

+++++ results for akaze.MUT420.cpp +++++
+++++ STDOUT +++++
Testing version akaze.MUT420.cpp on faster42.swtv::core6
>> Building opencv_features2d_TF_bot30
>> Applied patch to akaze.cpp with akaze.MUT420.cpp
>> Building opencv_features2d_TF_bot30
TC3.sh on line 268 has count: 1
Buggy line 268 is covered by test case TC3.sh
TC4.sh on line 268 has count: 1
Buggy line 268 is covered by test case TC4.sh
TC12.sh on line 268 has count: 2
Buggy line 268 is covered by test case TC12.sh
TC13.sh on line 268 has count: 2
Buggy line 268 is covered by test case TC13.sh
TC24.sh on line 268 has count: 1
Buggy line 268 is covered by test case TC24.sh
TC25.sh on line 268 has count: 1
Buggy line 268 is covered by test case TC25.sh
TC35.sh on line 268 has count: 2
Buggy line 268 is covered by test case TC35.sh
TC47.sh on line 268 has count: 6
Buggy line 268 is covered by test case TC47.sh
>> Saving version akaze.MUT420.cpp to database
>> Reverted akaze.cpp to original from akaze.MUT420.cpp
>> Cleaning build for opencv_features2d_TF_bot30

+++++ STDERR +++++
