
+++++ results for matchers.MUT576.cpp +++++
+++++ STDOUT +++++
Testing version matchers.MUT576.cpp on faster7.swtv::core2
>> Configuring opencv_features2d_TF_bot30 with coverage
>> Building opencv_features2d_TF_bot30
>> Applied patch to matchers.cpp with matchers.MUT576.cpp
>> Building opencv_features2d_TF_bot30
Buggy line 884 is NOT covered by test case TC38.sh
>> Reverted matchers.cpp to original from matchers.MUT576.cpp

+++++ STDERR +++++

+++++ results for gftt.MUT239.cpp +++++
+++++ STDOUT +++++
Testing version gftt.MUT239.cpp on faster7.swtv::core2
>> Building opencv_features2d_TF_bot30
>> Applied patch to gftt.cpp with gftt.MUT239.cpp
>> Building opencv_features2d_TF_bot30
TC20.sh on line 143 has count: 1
Buggy line 143 is covered by test case TC20.sh
>> Saving version gftt.MUT239.cpp to database
>> Reverted gftt.cpp to original from gftt.MUT239.cpp
>> Cleaning build for opencv_features2d_TF_bot30

+++++ STDERR +++++
