
+++++ results for matchers.MUT426.cpp +++++
+++++ STDOUT +++++
Testing version matchers.MUT426.cpp on faster42.swtv::core2
>> Configuring opencv_features2d_TF_bot30 with coverage
>> Building opencv_features2d_TF_bot30
>> Applied patch to matchers.cpp with matchers.MUT426.cpp
>> Building opencv_features2d_TF_bot30
Buggy line 763 is NOT covered by test case TC38.sh
>> Reverted matchers.cpp to original from matchers.MUT426.cpp

+++++ STDERR +++++

+++++ results for akaze.MUT140.cpp +++++
+++++ STDOUT +++++
Testing version akaze.MUT140.cpp on faster42.swtv::core2
>> Building opencv_features2d_TF_bot30
>> Applied patch to akaze.cpp with akaze.MUT140.cpp
>> Building opencv_features2d_TF_bot30
TC3.sh on line 119 has count: 1
Buggy line 119 is covered by test case TC3.sh
TC4.sh on line 119 has count: 1
Buggy line 119 is covered by test case TC4.sh
TC12.sh on line 119 has count: 1
Buggy line 119 is covered by test case TC12.sh
>> Saving version akaze.MUT140.cpp to database
>> Reverted akaze.cpp to original from akaze.MUT140.cpp
>> Cleaning build for opencv_features2d_TF_bot30

+++++ STDERR +++++
