
+++++ results for akaze.MUT167.cpp +++++
+++++ STDOUT +++++
Testing version akaze.MUT167.cpp on faster46.swtv::core7
>> Configuring opencv_features2d_TF_bot30 with coverage
>> Building opencv_features2d_TF_bot30
>> Applied patch to akaze.cpp with akaze.MUT167.cpp
>> Building opencv_features2d_TF_bot30
Buggy line 142 is NOT covered by test case TC3.sh
>> Reverted akaze.cpp to original from akaze.MUT167.cpp

+++++ STDERR +++++

+++++ results for akaze.MUT8.cpp +++++
+++++ STDOUT +++++
Testing version akaze.MUT8.cpp on faster46.swtv::core7
>> Building opencv_features2d_TF_bot30
>> Applied patch to akaze.cpp with akaze.MUT8.cpp
>> Building opencv_features2d_TF_bot30
TC3.sh on line 66 has count: 0
Buggy line 66 is NOT covered by test case TC3.sh
>> Reverted akaze.cpp to original from akaze.MUT8.cpp
>> Cleaning build for opencv_features2d_TF_bot30

+++++ STDERR +++++
