
+++++ results for akaze.MUT224.cpp +++++
+++++ STDOUT +++++
Testing version akaze.MUT224.cpp on faster26.swtv::core3
>> Configuring opencv_features2d_TF_bot30 with coverage
>> Building opencv_features2d_TF_bot30
>> Applied patch to akaze.cpp with akaze.MUT224.cpp
>> Building opencv_features2d_TF_bot30
TC3.sh on line 186 has count: 1
Buggy line 186 is covered by test case TC3.sh
TC4.sh on line 186 has count: 1
Buggy line 186 is covered by test case TC4.sh
TC12.sh on line 186 has count: 2
Buggy line 186 is covered by test case TC12.sh
TC13.sh on line 186 has count: 2
Buggy line 186 is covered by test case TC13.sh
TC24.sh on line 186 has count: 1
Buggy line 186 is covered by test case TC24.sh
TC25.sh on line 186 has count: 1
Buggy line 186 is covered by test case TC25.sh
TC35.sh on line 186 has count: 2
Buggy line 186 is covered by test case TC35.sh
TC47.sh on line 186 has count: 1
Buggy line 186 is covered by test case TC47.sh
>> Saving version akaze.MUT224.cpp to database
>> Reverted akaze.cpp to original from akaze.MUT224.cpp

+++++ STDERR +++++

+++++ results for keypoint.MUT12.cpp +++++
+++++ STDOUT +++++
Testing version keypoint.MUT12.cpp on faster26.swtv::core3
>> Building opencv_features2d_TF_bot30
>> Applied patch to keypoint.cpp with keypoint.MUT12.cpp
>> Building opencv_features2d_TF_bot30
TC22.sh on line 64 has count: 9023
Buggy line 64 is covered by test case TC22.sh
TC46.sh on line 64 has count: 44
Buggy line 64 is covered by test case TC46.sh
TC50.sh on line 64 has count: 74494
Buggy line 64 is covered by test case TC50.sh
>> Saving version keypoint.MUT12.cpp to database
>> Reverted keypoint.cpp to original from keypoint.MUT12.cpp
>> Cleaning build for opencv_features2d_TF_bot30

+++++ STDERR +++++
