
+++++ results for fast_score.MUT469.cpp +++++
+++++ STDOUT +++++
SELECT bug_idx FROM bug_info WHERE subject = %s AND experiment_name = %s AND version = %s ['opencv_features2d_TF_top30', 'TF_top30', 'fast_score.MUT469.cpp']
SELECT target_code_file, buggy_code_file, pre_start_line FROM bug_info WHERE bug_idx = %s [104]
SELECT tc_name, tc_result FROM tc_info WHERE bug_idx = %s [104]
Testing version fast_score.MUT469.cpp on faster24.swtv::core2
>> Configuring opencv_features2d_TF_top30 with coverage
>> Building opencv_features2d_TF_top30
>> Applied patch to fast_score.cpp with fast_score.MUT469.cpp
>> Building opencv_features2d_TF_top30
TC26.sh on line 327 has count: 10
Buggy line 327 is covered by test case TC26.sh
>> Saving version fast_score.MUT469.cpp to database
>> Reverted fast_score.cpp to original from fast_score.MUT469.cpp

+++++ STDERR +++++

+++++ results for fast.MUT229.cpp +++++
+++++ STDOUT +++++
SELECT bug_idx FROM bug_info WHERE subject = %s AND experiment_name = %s AND version = %s ['opencv_features2d_TF_top30', 'TF_top30', 'fast.MUT229.cpp']
SELECT target_code_file, buggy_code_file, pre_start_line FROM bug_info WHERE bug_idx = %s [275]
SELECT tc_name, tc_result FROM tc_info WHERE bug_idx = %s [275]
Testing version fast.MUT229.cpp on faster24.swtv::core2
>> Building opencv_features2d_TF_top30
>> Applied patch to fast.cpp with fast.MUT229.cpp
>> Building opencv_features2d_TF_top30
TC26.sh on line 206 has count: 5828080
Buggy line 206 is covered by test case TC26.sh
>> Saving version fast.MUT229.cpp to database
>> Reverted fast.cpp to original from fast.MUT229.cpp

+++++ STDERR +++++

+++++ results for mser.MUT1223.cpp +++++
+++++ STDOUT +++++
SELECT bug_idx FROM bug_info WHERE subject = %s AND experiment_name = %s AND version = %s ['opencv_features2d_TF_top30', 'TF_top30', 'mser.MUT1223.cpp']
SELECT target_code_file, buggy_code_file, pre_start_line FROM bug_info WHERE bug_idx = %s [447]
SELECT tc_name, tc_result FROM tc_info WHERE bug_idx = %s [447]
Testing version mser.MUT1223.cpp on faster24.swtv::core2
>> Building opencv_features2d_TF_top30
>> Applied patch to mser.cpp with mser.MUT1223.cpp
>> Building opencv_features2d_TF_top30
TC32.sh on line 884 has count: 1
Buggy line 884 is covered by test case TC32.sh
>> Saving version mser.MUT1223.cpp to database
>> Reverted mser.cpp to original from mser.MUT1223.cpp

+++++ STDERR +++++

+++++ results for brisk.MUT270.cpp +++++
+++++ STDOUT +++++
SELECT bug_idx FROM bug_info WHERE subject = %s AND experiment_name = %s AND version = %s ['opencv_features2d_TF_top30', 'TF_top30', 'brisk.MUT270.cpp']
SELECT target_code_file, buggy_code_file, pre_start_line FROM bug_info WHERE bug_idx = %s [623]
SELECT tc_name, tc_result FROM tc_info WHERE bug_idx = %s [623]
Testing version brisk.MUT270.cpp on faster24.swtv::core2
>> Building opencv_features2d_TF_top30
>> Applied patch to brisk.cpp with brisk.MUT270.cpp
>> Building opencv_features2d_TF_top30
TC9.sh on line 459 has count: 256
Buggy line 459 is covered by test case TC9.sh
TC16.sh on line 459 has count: 256
Buggy line 459 is covered by test case TC16.sh
TC27.sh on line 459 has count: 256
Buggy line 459 is covered by test case TC27.sh
TC49.sh on line 459 has count: 256
Buggy line 459 is covered by test case TC49.sh
>> Saving version brisk.MUT270.cpp to database
>> Reverted brisk.cpp to original from brisk.MUT270.cpp

+++++ STDERR +++++

+++++ results for mser.MUT1410.cpp +++++
+++++ STDOUT +++++
SELECT bug_idx FROM bug_info WHERE subject = %s AND experiment_name = %s AND version = %s ['opencv_features2d_TF_top30', 'TF_top30', 'mser.MUT1410.cpp']
SELECT target_code_file, buggy_code_file, pre_start_line FROM bug_info WHERE bug_idx = %s [799]
SELECT tc_name, tc_result FROM tc_info WHERE bug_idx = %s [799]
Testing version mser.MUT1410.cpp on faster24.swtv::core2
>> Building opencv_features2d_TF_top30
>> Applied patch to mser.cpp with mser.MUT1410.cpp
>> Building opencv_features2d_TF_top30
Buggy line 1009 is NOT covered by test case TC40.sh
>> Reverted mser.cpp to original from mser.MUT1410.cpp

+++++ STDERR +++++

+++++ results for brisk.MUT499.cpp +++++
+++++ STDOUT +++++
SELECT bug_idx FROM bug_info WHERE subject = %s AND experiment_name = %s AND version = %s ['opencv_features2d_TF_top30', 'TF_top30', 'brisk.MUT499.cpp']
SELECT target_code_file, buggy_code_file, pre_start_line FROM bug_info WHERE bug_idx = %s [977]
SELECT tc_name, tc_result FROM tc_info WHERE bug_idx = %s [977]
Testing version brisk.MUT499.cpp on faster24.swtv::core2
>> Building opencv_features2d_TF_top30
>> Applied patch to brisk.cpp with brisk.MUT499.cpp
>> Building opencv_features2d_TF_top30
TC16.sh on line 601 has count: 63000
Buggy line 601 is covered by test case TC16.sh
>> Saving version brisk.MUT499.cpp to database
>> Reverted brisk.cpp to original from brisk.MUT499.cpp

+++++ STDERR +++++

+++++ results for mser.MUT326.cpp +++++
+++++ STDOUT +++++
SELECT bug_idx FROM bug_info WHERE subject = %s AND experiment_name = %s AND version = %s ['opencv_features2d_TF_top30', 'TF_top30', 'mser.MUT326.cpp']
SELECT target_code_file, buggy_code_file, pre_start_line FROM bug_info WHERE bug_idx = %s [388]
SELECT tc_name, tc_result FROM tc_info WHERE bug_idx = %s [388]
Testing version mser.MUT326.cpp on faster24.swtv::core2
>> Building opencv_features2d_TF_top30
>> Applied patch to mser.cpp with mser.MUT326.cpp
>> Building opencv_features2d_TF_top30
TC40.sh on line 275 has count: 13796
Buggy line 275 is covered by test case TC40.sh
>> Saving version mser.MUT326.cpp to database
>> Reverted mser.cpp to original from mser.MUT326.cpp

+++++ STDERR +++++

+++++ results for mser.MUT1153.cpp +++++
+++++ STDOUT +++++
SELECT bug_idx FROM bug_info WHERE subject = %s AND experiment_name = %s AND version = %s ['opencv_features2d_TF_top30', 'TF_top30', 'mser.MUT1153.cpp']
SELECT target_code_file, buggy_code_file, pre_start_line FROM bug_info WHERE bug_idx = %s [441]
SELECT tc_name, tc_result FROM tc_info WHERE bug_idx = %s [441]
Testing version mser.MUT1153.cpp on faster24.swtv::core2
>> Building opencv_features2d_TF_top30
>> Applied patch to mser.cpp with mser.MUT1153.cpp
>> Building opencv_features2d_TF_top30
Buggy line 840 is NOT covered by test case TC32.sh
>> Reverted mser.cpp to original from mser.MUT1153.cpp

+++++ STDERR +++++

+++++ results for brisk.MUT39.cpp +++++
+++++ STDOUT +++++
SELECT bug_idx FROM bug_info WHERE subject = %s AND experiment_name = %s AND version = %s ['opencv_features2d_TF_top30', 'TF_top30', 'brisk.MUT39.cpp']
SELECT target_code_file, buggy_code_file, pre_start_line FROM bug_info WHERE bug_idx = %s [1513]
SELECT tc_name, tc_result FROM tc_info WHERE bug_idx = %s [1513]
Testing version brisk.MUT39.cpp on faster24.swtv::core2
>> Building opencv_features2d_TF_top30
>> Applied patch to brisk.cpp with brisk.MUT39.cpp
>> Building opencv_features2d_TF_top30
TC9.sh on line 116 has count: 1
Buggy line 116 is covered by test case TC9.sh
>> Saving version brisk.MUT39.cpp to database
>> Reverted brisk.cpp to original from brisk.MUT39.cpp

+++++ STDERR +++++

+++++ results for fast.avx2.MUT173.cpp +++++
+++++ STDOUT +++++
SELECT bug_idx FROM bug_info WHERE subject = %s AND experiment_name = %s AND version = %s ['opencv_features2d_TF_top30', 'TF_top30', 'fast.avx2.MUT173.cpp']
SELECT target_code_file, buggy_code_file, pre_start_line FROM bug_info WHERE bug_idx = %s [538]
SELECT tc_name, tc_result FROM tc_info WHERE bug_idx = %s [538]
Testing version fast.avx2.MUT173.cpp on faster24.swtv::core2
>> Building opencv_features2d_TF_top30
>> Applied patch to fast.avx2.cpp with fast.avx2.MUT173.cpp
>> Building opencv_features2d_TF_top30
Buggy line 141 is NOT covered by test case TC26.sh
>> Reverted fast.avx2.cpp to original from fast.avx2.MUT173.cpp

+++++ STDERR +++++

+++++ results for brisk.MUT1993.cpp +++++
+++++ STDOUT +++++
SELECT bug_idx FROM bug_info WHERE subject = %s AND experiment_name = %s AND version = %s ['opencv_features2d_TF_top30', 'TF_top30', 'brisk.MUT1993.cpp']
SELECT target_code_file, buggy_code_file, pre_start_line FROM bug_info WHERE bug_idx = %s [1866]
SELECT tc_name, tc_result FROM tc_info WHERE bug_idx = %s [1866]
Testing version brisk.MUT1993.cpp on faster24.swtv::core2
>> Building opencv_features2d_TF_top30
>> Applied patch to brisk.cpp with brisk.MUT1993.cpp
>> Building opencv_features2d_TF_top30
Buggy line 1535 is NOT covered by test case TC16.sh
>> Reverted brisk.cpp to original from brisk.MUT1993.cpp

+++++ STDERR +++++

+++++ results for fast_score.MUT272.cpp +++++
+++++ STDOUT +++++
SELECT bug_idx FROM bug_info WHERE subject = %s AND experiment_name = %s AND version = %s ['opencv_features2d_TF_top30', 'TF_top30', 'fast_score.MUT272.cpp']
SELECT target_code_file, buggy_code_file, pre_start_line FROM bug_info WHERE bug_idx = %s [310]
SELECT tc_name, tc_result FROM tc_info WHERE bug_idx = %s [310]
Testing version fast_score.MUT272.cpp on faster24.swtv::core2
>> Building opencv_features2d_TF_top30
>> Applied patch to fast_score.cpp with fast_score.MUT272.cpp
>> Building opencv_features2d_TF_top30
Buggy line 235 is NOT covered by test case TC26.sh
>> Reverted fast_score.cpp to original from fast_score.MUT272.cpp

+++++ STDERR +++++

+++++ results for fast_score.MUT130.cpp +++++
+++++ STDOUT +++++
SELECT bug_idx FROM bug_info WHERE subject = %s AND experiment_name = %s AND version = %s ['opencv_features2d_TF_top30', 'TF_top30', 'fast_score.MUT130.cpp']
SELECT target_code_file, buggy_code_file, pre_start_line FROM bug_info WHERE bug_idx = %s [885]
SELECT tc_name, tc_result FROM tc_info WHERE bug_idx = %s [885]
Testing version fast_score.MUT130.cpp on faster24.swtv::core2
>> Building opencv_features2d_TF_top30
>> Applied patch to fast_score.cpp with fast_score.MUT130.cpp
>> Building opencv_features2d_TF_top30
Buggy line 159 is NOT covered by test case TC26.sh
>> Reverted fast_score.cpp to original from fast_score.MUT130.cpp

+++++ STDERR +++++

+++++ results for brisk.MUT805.cpp +++++
+++++ STDOUT +++++
SELECT bug_idx FROM bug_info WHERE subject = %s AND experiment_name = %s AND version = %s ['opencv_features2d_TF_top30', 'TF_top30', 'brisk.MUT805.cpp']
SELECT target_code_file, buggy_code_file, pre_start_line FROM bug_info WHERE bug_idx = %s [1446]
SELECT tc_name, tc_result FROM tc_info WHERE bug_idx = %s [1446]
Testing version brisk.MUT805.cpp on faster24.swtv::core2
>> Building opencv_features2d_TF_top30
>> Applied patch to brisk.cpp with brisk.MUT805.cpp
>> Building opencv_features2d_TF_top30
Buggy line 767 is NOT covered by test case TC9.sh
>> Reverted brisk.cpp to original from brisk.MUT805.cpp

+++++ STDERR +++++

+++++ results for brisk.MUT212.cpp +++++
+++++ STDOUT +++++
SELECT bug_idx FROM bug_info WHERE subject = %s AND experiment_name = %s AND version = %s ['opencv_features2d_TF_top30', 'TF_top30', 'brisk.MUT212.cpp']
SELECT target_code_file, buggy_code_file, pre_start_line FROM bug_info WHERE bug_idx = %s [1943]
SELECT tc_name, tc_result FROM tc_info WHERE bug_idx = %s [1943]
Testing version brisk.MUT212.cpp on faster24.swtv::core2
>> Building opencv_features2d_TF_top30
>> Applied patch to brisk.cpp with brisk.MUT212.cpp
>> Building opencv_features2d_TF_top30
TC9.sh on line 431 has count: 1024
Buggy line 431 is covered by test case TC9.sh
TC16.sh on line 431 has count: 1024
Buggy line 431 is covered by test case TC16.sh
>> Saving version brisk.MUT212.cpp to database
>> Reverted brisk.cpp to original from brisk.MUT212.cpp
>> Cleaning build for opencv_features2d_TF_top30

+++++ STDERR +++++
