
+++++ results for brisk.MUT1527.cpp +++++
+++++ STDOUT +++++
SELECT bug_idx FROM bug_info WHERE subject = %s AND experiment_name = %s AND version = %s ['opencv_features2d_TF_top30', 'TF_top30', 'brisk.MUT1527.cpp']
SELECT target_code_file, buggy_code_file, pre_start_line FROM bug_info WHERE bug_idx = %s [67]
SELECT tc_name, tc_result FROM tc_info WHERE bug_idx = %s [67]
Testing version brisk.MUT1527.cpp on faster19.swtv::core0
>> Configuring opencv_features2d_TF_top30 with coverage
>> Building opencv_features2d_TF_top30
>> Applied patch to brisk.cpp with brisk.MUT1527.cpp
>> Building opencv_features2d_TF_top30
Buggy line 1256 is NOT covered by test case TC16.sh
>> Reverted brisk.cpp to original from brisk.MUT1527.cpp

+++++ STDERR +++++

+++++ results for fast.MUT248.cpp +++++
+++++ STDOUT +++++
SELECT bug_idx FROM bug_info WHERE subject = %s AND experiment_name = %s AND version = %s ['opencv_features2d_TF_top30', 'TF_top30', 'fast.MUT248.cpp']
SELECT target_code_file, buggy_code_file, pre_start_line FROM bug_info WHERE bug_idx = %s [240]
SELECT tc_name, tc_result FROM tc_info WHERE bug_idx = %s [240]
Testing version fast.MUT248.cpp on faster19.swtv::core0
>> Building opencv_features2d_TF_top30
>> Applied patch to fast.cpp with fast.MUT248.cpp
>> Building opencv_features2d_TF_top30
Buggy line 216 is NOT covered by test case TC17.sh
>> Reverted fast.cpp to original from fast.MUT248.cpp

+++++ STDERR +++++

+++++ results for mser.MUT1336.cpp +++++
+++++ STDOUT +++++
SELECT bug_idx FROM bug_info WHERE subject = %s AND experiment_name = %s AND version = %s ['opencv_features2d_TF_top30', 'TF_top30', 'mser.MUT1336.cpp']
SELECT target_code_file, buggy_code_file, pre_start_line FROM bug_info WHERE bug_idx = %s [412]
SELECT tc_name, tc_result FROM tc_info WHERE bug_idx = %s [412]
Testing version mser.MUT1336.cpp on faster19.swtv::core0
>> Building opencv_features2d_TF_top30
>> Applied patch to mser.cpp with mser.MUT1336.cpp
>> Building opencv_features2d_TF_top30
TC32.sh on line 949 has count: 244
Buggy line 949 is covered by test case TC32.sh
>> Saving version mser.MUT1336.cpp to database
>> Reverted mser.cpp to original from mser.MUT1336.cpp

+++++ STDERR +++++

+++++ results for mser.MUT1122.cpp +++++
+++++ STDOUT +++++
SELECT bug_idx FROM bug_info WHERE subject = %s AND experiment_name = %s AND version = %s ['opencv_features2d_TF_top30', 'TF_top30', 'mser.MUT1122.cpp']
SELECT target_code_file, buggy_code_file, pre_start_line FROM bug_info WHERE bug_idx = %s [586]
SELECT tc_name, tc_result FROM tc_info WHERE bug_idx = %s [586]
Testing version mser.MUT1122.cpp on faster19.swtv::core0
>> Building opencv_features2d_TF_top30
>> Applied patch to mser.cpp with mser.MUT1122.cpp
>> Building opencv_features2d_TF_top30
Buggy line 814 is NOT covered by test case TC32.sh
>> Reverted mser.cpp to original from mser.MUT1122.cpp

+++++ STDERR +++++

+++++ results for brisk.MUT489.cpp +++++
+++++ STDOUT +++++
SELECT bug_idx FROM bug_info WHERE subject = %s AND experiment_name = %s AND version = %s ['opencv_features2d_TF_top30', 'TF_top30', 'brisk.MUT489.cpp']
SELECT target_code_file, buggy_code_file, pre_start_line FROM bug_info WHERE bug_idx = %s [762]
SELECT tc_name, tc_result FROM tc_info WHERE bug_idx = %s [762]
Testing version brisk.MUT489.cpp on faster19.swtv::core0
>> Building opencv_features2d_TF_top30
>> Applied patch to brisk.cpp with brisk.MUT489.cpp
>> Building opencv_features2d_TF_top30
TC7.sh on line 597 has count: 8
Buggy line 597 is covered by test case TC7.sh
TC9.sh on line 597 has count: 8
Buggy line 597 is covered by test case TC9.sh
TC16.sh on line 597 has count: 63000
Buggy line 597 is covered by test case TC16.sh
>> Saving version brisk.MUT489.cpp to database
>> Reverted brisk.cpp to original from brisk.MUT489.cpp

+++++ STDERR +++++

+++++ results for brisk.MUT615.cpp +++++
+++++ STDOUT +++++
SELECT bug_idx FROM bug_info WHERE subject = %s AND experiment_name = %s AND version = %s ['opencv_features2d_TF_top30', 'TF_top30', 'brisk.MUT615.cpp']
SELECT target_code_file, buggy_code_file, pre_start_line FROM bug_info WHERE bug_idx = %s [941]
SELECT tc_name, tc_result FROM tc_info WHERE bug_idx = %s [941]
Testing version brisk.MUT615.cpp on faster19.swtv::core0
>> Building opencv_features2d_TF_top30
>> Applied patch to brisk.cpp with brisk.MUT615.cpp
>> Building opencv_features2d_TF_top30
Buggy line 649 is NOT covered by test case TC16.sh
>> Reverted brisk.cpp to original from brisk.MUT615.cpp

+++++ STDERR +++++

+++++ results for brisk.MUT2275.cpp +++++
+++++ STDOUT +++++
SELECT bug_idx FROM bug_info WHERE subject = %s AND experiment_name = %s AND version = %s ['opencv_features2d_TF_top30', 'TF_top30', 'brisk.MUT2275.cpp']
SELECT target_code_file, buggy_code_file, pre_start_line FROM bug_info WHERE bug_idx = %s [1116]
SELECT tc_name, tc_result FROM tc_info WHERE bug_idx = %s [1116]
Testing version brisk.MUT2275.cpp on faster19.swtv::core0
>> Building opencv_features2d_TF_top30
>> Applied patch to brisk.cpp with brisk.MUT2275.cpp
>> Building opencv_features2d_TF_top30
TC16.sh on line 1700 has count: 449
Buggy line 1700 is covered by test case TC16.sh
>> Saving version brisk.MUT2275.cpp to database
>> Reverted brisk.cpp to original from brisk.MUT2275.cpp

+++++ STDERR +++++

+++++ results for brisk.MUT617.cpp +++++
+++++ STDOUT +++++
SELECT bug_idx FROM bug_info WHERE subject = %s AND experiment_name = %s AND version = %s ['opencv_features2d_TF_top30', 'TF_top30', 'brisk.MUT617.cpp']
SELECT target_code_file, buggy_code_file, pre_start_line FROM bug_info WHERE bug_idx = %s [1296]
SELECT tc_name, tc_result FROM tc_info WHERE bug_idx = %s [1296]
Testing version brisk.MUT617.cpp on faster19.swtv::core0
>> Building opencv_features2d_TF_top30
>> Applied patch to brisk.cpp with brisk.MUT617.cpp
>> Building opencv_features2d_TF_top30
Buggy line 650 is NOT covered by test case TC7.sh
>> Reverted brisk.cpp to original from brisk.MUT617.cpp

+++++ STDERR +++++

+++++ results for brisk.MUT1051.cpp +++++
+++++ STDOUT +++++
SELECT bug_idx FROM bug_info WHERE subject = %s AND experiment_name = %s AND version = %s ['opencv_features2d_TF_top30', 'TF_top30', 'brisk.MUT1051.cpp']
SELECT target_code_file, buggy_code_file, pre_start_line FROM bug_info WHERE bug_idx = %s [1476]
SELECT tc_name, tc_result FROM tc_info WHERE bug_idx = %s [1476]
Testing version brisk.MUT1051.cpp on faster19.swtv::core0
>> Building opencv_features2d_TF_top30
>> Applied patch to brisk.cpp with brisk.MUT1051.cpp
>> Building opencv_features2d_TF_top30
TC7.sh on line 974 has count: 1
Buggy line 974 is covered by test case TC7.sh
TC16.sh on line 974 has count: 1
Buggy line 974 is covered by test case TC16.sh
TC27.sh on line 974 has count: 1
Buggy line 974 is covered by test case TC27.sh
>> Saving version brisk.MUT1051.cpp to database
>> Reverted brisk.cpp to original from brisk.MUT1051.cpp

+++++ STDERR +++++

+++++ results for brisk.MUT1499.cpp +++++
+++++ STDOUT +++++
SELECT bug_idx FROM bug_info WHERE subject = %s AND experiment_name = %s AND version = %s ['opencv_features2d_TF_top30', 'TF_top30', 'brisk.MUT1499.cpp']
SELECT target_code_file, buggy_code_file, pre_start_line FROM bug_info WHERE bug_idx = %s [1656]
SELECT tc_name, tc_result FROM tc_info WHERE bug_idx = %s [1656]
Testing version brisk.MUT1499.cpp on faster19.swtv::core0
>> Building opencv_features2d_TF_top30
>> Applied patch to brisk.cpp with brisk.MUT1499.cpp
>> Building opencv_features2d_TF_top30
TC16.sh on line 1244 has count: 4878
Buggy line 1244 is covered by test case TC16.sh
>> Saving version brisk.MUT1499.cpp to database
>> Reverted brisk.cpp to original from brisk.MUT1499.cpp

+++++ STDERR +++++

+++++ results for brisk.MUT1966.cpp +++++
+++++ STDOUT +++++
SELECT bug_idx FROM bug_info WHERE subject = %s AND experiment_name = %s AND version = %s ['opencv_features2d_TF_top30', 'TF_top30', 'brisk.MUT1966.cpp']
SELECT target_code_file, buggy_code_file, pre_start_line FROM bug_info WHERE bug_idx = %s [1831]
SELECT tc_name, tc_result FROM tc_info WHERE bug_idx = %s [1831]
Testing version brisk.MUT1966.cpp on faster19.swtv::core0
>> Building opencv_features2d_TF_top30
>> Applied patch to brisk.cpp with brisk.MUT1966.cpp
>> Building opencv_features2d_TF_top30
TC7.sh on line 1519 has count: 2025
Buggy line 1519 is covered by test case TC7.sh
TC16.sh on line 1519 has count: 1916
Buggy line 1519 is covered by test case TC16.sh
TC27.sh on line 1519 has count: 1
Buggy line 1519 is covered by test case TC27.sh
>> Saving version brisk.MUT1966.cpp to database
>> Reverted brisk.cpp to original from brisk.MUT1966.cpp

+++++ STDERR +++++

+++++ results for fast.MUT6.cpp +++++
+++++ STDOUT +++++
SELECT bug_idx FROM bug_info WHERE subject = %s AND experiment_name = %s AND version = %s ['opencv_features2d_TF_top30', 'TF_top30', 'fast.MUT6.cpp']
SELECT target_code_file, buggy_code_file, pre_start_line FROM bug_info WHERE bug_idx = %s [194]
SELECT tc_name, tc_result FROM tc_info WHERE bug_idx = %s [194]
Testing version fast.MUT6.cpp on faster19.swtv::core0
>> Building opencv_features2d_TF_top30
>> Applied patch to fast.cpp with fast.MUT6.cpp
>> Building opencv_features2d_TF_top30
TC14.sh on line 63 has count: 2
Buggy line 63 is covered by test case TC14.sh
TC17.sh on line 63 has count: 2
Buggy line 63 is covered by test case TC17.sh
TC22.sh on line 63 has count: 2
Buggy line 63 is covered by test case TC22.sh
TC26.sh on line 63 has count: 2
Buggy line 63 is covered by test case TC26.sh
TC28.sh on line 63 has count: 2
Buggy line 63 is covered by test case TC28.sh
TC33.sh on line 63 has count: 2
Buggy line 63 is covered by test case TC33.sh
TC41.sh on line 63 has count: 2
Buggy line 63 is covered by test case TC41.sh
TC43.sh on line 63 has count: 2
Buggy line 63 is covered by test case TC43.sh
TC47.sh on line 63 has count: 2
Buggy line 63 is covered by test case TC47.sh
TC50.sh on line 63 has count: 2
Buggy line 63 is covered by test case TC50.sh
>> Saving version fast.MUT6.cpp to database
>> Reverted fast.cpp to original from fast.MUT6.cpp

+++++ STDERR +++++

+++++ results for mser.MUT898.cpp +++++
+++++ STDOUT +++++
SELECT bug_idx FROM bug_info WHERE subject = %s AND experiment_name = %s AND version = %s ['opencv_features2d_TF_top30', 'TF_top30', 'mser.MUT898.cpp']
SELECT target_code_file, buggy_code_file, pre_start_line FROM bug_info WHERE bug_idx = %s [782]
SELECT tc_name, tc_result FROM tc_info WHERE bug_idx = %s [782]
Testing version mser.MUT898.cpp on faster19.swtv::core0
>> Building opencv_features2d_TF_top30
>> Applied patch to mser.cpp with mser.MUT898.cpp
>> Building opencv_features2d_TF_top30
TC32.sh on line 734 has count: 1
Buggy line 734 is covered by test case TC32.sh
>> Saving version mser.MUT898.cpp to database
>> Reverted mser.cpp to original from mser.MUT898.cpp

+++++ STDERR +++++

+++++ results for brisk.MUT267.cpp +++++
+++++ STDOUT +++++
SELECT bug_idx FROM bug_info WHERE subject = %s AND experiment_name = %s AND version = %s ['opencv_features2d_TF_top30', 'TF_top30', 'brisk.MUT267.cpp']
SELECT target_code_file, buggy_code_file, pre_start_line FROM bug_info WHERE bug_idx = %s [1334]
SELECT tc_name, tc_result FROM tc_info WHERE bug_idx = %s [1334]
Testing version brisk.MUT267.cpp on faster19.swtv::core0
>> Building opencv_features2d_TF_top30
>> Applied patch to brisk.cpp with brisk.MUT267.cpp
>> Building opencv_features2d_TF_top30
TC7.sh on line 457 has count: 64
Buggy line 457 is covered by test case TC7.sh
TC9.sh on line 457 has count: 64
Buggy line 457 is covered by test case TC9.sh
TC16.sh on line 457 has count: 64
Buggy line 457 is covered by test case TC16.sh
Test case TC27.sh passed
>> Reverted brisk.cpp to original from brisk.MUT267.cpp

+++++ STDERR +++++

+++++ results for fast.MUT360.cpp +++++
+++++ STDOUT +++++
SELECT bug_idx FROM bug_info WHERE subject = %s AND experiment_name = %s AND version = %s ['opencv_features2d_TF_top30', 'TF_top30', 'fast.MUT360.cpp']
SELECT target_code_file, buggy_code_file, pre_start_line FROM bug_info WHERE bug_idx = %s [683]
SELECT tc_name, tc_result FROM tc_info WHERE bug_idx = %s [683]
Testing version fast.MUT360.cpp on faster19.swtv::core0
>> Building opencv_features2d_TF_top30
>> Applied patch to fast.cpp with fast.MUT360.cpp
>> Building opencv_features2d_TF_top30
TC17.sh on line 285 has count: 9256
Buggy line 285 is covered by test case TC17.sh
TC26.sh on line 285 has count: 5092
Buggy line 285 is covered by test case TC26.sh
>> Saving version fast.MUT360.cpp to database
>> Reverted fast.cpp to original from fast.MUT360.cpp
>> Cleaning build for opencv_features2d_TF_top30

+++++ STDERR +++++
