
+++++ results for fast_score.MUT430.cpp +++++
+++++ STDOUT +++++
SELECT bug_idx FROM bug_info WHERE subject = %s AND experiment_name = %s AND version = %s ['opencv_features2d_TF_top30', 'TF_top30', 'fast_score.MUT430.cpp']
SELECT target_code_file, buggy_code_file, pre_start_line FROM bug_info WHERE bug_idx = %s [12]
SELECT tc_name, tc_result FROM tc_info WHERE bug_idx = %s [12]
Testing version fast_score.MUT430.cpp on faster8.swtv::core0
>> Configuring opencv_features2d_TF_top30 with coverage
>> Building opencv_features2d_TF_top30
>> Applied patch to fast_score.cpp with fast_score.MUT430.cpp
>> Building opencv_features2d_TF_top30
Buggy line 314 is NOT covered by test case TC26.sh
>> Reverted fast_score.cpp to original from fast_score.MUT430.cpp

+++++ STDERR +++++

+++++ results for brisk.MUT492.cpp +++++
+++++ STDOUT +++++
SELECT bug_idx FROM bug_info WHERE subject = %s AND experiment_name = %s AND version = %s ['opencv_features2d_TF_top30', 'TF_top30', 'brisk.MUT492.cpp']
SELECT target_code_file, buggy_code_file, pre_start_line FROM bug_info WHERE bug_idx = %s [186]
SELECT tc_name, tc_result FROM tc_info WHERE bug_idx = %s [186]
Testing version brisk.MUT492.cpp on faster8.swtv::core0
>> Building opencv_features2d_TF_top30
>> Applied patch to brisk.cpp with brisk.MUT492.cpp
>> Building opencv_features2d_TF_top30
TC7.sh on line 598 has count: 1
Buggy line 598 is covered by test case TC7.sh
TC9.sh on line 598 has count: 1
Buggy line 598 is covered by test case TC9.sh
TC16.sh on line 598 has count: 1
Buggy line 598 is covered by test case TC16.sh
TC27.sh on line 598 has count: 1
Buggy line 598 is covered by test case TC27.sh
>> Saving version brisk.MUT492.cpp to database
>> Reverted brisk.cpp to original from brisk.MUT492.cpp

+++++ STDERR +++++

+++++ results for fast.avx2.MUT81.cpp +++++
+++++ STDOUT +++++
SELECT bug_idx FROM bug_info WHERE subject = %s AND experiment_name = %s AND version = %s ['opencv_features2d_TF_top30', 'TF_top30', 'fast.avx2.MUT81.cpp']
SELECT target_code_file, buggy_code_file, pre_start_line FROM bug_info WHERE bug_idx = %s [360]
SELECT tc_name, tc_result FROM tc_info WHERE bug_idx = %s [360]
Testing version fast.avx2.MUT81.cpp on faster8.swtv::core0
>> Building opencv_features2d_TF_top30
>> Applied patch to fast.avx2.cpp with fast.avx2.MUT81.cpp
>> Building opencv_features2d_TF_top30
TC17.sh on line 98 has count: 4542
Buggy line 98 is covered by test case TC17.sh
TC26.sh on line 98 has count: 47782
Buggy line 98 is covered by test case TC26.sh
>> Saving version fast.avx2.MUT81.cpp to database
>> Reverted fast.avx2.cpp to original from fast.avx2.MUT81.cpp

+++++ STDERR +++++

+++++ results for fast.avx2.MUT118.cpp +++++
+++++ STDOUT +++++
SELECT bug_idx FROM bug_info WHERE subject = %s AND experiment_name = %s AND version = %s ['opencv_features2d_TF_top30', 'TF_top30', 'fast.avx2.MUT118.cpp']
SELECT target_code_file, buggy_code_file, pre_start_line FROM bug_info WHERE bug_idx = %s [532]
SELECT tc_name, tc_result FROM tc_info WHERE bug_idx = %s [532]
Testing version fast.avx2.MUT118.cpp on faster8.swtv::core0
>> Building opencv_features2d_TF_top30
>> Applied patch to fast.avx2.cpp with fast.avx2.MUT118.cpp
>> Building opencv_features2d_TF_top30
TC17.sh on line 119 has count: 59600
Buggy line 119 is covered by test case TC17.sh
TC22.sh on line 119 has count: 147789
Buggy line 119 is covered by test case TC22.sh
TC26.sh on line 119 has count: 146216
Buggy line 119 is covered by test case TC26.sh
>> Saving version fast.avx2.MUT118.cpp to database
>> Reverted fast.avx2.cpp to original from fast.avx2.MUT118.cpp

+++++ STDERR +++++

+++++ results for fast_score.MUT299.cpp +++++
+++++ STDOUT +++++
SELECT bug_idx FROM bug_info WHERE subject = %s AND experiment_name = %s AND version = %s ['opencv_features2d_TF_top30', 'TF_top30', 'fast_score.MUT299.cpp']
SELECT target_code_file, buggy_code_file, pre_start_line FROM bug_info WHERE bug_idx = %s [265]
SELECT tc_name, tc_result FROM tc_info WHERE bug_idx = %s [265]
Testing version fast_score.MUT299.cpp on faster8.swtv::core0
>> Building opencv_features2d_TF_top30
>> Applied patch to fast_score.cpp with fast_score.MUT299.cpp
>> Building opencv_features2d_TF_top30
TC26.sh on line 244 has count: 7408
Buggy line 244 is covered by test case TC26.sh
>> Saving version fast_score.MUT299.cpp to database
>> Reverted fast_score.cpp to original from fast_score.MUT299.cpp

+++++ STDERR +++++

+++++ results for mser.MUT1346.cpp +++++
+++++ STDOUT +++++
SELECT bug_idx FROM bug_info WHERE subject = %s AND experiment_name = %s AND version = %s ['opencv_features2d_TF_top30', 'TF_top30', 'mser.MUT1346.cpp']
SELECT target_code_file, buggy_code_file, pre_start_line FROM bug_info WHERE bug_idx = %s [884]
SELECT tc_name, tc_result FROM tc_info WHERE bug_idx = %s [884]
Testing version mser.MUT1346.cpp on faster8.swtv::core0
>> Building opencv_features2d_TF_top30
>> Applied patch to mser.cpp with mser.MUT1346.cpp
>> Building opencv_features2d_TF_top30
TC32.sh on line 954 has count: 0
Buggy line 954 is NOT covered by test case TC32.sh
>> Reverted mser.cpp to original from mser.MUT1346.cpp

+++++ STDERR +++++

+++++ results for fast.avx2.MUT121.cpp +++++
+++++ STDOUT +++++
SELECT bug_idx FROM bug_info WHERE subject = %s AND experiment_name = %s AND version = %s ['opencv_features2d_TF_top30', 'TF_top30', 'fast.avx2.MUT121.cpp']
SELECT target_code_file, buggy_code_file, pre_start_line FROM bug_info WHERE bug_idx = %s [1061]
SELECT tc_name, tc_result FROM tc_info WHERE bug_idx = %s [1061]
Testing version fast.avx2.MUT121.cpp on faster8.swtv::core0
>> Building opencv_features2d_TF_top30
>> Applied patch to fast.avx2.cpp with fast.avx2.MUT121.cpp
>> Building opencv_features2d_TF_top30
TC17.sh on line 120 has count: 36743
Buggy line 120 is covered by test case TC17.sh
TC22.sh on line 120 has count: 84193
Buggy line 120 is covered by test case TC22.sh
TC26.sh on line 120 has count: 53877
Buggy line 120 is covered by test case TC26.sh
>> Saving version fast.avx2.MUT121.cpp to database
>> Reverted fast.avx2.cpp to original from fast.avx2.MUT121.cpp

+++++ STDERR +++++

+++++ results for mser.MUT803.cpp +++++
+++++ STDOUT +++++
SELECT bug_idx FROM bug_info WHERE subject = %s AND experiment_name = %s AND version = %s ['opencv_features2d_TF_top30', 'TF_top30', 'mser.MUT803.cpp']
SELECT target_code_file, buggy_code_file, pre_start_line FROM bug_info WHERE bug_idx = %s [1240]
SELECT tc_name, tc_result FROM tc_info WHERE bug_idx = %s [1240]
Testing version mser.MUT803.cpp on faster8.swtv::core0
>> Building opencv_features2d_TF_top30
>> Applied patch to mser.cpp with mser.MUT803.cpp
>> Building opencv_features2d_TF_top30
Buggy line 690 is NOT covered by test case TC32.sh
>> Reverted mser.cpp to original from mser.MUT803.cpp

+++++ STDERR +++++

+++++ results for brisk.MUT770.cpp +++++
+++++ STDOUT +++++
SELECT bug_idx FROM bug_info WHERE subject = %s AND experiment_name = %s AND version = %s ['opencv_features2d_TF_top30', 'TF_top30', 'brisk.MUT770.cpp']
SELECT target_code_file, buggy_code_file, pre_start_line FROM bug_info WHERE bug_idx = %s [1419]
SELECT tc_name, tc_result FROM tc_info WHERE bug_idx = %s [1419]
Testing version brisk.MUT770.cpp on faster8.swtv::core0
>> Building opencv_features2d_TF_top30
>> Applied patch to brisk.cpp with brisk.MUT770.cpp
>> Building opencv_features2d_TF_top30
Buggy line 750 is NOT covered by test case TC9.sh
>> Reverted brisk.cpp to original from brisk.MUT770.cpp

+++++ STDERR +++++

+++++ results for brisk.MUT2772.cpp +++++
+++++ STDOUT +++++
SELECT bug_idx FROM bug_info WHERE subject = %s AND experiment_name = %s AND version = %s ['opencv_features2d_TF_top30', 'TF_top30', 'brisk.MUT2772.cpp']
SELECT target_code_file, buggy_code_file, pre_start_line FROM bug_info WHERE bug_idx = %s [1598]
SELECT tc_name, tc_result FROM tc_info WHERE bug_idx = %s [1598]
Testing version brisk.MUT2772.cpp on faster8.swtv::core0
>> Building opencv_features2d_TF_top30
>> Applied patch to brisk.cpp with brisk.MUT2772.cpp
>> Building opencv_features2d_TF_top30
Buggy line 1980 is NOT covered by test case TC16.sh
>> Reverted brisk.cpp to original from brisk.MUT2772.cpp

+++++ STDERR +++++

+++++ results for brisk.MUT2169.cpp +++++
+++++ STDOUT +++++
SELECT bug_idx FROM bug_info WHERE subject = %s AND experiment_name = %s AND version = %s ['opencv_features2d_TF_top30', 'TF_top30', 'brisk.MUT2169.cpp']
SELECT target_code_file, buggy_code_file, pre_start_line FROM bug_info WHERE bug_idx = %s [1776]
SELECT tc_name, tc_result FROM tc_info WHERE bug_idx = %s [1776]
Testing version brisk.MUT2169.cpp on faster8.swtv::core0
>> Building opencv_features2d_TF_top30
>> Applied patch to brisk.cpp with brisk.MUT2169.cpp
>> Building opencv_features2d_TF_top30
Test case TC7.sh passed
>> Reverted brisk.cpp to original from brisk.MUT2169.cpp

+++++ STDERR +++++

+++++ results for brisk.MUT1942.cpp +++++
+++++ STDOUT +++++
SELECT bug_idx FROM bug_info WHERE subject = %s AND experiment_name = %s AND version = %s ['opencv_features2d_TF_top30', 'TF_top30', 'brisk.MUT1942.cpp']
SELECT target_code_file, buggy_code_file, pre_start_line FROM bug_info WHERE bug_idx = %s [1947]
SELECT tc_name, tc_result FROM tc_info WHERE bug_idx = %s [1947]
Testing version brisk.MUT1942.cpp on faster8.swtv::core0
>> Building opencv_features2d_TF_top30
>> Applied patch to brisk.cpp with brisk.MUT1942.cpp
>> Building opencv_features2d_TF_top30
TC16.sh on line 1485 has count: 129
Buggy line 1485 is covered by test case TC16.sh
>> Saving version brisk.MUT1942.cpp to database
>> Reverted brisk.cpp to original from brisk.MUT1942.cpp

+++++ STDERR +++++

+++++ results for mser.MUT934.cpp +++++
+++++ STDOUT +++++
SELECT bug_idx FROM bug_info WHERE subject = %s AND experiment_name = %s AND version = %s ['opencv_features2d_TF_top30', 'TF_top30', 'mser.MUT934.cpp']
SELECT target_code_file, buggy_code_file, pre_start_line FROM bug_info WHERE bug_idx = %s [601]
SELECT tc_name, tc_result FROM tc_info WHERE bug_idx = %s [601]
Testing version mser.MUT934.cpp on faster8.swtv::core0
>> Building opencv_features2d_TF_top30
>> Applied patch to mser.cpp with mser.MUT934.cpp
>> Building opencv_features2d_TF_top30
Buggy line 747 is NOT covered by test case TC32.sh
>> Reverted mser.cpp to original from mser.MUT934.cpp

+++++ STDERR +++++

+++++ results for brisk.MUT1886.cpp +++++
+++++ STDOUT +++++
SELECT bug_idx FROM bug_info WHERE subject = %s AND experiment_name = %s AND version = %s ['opencv_features2d_TF_top30', 'TF_top30', 'brisk.MUT1886.cpp']
SELECT target_code_file, buggy_code_file, pre_start_line FROM bug_info WHERE bug_idx = %s [1159]
SELECT tc_name, tc_result FROM tc_info WHERE bug_idx = %s [1159]
Testing version brisk.MUT1886.cpp on faster8.swtv::core0
>> Building opencv_features2d_TF_top30
>> Applied patch to brisk.cpp with brisk.MUT1886.cpp
>> Building opencv_features2d_TF_top30
TC16.sh on line 1459 has count: 523
Buggy line 1459 is covered by test case TC16.sh
>> Saving version brisk.MUT1886.cpp to database
>> Reverted brisk.cpp to original from brisk.MUT1886.cpp

+++++ STDERR +++++

+++++ results for brisk.MUT797.cpp +++++
+++++ STDOUT +++++
SELECT bug_idx FROM bug_info WHERE subject = %s AND experiment_name = %s AND version = %s ['opencv_features2d_TF_top30', 'TF_top30', 'brisk.MUT797.cpp']
SELECT target_code_file, buggy_code_file, pre_start_line FROM bug_info WHERE bug_idx = %s [1710]
SELECT tc_name, tc_result FROM tc_info WHERE bug_idx = %s [1710]
Testing version brisk.MUT797.cpp on faster8.swtv::core0
>> Building opencv_features2d_TF_top30
>> Applied patch to brisk.cpp with brisk.MUT797.cpp
>> Building opencv_features2d_TF_top30
TC9.sh on line 763 has count: 676
Buggy line 763 is covered by test case TC9.sh
TC16.sh on line 763 has count: 1369
Buggy line 763 is covered by test case TC16.sh
>> Saving version brisk.MUT797.cpp to database
>> Reverted brisk.cpp to original from brisk.MUT797.cpp

+++++ STDERR +++++

+++++ results for brisk.MUT2752.cpp +++++
+++++ STDOUT +++++
SELECT bug_idx FROM bug_info WHERE subject = %s AND experiment_name = %s AND version = %s ['opencv_features2d_TF_top30', 'TF_top30', 'brisk.MUT2752.cpp']
SELECT target_code_file, buggy_code_file, pre_start_line FROM bug_info WHERE bug_idx = %s [827]
SELECT tc_name, tc_result FROM tc_info WHERE bug_idx = %s [827]
Testing version brisk.MUT2752.cpp on faster8.swtv::core0
>> Building opencv_features2d_TF_top30
>> Applied patch to brisk.cpp with brisk.MUT2752.cpp
>> Building opencv_features2d_TF_top30
TC16.sh on line 1968 has count: 282
Buggy line 1968 is covered by test case TC16.sh
>> Saving version brisk.MUT2752.cpp to database
>> Reverted brisk.cpp to original from brisk.MUT2752.cpp
>> Cleaning build for opencv_features2d_TF_top30

+++++ STDERR +++++
