
+++++ results for fast.MUT379.cpp +++++
+++++ STDOUT +++++
SELECT bug_idx FROM bug_info WHERE subject = %s AND experiment_name = %s AND version = %s ['opencv_features2d_TF_top30', 'TF_top30', 'fast.MUT379.cpp']
SELECT target_code_file, buggy_code_file, pre_start_line FROM bug_info WHERE bug_idx = %s [35]
SELECT tc_name, tc_result FROM tc_info WHERE bug_idx = %s [35]
Testing version fast.MUT379.cpp on faster14.swtv::core1
>> Configuring opencv_features2d_TF_top30 with coverage
>> Building opencv_features2d_TF_top30
>> Applied patch to fast.cpp with fast.MUT379.cpp
>> Building opencv_features2d_TF_top30
Buggy line 449 is NOT covered by test case TC14.sh
>> Reverted fast.cpp to original from fast.MUT379.cpp

+++++ STDERR +++++

+++++ results for fast.MUT307.cpp +++++
+++++ STDOUT +++++
SELECT bug_idx FROM bug_info WHERE subject = %s AND experiment_name = %s AND version = %s ['opencv_features2d_TF_top30', 'TF_top30', 'fast.MUT307.cpp']
SELECT target_code_file, buggy_code_file, pre_start_line FROM bug_info WHERE bug_idx = %s [208]
SELECT tc_name, tc_result FROM tc_info WHERE bug_idx = %s [208]
Testing version fast.MUT307.cpp on faster14.swtv::core1
>> Building opencv_features2d_TF_top30
>> Applied patch to fast.cpp with fast.MUT307.cpp
>> Building opencv_features2d_TF_top30
TC17.sh on line 252 has count: 7850
Buggy line 252 is covered by test case TC17.sh
TC26.sh on line 252 has count: 194598
Buggy line 252 is covered by test case TC26.sh
>> Saving version fast.MUT307.cpp to database
>> Reverted fast.cpp to original from fast.MUT307.cpp

+++++ STDERR +++++

+++++ results for fast.MUT230.cpp +++++
+++++ STDOUT +++++
SELECT bug_idx FROM bug_info WHERE subject = %s AND experiment_name = %s AND version = %s ['opencv_features2d_TF_top30', 'TF_top30', 'fast.MUT230.cpp']
SELECT target_code_file, buggy_code_file, pre_start_line FROM bug_info WHERE bug_idx = %s [381]
SELECT tc_name, tc_result FROM tc_info WHERE bug_idx = %s [381]
Testing version fast.MUT230.cpp on faster14.swtv::core1
>> Building opencv_features2d_TF_top30
>> Applied patch to fast.cpp with fast.MUT230.cpp
>> Building opencv_features2d_TF_top30
TC26.sh on line 206 has count: 2914040
Buggy line 206 is covered by test case TC26.sh
>> Saving version fast.MUT230.cpp to database
>> Reverted fast.cpp to original from fast.MUT230.cpp

+++++ STDERR +++++

+++++ results for fast_score.MUT23.cpp +++++
+++++ STDOUT +++++
SELECT bug_idx FROM bug_info WHERE subject = %s AND experiment_name = %s AND version = %s ['opencv_features2d_TF_top30', 'TF_top30', 'fast_score.MUT23.cpp']
SELECT target_code_file, buggy_code_file, pre_start_line FROM bug_info WHERE bug_idx = %s [554]
SELECT tc_name, tc_result FROM tc_info WHERE bug_idx = %s [554]
Testing version fast_score.MUT23.cpp on faster14.swtv::core1
>> Building opencv_features2d_TF_top30
>> Applied patch to fast_score.cpp with fast_score.MUT23.cpp
>> Building opencv_features2d_TF_top30
TC17.sh on line 79 has count: 1
Buggy line 79 is covered by test case TC17.sh
TC22.sh on line 79 has count: 1
Buggy line 79 is covered by test case TC22.sh
TC26.sh on line 79 has count: 1
Buggy line 79 is covered by test case TC26.sh
TC33.sh on line 79 has count: 1
Buggy line 79 is covered by test case TC33.sh
>> Saving version fast_score.MUT23.cpp to database
>> Reverted fast_score.cpp to original from fast_score.MUT23.cpp

+++++ STDERR +++++

+++++ results for mser.MUT925.cpp +++++
+++++ STDOUT +++++
SELECT bug_idx FROM bug_info WHERE subject = %s AND experiment_name = %s AND version = %s ['opencv_features2d_TF_top30', 'TF_top30', 'mser.MUT925.cpp']
SELECT target_code_file, buggy_code_file, pre_start_line FROM bug_info WHERE bug_idx = %s [731]
SELECT tc_name, tc_result FROM tc_info WHERE bug_idx = %s [731]
Testing version mser.MUT925.cpp on faster14.swtv::core1
>> Building opencv_features2d_TF_top30
>> Applied patch to mser.cpp with mser.MUT925.cpp
>> Building opencv_features2d_TF_top30
TC32.sh on line 743 has count: 1
Buggy line 743 is covered by test case TC32.sh
>> Saving version mser.MUT925.cpp to database
>> Reverted mser.cpp to original from mser.MUT925.cpp

+++++ STDERR +++++

+++++ results for brisk.MUT893.cpp +++++
+++++ STDOUT +++++
SELECT bug_idx FROM bug_info WHERE subject = %s AND experiment_name = %s AND version = %s ['opencv_features2d_TF_top30', 'TF_top30', 'brisk.MUT893.cpp']
SELECT target_code_file, buggy_code_file, pre_start_line FROM bug_info WHERE bug_idx = %s [908]
SELECT tc_name, tc_result FROM tc_info WHERE bug_idx = %s [908]
Testing version brisk.MUT893.cpp on faster14.swtv::core1
>> Building opencv_features2d_TF_top30
>> Applied patch to brisk.cpp with brisk.MUT893.cpp
>> Building opencv_features2d_TF_top30
TC16.sh on line 829 has count: 913500
Buggy line 829 is covered by test case TC16.sh
>> Saving version brisk.MUT893.cpp to database
>> Reverted brisk.cpp to original from brisk.MUT893.cpp

+++++ STDERR +++++

+++++ results for brisk.MUT2747.cpp +++++
+++++ STDOUT +++++
SELECT bug_idx FROM bug_info WHERE subject = %s AND experiment_name = %s AND version = %s ['opencv_features2d_TF_top30', 'TF_top30', 'brisk.MUT2747.cpp']
SELECT target_code_file, buggy_code_file, pre_start_line FROM bug_info WHERE bug_idx = %s [1083]
SELECT tc_name, tc_result FROM tc_info WHERE bug_idx = %s [1083]
Testing version brisk.MUT2747.cpp on faster14.swtv::core1
>> Building opencv_features2d_TF_top30
>> Applied patch to brisk.cpp with brisk.MUT2747.cpp
>> Building opencv_features2d_TF_top30
Buggy line 1967 is NOT covered by test case TC16.sh
>> Reverted brisk.cpp to original from brisk.MUT2747.cpp

+++++ STDERR +++++

+++++ results for brisk.MUT653.cpp +++++
+++++ STDOUT +++++
SELECT bug_idx FROM bug_info WHERE subject = %s AND experiment_name = %s AND version = %s ['opencv_features2d_TF_top30', 'TF_top30', 'brisk.MUT653.cpp']
SELECT target_code_file, buggy_code_file, pre_start_line FROM bug_info WHERE bug_idx = %s [1264]
SELECT tc_name, tc_result FROM tc_info WHERE bug_idx = %s [1264]
Testing version brisk.MUT653.cpp on faster14.swtv::core1
>> Building opencv_features2d_TF_top30
>> Applied patch to brisk.cpp with brisk.MUT653.cpp
>> Building opencv_features2d_TF_top30
TC16.sh on line 664 has count: 62257
Buggy line 664 is covered by test case TC16.sh
>> Saving version brisk.MUT653.cpp to database
>> Reverted brisk.cpp to original from brisk.MUT653.cpp

+++++ STDERR +++++

+++++ results for brisk.MUT405.cpp +++++
+++++ STDOUT +++++
SELECT bug_idx FROM bug_info WHERE subject = %s AND experiment_name = %s AND version = %s ['opencv_features2d_TF_top30', 'TF_top30', 'brisk.MUT405.cpp']
SELECT target_code_file, buggy_code_file, pre_start_line FROM bug_info WHERE bug_idx = %s [1444]
SELECT tc_name, tc_result FROM tc_info WHERE bug_idx = %s [1444]
Testing version brisk.MUT405.cpp on faster14.swtv::core1
>> Building opencv_features2d_TF_top30
>> Applied patch to brisk.cpp with brisk.MUT405.cpp
>> Building opencv_features2d_TF_top30
TC9.sh on line 531 has count: 900
Buggy line 531 is covered by test case TC9.sh
>> Saving version brisk.MUT405.cpp to database
>> Reverted brisk.cpp to original from brisk.MUT405.cpp

+++++ STDERR +++++

+++++ results for brisk.MUT852.cpp +++++
+++++ STDOUT +++++
SELECT bug_idx FROM bug_info WHERE subject = %s AND experiment_name = %s AND version = %s ['opencv_features2d_TF_top30', 'TF_top30', 'brisk.MUT852.cpp']
SELECT target_code_file, buggy_code_file, pre_start_line FROM bug_info WHERE bug_idx = %s [1624]
SELECT tc_name, tc_result FROM tc_info WHERE bug_idx = %s [1624]
Testing version brisk.MUT852.cpp on faster14.swtv::core1
>> Building opencv_features2d_TF_top30
>> Applied patch to brisk.cpp with brisk.MUT852.cpp
>> Building opencv_features2d_TF_top30
Buggy line 806 is NOT covered by test case TC9.sh
>> Reverted brisk.cpp to original from brisk.MUT852.cpp

+++++ STDERR +++++

+++++ results for fast_score.MUT105.cpp +++++
+++++ STDOUT +++++
SELECT bug_idx FROM bug_info WHERE subject = %s AND experiment_name = %s AND version = %s ['opencv_features2d_TF_top30', 'TF_top30', 'fast_score.MUT105.cpp']
SELECT target_code_file, buggy_code_file, pre_start_line FROM bug_info WHERE bug_idx = %s [1801]
SELECT tc_name, tc_result FROM tc_info WHERE bug_idx = %s [1801]
Testing version fast_score.MUT105.cpp on faster14.swtv::core1
>> Building opencv_features2d_TF_top30
>> Applied patch to fast_score.cpp with fast_score.MUT105.cpp
>> Building opencv_features2d_TF_top30
Buggy line 151 is NOT covered by test case TC26.sh
>> Reverted fast_score.cpp to original from fast_score.MUT105.cpp

+++++ STDERR +++++

+++++ results for brisk.MUT2324.cpp +++++
+++++ STDOUT +++++
SELECT bug_idx FROM bug_info WHERE subject = %s AND experiment_name = %s AND version = %s ['opencv_features2d_TF_top30', 'TF_top30', 'brisk.MUT2324.cpp']
SELECT target_code_file, buggy_code_file, pre_start_line FROM bug_info WHERE bug_idx = %s [86]
SELECT tc_name, tc_result FROM tc_info WHERE bug_idx = %s [86]
Testing version brisk.MUT2324.cpp on faster14.swtv::core1
>> Building opencv_features2d_TF_top30
>> Applied patch to brisk.cpp with brisk.MUT2324.cpp
>> Building opencv_features2d_TF_top30
Buggy line 1727 is NOT covered by test case TC16.sh
>> Reverted brisk.cpp to original from brisk.MUT2324.cpp

+++++ STDERR +++++

+++++ results for brisk.MUT1507.cpp +++++
+++++ STDOUT +++++
SELECT bug_idx FROM bug_info WHERE subject = %s AND experiment_name = %s AND version = %s ['opencv_features2d_TF_top30', 'TF_top30', 'brisk.MUT1507.cpp']
SELECT target_code_file, buggy_code_file, pre_start_line FROM bug_info WHERE bug_idx = %s [681]
SELECT tc_name, tc_result FROM tc_info WHERE bug_idx = %s [681]
Testing version brisk.MUT1507.cpp on faster14.swtv::core1
>> Building opencv_features2d_TF_top30
>> Applied patch to brisk.cpp with brisk.MUT1507.cpp
>> Building opencv_features2d_TF_top30
TC16.sh on line 1248 has count: 3908
Buggy line 1248 is covered by test case TC16.sh
>> Saving version brisk.MUT1507.cpp to database
>> Reverted brisk.cpp to original from brisk.MUT1507.cpp

+++++ STDERR +++++

+++++ results for brisk.MUT388.cpp +++++
+++++ STDOUT +++++
SELECT bug_idx FROM bug_info WHERE subject = %s AND experiment_name = %s AND version = %s ['opencv_features2d_TF_top30', 'TF_top30', 'brisk.MUT388.cpp']
SELECT target_code_file, buggy_code_file, pre_start_line FROM bug_info WHERE bug_idx = %s [1237]
SELECT tc_name, tc_result FROM tc_info WHERE bug_idx = %s [1237]
Testing version brisk.MUT388.cpp on faster14.swtv::core1
>> Building opencv_features2d_TF_top30
>> Applied patch to brisk.cpp with brisk.MUT388.cpp
>> Building opencv_features2d_TF_top30
TC7.sh on line 524 has count: 870
Buggy line 524 is covered by test case TC7.sh
TC16.sh on line 524 has count: 870
Buggy line 524 is covered by test case TC16.sh
TC49.sh on line 524 has count: 870
Buggy line 524 is covered by test case TC49.sh
>> Saving version brisk.MUT388.cpp to database
>> Reverted brisk.cpp to original from brisk.MUT388.cpp

+++++ STDERR +++++

+++++ results for brisk.MUT2832.cpp +++++
+++++ STDOUT +++++
SELECT bug_idx FROM bug_info WHERE subject = %s AND experiment_name = %s AND version = %s ['opencv_features2d_TF_top30', 'TF_top30', 'brisk.MUT2832.cpp']
SELECT target_code_file, buggy_code_file, pre_start_line FROM bug_info WHERE bug_idx = %s [1790]
SELECT tc_name, tc_result FROM tc_info WHERE bug_idx = %s [1790]
Testing version brisk.MUT2832.cpp on faster14.swtv::core1
>> Building opencv_features2d_TF_top30
>> Applied patch to brisk.cpp with brisk.MUT2832.cpp
>> Building opencv_features2d_TF_top30
TC16.sh on line 2017 has count: 693
Buggy line 2017 is covered by test case TC16.sh
>> Saving version brisk.MUT2832.cpp to database
>> Reverted brisk.cpp to original from brisk.MUT2832.cpp

+++++ STDERR +++++

+++++ results for fast.avx2.MUT31.cpp +++++
+++++ STDOUT +++++
SELECT bug_idx FROM bug_info WHERE subject = %s AND experiment_name = %s AND version = %s ['opencv_features2d_TF_top30', 'TF_top30', 'fast.avx2.MUT31.cpp']
SELECT target_code_file, buggy_code_file, pre_start_line FROM bug_info WHERE bug_idx = %s [1735]
SELECT tc_name, tc_result FROM tc_info WHERE bug_idx = %s [1735]
Testing version fast.avx2.MUT31.cpp on faster14.swtv::core1
>> Building opencv_features2d_TF_top30
>> Applied patch to fast.avx2.cpp with fast.avx2.MUT31.cpp
>> Building opencv_features2d_TF_top30
TC26.sh on line 76 has count: 46210
Buggy line 76 is covered by test case TC26.sh
>> Saving version fast.avx2.MUT31.cpp to database
>> Reverted fast.avx2.cpp to original from fast.avx2.MUT31.cpp
>> Cleaning build for opencv_features2d_TF_top30

+++++ STDERR +++++
