
+++++ results for mser.MUT820.cpp +++++
+++++ STDOUT +++++
SELECT bug_idx FROM bug_info WHERE subject = %s AND experiment_name = %s AND version = %s ['opencv_features2d_TF_top30', 'TF_top30', 'mser.MUT820.cpp']
SELECT target_code_file, buggy_code_file, pre_start_line FROM bug_info WHERE bug_idx = %s [38]
SELECT tc_name, tc_result FROM tc_info WHERE bug_idx = %s [38]
Testing version mser.MUT820.cpp on faster14.swtv::core4
>> Configuring opencv_features2d_TF_top30 with coverage
>> Building opencv_features2d_TF_top30
>> Applied patch to mser.cpp with mser.MUT820.cpp
>> Building opencv_features2d_TF_top30
TC32.sh on line 697 has count: 1
Buggy line 697 is covered by test case TC32.sh
>> Saving version mser.MUT820.cpp to database
>> Reverted mser.cpp to original from mser.MUT820.cpp

+++++ STDERR +++++

+++++ results for fast_score.MUT113.cpp +++++
+++++ STDOUT +++++
SELECT bug_idx FROM bug_info WHERE subject = %s AND experiment_name = %s AND version = %s ['opencv_features2d_TF_top30', 'TF_top30', 'fast_score.MUT113.cpp']
SELECT target_code_file, buggy_code_file, pre_start_line FROM bug_info WHERE bug_idx = %s [212]
SELECT tc_name, tc_result FROM tc_info WHERE bug_idx = %s [212]
Testing version fast_score.MUT113.cpp on faster14.swtv::core4
>> Building opencv_features2d_TF_top30
>> Applied patch to fast_score.cpp with fast_score.MUT113.cpp
>> Building opencv_features2d_TF_top30
Buggy line 153 is NOT covered by test case TC26.sh
>> Reverted fast_score.cpp to original from fast_score.MUT113.cpp

+++++ STDERR +++++

+++++ results for mser.MUT1231.cpp +++++
+++++ STDOUT +++++
SELECT bug_idx FROM bug_info WHERE subject = %s AND experiment_name = %s AND version = %s ['opencv_features2d_TF_top30', 'TF_top30', 'mser.MUT1231.cpp']
SELECT target_code_file, buggy_code_file, pre_start_line FROM bug_info WHERE bug_idx = %s [384]
SELECT tc_name, tc_result FROM tc_info WHERE bug_idx = %s [384]
Testing version mser.MUT1231.cpp on faster14.swtv::core4
>> Building opencv_features2d_TF_top30
>> Applied patch to mser.cpp with mser.MUT1231.cpp
>> Building opencv_features2d_TF_top30
Buggy line 887 is NOT covered by test case TC32.sh
>> Reverted mser.cpp to original from mser.MUT1231.cpp

+++++ STDERR +++++

+++++ results for fast.MUT17.cpp +++++
+++++ STDOUT +++++
SELECT bug_idx FROM bug_info WHERE subject = %s AND experiment_name = %s AND version = %s ['opencv_features2d_TF_top30', 'TF_top30', 'fast.MUT17.cpp']
SELECT target_code_file, buggy_code_file, pre_start_line FROM bug_info WHERE bug_idx = %s [558]
SELECT tc_name, tc_result FROM tc_info WHERE bug_idx = %s [558]
Testing version fast.MUT17.cpp on faster14.swtv::core4
>> Building opencv_features2d_TF_top30
>> Applied patch to fast.cpp with fast.MUT17.cpp
>> Building opencv_features2d_TF_top30
TC17.sh on line 78 has count: 2
Buggy line 78 is covered by test case TC17.sh
TC26.sh on line 78 has count: 4
Buggy line 78 is covered by test case TC26.sh
>> Saving version fast.MUT17.cpp to database
>> Reverted fast.cpp to original from fast.MUT17.cpp

+++++ STDERR +++++

+++++ results for fast.avx2.MUT83.cpp +++++
+++++ STDOUT +++++
SELECT bug_idx FROM bug_info WHERE subject = %s AND experiment_name = %s AND version = %s ['opencv_features2d_TF_top30', 'TF_top30', 'fast.avx2.MUT83.cpp']
SELECT target_code_file, buggy_code_file, pre_start_line FROM bug_info WHERE bug_idx = %s [734]
SELECT tc_name, tc_result FROM tc_info WHERE bug_idx = %s [734]
Testing version fast.avx2.MUT83.cpp on faster14.swtv::core4
>> Building opencv_features2d_TF_top30
>> Applied patch to fast.avx2.cpp with fast.avx2.MUT83.cpp
>> Building opencv_features2d_TF_top30
TC17.sh on line 98 has count: 576
Buggy line 98 is covered by test case TC17.sh
TC22.sh on line 98 has count: 1677
Buggy line 98 is covered by test case TC22.sh
TC26.sh on line 98 has count: 5139
Buggy line 98 is covered by test case TC26.sh
>> Saving version fast.avx2.MUT83.cpp to database
>> Reverted fast.avx2.cpp to original from fast.avx2.MUT83.cpp

+++++ STDERR +++++

+++++ results for mser.MUT941.cpp +++++
+++++ STDOUT +++++
SELECT bug_idx FROM bug_info WHERE subject = %s AND experiment_name = %s AND version = %s ['opencv_features2d_TF_top30', 'TF_top30', 'mser.MUT941.cpp']
SELECT target_code_file, buggy_code_file, pre_start_line FROM bug_info WHERE bug_idx = %s [911]
SELECT tc_name, tc_result FROM tc_info WHERE bug_idx = %s [911]
Testing version mser.MUT941.cpp on faster14.swtv::core4
>> Building opencv_features2d_TF_top30
>> Applied patch to mser.cpp with mser.MUT941.cpp
>> Building opencv_features2d_TF_top30
Buggy line 750 is NOT covered by test case TC32.sh
>> Reverted mser.cpp to original from mser.MUT941.cpp

+++++ STDERR +++++

+++++ results for brisk.MUT2028.cpp +++++
+++++ STDOUT +++++
SELECT bug_idx FROM bug_info WHERE subject = %s AND experiment_name = %s AND version = %s ['opencv_features2d_TF_top30', 'TF_top30', 'brisk.MUT2028.cpp']
SELECT target_code_file, buggy_code_file, pre_start_line FROM bug_info WHERE bug_idx = %s [1087]
SELECT tc_name, tc_result FROM tc_info WHERE bug_idx = %s [1087]
Testing version brisk.MUT2028.cpp on faster14.swtv::core4
>> Building opencv_features2d_TF_top30
>> Applied patch to brisk.cpp with brisk.MUT2028.cpp
>> Building opencv_features2d_TF_top30
TC16.sh on line 1552 has count: 762
Buggy line 1552 is covered by test case TC16.sh
>> Saving version brisk.MUT2028.cpp to database
>> Reverted brisk.cpp to original from brisk.MUT2028.cpp

+++++ STDERR +++++

+++++ results for brisk.MUT1982.cpp +++++
+++++ STDOUT +++++
SELECT bug_idx FROM bug_info WHERE subject = %s AND experiment_name = %s AND version = %s ['opencv_features2d_TF_top30', 'TF_top30', 'brisk.MUT1982.cpp']
SELECT target_code_file, buggy_code_file, pre_start_line FROM bug_info WHERE bug_idx = %s [1268]
SELECT tc_name, tc_result FROM tc_info WHERE bug_idx = %s [1268]
Testing version brisk.MUT1982.cpp on faster14.swtv::core4
>> Building opencv_features2d_TF_top30
>> Applied patch to brisk.cpp with brisk.MUT1982.cpp
>> Building opencv_features2d_TF_top30
TC16.sh on line 1527 has count: 1265
Buggy line 1527 is covered by test case TC16.sh
>> Saving version brisk.MUT1982.cpp to database
>> Reverted brisk.cpp to original from brisk.MUT1982.cpp

+++++ STDERR +++++

+++++ results for brisk.MUT2706.cpp +++++
+++++ STDOUT +++++
SELECT bug_idx FROM bug_info WHERE subject = %s AND experiment_name = %s AND version = %s ['opencv_features2d_TF_top30', 'TF_top30', 'brisk.MUT2706.cpp']
SELECT target_code_file, buggy_code_file, pre_start_line FROM bug_info WHERE bug_idx = %s [1448]
SELECT tc_name, tc_result FROM tc_info WHERE bug_idx = %s [1448]
Testing version brisk.MUT2706.cpp on faster14.swtv::core4
>> Building opencv_features2d_TF_top30
>> Applied patch to brisk.cpp with brisk.MUT2706.cpp
>> Building opencv_features2d_TF_top30
TC16.sh on line 1941 has count: 306
Buggy line 1941 is covered by test case TC16.sh
>> Saving version brisk.MUT2706.cpp to database
>> Reverted brisk.cpp to original from brisk.MUT2706.cpp

+++++ STDERR +++++

+++++ results for brisk.MUT2738.cpp +++++
+++++ STDOUT +++++
SELECT bug_idx FROM bug_info WHERE subject = %s AND experiment_name = %s AND version = %s ['opencv_features2d_TF_top30', 'TF_top30', 'brisk.MUT2738.cpp']
SELECT target_code_file, buggy_code_file, pre_start_line FROM bug_info WHERE bug_idx = %s [1628]
SELECT tc_name, tc_result FROM tc_info WHERE bug_idx = %s [1628]
Testing version brisk.MUT2738.cpp on faster14.swtv::core4
>> Building opencv_features2d_TF_top30
>> Applied patch to brisk.cpp with brisk.MUT2738.cpp
>> Building opencv_features2d_TF_top30
TC16.sh on line 1962 has count: 295
Buggy line 1962 is covered by test case TC16.sh
>> Saving version brisk.MUT2738.cpp to database
>> Reverted brisk.cpp to original from brisk.MUT2738.cpp

+++++ STDERR +++++

+++++ results for brisk.MUT243.cpp +++++
+++++ STDOUT +++++
SELECT bug_idx FROM bug_info WHERE subject = %s AND experiment_name = %s AND version = %s ['opencv_features2d_TF_top30', 'TF_top30', 'brisk.MUT243.cpp']
SELECT target_code_file, buggy_code_file, pre_start_line FROM bug_info WHERE bug_idx = %s [1804]
SELECT tc_name, tc_result FROM tc_info WHERE bug_idx = %s [1804]
Testing version brisk.MUT243.cpp on faster14.swtv::core4
>> Building opencv_features2d_TF_top30
>> Applied patch to brisk.cpp with brisk.MUT243.cpp
>> Building opencv_features2d_TF_top30
TC7.sh on line 448 has count: 66
Buggy line 448 is covered by test case TC7.sh
>> Saving version brisk.MUT243.cpp to database
>> Reverted brisk.cpp to original from brisk.MUT243.cpp

+++++ STDERR +++++

+++++ results for brisk.MUT358.cpp +++++
+++++ STDOUT +++++
SELECT bug_idx FROM bug_info WHERE subject = %s AND experiment_name = %s AND version = %s ['opencv_features2d_TF_top30', 'TF_top30', 'brisk.MUT358.cpp']
SELECT target_code_file, buggy_code_file, pre_start_line FROM bug_info WHERE bug_idx = %s [97]
SELECT tc_name, tc_result FROM tc_info WHERE bug_idx = %s [97]
Testing version brisk.MUT358.cpp on faster14.swtv::core4
>> Building opencv_features2d_TF_top30
>> Applied patch to brisk.cpp with brisk.MUT358.cpp
>> Building opencv_features2d_TF_top30
TC9.sh on line 509 has count: 1770
Buggy line 509 is covered by test case TC9.sh
>> Saving version brisk.MUT358.cpp to database
>> Reverted brisk.cpp to original from brisk.MUT358.cpp

+++++ STDERR +++++

+++++ results for mser.MUT811.cpp +++++
+++++ STDOUT +++++
SELECT bug_idx FROM bug_info WHERE subject = %s AND experiment_name = %s AND version = %s ['opencv_features2d_TF_top30', 'TF_top30', 'mser.MUT811.cpp']
SELECT target_code_file, buggy_code_file, pre_start_line FROM bug_info WHERE bug_idx = %s [696]
SELECT tc_name, tc_result FROM tc_info WHERE bug_idx = %s [696]
Testing version mser.MUT811.cpp on faster14.swtv::core4
>> Building opencv_features2d_TF_top30
>> Applied patch to mser.cpp with mser.MUT811.cpp
>> Building opencv_features2d_TF_top30
TC32.sh on line 693 has count: 1
Buggy line 693 is covered by test case TC32.sh
>> Saving version mser.MUT811.cpp to database
>> Reverted mser.cpp to original from mser.MUT811.cpp

+++++ STDERR +++++

+++++ results for brisk.MUT1973.cpp +++++
+++++ STDOUT +++++
SELECT bug_idx FROM bug_info WHERE subject = %s AND experiment_name = %s AND version = %s ['opencv_features2d_TF_top30', 'TF_top30', 'brisk.MUT1973.cpp']
SELECT target_code_file, buggy_code_file, pre_start_line FROM bug_info WHERE bug_idx = %s [1253]
SELECT tc_name, tc_result FROM tc_info WHERE bug_idx = %s [1253]
Testing version brisk.MUT1973.cpp on faster14.swtv::core4
>> Building opencv_features2d_TF_top30
>> Applied patch to brisk.cpp with brisk.MUT1973.cpp
>> Building opencv_features2d_TF_top30
Buggy line 1524 is NOT covered by test case TC16.sh
>> Reverted brisk.cpp to original from brisk.MUT1973.cpp

+++++ STDERR +++++

+++++ results for brisk.MUT321.cpp +++++
+++++ STDOUT +++++
SELECT bug_idx FROM bug_info WHERE subject = %s AND experiment_name = %s AND version = %s ['opencv_features2d_TF_top30', 'TF_top30', 'brisk.MUT321.cpp']
SELECT target_code_file, buggy_code_file, pre_start_line FROM bug_info WHERE bug_idx = %s [1805]
SELECT tc_name, tc_result FROM tc_info WHERE bug_idx = %s [1805]
Testing version brisk.MUT321.cpp on faster14.swtv::core4
>> Building opencv_features2d_TF_top30
>> Applied patch to brisk.cpp with brisk.MUT321.cpp
>> Building opencv_features2d_TF_top30
TC9.sh on line 485 has count: 3932160
Buggy line 485 is covered by test case TC9.sh
TC16.sh on line 485 has count: 3932160
Buggy line 485 is covered by test case TC16.sh
>> Saving version brisk.MUT321.cpp to database
>> Reverted brisk.cpp to original from brisk.MUT321.cpp

+++++ STDERR +++++

+++++ results for mser.MUT1187.cpp +++++
+++++ STDOUT +++++
SELECT bug_idx FROM bug_info WHERE subject = %s AND experiment_name = %s AND version = %s ['opencv_features2d_TF_top30', 'TF_top30', 'mser.MUT1187.cpp']
SELECT target_code_file, buggy_code_file, pre_start_line FROM bug_info WHERE bug_idx = %s [1879]
SELECT tc_name, tc_result FROM tc_info WHERE bug_idx = %s [1879]
Testing version mser.MUT1187.cpp on faster14.swtv::core4
>> Building opencv_features2d_TF_top30
>> Applied patch to mser.cpp with mser.MUT1187.cpp
>> Building opencv_features2d_TF_top30
Buggy line 861 is NOT covered by test case TC32.sh
>> Reverted mser.cpp to original from mser.MUT1187.cpp
>> Cleaning build for opencv_features2d_TF_top30

+++++ STDERR +++++
