
+++++ results for fast.MUT497.cpp +++++
+++++ STDOUT +++++
SELECT bug_idx FROM bug_info WHERE subject = %s AND experiment_name = %s AND version = %s ['opencv_features2d_TF_top30', 'TF_top30', 'fast.MUT497.cpp']
SELECT target_code_file, buggy_code_file, pre_start_line FROM bug_info WHERE bug_idx = %s [6]
SELECT tc_name, tc_result FROM tc_info WHERE bug_idx = %s [6]
Testing version fast.MUT497.cpp on faster7.swtv::core3
>> Configuring opencv_features2d_TF_top30 with coverage
>> Building opencv_features2d_TF_top30
>> Applied patch to fast.cpp with fast.MUT497.cpp
>> Building opencv_features2d_TF_top30
TC14.sh on line 576 has count: 1
Buggy line 576 is covered by test case TC14.sh
TC22.sh on line 576 has count: 1
Buggy line 576 is covered by test case TC22.sh
TC33.sh on line 576 has count: 1
Buggy line 576 is covered by test case TC33.sh
TC41.sh on line 576 has count: 1
Buggy line 576 is covered by test case TC41.sh
TC43.sh on line 576 has count: 1
Buggy line 576 is covered by test case TC43.sh
TC47.sh on line 576 has count: 1
Buggy line 576 is covered by test case TC47.sh
TC50.sh on line 576 has count: 1
Buggy line 576 is covered by test case TC50.sh
>> Saving version fast.MUT497.cpp to database
>> Reverted fast.cpp to original from fast.MUT497.cpp

+++++ STDERR +++++

+++++ results for fast.MUT268.cpp +++++
+++++ STDOUT +++++
SELECT bug_idx FROM bug_info WHERE subject = %s AND experiment_name = %s AND version = %s ['opencv_features2d_TF_top30', 'TF_top30', 'fast.MUT268.cpp']
SELECT target_code_file, buggy_code_file, pre_start_line FROM bug_info WHERE bug_idx = %s [179]
SELECT tc_name, tc_result FROM tc_info WHERE bug_idx = %s [179]
Testing version fast.MUT268.cpp on faster7.swtv::core3
>> Building opencv_features2d_TF_top30
>> Applied patch to fast.cpp with fast.MUT268.cpp
>> Building opencv_features2d_TF_top30
Test case TC17.sh passed
>> Reverted fast.cpp to original from fast.MUT268.cpp

+++++ STDERR +++++

+++++ results for fast.MUT118.cpp +++++
+++++ STDOUT +++++
SELECT bug_idx FROM bug_info WHERE subject = %s AND experiment_name = %s AND version = %s ['opencv_features2d_TF_top30', 'TF_top30', 'fast.MUT118.cpp']
SELECT target_code_file, buggy_code_file, pre_start_line FROM bug_info WHERE bug_idx = %s [350]
SELECT tc_name, tc_result FROM tc_info WHERE bug_idx = %s [350]
Testing version fast.MUT118.cpp on faster7.swtv::core3
>> Building opencv_features2d_TF_top30
>> Applied patch to fast.cpp with fast.MUT118.cpp
>> Building opencv_features2d_TF_top30
Buggy line 138 is NOT covered by test case TC17.sh
>> Reverted fast.cpp to original from fast.MUT118.cpp

+++++ STDERR +++++

+++++ results for mser.MUT1374.cpp +++++
+++++ STDOUT +++++
SELECT bug_idx FROM bug_info WHERE subject = %s AND experiment_name = %s AND version = %s ['opencv_features2d_TF_top30', 'TF_top30', 'mser.MUT1374.cpp']
SELECT target_code_file, buggy_code_file, pre_start_line FROM bug_info WHERE bug_idx = %s [523]
SELECT tc_name, tc_result FROM tc_info WHERE bug_idx = %s [523]
Testing version mser.MUT1374.cpp on faster7.swtv::core3
>> Building opencv_features2d_TF_top30
>> Applied patch to mser.cpp with mser.MUT1374.cpp
>> Building opencv_features2d_TF_top30
TC32.sh on line 975 has count: 222
Buggy line 975 is covered by test case TC32.sh
>> Saving version mser.MUT1374.cpp to database
>> Reverted mser.cpp to original from mser.MUT1374.cpp

+++++ STDERR +++++

+++++ results for fed.MUT42.cpp +++++
+++++ STDOUT +++++
SELECT bug_idx FROM bug_info WHERE subject = %s AND experiment_name = %s AND version = %s ['opencv_features2d_TF_top30', 'TF_top30', 'fed.MUT42.cpp']
SELECT target_code_file, buggy_code_file, pre_start_line FROM bug_info WHERE bug_idx = %s [699]
SELECT tc_name, tc_result FROM tc_info WHERE bug_idx = %s [699]
Testing version fed.MUT42.cpp on faster7.swtv::core3
>> Building opencv_features2d_TF_top30
>> Applied patch to fed.cpp with fed.MUT42.cpp
>> Building opencv_features2d_TF_top30
TC11.sh on line 113 has count: 45
Buggy line 113 is covered by test case TC11.sh
TC12.sh on line 113 has count: 25
Buggy line 113 is covered by test case TC12.sh
TC13.sh on line 113 has count: 25
Buggy line 113 is covered by test case TC13.sh
TC23.sh on line 113 has count: 15
Buggy line 113 is covered by test case TC23.sh
TC24.sh on line 113 has count: 11
Buggy line 113 is covered by test case TC24.sh
TC25.sh on line 113 has count: 11
Buggy line 113 is covered by test case TC25.sh
>> Saving version fed.MUT42.cpp to database
>> Reverted fed.cpp to original from fed.MUT42.cpp

+++++ STDERR +++++

+++++ results for brisk.MUT2810.cpp +++++
+++++ STDOUT +++++
SELECT bug_idx FROM bug_info WHERE subject = %s AND experiment_name = %s AND version = %s ['opencv_features2d_TF_top30', 'TF_top30', 'brisk.MUT2810.cpp']
SELECT target_code_file, buggy_code_file, pre_start_line FROM bug_info WHERE bug_idx = %s [877]
SELECT tc_name, tc_result FROM tc_info WHERE bug_idx = %s [877]
Testing version brisk.MUT2810.cpp on faster7.swtv::core3
>> Building opencv_features2d_TF_top30
>> Applied patch to brisk.cpp with brisk.MUT2810.cpp
>> Building opencv_features2d_TF_top30
TC16.sh on line 2008 has count: 693
Buggy line 2008 is covered by test case TC16.sh
>> Saving version brisk.MUT2810.cpp to database
>> Reverted brisk.cpp to original from brisk.MUT2810.cpp

+++++ STDERR +++++

+++++ results for fed.MUT17.cpp +++++
+++++ STDOUT +++++
SELECT bug_idx FROM bug_info WHERE subject = %s AND experiment_name = %s AND version = %s ['opencv_features2d_TF_top30', 'TF_top30', 'fed.MUT17.cpp']
SELECT target_code_file, buggy_code_file, pre_start_line FROM bug_info WHERE bug_idx = %s [1055]
SELECT tc_name, tc_result FROM tc_info WHERE bug_idx = %s [1055]
Testing version fed.MUT17.cpp on faster7.swtv::core3
>> Building opencv_features2d_TF_top30
>> Applied patch to fed.cpp with fed.MUT17.cpp
>> Building opencv_features2d_TF_top30
TC11.sh on line 79 has count: 45
Buggy line 79 is covered by test case TC11.sh
TC12.sh on line 79 has count: 25
Buggy line 79 is covered by test case TC12.sh
TC13.sh on line 79 has count: 25
Buggy line 79 is covered by test case TC13.sh
TC23.sh on line 79 has count: 15
Buggy line 79 is covered by test case TC23.sh
TC24.sh on line 79 has count: 11
Buggy line 79 is covered by test case TC24.sh
TC25.sh on line 79 has count: 11
Buggy line 79 is covered by test case TC25.sh
>> Saving version fed.MUT17.cpp to database
>> Reverted fed.cpp to original from fed.MUT17.cpp

+++++ STDERR +++++

+++++ results for brisk.MUT3266.cpp +++++
+++++ STDOUT +++++
SELECT bug_idx FROM bug_info WHERE subject = %s AND experiment_name = %s AND version = %s ['opencv_features2d_TF_top30', 'TF_top30', 'brisk.MUT3266.cpp']
SELECT target_code_file, buggy_code_file, pre_start_line FROM bug_info WHERE bug_idx = %s [1234]
SELECT tc_name, tc_result FROM tc_info WHERE bug_idx = %s [1234]
Testing version brisk.MUT3266.cpp on faster7.swtv::core3
>> Building opencv_features2d_TF_top30
>> Applied patch to brisk.cpp with brisk.MUT3266.cpp
>> Building opencv_features2d_TF_top30
TC16.sh on line 2261 has count: 20885
Buggy line 2261 is covered by test case TC16.sh
>> Saving version brisk.MUT3266.cpp to database
>> Reverted brisk.cpp to original from brisk.MUT3266.cpp

+++++ STDERR +++++

+++++ results for brisk.MUT1673.cpp +++++
+++++ STDOUT +++++
SELECT bug_idx FROM bug_info WHERE subject = %s AND experiment_name = %s AND version = %s ['opencv_features2d_TF_top30', 'TF_top30', 'brisk.MUT1673.cpp']
SELECT target_code_file, buggy_code_file, pre_start_line FROM bug_info WHERE bug_idx = %s [1413]
SELECT tc_name, tc_result FROM tc_info WHERE bug_idx = %s [1413]
Testing version brisk.MUT1673.cpp on faster7.swtv::core3
>> Building opencv_features2d_TF_top30
>> Applied patch to brisk.cpp with brisk.MUT1673.cpp
>> Building opencv_features2d_TF_top30
TC16.sh on line 1333 has count: 170
Buggy line 1333 is covered by test case TC16.sh
>> Saving version brisk.MUT1673.cpp to database
>> Reverted brisk.cpp to original from brisk.MUT1673.cpp

+++++ STDERR +++++

+++++ results for brisk.MUT482.cpp +++++
+++++ STDOUT +++++
SELECT bug_idx FROM bug_info WHERE subject = %s AND experiment_name = %s AND version = %s ['opencv_features2d_TF_top30', 'TF_top30', 'brisk.MUT482.cpp']
SELECT target_code_file, buggy_code_file, pre_start_line FROM bug_info WHERE bug_idx = %s [1592]
SELECT tc_name, tc_result FROM tc_info WHERE bug_idx = %s [1592]
Testing version brisk.MUT482.cpp on faster7.swtv::core3
>> Building opencv_features2d_TF_top30
>> Applied patch to brisk.cpp with brisk.MUT482.cpp
>> Building opencv_features2d_TF_top30
TC16.sh on line 595 has count: 63000
Buggy line 595 is covered by test case TC16.sh
>> Saving version brisk.MUT482.cpp to database
>> Reverted brisk.cpp to original from brisk.MUT482.cpp

+++++ STDERR +++++

+++++ results for brisk.MUT1185.cpp +++++
+++++ STDOUT +++++
SELECT bug_idx FROM bug_info WHERE subject = %s AND experiment_name = %s AND version = %s ['opencv_features2d_TF_top30', 'TF_top30', 'brisk.MUT1185.cpp']
SELECT target_code_file, buggy_code_file, pre_start_line FROM bug_info WHERE bug_idx = %s [1769]
SELECT tc_name, tc_result FROM tc_info WHERE bug_idx = %s [1769]
Testing version brisk.MUT1185.cpp on faster7.swtv::core3
>> Building opencv_features2d_TF_top30
>> Applied patch to brisk.cpp with brisk.MUT1185.cpp
>> Building opencv_features2d_TF_top30
TC7.sh on line 1059 has count: 3090
Buggy line 1059 is covered by test case TC7.sh
TC16.sh on line 1059 has count: 2380
Buggy line 1059 is covered by test case TC16.sh
TC27.sh on line 1059 has count: 2380
Buggy line 1059 is covered by test case TC27.sh
>> Saving version brisk.MUT1185.cpp to database
>> Reverted brisk.cpp to original from brisk.MUT1185.cpp

+++++ STDERR +++++

+++++ results for brisk.MUT251.cpp +++++
+++++ STDOUT +++++
SELECT bug_idx FROM bug_info WHERE subject = %s AND experiment_name = %s AND version = %s ['opencv_features2d_TF_top30', 'TF_top30', 'brisk.MUT251.cpp']
SELECT target_code_file, buggy_code_file, pre_start_line FROM bug_info WHERE bug_idx = %s [1939]
SELECT tc_name, tc_result FROM tc_info WHERE bug_idx = %s [1939]
Testing version brisk.MUT251.cpp on faster7.swtv::core3
>> Building opencv_features2d_TF_top30
>> Applied patch to brisk.cpp with brisk.MUT251.cpp
>> Building opencv_features2d_TF_top30
TC9.sh on line 451 has count: 64
Buggy line 451 is covered by test case TC9.sh
TC16.sh on line 451 has count: 64
Buggy line 451 is covered by test case TC16.sh
>> Saving version brisk.MUT251.cpp to database
>> Reverted brisk.cpp to original from brisk.MUT251.cpp

+++++ STDERR +++++

+++++ results for mser.MUT1239.cpp +++++
+++++ STDOUT +++++
SELECT bug_idx FROM bug_info WHERE subject = %s AND experiment_name = %s AND version = %s ['opencv_features2d_TF_top30', 'TF_top30', 'mser.MUT1239.cpp']
SELECT target_code_file, buggy_code_file, pre_start_line FROM bug_info WHERE bug_idx = %s [579]
SELECT tc_name, tc_result FROM tc_info WHERE bug_idx = %s [579]
Testing version mser.MUT1239.cpp on faster7.swtv::core3
>> Building opencv_features2d_TF_top30
>> Applied patch to mser.cpp with mser.MUT1239.cpp
>> Building opencv_features2d_TF_top30
TC32.sh on line 892 has count: 200
Buggy line 892 is covered by test case TC32.sh
>> Saving version mser.MUT1239.cpp to database
>> Reverted mser.cpp to original from mser.MUT1239.cpp

+++++ STDERR +++++

+++++ results for brisk.MUT2779.cpp +++++
+++++ STDOUT +++++
SELECT bug_idx FROM bug_info WHERE subject = %s AND experiment_name = %s AND version = %s ['opencv_features2d_TF_top30', 'TF_top30', 'brisk.MUT2779.cpp']
SELECT target_code_file, buggy_code_file, pre_start_line FROM bug_info WHERE bug_idx = %s [1143]
SELECT tc_name, tc_result FROM tc_info WHERE bug_idx = %s [1143]
Testing version brisk.MUT2779.cpp on faster7.swtv::core3
>> Building opencv_features2d_TF_top30
>> Applied patch to brisk.cpp with brisk.MUT2779.cpp
>> Building opencv_features2d_TF_top30
TC16.sh on line 1987 has count: 701
Buggy line 1987 is covered by test case TC16.sh
>> Saving version brisk.MUT2779.cpp to database
>> Reverted brisk.cpp to original from brisk.MUT2779.cpp

+++++ STDERR +++++

+++++ results for brisk.MUT253.cpp +++++
+++++ STDOUT +++++
SELECT bug_idx FROM bug_info WHERE subject = %s AND experiment_name = %s AND version = %s ['opencv_features2d_TF_top30', 'TF_top30', 'brisk.MUT253.cpp']
SELECT target_code_file, buggy_code_file, pre_start_line FROM bug_info WHERE bug_idx = %s [1692]
SELECT tc_name, tc_result FROM tc_info WHERE bug_idx = %s [1692]
Testing version brisk.MUT253.cpp on faster7.swtv::core3
>> Building opencv_features2d_TF_top30
>> Applied patch to brisk.cpp with brisk.MUT253.cpp
>> Building opencv_features2d_TF_top30
TC9.sh on line 451 has count: 64
Buggy line 451 is covered by test case TC9.sh
TC16.sh on line 451 has count: 64
Buggy line 451 is covered by test case TC16.sh
>> Saving version brisk.MUT253.cpp to database
>> Reverted brisk.cpp to original from brisk.MUT253.cpp

+++++ STDERR +++++

+++++ results for fast.MUT357.cpp +++++
+++++ STDOUT +++++
SELECT bug_idx FROM bug_info WHERE subject = %s AND experiment_name = %s AND version = %s ['opencv_features2d_TF_top30', 'TF_top30', 'fast.MUT357.cpp']
SELECT target_code_file, buggy_code_file, pre_start_line FROM bug_info WHERE bug_idx = %s [504]
SELECT tc_name, tc_result FROM tc_info WHERE bug_idx = %s [504]
Testing version fast.MUT357.cpp on faster7.swtv::core3
>> Building opencv_features2d_TF_top30
>> Applied patch to fast.cpp with fast.MUT357.cpp
>> Building opencv_features2d_TF_top30
Buggy line 284 is NOT covered by test case TC14.sh
>> Reverted fast.cpp to original from fast.MUT357.cpp
>> Cleaning build for opencv_features2d_TF_top30

+++++ STDERR +++++
