
+++++ results for brisk.MUT1987.cpp +++++
+++++ STDOUT +++++
SELECT bug_idx FROM bug_info WHERE subject = %s AND experiment_name = %s AND version = %s ['opencv_features2d_TF_top30', 'TF_top30', 'brisk.MUT1987.cpp']
SELECT target_code_file, buggy_code_file, pre_start_line FROM bug_info WHERE bug_idx = %s [58]
SELECT tc_name, tc_result FROM tc_info WHERE bug_idx = %s [58]
Testing version brisk.MUT1987.cpp on faster17.swtv::core1
>> Configuring opencv_features2d_TF_top30 with coverage
>> Building opencv_features2d_TF_top30
>> Applied patch to brisk.cpp with brisk.MUT1987.cpp
>> Building opencv_features2d_TF_top30
Buggy line 1533 is NOT covered by test case TC16.sh
>> Reverted brisk.cpp to original from brisk.MUT1987.cpp

+++++ STDERR +++++

+++++ results for fast_score.MUT424.cpp +++++
+++++ STDOUT +++++
SELECT bug_idx FROM bug_info WHERE subject = %s AND experiment_name = %s AND version = %s ['opencv_features2d_TF_top30', 'TF_top30', 'fast_score.MUT424.cpp']
SELECT target_code_file, buggy_code_file, pre_start_line FROM bug_info WHERE bug_idx = %s [230]
SELECT tc_name, tc_result FROM tc_info WHERE bug_idx = %s [230]
Testing version fast_score.MUT424.cpp on faster17.swtv::core1
>> Building opencv_features2d_TF_top30
>> Applied patch to fast_score.cpp with fast_score.MUT424.cpp
>> Building opencv_features2d_TF_top30
Buggy line 312 is NOT covered by test case TC26.sh
>> Reverted fast_score.cpp to original from fast_score.MUT424.cpp

+++++ STDERR +++++

+++++ results for mser.MUT976.cpp +++++
+++++ STDOUT +++++
SELECT bug_idx FROM bug_info WHERE subject = %s AND experiment_name = %s AND version = %s ['opencv_features2d_TF_top30', 'TF_top30', 'mser.MUT976.cpp']
SELECT target_code_file, buggy_code_file, pre_start_line FROM bug_info WHERE bug_idx = %s [403]
SELECT tc_name, tc_result FROM tc_info WHERE bug_idx = %s [403]
Testing version mser.MUT976.cpp on faster17.swtv::core1
>> Building opencv_features2d_TF_top30
>> Applied patch to mser.cpp with mser.MUT976.cpp
>> Building opencv_features2d_TF_top30
TC32.sh on line 762 has count: 286
Buggy line 762 is covered by test case TC32.sh
>> Saving version mser.MUT976.cpp to database
>> Reverted mser.cpp to original from mser.MUT976.cpp

+++++ STDERR +++++

+++++ results for fast.MUT189.cpp +++++
+++++ STDOUT +++++
SELECT bug_idx FROM bug_info WHERE subject = %s AND experiment_name = %s AND version = %s ['opencv_features2d_TF_top30', 'TF_top30', 'fast.MUT189.cpp']
SELECT target_code_file, buggy_code_file, pre_start_line FROM bug_info WHERE bug_idx = %s [576]
SELECT tc_name, tc_result FROM tc_info WHERE bug_idx = %s [576]
Testing version fast.MUT189.cpp on faster17.swtv::core1
>> Building opencv_features2d_TF_top30
>> Applied patch to fast.cpp with fast.MUT189.cpp
>> Building opencv_features2d_TF_top30
TC26.sh on line 180 has count: 250
Buggy line 180 is covered by test case TC26.sh
>> Saving version fast.MUT189.cpp to database
>> Reverted fast.cpp to original from fast.MUT189.cpp

+++++ STDERR +++++

+++++ results for fast.MUT450.cpp +++++
+++++ STDOUT +++++
SELECT bug_idx FROM bug_info WHERE subject = %s AND experiment_name = %s AND version = %s ['opencv_features2d_TF_top30', 'TF_top30', 'fast.MUT450.cpp']
SELECT target_code_file, buggy_code_file, pre_start_line FROM bug_info WHERE bug_idx = %s [274]
SELECT tc_name, tc_result FROM tc_info WHERE bug_idx = %s [274]
Testing version fast.MUT450.cpp on faster17.swtv::core1
>> Building opencv_features2d_TF_top30
>> Applied patch to fast.cpp with fast.MUT450.cpp
>> Building opencv_features2d_TF_top30
TC26.sh on line 518 has count: 2
Buggy line 518 is covered by test case TC26.sh
>> Saving version fast.MUT450.cpp to database
>> Reverted fast.cpp to original from fast.MUT450.cpp

+++++ STDERR +++++

+++++ results for mser.MUT1364.cpp +++++
+++++ STDOUT +++++
SELECT bug_idx FROM bug_info WHERE subject = %s AND experiment_name = %s AND version = %s ['opencv_features2d_TF_top30', 'TF_top30', 'mser.MUT1364.cpp']
SELECT target_code_file, buggy_code_file, pre_start_line FROM bug_info WHERE bug_idx = %s [932]
SELECT tc_name, tc_result FROM tc_info WHERE bug_idx = %s [932]
Testing version mser.MUT1364.cpp on faster17.swtv::core1
>> Building opencv_features2d_TF_top30
>> Applied patch to mser.cpp with mser.MUT1364.cpp
>> Building opencv_features2d_TF_top30
TC32.sh on line 966 has count: 75
Buggy line 966 is covered by test case TC32.sh
>> Saving version mser.MUT1364.cpp to database
>> Reverted mser.cpp to original from mser.MUT1364.cpp

+++++ STDERR +++++

+++++ results for fast.MUT314.cpp +++++
+++++ STDOUT +++++
SELECT bug_idx FROM bug_info WHERE subject = %s AND experiment_name = %s AND version = %s ['opencv_features2d_TF_top30', 'TF_top30', 'fast.MUT314.cpp']
SELECT target_code_file, buggy_code_file, pre_start_line FROM bug_info WHERE bug_idx = %s [1105]
SELECT tc_name, tc_result FROM tc_info WHERE bug_idx = %s [1105]
Testing version fast.MUT314.cpp on faster17.swtv::core1
>> Building opencv_features2d_TF_top30
>> Applied patch to fast.cpp with fast.MUT314.cpp
>> Building opencv_features2d_TF_top30
TC17.sh on line 256 has count: 214
Buggy line 256 is covered by test case TC17.sh
TC26.sh on line 256 has count: 1450
Buggy line 256 is covered by test case TC26.sh
>> Saving version fast.MUT314.cpp to database
>> Reverted fast.cpp to original from fast.MUT314.cpp

+++++ STDERR +++++

+++++ results for brisk.MUT1528.cpp +++++
+++++ STDOUT +++++
SELECT bug_idx FROM bug_info WHERE subject = %s AND experiment_name = %s AND version = %s ['opencv_features2d_TF_top30', 'TF_top30', 'brisk.MUT1528.cpp']
SELECT target_code_file, buggy_code_file, pre_start_line FROM bug_info WHERE bug_idx = %s [1286]
SELECT tc_name, tc_result FROM tc_info WHERE bug_idx = %s [1286]
Testing version brisk.MUT1528.cpp on faster17.swtv::core1
>> Building opencv_features2d_TF_top30
>> Applied patch to brisk.cpp with brisk.MUT1528.cpp
>> Building opencv_features2d_TF_top30
Buggy line 1258 is NOT covered by test case TC16.sh
>> Reverted brisk.cpp to original from brisk.MUT1528.cpp

+++++ STDERR +++++

+++++ results for brisk.MUT1540.cpp +++++
+++++ STDOUT +++++
SELECT bug_idx FROM bug_info WHERE subject = %s AND experiment_name = %s AND version = %s ['opencv_features2d_TF_top30', 'TF_top30', 'brisk.MUT1540.cpp']
SELECT target_code_file, buggy_code_file, pre_start_line FROM bug_info WHERE bug_idx = %s [1466]
SELECT tc_name, tc_result FROM tc_info WHERE bug_idx = %s [1466]
Testing version brisk.MUT1540.cpp on faster17.swtv::core1
>> Building opencv_features2d_TF_top30
>> Applied patch to brisk.cpp with brisk.MUT1540.cpp
>> Building opencv_features2d_TF_top30
Buggy line 1263 is NOT covered by test case TC16.sh
>> Reverted brisk.cpp to original from brisk.MUT1540.cpp

+++++ STDERR +++++

+++++ results for brisk.MUT2780.cpp +++++
+++++ STDOUT +++++
SELECT bug_idx FROM bug_info WHERE subject = %s AND experiment_name = %s AND version = %s ['opencv_features2d_TF_top30', 'TF_top30', 'brisk.MUT2780.cpp']
SELECT target_code_file, buggy_code_file, pre_start_line FROM bug_info WHERE bug_idx = %s [1646]
SELECT tc_name, tc_result FROM tc_info WHERE bug_idx = %s [1646]
Testing version brisk.MUT2780.cpp on faster17.swtv::core1
>> Building opencv_features2d_TF_top30
>> Applied patch to brisk.cpp with brisk.MUT2780.cpp
>> Building opencv_features2d_TF_top30
TC16.sh on line 1989 has count: 701
Buggy line 1989 is covered by test case TC16.sh
>> Saving version brisk.MUT2780.cpp to database
>> Reverted brisk.cpp to original from brisk.MUT2780.cpp

+++++ STDERR +++++

+++++ results for brisk.MUT579.cpp +++++
+++++ STDOUT +++++
SELECT bug_idx FROM bug_info WHERE subject = %s AND experiment_name = %s AND version = %s ['opencv_features2d_TF_top30', 'TF_top30', 'brisk.MUT579.cpp']
SELECT target_code_file, buggy_code_file, pre_start_line FROM bug_info WHERE bug_idx = %s [1822]
SELECT tc_name, tc_result FROM tc_info WHERE bug_idx = %s [1822]
Testing version brisk.MUT579.cpp on faster17.swtv::core1
>> Building opencv_features2d_TF_top30
>> Applied patch to brisk.cpp with brisk.MUT579.cpp
>> Building opencv_features2d_TF_top30
TC16.sh on line 637 has count: 62257
Buggy line 637 is covered by test case TC16.sh
>> Saving version brisk.MUT579.cpp to database
>> Reverted brisk.cpp to original from brisk.MUT579.cpp

+++++ STDERR +++++

+++++ results for fast_score.MUT26.cpp +++++
+++++ STDOUT +++++
SELECT bug_idx FROM bug_info WHERE subject = %s AND experiment_name = %s AND version = %s ['opencv_features2d_TF_top30', 'TF_top30', 'fast_score.MUT26.cpp']
SELECT target_code_file, buggy_code_file, pre_start_line FROM bug_info WHERE bug_idx = %s [157]
SELECT tc_name, tc_result FROM tc_info WHERE bug_idx = %s [157]
Testing version fast_score.MUT26.cpp on faster17.swtv::core1
>> Building opencv_features2d_TF_top30
>> Applied patch to fast_score.cpp with fast_score.MUT26.cpp
>> Building opencv_features2d_TF_top30
TC17.sh on line 80 has count: 9
Buggy line 80 is covered by test case TC17.sh
TC22.sh on line 80 has count: 9
Buggy line 80 is covered by test case TC22.sh
TC26.sh on line 80 has count: 17
Buggy line 80 is covered by test case TC26.sh
TC33.sh on line 80 has count: 9
Buggy line 80 is covered by test case TC33.sh
>> Saving version fast_score.MUT26.cpp to database
>> Reverted fast_score.cpp to original from fast_score.MUT26.cpp

+++++ STDERR +++++

+++++ results for mser.MUT36.cpp +++++
+++++ STDOUT +++++
SELECT bug_idx FROM bug_info WHERE subject = %s AND experiment_name = %s AND version = %s ['opencv_features2d_TF_top30', 'TF_top30', 'mser.MUT36.cpp']
SELECT target_code_file, buggy_code_file, pre_start_line FROM bug_info WHERE bug_idx = %s [751]
SELECT tc_name, tc_result FROM tc_info WHERE bug_idx = %s [751]
Testing version mser.MUT36.cpp on faster17.swtv::core1
>> Building opencv_features2d_TF_top30
>> Applied patch to mser.cpp with mser.MUT36.cpp
>> Building opencv_features2d_TF_top30
TC32.sh on line 73 has count: 1
Buggy line 73 is covered by test case TC32.sh
>> Saving version mser.MUT36.cpp to database
>> Reverted mser.cpp to original from mser.MUT36.cpp

+++++ STDERR +++++

+++++ results for mser.MUT1021.cpp +++++
+++++ STDOUT +++++
SELECT bug_idx FROM bug_info WHERE subject = %s AND experiment_name = %s AND version = %s ['opencv_features2d_TF_top30', 'TF_top30', 'mser.MUT1021.cpp']
SELECT target_code_file, buggy_code_file, pre_start_line FROM bug_info WHERE bug_idx = %s [1305]
SELECT tc_name, tc_result FROM tc_info WHERE bug_idx = %s [1305]
Testing version mser.MUT1021.cpp on faster17.swtv::core1
>> Building opencv_features2d_TF_top30
>> Applied patch to mser.cpp with mser.MUT1021.cpp
>> Building opencv_features2d_TF_top30
TC32.sh on line 779 has count: 286
Buggy line 779 is covered by test case TC32.sh
>> Saving version mser.MUT1021.cpp to database
>> Reverted mser.cpp to original from mser.MUT1021.cpp

+++++ STDERR +++++

+++++ results for brisk.MUT439.cpp +++++
+++++ STDOUT +++++
SELECT bug_idx FROM bug_info WHERE subject = %s AND experiment_name = %s AND version = %s ['opencv_features2d_TF_top30', 'TF_top30', 'brisk.MUT439.cpp']
SELECT target_code_file, buggy_code_file, pre_start_line FROM bug_info WHERE bug_idx = %s [1868]
SELECT tc_name, tc_result FROM tc_info WHERE bug_idx = %s [1868]
Testing version brisk.MUT439.cpp on faster17.swtv::core1
>> Building opencv_features2d_TF_top30
>> Applied patch to brisk.cpp with brisk.MUT439.cpp
>> Building opencv_features2d_TF_top30
TC16.sh on line 561 has count: 63000
Buggy line 561 is covered by test case TC16.sh
>> Saving version brisk.MUT439.cpp to database
>> Reverted brisk.cpp to original from brisk.MUT439.cpp
>> Cleaning build for opencv_features2d_TF_top30

+++++ STDERR +++++
