
+++++ results for fast.MUT18.cpp +++++
+++++ STDOUT +++++
SELECT bug_idx FROM bug_info WHERE subject = %s AND experiment_name = %s AND version = %s ['opencv_features2d_TF_top30', 'TF_top30', 'fast.MUT18.cpp']
SELECT target_code_file, buggy_code_file, pre_start_line FROM bug_info WHERE bug_idx = %s [165]
SELECT tc_name, tc_result FROM tc_info WHERE bug_idx = %s [165]
Testing version fast.MUT18.cpp on faster32.swtv::core0
>> Configuring opencv_features2d_TF_top30 with coverage
>> Building opencv_features2d_TF_top30
>> Applied patch to fast.cpp with fast.MUT18.cpp
>> Building opencv_features2d_TF_top30
Buggy line 78 is NOT covered by test case TC17.sh
>> Reverted fast.cpp to original from fast.MUT18.cpp

+++++ STDERR +++++

+++++ results for fast.MUT243.cpp +++++
+++++ STDOUT +++++
SELECT bug_idx FROM bug_info WHERE subject = %s AND experiment_name = %s AND version = %s ['opencv_features2d_TF_top30', 'TF_top30', 'fast.MUT243.cpp']
SELECT target_code_file, buggy_code_file, pre_start_line FROM bug_info WHERE bug_idx = %s [337]
SELECT tc_name, tc_result FROM tc_info WHERE bug_idx = %s [337]
Testing version fast.MUT243.cpp on faster32.swtv::core0
>> Building opencv_features2d_TF_top30
>> Applied patch to fast.cpp with fast.MUT243.cpp
>> Building opencv_features2d_TF_top30
TC26.sh on line 213 has count: 327234
Buggy line 213 is covered by test case TC26.sh
>> Saving version fast.MUT243.cpp to database
>> Reverted fast.cpp to original from fast.MUT243.cpp

+++++ STDERR +++++

+++++ results for fed.MUT16.cpp +++++
+++++ STDOUT +++++
SELECT bug_idx FROM bug_info WHERE subject = %s AND experiment_name = %s AND version = %s ['opencv_features2d_TF_top30', 'TF_top30', 'fed.MUT16.cpp']
SELECT target_code_file, buggy_code_file, pre_start_line FROM bug_info WHERE bug_idx = %s [509]
SELECT tc_name, tc_result FROM tc_info WHERE bug_idx = %s [509]
Testing version fed.MUT16.cpp on faster32.swtv::core0
>> Building opencv_features2d_TF_top30
>> Applied patch to fed.cpp with fed.MUT16.cpp
>> Building opencv_features2d_TF_top30
TC11.sh on line 79 has count: 45
Buggy line 79 is covered by test case TC11.sh
TC23.sh on line 79 has count: 15
Buggy line 79 is covered by test case TC23.sh
TC24.sh on line 79 has count: 11
Buggy line 79 is covered by test case TC24.sh
TC25.sh on line 79 has count: 11
Buggy line 79 is covered by test case TC25.sh
>> Saving version fed.MUT16.cpp to database
>> Reverted fed.cpp to original from fed.MUT16.cpp

+++++ STDERR +++++

+++++ results for brisk.MUT1600.cpp +++++
+++++ STDOUT +++++
SELECT bug_idx FROM bug_info WHERE subject = %s AND experiment_name = %s AND version = %s ['opencv_features2d_TF_top30', 'TF_top30', 'brisk.MUT1600.cpp']
SELECT target_code_file, buggy_code_file, pre_start_line FROM bug_info WHERE bug_idx = %s [685]
SELECT tc_name, tc_result FROM tc_info WHERE bug_idx = %s [685]
Testing version brisk.MUT1600.cpp on faster32.swtv::core0
>> Building opencv_features2d_TF_top30
>> Applied patch to brisk.cpp with brisk.MUT1600.cpp
>> Building opencv_features2d_TF_top30
TC16.sh on line 1299 has count: 2084
Buggy line 1299 is covered by test case TC16.sh
>> Saving version brisk.MUT1600.cpp to database
>> Reverted brisk.cpp to original from brisk.MUT1600.cpp

+++++ STDERR +++++

+++++ results for fast_score.MUT287.cpp +++++
+++++ STDOUT +++++
SELECT bug_idx FROM bug_info WHERE subject = %s AND experiment_name = %s AND version = %s ['opencv_features2d_TF_top30', 'TF_top30', 'fast_score.MUT287.cpp']
SELECT target_code_file, buggy_code_file, pre_start_line FROM bug_info WHERE bug_idx = %s [861]
SELECT tc_name, tc_result FROM tc_info WHERE bug_idx = %s [861]
Testing version fast_score.MUT287.cpp on faster32.swtv::core0
>> Building opencv_features2d_TF_top30
>> Applied patch to fast_score.cpp with fast_score.MUT287.cpp
>> Building opencv_features2d_TF_top30
Buggy line 240 is NOT covered by test case TC26.sh
>> Reverted fast_score.cpp to original from fast_score.MUT287.cpp

+++++ STDERR +++++

+++++ results for brisk.MUT375.cpp +++++
+++++ STDOUT +++++
SELECT bug_idx FROM bug_info WHERE subject = %s AND experiment_name = %s AND version = %s ['opencv_features2d_TF_top30', 'TF_top30', 'brisk.MUT375.cpp']
SELECT target_code_file, buggy_code_file, pre_start_line FROM bug_info WHERE bug_idx = %s [1040]
SELECT tc_name, tc_result FROM tc_info WHERE bug_idx = %s [1040]
Testing version brisk.MUT375.cpp on faster32.swtv::core0
>> Building opencv_features2d_TF_top30
>> Applied patch to brisk.cpp with brisk.MUT375.cpp
>> Building opencv_features2d_TF_top30
TC16.sh on line 518 has count: 1770
Buggy line 518 is covered by test case TC16.sh
>> Saving version brisk.MUT375.cpp to database
>> Reverted brisk.cpp to original from brisk.MUT375.cpp

+++++ STDERR +++++

+++++ results for brisk.MUT857.cpp +++++
+++++ STDOUT +++++
SELECT bug_idx FROM bug_info WHERE subject = %s AND experiment_name = %s AND version = %s ['opencv_features2d_TF_top30', 'TF_top30', 'brisk.MUT857.cpp']
SELECT target_code_file, buggy_code_file, pre_start_line FROM bug_info WHERE bug_idx = %s [1218]
SELECT tc_name, tc_result FROM tc_info WHERE bug_idx = %s [1218]
Testing version brisk.MUT857.cpp on faster32.swtv::core0
>> Building opencv_features2d_TF_top30
>> Applied patch to brisk.cpp with brisk.MUT857.cpp
>> Building opencv_features2d_TF_top30
TC7.sh on line 808 has count: 1
Buggy line 808 is covered by test case TC7.sh
TC9.sh on line 808 has count: 1
Buggy line 808 is covered by test case TC9.sh
TC16.sh on line 808 has count: 1050
Buggy line 808 is covered by test case TC16.sh
>> Saving version brisk.MUT857.cpp to database
>> Reverted brisk.cpp to original from brisk.MUT857.cpp

+++++ STDERR +++++

+++++ results for mser.MUT1090.cpp +++++
+++++ STDOUT +++++
SELECT bug_idx FROM bug_info WHERE subject = %s AND experiment_name = %s AND version = %s ['opencv_features2d_TF_top30', 'TF_top30', 'mser.MUT1090.cpp']
SELECT target_code_file, buggy_code_file, pre_start_line FROM bug_info WHERE bug_idx = %s [1398]
SELECT tc_name, tc_result FROM tc_info WHERE bug_idx = %s [1398]
Testing version mser.MUT1090.cpp on faster32.swtv::core0
>> Building opencv_features2d_TF_top30
>> Applied patch to mser.cpp with mser.MUT1090.cpp
>> Building opencv_features2d_TF_top30
Buggy line 803 is NOT covered by test case TC32.sh
>> Reverted mser.cpp to original from mser.MUT1090.cpp

+++++ STDERR +++++

+++++ results for brisk.MUT844.cpp +++++
+++++ STDOUT +++++
SELECT bug_idx FROM bug_info WHERE subject = %s AND experiment_name = %s AND version = %s ['opencv_features2d_TF_top30', 'TF_top30', 'brisk.MUT844.cpp']
SELECT target_code_file, buggy_code_file, pre_start_line FROM bug_info WHERE bug_idx = %s [1578]
SELECT tc_name, tc_result FROM tc_info WHERE bug_idx = %s [1578]
Testing version brisk.MUT844.cpp on faster32.swtv::core0
>> Building opencv_features2d_TF_top30
>> Applied patch to brisk.cpp with brisk.MUT844.cpp
>> Building opencv_features2d_TF_top30
Buggy line 803 is NOT covered by test case TC7.sh
>> Reverted brisk.cpp to original from brisk.MUT844.cpp

+++++ STDERR +++++

+++++ results for mser.MUT381.cpp +++++
+++++ STDOUT +++++
SELECT bug_idx FROM bug_info WHERE subject = %s AND experiment_name = %s AND version = %s ['opencv_features2d_TF_top30', 'TF_top30', 'mser.MUT381.cpp']
SELECT target_code_file, buggy_code_file, pre_start_line FROM bug_info WHERE bug_idx = %s [1754]
SELECT tc_name, tc_result FROM tc_info WHERE bug_idx = %s [1754]
Testing version mser.MUT381.cpp on faster32.swtv::core0
>> Building opencv_features2d_TF_top30
>> Applied patch to mser.cpp with mser.MUT381.cpp
>> Building opencv_features2d_TF_top30
Buggy line 325 is NOT covered by test case TC40.sh
>> Reverted mser.cpp to original from mser.MUT381.cpp

+++++ STDERR +++++

+++++ results for brisk.MUT1978.cpp +++++
+++++ STDOUT +++++
SELECT bug_idx FROM bug_info WHERE subject = %s AND experiment_name = %s AND version = %s ['opencv_features2d_TF_top30', 'TF_top30', 'brisk.MUT1978.cpp']
SELECT target_code_file, buggy_code_file, pre_start_line FROM bug_info WHERE bug_idx = %s [1925]
SELECT tc_name, tc_result FROM tc_info WHERE bug_idx = %s [1925]
Testing version brisk.MUT1978.cpp on faster32.swtv::core0
>> Building opencv_features2d_TF_top30
>> Applied patch to brisk.cpp with brisk.MUT1978.cpp
>> Building opencv_features2d_TF_top30
TC16.sh on line 1526 has count: 1264
Buggy line 1526 is covered by test case TC16.sh
>> Saving version brisk.MUT1978.cpp to database
>> Reverted brisk.cpp to original from brisk.MUT1978.cpp

+++++ STDERR +++++

+++++ results for brisk.MUT766.cpp +++++
+++++ STDOUT +++++
SELECT bug_idx FROM bug_info WHERE subject = %s AND experiment_name = %s AND version = %s ['opencv_features2d_TF_top30', 'TF_top30', 'brisk.MUT766.cpp']
SELECT target_code_file, buggy_code_file, pre_start_line FROM bug_info WHERE bug_idx = %s [531]
SELECT tc_name, tc_result FROM tc_info WHERE bug_idx = %s [531]
Testing version brisk.MUT766.cpp on faster32.swtv::core0
>> Building opencv_features2d_TF_top30
>> Applied patch to brisk.cpp with brisk.MUT766.cpp
>> Building opencv_features2d_TF_top30
TC7.sh on line 748 has count: 1
Buggy line 748 is covered by test case TC7.sh
>> Saving version brisk.MUT766.cpp to database
>> Reverted brisk.cpp to original from brisk.MUT766.cpp

+++++ STDERR +++++

+++++ results for brisk.MUT3202.cpp +++++
+++++ STDOUT +++++
SELECT bug_idx FROM bug_info WHERE subject = %s AND experiment_name = %s AND version = %s ['opencv_features2d_TF_top30', 'TF_top30', 'brisk.MUT3202.cpp']
SELECT target_code_file, buggy_code_file, pre_start_line FROM bug_info WHERE bug_idx = %s [1102]
SELECT tc_name, tc_result FROM tc_info WHERE bug_idx = %s [1102]
Testing version brisk.MUT3202.cpp on faster32.swtv::core0
>> Building opencv_features2d_TF_top30
>> Applied patch to brisk.cpp with brisk.MUT3202.cpp
>> Building opencv_features2d_TF_top30
TC16.sh on line 2224 has count: 127492
Buggy line 2224 is covered by test case TC16.sh
>> Saving version brisk.MUT3202.cpp to database
>> Reverted brisk.cpp to original from brisk.MUT3202.cpp

+++++ STDERR +++++

+++++ results for brisk.MUT1949.cpp +++++
+++++ STDOUT +++++
SELECT bug_idx FROM bug_info WHERE subject = %s AND experiment_name = %s AND version = %s ['opencv_features2d_TF_top30', 'TF_top30', 'brisk.MUT1949.cpp']
SELECT target_code_file, buggy_code_file, pre_start_line FROM bug_info WHERE bug_idx = %s [1647]
SELECT tc_name, tc_result FROM tc_info WHERE bug_idx = %s [1647]
Testing version brisk.MUT1949.cpp on faster32.swtv::core0
>> Building opencv_features2d_TF_top30
>> Applied patch to brisk.cpp with brisk.MUT1949.cpp
>> Building opencv_features2d_TF_top30
TC16.sh on line 1491 has count: 177
Buggy line 1491 is covered by test case TC16.sh
>> Saving version brisk.MUT1949.cpp to database
>> Reverted brisk.cpp to original from brisk.MUT1949.cpp

+++++ STDERR +++++

+++++ results for brisk.MUT68.cpp +++++
+++++ STDOUT +++++
SELECT bug_idx FROM bug_info WHERE subject = %s AND experiment_name = %s AND version = %s ['opencv_features2d_TF_top30', 'TF_top30', 'brisk.MUT68.cpp']
SELECT target_code_file, buggy_code_file, pre_start_line FROM bug_info WHERE bug_idx = %s [1895]
SELECT tc_name, tc_result FROM tc_info WHERE bug_idx = %s [1895]
Testing version brisk.MUT68.cpp on faster32.swtv::core0
>> Building opencv_features2d_TF_top30
>> Applied patch to brisk.cpp with brisk.MUT68.cpp
>> Building opencv_features2d_TF_top30
TC9.sh on line 128 has count: 2
Buggy line 128 is covered by test case TC9.sh
>> Saving version brisk.MUT68.cpp to database
>> Reverted brisk.cpp to original from brisk.MUT68.cpp
>> Cleaning build for opencv_features2d_TF_top30

+++++ STDERR +++++
