
+++++ results for fed.MUT29.cpp +++++
+++++ STDOUT +++++
SELECT bug_idx FROM bug_info WHERE subject = %s AND experiment_name = %s AND version = %s ['opencv_features2d_TF_top30', 'TF_top30', 'fed.MUT29.cpp']
SELECT target_code_file, buggy_code_file, pre_start_line FROM bug_info WHERE bug_idx = %s [63]
SELECT tc_name, tc_result FROM tc_info WHERE bug_idx = %s [63]
Testing version fed.MUT29.cpp on faster17.swtv::core5
>> Configuring opencv_features2d_TF_top30 with coverage
>> Building opencv_features2d_TF_top30
>> Applied patch to fed.cpp with fed.MUT29.cpp
>> Building opencv_features2d_TF_top30
TC11.sh on line 105 has count: 45
Buggy line 105 is covered by test case TC11.sh
TC12.sh on line 105 has count: 0
Buggy line 105 is NOT covered by test case TC12.sh
>> Reverted fed.cpp to original from fed.MUT29.cpp

+++++ STDERR +++++

+++++ results for mser.MUT1182.cpp +++++
+++++ STDOUT +++++
SELECT bug_idx FROM bug_info WHERE subject = %s AND experiment_name = %s AND version = %s ['opencv_features2d_TF_top30', 'TF_top30', 'mser.MUT1182.cpp']
SELECT target_code_file, buggy_code_file, pre_start_line FROM bug_info WHERE bug_idx = %s [236]
SELECT tc_name, tc_result FROM tc_info WHERE bug_idx = %s [236]
Testing version mser.MUT1182.cpp on faster17.swtv::core5
>> Building opencv_features2d_TF_top30
>> Applied patch to mser.cpp with mser.MUT1182.cpp
>> Building opencv_features2d_TF_top30
Buggy line 853 is NOT covered by test case TC32.sh
>> Reverted mser.cpp to original from mser.MUT1182.cpp

+++++ STDERR +++++

+++++ results for fast_score.MUT55.cpp +++++
+++++ STDOUT +++++
SELECT bug_idx FROM bug_info WHERE subject = %s AND experiment_name = %s AND version = %s ['opencv_features2d_TF_top30', 'TF_top30', 'fast_score.MUT55.cpp']
SELECT target_code_file, buggy_code_file, pre_start_line FROM bug_info WHERE bug_idx = %s [409]
SELECT tc_name, tc_result FROM tc_info WHERE bug_idx = %s [409]
Testing version fast_score.MUT55.cpp on faster17.swtv::core5
>> Building opencv_features2d_TF_top30
>> Applied patch to fast_score.cpp with fast_score.MUT55.cpp
>> Building opencv_features2d_TF_top30
Buggy line 134 is NOT covered by test case TC26.sh
>> Reverted fast_score.cpp to original from fast_score.MUT55.cpp

+++++ STDERR +++++

+++++ results for fast.MUT179.cpp +++++
+++++ STDOUT +++++
SELECT bug_idx FROM bug_info WHERE subject = %s AND experiment_name = %s AND version = %s ['opencv_features2d_TF_top30', 'TF_top30', 'fast.MUT179.cpp']
SELECT target_code_file, buggy_code_file, pre_start_line FROM bug_info WHERE bug_idx = %s [582]
SELECT tc_name, tc_result FROM tc_info WHERE bug_idx = %s [582]
Testing version fast.MUT179.cpp on faster17.swtv::core5
>> Building opencv_features2d_TF_top30
>> Applied patch to fast.cpp with fast.MUT179.cpp
>> Building opencv_features2d_TF_top30
TC17.sh on line 175 has count: 228
Buggy line 175 is covered by test case TC17.sh
TC26.sh on line 175 has count: 10
Buggy line 175 is covered by test case TC26.sh
>> Saving version fast.MUT179.cpp to database
>> Reverted fast.cpp to original from fast.MUT179.cpp

+++++ STDERR +++++

+++++ results for mser.MUT1221.cpp +++++
+++++ STDOUT +++++
SELECT bug_idx FROM bug_info WHERE subject = %s AND experiment_name = %s AND version = %s ['opencv_features2d_TF_top30', 'TF_top30', 'mser.MUT1221.cpp']
SELECT target_code_file, buggy_code_file, pre_start_line FROM bug_info WHERE bug_idx = %s [758]
SELECT tc_name, tc_result FROM tc_info WHERE bug_idx = %s [758]
Testing version mser.MUT1221.cpp on faster17.swtv::core5
>> Building opencv_features2d_TF_top30
>> Applied patch to mser.cpp with mser.MUT1221.cpp
>> Building opencv_features2d_TF_top30
TC32.sh on line 884 has count: 1
Buggy line 884 is covered by test case TC32.sh
>> Saving version mser.MUT1221.cpp to database
>> Reverted mser.cpp to original from mser.MUT1221.cpp

+++++ STDERR +++++

+++++ results for fed.MUT46.cpp +++++
+++++ STDOUT +++++
SELECT bug_idx FROM bug_info WHERE subject = %s AND experiment_name = %s AND version = %s ['opencv_features2d_TF_top30', 'TF_top30', 'fed.MUT46.cpp']
SELECT target_code_file, buggy_code_file, pre_start_line FROM bug_info WHERE bug_idx = %s [937]
SELECT tc_name, tc_result FROM tc_info WHERE bug_idx = %s [937]
Testing version fed.MUT46.cpp on faster17.swtv::core5
>> Building opencv_features2d_TF_top30
>> Applied patch to fed.cpp with fed.MUT46.cpp
>> Building opencv_features2d_TF_top30
TC11.sh on line 117 has count: 498
Buggy line 117 is covered by test case TC11.sh
TC12.sh on line 117 has count: 162
Buggy line 117 is covered by test case TC12.sh
TC23.sh on line 117 has count: 166
Buggy line 117 is covered by test case TC23.sh
TC24.sh on line 117 has count: 76
Buggy line 117 is covered by test case TC24.sh
TC25.sh on line 117 has count: 76
Buggy line 117 is covered by test case TC25.sh
>> Saving version fed.MUT46.cpp to database
>> Reverted fed.cpp to original from fed.MUT46.cpp

+++++ STDERR +++++

+++++ results for brisk.MUT847.cpp +++++
+++++ STDOUT +++++
SELECT bug_idx FROM bug_info WHERE subject = %s AND experiment_name = %s AND version = %s ['opencv_features2d_TF_top30', 'TF_top30', 'brisk.MUT847.cpp']
SELECT target_code_file, buggy_code_file, pre_start_line FROM bug_info WHERE bug_idx = %s [1113]
SELECT tc_name, tc_result FROM tc_info WHERE bug_idx = %s [1113]
Testing version brisk.MUT847.cpp on faster17.swtv::core5
>> Building opencv_features2d_TF_top30
>> Applied patch to brisk.cpp with brisk.MUT847.cpp
>> Building opencv_features2d_TF_top30
TC7.sh on line 805 has count: 1
Buggy line 805 is covered by test case TC7.sh
TC9.sh on line 805 has count: 1
Buggy line 805 is covered by test case TC9.sh
>> Saving version brisk.MUT847.cpp to database
>> Reverted brisk.cpp to original from brisk.MUT847.cpp

+++++ STDERR +++++

+++++ results for fast.avx2.MUT122.cpp +++++
+++++ STDOUT +++++
SELECT bug_idx FROM bug_info WHERE subject = %s AND experiment_name = %s AND version = %s ['opencv_features2d_TF_top30', 'TF_top30', 'fast.avx2.MUT122.cpp']
SELECT target_code_file, buggy_code_file, pre_start_line FROM bug_info WHERE bug_idx = %s [1292]
SELECT tc_name, tc_result FROM tc_info WHERE bug_idx = %s [1292]
Testing version fast.avx2.MUT122.cpp on faster17.swtv::core5
>> Building opencv_features2d_TF_top30
>> Applied patch to fast.avx2.cpp with fast.avx2.MUT122.cpp
>> Building opencv_features2d_TF_top30
TC14.sh on line 122 has count: 402652
Buggy line 122 is covered by test case TC14.sh
TC17.sh on line 122 has count: 8595
Buggy line 122 is covered by test case TC17.sh
TC22.sh on line 122 has count: 16013
Buggy line 122 is covered by test case TC22.sh
TC26.sh on line 122 has count: 9667
Buggy line 122 is covered by test case TC26.sh
TC50.sh on line 122 has count: 93087
Buggy line 122 is covered by test case TC50.sh
>> Saving version fast.avx2.MUT122.cpp to database
>> Reverted fast.avx2.cpp to original from fast.avx2.MUT122.cpp

+++++ STDERR +++++

+++++ results for brisk.MUT798.cpp +++++
+++++ STDOUT +++++
SELECT bug_idx FROM bug_info WHERE subject = %s AND experiment_name = %s AND version = %s ['opencv_features2d_TF_top30', 'TF_top30', 'brisk.MUT798.cpp']
SELECT target_code_file, buggy_code_file, pre_start_line FROM bug_info WHERE bug_idx = %s [1472]
SELECT tc_name, tc_result FROM tc_info WHERE bug_idx = %s [1472]
Testing version brisk.MUT798.cpp on faster17.swtv::core5
>> Building opencv_features2d_TF_top30
>> Applied patch to brisk.cpp with brisk.MUT798.cpp
>> Building opencv_features2d_TF_top30
TC9.sh on line 764 has count: 676
Buggy line 764 is covered by test case TC9.sh
TC16.sh on line 764 has count: 1369
Buggy line 764 is covered by test case TC16.sh
TC27.sh on line 764 has count: 1369
Buggy line 764 is covered by test case TC27.sh
TC49.sh on line 764 has count: 9388
Buggy line 764 is covered by test case TC49.sh
>> Saving version brisk.MUT798.cpp to database
>> Reverted brisk.cpp to original from brisk.MUT798.cpp

+++++ STDERR +++++

+++++ results for brisk.MUT1632.cpp +++++
+++++ STDOUT +++++
SELECT bug_idx FROM bug_info WHERE subject = %s AND experiment_name = %s AND version = %s ['opencv_features2d_TF_top30', 'TF_top30', 'brisk.MUT1632.cpp']
SELECT target_code_file, buggy_code_file, pre_start_line FROM bug_info WHERE bug_idx = %s [1652]
SELECT tc_name, tc_result FROM tc_info WHERE bug_idx = %s [1652]
Testing version brisk.MUT1632.cpp on faster17.swtv::core5
>> Building opencv_features2d_TF_top30
>> Applied patch to brisk.cpp with brisk.MUT1632.cpp
>> Building opencv_features2d_TF_top30
TC16.sh on line 1315 has count: 2084
Buggy line 1315 is covered by test case TC16.sh
>> Saving version brisk.MUT1632.cpp to database
>> Reverted brisk.cpp to original from brisk.MUT1632.cpp

+++++ STDERR +++++

+++++ results for fast.MUT328.cpp +++++
+++++ STDOUT +++++
SELECT bug_idx FROM bug_info WHERE subject = %s AND experiment_name = %s AND version = %s ['opencv_features2d_TF_top30', 'TF_top30', 'fast.MUT328.cpp']
SELECT target_code_file, buggy_code_file, pre_start_line FROM bug_info WHERE bug_idx = %s [1827]
SELECT tc_name, tc_result FROM tc_info WHERE bug_idx = %s [1827]
Testing version fast.MUT328.cpp on faster17.swtv::core5
>> Building opencv_features2d_TF_top30
>> Applied patch to fast.cpp with fast.MUT328.cpp
>> Building opencv_features2d_TF_top30
Buggy line 271 is NOT covered by test case TC17.sh
>> Reverted fast.cpp to original from fast.MUT328.cpp

+++++ STDERR +++++

+++++ results for fast.MUT299.cpp +++++
+++++ STDOUT +++++
SELECT bug_idx FROM bug_info WHERE subject = %s AND experiment_name = %s AND version = %s ['opencv_features2d_TF_top30', 'TF_top30', 'fast.MUT299.cpp']
SELECT target_code_file, buggy_code_file, pre_start_line FROM bug_info WHERE bug_idx = %s [180]
SELECT tc_name, tc_result FROM tc_info WHERE bug_idx = %s [180]
Testing version fast.MUT299.cpp on faster17.swtv::core5
>> Building opencv_features2d_TF_top30
>> Applied patch to fast.cpp with fast.MUT299.cpp
>> Building opencv_features2d_TF_top30
TC17.sh on line 249 has count: 1016
Buggy line 249 is covered by test case TC17.sh
TC22.sh on line 249 has count: 4544
Buggy line 249 is covered by test case TC22.sh
TC26.sh on line 249 has count: 35210
Buggy line 249 is covered by test case TC26.sh
>> Saving version fast.MUT299.cpp to database
>> Reverted fast.cpp to original from fast.MUT299.cpp

+++++ STDERR +++++

+++++ results for brisk.MUT689.cpp +++++
+++++ STDOUT +++++
SELECT bug_idx FROM bug_info WHERE subject = %s AND experiment_name = %s AND version = %s ['opencv_features2d_TF_top30', 'TF_top30', 'brisk.MUT689.cpp']
SELECT target_code_file, buggy_code_file, pre_start_line FROM bug_info WHERE bug_idx = %s [770]
SELECT tc_name, tc_result FROM tc_info WHERE bug_idx = %s [770]
Testing version brisk.MUT689.cpp on faster17.swtv::core5
>> Building opencv_features2d_TF_top30
>> Applied patch to brisk.cpp with brisk.MUT689.cpp
>> Building opencv_features2d_TF_top30
TC7.sh on line 683 has count: 1
Buggy line 683 is covered by test case TC7.sh
TC9.sh on line 683 has count: 1
Buggy line 683 is covered by test case TC9.sh
TC16.sh on line 683 has count: 61
Buggy line 683 is covered by test case TC16.sh
TC27.sh on line 683 has count: 61
Buggy line 683 is covered by test case TC27.sh
>> Saving version brisk.MUT689.cpp to database
>> Reverted brisk.cpp to original from brisk.MUT689.cpp

+++++ STDERR +++++

+++++ results for brisk.MUT1535.cpp +++++
+++++ STDOUT +++++
SELECT bug_idx FROM bug_info WHERE subject = %s AND experiment_name = %s AND version = %s ['opencv_features2d_TF_top30', 'TF_top30', 'brisk.MUT1535.cpp']
SELECT target_code_file, buggy_code_file, pre_start_line FROM bug_info WHERE bug_idx = %s [1326]
SELECT tc_name, tc_result FROM tc_info WHERE bug_idx = %s [1326]
Testing version brisk.MUT1535.cpp on faster17.swtv::core5
>> Building opencv_features2d_TF_top30
>> Applied patch to brisk.cpp with brisk.MUT1535.cpp
>> Building opencv_features2d_TF_top30
TC16.sh on line 1260 has count: 2307
Buggy line 1260 is covered by test case TC16.sh
>> Saving version brisk.MUT1535.cpp to database
>> Reverted brisk.cpp to original from brisk.MUT1535.cpp

+++++ STDERR +++++

+++++ results for fast.MUT195.cpp +++++
+++++ STDOUT +++++
SELECT bug_idx FROM bug_info WHERE subject = %s AND experiment_name = %s AND version = %s ['opencv_features2d_TF_top30', 'TF_top30', 'fast.MUT195.cpp']
SELECT target_code_file, buggy_code_file, pre_start_line FROM bug_info WHERE bug_idx = %s [618]
SELECT tc_name, tc_result FROM tc_info WHERE bug_idx = %s [618]
Testing version fast.MUT195.cpp on faster17.swtv::core5
>> Building opencv_features2d_TF_top30
>> Applied patch to fast.cpp with fast.MUT195.cpp
>> Building opencv_features2d_TF_top30
TC26.sh on line 184 has count: 20
Buggy line 184 is covered by test case TC26.sh
>> Saving version fast.MUT195.cpp to database
>> Reverted fast.cpp to original from fast.MUT195.cpp
>> Cleaning build for opencv_features2d_TF_top30

+++++ STDERR +++++
