
+++++ results for akaze.MUT241.cpp +++++
+++++ STDOUT +++++
done with option i: 78 91 105 122 172 84 87 208 
done with option o: /home/yangheechan/FL-dataset-generation-opencv_features2d_TF_bot30/out/opencv_features2d_TF_bot30/generated_mutants-mbfl-trial1/akaze.MUT241.cpp/opencv_features2d_TF_bot30-opencv_features2d_TF_bot30--modules--features2d--src--kaze.cpp/
done with option l: 5
added ARGARINEG
added ARGBITNEG
added ARGDEL
added ARGINCDEC
added ARGLOGNEG
added ARGREPREQ
added ARGSTCALI
added ARGSTCDIF
added CGCR
added CGSR
added CLCR
added CLSR
added CRCR
added DIRVARARINEG
added DIRVARBITNEG
added DIRVARINCDEC
added DIRVARLOGNEG
added DIRVARREPCON
added DIRVARREPEXT
added DIRVARREPGLO
added DIRVARREPLOC
added DIRVARREPPAR
added DIRVARREPREQ
added FUNCALDEL
added INDVARARINEG
added INDVARBITNEG
added INDVARINCDEC
added INDVARLOGNEG
added INDVARREPCON
added INDVARREPEXT
added INDVARREPGLO
added INDVARREPLOC
added INDVARREPPAR
added INDVARREPREQ
added OAAA
added OAAN
added OABA
added OABN
added OAEA
added OALN
added OARN
added OASA
added OASN
added OBAA
added OBAN
added OBBA
added OBBN
added OBEA
added OBLN
added OBNG
added OBRN
added OBSA
added OBSN
added OCOR
added OEAA
added OEBA
added OESA
added OIPM
added OLAN
added OLBN
added OLLN
added OLNG
added OLRN
added OLSN
added OMMO
added OPPO
added ORAN
added ORBN
added ORLN
added ORRN
added ORSN
added OSAA
added OSAN
added OSBA
added OSBN
added OSEA
added OSLN
added OSRN
added OSSA
added OSSN
added SSOM
added VASM
added VDTR
added VGAR
added VGPR
added VGSR
added VGTR
added VLAR
added VLPR
added VLSR
added VLTR
added VSCR
added VTWD
done with option m
disabling DirVarAriNeg,DirVarBitNeg,DirVarLogNeg,DirVarIncDec,DirVarRepReq,DirVarRepCon,DirVarRepPar,DirVarRepGlo,DirVarRepExt,DirVarRepLoc,IndVarAriNeg,IndVarBitNeg,IndVarLogNeg,IndVarIncDec,IndVarRepReq,IndVarRepCon,IndVarRepPar,IndVarRepGlo,IndVarRepExt,IndVarRepLoc,STRI
g_inputfile_name = kaze.cpp
g_mutdbfile_name = /home/yangheechan/FL-dataset-generation-opencv_features2d_TF_bot30/out/opencv_features2d_TF_bot30/generated_mutants-mbfl-trial1/akaze.MUT241.cpp/opencv_features2d_TF_bot30-opencv_features2d_TF_bot30--modules--features2d--src--kaze.cpp/kaze_mut_db.csv
executing action from GatherDataAction
Done GatherDataAction
0
kaze.cpp
(1 : 1)
(214 : 1)
executing action from GenerateMutantAction
done execute action
opened file name /home/yangheechan/FL-dataset-generation-opencv_features2d_TF_bot30/out/opencv_features2d_TF_bot30/generated_mutants-mbfl-trial1/akaze.MUT241.cpp/opencv_features2d_TF_bot30-opencv_features2d_TF_bot30--modules--features2d--src--kaze.cpp/kaze_mut_db.csv
ArgAriNeg 0
ArgBitNeg 0
ArgDel 0
ArgIncDec 1
ArgLogNeg 0
ArgRepReq 3
ArgStcAli 0
ArgStcDif 1
CGCR 0
CGSR 0
CLCR 0
CLSR 0
CRCR 5
CovAllEdg 0
CovAllNod 3
DirVarAriNeg 0
DirVarBitNeg 0
DirVarIncDec 0
DirVarLogNeg 0
DirVarRepCon 0
DirVarRepExt 0
DirVarRepGlo 0
DirVarRepLoc 0
DirVarRepPar 0
DirVarRepReq 0
FunCalDel 1
IndVarAriNeg 0
IndVarBitNeg 0
IndVarIncDec 0
IndVarLogNeg 0
IndVarRepCon 0
IndVarRepExt 0
IndVarRepGlo 0
IndVarRepLoc 0
IndVarRepPar 0
IndVarRepReq 0
OAAA 0
OAAN 0
OABA 0
OABN 0
OAEA 0
OALN 0
OARN 0
OASA 0
OASN 0
OBAA 0
OBAN 0
OBBA 0
OBBN 0
OBEA 0
OBLN 0
OBNG 0
OBRN 0
OBSA 0
OBSN 0
OCNG 0
OCOR 1
OEAA 2
OEBA 1
OESA 2
OIPM 0
OLAN 0
OLBN 0
OLLN 0
OLNG 0
OLRN 0
OLSN 0
OMMO 0
OPPO 0
ORAN 2
ORBN 1
ORLN 2
ORRN 1
ORSN 1
OSAA 0
OSAN 0
OSBA 0
OSBN 0
OSEA 0
OSLN 0
OSRN 0
OSSA 0
OSSN 0
RetStaDel 1
SBRC 0
SBRN 0
SCRB 0
SCRN 0
SDWD 0
SGLR 0
SMTC 0
SMTT 0
SMVB 0
SRSR 0
SSDL 5
SSOM 0
SSWM 0
STRI 0
STRP 3
SWDD 0
VASM 0
VDTR 4
VGAR 0
VGPR 0
VGSR 0
VGTR 0
VLAR 0
VLPR 0
VLSR 0
VLTR 0
VSCR 9
VTWD 5
Done tooling on /home/yangheechan/FL-dataset-generation-opencv_features2d_TF_bot30/work/opencv_features2d_TF_bot30/working_env/faster34.swtv/core2/opencv_features2d_TF_bot30/modules/features2d/src/kaze.cpp
done with option i: 141 65 80 89 120 132 59 63 70 74 50 84 78 82 87 91 106 114 118 122 125 128 134 137 139 144 145 150 154 156 161 172 174 147 153 167 180 185 191 197 204 210 219 
done with option o: /home/yangheechan/FL-dataset-generation-opencv_features2d_TF_bot30/out/opencv_features2d_TF_bot30/generated_mutants-mbfl-trial1/akaze.MUT241.cpp/opencv_features2d_TF_bot30-opencv_features2d_TF_bot30--modules--features2d--src--feature2d.cpp/
done with option l: 5
added ARGARINEG
added ARGBITNEG
added ARGDEL
added ARGINCDEC
added ARGLOGNEG
added ARGREPREQ
added ARGSTCALI
added ARGSTCDIF
added CGCR
added CGSR
added CLCR
added CLSR
added CRCR
added DIRVARARINEG
added DIRVARBITNEG
added DIRVARINCDEC
added DIRVARLOGNEG
added DIRVARREPCON
added DIRVARREPEXT
added DIRVARREPGLO
added DIRVARREPLOC
added DIRVARREPPAR
added DIRVARREPREQ
added FUNCALDEL
added INDVARARINEG
added INDVARBITNEG
added INDVARINCDEC
added INDVARLOGNEG
added INDVARREPCON
added INDVARREPEXT
added INDVARREPGLO
added INDVARREPLOC
added INDVARREPPAR
added INDVARREPREQ
added OAAA
added OAAN
added OABA
added OABN
added OAEA
added OALN
added OARN
added OASA
added OASN
added OBAA
added OBAN
added OBBA
added OBBN
added OBEA
added OBLN
added OBNG
added OBRN
added OBSA
added OBSN
added OCOR
added OEAA
added OEBA
added OESA
added OIPM
added OLAN
added OLBN
added OLLN
added OLNG
added OLRN
added OLSN
added OMMO
added OPPO
added ORAN
added ORBN
added ORLN
added ORRN
added ORSN
added OSAA
added OSAN
added OSBA
added OSBN
added OSEA
added OSLN
added OSRN
added OSSA
added OSSN
added SSOM
added VASM
added VDTR
added VGAR
added VGPR
added VGSR
added VGTR
added VLAR
added VLPR
added VLSR
added VLTR
added VSCR
added VTWD
done with option m
disabling DirVarAriNeg,DirVarBitNeg,DirVarLogNeg,DirVarIncDec,DirVarRepReq,DirVarRepCon,DirVarRepPar,DirVarRepGlo,DirVarRepExt,DirVarRepLoc,IndVarAriNeg,IndVarBitNeg,IndVarLogNeg,IndVarIncDec,IndVarRepReq,IndVarRepCon,IndVarRepPar,IndVarRepGlo,IndVarRepExt,IndVarRepLoc,STRI
g_inputfile_name = feature2d.cpp
g_mutdbfile_name = /home/yangheechan/FL-dataset-generation-opencv_features2d_TF_bot30/out/opencv_features2d_TF_bot30/generated_mutants-mbfl-trial1/akaze.MUT241.cpp/opencv_features2d_TF_bot30-opencv_features2d_TF_bot30--modules--features2d--src--feature2d.cpp/feature2d_mut_db.csv
executing action from GatherDataAction
Done GatherDataAction
0
feature2d.cpp
(1 : 1)
(225 : 1)
executing action from GenerateMutantAction
done execute action
opened file name /home/yangheechan/FL-dataset-generation-opencv_features2d_TF_bot30/out/opencv_features2d_TF_bot30/generated_mutants-mbfl-trial1/akaze.MUT241.cpp/opencv_features2d_TF_bot30-opencv_features2d_TF_bot30--modules--features2d--src--feature2d.cpp/feature2d_mut_db.csv
ArgAriNeg 2
ArgBitNeg 3
ArgDel 8
ArgIncDec 6
ArgLogNeg 3
ArgRepReq 14
ArgStcAli 0
ArgStcDif 5
CGCR 0
CGSR 0
CLCR 0
CLSR 4
CRCR 15
CovAllEdg 13
CovAllNod 11
DirVarAriNeg 0
DirVarBitNeg 0
DirVarIncDec 0
DirVarLogNeg 0
DirVarRepCon 0
DirVarRepExt 0
DirVarRepGlo 0
DirVarRepLoc 0
DirVarRepPar 0
DirVarRepReq 0
FunCalDel 41
IndVarAriNeg 0
IndVarBitNeg 0
IndVarIncDec 0
IndVarLogNeg 0
IndVarRepCon 0
IndVarRepExt 0
IndVarRepGlo 0
IndVarRepLoc 0
IndVarRepPar 0
IndVarRepReq 0
OAAA 0
OAAN 0
OABA 0
OABN 0
OAEA 0
OALN 0
OARN 0
OASA 0
OASN 0
OBAA 0
OBAN 0
OBBA 0
OBBN 0
OBEA 0
OBLN 0
OBNG 0
OBRN 0
OBSA 0
OBSN 0
OCNG 8
OCOR 8
OEAA 0
OEBA 0
OESA 0
OIPM 0
OLAN 0
OLBN 0
OLLN 0
OLNG 0
OLRN 0
OLSN 0
OMMO 0
OPPO 0
ORAN 7
ORBN 4
ORLN 0
ORRN 5
ORSN 5
OSAA 0
OSAN 0
OSBA 0
OSBN 0
OSEA 0
OSLN 0
OSRN 0
OSSA 0
OSSN 0
RetStaDel 1
SBRC 0
SBRN 0
SCRB 0
SCRN 0
SDWD 0
SGLR 0
SMTC 0
SMTT 0
SMVB 0
SRSR 7
SSDL 13
SSOM 0
SSWM 0
STRI 0
STRP 15
SWDD 0
VASM 0
VDTR 9
VGAR 0
VGPR 0
VGSR 0
VGTR 0
VLAR 0
VLPR 0
VLSR 3
VLTR 0
VSCR 0
VTWD 7
Done tooling on /home/yangheechan/FL-dataset-generation-opencv_features2d_TF_bot30/work/opencv_features2d_TF_bot30/working_env/faster34.swtv/core2/opencv_features2d_TF_bot30/modules/features2d/src/feature2d.cpp
done with option i: 143 227 230 231 219 221 203 204 206 207 212 222 225 226 153 244 245 249 253 256 257 258 260 261 262 264 265 266 271 273 275 277 281 282 284 285 288 190 195 197 199 200 202 209 210 214 239 241 
done with option o: /home/yangheechan/FL-dataset-generation-opencv_features2d_TF_bot30/out/opencv_features2d_TF_bot30/generated_mutants-mbfl-trial1/akaze.MUT241.cpp/opencv_features2d_TF_bot30-opencv_features2d_TF_bot30--modules--features2d--src--keypoint.cpp/
done with option l: 5
added ARGARINEG
added ARGBITNEG
added ARGDEL
added ARGINCDEC
added ARGLOGNEG
added ARGREPREQ
added ARGSTCALI
added ARGSTCDIF
added CGCR
added CGSR
added CLCR
added CLSR
added CRCR
added DIRVARARINEG
added DIRVARBITNEG
added DIRVARINCDEC
added DIRVARLOGNEG
added DIRVARREPCON
added DIRVARREPEXT
added DIRVARREPGLO
added DIRVARREPLOC
added DIRVARREPPAR
added DIRVARREPREQ
added FUNCALDEL
added INDVARARINEG
added INDVARBITNEG
added INDVARINCDEC
added INDVARLOGNEG
added INDVARREPCON
added INDVARREPEXT
added INDVARREPGLO
added INDVARREPLOC
added INDVARREPPAR
added INDVARREPREQ
added OAAA
added OAAN
added OABA
added OABN
added OAEA
added OALN
added OARN
added OASA
added OASN
added OBAA
added OBAN
added OBBA
added OBBN
added OBEA
added OBLN
added OBNG
added OBRN
added OBSA
added OBSN
added OCOR
added OEAA
added OEBA
added OESA
added OIPM
added OLAN
added OLBN
added OLLN
added OLNG
added OLRN
added OLSN
added OMMO
added OPPO
added ORAN
added ORBN
added ORLN
added ORRN
added ORSN
added OSAA
added OSAN
added OSBA
added OSBN
added OSEA
added OSLN
added OSRN
added OSSA
added OSSN
added SSOM
added VASM
added VDTR
added VGAR
added VGPR
added VGSR
added VGTR
added VLAR
added VLPR
added VLSR
added VLTR
added VSCR
added VTWD
done with option m
disabling DirVarAriNeg,DirVarBitNeg,DirVarLogNeg,DirVarIncDec,DirVarRepReq,DirVarRepCon,DirVarRepPar,DirVarRepGlo,DirVarRepExt,DirVarRepLoc,IndVarAriNeg,IndVarBitNeg,IndVarLogNeg,IndVarIncDec,IndVarRepReq,IndVarRepCon,IndVarRepPar,IndVarRepGlo,IndVarRepExt,IndVarRepLoc,STRI
g_inputfile_name = keypoint.cpp
g_mutdbfile_name = /home/yangheechan/FL-dataset-generation-opencv_features2d_TF_bot30/out/opencv_features2d_TF_bot30/generated_mutants-mbfl-trial1/akaze.MUT241.cpp/opencv_features2d_TF_bot30-opencv_features2d_TF_bot30--modules--features2d--src--keypoint.cpp/keypoint_mut_db.csv
executing action from GatherDataAction
found a template type: T
Done GatherDataAction
0
keypoint.cpp
(1 : 1)
(292 : 1)
executing action from GenerateMutantAction
done execute action
opened file name /home/yangheechan/FL-dataset-generation-opencv_features2d_TF_bot30/out/opencv_features2d_TF_bot30/generated_mutants-mbfl-trial1/akaze.MUT241.cpp/opencv_features2d_TF_bot30-opencv_features2d_TF_bot30--modules--features2d--src--keypoint.cpp/keypoint_mut_db.csv
ArgAriNeg 3
ArgBitNeg 3
ArgDel 4
ArgIncDec 11
ArgLogNeg 4
ArgRepReq 20
ArgStcAli 0
ArgStcDif 11
CGCR 0
CGSR 0
CLCR 0
CLSR 13
CRCR 44
CovAllEdg 6
CovAllNod 11
DirVarAriNeg 0
DirVarBitNeg 0
DirVarIncDec 0
DirVarLogNeg 0
DirVarRepCon 0
DirVarRepExt 0
DirVarRepGlo 0
DirVarRepLoc 0
DirVarRepPar 0
DirVarRepReq 0
FunCalDel 16
IndVarAriNeg 0
IndVarBitNeg 0
IndVarIncDec 0
IndVarLogNeg 0
IndVarRepCon 0
IndVarRepExt 0
IndVarRepGlo 0
IndVarRepLoc 0
IndVarRepPar 0
IndVarRepReq 0
OAAA 0
OAAN 0
OABA 0
OABN 0
OAEA 0
OALN 0
OARN 2
OASA 0
OASN 1
OBAA 0
OBAN 0
OBBA 0
OBBN 0
OBEA 0
OBLN 0
OBNG 0
OBRN 0
OBSA 0
OBSN 0
OCNG 3
OCOR 10
OEAA 1
OEBA 5
OESA 1
OIPM 0
OLAN 0
OLBN 1
OLLN 0
OLNG 0
OLRN 0
OLSN 0
OMMO 0
OPPO 2
ORAN 21
ORBN 2
ORLN 16
ORRN 29
ORSN 3
OSAA 0
OSAN 0
OSBA 0
OSBN 0
OSEA 0
OSLN 0
OSRN 0
OSSA 0
OSSN 0
RetStaDel 4
SBRC 0
SBRN 0
SCRB 0
SCRN 0
SDWD 0
SGLR 0
SMTC 0
SMTT 0
SMVB 0
SRSR 11
SSDL 12
SSOM 0
SSWM 0
STRI 0
STRP 7
SWDD 0
VASM 0
VDTR 42
VGAR 0
VGPR 0
VGSR 0
VGTR 0
VLAR 0
VLPR 0
VLSR 23
VLTR 0
VSCR 28
VTWD 27
Done tooling on /home/yangheechan/FL-dataset-generation-opencv_features2d_TF_bot30/work/opencv_features2d_TF_bot30/working_env/faster34.swtv/core2/opencv_features2d_TF_bot30/modules/features2d/src/keypoint.cpp
done with option i: 65 69 76 262 144 136 79 72 108 117 197 202 210 212 213 215 268 192 66 71 106 81 82 85 87 273 103 220 223 119 134 174 176 179 180 182 183 186 187 190 194 114 70 120 142 169 181 185 189 208 67 68 90 91 94 96 97 100 102 125 128 146 152 154 203 204 246 248 249 271 84 88 93 99 129 147 160 165 199 226 184 
done with option o: /home/yangheechan/FL-dataset-generation-opencv_features2d_TF_bot30/out/opencv_features2d_TF_bot30/generated_mutants-mbfl-trial1/akaze.MUT241.cpp/opencv_features2d_TF_bot30-opencv_features2d_TF_bot30--modules--features2d--src--akaze.cpp/
done with option l: 5
added ARGARINEG
added ARGBITNEG
added ARGDEL
added ARGINCDEC
added ARGLOGNEG
added ARGREPREQ
added ARGSTCALI
added ARGSTCDIF
added CGCR
added CGSR
added CLCR
added CLSR
added CRCR
added DIRVARARINEG
added DIRVARBITNEG
added DIRVARINCDEC
added DIRVARLOGNEG
added DIRVARREPCON
added DIRVARREPEXT
added DIRVARREPGLO
added DIRVARREPLOC
added DIRVARREPPAR
added DIRVARREPREQ
added FUNCALDEL
added INDVARARINEG
added INDVARBITNEG
added INDVARINCDEC
added INDVARLOGNEG
added INDVARREPCON
added INDVARREPEXT
added INDVARREPGLO
added INDVARREPLOC
added INDVARREPPAR
added INDVARREPREQ
added OAAA
added OAAN
added OABA
added OABN
added OAEA
added OALN
added OARN
added OASA
added OASN
added OBAA
added OBAN
added OBBA
added OBBN
added OBEA
added OBLN
added OBNG
added OBRN
added OBSA
added OBSN
added OCOR
added OEAA
added OEBA
added OESA
added OIPM
added OLAN
added OLBN
added OLLN
added OLNG
added OLRN
added OLSN
added OMMO
added OPPO
added ORAN
added ORBN
added ORLN
added ORRN
added ORSN
added OSAA
added OSAN
added OSBA
added OSBN
added OSEA
added OSLN
added OSRN
added OSSA
added OSSN
added SSOM
added VASM
added VDTR
added VGAR
added VGPR
added VGSR
added VGTR
added VLAR
added VLPR
added VLSR
added VLTR
added VSCR
added VTWD
done with option m
disabling DirVarAriNeg,DirVarBitNeg,DirVarLogNeg,DirVarIncDec,DirVarRepReq,DirVarRepCon,DirVarRepPar,DirVarRepGlo,DirVarRepExt,DirVarRepLoc,IndVarAriNeg,IndVarBitNeg,IndVarLogNeg,IndVarIncDec,IndVarRepReq,IndVarRepCon,IndVarRepPar,IndVarRepGlo,IndVarRepExt,IndVarRepLoc,STRI
g_inputfile_name = akaze.cpp
g_mutdbfile_name = /home/yangheechan/FL-dataset-generation-opencv_features2d_TF_bot30/out/opencv_features2d_TF_bot30/generated_mutants-mbfl-trial1/akaze.MUT241.cpp/opencv_features2d_TF_bot30-opencv_features2d_TF_bot30--modules--features2d--src--akaze.cpp/akaze_mut_db.csv
executing action from GatherDataAction
Done GatherDataAction
0
akaze.cpp
(1 : 1)
(277 : 1)
executing action from GenerateMutantAction
done execute action
opened file name /home/yangheechan/FL-dataset-generation-opencv_features2d_TF_bot30/out/opencv_features2d_TF_bot30/generated_mutants-mbfl-trial1/akaze.MUT241.cpp/opencv_features2d_TF_bot30-opencv_features2d_TF_bot30--modules--features2d--src--akaze.cpp/akaze_mut_db.csv
ArgAriNeg 0
ArgBitNeg 3
ArgDel 7
ArgIncDec 2
ArgLogNeg 6
ArgRepReq 43
ArgStcAli 0
ArgStcDif 9
CGCR 0
CGSR 0
CLCR 8
CLSR 1
CRCR 67
CovAllEdg 14
CovAllNod 37
DirVarAriNeg 0
DirVarBitNeg 0
DirVarIncDec 0
DirVarLogNeg 0
DirVarRepCon 0
DirVarRepExt 0
DirVarRepGlo 0
DirVarRepLoc 0
DirVarRepPar 0
DirVarRepReq 0
FunCalDel 21
IndVarAriNeg 0
IndVarBitNeg 0
IndVarIncDec 0
IndVarLogNeg 0
IndVarRepCon 0
IndVarRepExt 0
IndVarRepGlo 0
IndVarRepLoc 0
IndVarRepPar 0
IndVarRepReq 0
OAAA 0
OAAN 1
OABA 0
OABN 3
OAEA 0
OALN 3
OARN 2
OASA 0
OASN 2
OBAA 0
OBAN 0
OBBA 0
OBBN 0
OBEA 0
OBLN 0
OBNG 0
OBRN 0
OBSA 0
OBSN 0
OCNG 5
OCOR 3
OEAA 27
OEBA 10
OESA 8
OIPM 0
OLAN 2
OLBN 0
OLLN 0
OLNG 0
OLRN 2
OLSN 0
OMMO 0
OPPO 0
ORAN 4
ORBN 1
ORLN 2
ORRN 3
ORSN 0
OSAA 0
OSAN 0
OSBA 0
OSBN 0
OSEA 0
OSLN 0
OSRN 0
OSSA 0
OSSN 0
RetStaDel 14
SBRC 0
SBRN 0
SCRB 0
SCRN 0
SDWD 0
SGLR 0
SMTC 0
SMTT 0
SMVB 0
SRSR 25
SSDL 28
SSOM 0
SSWM 0
STRI 0
STRP 28
SWDD 0
VASM 0
VDTR 48
VGAR 0
VGPR 0
VGSR 0
VGTR 0
VLAR 0
VLPR 0
VLSR 39
VLTR 0
VSCR 80
VTWD 57
Done tooling on /home/yangheechan/FL-dataset-generation-opencv_features2d_TF_bot30/work/opencv_features2d_TF_bot30/working_env/faster34.swtv/core2/opencv_features2d_TF_bot30/modules/features2d/src/akaze.cpp
done with option i: 412 416 418 423 425 428 438 440 444 446 484 489 492 495 498 503 507 509 515 518 519 521 522 523 525 532 562 647 680 726 869 975 536 537 540 541 542 547 548 549 551 552 556 558 565 569 573 576 582 584 585 586 589 593 595 597 598 600 606 607 609 613 617 618 620 623 625 628 630 632 633 635 636 638 645 652 655 657 659 663 666 669 677 681 683 684 688 689 690 695 698 700 704 705 710 713 714 718 721 723 727 757 761 766 769 773 777 779 836 837 839 841 843 844 848 852 853 854 856 860 861 862 863 868 870 873 878 880 882 886 893 911 912 914 917 923 925 927 928 930 962 963 967 968 969 970 977 978 979 983 984 990 995 997 1004 1006 1007 1009 1012 1013 1015 1022 1032 1036 450 453 457 459 460 464 465 467 475 476 478 481 482 530 611 674 781 890 985 986 629 974 981 988 998 1010 1034 1042 716 724 730 760 775 780 782 616 1049 1056 1088 
done with option o: /home/yangheechan/FL-dataset-generation-opencv_features2d_TF_bot30/out/opencv_features2d_TF_bot30/generated_mutants-mbfl-trial1/akaze.MUT241.cpp/opencv_features2d_TF_bot30-opencv_features2d_TF_bot30--modules--features2d--src--matchers.cpp/
done with option l: 5
added ARGARINEG
added ARGBITNEG
added ARGDEL
added ARGINCDEC
added ARGLOGNEG
added ARGREPREQ
added ARGSTCALI
added ARGSTCDIF
added CGCR
added CGSR
added CLCR
added CLSR
added CRCR
added DIRVARARINEG
added DIRVARBITNEG
added DIRVARINCDEC
added DIRVARLOGNEG
added DIRVARREPCON
added DIRVARREPEXT
added DIRVARREPGLO
added DIRVARREPLOC
added DIRVARREPPAR
added DIRVARREPREQ
added FUNCALDEL
added INDVARARINEG
added INDVARBITNEG
added INDVARINCDEC
added INDVARLOGNEG
added INDVARREPCON
added INDVARREPEXT
added INDVARREPGLO
added INDVARREPLOC
added INDVARREPPAR
added INDVARREPREQ
added OAAA
added OAAN
added OABA
added OABN
added OAEA
added OALN
added OARN
added OASA
added OASN
added OBAA
added OBAN
added OBBA
added OBBN
added OBEA
added OBLN
added OBNG
added OBRN
added OBSA
added OBSN
added OCOR
added OEAA
added OEBA
added OESA
added OIPM
added OLAN
added OLBN
added OLLN
added OLNG
added OLRN
added OLSN
added OMMO
added OPPO
added ORAN
added ORBN
added ORLN
added ORRN
added ORSN
added OSAA
added OSAN
added OSBA
added OSBN
added OSEA
added OSLN
added OSRN
added OSSA
added OSSN
added SSOM
added VASM
added VDTR
added VGAR
added VGPR
added VGSR
added VGTR
added VLAR
added VLPR
added VLSR
added VLTR
added VSCR
added VTWD
done with option m
disabling DirVarAriNeg,DirVarBitNeg,DirVarLogNeg,DirVarIncDec,DirVarRepReq,DirVarRepCon,DirVarRepPar,DirVarRepGlo,DirVarRepExt,DirVarRepLoc,IndVarAriNeg,IndVarBitNeg,IndVarLogNeg,IndVarIncDec,IndVarRepReq,IndVarRepCon,IndVarRepPar,IndVarRepGlo,IndVarRepExt,IndVarRepLoc,STRI
g_inputfile_name = matchers.cpp
g_mutdbfile_name = /home/yangheechan/FL-dataset-generation-opencv_features2d_TF_bot30/out/opencv_features2d_TF_bot30/generated_mutants-mbfl-trial1/akaze.MUT241.cpp/opencv_features2d_TF_bot30-opencv_features2d_TF_bot30--modules--features2d--src--matchers.cpp/matchers_mut_db.csv
executing action from GatherDataAction
Done GatherDataAction
0
matchers.cpp
(1 : 1)
(1467 : 1)
executing action from GenerateMutantAction
done execute action
opened file name /home/yangheechan/FL-dataset-generation-opencv_features2d_TF_bot30/out/opencv_features2d_TF_bot30/generated_mutants-mbfl-trial1/akaze.MUT241.cpp/opencv_features2d_TF_bot30-opencv_features2d_TF_bot30--modules--features2d--src--matchers.cpp/matchers_mut_db.csv
ArgAriNeg 25
ArgBitNeg 27
ArgDel 61
ArgIncDec 39
ArgLogNeg 25
ArgRepReq 177
ArgStcAli 11
ArgStcDif 28
CGCR 0
CGSR 0
CLCR 9
CLSR 24
CRCR 97
CovAllEdg 28
CovAllNod 51
DirVarAriNeg 0
DirVarBitNeg 0
DirVarIncDec 0
DirVarLogNeg 0
DirVarRepCon 0
DirVarRepExt 0
DirVarRepGlo 0
DirVarRepLoc 0
DirVarRepPar 0
DirVarRepReq 0
FunCalDel 81
IndVarAriNeg 0
IndVarBitNeg 0
IndVarIncDec 0
IndVarLogNeg 0
IndVarRepCon 0
IndVarRepExt 0
IndVarRepGlo 0
IndVarRepLoc 0
IndVarRepPar 0
IndVarRepReq 0
OAAA 1
OAAN 1
OABA 1
OABN 4
OAEA 0
OALN 1
OARN 4
OASA 0
OASN 1
OBAA 0
OBAN 1
OBBA 0
OBBN 1
OBEA 0
OBLN 0
OBNG 2
OBRN 0
OBSA 0
OBSN 1
OCNG 13
OCOR 16
OEAA 8
OEBA 3
OESA 2
OIPM 0
OLAN 29
OLBN 15
OLLN 7
OLNG 14
OLRN 28
OLSN 8
OMMO 0
OPPO 12
ORAN 26
ORBN 7
ORLN 9
ORRN 16
ORSN 10
OSAA 0
OSAN 0
OSBA 0
OSBN 0
OSEA 0
OSLN 0
OSRN 0
OSSA 0
OSSN 0
RetStaDel 7
SBRC 0
SBRN 0
SCRB 2
SCRN 0
SDWD 0
SGLR 0
SMTC 0
SMTT 0
SMVB 0
SRSR 22
SSDL 50
SSOM 0
SSWM 0
STRI 0
STRP 53
SWDD 0
VASM 0
VDTR 54
VGAR 0
VGPR 0
VGSR 0
VGTR 0
VLAR 0
VLPR 0
VLSR 49
VLTR 0
VSCR 14
VTWD 39
Done tooling on /home/yangheechan/FL-dataset-generation-opencv_features2d_TF_bot30/work/opencv_features2d_TF_bot30/working_env/faster34.swtv/core2/opencv_features2d_TF_bot30/modules/features2d/src/matchers.cpp
done with option i: 106 82 85 89 91 110 61 74 150 53 63 66 69 72 73 100 62 64 65 67 68 70 71 75 78 80 81 83 84 86 87 92 94 95 97 
done with option o: /home/yangheechan/FL-dataset-generation-opencv_features2d_TF_bot30/out/opencv_features2d_TF_bot30/generated_mutants-mbfl-trial1/akaze.MUT241.cpp/opencv_features2d_TF_bot30-opencv_features2d_TF_bot30--modules--features2d--src--gftt.cpp/
done with option l: 5
added ARGARINEG
added ARGBITNEG
added ARGDEL
added ARGINCDEC
added ARGLOGNEG
added ARGREPREQ
added ARGSTCALI
added ARGSTCDIF
added CGCR
added CGSR
added CLCR
added CLSR
added CRCR
added DIRVARARINEG
added DIRVARBITNEG
added DIRVARINCDEC
added DIRVARLOGNEG
added DIRVARREPCON
added DIRVARREPEXT
added DIRVARREPGLO
added DIRVARREPLOC
added DIRVARREPPAR
added DIRVARREPREQ
added FUNCALDEL
added INDVARARINEG
added INDVARBITNEG
added INDVARINCDEC
added INDVARLOGNEG
added INDVARREPCON
added INDVARREPEXT
added INDVARREPGLO
added INDVARREPLOC
added INDVARREPPAR
added INDVARREPREQ
added OAAA
added OAAN
added OABA
added OABN
added OAEA
added OALN
added OARN
added OASA
added OASN
added OBAA
added OBAN
added OBBA
added OBBN
added OBEA
added OBLN
added OBNG
added OBRN
added OBSA
added OBSN
added OCOR
added OEAA
added OEBA
added OESA
added OIPM
added OLAN
added OLBN
added OLLN
added OLNG
added OLRN
added OLSN
added OMMO
added OPPO
added ORAN
added ORBN
added ORLN
added ORRN
added ORSN
added OSAA
added OSAN
added OSBA
added OSBN
added OSEA
added OSLN
added OSRN
added OSSA
added OSSN
added SSOM
added VASM
added VDTR
added VGAR
added VGPR
added VGSR
added VGTR
added VLAR
added VLPR
added VLSR
added VLTR
added VSCR
added VTWD
done with option m
disabling DirVarAriNeg,DirVarBitNeg,DirVarLogNeg,DirVarIncDec,DirVarRepReq,DirVarRepCon,DirVarRepPar,DirVarRepGlo,DirVarRepExt,DirVarRepLoc,IndVarAriNeg,IndVarBitNeg,IndVarLogNeg,IndVarIncDec,IndVarRepReq,IndVarRepCon,IndVarRepPar,IndVarRepGlo,IndVarRepExt,IndVarRepLoc,STRI
g_inputfile_name = gftt.cpp
g_mutdbfile_name = /home/yangheechan/FL-dataset-generation-opencv_features2d_TF_bot30/out/opencv_features2d_TF_bot30/generated_mutants-mbfl-trial1/akaze.MUT241.cpp/opencv_features2d_TF_bot30-opencv_features2d_TF_bot30--modules--features2d--src--gftt.cpp/gftt_mut_db.csv
executing action from GatherDataAction
Done GatherDataAction
0
gftt.cpp
(1 : 1)
(186 : 1)
executing action from GenerateMutantAction
done execute action
opened file name /home/yangheechan/FL-dataset-generation-opencv_features2d_TF_bot30/out/opencv_features2d_TF_bot30/generated_mutants-mbfl-trial1/akaze.MUT241.cpp/opencv_features2d_TF_bot30-opencv_features2d_TF_bot30--modules--features2d--src--gftt.cpp/gftt_mut_db.csv
ArgAriNeg 5
ArgBitNeg 5
ArgDel 0
ArgIncDec 13
ArgLogNeg 13
ArgRepReq 43
ArgStcAli 0
ArgStcDif 16
CGCR 0
CGSR 0
CLCR 1
CLSR 0
CRCR 35
CovAllEdg 11
CovAllNod 14
DirVarAriNeg 0
DirVarBitNeg 0
DirVarIncDec 0
DirVarLogNeg 0
DirVarRepCon 0
DirVarRepExt 0
DirVarRepGlo 0
DirVarRepLoc 0
DirVarRepPar 0
DirVarRepReq 0
FunCalDel 23
IndVarAriNeg 0
IndVarBitNeg 0
IndVarIncDec 0
IndVarLogNeg 0
IndVarRepCon 0
IndVarRepExt 0
IndVarRepGlo 0
IndVarRepLoc 0
IndVarRepPar 0
IndVarRepReq 0
OAAA 0
OAAN 0
OABA 0
OABN 0
OAEA 0
OALN 0
OARN 0
OASA 0
OASN 0
OBAA 0
OBAN 0
OBBA 0
OBBN 0
OBEA 0
OBLN 0
OBNG 0
OBRN 0
OBSA 0
OBSN 0
OCNG 4
OCOR 0
OEAA 9
OEBA 7
OESA 1
OIPM 0
OLAN 0
OLBN 0
OLLN 0
OLNG 0
OLRN 0
OLSN 0
OMMO 0
OPPO 0
ORAN 0
ORBN 0
ORLN 0
ORRN 0
ORSN 0
OSAA 0
OSAN 0
OSBA 0
OSBN 0
OSEA 0
OSLN 0
OSRN 0
OSSA 0
OSSN 0
RetStaDel 2
SBRC 0
SBRN 0
SCRB 0
SCRN 0
SDWD 0
SGLR 0
SMTC 0
SMTT 0
SMVB 0
SRSR 0
SSDL 17
SSOM 0
SSWM 0
STRI 0
STRP 16
SWDD 0
VASM 0
VDTR 22
VGAR 0
VGPR 0
VGSR 0
VGTR 0
VLAR 0
VLPR 0
VLSR 3
VLTR 0
VSCR 49
VTWD 21
Done tooling on /home/yangheechan/FL-dataset-generation-opencv_features2d_TF_bot30/work/opencv_features2d_TF_bot30/working_env/faster34.swtv/core2/opencv_features2d_TF_bot30/modules/features2d/src/gftt.cpp
Testing version akaze.MUT241.cpp on faster34.swtv::core2
Found buggy line 61 in failing tcs, TC12.sh executed lines
Found buggy line 61 in failing tcs, TC13.sh executed lines
Found buggy line 61 in failing tcs, TC24.sh executed lines
Found buggy line 61 in failing tcs, TC25.sh executed lines
Found buggy line 61 in failing tcs, TC35.sh executed lines
>>> TOTAL Selected lines: 418
	 >>> Selected lines executed by failing tcs: 71
	 >>> Selected lines based on SBFL rank (desc): 210
	 >>> Selected lines based on SBFL rank (asc): 210
>> Applied patch to akaze.cpp with akaze.MUT241.cpp
>> Cleaning build for opencv_features2d_TF_bot30
>> Configuring opencv_features2d_TF_bot30 without coverage
>> Building opencv_features2d_TF_bot30
>> Generating mutants on akaze.MUT241.cpp of kaze.cpp
>> Generating mutants on akaze.MUT241.cpp of feature2d.cpp
>> Generating mutants on akaze.MUT241.cpp of keypoint.cpp
>> Generating mutants on akaze.MUT241.cpp of akaze.cpp
>> Generating mutants on akaze.MUT241.cpp of matchers.cpp
>> Generating mutants on akaze.MUT241.cpp of gftt.cpp
>> Reverted akaze.cpp to original from akaze.MUT241.cpp
>> Cleaning build for opencv_features2d_TF_bot30
>> Configuring opencv_features2d_TF_bot30 without coverage
>> Building opencv_features2d_TF_bot30
>> Total number of mutants: 2827
>> Total number of lines executed by failing test cases: 71
>> Mutants per file:
	 >> opencv_features2d_TF_bot30/modules/features2d/src/kaze.cpp: 54 mutants, 0 lines executed by failing test cases
	 >> opencv_features2d_TF_bot30/modules/features2d/src/feature2d.cpp: 217 mutants, 26 lines executed by failing test cases
	 >> opencv_features2d_TF_bot30/modules/features2d/src/keypoint.cpp: 397 mutants, 0 lines executed by failing test cases
	 >> opencv_features2d_TF_bot30/modules/features2d/src/akaze.cpp: 615 mutants, 45 lines executed by failing test cases
	 >> opencv_features2d_TF_bot30/modules/features2d/src/matchers.cpp: 1214 mutants, 0 lines executed by failing test cases
	 >> opencv_features2d_TF_bot30/modules/features2d/src/gftt.cpp: 330 mutants, 0 lines executed by failing test cases
Testing on faster34.swtv::core2-p2
Testing on faster34.swtv::core2-p1
Testing on faster34.swtv::core2-p0
Job Process-1 has been finished: ['faster34.swtv', 'core2-p0', 'akaze.MUT241.cpp']
Job Process-2 has been finished: ['faster34.swtv', 'core2-p1', 'akaze.MUT241.cpp']
Job Process-3 has been finished: ['faster34.swtv', 'core2-p2', 'akaze.MUT241.cpp']
>> Zipped mutants on akaze.MUT241.cpp
>> Removed mutants on akaze.MUT241.cpp
>> Saving version akaze.MUT241.cpp to database
Finished testing version akaze.MUT241.cpp on faster34.swtv::core2

+++++ STDERR +++++
warning: unknown warning option '-Wimplicit-fallthrough=3'; did you mean '-Wimplicit-fallthrough'? [-Wunknown-warning-option]
In file included from /home/yangheechan/FL-dataset-generation-opencv_features2d_TF_bot30/work/opencv_features2d_TF_bot30/working_env/faster34.swtv/core2/opencv_features2d_TF_bot30/modules/features2d/src/kaze.cpp:50:
In file included from /home/yangheechan/FL-dataset-generation-opencv_features2d_TF_bot30/work/opencv_features2d_TF_bot30/working_env/faster34.swtv/core2/opencv_features2d_TF_bot30/modules/features2d/src/precomp.hpp:50:
In file included from /home/yangheechan/FL-dataset-generation-opencv_features2d_TF_bot30/work/opencv_features2d_TF_bot30/working_env/faster34.swtv/core2/opencv_features2d_TF_bot30/modules/core/include/opencv2/core/private.hpp:246:
In file included from /home/yangheechan/FL-dataset-generation-opencv_features2d_TF_bot30/work/opencv_features2d_TF_bot30/working_env/faster34.swtv/core2/opencv_features2d_TF_bot30/build/3rdparty/ippicv/ippicv_lnx/iw/include/iw++/iw.hpp:17:
In file included from /home/yangheechan/FL-dataset-generation-opencv_features2d_TF_bot30/work/opencv_features2d_TF_bot30/working_env/faster34.swtv/core2/opencv_features2d_TF_bot30/build/3rdparty/ippicv/ippicv_lnx/iw/include/iw++/iw_image_color.hpp:17:
/home/yangheechan/FL-dataset-generation-opencv_features2d_TF_bot30/work/opencv_features2d_TF_bot30/working_env/faster34.swtv/core2/opencv_features2d_TF_bot30/build/3rdparty/ippicv/ippicv_lnx/iw/include/iw++/iw_image.hpp:1389:13: warning: 'operator const _IwiTileTransform *' overrides a member function but is not marked 'override' [-Wsuggest-override]
    virtual operator const ::IwiTileTransform*() const { return NULL; }
            ^
/home/yangheechan/FL-dataset-generation-opencv_features2d_TF_bot30/work/opencv_features2d_TF_bot30/working_env/faster34.swtv/core2/opencv_features2d_TF_bot30/build/3rdparty/ippicv/ippicv_lnx/iw/include/iw++/iw_image.hpp:1362:13: note: overridden virtual function is here
    virtual operator const ::IwiTileTransform*() const { return &transformStruct; }
            ^
/home/yangheechan/FL-dataset-generation-opencv_features2d_TF_bot30/work/opencv_features2d_TF_bot30/working_env/faster34.swtv/core2/opencv_features2d_TF_bot30/build/3rdparty/ippicv/ippicv_lnx/iw/include/iw++/iw_image.hpp:1391:19: warning: 'Clone' overrides a member function but is not marked 'override' [-Wsuggest-override]
    virtual void* Clone() const
                  ^
/home/yangheechan/FL-dataset-generation-opencv_features2d_TF_bot30/work/opencv_features2d_TF_bot30/working_env/faster34.swtv/core2/opencv_features2d_TF_bot30/build/3rdparty/ippicv/ippicv_lnx/iw/include/iw++/iw_image.hpp:1359:19: note: overridden virtual function is here
    virtual void* Clone() const = 0;
                  ^
/home/yangheechan/FL-dataset-generation-opencv_features2d_TF_bot30/work/opencv_features2d_TF_bot30/working_env/faster34.swtv/core2/opencv_features2d_TF_bot30/build/3rdparty/ippicv/ippicv_lnx/iw/include/iw++/iw_image.hpp:1398:17: warning: 'GetSrcRoi' overrides a member function but is not marked 'override' [-Wsuggest-override]
    virtual int GetSrcRoi(ipp::IwiRoi, ipp::IwiRoi&) const
                ^
/home/yangheechan/FL-dataset-generation-opencv_features2d_TF_bot30/work/opencv_features2d_TF_bot30/working_env/faster34.swtv/core2/opencv_features2d_TF_bot30/build/3rdparty/ippicv/ippicv_lnx/iw/include/iw++/iw_image.hpp:1356:17: note: overridden virtual function is here
    virtual int GetSrcRoi(ipp::IwiRoi, ipp::IwiRoi&) const = 0;
                ^
warning: unknown warning option '-Wimplicit-fallthrough=3'; did you mean '-Wimplicit-fallthrough'? [-Wunknown-warning-option]
In file included from /home/yangheechan/FL-dataset-generation-opencv_features2d_TF_bot30/work/opencv_features2d_TF_bot30/working_env/faster34.swtv/core2/opencv_features2d_TF_bot30/modules/features2d/src/kaze.cpp:50:
In file included from /home/yangheechan/FL-dataset-generation-opencv_features2d_TF_bot30/work/opencv_features2d_TF_bot30/working_env/faster34.swtv/core2/opencv_features2d_TF_bot30/modules/features2d/src/precomp.hpp:50:
In file included from /home/yangheechan/FL-dataset-generation-opencv_features2d_TF_bot30/work/opencv_features2d_TF_bot30/working_env/faster34.swtv/core2/opencv_features2d_TF_bot30/modules/core/include/opencv2/core/private.hpp:246:
In file included from /home/yangheechan/FL-dataset-generation-opencv_features2d_TF_bot30/work/opencv_features2d_TF_bot30/working_env/faster34.swtv/core2/opencv_features2d_TF_bot30/build/3rdparty/ippicv/ippicv_lnx/iw/include/iw++/iw.hpp:17:
In file included from /home/yangheechan/FL-dataset-generation-opencv_features2d_TF_bot30/work/opencv_features2d_TF_bot30/working_env/faster34.swtv/core2/opencv_features2d_TF_bot30/build/3rdparty/ippicv/ippicv_lnx/iw/include/iw++/iw_image_color.hpp:17:
/home/yangheechan/FL-dataset-generation-opencv_features2d_TF_bot30/work/opencv_features2d_TF_bot30/working_env/faster34.swtv/core2/opencv_features2d_TF_bot30/build/3rdparty/ippicv/ippicv_lnx/iw/include/iw++/iw_image.hpp:1389:13: warning: 'operator const _IwiTileTransform *' overrides a member function but is not marked 'override' [-Wsuggest-override]
    virtual operator const ::IwiTileTransform*() const { return NULL; }
            ^
/home/yangheechan/FL-dataset-generation-opencv_features2d_TF_bot30/work/opencv_features2d_TF_bot30/working_env/faster34.swtv/core2/opencv_features2d_TF_bot30/build/3rdparty/ippicv/ippicv_lnx/iw/include/iw++/iw_image.hpp:1362:13: note: overridden virtual function is here
    virtual operator const ::IwiTileTransform*() const { return &transformStruct; }
            ^
/home/yangheechan/FL-dataset-generation-opencv_features2d_TF_bot30/work/opencv_features2d_TF_bot30/working_env/faster34.swtv/core2/opencv_features2d_TF_bot30/build/3rdparty/ippicv/ippicv_lnx/iw/include/iw++/iw_image.hpp:1391:19: warning: 'Clone' overrides a member function but is not marked 'override' [-Wsuggest-override]
    virtual void* Clone() const
                  ^
/home/yangheechan/FL-dataset-generation-opencv_features2d_TF_bot30/work/opencv_features2d_TF_bot30/working_env/faster34.swtv/core2/opencv_features2d_TF_bot30/build/3rdparty/ippicv/ippicv_lnx/iw/include/iw++/iw_image.hpp:1359:19: note: overridden virtual function is here
    virtual void* Clone() const = 0;
                  ^
/home/yangheechan/FL-dataset-generation-opencv_features2d_TF_bot30/work/opencv_features2d_TF_bot30/working_env/faster34.swtv/core2/opencv_features2d_TF_bot30/build/3rdparty/ippicv/ippicv_lnx/iw/include/iw++/iw_image.hpp:1398:17: warning: 'GetSrcRoi' overrides a member function but is not marked 'override' [-Wsuggest-override]
    virtual int GetSrcRoi(ipp::IwiRoi, ipp::IwiRoi&) const
                ^
/home/yangheechan/FL-dataset-generation-opencv_features2d_TF_bot30/work/opencv_features2d_TF_bot30/working_env/faster34.swtv/core2/opencv_features2d_TF_bot30/build/3rdparty/ippicv/ippicv_lnx/iw/include/iw++/iw_image.hpp:1356:17: note: overridden virtual function is here
    virtual int GetSrcRoi(ipp::IwiRoi, ipp::IwiRoi&) const = 0;
                ^
4 warnings generated.
4 warnings generated.
warning: unknown warning option '-Wimplicit-fallthrough=3'; did you mean '-Wimplicit-fallthrough'? [-Wunknown-warning-option]
In file included from /home/yangheechan/FL-dataset-generation-opencv_features2d_TF_bot30/work/opencv_features2d_TF_bot30/working_env/faster34.swtv/core2/opencv_features2d_TF_bot30/modules/features2d/src/feature2d.cpp:43:
In file included from /home/yangheechan/FL-dataset-generation-opencv_features2d_TF_bot30/work/opencv_features2d_TF_bot30/working_env/faster34.swtv/core2/opencv_features2d_TF_bot30/modules/features2d/src/precomp.hpp:50:
In file included from /home/yangheechan/FL-dataset-generation-opencv_features2d_TF_bot30/work/opencv_features2d_TF_bot30/working_env/faster34.swtv/core2/opencv_features2d_TF_bot30/modules/core/include/opencv2/core/private.hpp:246:
In file included from /home/yangheechan/FL-dataset-generation-opencv_features2d_TF_bot30/work/opencv_features2d_TF_bot30/working_env/faster34.swtv/core2/opencv_features2d_TF_bot30/build/3rdparty/ippicv/ippicv_lnx/iw/include/iw++/iw.hpp:17:
In file included from /home/yangheechan/FL-dataset-generation-opencv_features2d_TF_bot30/work/opencv_features2d_TF_bot30/working_env/faster34.swtv/core2/opencv_features2d_TF_bot30/build/3rdparty/ippicv/ippicv_lnx/iw/include/iw++/iw_image_color.hpp:17:
/home/yangheechan/FL-dataset-generation-opencv_features2d_TF_bot30/work/opencv_features2d_TF_bot30/working_env/faster34.swtv/core2/opencv_features2d_TF_bot30/build/3rdparty/ippicv/ippicv_lnx/iw/include/iw++/iw_image.hpp:1389:13: warning: 'operator const _IwiTileTransform *' overrides a member function but is not marked 'override' [-Wsuggest-override]
    virtual operator const ::IwiTileTransform*() const { return NULL; }
            ^
/home/yangheechan/FL-dataset-generation-opencv_features2d_TF_bot30/work/opencv_features2d_TF_bot30/working_env/faster34.swtv/core2/opencv_features2d_TF_bot30/build/3rdparty/ippicv/ippicv_lnx/iw/include/iw++/iw_image.hpp:1362:13: note: overridden virtual function is here
    virtual operator const ::IwiTileTransform*() const { return &transformStruct; }
            ^
/home/yangheechan/FL-dataset-generation-opencv_features2d_TF_bot30/work/opencv_features2d_TF_bot30/working_env/faster34.swtv/core2/opencv_features2d_TF_bot30/build/3rdparty/ippicv/ippicv_lnx/iw/include/iw++/iw_image.hpp:1391:19: warning: 'Clone' overrides a member function but is not marked 'override' [-Wsuggest-override]
    virtual void* Clone() const
                  ^
/home/yangheechan/FL-dataset-generation-opencv_features2d_TF_bot30/work/opencv_features2d_TF_bot30/working_env/faster34.swtv/core2/opencv_features2d_TF_bot30/build/3rdparty/ippicv/ippicv_lnx/iw/include/iw++/iw_image.hpp:1359:19: note: overridden virtual function is here
    virtual void* Clone() const = 0;
                  ^
/home/yangheechan/FL-dataset-generation-opencv_features2d_TF_bot30/work/opencv_features2d_TF_bot30/working_env/faster34.swtv/core2/opencv_features2d_TF_bot30/build/3rdparty/ippicv/ippicv_lnx/iw/include/iw++/iw_image.hpp:1398:17: warning: 'GetSrcRoi' overrides a member function but is not marked 'override' [-Wsuggest-override]
    virtual int GetSrcRoi(ipp::IwiRoi, ipp::IwiRoi&) const
                ^
/home/yangheechan/FL-dataset-generation-opencv_features2d_TF_bot30/work/opencv_features2d_TF_bot30/working_env/faster34.swtv/core2/opencv_features2d_TF_bot30/build/3rdparty/ippicv/ippicv_lnx/iw/include/iw++/iw_image.hpp:1356:17: note: overridden virtual function is here
    virtual int GetSrcRoi(ipp::IwiRoi, ipp::IwiRoi&) const = 0;
                ^
warning: unknown warning option '-Wimplicit-fallthrough=3'; did you mean '-Wimplicit-fallthrough'? [-Wunknown-warning-option]
In file included from /home/yangheechan/FL-dataset-generation-opencv_features2d_TF_bot30/work/opencv_features2d_TF_bot30/working_env/faster34.swtv/core2/opencv_features2d_TF_bot30/modules/features2d/src/feature2d.cpp:43:
In file included from /home/yangheechan/FL-dataset-generation-opencv_features2d_TF_bot30/work/opencv_features2d_TF_bot30/working_env/faster34.swtv/core2/opencv_features2d_TF_bot30/modules/features2d/src/precomp.hpp:50:
In file included from /home/yangheechan/FL-dataset-generation-opencv_features2d_TF_bot30/work/opencv_features2d_TF_bot30/working_env/faster34.swtv/core2/opencv_features2d_TF_bot30/modules/core/include/opencv2/core/private.hpp:246:
In file included from /home/yangheechan/FL-dataset-generation-opencv_features2d_TF_bot30/work/opencv_features2d_TF_bot30/working_env/faster34.swtv/core2/opencv_features2d_TF_bot30/build/3rdparty/ippicv/ippicv_lnx/iw/include/iw++/iw.hpp:17:
In file included from /home/yangheechan/FL-dataset-generation-opencv_features2d_TF_bot30/work/opencv_features2d_TF_bot30/working_env/faster34.swtv/core2/opencv_features2d_TF_bot30/build/3rdparty/ippicv/ippicv_lnx/iw/include/iw++/iw_image_color.hpp:17:
/home/yangheechan/FL-dataset-generation-opencv_features2d_TF_bot30/work/opencv_features2d_TF_bot30/working_env/faster34.swtv/core2/opencv_features2d_TF_bot30/build/3rdparty/ippicv/ippicv_lnx/iw/include/iw++/iw_image.hpp:1389:13: warning: 'operator const _IwiTileTransform *' overrides a member function but is not marked 'override' [-Wsuggest-override]
    virtual operator const ::IwiTileTransform*() const { return NULL; }
            ^
/home/yangheechan/FL-dataset-generation-opencv_features2d_TF_bot30/work/opencv_features2d_TF_bot30/working_env/faster34.swtv/core2/opencv_features2d_TF_bot30/build/3rdparty/ippicv/ippicv_lnx/iw/include/iw++/iw_image.hpp:1362:13: note: overridden virtual function is here
    virtual operator const ::IwiTileTransform*() const { return &transformStruct; }
            ^
/home/yangheechan/FL-dataset-generation-opencv_features2d_TF_bot30/work/opencv_features2d_TF_bot30/working_env/faster34.swtv/core2/opencv_features2d_TF_bot30/build/3rdparty/ippicv/ippicv_lnx/iw/include/iw++/iw_image.hpp:1391:19: warning: 'Clone' overrides a member function but is not marked 'override' [-Wsuggest-override]
    virtual void* Clone() const
                  ^
/home/yangheechan/FL-dataset-generation-opencv_features2d_TF_bot30/work/opencv_features2d_TF_bot30/working_env/faster34.swtv/core2/opencv_features2d_TF_bot30/build/3rdparty/ippicv/ippicv_lnx/iw/include/iw++/iw_image.hpp:1359:19: note: overridden virtual function is here
    virtual void* Clone() const = 0;
                  ^
/home/yangheechan/FL-dataset-generation-opencv_features2d_TF_bot30/work/opencv_features2d_TF_bot30/working_env/faster34.swtv/core2/opencv_features2d_TF_bot30/build/3rdparty/ippicv/ippicv_lnx/iw/include/iw++/iw_image.hpp:1398:17: warning: 'GetSrcRoi' overrides a member function but is not marked 'override' [-Wsuggest-override]
    virtual int GetSrcRoi(ipp::IwiRoi, ipp::IwiRoi&) const
                ^
/home/yangheechan/FL-dataset-generation-opencv_features2d_TF_bot30/work/opencv_features2d_TF_bot30/working_env/faster34.swtv/core2/opencv_features2d_TF_bot30/build/3rdparty/ippicv/ippicv_lnx/iw/include/iw++/iw_image.hpp:1356:17: note: overridden virtual function is here
    virtual int GetSrcRoi(ipp::IwiRoi, ipp::IwiRoi&) const = 0;
                ^
4 warnings generated.
4 warnings generated.
warning: unknown warning option '-Wimplicit-fallthrough=3'; did you mean '-Wimplicit-fallthrough'? [-Wunknown-warning-option]
In file included from /home/yangheechan/FL-dataset-generation-opencv_features2d_TF_bot30/work/opencv_features2d_TF_bot30/working_env/faster34.swtv/core2/opencv_features2d_TF_bot30/modules/features2d/src/keypoint.cpp:42:
In file included from /home/yangheechan/FL-dataset-generation-opencv_features2d_TF_bot30/work/opencv_features2d_TF_bot30/working_env/faster34.swtv/core2/opencv_features2d_TF_bot30/modules/features2d/src/precomp.hpp:50:
In file included from /home/yangheechan/FL-dataset-generation-opencv_features2d_TF_bot30/work/opencv_features2d_TF_bot30/working_env/faster34.swtv/core2/opencv_features2d_TF_bot30/modules/core/include/opencv2/core/private.hpp:246:
In file included from /home/yangheechan/FL-dataset-generation-opencv_features2d_TF_bot30/work/opencv_features2d_TF_bot30/working_env/faster34.swtv/core2/opencv_features2d_TF_bot30/build/3rdparty/ippicv/ippicv_lnx/iw/include/iw++/iw.hpp:17:
In file included from /home/yangheechan/FL-dataset-generation-opencv_features2d_TF_bot30/work/opencv_features2d_TF_bot30/working_env/faster34.swtv/core2/opencv_features2d_TF_bot30/build/3rdparty/ippicv/ippicv_lnx/iw/include/iw++/iw_image_color.hpp:17:
/home/yangheechan/FL-dataset-generation-opencv_features2d_TF_bot30/work/opencv_features2d_TF_bot30/working_env/faster34.swtv/core2/opencv_features2d_TF_bot30/build/3rdparty/ippicv/ippicv_lnx/iw/include/iw++/iw_image.hpp:1389:13: warning: 'operator const _IwiTileTransform *' overrides a member function but is not marked 'override' [-Wsuggest-override]
    virtual operator const ::IwiTileTransform*() const { return NULL; }
            ^
/home/yangheechan/FL-dataset-generation-opencv_features2d_TF_bot30/work/opencv_features2d_TF_bot30/working_env/faster34.swtv/core2/opencv_features2d_TF_bot30/build/3rdparty/ippicv/ippicv_lnx/iw/include/iw++/iw_image.hpp:1362:13: note: overridden virtual function is here
    virtual operator const ::IwiTileTransform*() const { return &transformStruct; }
            ^
/home/yangheechan/FL-dataset-generation-opencv_features2d_TF_bot30/work/opencv_features2d_TF_bot30/working_env/faster34.swtv/core2/opencv_features2d_TF_bot30/build/3rdparty/ippicv/ippicv_lnx/iw/include/iw++/iw_image.hpp:1391:19: warning: 'Clone' overrides a member function but is not marked 'override' [-Wsuggest-override]
    virtual void* Clone() const
                  ^
/home/yangheechan/FL-dataset-generation-opencv_features2d_TF_bot30/work/opencv_features2d_TF_bot30/working_env/faster34.swtv/core2/opencv_features2d_TF_bot30/build/3rdparty/ippicv/ippicv_lnx/iw/include/iw++/iw_image.hpp:1359:19: note: overridden virtual function is here
    virtual void* Clone() const = 0;
                  ^
/home/yangheechan/FL-dataset-generation-opencv_features2d_TF_bot30/work/opencv_features2d_TF_bot30/working_env/faster34.swtv/core2/opencv_features2d_TF_bot30/build/3rdparty/ippicv/ippicv_lnx/iw/include/iw++/iw_image.hpp:1398:17: warning: 'GetSrcRoi' overrides a member function but is not marked 'override' [-Wsuggest-override]
    virtual int GetSrcRoi(ipp::IwiRoi, ipp::IwiRoi&) const
                ^
/home/yangheechan/FL-dataset-generation-opencv_features2d_TF_bot30/work/opencv_features2d_TF_bot30/working_env/faster34.swtv/core2/opencv_features2d_TF_bot30/build/3rdparty/ippicv/ippicv_lnx/iw/include/iw++/iw_image.hpp:1356:17: note: overridden virtual function is here
    virtual int GetSrcRoi(ipp::IwiRoi, ipp::IwiRoi&) const = 0;
                ^
warning: unknown warning option '-Wimplicit-fallthrough=3'; did you mean '-Wimplicit-fallthrough'? [-Wunknown-warning-option]
In file included from /home/yangheechan/FL-dataset-generation-opencv_features2d_TF_bot30/work/opencv_features2d_TF_bot30/working_env/faster34.swtv/core2/opencv_features2d_TF_bot30/modules/features2d/src/keypoint.cpp:42:
In file included from /home/yangheechan/FL-dataset-generation-opencv_features2d_TF_bot30/work/opencv_features2d_TF_bot30/working_env/faster34.swtv/core2/opencv_features2d_TF_bot30/modules/features2d/src/precomp.hpp:50:
In file included from /home/yangheechan/FL-dataset-generation-opencv_features2d_TF_bot30/work/opencv_features2d_TF_bot30/working_env/faster34.swtv/core2/opencv_features2d_TF_bot30/modules/core/include/opencv2/core/private.hpp:246:
In file included from /home/yangheechan/FL-dataset-generation-opencv_features2d_TF_bot30/work/opencv_features2d_TF_bot30/working_env/faster34.swtv/core2/opencv_features2d_TF_bot30/build/3rdparty/ippicv/ippicv_lnx/iw/include/iw++/iw.hpp:17:
In file included from /home/yangheechan/FL-dataset-generation-opencv_features2d_TF_bot30/work/opencv_features2d_TF_bot30/working_env/faster34.swtv/core2/opencv_features2d_TF_bot30/build/3rdparty/ippicv/ippicv_lnx/iw/include/iw++/iw_image_color.hpp:17:
/home/yangheechan/FL-dataset-generation-opencv_features2d_TF_bot30/work/opencv_features2d_TF_bot30/working_env/faster34.swtv/core2/opencv_features2d_TF_bot30/build/3rdparty/ippicv/ippicv_lnx/iw/include/iw++/iw_image.hpp:1389:13: warning: 'operator const _IwiTileTransform *' overrides a member function but is not marked 'override' [-Wsuggest-override]
    virtual operator const ::IwiTileTransform*() const { return NULL; }
            ^
/home/yangheechan/FL-dataset-generation-opencv_features2d_TF_bot30/work/opencv_features2d_TF_bot30/working_env/faster34.swtv/core2/opencv_features2d_TF_bot30/build/3rdparty/ippicv/ippicv_lnx/iw/include/iw++/iw_image.hpp:1362:13: note: overridden virtual function is here
    virtual operator const ::IwiTileTransform*() const { return &transformStruct; }
            ^
/home/yangheechan/FL-dataset-generation-opencv_features2d_TF_bot30/work/opencv_features2d_TF_bot30/working_env/faster34.swtv/core2/opencv_features2d_TF_bot30/build/3rdparty/ippicv/ippicv_lnx/iw/include/iw++/iw_image.hpp:1391:19: warning: 'Clone' overrides a member function but is not marked 'override' [-Wsuggest-override]
    virtual void* Clone() const
                  ^
/home/yangheechan/FL-dataset-generation-opencv_features2d_TF_bot30/work/opencv_features2d_TF_bot30/working_env/faster34.swtv/core2/opencv_features2d_TF_bot30/build/3rdparty/ippicv/ippicv_lnx/iw/include/iw++/iw_image.hpp:1359:19: note: overridden virtual function is here
    virtual void* Clone() const = 0;
                  ^
/home/yangheechan/FL-dataset-generation-opencv_features2d_TF_bot30/work/opencv_features2d_TF_bot30/working_env/faster34.swtv/core2/opencv_features2d_TF_bot30/build/3rdparty/ippicv/ippicv_lnx/iw/include/iw++/iw_image.hpp:1398:17: warning: 'GetSrcRoi' overrides a member function but is not marked 'override' [-Wsuggest-override]
    virtual int GetSrcRoi(ipp::IwiRoi, ipp::IwiRoi&) const
                ^
/home/yangheechan/FL-dataset-generation-opencv_features2d_TF_bot30/work/opencv_features2d_TF_bot30/working_env/faster34.swtv/core2/opencv_features2d_TF_bot30/build/3rdparty/ippicv/ippicv_lnx/iw/include/iw++/iw_image.hpp:1356:17: note: overridden virtual function is here
    virtual int GetSrcRoi(ipp::IwiRoi, ipp::IwiRoi&) const = 0;
                ^
4 warnings generated.
4 warnings generated.
warning: unknown warning option '-Wimplicit-fallthrough=3'; did you mean '-Wimplicit-fallthrough'? [-Wunknown-warning-option]
In file included from /home/yangheechan/FL-dataset-generation-opencv_features2d_TF_bot30/work/opencv_features2d_TF_bot30/working_env/faster34.swtv/core2/opencv_features2d_TF_bot30/modules/features2d/src/akaze.cpp:51:
In file included from /home/yangheechan/FL-dataset-generation-opencv_features2d_TF_bot30/work/opencv_features2d_TF_bot30/working_env/faster34.swtv/core2/opencv_features2d_TF_bot30/modules/features2d/src/precomp.hpp:50:
In file included from /home/yangheechan/FL-dataset-generation-opencv_features2d_TF_bot30/work/opencv_features2d_TF_bot30/working_env/faster34.swtv/core2/opencv_features2d_TF_bot30/modules/core/include/opencv2/core/private.hpp:246:
In file included from /home/yangheechan/FL-dataset-generation-opencv_features2d_TF_bot30/work/opencv_features2d_TF_bot30/working_env/faster34.swtv/core2/opencv_features2d_TF_bot30/build/3rdparty/ippicv/ippicv_lnx/iw/include/iw++/iw.hpp:17:
In file included from /home/yangheechan/FL-dataset-generation-opencv_features2d_TF_bot30/work/opencv_features2d_TF_bot30/working_env/faster34.swtv/core2/opencv_features2d_TF_bot30/build/3rdparty/ippicv/ippicv_lnx/iw/include/iw++/iw_image_color.hpp:17:
/home/yangheechan/FL-dataset-generation-opencv_features2d_TF_bot30/work/opencv_features2d_TF_bot30/working_env/faster34.swtv/core2/opencv_features2d_TF_bot30/build/3rdparty/ippicv/ippicv_lnx/iw/include/iw++/iw_image.hpp:1389:13: warning: 'operator const _IwiTileTransform *' overrides a member function but is not marked 'override' [-Wsuggest-override]
    virtual operator const ::IwiTileTransform*() const { return NULL; }
            ^
/home/yangheechan/FL-dataset-generation-opencv_features2d_TF_bot30/work/opencv_features2d_TF_bot30/working_env/faster34.swtv/core2/opencv_features2d_TF_bot30/build/3rdparty/ippicv/ippicv_lnx/iw/include/iw++/iw_image.hpp:1362:13: note: overridden virtual function is here
    virtual operator const ::IwiTileTransform*() const { return &transformStruct; }
            ^
/home/yangheechan/FL-dataset-generation-opencv_features2d_TF_bot30/work/opencv_features2d_TF_bot30/working_env/faster34.swtv/core2/opencv_features2d_TF_bot30/build/3rdparty/ippicv/ippicv_lnx/iw/include/iw++/iw_image.hpp:1391:19: warning: 'Clone' overrides a member function but is not marked 'override' [-Wsuggest-override]
    virtual void* Clone() const
                  ^
/home/yangheechan/FL-dataset-generation-opencv_features2d_TF_bot30/work/opencv_features2d_TF_bot30/working_env/faster34.swtv/core2/opencv_features2d_TF_bot30/build/3rdparty/ippicv/ippicv_lnx/iw/include/iw++/iw_image.hpp:1359:19: note: overridden virtual function is here
    virtual void* Clone() const = 0;
                  ^
/home/yangheechan/FL-dataset-generation-opencv_features2d_TF_bot30/work/opencv_features2d_TF_bot30/working_env/faster34.swtv/core2/opencv_features2d_TF_bot30/build/3rdparty/ippicv/ippicv_lnx/iw/include/iw++/iw_image.hpp:1398:17: warning: 'GetSrcRoi' overrides a member function but is not marked 'override' [-Wsuggest-override]
    virtual int GetSrcRoi(ipp::IwiRoi, ipp::IwiRoi&) const
                ^
/home/yangheechan/FL-dataset-generation-opencv_features2d_TF_bot30/work/opencv_features2d_TF_bot30/working_env/faster34.swtv/core2/opencv_features2d_TF_bot30/build/3rdparty/ippicv/ippicv_lnx/iw/include/iw++/iw_image.hpp:1356:17: note: overridden virtual function is here
    virtual int GetSrcRoi(ipp::IwiRoi, ipp::IwiRoi&) const = 0;
                ^
warning: unknown warning option '-Wimplicit-fallthrough=3'; did you mean '-Wimplicit-fallthrough'? [-Wunknown-warning-option]
In file included from /home/yangheechan/FL-dataset-generation-opencv_features2d_TF_bot30/work/opencv_features2d_TF_bot30/working_env/faster34.swtv/core2/opencv_features2d_TF_bot30/modules/features2d/src/akaze.cpp:51:
In file included from /home/yangheechan/FL-dataset-generation-opencv_features2d_TF_bot30/work/opencv_features2d_TF_bot30/working_env/faster34.swtv/core2/opencv_features2d_TF_bot30/modules/features2d/src/precomp.hpp:50:
In file included from /home/yangheechan/FL-dataset-generation-opencv_features2d_TF_bot30/work/opencv_features2d_TF_bot30/working_env/faster34.swtv/core2/opencv_features2d_TF_bot30/modules/core/include/opencv2/core/private.hpp:246:
In file included from /home/yangheechan/FL-dataset-generation-opencv_features2d_TF_bot30/work/opencv_features2d_TF_bot30/working_env/faster34.swtv/core2/opencv_features2d_TF_bot30/build/3rdparty/ippicv/ippicv_lnx/iw/include/iw++/iw.hpp:17:
In file included from /home/yangheechan/FL-dataset-generation-opencv_features2d_TF_bot30/work/opencv_features2d_TF_bot30/working_env/faster34.swtv/core2/opencv_features2d_TF_bot30/build/3rdparty/ippicv/ippicv_lnx/iw/include/iw++/iw_image_color.hpp:17:
/home/yangheechan/FL-dataset-generation-opencv_features2d_TF_bot30/work/opencv_features2d_TF_bot30/working_env/faster34.swtv/core2/opencv_features2d_TF_bot30/build/3rdparty/ippicv/ippicv_lnx/iw/include/iw++/iw_image.hpp:1389:13: warning: 'operator const _IwiTileTransform *' overrides a member function but is not marked 'override' [-Wsuggest-override]
    virtual operator const ::IwiTileTransform*() const { return NULL; }
            ^
/home/yangheechan/FL-dataset-generation-opencv_features2d_TF_bot30/work/opencv_features2d_TF_bot30/working_env/faster34.swtv/core2/opencv_features2d_TF_bot30/build/3rdparty/ippicv/ippicv_lnx/iw/include/iw++/iw_image.hpp:1362:13: note: overridden virtual function is here
    virtual operator const ::IwiTileTransform*() const { return &transformStruct; }
            ^
/home/yangheechan/FL-dataset-generation-opencv_features2d_TF_bot30/work/opencv_features2d_TF_bot30/working_env/faster34.swtv/core2/opencv_features2d_TF_bot30/build/3rdparty/ippicv/ippicv_lnx/iw/include/iw++/iw_image.hpp:1391:19: warning: 'Clone' overrides a member function but is not marked 'override' [-Wsuggest-override]
    virtual void* Clone() const
                  ^
/home/yangheechan/FL-dataset-generation-opencv_features2d_TF_bot30/work/opencv_features2d_TF_bot30/working_env/faster34.swtv/core2/opencv_features2d_TF_bot30/build/3rdparty/ippicv/ippicv_lnx/iw/include/iw++/iw_image.hpp:1359:19: note: overridden virtual function is here
    virtual void* Clone() const = 0;
                  ^
/home/yangheechan/FL-dataset-generation-opencv_features2d_TF_bot30/work/opencv_features2d_TF_bot30/working_env/faster34.swtv/core2/opencv_features2d_TF_bot30/build/3rdparty/ippicv/ippicv_lnx/iw/include/iw++/iw_image.hpp:1398:17: warning: 'GetSrcRoi' overrides a member function but is not marked 'override' [-Wsuggest-override]
    virtual int GetSrcRoi(ipp::IwiRoi, ipp::IwiRoi&) const
                ^
/home/yangheechan/FL-dataset-generation-opencv_features2d_TF_bot30/work/opencv_features2d_TF_bot30/working_env/faster34.swtv/core2/opencv_features2d_TF_bot30/build/3rdparty/ippicv/ippicv_lnx/iw/include/iw++/iw_image.hpp:1356:17: note: overridden virtual function is here
    virtual int GetSrcRoi(ipp::IwiRoi, ipp::IwiRoi&) const = 0;
                ^
4 warnings generated.
4 warnings generated.
warning: unknown warning option '-Wimplicit-fallthrough=3'; did you mean '-Wimplicit-fallthrough'? [-Wunknown-warning-option]
In file included from /home/yangheechan/FL-dataset-generation-opencv_features2d_TF_bot30/work/opencv_features2d_TF_bot30/working_env/faster34.swtv/core2/opencv_features2d_TF_bot30/modules/features2d/src/matchers.cpp:42:
In file included from /home/yangheechan/FL-dataset-generation-opencv_features2d_TF_bot30/work/opencv_features2d_TF_bot30/working_env/faster34.swtv/core2/opencv_features2d_TF_bot30/modules/features2d/src/precomp.hpp:50:
In file included from /home/yangheechan/FL-dataset-generation-opencv_features2d_TF_bot30/work/opencv_features2d_TF_bot30/working_env/faster34.swtv/core2/opencv_features2d_TF_bot30/modules/core/include/opencv2/core/private.hpp:246:
In file included from /home/yangheechan/FL-dataset-generation-opencv_features2d_TF_bot30/work/opencv_features2d_TF_bot30/working_env/faster34.swtv/core2/opencv_features2d_TF_bot30/build/3rdparty/ippicv/ippicv_lnx/iw/include/iw++/iw.hpp:17:
In file included from /home/yangheechan/FL-dataset-generation-opencv_features2d_TF_bot30/work/opencv_features2d_TF_bot30/working_env/faster34.swtv/core2/opencv_features2d_TF_bot30/build/3rdparty/ippicv/ippicv_lnx/iw/include/iw++/iw_image_color.hpp:17:
/home/yangheechan/FL-dataset-generation-opencv_features2d_TF_bot30/work/opencv_features2d_TF_bot30/working_env/faster34.swtv/core2/opencv_features2d_TF_bot30/build/3rdparty/ippicv/ippicv_lnx/iw/include/iw++/iw_image.hpp:1389:13: warning: 'operator const _IwiTileTransform *' overrides a member function but is not marked 'override' [-Wsuggest-override]
    virtual operator const ::IwiTileTransform*() const { return NULL; }
            ^
/home/yangheechan/FL-dataset-generation-opencv_features2d_TF_bot30/work/opencv_features2d_TF_bot30/working_env/faster34.swtv/core2/opencv_features2d_TF_bot30/build/3rdparty/ippicv/ippicv_lnx/iw/include/iw++/iw_image.hpp:1362:13: note: overridden virtual function is here
    virtual operator const ::IwiTileTransform*() const { return &transformStruct; }
            ^
/home/yangheechan/FL-dataset-generation-opencv_features2d_TF_bot30/work/opencv_features2d_TF_bot30/working_env/faster34.swtv/core2/opencv_features2d_TF_bot30/build/3rdparty/ippicv/ippicv_lnx/iw/include/iw++/iw_image.hpp:1391:19: warning: 'Clone' overrides a member function but is not marked 'override' [-Wsuggest-override]
    virtual void* Clone() const
                  ^
/home/yangheechan/FL-dataset-generation-opencv_features2d_TF_bot30/work/opencv_features2d_TF_bot30/working_env/faster34.swtv/core2/opencv_features2d_TF_bot30/build/3rdparty/ippicv/ippicv_lnx/iw/include/iw++/iw_image.hpp:1359:19: note: overridden virtual function is here
    virtual void* Clone() const = 0;
                  ^
/home/yangheechan/FL-dataset-generation-opencv_features2d_TF_bot30/work/opencv_features2d_TF_bot30/working_env/faster34.swtv/core2/opencv_features2d_TF_bot30/build/3rdparty/ippicv/ippicv_lnx/iw/include/iw++/iw_image.hpp:1398:17: warning: 'GetSrcRoi' overrides a member function but is not marked 'override' [-Wsuggest-override]
    virtual int GetSrcRoi(ipp::IwiRoi, ipp::IwiRoi&) const
                ^
/home/yangheechan/FL-dataset-generation-opencv_features2d_TF_bot30/work/opencv_features2d_TF_bot30/working_env/faster34.swtv/core2/opencv_features2d_TF_bot30/build/3rdparty/ippicv/ippicv_lnx/iw/include/iw++/iw_image.hpp:1356:17: note: overridden virtual function is here
    virtual int GetSrcRoi(ipp::IwiRoi, ipp::IwiRoi&) const = 0;
                ^
warning: unknown warning option '-Wimplicit-fallthrough=3'; did you mean '-Wimplicit-fallthrough'? [-Wunknown-warning-option]
In file included from /home/yangheechan/FL-dataset-generation-opencv_features2d_TF_bot30/work/opencv_features2d_TF_bot30/working_env/faster34.swtv/core2/opencv_features2d_TF_bot30/modules/features2d/src/matchers.cpp:42:
In file included from /home/yangheechan/FL-dataset-generation-opencv_features2d_TF_bot30/work/opencv_features2d_TF_bot30/working_env/faster34.swtv/core2/opencv_features2d_TF_bot30/modules/features2d/src/precomp.hpp:50:
In file included from /home/yangheechan/FL-dataset-generation-opencv_features2d_TF_bot30/work/opencv_features2d_TF_bot30/working_env/faster34.swtv/core2/opencv_features2d_TF_bot30/modules/core/include/opencv2/core/private.hpp:246:
In file included from /home/yangheechan/FL-dataset-generation-opencv_features2d_TF_bot30/work/opencv_features2d_TF_bot30/working_env/faster34.swtv/core2/opencv_features2d_TF_bot30/build/3rdparty/ippicv/ippicv_lnx/iw/include/iw++/iw.hpp:17:
In file included from /home/yangheechan/FL-dataset-generation-opencv_features2d_TF_bot30/work/opencv_features2d_TF_bot30/working_env/faster34.swtv/core2/opencv_features2d_TF_bot30/build/3rdparty/ippicv/ippicv_lnx/iw/include/iw++/iw_image_color.hpp:17:
/home/yangheechan/FL-dataset-generation-opencv_features2d_TF_bot30/work/opencv_features2d_TF_bot30/working_env/faster34.swtv/core2/opencv_features2d_TF_bot30/build/3rdparty/ippicv/ippicv_lnx/iw/include/iw++/iw_image.hpp:1389:13: warning: 'operator const _IwiTileTransform *' overrides a member function but is not marked 'override' [-Wsuggest-override]
    virtual operator const ::IwiTileTransform*() const { return NULL; }
            ^
/home/yangheechan/FL-dataset-generation-opencv_features2d_TF_bot30/work/opencv_features2d_TF_bot30/working_env/faster34.swtv/core2/opencv_features2d_TF_bot30/build/3rdparty/ippicv/ippicv_lnx/iw/include/iw++/iw_image.hpp:1362:13: note: overridden virtual function is here
    virtual operator const ::IwiTileTransform*() const { return &transformStruct; }
            ^
/home/yangheechan/FL-dataset-generation-opencv_features2d_TF_bot30/work/opencv_features2d_TF_bot30/working_env/faster34.swtv/core2/opencv_features2d_TF_bot30/build/3rdparty/ippicv/ippicv_lnx/iw/include/iw++/iw_image.hpp:1391:19: warning: 'Clone' overrides a member function but is not marked 'override' [-Wsuggest-override]
    virtual void* Clone() const
                  ^
/home/yangheechan/FL-dataset-generation-opencv_features2d_TF_bot30/work/opencv_features2d_TF_bot30/working_env/faster34.swtv/core2/opencv_features2d_TF_bot30/build/3rdparty/ippicv/ippicv_lnx/iw/include/iw++/iw_image.hpp:1359:19: note: overridden virtual function is here
    virtual void* Clone() const = 0;
                  ^
/home/yangheechan/FL-dataset-generation-opencv_features2d_TF_bot30/work/opencv_features2d_TF_bot30/working_env/faster34.swtv/core2/opencv_features2d_TF_bot30/build/3rdparty/ippicv/ippicv_lnx/iw/include/iw++/iw_image.hpp:1398:17: warning: 'GetSrcRoi' overrides a member function but is not marked 'override' [-Wsuggest-override]
    virtual int GetSrcRoi(ipp::IwiRoi, ipp::IwiRoi&) const
                ^
/home/yangheechan/FL-dataset-generation-opencv_features2d_TF_bot30/work/opencv_features2d_TF_bot30/working_env/faster34.swtv/core2/opencv_features2d_TF_bot30/build/3rdparty/ippicv/ippicv_lnx/iw/include/iw++/iw_image.hpp:1356:17: note: overridden virtual function is here
    virtual int GetSrcRoi(ipp::IwiRoi, ipp::IwiRoi&) const = 0;
                ^
4 warnings generated.
4 warnings generated.
warning: unknown warning option '-Wimplicit-fallthrough=3'; did you mean '-Wimplicit-fallthrough'? [-Wunknown-warning-option]
In file included from /home/yangheechan/FL-dataset-generation-opencv_features2d_TF_bot30/work/opencv_features2d_TF_bot30/working_env/faster34.swtv/core2/opencv_features2d_TF_bot30/modules/features2d/src/gftt.cpp:42:
In file included from /home/yangheechan/FL-dataset-generation-opencv_features2d_TF_bot30/work/opencv_features2d_TF_bot30/working_env/faster34.swtv/core2/opencv_features2d_TF_bot30/modules/features2d/src/precomp.hpp:50:
In file included from /home/yangheechan/FL-dataset-generation-opencv_features2d_TF_bot30/work/opencv_features2d_TF_bot30/working_env/faster34.swtv/core2/opencv_features2d_TF_bot30/modules/core/include/opencv2/core/private.hpp:246:
In file included from /home/yangheechan/FL-dataset-generation-opencv_features2d_TF_bot30/work/opencv_features2d_TF_bot30/working_env/faster34.swtv/core2/opencv_features2d_TF_bot30/build/3rdparty/ippicv/ippicv_lnx/iw/include/iw++/iw.hpp:17:
In file included from /home/yangheechan/FL-dataset-generation-opencv_features2d_TF_bot30/work/opencv_features2d_TF_bot30/working_env/faster34.swtv/core2/opencv_features2d_TF_bot30/build/3rdparty/ippicv/ippicv_lnx/iw/include/iw++/iw_image_color.hpp:17:
/home/yangheechan/FL-dataset-generation-opencv_features2d_TF_bot30/work/opencv_features2d_TF_bot30/working_env/faster34.swtv/core2/opencv_features2d_TF_bot30/build/3rdparty/ippicv/ippicv_lnx/iw/include/iw++/iw_image.hpp:1389:13: warning: 'operator const _IwiTileTransform *' overrides a member function but is not marked 'override' [-Wsuggest-override]
    virtual operator const ::IwiTileTransform*() const { return NULL; }
            ^
/home/yangheechan/FL-dataset-generation-opencv_features2d_TF_bot30/work/opencv_features2d_TF_bot30/working_env/faster34.swtv/core2/opencv_features2d_TF_bot30/build/3rdparty/ippicv/ippicv_lnx/iw/include/iw++/iw_image.hpp:1362:13: note: overridden virtual function is here
    virtual operator const ::IwiTileTransform*() const { return &transformStruct; }
            ^
/home/yangheechan/FL-dataset-generation-opencv_features2d_TF_bot30/work/opencv_features2d_TF_bot30/working_env/faster34.swtv/core2/opencv_features2d_TF_bot30/build/3rdparty/ippicv/ippicv_lnx/iw/include/iw++/iw_image.hpp:1391:19: warning: 'Clone' overrides a member function but is not marked 'override' [-Wsuggest-override]
    virtual void* Clone() const
                  ^
/home/yangheechan/FL-dataset-generation-opencv_features2d_TF_bot30/work/opencv_features2d_TF_bot30/working_env/faster34.swtv/core2/opencv_features2d_TF_bot30/build/3rdparty/ippicv/ippicv_lnx/iw/include/iw++/iw_image.hpp:1359:19: note: overridden virtual function is here
    virtual void* Clone() const = 0;
                  ^
/home/yangheechan/FL-dataset-generation-opencv_features2d_TF_bot30/work/opencv_features2d_TF_bot30/working_env/faster34.swtv/core2/opencv_features2d_TF_bot30/build/3rdparty/ippicv/ippicv_lnx/iw/include/iw++/iw_image.hpp:1398:17: warning: 'GetSrcRoi' overrides a member function but is not marked 'override' [-Wsuggest-override]
    virtual int GetSrcRoi(ipp::IwiRoi, ipp::IwiRoi&) const
                ^
/home/yangheechan/FL-dataset-generation-opencv_features2d_TF_bot30/work/opencv_features2d_TF_bot30/working_env/faster34.swtv/core2/opencv_features2d_TF_bot30/build/3rdparty/ippicv/ippicv_lnx/iw/include/iw++/iw_image.hpp:1356:17: note: overridden virtual function is here
    virtual int GetSrcRoi(ipp::IwiRoi, ipp::IwiRoi&) const = 0;
                ^
warning: unknown warning option '-Wimplicit-fallthrough=3'; did you mean '-Wimplicit-fallthrough'? [-Wunknown-warning-option]
In file included from /home/yangheechan/FL-dataset-generation-opencv_features2d_TF_bot30/work/opencv_features2d_TF_bot30/working_env/faster34.swtv/core2/opencv_features2d_TF_bot30/modules/features2d/src/gftt.cpp:42:
In file included from /home/yangheechan/FL-dataset-generation-opencv_features2d_TF_bot30/work/opencv_features2d_TF_bot30/working_env/faster34.swtv/core2/opencv_features2d_TF_bot30/modules/features2d/src/precomp.hpp:50:
In file included from /home/yangheechan/FL-dataset-generation-opencv_features2d_TF_bot30/work/opencv_features2d_TF_bot30/working_env/faster34.swtv/core2/opencv_features2d_TF_bot30/modules/core/include/opencv2/core/private.hpp:246:
In file included from /home/yangheechan/FL-dataset-generation-opencv_features2d_TF_bot30/work/opencv_features2d_TF_bot30/working_env/faster34.swtv/core2/opencv_features2d_TF_bot30/build/3rdparty/ippicv/ippicv_lnx/iw/include/iw++/iw.hpp:17:
In file included from /home/yangheechan/FL-dataset-generation-opencv_features2d_TF_bot30/work/opencv_features2d_TF_bot30/working_env/faster34.swtv/core2/opencv_features2d_TF_bot30/build/3rdparty/ippicv/ippicv_lnx/iw/include/iw++/iw_image_color.hpp:17:
/home/yangheechan/FL-dataset-generation-opencv_features2d_TF_bot30/work/opencv_features2d_TF_bot30/working_env/faster34.swtv/core2/opencv_features2d_TF_bot30/build/3rdparty/ippicv/ippicv_lnx/iw/include/iw++/iw_image.hpp:1389:13: warning: 'operator const _IwiTileTransform *' overrides a member function but is not marked 'override' [-Wsuggest-override]
    virtual operator const ::IwiTileTransform*() const { return NULL; }
            ^
/home/yangheechan/FL-dataset-generation-opencv_features2d_TF_bot30/work/opencv_features2d_TF_bot30/working_env/faster34.swtv/core2/opencv_features2d_TF_bot30/build/3rdparty/ippicv/ippicv_lnx/iw/include/iw++/iw_image.hpp:1362:13: note: overridden virtual function is here
    virtual operator const ::IwiTileTransform*() const { return &transformStruct; }
            ^
/home/yangheechan/FL-dataset-generation-opencv_features2d_TF_bot30/work/opencv_features2d_TF_bot30/working_env/faster34.swtv/core2/opencv_features2d_TF_bot30/build/3rdparty/ippicv/ippicv_lnx/iw/include/iw++/iw_image.hpp:1391:19: warning: 'Clone' overrides a member function but is not marked 'override' [-Wsuggest-override]
    virtual void* Clone() const
                  ^
/home/yangheechan/FL-dataset-generation-opencv_features2d_TF_bot30/work/opencv_features2d_TF_bot30/working_env/faster34.swtv/core2/opencv_features2d_TF_bot30/build/3rdparty/ippicv/ippicv_lnx/iw/include/iw++/iw_image.hpp:1359:19: note: overridden virtual function is here
    virtual void* Clone() const = 0;
                  ^
/home/yangheechan/FL-dataset-generation-opencv_features2d_TF_bot30/work/opencv_features2d_TF_bot30/working_env/faster34.swtv/core2/opencv_features2d_TF_bot30/build/3rdparty/ippicv/ippicv_lnx/iw/include/iw++/iw_image.hpp:1398:17: warning: 'GetSrcRoi' overrides a member function but is not marked 'override' [-Wsuggest-override]
    virtual int GetSrcRoi(ipp::IwiRoi, ipp::IwiRoi&) const
                ^
/home/yangheechan/FL-dataset-generation-opencv_features2d_TF_bot30/work/opencv_features2d_TF_bot30/working_env/faster34.swtv/core2/opencv_features2d_TF_bot30/build/3rdparty/ippicv/ippicv_lnx/iw/include/iw++/iw_image.hpp:1356:17: note: overridden virtual function is here
    virtual int GetSrcRoi(ipp::IwiRoi, ipp::IwiRoi&) const = 0;
                ^
4 warnings generated.
4 warnings generated.
