
+++++ results for akaze.MUT198.cpp +++++
+++++ STDOUT +++++
done with option i: 85 88 91 93 113 116 61 78 70 103 72 73 75 76 79 82 84 117 200 63 64 65 66 62 205 170 171 105 
done with option o: /home/yangheechan/FL-dataset-generation-opencv_features2d_TF_bot30/out/opencv_features2d_TF_bot30/generated_mutants-mbfl-trial1/akaze.MUT198.cpp/opencv_features2d_TF_bot30-opencv_features2d_TF_bot30--modules--features2d--src--kaze.cpp/
done with option l: 5
added ARGARINEG
added ARGBITNEG
added ARGDEL
added ARGINCDEC
added ARGLOGNEG
added ARGREPREQ
added ARGSTCALI
added ARGSTCDIF
added CGCR
added CGSR
added CLCR
added CLSR
added CRCR
added DIRVARARINEG
added DIRVARBITNEG
added DIRVARINCDEC
added DIRVARLOGNEG
added DIRVARREPCON
added DIRVARREPEXT
added DIRVARREPGLO
added DIRVARREPLOC
added DIRVARREPPAR
added DIRVARREPREQ
added FUNCALDEL
added INDVARARINEG
added INDVARBITNEG
added INDVARINCDEC
added INDVARLOGNEG
added INDVARREPCON
added INDVARREPEXT
added INDVARREPGLO
added INDVARREPLOC
added INDVARREPPAR
added INDVARREPREQ
added OAAA
added OAAN
added OABA
added OABN
added OAEA
added OALN
added OARN
added OASA
added OASN
added OBAA
added OBAN
added OBBA
added OBBN
added OBEA
added OBLN
added OBNG
added OBRN
added OBSA
added OBSN
added OCOR
added OEAA
added OEBA
added OESA
added OIPM
added OLAN
added OLBN
added OLLN
added OLNG
added OLRN
added OLSN
added OMMO
added OPPO
added ORAN
added ORBN
added ORLN
added ORRN
added ORSN
added OSAA
added OSAN
added OSBA
added OSBN
added OSEA
added OSLN
added OSRN
added OSSA
added OSSN
added SSOM
added VASM
added VDTR
added VGAR
added VGPR
added VGSR
added VGTR
added VLAR
added VLPR
added VLSR
added VLTR
added VSCR
added VTWD
done with option m
disabling DirVarAriNeg,DirVarBitNeg,DirVarLogNeg,DirVarIncDec,DirVarRepReq,DirVarRepCon,DirVarRepPar,DirVarRepGlo,DirVarRepExt,DirVarRepLoc,IndVarAriNeg,IndVarBitNeg,IndVarLogNeg,IndVarIncDec,IndVarRepReq,IndVarRepCon,IndVarRepPar,IndVarRepGlo,IndVarRepExt,IndVarRepLoc,STRI
g_inputfile_name = kaze.cpp
g_mutdbfile_name = /home/yangheechan/FL-dataset-generation-opencv_features2d_TF_bot30/out/opencv_features2d_TF_bot30/generated_mutants-mbfl-trial1/akaze.MUT198.cpp/opencv_features2d_TF_bot30-opencv_features2d_TF_bot30--modules--features2d--src--kaze.cpp/kaze_mut_db.csv
executing action from GatherDataAction
Done GatherDataAction
0
kaze.cpp
(1 : 1)
(214 : 1)
executing action from GenerateMutantAction
done execute action
opened file name /home/yangheechan/FL-dataset-generation-opencv_features2d_TF_bot30/out/opencv_features2d_TF_bot30/generated_mutants-mbfl-trial1/akaze.MUT198.cpp/opencv_features2d_TF_bot30-opencv_features2d_TF_bot30--modules--features2d--src--kaze.cpp/kaze_mut_db.csv
ArgAriNeg 2
ArgBitNeg 1
ArgDel 1
ArgIncDec 6
ArgLogNeg 1
ArgRepReq 7
ArgStcAli 1
ArgStcDif 3
CGCR 0
CGSR 0
CLCR 3
CLSR 0
CRCR 46
CovAllEdg 2
CovAllNod 5
DirVarAriNeg 0
DirVarBitNeg 0
DirVarIncDec 0
DirVarLogNeg 0
DirVarRepCon 0
DirVarRepExt 0
DirVarRepGlo 0
DirVarRepLoc 0
DirVarRepPar 0
DirVarRepReq 0
FunCalDel 2
IndVarAriNeg 0
IndVarBitNeg 0
IndVarIncDec 0
IndVarLogNeg 0
IndVarRepCon 0
IndVarRepExt 0
IndVarRepGlo 0
IndVarRepLoc 0
IndVarRepPar 0
IndVarRepReq 0
OAAA 0
OAAN 0
OABA 0
OABN 0
OAEA 0
OALN 0
OARN 0
OASA 0
OASN 0
OBAA 0
OBAN 0
OBBA 0
OBBN 0
OBEA 0
OBLN 0
OBNG 0
OBRN 0
OBSA 0
OBSN 0
OCNG 1
OCOR 2
OEAA 7
OEBA 0
OESA 2
OIPM 0
OLAN 0
OLBN 0
OLLN 0
OLNG 0
OLRN 0
OLSN 0
OMMO 0
OPPO 0
ORAN 2
ORBN 0
ORLN 1
ORRN 2
ORSN 0
OSAA 0
OSAN 0
OSBA 0
OSBN 0
OSEA 0
OSLN 0
OSRN 0
OSSA 0
OSSN 0
RetStaDel 7
SBRC 0
SBRN 0
SCRB 0
SCRN 0
SDWD 0
SGLR 0
SMTC 0
SMTT 0
SMVB 0
SRSR 0
SSDL 5
SSOM 0
SSWM 0
STRI 0
STRP 6
SWDD 0
VASM 0
VDTR 29
VGAR 0
VGPR 0
VGSR 0
VGTR 0
VLAR 0
VLPR 0
VLSR 22
VLTR 0
VSCR 32
VTWD 25
Done tooling on /home/yangheechan/FL-dataset-generation-opencv_features2d_TF_bot30/work/opencv_features2d_TF_bot30/working_env/faster26.swtv/core2/opencv_features2d_TF_bot30/modules/features2d/src/kaze.cpp
done with option i: 186 210 189 191 193 195 199 202 204 207 59 65 70 78 125 137 145 161 99 154 172 180 181 183 185 128 156 216 209 214 219 221 80 82 89 91 106 114 120 132 134 139 141 144 63 74 87 118 122 50 167 174 177 179 187 84 147 150 153 197 
done with option o: /home/yangheechan/FL-dataset-generation-opencv_features2d_TF_bot30/out/opencv_features2d_TF_bot30/generated_mutants-mbfl-trial1/akaze.MUT198.cpp/opencv_features2d_TF_bot30-opencv_features2d_TF_bot30--modules--features2d--src--feature2d.cpp/
done with option l: 5
added ARGARINEG
added ARGBITNEG
added ARGDEL
added ARGINCDEC
added ARGLOGNEG
added ARGREPREQ
added ARGSTCALI
added ARGSTCDIF
added CGCR
added CGSR
added CLCR
added CLSR
added CRCR
added DIRVARARINEG
added DIRVARBITNEG
added DIRVARINCDEC
added DIRVARLOGNEG
added DIRVARREPCON
added DIRVARREPEXT
added DIRVARREPGLO
added DIRVARREPLOC
added DIRVARREPPAR
added DIRVARREPREQ
added FUNCALDEL
added INDVARARINEG
added INDVARBITNEG
added INDVARINCDEC
added INDVARLOGNEG
added INDVARREPCON
added INDVARREPEXT
added INDVARREPGLO
added INDVARREPLOC
added INDVARREPPAR
added INDVARREPREQ
added OAAA
added OAAN
added OABA
added OABN
added OAEA
added OALN
added OARN
added OASA
added OASN
added OBAA
added OBAN
added OBBA
added OBBN
added OBEA
added OBLN
added OBNG
added OBRN
added OBSA
added OBSN
added OCOR
added OEAA
added OEBA
added OESA
added OIPM
added OLAN
added OLBN
added OLLN
added OLNG
added OLRN
added OLSN
added OMMO
added OPPO
added ORAN
added ORBN
added ORLN
added ORRN
added ORSN
added OSAA
added OSAN
added OSBA
added OSBN
added OSEA
added OSLN
added OSRN
added OSSA
added OSSN
added SSOM
added VASM
added VDTR
added VGAR
added VGPR
added VGSR
added VGTR
added VLAR
added VLPR
added VLSR
added VLTR
added VSCR
added VTWD
done with option m
disabling DirVarAriNeg,DirVarBitNeg,DirVarLogNeg,DirVarIncDec,DirVarRepReq,DirVarRepCon,DirVarRepPar,DirVarRepGlo,DirVarRepExt,DirVarRepLoc,IndVarAriNeg,IndVarBitNeg,IndVarLogNeg,IndVarIncDec,IndVarRepReq,IndVarRepCon,IndVarRepPar,IndVarRepGlo,IndVarRepExt,IndVarRepLoc,STRI
g_inputfile_name = feature2d.cpp
g_mutdbfile_name = /home/yangheechan/FL-dataset-generation-opencv_features2d_TF_bot30/out/opencv_features2d_TF_bot30/generated_mutants-mbfl-trial1/akaze.MUT198.cpp/opencv_features2d_TF_bot30-opencv_features2d_TF_bot30--modules--features2d--src--feature2d.cpp/feature2d_mut_db.csv
executing action from GatherDataAction
Done GatherDataAction
0
feature2d.cpp
(1 : 1)
(225 : 1)
executing action from GenerateMutantAction
done execute action
opened file name /home/yangheechan/FL-dataset-generation-opencv_features2d_TF_bot30/out/opencv_features2d_TF_bot30/generated_mutants-mbfl-trial1/akaze.MUT198.cpp/opencv_features2d_TF_bot30-opencv_features2d_TF_bot30--modules--features2d--src--feature2d.cpp/feature2d_mut_db.csv
ArgAriNeg 2
ArgBitNeg 4
ArgDel 14
ArgIncDec 8
ArgLogNeg 3
ArgRepReq 20
ArgStcAli 0
ArgStcDif 4
CGCR 0
CGSR 0
CLCR 0
CLSR 6
CRCR 17
CovAllEdg 11
CovAllNod 18
DirVarAriNeg 0
DirVarBitNeg 0
DirVarIncDec 0
DirVarLogNeg 0
DirVarRepCon 0
DirVarRepExt 0
DirVarRepGlo 0
DirVarRepLoc 0
DirVarRepPar 0
DirVarRepReq 0
FunCalDel 47
IndVarAriNeg 0
IndVarBitNeg 0
IndVarIncDec 0
IndVarLogNeg 0
IndVarRepCon 0
IndVarRepExt 0
IndVarRepGlo 0
IndVarRepLoc 0
IndVarRepPar 0
IndVarRepReq 0
OAAA 0
OAAN 0
OABA 0
OABN 0
OAEA 0
OALN 0
OARN 0
OASA 0
OASN 0
OBAA 0
OBAN 0
OBBA 0
OBBN 0
OBEA 0
OBLN 0
OBNG 0
OBRN 0
OBSA 0
OBSN 0
OCNG 9
OCOR 9
OEAA 0
OEBA 0
OESA 0
OIPM 0
OLAN 0
OLBN 0
OLLN 0
OLNG 0
OLRN 0
OLSN 0
OMMO 0
OPPO 2
ORAN 6
ORBN 1
ORLN 0
ORRN 7
ORSN 2
OSAA 0
OSAN 0
OSBA 0
OSBN 0
OSEA 0
OSLN 0
OSRN 0
OSSA 0
OSSN 0
RetStaDel 5
SBRC 0
SBRN 0
SCRB 0
SCRN 0
SDWD 0
SGLR 0
SMTC 0
SMTT 0
SMVB 0
SRSR 8
SSDL 15
SSOM 0
SSWM 0
STRI 0
STRP 17
SWDD 0
VASM 0
VDTR 10
VGAR 0
VGPR 0
VGSR 0
VGTR 0
VLAR 0
VLPR 0
VLSR 3
VLTR 0
VSCR 0
VTWD 6
Done tooling on /home/yangheechan/FL-dataset-generation-opencv_features2d_TF_bot30/work/opencv_features2d_TF_bot30/working_env/faster26.swtv/core2/opencv_features2d_TF_bot30/modules/features2d/src/feature2d.cpp
done with option i: 285 159 163 166 172 175 178 181 182 185 189 219 141 143 146 153 190 195 197 199 200 202 203 205 206 
done with option o: /home/yangheechan/FL-dataset-generation-opencv_features2d_TF_bot30/out/opencv_features2d_TF_bot30/generated_mutants-mbfl-trial1/akaze.MUT198.cpp/opencv_features2d_TF_bot30-opencv_features2d_TF_bot30--modules--features2d--src--keypoint.cpp/
done with option l: 5
added ARGARINEG
added ARGBITNEG
added ARGDEL
added ARGINCDEC
added ARGLOGNEG
added ARGREPREQ
added ARGSTCALI
added ARGSTCDIF
added CGCR
added CGSR
added CLCR
added CLSR
added CRCR
added DIRVARARINEG
added DIRVARBITNEG
added DIRVARINCDEC
added DIRVARLOGNEG
added DIRVARREPCON
added DIRVARREPEXT
added DIRVARREPGLO
added DIRVARREPLOC
added DIRVARREPPAR
added DIRVARREPREQ
added FUNCALDEL
added INDVARARINEG
added INDVARBITNEG
added INDVARINCDEC
added INDVARLOGNEG
added INDVARREPCON
added INDVARREPEXT
added INDVARREPGLO
added INDVARREPLOC
added INDVARREPPAR
added INDVARREPREQ
added OAAA
added OAAN
added OABA
added OABN
added OAEA
added OALN
added OARN
added OASA
added OASN
added OBAA
added OBAN
added OBBA
added OBBN
added OBEA
added OBLN
added OBNG
added OBRN
added OBSA
added OBSN
added OCOR
added OEAA
added OEBA
added OESA
added OIPM
added OLAN
added OLBN
added OLLN
added OLNG
added OLRN
added OLSN
added OMMO
added OPPO
added ORAN
added ORBN
added ORLN
added ORRN
added ORSN
added OSAA
added OSAN
added OSBA
added OSBN
added OSEA
added OSLN
added OSRN
added OSSA
added OSSN
added SSOM
added VASM
added VDTR
added VGAR
added VGPR
added VGSR
added VGTR
added VLAR
added VLPR
added VLSR
added VLTR
added VSCR
added VTWD
done with option m
disabling DirVarAriNeg,DirVarBitNeg,DirVarLogNeg,DirVarIncDec,DirVarRepReq,DirVarRepCon,DirVarRepPar,DirVarRepGlo,DirVarRepExt,DirVarRepLoc,IndVarAriNeg,IndVarBitNeg,IndVarLogNeg,IndVarIncDec,IndVarRepReq,IndVarRepCon,IndVarRepPar,IndVarRepGlo,IndVarRepExt,IndVarRepLoc,STRI
g_inputfile_name = keypoint.cpp
g_mutdbfile_name = /home/yangheechan/FL-dataset-generation-opencv_features2d_TF_bot30/out/opencv_features2d_TF_bot30/generated_mutants-mbfl-trial1/akaze.MUT198.cpp/opencv_features2d_TF_bot30-opencv_features2d_TF_bot30--modules--features2d--src--keypoint.cpp/keypoint_mut_db.csv
executing action from GatherDataAction
found a template type: T
Done GatherDataAction
0
keypoint.cpp
(1 : 1)
(292 : 1)
executing action from GenerateMutantAction
done execute action
opened file name /home/yangheechan/FL-dataset-generation-opencv_features2d_TF_bot30/out/opencv_features2d_TF_bot30/generated_mutants-mbfl-trial1/akaze.MUT198.cpp/opencv_features2d_TF_bot30-opencv_features2d_TF_bot30--modules--features2d--src--keypoint.cpp/keypoint_mut_db.csv
ArgAriNeg 0
ArgBitNeg 1
ArgDel 10
ArgIncDec 1
ArgLogNeg 1
ArgRepReq 11
ArgStcAli 0
ArgStcDif 9
CGCR 0
CGSR 0
CLCR 0
CLSR 1
CRCR 16
CovAllEdg 4
CovAllNod 6
DirVarAriNeg 0
DirVarBitNeg 0
DirVarIncDec 0
DirVarLogNeg 0
DirVarRepCon 0
DirVarRepExt 0
DirVarRepGlo 0
DirVarRepLoc 0
DirVarRepPar 0
DirVarRepReq 0
FunCalDel 5
IndVarAriNeg 0
IndVarBitNeg 0
IndVarIncDec 0
IndVarLogNeg 0
IndVarRepCon 0
IndVarRepExt 0
IndVarRepGlo 0
IndVarRepLoc 0
IndVarRepPar 0
IndVarRepReq 0
OAAA 0
OAAN 0
OABA 0
OABN 0
OAEA 0
OALN 0
OARN 0
OASA 0
OASN 0
OBAA 0
OBAN 0
OBBA 0
OBBN 0
OBEA 0
OBLN 0
OBNG 0
OBRN 0
OBSA 0
OBSN 0
OCNG 2
OCOR 0
OEAA 0
OEBA 0
OESA 0
OIPM 0
OLAN 0
OLBN 0
OLLN 0
OLNG 0
OLRN 0
OLSN 0
OMMO 0
OPPO 1
ORAN 8
ORBN 0
ORLN 3
ORRN 7
ORSN 0
OSAA 0
OSAN 0
OSBA 0
OSBN 0
OSEA 0
OSLN 0
OSRN 0
OSSA 0
OSSN 0
RetStaDel 4
SBRC 0
SBRN 0
SCRB 0
SCRN 0
SDWD 0
SGLR 0
SMTC 0
SMTT 0
SMVB 0
SRSR 7
SSDL 4
SSOM 0
SSWM 0
STRI 0
STRP 6
SWDD 0
VASM 0
VDTR 12
VGAR 0
VGPR 0
VGSR 0
VGTR 0
VLAR 0
VLPR 0
VLSR 3
VLTR 0
VSCR 4
VTWD 7
Done tooling on /home/yangheechan/FL-dataset-generation-opencv_features2d_TF_bot30/work/opencv_features2d_TF_bot30/working_env/faster26.swtv/core2/opencv_features2d_TF_bot30/modules/features2d/src/keypoint.cpp
done with option i: 91 236 184 185 186 187 189 190 215 268 90 94 96 165 81 82 84 192 194 199 202 204 213 217 219 220 221 222 223 224 225 231 234 235 237 238 241 242 243 244 246 271 249 197 203 226 76 174 65 66 93 102 108 114 129 134 147 154 239 240 245 67 68 71 72 79 180 183 69 70 182 262 176 179 97 85 87 88 247 248 250 273 208 210 212 227 228 229 181 169 
done with option o: /home/yangheechan/FL-dataset-generation-opencv_features2d_TF_bot30/out/opencv_features2d_TF_bot30/generated_mutants-mbfl-trial1/akaze.MUT198.cpp/opencv_features2d_TF_bot30-opencv_features2d_TF_bot30--modules--features2d--src--akaze.cpp/
done with option l: 5
added ARGARINEG
added ARGBITNEG
added ARGDEL
added ARGINCDEC
added ARGLOGNEG
added ARGREPREQ
added ARGSTCALI
added ARGSTCDIF
added CGCR
added CGSR
added CLCR
added CLSR
added CRCR
added DIRVARARINEG
added DIRVARBITNEG
added DIRVARINCDEC
added DIRVARLOGNEG
added DIRVARREPCON
added DIRVARREPEXT
added DIRVARREPGLO
added DIRVARREPLOC
added DIRVARREPPAR
added DIRVARREPREQ
added FUNCALDEL
added INDVARARINEG
added INDVARBITNEG
added INDVARINCDEC
added INDVARLOGNEG
added INDVARREPCON
added INDVARREPEXT
added INDVARREPGLO
added INDVARREPLOC
added INDVARREPPAR
added INDVARREPREQ
added OAAA
added OAAN
added OABA
added OABN
added OAEA
added OALN
added OARN
added OASA
added OASN
added OBAA
added OBAN
added OBBA
added OBBN
added OBEA
added OBLN
added OBNG
added OBRN
added OBSA
added OBSN
added OCOR
added OEAA
added OEBA
added OESA
added OIPM
added OLAN
added OLBN
added OLLN
added OLNG
added OLRN
added OLSN
added OMMO
added OPPO
added ORAN
added ORBN
added ORLN
added ORRN
added ORSN
added OSAA
added OSAN
added OSBA
added OSBN
added OSEA
added OSLN
added OSRN
added OSSA
added OSSN
added SSOM
added VASM
added VDTR
added VGAR
added VGPR
added VGSR
added VGTR
added VLAR
added VLPR
added VLSR
added VLTR
added VSCR
added VTWD
done with option m
disabling DirVarAriNeg,DirVarBitNeg,DirVarLogNeg,DirVarIncDec,DirVarRepReq,DirVarRepCon,DirVarRepPar,DirVarRepGlo,DirVarRepExt,DirVarRepLoc,IndVarAriNeg,IndVarBitNeg,IndVarLogNeg,IndVarIncDec,IndVarRepReq,IndVarRepCon,IndVarRepPar,IndVarRepGlo,IndVarRepExt,IndVarRepLoc,STRI
g_inputfile_name = akaze.cpp
g_mutdbfile_name = /home/yangheechan/FL-dataset-generation-opencv_features2d_TF_bot30/out/opencv_features2d_TF_bot30/generated_mutants-mbfl-trial1/akaze.MUT198.cpp/opencv_features2d_TF_bot30-opencv_features2d_TF_bot30--modules--features2d--src--akaze.cpp/akaze_mut_db.csv
executing action from GatherDataAction
Done GatherDataAction
0
akaze.cpp
(1 : 1)
(277 : 1)
executing action from GenerateMutantAction
done execute action
opened file name /home/yangheechan/FL-dataset-generation-opencv_features2d_TF_bot30/out/opencv_features2d_TF_bot30/generated_mutants-mbfl-trial1/akaze.MUT198.cpp/opencv_features2d_TF_bot30-opencv_features2d_TF_bot30--modules--features2d--src--akaze.cpp/akaze_mut_db.csv
ArgAriNeg 2
ArgBitNeg 4
ArgDel 10
ArgIncDec 13
ArgLogNeg 19
ArgRepReq 71
ArgStcAli 0
ArgStcDif 17
CGCR 0
CGSR 0
CLCR 5
CLSR 0
CRCR 74
CovAllEdg 19
CovAllNod 40
DirVarAriNeg 0
DirVarBitNeg 0
DirVarIncDec 0
DirVarLogNeg 0
DirVarRepCon 0
DirVarRepExt 0
DirVarRepGlo 0
DirVarRepLoc 0
DirVarRepPar 0
DirVarRepReq 0
FunCalDel 50
IndVarAriNeg 0
IndVarBitNeg 0
IndVarIncDec 0
IndVarLogNeg 0
IndVarRepCon 0
IndVarRepExt 0
IndVarRepGlo 0
IndVarRepLoc 0
IndVarRepPar 0
IndVarRepReq 0
OAAA 0
OAAN 0
OABA 0
OABN 0
OAEA 0
OALN 0
OARN 0
OASA 0
OASN 0
OBAA 0
OBAN 0
OBBA 0
OBBN 0
OBEA 0
OBLN 0
OBNG 0
OBRN 0
OBSA 0
OBSN 0
OCNG 7
OCOR 11
OEAA 26
OEBA 12
OESA 16
OIPM 0
OLAN 0
OLBN 1
OLLN 0
OLNG 1
OLRN 1
OLSN 0
OMMO 0
OPPO 0
ORAN 2
ORBN 0
ORLN 1
ORRN 1
ORSN 1
OSAA 0
OSAN 0
OSBA 0
OSBN 0
OSEA 0
OSLN 0
OSRN 0
OSSA 0
OSSN 0
RetStaDel 7
SBRC 0
SBRN 0
SCRB 0
SCRN 0
SDWD 0
SGLR 0
SMTC 0
SMTT 0
SMVB 0
SRSR 15
SSDL 37
SSOM 0
SSWM 0
STRI 0
STRP 28
SWDD 0
VASM 0
VDTR 62
VGAR 0
VGPR 0
VGSR 0
VGTR 0
VLAR 0
VLPR 0
VLSR 36
VLTR 0
VSCR 86
VTWD 41
Done tooling on /home/yangheechan/FL-dataset-generation-opencv_features2d_TF_bot30/work/opencv_features2d_TF_bot30/working_env/faster26.swtv/core2/opencv_features2d_TF_bot30/modules/features2d/src/akaze.cpp
done with option i: 686 613 616 684 690 848 1044 850 852 854 856 858 861 925 927 579 965 655 761 873 862 863 866 869 878 880 882 886 887 890 908 911 912 914 921 923 1045 929 930 962 963 967 968 969 974 977 979 986 988 995 997 998 1004 1006 1007 1010 1013 1015 1034 1036 1038 1040 1049 1051 617 618 620 623 625 629 630 633 634 635 636 639 645 650 659 660 663 669 672 674 676 680 681 683 692 695 698 700 701 705 710 712 714 716 721 723 727 730 769 773 775 777 780 781 782 837 839 841 842 844 970 975 978 504 507 509 593 1022 1059 1065 1092 596 597 600 606 607 608 609 724 983 984 985 1032 884 981 990 1009 1012 1042 1047 1054 1056 1088 
done with option o: /home/yangheechan/FL-dataset-generation-opencv_features2d_TF_bot30/out/opencv_features2d_TF_bot30/generated_mutants-mbfl-trial1/akaze.MUT198.cpp/opencv_features2d_TF_bot30-opencv_features2d_TF_bot30--modules--features2d--src--matchers.cpp/
done with option l: 5
added ARGARINEG
added ARGBITNEG
added ARGDEL
added ARGINCDEC
added ARGLOGNEG
added ARGREPREQ
added ARGSTCALI
added ARGSTCDIF
added CGCR
added CGSR
added CLCR
added CLSR
added CRCR
added DIRVARARINEG
added DIRVARBITNEG
added DIRVARINCDEC
added DIRVARLOGNEG
added DIRVARREPCON
added DIRVARREPEXT
added DIRVARREPGLO
added DIRVARREPLOC
added DIRVARREPPAR
added DIRVARREPREQ
added FUNCALDEL
added INDVARARINEG
added INDVARBITNEG
added INDVARINCDEC
added INDVARLOGNEG
added INDVARREPCON
added INDVARREPEXT
added INDVARREPGLO
added INDVARREPLOC
added INDVARREPPAR
added INDVARREPREQ
added OAAA
added OAAN
added OABA
added OABN
added OAEA
added OALN
added OARN
added OASA
added OASN
added OBAA
added OBAN
added OBBA
added OBBN
added OBEA
added OBLN
added OBNG
added OBRN
added OBSA
added OBSN
added OCOR
added OEAA
added OEBA
added OESA
added OIPM
added OLAN
added OLBN
added OLLN
added OLNG
added OLRN
added OLSN
added OMMO
added OPPO
added ORAN
added ORBN
added ORLN
added ORRN
added ORSN
added OSAA
added OSAN
added OSBA
added OSBN
added OSEA
added OSLN
added OSRN
added OSSA
added OSSN
added SSOM
added VASM
added VDTR
added VGAR
added VGPR
added VGSR
added VGTR
added VLAR
added VLPR
added VLSR
added VLTR
added VSCR
added VTWD
done with option m
disabling DirVarAriNeg,DirVarBitNeg,DirVarLogNeg,DirVarIncDec,DirVarRepReq,DirVarRepCon,DirVarRepPar,DirVarRepGlo,DirVarRepExt,DirVarRepLoc,IndVarAriNeg,IndVarBitNeg,IndVarLogNeg,IndVarIncDec,IndVarRepReq,IndVarRepCon,IndVarRepPar,IndVarRepGlo,IndVarRepExt,IndVarRepLoc,STRI
g_inputfile_name = matchers.cpp
g_mutdbfile_name = /home/yangheechan/FL-dataset-generation-opencv_features2d_TF_bot30/out/opencv_features2d_TF_bot30/generated_mutants-mbfl-trial1/akaze.MUT198.cpp/opencv_features2d_TF_bot30-opencv_features2d_TF_bot30--modules--features2d--src--matchers.cpp/matchers_mut_db.csv
executing action from GatherDataAction
Done GatherDataAction
0
matchers.cpp
(1 : 1)
(1467 : 1)
executing action from GenerateMutantAction
done execute action
opened file name /home/yangheechan/FL-dataset-generation-opencv_features2d_TF_bot30/out/opencv_features2d_TF_bot30/generated_mutants-mbfl-trial1/akaze.MUT198.cpp/opencv_features2d_TF_bot30-opencv_features2d_TF_bot30--modules--features2d--src--matchers.cpp/matchers_mut_db.csv
ArgAriNeg 15
ArgBitNeg 14
ArgDel 34
ArgIncDec 27
ArgLogNeg 18
ArgRepReq 135
ArgStcAli 8
ArgStcDif 17
CGCR 0
CGSR 0
CLCR 3
CLSR 22
CRCR 56
CovAllEdg 25
CovAllNod 37
DirVarAriNeg 0
DirVarBitNeg 0
DirVarIncDec 0
DirVarLogNeg 0
DirVarRepCon 0
DirVarRepExt 0
DirVarRepGlo 0
DirVarRepLoc 0
DirVarRepPar 0
DirVarRepReq 0
FunCalDel 71
IndVarAriNeg 0
IndVarBitNeg 0
IndVarIncDec 0
IndVarLogNeg 0
IndVarRepCon 0
IndVarRepExt 0
IndVarRepGlo 0
IndVarRepLoc 0
IndVarRepPar 0
IndVarRepReq 0
OAAA 1
OAAN 2
OABA 1
OABN 1
OAEA 0
OALN 1
OARN 1
OASA 1
OASN 1
OBAA 0
OBAN 1
OBBA 0
OBBN 0
OBEA 0
OBLN 1
OBNG 1
OBRN 0
OBSA 0
OBSN 0
OCNG 10
OCOR 15
OEAA 5
OEBA 4
OESA 1
OIPM 0
OLAN 26
OLBN 12
OLLN 4
OLNG 14
OLRN 21
OLSN 7
OMMO 0
OPPO 10
ORAN 25
ORBN 12
ORLN 11
ORRN 19
ORSN 6
OSAA 0
OSAN 1
OSBA 0
OSBN 0
OSEA 0
OSLN 0
OSRN 2
OSSA 0
OSSN 0
RetStaDel 5
SBRC 0
SBRN 0
SCRB 2
SCRN 0
SDWD 0
SGLR 0
SMTC 0
SMTT 0
SMVB 0
SRSR 26
SSDL 36
SSOM 0
SSWM 0
STRI 0
STRP 44
SWDD 0
VASM 0
VDTR 47
VGAR 0
VGPR 0
VGSR 0
VGTR 0
VLAR 0
VLPR 0
VLSR 54
VLTR 0
VSCR 9
VTWD 39
Done tooling on /home/yangheechan/FL-dataset-generation-opencv_features2d_TF_bot30/work/opencv_features2d_TF_bot30/working_env/faster26.swtv/core2/opencv_features2d_TF_bot30/modules/features2d/src/matchers.cpp
done with option i: 73 74 75 76 78 80 81 82 83 84 85 86 89 91 100 101 104 106 71 72 87 92 97 103 107 112 125 47 53 54 61 65 68 69 70 62 63 64 66 67 94 95 98 109 110 114 116 127 128 131 134 135 139 140 142 144 146 148 150 164 172 177 180 182 129 138 143 149 
done with option o: /home/yangheechan/FL-dataset-generation-opencv_features2d_TF_bot30/out/opencv_features2d_TF_bot30/generated_mutants-mbfl-trial1/akaze.MUT198.cpp/opencv_features2d_TF_bot30-opencv_features2d_TF_bot30--modules--features2d--src--gftt.cpp/
done with option l: 5
added ARGARINEG
added ARGBITNEG
added ARGDEL
added ARGINCDEC
added ARGLOGNEG
added ARGREPREQ
added ARGSTCALI
added ARGSTCDIF
added CGCR
added CGSR
added CLCR
added CLSR
added CRCR
added DIRVARARINEG
added DIRVARBITNEG
added DIRVARINCDEC
added DIRVARLOGNEG
added DIRVARREPCON
added DIRVARREPEXT
added DIRVARREPGLO
added DIRVARREPLOC
added DIRVARREPPAR
added DIRVARREPREQ
added FUNCALDEL
added INDVARARINEG
added INDVARBITNEG
added INDVARINCDEC
added INDVARLOGNEG
added INDVARREPCON
added INDVARREPEXT
added INDVARREPGLO
added INDVARREPLOC
added INDVARREPPAR
added INDVARREPREQ
added OAAA
added OAAN
added OABA
added OABN
added OAEA
added OALN
added OARN
added OASA
added OASN
added OBAA
added OBAN
added OBBA
added OBBN
added OBEA
added OBLN
added OBNG
added OBRN
added OBSA
added OBSN
added OCOR
added OEAA
added OEBA
added OESA
added OIPM
added OLAN
added OLBN
added OLLN
added OLNG
added OLRN
added OLSN
added OMMO
added OPPO
added ORAN
added ORBN
added ORLN
added ORRN
added ORSN
added OSAA
added OSAN
added OSBA
added OSBN
added OSEA
added OSLN
added OSRN
added OSSA
added OSSN
added SSOM
added VASM
added VDTR
added VGAR
added VGPR
added VGSR
added VGTR
added VLAR
added VLPR
added VLSR
added VLTR
added VSCR
added VTWD
done with option m
disabling DirVarAriNeg,DirVarBitNeg,DirVarLogNeg,DirVarIncDec,DirVarRepReq,DirVarRepCon,DirVarRepPar,DirVarRepGlo,DirVarRepExt,DirVarRepLoc,IndVarAriNeg,IndVarBitNeg,IndVarLogNeg,IndVarIncDec,IndVarRepReq,IndVarRepCon,IndVarRepPar,IndVarRepGlo,IndVarRepExt,IndVarRepLoc,STRI
g_inputfile_name = gftt.cpp
g_mutdbfile_name = /home/yangheechan/FL-dataset-generation-opencv_features2d_TF_bot30/out/opencv_features2d_TF_bot30/generated_mutants-mbfl-trial1/akaze.MUT198.cpp/opencv_features2d_TF_bot30-opencv_features2d_TF_bot30--modules--features2d--src--gftt.cpp/gftt_mut_db.csv
executing action from GatherDataAction
Done GatherDataAction
0
gftt.cpp
(1 : 1)
(186 : 1)
executing action from GenerateMutantAction
done execute action
opened file name /home/yangheechan/FL-dataset-generation-opencv_features2d_TF_bot30/out/opencv_features2d_TF_bot30/generated_mutants-mbfl-trial1/akaze.MUT198.cpp/opencv_features2d_TF_bot30-opencv_features2d_TF_bot30--modules--features2d--src--gftt.cpp/gftt_mut_db.csv
ArgAriNeg 12
ArgBitNeg 4
ArgDel 7
ArgIncDec 15
ArgLogNeg 22
ArgRepReq 65
ArgStcAli 2
ArgStcDif 19
CGCR 0
CGSR 0
CLCR 0
CLSR 2
CRCR 63
CovAllEdg 20
CovAllNod 23
DirVarAriNeg 0
DirVarBitNeg 0
DirVarIncDec 0
DirVarLogNeg 0
DirVarRepCon 0
DirVarRepExt 0
DirVarRepGlo 0
DirVarRepLoc 0
DirVarRepPar 0
DirVarRepReq 0
FunCalDel 39
IndVarAriNeg 0
IndVarBitNeg 0
IndVarIncDec 0
IndVarLogNeg 0
IndVarRepCon 0
IndVarRepExt 0
IndVarRepGlo 0
IndVarRepLoc 0
IndVarRepPar 0
IndVarRepReq 0
OAAA 0
OAAN 0
OABA 0
OABN 0
OAEA 0
OALN 0
OARN 0
OASA 0
OASN 0
OBAA 0
OBAN 0
OBBA 0
OBBN 0
OBEA 0
OBLN 0
OBNG 0
OBRN 0
OBSA 0
OBSN 0
OCNG 6
OCOR 0
OEAA 13
OEBA 2
OESA 4
OIPM 0
OLAN 0
OLBN 0
OLLN 0
OLNG 0
OLRN 0
OLSN 0
OMMO 0
OPPO 2
ORAN 7
ORBN 0
ORLN 4
ORRN 3
ORSN 1
OSAA 0
OSAN 0
OSBA 0
OSBN 0
OSEA 0
OSLN 0
OSRN 0
OSSA 0
OSSN 0
RetStaDel 5
SBRC 0
SBRN 0
SCRB 0
SCRN 0
SDWD 0
SGLR 0
SMTC 0
SMTT 0
SMVB 0
SRSR 5
SSDL 26
SSOM 0
SSWM 0
STRI 0
STRP 22
SWDD 0
VASM 0
VDTR 48
VGAR 0
VGPR 0
VGSR 0
VGTR 0
VLAR 0
VLPR 0
VLSR 4
VLTR 0
VSCR 65
VTWD 31
Done tooling on /home/yangheechan/FL-dataset-generation-opencv_features2d_TF_bot30/work/opencv_features2d_TF_bot30/working_env/faster26.swtv/core2/opencv_features2d_TF_bot30/modules/features2d/src/gftt.cpp
Testing version akaze.MUT198.cpp on faster26.swtv::core2
Found buggy line 52 in failing tcs, TC3.sh executed lines
Found buggy line 52 in failing tcs, TC4.sh executed lines
Found buggy line 52 in failing tcs, TC12.sh executed lines
Found buggy line 52 in failing tcs, TC13.sh executed lines
Found buggy line 52 in failing tcs, TC24.sh executed lines
Found buggy line 52 in failing tcs, TC25.sh executed lines
Found buggy line 52 in failing tcs, TC35.sh executed lines
Found buggy line 52 in failing tcs, TC47.sh executed lines
>>> TOTAL Selected lines: 418
	 >>> Selected lines executed by failing tcs: 62
	 >>> Selected lines based on SBFL rank (desc): 210
	 >>> Selected lines based on SBFL rank (asc): 210
>> Applied patch to akaze.cpp with akaze.MUT198.cpp
>> Cleaning build for opencv_features2d_TF_bot30
>> Configuring opencv_features2d_TF_bot30 without coverage
>> Building opencv_features2d_TF_bot30
>> Generating mutants on akaze.MUT198.cpp of kaze.cpp
>> Generating mutants on akaze.MUT198.cpp of feature2d.cpp
>> Generating mutants on akaze.MUT198.cpp of keypoint.cpp
>> Generating mutants on akaze.MUT198.cpp of akaze.cpp
>> Generating mutants on akaze.MUT198.cpp of matchers.cpp
>> Generating mutants on akaze.MUT198.cpp of gftt.cpp
>> Reverted akaze.cpp to original from akaze.MUT198.cpp
>> Cleaning build for opencv_features2d_TF_bot30
>> Configuring opencv_features2d_TF_bot30 without coverage
>> Building opencv_features2d_TF_bot30
>> Total number of mutants: 2828
>> Total number of lines executed by failing test cases: 62
>> Mutants per file:
	 >> opencv_features2d_TF_bot30/modules/features2d/src/kaze.cpp: 223 mutants, 9 lines executed by failing test cases
	 >> opencv_features2d_TF_bot30/modules/features2d/src/feature2d.cpp: 254 mutants, 26 lines executed by failing test cases
	 >> opencv_features2d_TF_bot30/modules/features2d/src/keypoint.cpp: 133 mutants, 0 lines executed by failing test cases
	 >> opencv_features2d_TF_bot30/modules/features2d/src/akaze.cpp: 716 mutants, 27 lines executed by failing test cases
	 >> opencv_features2d_TF_bot30/modules/features2d/src/matchers.cpp: 961 mutants, 0 lines executed by failing test cases
	 >> opencv_features2d_TF_bot30/modules/features2d/src/gftt.cpp: 541 mutants, 0 lines executed by failing test cases
Testing on faster26.swtv::core2-p0
Testing on faster26.swtv::core2-p1
Testing on faster26.swtv::core2-p2
Job Process-1 has been finished: ['faster26.swtv', 'core2-p0', 'akaze.MUT198.cpp']
Job Process-2 has been finished: ['faster26.swtv', 'core2-p1', 'akaze.MUT198.cpp']
Job Process-3 has been finished: ['faster26.swtv', 'core2-p2', 'akaze.MUT198.cpp']
>> Zipped mutants on akaze.MUT198.cpp
>> Removed mutants on akaze.MUT198.cpp
>> Saving version akaze.MUT198.cpp to database
Finished testing version akaze.MUT198.cpp on faster26.swtv::core2

+++++ STDERR +++++
warning: unknown warning option '-Wimplicit-fallthrough=3'; did you mean '-Wimplicit-fallthrough'? [-Wunknown-warning-option]
In file included from /home/yangheechan/FL-dataset-generation-opencv_features2d_TF_bot30/work/opencv_features2d_TF_bot30/working_env/faster26.swtv/core2/opencv_features2d_TF_bot30/modules/features2d/src/kaze.cpp:50:
In file included from /home/yangheechan/FL-dataset-generation-opencv_features2d_TF_bot30/work/opencv_features2d_TF_bot30/working_env/faster26.swtv/core2/opencv_features2d_TF_bot30/modules/features2d/src/precomp.hpp:50:
In file included from /home/yangheechan/FL-dataset-generation-opencv_features2d_TF_bot30/work/opencv_features2d_TF_bot30/working_env/faster26.swtv/core2/opencv_features2d_TF_bot30/modules/core/include/opencv2/core/private.hpp:246:
In file included from /home/yangheechan/FL-dataset-generation-opencv_features2d_TF_bot30/work/opencv_features2d_TF_bot30/working_env/faster26.swtv/core2/opencv_features2d_TF_bot30/build/3rdparty/ippicv/ippicv_lnx/iw/include/iw++/iw.hpp:17:
In file included from /home/yangheechan/FL-dataset-generation-opencv_features2d_TF_bot30/work/opencv_features2d_TF_bot30/working_env/faster26.swtv/core2/opencv_features2d_TF_bot30/build/3rdparty/ippicv/ippicv_lnx/iw/include/iw++/iw_image_color.hpp:17:
/home/yangheechan/FL-dataset-generation-opencv_features2d_TF_bot30/work/opencv_features2d_TF_bot30/working_env/faster26.swtv/core2/opencv_features2d_TF_bot30/build/3rdparty/ippicv/ippicv_lnx/iw/include/iw++/iw_image.hpp:1389:13: warning: 'operator const _IwiTileTransform *' overrides a member function but is not marked 'override' [-Wsuggest-override]
    virtual operator const ::IwiTileTransform*() const { return NULL; }
            ^
/home/yangheechan/FL-dataset-generation-opencv_features2d_TF_bot30/work/opencv_features2d_TF_bot30/working_env/faster26.swtv/core2/opencv_features2d_TF_bot30/build/3rdparty/ippicv/ippicv_lnx/iw/include/iw++/iw_image.hpp:1362:13: note: overridden virtual function is here
    virtual operator const ::IwiTileTransform*() const { return &transformStruct; }
            ^
/home/yangheechan/FL-dataset-generation-opencv_features2d_TF_bot30/work/opencv_features2d_TF_bot30/working_env/faster26.swtv/core2/opencv_features2d_TF_bot30/build/3rdparty/ippicv/ippicv_lnx/iw/include/iw++/iw_image.hpp:1391:19: warning: 'Clone' overrides a member function but is not marked 'override' [-Wsuggest-override]
    virtual void* Clone() const
                  ^
/home/yangheechan/FL-dataset-generation-opencv_features2d_TF_bot30/work/opencv_features2d_TF_bot30/working_env/faster26.swtv/core2/opencv_features2d_TF_bot30/build/3rdparty/ippicv/ippicv_lnx/iw/include/iw++/iw_image.hpp:1359:19: note: overridden virtual function is here
    virtual void* Clone() const = 0;
                  ^
/home/yangheechan/FL-dataset-generation-opencv_features2d_TF_bot30/work/opencv_features2d_TF_bot30/working_env/faster26.swtv/core2/opencv_features2d_TF_bot30/build/3rdparty/ippicv/ippicv_lnx/iw/include/iw++/iw_image.hpp:1398:17: warning: 'GetSrcRoi' overrides a member function but is not marked 'override' [-Wsuggest-override]
    virtual int GetSrcRoi(ipp::IwiRoi, ipp::IwiRoi&) const
                ^
/home/yangheechan/FL-dataset-generation-opencv_features2d_TF_bot30/work/opencv_features2d_TF_bot30/working_env/faster26.swtv/core2/opencv_features2d_TF_bot30/build/3rdparty/ippicv/ippicv_lnx/iw/include/iw++/iw_image.hpp:1356:17: note: overridden virtual function is here
    virtual int GetSrcRoi(ipp::IwiRoi, ipp::IwiRoi&) const = 0;
                ^
warning: unknown warning option '-Wimplicit-fallthrough=3'; did you mean '-Wimplicit-fallthrough'? [-Wunknown-warning-option]
In file included from /home/yangheechan/FL-dataset-generation-opencv_features2d_TF_bot30/work/opencv_features2d_TF_bot30/working_env/faster26.swtv/core2/opencv_features2d_TF_bot30/modules/features2d/src/kaze.cpp:50:
In file included from /home/yangheechan/FL-dataset-generation-opencv_features2d_TF_bot30/work/opencv_features2d_TF_bot30/working_env/faster26.swtv/core2/opencv_features2d_TF_bot30/modules/features2d/src/precomp.hpp:50:
In file included from /home/yangheechan/FL-dataset-generation-opencv_features2d_TF_bot30/work/opencv_features2d_TF_bot30/working_env/faster26.swtv/core2/opencv_features2d_TF_bot30/modules/core/include/opencv2/core/private.hpp:246:
In file included from /home/yangheechan/FL-dataset-generation-opencv_features2d_TF_bot30/work/opencv_features2d_TF_bot30/working_env/faster26.swtv/core2/opencv_features2d_TF_bot30/build/3rdparty/ippicv/ippicv_lnx/iw/include/iw++/iw.hpp:17:
In file included from /home/yangheechan/FL-dataset-generation-opencv_features2d_TF_bot30/work/opencv_features2d_TF_bot30/working_env/faster26.swtv/core2/opencv_features2d_TF_bot30/build/3rdparty/ippicv/ippicv_lnx/iw/include/iw++/iw_image_color.hpp:17:
/home/yangheechan/FL-dataset-generation-opencv_features2d_TF_bot30/work/opencv_features2d_TF_bot30/working_env/faster26.swtv/core2/opencv_features2d_TF_bot30/build/3rdparty/ippicv/ippicv_lnx/iw/include/iw++/iw_image.hpp:1389:13: warning: 'operator const _IwiTileTransform *' overrides a member function but is not marked 'override' [-Wsuggest-override]
    virtual operator const ::IwiTileTransform*() const { return NULL; }
            ^
/home/yangheechan/FL-dataset-generation-opencv_features2d_TF_bot30/work/opencv_features2d_TF_bot30/working_env/faster26.swtv/core2/opencv_features2d_TF_bot30/build/3rdparty/ippicv/ippicv_lnx/iw/include/iw++/iw_image.hpp:1362:13: note: overridden virtual function is here
    virtual operator const ::IwiTileTransform*() const { return &transformStruct; }
            ^
/home/yangheechan/FL-dataset-generation-opencv_features2d_TF_bot30/work/opencv_features2d_TF_bot30/working_env/faster26.swtv/core2/opencv_features2d_TF_bot30/build/3rdparty/ippicv/ippicv_lnx/iw/include/iw++/iw_image.hpp:1391:19: warning: 'Clone' overrides a member function but is not marked 'override' [-Wsuggest-override]
    virtual void* Clone() const
                  ^
/home/yangheechan/FL-dataset-generation-opencv_features2d_TF_bot30/work/opencv_features2d_TF_bot30/working_env/faster26.swtv/core2/opencv_features2d_TF_bot30/build/3rdparty/ippicv/ippicv_lnx/iw/include/iw++/iw_image.hpp:1359:19: note: overridden virtual function is here
    virtual void* Clone() const = 0;
                  ^
/home/yangheechan/FL-dataset-generation-opencv_features2d_TF_bot30/work/opencv_features2d_TF_bot30/working_env/faster26.swtv/core2/opencv_features2d_TF_bot30/build/3rdparty/ippicv/ippicv_lnx/iw/include/iw++/iw_image.hpp:1398:17: warning: 'GetSrcRoi' overrides a member function but is not marked 'override' [-Wsuggest-override]
    virtual int GetSrcRoi(ipp::IwiRoi, ipp::IwiRoi&) const
                ^
/home/yangheechan/FL-dataset-generation-opencv_features2d_TF_bot30/work/opencv_features2d_TF_bot30/working_env/faster26.swtv/core2/opencv_features2d_TF_bot30/build/3rdparty/ippicv/ippicv_lnx/iw/include/iw++/iw_image.hpp:1356:17: note: overridden virtual function is here
    virtual int GetSrcRoi(ipp::IwiRoi, ipp::IwiRoi&) const = 0;
                ^
4 warnings generated.
4 warnings generated.
warning: unknown warning option '-Wimplicit-fallthrough=3'; did you mean '-Wimplicit-fallthrough'? [-Wunknown-warning-option]
In file included from /home/yangheechan/FL-dataset-generation-opencv_features2d_TF_bot30/work/opencv_features2d_TF_bot30/working_env/faster26.swtv/core2/opencv_features2d_TF_bot30/modules/features2d/src/feature2d.cpp:43:
In file included from /home/yangheechan/FL-dataset-generation-opencv_features2d_TF_bot30/work/opencv_features2d_TF_bot30/working_env/faster26.swtv/core2/opencv_features2d_TF_bot30/modules/features2d/src/precomp.hpp:50:
In file included from /home/yangheechan/FL-dataset-generation-opencv_features2d_TF_bot30/work/opencv_features2d_TF_bot30/working_env/faster26.swtv/core2/opencv_features2d_TF_bot30/modules/core/include/opencv2/core/private.hpp:246:
In file included from /home/yangheechan/FL-dataset-generation-opencv_features2d_TF_bot30/work/opencv_features2d_TF_bot30/working_env/faster26.swtv/core2/opencv_features2d_TF_bot30/build/3rdparty/ippicv/ippicv_lnx/iw/include/iw++/iw.hpp:17:
In file included from /home/yangheechan/FL-dataset-generation-opencv_features2d_TF_bot30/work/opencv_features2d_TF_bot30/working_env/faster26.swtv/core2/opencv_features2d_TF_bot30/build/3rdparty/ippicv/ippicv_lnx/iw/include/iw++/iw_image_color.hpp:17:
/home/yangheechan/FL-dataset-generation-opencv_features2d_TF_bot30/work/opencv_features2d_TF_bot30/working_env/faster26.swtv/core2/opencv_features2d_TF_bot30/build/3rdparty/ippicv/ippicv_lnx/iw/include/iw++/iw_image.hpp:1389:13: warning: 'operator const _IwiTileTransform *' overrides a member function but is not marked 'override' [-Wsuggest-override]
    virtual operator const ::IwiTileTransform*() const { return NULL; }
            ^
/home/yangheechan/FL-dataset-generation-opencv_features2d_TF_bot30/work/opencv_features2d_TF_bot30/working_env/faster26.swtv/core2/opencv_features2d_TF_bot30/build/3rdparty/ippicv/ippicv_lnx/iw/include/iw++/iw_image.hpp:1362:13: note: overridden virtual function is here
    virtual operator const ::IwiTileTransform*() const { return &transformStruct; }
            ^
/home/yangheechan/FL-dataset-generation-opencv_features2d_TF_bot30/work/opencv_features2d_TF_bot30/working_env/faster26.swtv/core2/opencv_features2d_TF_bot30/build/3rdparty/ippicv/ippicv_lnx/iw/include/iw++/iw_image.hpp:1391:19: warning: 'Clone' overrides a member function but is not marked 'override' [-Wsuggest-override]
    virtual void* Clone() const
                  ^
/home/yangheechan/FL-dataset-generation-opencv_features2d_TF_bot30/work/opencv_features2d_TF_bot30/working_env/faster26.swtv/core2/opencv_features2d_TF_bot30/build/3rdparty/ippicv/ippicv_lnx/iw/include/iw++/iw_image.hpp:1359:19: note: overridden virtual function is here
    virtual void* Clone() const = 0;
                  ^
/home/yangheechan/FL-dataset-generation-opencv_features2d_TF_bot30/work/opencv_features2d_TF_bot30/working_env/faster26.swtv/core2/opencv_features2d_TF_bot30/build/3rdparty/ippicv/ippicv_lnx/iw/include/iw++/iw_image.hpp:1398:17: warning: 'GetSrcRoi' overrides a member function but is not marked 'override' [-Wsuggest-override]
    virtual int GetSrcRoi(ipp::IwiRoi, ipp::IwiRoi&) const
                ^
/home/yangheechan/FL-dataset-generation-opencv_features2d_TF_bot30/work/opencv_features2d_TF_bot30/working_env/faster26.swtv/core2/opencv_features2d_TF_bot30/build/3rdparty/ippicv/ippicv_lnx/iw/include/iw++/iw_image.hpp:1356:17: note: overridden virtual function is here
    virtual int GetSrcRoi(ipp::IwiRoi, ipp::IwiRoi&) const = 0;
                ^
warning: unknown warning option '-Wimplicit-fallthrough=3'; did you mean '-Wimplicit-fallthrough'? [-Wunknown-warning-option]
In file included from /home/yangheechan/FL-dataset-generation-opencv_features2d_TF_bot30/work/opencv_features2d_TF_bot30/working_env/faster26.swtv/core2/opencv_features2d_TF_bot30/modules/features2d/src/feature2d.cpp:43:
In file included from /home/yangheechan/FL-dataset-generation-opencv_features2d_TF_bot30/work/opencv_features2d_TF_bot30/working_env/faster26.swtv/core2/opencv_features2d_TF_bot30/modules/features2d/src/precomp.hpp:50:
In file included from /home/yangheechan/FL-dataset-generation-opencv_features2d_TF_bot30/work/opencv_features2d_TF_bot30/working_env/faster26.swtv/core2/opencv_features2d_TF_bot30/modules/core/include/opencv2/core/private.hpp:246:
In file included from /home/yangheechan/FL-dataset-generation-opencv_features2d_TF_bot30/work/opencv_features2d_TF_bot30/working_env/faster26.swtv/core2/opencv_features2d_TF_bot30/build/3rdparty/ippicv/ippicv_lnx/iw/include/iw++/iw.hpp:17:
In file included from /home/yangheechan/FL-dataset-generation-opencv_features2d_TF_bot30/work/opencv_features2d_TF_bot30/working_env/faster26.swtv/core2/opencv_features2d_TF_bot30/build/3rdparty/ippicv/ippicv_lnx/iw/include/iw++/iw_image_color.hpp:17:
/home/yangheechan/FL-dataset-generation-opencv_features2d_TF_bot30/work/opencv_features2d_TF_bot30/working_env/faster26.swtv/core2/opencv_features2d_TF_bot30/build/3rdparty/ippicv/ippicv_lnx/iw/include/iw++/iw_image.hpp:1389:13: warning: 'operator const _IwiTileTransform *' overrides a member function but is not marked 'override' [-Wsuggest-override]
    virtual operator const ::IwiTileTransform*() const { return NULL; }
            ^
/home/yangheechan/FL-dataset-generation-opencv_features2d_TF_bot30/work/opencv_features2d_TF_bot30/working_env/faster26.swtv/core2/opencv_features2d_TF_bot30/build/3rdparty/ippicv/ippicv_lnx/iw/include/iw++/iw_image.hpp:1362:13: note: overridden virtual function is here
    virtual operator const ::IwiTileTransform*() const { return &transformStruct; }
            ^
/home/yangheechan/FL-dataset-generation-opencv_features2d_TF_bot30/work/opencv_features2d_TF_bot30/working_env/faster26.swtv/core2/opencv_features2d_TF_bot30/build/3rdparty/ippicv/ippicv_lnx/iw/include/iw++/iw_image.hpp:1391:19: warning: 'Clone' overrides a member function but is not marked 'override' [-Wsuggest-override]
    virtual void* Clone() const
                  ^
/home/yangheechan/FL-dataset-generation-opencv_features2d_TF_bot30/work/opencv_features2d_TF_bot30/working_env/faster26.swtv/core2/opencv_features2d_TF_bot30/build/3rdparty/ippicv/ippicv_lnx/iw/include/iw++/iw_image.hpp:1359:19: note: overridden virtual function is here
    virtual void* Clone() const = 0;
                  ^
/home/yangheechan/FL-dataset-generation-opencv_features2d_TF_bot30/work/opencv_features2d_TF_bot30/working_env/faster26.swtv/core2/opencv_features2d_TF_bot30/build/3rdparty/ippicv/ippicv_lnx/iw/include/iw++/iw_image.hpp:1398:17: warning: 'GetSrcRoi' overrides a member function but is not marked 'override' [-Wsuggest-override]
    virtual int GetSrcRoi(ipp::IwiRoi, ipp::IwiRoi&) const
                ^
/home/yangheechan/FL-dataset-generation-opencv_features2d_TF_bot30/work/opencv_features2d_TF_bot30/working_env/faster26.swtv/core2/opencv_features2d_TF_bot30/build/3rdparty/ippicv/ippicv_lnx/iw/include/iw++/iw_image.hpp:1356:17: note: overridden virtual function is here
    virtual int GetSrcRoi(ipp::IwiRoi, ipp::IwiRoi&) const = 0;
                ^
4 warnings generated.
4 warnings generated.
warning: unknown warning option '-Wimplicit-fallthrough=3'; did you mean '-Wimplicit-fallthrough'? [-Wunknown-warning-option]
In file included from /home/yangheechan/FL-dataset-generation-opencv_features2d_TF_bot30/work/opencv_features2d_TF_bot30/working_env/faster26.swtv/core2/opencv_features2d_TF_bot30/modules/features2d/src/keypoint.cpp:42:
In file included from /home/yangheechan/FL-dataset-generation-opencv_features2d_TF_bot30/work/opencv_features2d_TF_bot30/working_env/faster26.swtv/core2/opencv_features2d_TF_bot30/modules/features2d/src/precomp.hpp:50:
In file included from /home/yangheechan/FL-dataset-generation-opencv_features2d_TF_bot30/work/opencv_features2d_TF_bot30/working_env/faster26.swtv/core2/opencv_features2d_TF_bot30/modules/core/include/opencv2/core/private.hpp:246:
In file included from /home/yangheechan/FL-dataset-generation-opencv_features2d_TF_bot30/work/opencv_features2d_TF_bot30/working_env/faster26.swtv/core2/opencv_features2d_TF_bot30/build/3rdparty/ippicv/ippicv_lnx/iw/include/iw++/iw.hpp:17:
In file included from /home/yangheechan/FL-dataset-generation-opencv_features2d_TF_bot30/work/opencv_features2d_TF_bot30/working_env/faster26.swtv/core2/opencv_features2d_TF_bot30/build/3rdparty/ippicv/ippicv_lnx/iw/include/iw++/iw_image_color.hpp:17:
/home/yangheechan/FL-dataset-generation-opencv_features2d_TF_bot30/work/opencv_features2d_TF_bot30/working_env/faster26.swtv/core2/opencv_features2d_TF_bot30/build/3rdparty/ippicv/ippicv_lnx/iw/include/iw++/iw_image.hpp:1389:13: warning: 'operator const _IwiTileTransform *' overrides a member function but is not marked 'override' [-Wsuggest-override]
    virtual operator const ::IwiTileTransform*() const { return NULL; }
            ^
/home/yangheechan/FL-dataset-generation-opencv_features2d_TF_bot30/work/opencv_features2d_TF_bot30/working_env/faster26.swtv/core2/opencv_features2d_TF_bot30/build/3rdparty/ippicv/ippicv_lnx/iw/include/iw++/iw_image.hpp:1362:13: note: overridden virtual function is here
    virtual operator const ::IwiTileTransform*() const { return &transformStruct; }
            ^
/home/yangheechan/FL-dataset-generation-opencv_features2d_TF_bot30/work/opencv_features2d_TF_bot30/working_env/faster26.swtv/core2/opencv_features2d_TF_bot30/build/3rdparty/ippicv/ippicv_lnx/iw/include/iw++/iw_image.hpp:1391:19: warning: 'Clone' overrides a member function but is not marked 'override' [-Wsuggest-override]
    virtual void* Clone() const
                  ^
/home/yangheechan/FL-dataset-generation-opencv_features2d_TF_bot30/work/opencv_features2d_TF_bot30/working_env/faster26.swtv/core2/opencv_features2d_TF_bot30/build/3rdparty/ippicv/ippicv_lnx/iw/include/iw++/iw_image.hpp:1359:19: note: overridden virtual function is here
    virtual void* Clone() const = 0;
                  ^
/home/yangheechan/FL-dataset-generation-opencv_features2d_TF_bot30/work/opencv_features2d_TF_bot30/working_env/faster26.swtv/core2/opencv_features2d_TF_bot30/build/3rdparty/ippicv/ippicv_lnx/iw/include/iw++/iw_image.hpp:1398:17: warning: 'GetSrcRoi' overrides a member function but is not marked 'override' [-Wsuggest-override]
    virtual int GetSrcRoi(ipp::IwiRoi, ipp::IwiRoi&) const
                ^
/home/yangheechan/FL-dataset-generation-opencv_features2d_TF_bot30/work/opencv_features2d_TF_bot30/working_env/faster26.swtv/core2/opencv_features2d_TF_bot30/build/3rdparty/ippicv/ippicv_lnx/iw/include/iw++/iw_image.hpp:1356:17: note: overridden virtual function is here
    virtual int GetSrcRoi(ipp::IwiRoi, ipp::IwiRoi&) const = 0;
                ^
warning: unknown warning option '-Wimplicit-fallthrough=3'; did you mean '-Wimplicit-fallthrough'? [-Wunknown-warning-option]
In file included from /home/yangheechan/FL-dataset-generation-opencv_features2d_TF_bot30/work/opencv_features2d_TF_bot30/working_env/faster26.swtv/core2/opencv_features2d_TF_bot30/modules/features2d/src/keypoint.cpp:42:
In file included from /home/yangheechan/FL-dataset-generation-opencv_features2d_TF_bot30/work/opencv_features2d_TF_bot30/working_env/faster26.swtv/core2/opencv_features2d_TF_bot30/modules/features2d/src/precomp.hpp:50:
In file included from /home/yangheechan/FL-dataset-generation-opencv_features2d_TF_bot30/work/opencv_features2d_TF_bot30/working_env/faster26.swtv/core2/opencv_features2d_TF_bot30/modules/core/include/opencv2/core/private.hpp:246:
In file included from /home/yangheechan/FL-dataset-generation-opencv_features2d_TF_bot30/work/opencv_features2d_TF_bot30/working_env/faster26.swtv/core2/opencv_features2d_TF_bot30/build/3rdparty/ippicv/ippicv_lnx/iw/include/iw++/iw.hpp:17:
In file included from /home/yangheechan/FL-dataset-generation-opencv_features2d_TF_bot30/work/opencv_features2d_TF_bot30/working_env/faster26.swtv/core2/opencv_features2d_TF_bot30/build/3rdparty/ippicv/ippicv_lnx/iw/include/iw++/iw_image_color.hpp:17:
/home/yangheechan/FL-dataset-generation-opencv_features2d_TF_bot30/work/opencv_features2d_TF_bot30/working_env/faster26.swtv/core2/opencv_features2d_TF_bot30/build/3rdparty/ippicv/ippicv_lnx/iw/include/iw++/iw_image.hpp:1389:13: warning: 'operator const _IwiTileTransform *' overrides a member function but is not marked 'override' [-Wsuggest-override]
    virtual operator const ::IwiTileTransform*() const { return NULL; }
            ^
/home/yangheechan/FL-dataset-generation-opencv_features2d_TF_bot30/work/opencv_features2d_TF_bot30/working_env/faster26.swtv/core2/opencv_features2d_TF_bot30/build/3rdparty/ippicv/ippicv_lnx/iw/include/iw++/iw_image.hpp:1362:13: note: overridden virtual function is here
    virtual operator const ::IwiTileTransform*() const { return &transformStruct; }
            ^
/home/yangheechan/FL-dataset-generation-opencv_features2d_TF_bot30/work/opencv_features2d_TF_bot30/working_env/faster26.swtv/core2/opencv_features2d_TF_bot30/build/3rdparty/ippicv/ippicv_lnx/iw/include/iw++/iw_image.hpp:1391:19: warning: 'Clone' overrides a member function but is not marked 'override' [-Wsuggest-override]
    virtual void* Clone() const
                  ^
/home/yangheechan/FL-dataset-generation-opencv_features2d_TF_bot30/work/opencv_features2d_TF_bot30/working_env/faster26.swtv/core2/opencv_features2d_TF_bot30/build/3rdparty/ippicv/ippicv_lnx/iw/include/iw++/iw_image.hpp:1359:19: note: overridden virtual function is here
    virtual void* Clone() const = 0;
                  ^
/home/yangheechan/FL-dataset-generation-opencv_features2d_TF_bot30/work/opencv_features2d_TF_bot30/working_env/faster26.swtv/core2/opencv_features2d_TF_bot30/build/3rdparty/ippicv/ippicv_lnx/iw/include/iw++/iw_image.hpp:1398:17: warning: 'GetSrcRoi' overrides a member function but is not marked 'override' [-Wsuggest-override]
    virtual int GetSrcRoi(ipp::IwiRoi, ipp::IwiRoi&) const
                ^
/home/yangheechan/FL-dataset-generation-opencv_features2d_TF_bot30/work/opencv_features2d_TF_bot30/working_env/faster26.swtv/core2/opencv_features2d_TF_bot30/build/3rdparty/ippicv/ippicv_lnx/iw/include/iw++/iw_image.hpp:1356:17: note: overridden virtual function is here
    virtual int GetSrcRoi(ipp::IwiRoi, ipp::IwiRoi&) const = 0;
                ^
4 warnings generated.
4 warnings generated.
warning: unknown warning option '-Wimplicit-fallthrough=3'; did you mean '-Wimplicit-fallthrough'? [-Wunknown-warning-option]
In file included from /home/yangheechan/FL-dataset-generation-opencv_features2d_TF_bot30/work/opencv_features2d_TF_bot30/working_env/faster26.swtv/core2/opencv_features2d_TF_bot30/modules/features2d/src/akaze.cpp:51:
In file included from /home/yangheechan/FL-dataset-generation-opencv_features2d_TF_bot30/work/opencv_features2d_TF_bot30/working_env/faster26.swtv/core2/opencv_features2d_TF_bot30/modules/features2d/src/precomp.hpp:50:
In file included from /home/yangheechan/FL-dataset-generation-opencv_features2d_TF_bot30/work/opencv_features2d_TF_bot30/working_env/faster26.swtv/core2/opencv_features2d_TF_bot30/modules/core/include/opencv2/core/private.hpp:246:
In file included from /home/yangheechan/FL-dataset-generation-opencv_features2d_TF_bot30/work/opencv_features2d_TF_bot30/working_env/faster26.swtv/core2/opencv_features2d_TF_bot30/build/3rdparty/ippicv/ippicv_lnx/iw/include/iw++/iw.hpp:17:
In file included from /home/yangheechan/FL-dataset-generation-opencv_features2d_TF_bot30/work/opencv_features2d_TF_bot30/working_env/faster26.swtv/core2/opencv_features2d_TF_bot30/build/3rdparty/ippicv/ippicv_lnx/iw/include/iw++/iw_image_color.hpp:17:
/home/yangheechan/FL-dataset-generation-opencv_features2d_TF_bot30/work/opencv_features2d_TF_bot30/working_env/faster26.swtv/core2/opencv_features2d_TF_bot30/build/3rdparty/ippicv/ippicv_lnx/iw/include/iw++/iw_image.hpp:1389:13: warning: 'operator const _IwiTileTransform *' overrides a member function but is not marked 'override' [-Wsuggest-override]
    virtual operator const ::IwiTileTransform*() const { return NULL; }
            ^
/home/yangheechan/FL-dataset-generation-opencv_features2d_TF_bot30/work/opencv_features2d_TF_bot30/working_env/faster26.swtv/core2/opencv_features2d_TF_bot30/build/3rdparty/ippicv/ippicv_lnx/iw/include/iw++/iw_image.hpp:1362:13: note: overridden virtual function is here
    virtual operator const ::IwiTileTransform*() const { return &transformStruct; }
            ^
/home/yangheechan/FL-dataset-generation-opencv_features2d_TF_bot30/work/opencv_features2d_TF_bot30/working_env/faster26.swtv/core2/opencv_features2d_TF_bot30/build/3rdparty/ippicv/ippicv_lnx/iw/include/iw++/iw_image.hpp:1391:19: warning: 'Clone' overrides a member function but is not marked 'override' [-Wsuggest-override]
    virtual void* Clone() const
                  ^
/home/yangheechan/FL-dataset-generation-opencv_features2d_TF_bot30/work/opencv_features2d_TF_bot30/working_env/faster26.swtv/core2/opencv_features2d_TF_bot30/build/3rdparty/ippicv/ippicv_lnx/iw/include/iw++/iw_image.hpp:1359:19: note: overridden virtual function is here
    virtual void* Clone() const = 0;
                  ^
/home/yangheechan/FL-dataset-generation-opencv_features2d_TF_bot30/work/opencv_features2d_TF_bot30/working_env/faster26.swtv/core2/opencv_features2d_TF_bot30/build/3rdparty/ippicv/ippicv_lnx/iw/include/iw++/iw_image.hpp:1398:17: warning: 'GetSrcRoi' overrides a member function but is not marked 'override' [-Wsuggest-override]
    virtual int GetSrcRoi(ipp::IwiRoi, ipp::IwiRoi&) const
                ^
/home/yangheechan/FL-dataset-generation-opencv_features2d_TF_bot30/work/opencv_features2d_TF_bot30/working_env/faster26.swtv/core2/opencv_features2d_TF_bot30/build/3rdparty/ippicv/ippicv_lnx/iw/include/iw++/iw_image.hpp:1356:17: note: overridden virtual function is here
    virtual int GetSrcRoi(ipp::IwiRoi, ipp::IwiRoi&) const = 0;
                ^
warning: unknown warning option '-Wimplicit-fallthrough=3'; did you mean '-Wimplicit-fallthrough'? [-Wunknown-warning-option]
In file included from /home/yangheechan/FL-dataset-generation-opencv_features2d_TF_bot30/work/opencv_features2d_TF_bot30/working_env/faster26.swtv/core2/opencv_features2d_TF_bot30/modules/features2d/src/akaze.cpp:51:
In file included from /home/yangheechan/FL-dataset-generation-opencv_features2d_TF_bot30/work/opencv_features2d_TF_bot30/working_env/faster26.swtv/core2/opencv_features2d_TF_bot30/modules/features2d/src/precomp.hpp:50:
In file included from /home/yangheechan/FL-dataset-generation-opencv_features2d_TF_bot30/work/opencv_features2d_TF_bot30/working_env/faster26.swtv/core2/opencv_features2d_TF_bot30/modules/core/include/opencv2/core/private.hpp:246:
In file included from /home/yangheechan/FL-dataset-generation-opencv_features2d_TF_bot30/work/opencv_features2d_TF_bot30/working_env/faster26.swtv/core2/opencv_features2d_TF_bot30/build/3rdparty/ippicv/ippicv_lnx/iw/include/iw++/iw.hpp:17:
In file included from /home/yangheechan/FL-dataset-generation-opencv_features2d_TF_bot30/work/opencv_features2d_TF_bot30/working_env/faster26.swtv/core2/opencv_features2d_TF_bot30/build/3rdparty/ippicv/ippicv_lnx/iw/include/iw++/iw_image_color.hpp:17:
/home/yangheechan/FL-dataset-generation-opencv_features2d_TF_bot30/work/opencv_features2d_TF_bot30/working_env/faster26.swtv/core2/opencv_features2d_TF_bot30/build/3rdparty/ippicv/ippicv_lnx/iw/include/iw++/iw_image.hpp:1389:13: warning: 'operator const _IwiTileTransform *' overrides a member function but is not marked 'override' [-Wsuggest-override]
    virtual operator const ::IwiTileTransform*() const { return NULL; }
            ^
/home/yangheechan/FL-dataset-generation-opencv_features2d_TF_bot30/work/opencv_features2d_TF_bot30/working_env/faster26.swtv/core2/opencv_features2d_TF_bot30/build/3rdparty/ippicv/ippicv_lnx/iw/include/iw++/iw_image.hpp:1362:13: note: overridden virtual function is here
    virtual operator const ::IwiTileTransform*() const { return &transformStruct; }
            ^
/home/yangheechan/FL-dataset-generation-opencv_features2d_TF_bot30/work/opencv_features2d_TF_bot30/working_env/faster26.swtv/core2/opencv_features2d_TF_bot30/build/3rdparty/ippicv/ippicv_lnx/iw/include/iw++/iw_image.hpp:1391:19: warning: 'Clone' overrides a member function but is not marked 'override' [-Wsuggest-override]
    virtual void* Clone() const
                  ^
/home/yangheechan/FL-dataset-generation-opencv_features2d_TF_bot30/work/opencv_features2d_TF_bot30/working_env/faster26.swtv/core2/opencv_features2d_TF_bot30/build/3rdparty/ippicv/ippicv_lnx/iw/include/iw++/iw_image.hpp:1359:19: note: overridden virtual function is here
    virtual void* Clone() const = 0;
                  ^
/home/yangheechan/FL-dataset-generation-opencv_features2d_TF_bot30/work/opencv_features2d_TF_bot30/working_env/faster26.swtv/core2/opencv_features2d_TF_bot30/build/3rdparty/ippicv/ippicv_lnx/iw/include/iw++/iw_image.hpp:1398:17: warning: 'GetSrcRoi' overrides a member function but is not marked 'override' [-Wsuggest-override]
    virtual int GetSrcRoi(ipp::IwiRoi, ipp::IwiRoi&) const
                ^
/home/yangheechan/FL-dataset-generation-opencv_features2d_TF_bot30/work/opencv_features2d_TF_bot30/working_env/faster26.swtv/core2/opencv_features2d_TF_bot30/build/3rdparty/ippicv/ippicv_lnx/iw/include/iw++/iw_image.hpp:1356:17: note: overridden virtual function is here
    virtual int GetSrcRoi(ipp::IwiRoi, ipp::IwiRoi&) const = 0;
                ^
4 warnings generated.
4 warnings generated.
warning: unknown warning option '-Wimplicit-fallthrough=3'; did you mean '-Wimplicit-fallthrough'? [-Wunknown-warning-option]
In file included from /home/yangheechan/FL-dataset-generation-opencv_features2d_TF_bot30/work/opencv_features2d_TF_bot30/working_env/faster26.swtv/core2/opencv_features2d_TF_bot30/modules/features2d/src/matchers.cpp:42:
In file included from /home/yangheechan/FL-dataset-generation-opencv_features2d_TF_bot30/work/opencv_features2d_TF_bot30/working_env/faster26.swtv/core2/opencv_features2d_TF_bot30/modules/features2d/src/precomp.hpp:50:
In file included from /home/yangheechan/FL-dataset-generation-opencv_features2d_TF_bot30/work/opencv_features2d_TF_bot30/working_env/faster26.swtv/core2/opencv_features2d_TF_bot30/modules/core/include/opencv2/core/private.hpp:246:
In file included from /home/yangheechan/FL-dataset-generation-opencv_features2d_TF_bot30/work/opencv_features2d_TF_bot30/working_env/faster26.swtv/core2/opencv_features2d_TF_bot30/build/3rdparty/ippicv/ippicv_lnx/iw/include/iw++/iw.hpp:17:
In file included from /home/yangheechan/FL-dataset-generation-opencv_features2d_TF_bot30/work/opencv_features2d_TF_bot30/working_env/faster26.swtv/core2/opencv_features2d_TF_bot30/build/3rdparty/ippicv/ippicv_lnx/iw/include/iw++/iw_image_color.hpp:17:
/home/yangheechan/FL-dataset-generation-opencv_features2d_TF_bot30/work/opencv_features2d_TF_bot30/working_env/faster26.swtv/core2/opencv_features2d_TF_bot30/build/3rdparty/ippicv/ippicv_lnx/iw/include/iw++/iw_image.hpp:1389:13: warning: 'operator const _IwiTileTransform *' overrides a member function but is not marked 'override' [-Wsuggest-override]
    virtual operator const ::IwiTileTransform*() const { return NULL; }
            ^
/home/yangheechan/FL-dataset-generation-opencv_features2d_TF_bot30/work/opencv_features2d_TF_bot30/working_env/faster26.swtv/core2/opencv_features2d_TF_bot30/build/3rdparty/ippicv/ippicv_lnx/iw/include/iw++/iw_image.hpp:1362:13: note: overridden virtual function is here
    virtual operator const ::IwiTileTransform*() const { return &transformStruct; }
            ^
/home/yangheechan/FL-dataset-generation-opencv_features2d_TF_bot30/work/opencv_features2d_TF_bot30/working_env/faster26.swtv/core2/opencv_features2d_TF_bot30/build/3rdparty/ippicv/ippicv_lnx/iw/include/iw++/iw_image.hpp:1391:19: warning: 'Clone' overrides a member function but is not marked 'override' [-Wsuggest-override]
    virtual void* Clone() const
                  ^
/home/yangheechan/FL-dataset-generation-opencv_features2d_TF_bot30/work/opencv_features2d_TF_bot30/working_env/faster26.swtv/core2/opencv_features2d_TF_bot30/build/3rdparty/ippicv/ippicv_lnx/iw/include/iw++/iw_image.hpp:1359:19: note: overridden virtual function is here
    virtual void* Clone() const = 0;
                  ^
/home/yangheechan/FL-dataset-generation-opencv_features2d_TF_bot30/work/opencv_features2d_TF_bot30/working_env/faster26.swtv/core2/opencv_features2d_TF_bot30/build/3rdparty/ippicv/ippicv_lnx/iw/include/iw++/iw_image.hpp:1398:17: warning: 'GetSrcRoi' overrides a member function but is not marked 'override' [-Wsuggest-override]
    virtual int GetSrcRoi(ipp::IwiRoi, ipp::IwiRoi&) const
                ^
/home/yangheechan/FL-dataset-generation-opencv_features2d_TF_bot30/work/opencv_features2d_TF_bot30/working_env/faster26.swtv/core2/opencv_features2d_TF_bot30/build/3rdparty/ippicv/ippicv_lnx/iw/include/iw++/iw_image.hpp:1356:17: note: overridden virtual function is here
    virtual int GetSrcRoi(ipp::IwiRoi, ipp::IwiRoi&) const = 0;
                ^
warning: unknown warning option '-Wimplicit-fallthrough=3'; did you mean '-Wimplicit-fallthrough'? [-Wunknown-warning-option]
In file included from /home/yangheechan/FL-dataset-generation-opencv_features2d_TF_bot30/work/opencv_features2d_TF_bot30/working_env/faster26.swtv/core2/opencv_features2d_TF_bot30/modules/features2d/src/matchers.cpp:42:
In file included from /home/yangheechan/FL-dataset-generation-opencv_features2d_TF_bot30/work/opencv_features2d_TF_bot30/working_env/faster26.swtv/core2/opencv_features2d_TF_bot30/modules/features2d/src/precomp.hpp:50:
In file included from /home/yangheechan/FL-dataset-generation-opencv_features2d_TF_bot30/work/opencv_features2d_TF_bot30/working_env/faster26.swtv/core2/opencv_features2d_TF_bot30/modules/core/include/opencv2/core/private.hpp:246:
In file included from /home/yangheechan/FL-dataset-generation-opencv_features2d_TF_bot30/work/opencv_features2d_TF_bot30/working_env/faster26.swtv/core2/opencv_features2d_TF_bot30/build/3rdparty/ippicv/ippicv_lnx/iw/include/iw++/iw.hpp:17:
In file included from /home/yangheechan/FL-dataset-generation-opencv_features2d_TF_bot30/work/opencv_features2d_TF_bot30/working_env/faster26.swtv/core2/opencv_features2d_TF_bot30/build/3rdparty/ippicv/ippicv_lnx/iw/include/iw++/iw_image_color.hpp:17:
/home/yangheechan/FL-dataset-generation-opencv_features2d_TF_bot30/work/opencv_features2d_TF_bot30/working_env/faster26.swtv/core2/opencv_features2d_TF_bot30/build/3rdparty/ippicv/ippicv_lnx/iw/include/iw++/iw_image.hpp:1389:13: warning: 'operator const _IwiTileTransform *' overrides a member function but is not marked 'override' [-Wsuggest-override]
    virtual operator const ::IwiTileTransform*() const { return NULL; }
            ^
/home/yangheechan/FL-dataset-generation-opencv_features2d_TF_bot30/work/opencv_features2d_TF_bot30/working_env/faster26.swtv/core2/opencv_features2d_TF_bot30/build/3rdparty/ippicv/ippicv_lnx/iw/include/iw++/iw_image.hpp:1362:13: note: overridden virtual function is here
    virtual operator const ::IwiTileTransform*() const { return &transformStruct; }
            ^
/home/yangheechan/FL-dataset-generation-opencv_features2d_TF_bot30/work/opencv_features2d_TF_bot30/working_env/faster26.swtv/core2/opencv_features2d_TF_bot30/build/3rdparty/ippicv/ippicv_lnx/iw/include/iw++/iw_image.hpp:1391:19: warning: 'Clone' overrides a member function but is not marked 'override' [-Wsuggest-override]
    virtual void* Clone() const
                  ^
/home/yangheechan/FL-dataset-generation-opencv_features2d_TF_bot30/work/opencv_features2d_TF_bot30/working_env/faster26.swtv/core2/opencv_features2d_TF_bot30/build/3rdparty/ippicv/ippicv_lnx/iw/include/iw++/iw_image.hpp:1359:19: note: overridden virtual function is here
    virtual void* Clone() const = 0;
                  ^
/home/yangheechan/FL-dataset-generation-opencv_features2d_TF_bot30/work/opencv_features2d_TF_bot30/working_env/faster26.swtv/core2/opencv_features2d_TF_bot30/build/3rdparty/ippicv/ippicv_lnx/iw/include/iw++/iw_image.hpp:1398:17: warning: 'GetSrcRoi' overrides a member function but is not marked 'override' [-Wsuggest-override]
    virtual int GetSrcRoi(ipp::IwiRoi, ipp::IwiRoi&) const
                ^
/home/yangheechan/FL-dataset-generation-opencv_features2d_TF_bot30/work/opencv_features2d_TF_bot30/working_env/faster26.swtv/core2/opencv_features2d_TF_bot30/build/3rdparty/ippicv/ippicv_lnx/iw/include/iw++/iw_image.hpp:1356:17: note: overridden virtual function is here
    virtual int GetSrcRoi(ipp::IwiRoi, ipp::IwiRoi&) const = 0;
                ^
4 warnings generated.
4 warnings generated.
warning: unknown warning option '-Wimplicit-fallthrough=3'; did you mean '-Wimplicit-fallthrough'? [-Wunknown-warning-option]
In file included from /home/yangheechan/FL-dataset-generation-opencv_features2d_TF_bot30/work/opencv_features2d_TF_bot30/working_env/faster26.swtv/core2/opencv_features2d_TF_bot30/modules/features2d/src/gftt.cpp:42:
In file included from /home/yangheechan/FL-dataset-generation-opencv_features2d_TF_bot30/work/opencv_features2d_TF_bot30/working_env/faster26.swtv/core2/opencv_features2d_TF_bot30/modules/features2d/src/precomp.hpp:50:
In file included from /home/yangheechan/FL-dataset-generation-opencv_features2d_TF_bot30/work/opencv_features2d_TF_bot30/working_env/faster26.swtv/core2/opencv_features2d_TF_bot30/modules/core/include/opencv2/core/private.hpp:246:
In file included from /home/yangheechan/FL-dataset-generation-opencv_features2d_TF_bot30/work/opencv_features2d_TF_bot30/working_env/faster26.swtv/core2/opencv_features2d_TF_bot30/build/3rdparty/ippicv/ippicv_lnx/iw/include/iw++/iw.hpp:17:
In file included from /home/yangheechan/FL-dataset-generation-opencv_features2d_TF_bot30/work/opencv_features2d_TF_bot30/working_env/faster26.swtv/core2/opencv_features2d_TF_bot30/build/3rdparty/ippicv/ippicv_lnx/iw/include/iw++/iw_image_color.hpp:17:
/home/yangheechan/FL-dataset-generation-opencv_features2d_TF_bot30/work/opencv_features2d_TF_bot30/working_env/faster26.swtv/core2/opencv_features2d_TF_bot30/build/3rdparty/ippicv/ippicv_lnx/iw/include/iw++/iw_image.hpp:1389:13: warning: 'operator const _IwiTileTransform *' overrides a member function but is not marked 'override' [-Wsuggest-override]
    virtual operator const ::IwiTileTransform*() const { return NULL; }
            ^
/home/yangheechan/FL-dataset-generation-opencv_features2d_TF_bot30/work/opencv_features2d_TF_bot30/working_env/faster26.swtv/core2/opencv_features2d_TF_bot30/build/3rdparty/ippicv/ippicv_lnx/iw/include/iw++/iw_image.hpp:1362:13: note: overridden virtual function is here
    virtual operator const ::IwiTileTransform*() const { return &transformStruct; }
            ^
/home/yangheechan/FL-dataset-generation-opencv_features2d_TF_bot30/work/opencv_features2d_TF_bot30/working_env/faster26.swtv/core2/opencv_features2d_TF_bot30/build/3rdparty/ippicv/ippicv_lnx/iw/include/iw++/iw_image.hpp:1391:19: warning: 'Clone' overrides a member function but is not marked 'override' [-Wsuggest-override]
    virtual void* Clone() const
                  ^
/home/yangheechan/FL-dataset-generation-opencv_features2d_TF_bot30/work/opencv_features2d_TF_bot30/working_env/faster26.swtv/core2/opencv_features2d_TF_bot30/build/3rdparty/ippicv/ippicv_lnx/iw/include/iw++/iw_image.hpp:1359:19: note: overridden virtual function is here
    virtual void* Clone() const = 0;
                  ^
/home/yangheechan/FL-dataset-generation-opencv_features2d_TF_bot30/work/opencv_features2d_TF_bot30/working_env/faster26.swtv/core2/opencv_features2d_TF_bot30/build/3rdparty/ippicv/ippicv_lnx/iw/include/iw++/iw_image.hpp:1398:17: warning: 'GetSrcRoi' overrides a member function but is not marked 'override' [-Wsuggest-override]
    virtual int GetSrcRoi(ipp::IwiRoi, ipp::IwiRoi&) const
                ^
/home/yangheechan/FL-dataset-generation-opencv_features2d_TF_bot30/work/opencv_features2d_TF_bot30/working_env/faster26.swtv/core2/opencv_features2d_TF_bot30/build/3rdparty/ippicv/ippicv_lnx/iw/include/iw++/iw_image.hpp:1356:17: note: overridden virtual function is here
    virtual int GetSrcRoi(ipp::IwiRoi, ipp::IwiRoi&) const = 0;
                ^
warning: unknown warning option '-Wimplicit-fallthrough=3'; did you mean '-Wimplicit-fallthrough'? [-Wunknown-warning-option]
In file included from /home/yangheechan/FL-dataset-generation-opencv_features2d_TF_bot30/work/opencv_features2d_TF_bot30/working_env/faster26.swtv/core2/opencv_features2d_TF_bot30/modules/features2d/src/gftt.cpp:42:
In file included from /home/yangheechan/FL-dataset-generation-opencv_features2d_TF_bot30/work/opencv_features2d_TF_bot30/working_env/faster26.swtv/core2/opencv_features2d_TF_bot30/modules/features2d/src/precomp.hpp:50:
In file included from /home/yangheechan/FL-dataset-generation-opencv_features2d_TF_bot30/work/opencv_features2d_TF_bot30/working_env/faster26.swtv/core2/opencv_features2d_TF_bot30/modules/core/include/opencv2/core/private.hpp:246:
In file included from /home/yangheechan/FL-dataset-generation-opencv_features2d_TF_bot30/work/opencv_features2d_TF_bot30/working_env/faster26.swtv/core2/opencv_features2d_TF_bot30/build/3rdparty/ippicv/ippicv_lnx/iw/include/iw++/iw.hpp:17:
In file included from /home/yangheechan/FL-dataset-generation-opencv_features2d_TF_bot30/work/opencv_features2d_TF_bot30/working_env/faster26.swtv/core2/opencv_features2d_TF_bot30/build/3rdparty/ippicv/ippicv_lnx/iw/include/iw++/iw_image_color.hpp:17:
/home/yangheechan/FL-dataset-generation-opencv_features2d_TF_bot30/work/opencv_features2d_TF_bot30/working_env/faster26.swtv/core2/opencv_features2d_TF_bot30/build/3rdparty/ippicv/ippicv_lnx/iw/include/iw++/iw_image.hpp:1389:13: warning: 'operator const _IwiTileTransform *' overrides a member function but is not marked 'override' [-Wsuggest-override]
    virtual operator const ::IwiTileTransform*() const { return NULL; }
            ^
/home/yangheechan/FL-dataset-generation-opencv_features2d_TF_bot30/work/opencv_features2d_TF_bot30/working_env/faster26.swtv/core2/opencv_features2d_TF_bot30/build/3rdparty/ippicv/ippicv_lnx/iw/include/iw++/iw_image.hpp:1362:13: note: overridden virtual function is here
    virtual operator const ::IwiTileTransform*() const { return &transformStruct; }
            ^
/home/yangheechan/FL-dataset-generation-opencv_features2d_TF_bot30/work/opencv_features2d_TF_bot30/working_env/faster26.swtv/core2/opencv_features2d_TF_bot30/build/3rdparty/ippicv/ippicv_lnx/iw/include/iw++/iw_image.hpp:1391:19: warning: 'Clone' overrides a member function but is not marked 'override' [-Wsuggest-override]
    virtual void* Clone() const
                  ^
/home/yangheechan/FL-dataset-generation-opencv_features2d_TF_bot30/work/opencv_features2d_TF_bot30/working_env/faster26.swtv/core2/opencv_features2d_TF_bot30/build/3rdparty/ippicv/ippicv_lnx/iw/include/iw++/iw_image.hpp:1359:19: note: overridden virtual function is here
    virtual void* Clone() const = 0;
                  ^
/home/yangheechan/FL-dataset-generation-opencv_features2d_TF_bot30/work/opencv_features2d_TF_bot30/working_env/faster26.swtv/core2/opencv_features2d_TF_bot30/build/3rdparty/ippicv/ippicv_lnx/iw/include/iw++/iw_image.hpp:1398:17: warning: 'GetSrcRoi' overrides a member function but is not marked 'override' [-Wsuggest-override]
    virtual int GetSrcRoi(ipp::IwiRoi, ipp::IwiRoi&) const
                ^
/home/yangheechan/FL-dataset-generation-opencv_features2d_TF_bot30/work/opencv_features2d_TF_bot30/working_env/faster26.swtv/core2/opencv_features2d_TF_bot30/build/3rdparty/ippicv/ippicv_lnx/iw/include/iw++/iw_image.hpp:1356:17: note: overridden virtual function is here
    virtual int GetSrcRoi(ipp::IwiRoi, ipp::IwiRoi&) const = 0;
                ^
4 warnings generated.
4 warnings generated.
