
+++++ results for akaze.MUT228.cpp +++++
+++++ STDOUT +++++
done with option i: 72 78 79 65 73 136 137 139 142 167 
done with option o: /home/yangheechan/FL-dataset-generation-opencv_features2d_TF_bot30/out/opencv_features2d_TF_bot30/generated_mutants-mbfl-trial1/akaze.MUT228.cpp/opencv_features2d_TF_bot30-opencv_features2d_TF_bot30--modules--features2d--src--kaze.cpp/
done with option l: 5
added ARGARINEG
added ARGBITNEG
added ARGDEL
added ARGINCDEC
added ARGLOGNEG
added ARGREPREQ
added ARGSTCALI
added ARGSTCDIF
added CGCR
added CGSR
added CLCR
added CLSR
added CRCR
added DIRVARARINEG
added DIRVARBITNEG
added DIRVARINCDEC
added DIRVARLOGNEG
added DIRVARREPCON
added DIRVARREPEXT
added DIRVARREPGLO
added DIRVARREPLOC
added DIRVARREPPAR
added DIRVARREPREQ
added FUNCALDEL
added INDVARARINEG
added INDVARBITNEG
added INDVARINCDEC
added INDVARLOGNEG
added INDVARREPCON
added INDVARREPEXT
added INDVARREPGLO
added INDVARREPLOC
added INDVARREPPAR
added INDVARREPREQ
added OAAA
added OAAN
added OABA
added OABN
added OAEA
added OALN
added OARN
added OASA
added OASN
added OBAA
added OBAN
added OBBA
added OBBN
added OBEA
added OBLN
added OBNG
added OBRN
added OBSA
added OBSN
added OCOR
added OEAA
added OEBA
added OESA
added OIPM
added OLAN
added OLBN
added OLLN
added OLNG
added OLRN
added OLSN
added OMMO
added OPPO
added ORAN
added ORBN
added ORLN
added ORRN
added ORSN
added OSAA
added OSAN
added OSBA
added OSBN
added OSEA
added OSLN
added OSRN
added OSSA
added OSSN
added SSOM
added VASM
added VDTR
added VGAR
added VGPR
added VGSR
added VGTR
added VLAR
added VLPR
added VLSR
added VLTR
added VSCR
added VTWD
done with option m
disabling DirVarAriNeg,DirVarBitNeg,DirVarLogNeg,DirVarIncDec,DirVarRepReq,DirVarRepCon,DirVarRepPar,DirVarRepGlo,DirVarRepExt,DirVarRepLoc,IndVarAriNeg,IndVarBitNeg,IndVarLogNeg,IndVarIncDec,IndVarRepReq,IndVarRepCon,IndVarRepPar,IndVarRepGlo,IndVarRepExt,IndVarRepLoc,STRI
g_inputfile_name = kaze.cpp
g_mutdbfile_name = /home/yangheechan/FL-dataset-generation-opencv_features2d_TF_bot30/out/opencv_features2d_TF_bot30/generated_mutants-mbfl-trial1/akaze.MUT228.cpp/opencv_features2d_TF_bot30-opencv_features2d_TF_bot30--modules--features2d--src--kaze.cpp/kaze_mut_db.csv
executing action from GatherDataAction
Done GatherDataAction
0
kaze.cpp
(1 : 1)
(214 : 1)
executing action from GenerateMutantAction
done execute action
opened file name /home/yangheechan/FL-dataset-generation-opencv_features2d_TF_bot30/out/opencv_features2d_TF_bot30/generated_mutants-mbfl-trial1/akaze.MUT228.cpp/opencv_features2d_TF_bot30-opencv_features2d_TF_bot30--modules--features2d--src--kaze.cpp/kaze_mut_db.csv
ArgAriNeg 0
ArgBitNeg 0
ArgDel 0
ArgIncDec 0
ArgLogNeg 1
ArgRepReq 2
ArgStcAli 0
ArgStcDif 1
CGCR 0
CGSR 0
CLCR 0
CLSR 2
CRCR 18
CovAllEdg 1
CovAllNod 4
DirVarAriNeg 0
DirVarBitNeg 0
DirVarIncDec 0
DirVarLogNeg 0
DirVarRepCon 0
DirVarRepExt 0
DirVarRepGlo 0
DirVarRepLoc 0
DirVarRepPar 0
DirVarRepReq 0
FunCalDel 0
IndVarAriNeg 0
IndVarBitNeg 0
IndVarIncDec 0
IndVarLogNeg 0
IndVarRepCon 0
IndVarRepExt 0
IndVarRepGlo 0
IndVarRepLoc 0
IndVarRepPar 0
IndVarRepReq 0
OAAA 0
OAAN 0
OABA 0
OABN 0
OAEA 0
OALN 0
OARN 0
OASA 0
OASN 0
OBAA 0
OBAN 0
OBBA 0
OBBN 0
OBEA 0
OBLN 0
OBNG 0
OBRN 0
OBSA 0
OBSN 0
OCNG 0
OCOR 2
OEAA 5
OEBA 3
OESA 2
OIPM 0
OLAN 0
OLBN 0
OLLN 0
OLNG 0
OLRN 0
OLSN 0
OMMO 0
OPPO 0
ORAN 0
ORBN 0
ORLN 0
ORRN 0
ORSN 0
OSAA 0
OSAN 0
OSBA 0
OSBN 0
OSEA 0
OSLN 0
OSRN 0
OSSA 0
OSSN 0
RetStaDel 2
SBRC 0
SBRN 0
SCRB 0
SCRN 0
SDWD 0
SGLR 0
SMTC 0
SMTT 0
SMVB 0
SRSR 0
SSDL 2
SSOM 0
SSWM 0
STRI 0
STRP 3
SWDD 0
VASM 0
VDTR 15
VGAR 0
VGPR 0
VGSR 0
VGTR 0
VLAR 0
VLPR 0
VLSR 3
VLTR 0
VSCR 14
VTWD 10
Done tooling on /home/yangheechan/FL-dataset-generation-opencv_features2d_TF_bot30/work/opencv_features2d_TF_bot30/working_env/faster7.swtv/core3/opencv_features2d_TF_bot30/modules/features2d/src/kaze.cpp
done with option i: 128 80 161 167 172 174 179 180 181 189 191 193 197 199 202 207 209 214 216 219 141 59 63 65 70 82 89 91 106 118 120 122 125 134 137 139 145 74 87 114 132 144 50 78 84 
done with option o: /home/yangheechan/FL-dataset-generation-opencv_features2d_TF_bot30/out/opencv_features2d_TF_bot30/generated_mutants-mbfl-trial1/akaze.MUT228.cpp/opencv_features2d_TF_bot30-opencv_features2d_TF_bot30--modules--features2d--src--feature2d.cpp/
done with option l: 5
added ARGARINEG
added ARGBITNEG
added ARGDEL
added ARGINCDEC
added ARGLOGNEG
added ARGREPREQ
added ARGSTCALI
added ARGSTCDIF
added CGCR
added CGSR
added CLCR
added CLSR
added CRCR
added DIRVARARINEG
added DIRVARBITNEG
added DIRVARINCDEC
added DIRVARLOGNEG
added DIRVARREPCON
added DIRVARREPEXT
added DIRVARREPGLO
added DIRVARREPLOC
added DIRVARREPPAR
added DIRVARREPREQ
added FUNCALDEL
added INDVARARINEG
added INDVARBITNEG
added INDVARINCDEC
added INDVARLOGNEG
added INDVARREPCON
added INDVARREPEXT
added INDVARREPGLO
added INDVARREPLOC
added INDVARREPPAR
added INDVARREPREQ
added OAAA
added OAAN
added OABA
added OABN
added OAEA
added OALN
added OARN
added OASA
added OASN
added OBAA
added OBAN
added OBBA
added OBBN
added OBEA
added OBLN
added OBNG
added OBRN
added OBSA
added OBSN
added OCOR
added OEAA
added OEBA
added OESA
added OIPM
added OLAN
added OLBN
added OLLN
added OLNG
added OLRN
added OLSN
added OMMO
added OPPO
added ORAN
added ORBN
added ORLN
added ORRN
added ORSN
added OSAA
added OSAN
added OSBA
added OSBN
added OSEA
added OSLN
added OSRN
added OSSA
added OSSN
added SSOM
added VASM
added VDTR
added VGAR
added VGPR
added VGSR
added VGTR
added VLAR
added VLPR
added VLSR
added VLTR
added VSCR
added VTWD
done with option m
disabling DirVarAriNeg,DirVarBitNeg,DirVarLogNeg,DirVarIncDec,DirVarRepReq,DirVarRepCon,DirVarRepPar,DirVarRepGlo,DirVarRepExt,DirVarRepLoc,IndVarAriNeg,IndVarBitNeg,IndVarLogNeg,IndVarIncDec,IndVarRepReq,IndVarRepCon,IndVarRepPar,IndVarRepGlo,IndVarRepExt,IndVarRepLoc,STRI
g_inputfile_name = feature2d.cpp
g_mutdbfile_name = /home/yangheechan/FL-dataset-generation-opencv_features2d_TF_bot30/out/opencv_features2d_TF_bot30/generated_mutants-mbfl-trial1/akaze.MUT228.cpp/opencv_features2d_TF_bot30-opencv_features2d_TF_bot30--modules--features2d--src--feature2d.cpp/feature2d_mut_db.csv
executing action from GatherDataAction
Done GatherDataAction
0
feature2d.cpp
(1 : 1)
(225 : 1)
executing action from GenerateMutantAction
done execute action
opened file name /home/yangheechan/FL-dataset-generation-opencv_features2d_TF_bot30/out/opencv_features2d_TF_bot30/generated_mutants-mbfl-trial1/akaze.MUT228.cpp/opencv_features2d_TF_bot30-opencv_features2d_TF_bot30--modules--features2d--src--feature2d.cpp/feature2d_mut_db.csv
ArgAriNeg 2
ArgBitNeg 2
ArgDel 10
ArgIncDec 1
ArgLogNeg 1
ArgRepReq 12
ArgStcAli 0
ArgStcDif 4
CGCR 0
CGSR 0
CLCR 0
CLSR 1
CRCR 4
CovAllEdg 11
CovAllNod 13
DirVarAriNeg 0
DirVarBitNeg 0
DirVarIncDec 0
DirVarLogNeg 0
DirVarRepCon 0
DirVarRepExt 0
DirVarRepGlo 0
DirVarRepLoc 0
DirVarRepPar 0
DirVarRepReq 0
FunCalDel 42
IndVarAriNeg 0
IndVarBitNeg 0
IndVarIncDec 0
IndVarLogNeg 0
IndVarRepCon 0
IndVarRepExt 0
IndVarRepGlo 0
IndVarRepLoc 0
IndVarRepPar 0
IndVarRepReq 0
OAAA 0
OAAN 0
OABA 0
OABN 0
OAEA 0
OALN 0
OARN 0
OASA 0
OASN 0
OBAA 0
OBAN 0
OBBA 0
OBBN 0
OBEA 0
OBLN 0
OBNG 0
OBRN 0
OBSA 0
OBSN 0
OCNG 6
OCOR 8
OEAA 0
OEBA 0
OESA 0
OIPM 0
OLAN 0
OLBN 0
OLLN 0
OLNG 0
OLRN 0
OLSN 0
OMMO 0
OPPO 1
ORAN 3
ORBN 0
ORLN 2
ORRN 1
ORSN 1
OSAA 0
OSAN 0
OSBA 0
OSBN 0
OSEA 0
OSLN 0
OSRN 0
OSSA 0
OSSN 0
RetStaDel 2
SBRC 0
SBRN 0
SCRB 0
SCRN 0
SDWD 0
SGLR 0
SMTC 0
SMTT 0
SMVB 0
SRSR 7
SSDL 10
SSOM 0
SSWM 0
STRI 0
STRP 11
SWDD 0
VASM 0
VDTR 6
VGAR 0
VGPR 0
VGSR 0
VGTR 0
VLAR 0
VLPR 0
VLSR 2
VLTR 0
VSCR 0
VTWD 3
Done tooling on /home/yangheechan/FL-dataset-generation-opencv_features2d_TF_bot30/work/opencv_features2d_TF_bot30/working_env/faster7.swtv/core3/opencv_features2d_TF_bot30/modules/features2d/src/feature2d.cpp
done with option i: 189 264 271 204 206 208 209 210 211 219 221 222 223 228 230 231 232 233 236 239 241 244 245 249 253 256 257 265 266 273 275 277 281 282 284 285 288 55 64 198 199 200 203 262 263 227 153 
done with option o: /home/yangheechan/FL-dataset-generation-opencv_features2d_TF_bot30/out/opencv_features2d_TF_bot30/generated_mutants-mbfl-trial1/akaze.MUT228.cpp/opencv_features2d_TF_bot30-opencv_features2d_TF_bot30--modules--features2d--src--keypoint.cpp/
done with option l: 5
added ARGARINEG
added ARGBITNEG
added ARGDEL
added ARGINCDEC
added ARGLOGNEG
added ARGREPREQ
added ARGSTCALI
added ARGSTCDIF
added CGCR
added CGSR
added CLCR
added CLSR
added CRCR
added DIRVARARINEG
added DIRVARBITNEG
added DIRVARINCDEC
added DIRVARLOGNEG
added DIRVARREPCON
added DIRVARREPEXT
added DIRVARREPGLO
added DIRVARREPLOC
added DIRVARREPPAR
added DIRVARREPREQ
added FUNCALDEL
added INDVARARINEG
added INDVARBITNEG
added INDVARINCDEC
added INDVARLOGNEG
added INDVARREPCON
added INDVARREPEXT
added INDVARREPGLO
added INDVARREPLOC
added INDVARREPPAR
added INDVARREPREQ
added OAAA
added OAAN
added OABA
added OABN
added OAEA
added OALN
added OARN
added OASA
added OASN
added OBAA
added OBAN
added OBBA
added OBBN
added OBEA
added OBLN
added OBNG
added OBRN
added OBSA
added OBSN
added OCOR
added OEAA
added OEBA
added OESA
added OIPM
added OLAN
added OLBN
added OLLN
added OLNG
added OLRN
added OLSN
added OMMO
added OPPO
added ORAN
added ORBN
added ORLN
added ORRN
added ORSN
added OSAA
added OSAN
added OSBA
added OSBN
added OSEA
added OSLN
added OSRN
added OSSA
added OSSN
added SSOM
added VASM
added VDTR
added VGAR
added VGPR
added VGSR
added VGTR
added VLAR
added VLPR
added VLSR
added VLTR
added VSCR
added VTWD
done with option m
disabling DirVarAriNeg,DirVarBitNeg,DirVarLogNeg,DirVarIncDec,DirVarRepReq,DirVarRepCon,DirVarRepPar,DirVarRepGlo,DirVarRepExt,DirVarRepLoc,IndVarAriNeg,IndVarBitNeg,IndVarLogNeg,IndVarIncDec,IndVarRepReq,IndVarRepCon,IndVarRepPar,IndVarRepGlo,IndVarRepExt,IndVarRepLoc,STRI
g_inputfile_name = keypoint.cpp
g_mutdbfile_name = /home/yangheechan/FL-dataset-generation-opencv_features2d_TF_bot30/out/opencv_features2d_TF_bot30/generated_mutants-mbfl-trial1/akaze.MUT228.cpp/opencv_features2d_TF_bot30-opencv_features2d_TF_bot30--modules--features2d--src--keypoint.cpp/keypoint_mut_db.csv
executing action from GatherDataAction
found a template type: T
Done GatherDataAction
0
keypoint.cpp
(1 : 1)
(292 : 1)
executing action from GenerateMutantAction
done execute action
opened file name /home/yangheechan/FL-dataset-generation-opencv_features2d_TF_bot30/out/opencv_features2d_TF_bot30/generated_mutants-mbfl-trial1/akaze.MUT228.cpp/opencv_features2d_TF_bot30-opencv_features2d_TF_bot30--modules--features2d--src--keypoint.cpp/keypoint_mut_db.csv
ArgAriNeg 3
ArgBitNeg 5
ArgDel 9
ArgIncDec 7
ArgLogNeg 3
ArgRepReq 23
ArgStcAli 0
ArgStcDif 6
CGCR 0
CGSR 0
CLCR 3
CLSR 13
CRCR 41
CovAllEdg 4
CovAllNod 11
DirVarAriNeg 0
DirVarBitNeg 0
DirVarIncDec 0
DirVarLogNeg 0
DirVarRepCon 0
DirVarRepExt 0
DirVarRepGlo 0
DirVarRepLoc 0
DirVarRepPar 0
DirVarRepReq 0
FunCalDel 14
IndVarAriNeg 0
IndVarBitNeg 0
IndVarIncDec 0
IndVarLogNeg 0
IndVarRepCon 0
IndVarRepExt 0
IndVarRepGlo 0
IndVarRepLoc 0
IndVarRepPar 0
IndVarRepReq 0
OAAA 0
OAAN 0
OABA 0
OABN 1
OAEA 0
OALN 0
OARN 2
OASA 0
OASN 0
OBAA 0
OBAN 0
OBBA 0
OBBN 0
OBEA 0
OBLN 0
OBNG 0
OBRN 0
OBSA 0
OBSN 0
OCNG 2
OCOR 13
OEAA 3
OEBA 4
OESA 3
OIPM 0
OLAN 1
OLBN 2
OLLN 2
OLNG 2
OLRN 1
OLSN 0
OMMO 0
OPPO 3
ORAN 26
ORBN 4
ORLN 16
ORRN 30
ORSN 0
OSAA 0
OSAN 0
OSBA 0
OSBN 0
OSEA 0
OSLN 0
OSRN 0
OSSA 0
OSSN 0
RetStaDel 5
SBRC 0
SBRN 0
SCRB 0
SCRN 0
SDWD 0
SGLR 0
SMTC 0
SMTT 0
SMVB 0
SRSR 8
SSDL 8
SSOM 0
SSWM 0
STRI 0
STRP 10
SWDD 0
VASM 0
VDTR 47
VGAR 0
VGPR 0
VGSR 0
VGTR 0
VLAR 0
VLPR 0
VLSR 29
VLTR 0
VSCR 21
VTWD 32
Done tooling on /home/yangheechan/FL-dataset-generation-opencv_features2d_TF_bot30/work/opencv_features2d_TF_bot30/working_env/faster7.swtv/core3/opencv_features2d_TF_bot30/modules/features2d/src/keypoint.cpp
done with option i: 82 102 96 160 90 91 117 66 79 108 106 93 228 236 237 76 67 68 70 72 144 174 180 183 185 190 194 197 202 215 65 69 71 134 169 176 179 181 182 189 192 208 210 212 262 268 114 119 120 136 142 213 81 84 85 87 88 94 162 164 165 199 203 99 103 125 129 146 147 154 204 240 243 247 273 186 187 
done with option o: /home/yangheechan/FL-dataset-generation-opencv_features2d_TF_bot30/out/opencv_features2d_TF_bot30/generated_mutants-mbfl-trial1/akaze.MUT228.cpp/opencv_features2d_TF_bot30-opencv_features2d_TF_bot30--modules--features2d--src--akaze.cpp/
done with option l: 5
added ARGARINEG
added ARGBITNEG
added ARGDEL
added ARGINCDEC
added ARGLOGNEG
added ARGREPREQ
added ARGSTCALI
added ARGSTCDIF
added CGCR
added CGSR
added CLCR
added CLSR
added CRCR
added DIRVARARINEG
added DIRVARBITNEG
added DIRVARINCDEC
added DIRVARLOGNEG
added DIRVARREPCON
added DIRVARREPEXT
added DIRVARREPGLO
added DIRVARREPLOC
added DIRVARREPPAR
added DIRVARREPREQ
added FUNCALDEL
added INDVARARINEG
added INDVARBITNEG
added INDVARINCDEC
added INDVARLOGNEG
added INDVARREPCON
added INDVARREPEXT
added INDVARREPGLO
added INDVARREPLOC
added INDVARREPPAR
added INDVARREPREQ
added OAAA
added OAAN
added OABA
added OABN
added OAEA
added OALN
added OARN
added OASA
added OASN
added OBAA
added OBAN
added OBBA
added OBBN
added OBEA
added OBLN
added OBNG
added OBRN
added OBSA
added OBSN
added OCOR
added OEAA
added OEBA
added OESA
added OIPM
added OLAN
added OLBN
added OLLN
added OLNG
added OLRN
added OLSN
added OMMO
added OPPO
added ORAN
added ORBN
added ORLN
added ORRN
added ORSN
added OSAA
added OSAN
added OSBA
added OSBN
added OSEA
added OSLN
added OSRN
added OSSA
added OSSN
added SSOM
added VASM
added VDTR
added VGAR
added VGPR
added VGSR
added VGTR
added VLAR
added VLPR
added VLSR
added VLTR
added VSCR
added VTWD
done with option m
disabling DirVarAriNeg,DirVarBitNeg,DirVarLogNeg,DirVarIncDec,DirVarRepReq,DirVarRepCon,DirVarRepPar,DirVarRepGlo,DirVarRepExt,DirVarRepLoc,IndVarAriNeg,IndVarBitNeg,IndVarLogNeg,IndVarIncDec,IndVarRepReq,IndVarRepCon,IndVarRepPar,IndVarRepGlo,IndVarRepExt,IndVarRepLoc,STRI
g_inputfile_name = akaze.cpp
g_mutdbfile_name = /home/yangheechan/FL-dataset-generation-opencv_features2d_TF_bot30/out/opencv_features2d_TF_bot30/generated_mutants-mbfl-trial1/akaze.MUT228.cpp/opencv_features2d_TF_bot30-opencv_features2d_TF_bot30--modules--features2d--src--akaze.cpp/akaze_mut_db.csv
executing action from GatherDataAction
Done GatherDataAction
0
akaze.cpp
(1 : 1)
(277 : 1)
executing action from GenerateMutantAction
done execute action
opened file name /home/yangheechan/FL-dataset-generation-opencv_features2d_TF_bot30/out/opencv_features2d_TF_bot30/generated_mutants-mbfl-trial1/akaze.MUT228.cpp/opencv_features2d_TF_bot30-opencv_features2d_TF_bot30--modules--features2d--src--akaze.cpp/akaze_mut_db.csv
ArgAriNeg 2
ArgBitNeg 1
ArgDel 12
ArgIncDec 5
ArgLogNeg 8
ArgRepReq 37
ArgStcAli 0
ArgStcDif 8
CGCR 0
CGSR 0
CLCR 11
CLSR 1
CRCR 67
CovAllEdg 13
CovAllNod 27
DirVarAriNeg 0
DirVarBitNeg 0
DirVarIncDec 0
DirVarLogNeg 0
DirVarRepCon 0
DirVarRepExt 0
DirVarRepGlo 0
DirVarRepLoc 0
DirVarRepPar 0
DirVarRepReq 0
FunCalDel 27
IndVarAriNeg 0
IndVarBitNeg 0
IndVarIncDec 0
IndVarLogNeg 0
IndVarRepCon 0
IndVarRepExt 0
IndVarRepGlo 0
IndVarRepLoc 0
IndVarRepPar 0
IndVarRepReq 0
OAAA 0
OAAN 0
OABA 0
OABN 2
OAEA 0
OALN 0
OARN 0
OASA 0
OASN 2
OBAA 0
OBAN 0
OBBA 0
OBBN 0
OBEA 0
OBLN 0
OBNG 0
OBRN 0
OBSA 0
OBSN 0
OCNG 3
OCOR 3
OEAA 23
OEBA 16
OESA 10
OIPM 0
OLAN 2
OLBN 1
OLLN 0
OLNG 0
OLRN 1
OLSN 0
OMMO 0
OPPO 0
ORAN 3
ORBN 0
ORLN 1
ORRN 2
ORSN 0
OSAA 0
OSAN 0
OSBA 0
OSBN 0
OSEA 0
OSLN 0
OSRN 0
OSSA 0
OSSN 0
RetStaDel 11
SBRC 0
SBRN 0
SCRB 0
SCRN 0
SDWD 0
SGLR 0
SMTC 0
SMTT 0
SMVB 0
SRSR 26
SSDL 29
SSOM 0
SSWM 0
STRI 0
STRP 28
SWDD 0
VASM 0
VDTR 53
VGAR 0
VGPR 0
VGSR 0
VGTR 0
VLAR 0
VLPR 0
VLSR 36
VLTR 0
VSCR 78
VTWD 42
Done tooling on /home/yangheechan/FL-dataset-generation-opencv_features2d_TF_bot30/work/opencv_features2d_TF_bot30/working_env/faster7.swtv/core3/opencv_features2d_TF_bot30/modules/features2d/src/akaze.cpp
done with option i: 462 460 482 487 585 586 587 589 593 596 597 635 714 718 721 723 861 969 970 974 977 978 553 556 560 565 632 633 701 704 853 854 929 1009 1013 1036 1038 1040 1042 1044 1047 692 863 869 878 472 475 480 489 492 494 495 498 500 505 507 509 518 519 521 522 523 527 530 532 535 537 538 543 546 547 548 549 562 569 573 576 577 598 600 606 608 609 611 613 617 618 634 636 638 645 647 650 652 655 657 663 666 669 672 674 676 677 680 681 683 684 688 689 690 705 710 713 726 730 757 761 766 775 777 779 780 782 836 837 839 841 843 844 848 856 858 860 862 866 868 870 871 873 882 884 886 887 893 908 911 912 914 917 923 930 962 963 965 968 979 981 983 984 986 988 990 995 414 420 421 423 425 430 434 435 438 440 453 455 457 459 411 465 467 1015 1022 1032 880 890 921 1034 1010 1012 1045 1059 1065 1006 1007 1049 1051 1054 1056 1088 1092 
done with option o: /home/yangheechan/FL-dataset-generation-opencv_features2d_TF_bot30/out/opencv_features2d_TF_bot30/generated_mutants-mbfl-trial1/akaze.MUT228.cpp/opencv_features2d_TF_bot30-opencv_features2d_TF_bot30--modules--features2d--src--matchers.cpp/
done with option l: 5
added ARGARINEG
added ARGBITNEG
added ARGDEL
added ARGINCDEC
added ARGLOGNEG
added ARGREPREQ
added ARGSTCALI
added ARGSTCDIF
added CGCR
added CGSR
added CLCR
added CLSR
added CRCR
added DIRVARARINEG
added DIRVARBITNEG
added DIRVARINCDEC
added DIRVARLOGNEG
added DIRVARREPCON
added DIRVARREPEXT
added DIRVARREPGLO
added DIRVARREPLOC
added DIRVARREPPAR
added DIRVARREPREQ
added FUNCALDEL
added INDVARARINEG
added INDVARBITNEG
added INDVARINCDEC
added INDVARLOGNEG
added INDVARREPCON
added INDVARREPEXT
added INDVARREPGLO
added INDVARREPLOC
added INDVARREPPAR
added INDVARREPREQ
added OAAA
added OAAN
added OABA
added OABN
added OAEA
added OALN
added OARN
added OASA
added OASN
added OBAA
added OBAN
added OBBA
added OBBN
added OBEA
added OBLN
added OBNG
added OBRN
added OBSA
added OBSN
added OCOR
added OEAA
added OEBA
added OESA
added OIPM
added OLAN
added OLBN
added OLLN
added OLNG
added OLRN
added OLSN
added OMMO
added OPPO
added ORAN
added ORBN
added ORLN
added ORRN
added ORSN
added OSAA
added OSAN
added OSBA
added OSBN
added OSEA
added OSLN
added OSRN
added OSSA
added OSSN
added SSOM
added VASM
added VDTR
added VGAR
added VGPR
added VGSR
added VGTR
added VLAR
added VLPR
added VLSR
added VLTR
added VSCR
added VTWD
done with option m
disabling DirVarAriNeg,DirVarBitNeg,DirVarLogNeg,DirVarIncDec,DirVarRepReq,DirVarRepCon,DirVarRepPar,DirVarRepGlo,DirVarRepExt,DirVarRepLoc,IndVarAriNeg,IndVarBitNeg,IndVarLogNeg,IndVarIncDec,IndVarRepReq,IndVarRepCon,IndVarRepPar,IndVarRepGlo,IndVarRepExt,IndVarRepLoc,STRI
g_inputfile_name = matchers.cpp
g_mutdbfile_name = /home/yangheechan/FL-dataset-generation-opencv_features2d_TF_bot30/out/opencv_features2d_TF_bot30/generated_mutants-mbfl-trial1/akaze.MUT228.cpp/opencv_features2d_TF_bot30-opencv_features2d_TF_bot30--modules--features2d--src--matchers.cpp/matchers_mut_db.csv
executing action from GatherDataAction
Done GatherDataAction
0
matchers.cpp
(1 : 1)
(1467 : 1)
executing action from GenerateMutantAction
done execute action
opened file name /home/yangheechan/FL-dataset-generation-opencv_features2d_TF_bot30/out/opencv_features2d_TF_bot30/generated_mutants-mbfl-trial1/akaze.MUT228.cpp/opencv_features2d_TF_bot30-opencv_features2d_TF_bot30--modules--features2d--src--matchers.cpp/matchers_mut_db.csv
ArgAriNeg 26
ArgBitNeg 17
ArgDel 37
ArgIncDec 38
ArgLogNeg 23
ArgRepReq 178
ArgStcAli 7
ArgStcDif 25
CGCR 0
CGSR 0
CLCR 4
CLSR 23
CRCR 70
CovAllEdg 34
CovAllNod 46
DirVarAriNeg 0
DirVarBitNeg 0
DirVarIncDec 0
DirVarLogNeg 0
DirVarRepCon 0
DirVarRepExt 0
DirVarRepGlo 0
DirVarRepLoc 0
DirVarRepPar 0
DirVarRepReq 0
FunCalDel 91
IndVarAriNeg 0
IndVarBitNeg 0
IndVarIncDec 0
IndVarLogNeg 0
IndVarRepCon 0
IndVarRepExt 0
IndVarRepGlo 0
IndVarRepLoc 0
IndVarRepPar 0
IndVarRepReq 0
OAAA 1
OAAN 3
OABA 2
OABN 2
OAEA 0
OALN 2
OARN 0
OASA 1
OASN 4
OBAA 0
OBAN 1
OBBA 0
OBBN 0
OBEA 0
OBLN 1
OBNG 1
OBRN 0
OBSA 0
OBSN 0
OCNG 13
OCOR 10
OEAA 6
OEBA 4
OESA 3
OIPM 0
OLAN 28
OLBN 20
OLLN 3
OLNG 21
OLRN 25
OLSN 10
OMMO 0
OPPO 5
ORAN 27
ORBN 14
ORLN 6
ORRN 19
ORSN 10
OSAA 0
OSAN 2
OSBA 0
OSBN 0
OSEA 0
OSLN 0
OSRN 3
OSSA 0
OSSN 0
RetStaDel 9
SBRC 0
SBRN 0
SCRB 2
SCRN 0
SDWD 0
SGLR 0
SMTC 0
SMTT 0
SMVB 0
SRSR 23
SSDL 52
SSOM 0
SSWM 0
STRI 0
STRP 49
SWDD 0
VASM 0
VDTR 51
VGAR 0
VGPR 0
VGSR 0
VGTR 0
VLAR 0
VLPR 0
VLSR 47
VLTR 0
VSCR 11
VTWD 44
Done tooling on /home/yangheechan/FL-dataset-generation-opencv_features2d_TF_bot30/work/opencv_features2d_TF_bot30/working_env/faster7.swtv/core3/opencv_features2d_TF_bot30/modules/features2d/src/matchers.cpp
done with option i: 47 61 97 98 100 69 72 78 80 86 149 169 172 62 89 91 92 94 95 101 104 107 109 127 131 135 138 75 106 63 64 65 66 67 68 70 71 73 74 
done with option o: /home/yangheechan/FL-dataset-generation-opencv_features2d_TF_bot30/out/opencv_features2d_TF_bot30/generated_mutants-mbfl-trial1/akaze.MUT228.cpp/opencv_features2d_TF_bot30-opencv_features2d_TF_bot30--modules--features2d--src--gftt.cpp/
done with option l: 5
added ARGARINEG
added ARGBITNEG
added ARGDEL
added ARGINCDEC
added ARGLOGNEG
added ARGREPREQ
added ARGSTCALI
added ARGSTCDIF
added CGCR
added CGSR
added CLCR
added CLSR
added CRCR
added DIRVARARINEG
added DIRVARBITNEG
added DIRVARINCDEC
added DIRVARLOGNEG
added DIRVARREPCON
added DIRVARREPEXT
added DIRVARREPGLO
added DIRVARREPLOC
added DIRVARREPPAR
added DIRVARREPREQ
added FUNCALDEL
added INDVARARINEG
added INDVARBITNEG
added INDVARINCDEC
added INDVARLOGNEG
added INDVARREPCON
added INDVARREPEXT
added INDVARREPGLO
added INDVARREPLOC
added INDVARREPPAR
added INDVARREPREQ
added OAAA
added OAAN
added OABA
added OABN
added OAEA
added OALN
added OARN
added OASA
added OASN
added OBAA
added OBAN
added OBBA
added OBBN
added OBEA
added OBLN
added OBNG
added OBRN
added OBSA
added OBSN
added OCOR
added OEAA
added OEBA
added OESA
added OIPM
added OLAN
added OLBN
added OLLN
added OLNG
added OLRN
added OLSN
added OMMO
added OPPO
added ORAN
added ORBN
added ORLN
added ORRN
added ORSN
added OSAA
added OSAN
added OSBA
added OSBN
added OSEA
added OSLN
added OSRN
added OSSA
added OSSN
added SSOM
added VASM
added VDTR
added VGAR
added VGPR
added VGSR
added VGTR
added VLAR
added VLPR
added VLSR
added VLTR
added VSCR
added VTWD
done with option m
disabling DirVarAriNeg,DirVarBitNeg,DirVarLogNeg,DirVarIncDec,DirVarRepReq,DirVarRepCon,DirVarRepPar,DirVarRepGlo,DirVarRepExt,DirVarRepLoc,IndVarAriNeg,IndVarBitNeg,IndVarLogNeg,IndVarIncDec,IndVarRepReq,IndVarRepCon,IndVarRepPar,IndVarRepGlo,IndVarRepExt,IndVarRepLoc,STRI
g_inputfile_name = gftt.cpp
g_mutdbfile_name = /home/yangheechan/FL-dataset-generation-opencv_features2d_TF_bot30/out/opencv_features2d_TF_bot30/generated_mutants-mbfl-trial1/akaze.MUT228.cpp/opencv_features2d_TF_bot30-opencv_features2d_TF_bot30--modules--features2d--src--gftt.cpp/gftt_mut_db.csv
executing action from GatherDataAction
Done GatherDataAction
0
gftt.cpp
(1 : 1)
(186 : 1)
executing action from GenerateMutantAction
done execute action
opened file name /home/yangheechan/FL-dataset-generation-opencv_features2d_TF_bot30/out/opencv_features2d_TF_bot30/generated_mutants-mbfl-trial1/akaze.MUT228.cpp/opencv_features2d_TF_bot30-opencv_features2d_TF_bot30--modules--features2d--src--gftt.cpp/gftt_mut_db.csv
ArgAriNeg 4
ArgBitNeg 1
ArgDel 2
ArgIncDec 8
ArgLogNeg 14
ArgRepReq 36
ArgStcAli 0
ArgStcDif 15
CGCR 0
CGSR 0
CLCR 1
CLSR 0
CRCR 44
CovAllEdg 15
CovAllNod 14
DirVarAriNeg 0
DirVarBitNeg 0
DirVarIncDec 0
DirVarLogNeg 0
DirVarRepCon 0
DirVarRepExt 0
DirVarRepGlo 0
DirVarRepLoc 0
DirVarRepPar 0
DirVarRepReq 0
FunCalDel 28
IndVarAriNeg 0
IndVarBitNeg 0
IndVarIncDec 0
IndVarLogNeg 0
IndVarRepCon 0
IndVarRepExt 0
IndVarRepGlo 0
IndVarRepLoc 0
IndVarRepPar 0
IndVarRepReq 0
OAAA 0
OAAN 0
OABA 0
OABN 0
OAEA 0
OALN 0
OARN 0
OASA 0
OASN 0
OBAA 0
OBAN 0
OBBA 0
OBBN 0
OBEA 0
OBLN 0
OBNG 0
OBRN 0
OBSA 0
OBSN 0
OCNG 3
OCOR 0
OEAA 11
OEBA 2
OESA 2
OIPM 0
OLAN 0
OLBN 0
OLLN 0
OLNG 0
OLRN 0
OLSN 0
OMMO 0
OPPO 1
ORAN 0
ORBN 0
ORLN 0
ORRN 0
ORSN 0
OSAA 0
OSAN 0
OSBA 0
OSBN 0
OSEA 0
OSLN 0
OSRN 0
OSSA 0
OSSN 0
RetStaDel 3
SBRC 0
SBRN 0
SCRB 0
SCRN 0
SDWD 0
SGLR 0
SMTC 0
SMTT 0
SMVB 0
SRSR 0
SSDL 18
SSOM 0
SSWM 0
STRI 0
STRP 14
SWDD 0
VASM 0
VDTR 24
VGAR 0
VGPR 0
VGSR 0
VGTR 0
VLAR 0
VLPR 0
VLSR 1
VLTR 0
VSCR 42
VTWD 18
Done tooling on /home/yangheechan/FL-dataset-generation-opencv_features2d_TF_bot30/work/opencv_features2d_TF_bot30/working_env/faster7.swtv/core3/opencv_features2d_TF_bot30/modules/features2d/src/gftt.cpp
Testing version akaze.MUT228.cpp on faster7.swtv::core3
Found buggy line 57 in failing tcs, TC12.sh executed lines
Found buggy line 57 in failing tcs, TC13.sh executed lines
Found buggy line 57 in failing tcs, TC24.sh executed lines
Found buggy line 57 in failing tcs, TC25.sh executed lines
Found buggy line 57 in failing tcs, TC35.sh executed lines
>>> TOTAL Selected lines: 418
	 >>> Selected lines executed by failing tcs: 70
	 >>> Selected lines based on SBFL rank (desc): 210
	 >>> Selected lines based on SBFL rank (asc): 210
>> Applied patch to akaze.cpp with akaze.MUT228.cpp
>> Cleaning build for opencv_features2d_TF_bot30
>> Configuring opencv_features2d_TF_bot30 without coverage
>> Building opencv_features2d_TF_bot30
>> Generating mutants on akaze.MUT228.cpp of kaze.cpp
>> Generating mutants on akaze.MUT228.cpp of feature2d.cpp
>> Generating mutants on akaze.MUT228.cpp of keypoint.cpp
>> Generating mutants on akaze.MUT228.cpp of akaze.cpp
>> Generating mutants on akaze.MUT228.cpp of matchers.cpp
>> Generating mutants on akaze.MUT228.cpp of gftt.cpp
>> Reverted akaze.cpp to original from akaze.MUT228.cpp
>> Cleaning build for opencv_features2d_TF_bot30
>> Configuring opencv_features2d_TF_bot30 without coverage
>> Building opencv_features2d_TF_bot30
>> Total number of mutants: 2739
>> Total number of lines executed by failing test cases: 70
>> Mutants per file:
	 >> opencv_features2d_TF_bot30/modules/features2d/src/kaze.cpp: 90 mutants, 0 lines executed by failing test cases
	 >> opencv_features2d_TF_bot30/modules/features2d/src/feature2d.cpp: 166 mutants, 26 lines executed by failing test cases
	 >> opencv_features2d_TF_bot30/modules/features2d/src/keypoint.cpp: 417 mutants, 0 lines executed by failing test cases
	 >> opencv_features2d_TF_bot30/modules/features2d/src/akaze.cpp: 591 mutants, 44 lines executed by failing test cases
	 >> opencv_features2d_TF_bot30/modules/features2d/src/matchers.cpp: 1154 mutants, 0 lines executed by failing test cases
	 >> opencv_features2d_TF_bot30/modules/features2d/src/gftt.cpp: 321 mutants, 0 lines executed by failing test cases
Testing on faster7.swtv::core3-p0
Testing on faster7.swtv::core3-p1
Testing on faster7.swtv::core3-p2
Job Process-1 has been finished: ['faster7.swtv', 'core3-p0', 'akaze.MUT228.cpp']
Job Process-2 has been finished: ['faster7.swtv', 'core3-p1', 'akaze.MUT228.cpp']
Job Process-3 has been finished: ['faster7.swtv', 'core3-p2', 'akaze.MUT228.cpp']
>> Zipped mutants on akaze.MUT228.cpp
>> Removed mutants on akaze.MUT228.cpp
>> Saving version akaze.MUT228.cpp to database
Finished testing version akaze.MUT228.cpp on faster7.swtv::core3

+++++ STDERR +++++
warning: unknown warning option '-Wimplicit-fallthrough=3'; did you mean '-Wimplicit-fallthrough'? [-Wunknown-warning-option]
In file included from /home/yangheechan/FL-dataset-generation-opencv_features2d_TF_bot30/work/opencv_features2d_TF_bot30/working_env/faster7.swtv/core3/opencv_features2d_TF_bot30/modules/features2d/src/kaze.cpp:50:
In file included from /home/yangheechan/FL-dataset-generation-opencv_features2d_TF_bot30/work/opencv_features2d_TF_bot30/working_env/faster7.swtv/core3/opencv_features2d_TF_bot30/modules/features2d/src/precomp.hpp:50:
In file included from /home/yangheechan/FL-dataset-generation-opencv_features2d_TF_bot30/work/opencv_features2d_TF_bot30/working_env/faster7.swtv/core3/opencv_features2d_TF_bot30/modules/core/include/opencv2/core/private.hpp:246:
In file included from /home/yangheechan/FL-dataset-generation-opencv_features2d_TF_bot30/work/opencv_features2d_TF_bot30/working_env/faster7.swtv/core3/opencv_features2d_TF_bot30/build/3rdparty/ippicv/ippicv_lnx/iw/include/iw++/iw.hpp:17:
In file included from /home/yangheechan/FL-dataset-generation-opencv_features2d_TF_bot30/work/opencv_features2d_TF_bot30/working_env/faster7.swtv/core3/opencv_features2d_TF_bot30/build/3rdparty/ippicv/ippicv_lnx/iw/include/iw++/iw_image_color.hpp:17:
/home/yangheechan/FL-dataset-generation-opencv_features2d_TF_bot30/work/opencv_features2d_TF_bot30/working_env/faster7.swtv/core3/opencv_features2d_TF_bot30/build/3rdparty/ippicv/ippicv_lnx/iw/include/iw++/iw_image.hpp:1389:13: warning: 'operator const _IwiTileTransform *' overrides a member function but is not marked 'override' [-Wsuggest-override]
    virtual operator const ::IwiTileTransform*() const { return NULL; }
            ^
/home/yangheechan/FL-dataset-generation-opencv_features2d_TF_bot30/work/opencv_features2d_TF_bot30/working_env/faster7.swtv/core3/opencv_features2d_TF_bot30/build/3rdparty/ippicv/ippicv_lnx/iw/include/iw++/iw_image.hpp:1362:13: note: overridden virtual function is here
    virtual operator const ::IwiTileTransform*() const { return &transformStruct; }
            ^
/home/yangheechan/FL-dataset-generation-opencv_features2d_TF_bot30/work/opencv_features2d_TF_bot30/working_env/faster7.swtv/core3/opencv_features2d_TF_bot30/build/3rdparty/ippicv/ippicv_lnx/iw/include/iw++/iw_image.hpp:1391:19: warning: 'Clone' overrides a member function but is not marked 'override' [-Wsuggest-override]
    virtual void* Clone() const
                  ^
/home/yangheechan/FL-dataset-generation-opencv_features2d_TF_bot30/work/opencv_features2d_TF_bot30/working_env/faster7.swtv/core3/opencv_features2d_TF_bot30/build/3rdparty/ippicv/ippicv_lnx/iw/include/iw++/iw_image.hpp:1359:19: note: overridden virtual function is here
    virtual void* Clone() const = 0;
                  ^
/home/yangheechan/FL-dataset-generation-opencv_features2d_TF_bot30/work/opencv_features2d_TF_bot30/working_env/faster7.swtv/core3/opencv_features2d_TF_bot30/build/3rdparty/ippicv/ippicv_lnx/iw/include/iw++/iw_image.hpp:1398:17: warning: 'GetSrcRoi' overrides a member function but is not marked 'override' [-Wsuggest-override]
    virtual int GetSrcRoi(ipp::IwiRoi, ipp::IwiRoi&) const
                ^
/home/yangheechan/FL-dataset-generation-opencv_features2d_TF_bot30/work/opencv_features2d_TF_bot30/working_env/faster7.swtv/core3/opencv_features2d_TF_bot30/build/3rdparty/ippicv/ippicv_lnx/iw/include/iw++/iw_image.hpp:1356:17: note: overridden virtual function is here
    virtual int GetSrcRoi(ipp::IwiRoi, ipp::IwiRoi&) const = 0;
                ^
warning: unknown warning option '-Wimplicit-fallthrough=3'; did you mean '-Wimplicit-fallthrough'? [-Wunknown-warning-option]
In file included from /home/yangheechan/FL-dataset-generation-opencv_features2d_TF_bot30/work/opencv_features2d_TF_bot30/working_env/faster7.swtv/core3/opencv_features2d_TF_bot30/modules/features2d/src/kaze.cpp:50:
In file included from /home/yangheechan/FL-dataset-generation-opencv_features2d_TF_bot30/work/opencv_features2d_TF_bot30/working_env/faster7.swtv/core3/opencv_features2d_TF_bot30/modules/features2d/src/precomp.hpp:50:
In file included from /home/yangheechan/FL-dataset-generation-opencv_features2d_TF_bot30/work/opencv_features2d_TF_bot30/working_env/faster7.swtv/core3/opencv_features2d_TF_bot30/modules/core/include/opencv2/core/private.hpp:246:
In file included from /home/yangheechan/FL-dataset-generation-opencv_features2d_TF_bot30/work/opencv_features2d_TF_bot30/working_env/faster7.swtv/core3/opencv_features2d_TF_bot30/build/3rdparty/ippicv/ippicv_lnx/iw/include/iw++/iw.hpp:17:
In file included from /home/yangheechan/FL-dataset-generation-opencv_features2d_TF_bot30/work/opencv_features2d_TF_bot30/working_env/faster7.swtv/core3/opencv_features2d_TF_bot30/build/3rdparty/ippicv/ippicv_lnx/iw/include/iw++/iw_image_color.hpp:17:
/home/yangheechan/FL-dataset-generation-opencv_features2d_TF_bot30/work/opencv_features2d_TF_bot30/working_env/faster7.swtv/core3/opencv_features2d_TF_bot30/build/3rdparty/ippicv/ippicv_lnx/iw/include/iw++/iw_image.hpp:1389:13: warning: 'operator const _IwiTileTransform *' overrides a member function but is not marked 'override' [-Wsuggest-override]
    virtual operator const ::IwiTileTransform*() const { return NULL; }
            ^
/home/yangheechan/FL-dataset-generation-opencv_features2d_TF_bot30/work/opencv_features2d_TF_bot30/working_env/faster7.swtv/core3/opencv_features2d_TF_bot30/build/3rdparty/ippicv/ippicv_lnx/iw/include/iw++/iw_image.hpp:1362:13: note: overridden virtual function is here
    virtual operator const ::IwiTileTransform*() const { return &transformStruct; }
            ^
/home/yangheechan/FL-dataset-generation-opencv_features2d_TF_bot30/work/opencv_features2d_TF_bot30/working_env/faster7.swtv/core3/opencv_features2d_TF_bot30/build/3rdparty/ippicv/ippicv_lnx/iw/include/iw++/iw_image.hpp:1391:19: warning: 'Clone' overrides a member function but is not marked 'override' [-Wsuggest-override]
    virtual void* Clone() const
                  ^
/home/yangheechan/FL-dataset-generation-opencv_features2d_TF_bot30/work/opencv_features2d_TF_bot30/working_env/faster7.swtv/core3/opencv_features2d_TF_bot30/build/3rdparty/ippicv/ippicv_lnx/iw/include/iw++/iw_image.hpp:1359:19: note: overridden virtual function is here
    virtual void* Clone() const = 0;
                  ^
/home/yangheechan/FL-dataset-generation-opencv_features2d_TF_bot30/work/opencv_features2d_TF_bot30/working_env/faster7.swtv/core3/opencv_features2d_TF_bot30/build/3rdparty/ippicv/ippicv_lnx/iw/include/iw++/iw_image.hpp:1398:17: warning: 'GetSrcRoi' overrides a member function but is not marked 'override' [-Wsuggest-override]
    virtual int GetSrcRoi(ipp::IwiRoi, ipp::IwiRoi&) const
                ^
/home/yangheechan/FL-dataset-generation-opencv_features2d_TF_bot30/work/opencv_features2d_TF_bot30/working_env/faster7.swtv/core3/opencv_features2d_TF_bot30/build/3rdparty/ippicv/ippicv_lnx/iw/include/iw++/iw_image.hpp:1356:17: note: overridden virtual function is here
    virtual int GetSrcRoi(ipp::IwiRoi, ipp::IwiRoi&) const = 0;
                ^
4 warnings generated.
4 warnings generated.
warning: unknown warning option '-Wimplicit-fallthrough=3'; did you mean '-Wimplicit-fallthrough'? [-Wunknown-warning-option]
In file included from /home/yangheechan/FL-dataset-generation-opencv_features2d_TF_bot30/work/opencv_features2d_TF_bot30/working_env/faster7.swtv/core3/opencv_features2d_TF_bot30/modules/features2d/src/feature2d.cpp:43:
In file included from /home/yangheechan/FL-dataset-generation-opencv_features2d_TF_bot30/work/opencv_features2d_TF_bot30/working_env/faster7.swtv/core3/opencv_features2d_TF_bot30/modules/features2d/src/precomp.hpp:50:
In file included from /home/yangheechan/FL-dataset-generation-opencv_features2d_TF_bot30/work/opencv_features2d_TF_bot30/working_env/faster7.swtv/core3/opencv_features2d_TF_bot30/modules/core/include/opencv2/core/private.hpp:246:
In file included from /home/yangheechan/FL-dataset-generation-opencv_features2d_TF_bot30/work/opencv_features2d_TF_bot30/working_env/faster7.swtv/core3/opencv_features2d_TF_bot30/build/3rdparty/ippicv/ippicv_lnx/iw/include/iw++/iw.hpp:17:
In file included from /home/yangheechan/FL-dataset-generation-opencv_features2d_TF_bot30/work/opencv_features2d_TF_bot30/working_env/faster7.swtv/core3/opencv_features2d_TF_bot30/build/3rdparty/ippicv/ippicv_lnx/iw/include/iw++/iw_image_color.hpp:17:
/home/yangheechan/FL-dataset-generation-opencv_features2d_TF_bot30/work/opencv_features2d_TF_bot30/working_env/faster7.swtv/core3/opencv_features2d_TF_bot30/build/3rdparty/ippicv/ippicv_lnx/iw/include/iw++/iw_image.hpp:1389:13: warning: 'operator const _IwiTileTransform *' overrides a member function but is not marked 'override' [-Wsuggest-override]
    virtual operator const ::IwiTileTransform*() const { return NULL; }
            ^
/home/yangheechan/FL-dataset-generation-opencv_features2d_TF_bot30/work/opencv_features2d_TF_bot30/working_env/faster7.swtv/core3/opencv_features2d_TF_bot30/build/3rdparty/ippicv/ippicv_lnx/iw/include/iw++/iw_image.hpp:1362:13: note: overridden virtual function is here
    virtual operator const ::IwiTileTransform*() const { return &transformStruct; }
            ^
/home/yangheechan/FL-dataset-generation-opencv_features2d_TF_bot30/work/opencv_features2d_TF_bot30/working_env/faster7.swtv/core3/opencv_features2d_TF_bot30/build/3rdparty/ippicv/ippicv_lnx/iw/include/iw++/iw_image.hpp:1391:19: warning: 'Clone' overrides a member function but is not marked 'override' [-Wsuggest-override]
    virtual void* Clone() const
                  ^
/home/yangheechan/FL-dataset-generation-opencv_features2d_TF_bot30/work/opencv_features2d_TF_bot30/working_env/faster7.swtv/core3/opencv_features2d_TF_bot30/build/3rdparty/ippicv/ippicv_lnx/iw/include/iw++/iw_image.hpp:1359:19: note: overridden virtual function is here
    virtual void* Clone() const = 0;
                  ^
/home/yangheechan/FL-dataset-generation-opencv_features2d_TF_bot30/work/opencv_features2d_TF_bot30/working_env/faster7.swtv/core3/opencv_features2d_TF_bot30/build/3rdparty/ippicv/ippicv_lnx/iw/include/iw++/iw_image.hpp:1398:17: warning: 'GetSrcRoi' overrides a member function but is not marked 'override' [-Wsuggest-override]
    virtual int GetSrcRoi(ipp::IwiRoi, ipp::IwiRoi&) const
                ^
/home/yangheechan/FL-dataset-generation-opencv_features2d_TF_bot30/work/opencv_features2d_TF_bot30/working_env/faster7.swtv/core3/opencv_features2d_TF_bot30/build/3rdparty/ippicv/ippicv_lnx/iw/include/iw++/iw_image.hpp:1356:17: note: overridden virtual function is here
    virtual int GetSrcRoi(ipp::IwiRoi, ipp::IwiRoi&) const = 0;
                ^
warning: unknown warning option '-Wimplicit-fallthrough=3'; did you mean '-Wimplicit-fallthrough'? [-Wunknown-warning-option]
In file included from /home/yangheechan/FL-dataset-generation-opencv_features2d_TF_bot30/work/opencv_features2d_TF_bot30/working_env/faster7.swtv/core3/opencv_features2d_TF_bot30/modules/features2d/src/feature2d.cpp:43:
In file included from /home/yangheechan/FL-dataset-generation-opencv_features2d_TF_bot30/work/opencv_features2d_TF_bot30/working_env/faster7.swtv/core3/opencv_features2d_TF_bot30/modules/features2d/src/precomp.hpp:50:
In file included from /home/yangheechan/FL-dataset-generation-opencv_features2d_TF_bot30/work/opencv_features2d_TF_bot30/working_env/faster7.swtv/core3/opencv_features2d_TF_bot30/modules/core/include/opencv2/core/private.hpp:246:
In file included from /home/yangheechan/FL-dataset-generation-opencv_features2d_TF_bot30/work/opencv_features2d_TF_bot30/working_env/faster7.swtv/core3/opencv_features2d_TF_bot30/build/3rdparty/ippicv/ippicv_lnx/iw/include/iw++/iw.hpp:17:
In file included from /home/yangheechan/FL-dataset-generation-opencv_features2d_TF_bot30/work/opencv_features2d_TF_bot30/working_env/faster7.swtv/core3/opencv_features2d_TF_bot30/build/3rdparty/ippicv/ippicv_lnx/iw/include/iw++/iw_image_color.hpp:17:
/home/yangheechan/FL-dataset-generation-opencv_features2d_TF_bot30/work/opencv_features2d_TF_bot30/working_env/faster7.swtv/core3/opencv_features2d_TF_bot30/build/3rdparty/ippicv/ippicv_lnx/iw/include/iw++/iw_image.hpp:1389:13: warning: 'operator const _IwiTileTransform *' overrides a member function but is not marked 'override' [-Wsuggest-override]
    virtual operator const ::IwiTileTransform*() const { return NULL; }
            ^
/home/yangheechan/FL-dataset-generation-opencv_features2d_TF_bot30/work/opencv_features2d_TF_bot30/working_env/faster7.swtv/core3/opencv_features2d_TF_bot30/build/3rdparty/ippicv/ippicv_lnx/iw/include/iw++/iw_image.hpp:1362:13: note: overridden virtual function is here
    virtual operator const ::IwiTileTransform*() const { return &transformStruct; }
            ^
/home/yangheechan/FL-dataset-generation-opencv_features2d_TF_bot30/work/opencv_features2d_TF_bot30/working_env/faster7.swtv/core3/opencv_features2d_TF_bot30/build/3rdparty/ippicv/ippicv_lnx/iw/include/iw++/iw_image.hpp:1391:19: warning: 'Clone' overrides a member function but is not marked 'override' [-Wsuggest-override]
    virtual void* Clone() const
                  ^
/home/yangheechan/FL-dataset-generation-opencv_features2d_TF_bot30/work/opencv_features2d_TF_bot30/working_env/faster7.swtv/core3/opencv_features2d_TF_bot30/build/3rdparty/ippicv/ippicv_lnx/iw/include/iw++/iw_image.hpp:1359:19: note: overridden virtual function is here
    virtual void* Clone() const = 0;
                  ^
/home/yangheechan/FL-dataset-generation-opencv_features2d_TF_bot30/work/opencv_features2d_TF_bot30/working_env/faster7.swtv/core3/opencv_features2d_TF_bot30/build/3rdparty/ippicv/ippicv_lnx/iw/include/iw++/iw_image.hpp:1398:17: warning: 'GetSrcRoi' overrides a member function but is not marked 'override' [-Wsuggest-override]
    virtual int GetSrcRoi(ipp::IwiRoi, ipp::IwiRoi&) const
                ^
/home/yangheechan/FL-dataset-generation-opencv_features2d_TF_bot30/work/opencv_features2d_TF_bot30/working_env/faster7.swtv/core3/opencv_features2d_TF_bot30/build/3rdparty/ippicv/ippicv_lnx/iw/include/iw++/iw_image.hpp:1356:17: note: overridden virtual function is here
    virtual int GetSrcRoi(ipp::IwiRoi, ipp::IwiRoi&) const = 0;
                ^
4 warnings generated.
4 warnings generated.
warning: unknown warning option '-Wimplicit-fallthrough=3'; did you mean '-Wimplicit-fallthrough'? [-Wunknown-warning-option]
In file included from /home/yangheechan/FL-dataset-generation-opencv_features2d_TF_bot30/work/opencv_features2d_TF_bot30/working_env/faster7.swtv/core3/opencv_features2d_TF_bot30/modules/features2d/src/keypoint.cpp:42:
In file included from /home/yangheechan/FL-dataset-generation-opencv_features2d_TF_bot30/work/opencv_features2d_TF_bot30/working_env/faster7.swtv/core3/opencv_features2d_TF_bot30/modules/features2d/src/precomp.hpp:50:
In file included from /home/yangheechan/FL-dataset-generation-opencv_features2d_TF_bot30/work/opencv_features2d_TF_bot30/working_env/faster7.swtv/core3/opencv_features2d_TF_bot30/modules/core/include/opencv2/core/private.hpp:246:
In file included from /home/yangheechan/FL-dataset-generation-opencv_features2d_TF_bot30/work/opencv_features2d_TF_bot30/working_env/faster7.swtv/core3/opencv_features2d_TF_bot30/build/3rdparty/ippicv/ippicv_lnx/iw/include/iw++/iw.hpp:17:
In file included from /home/yangheechan/FL-dataset-generation-opencv_features2d_TF_bot30/work/opencv_features2d_TF_bot30/working_env/faster7.swtv/core3/opencv_features2d_TF_bot30/build/3rdparty/ippicv/ippicv_lnx/iw/include/iw++/iw_image_color.hpp:17:
/home/yangheechan/FL-dataset-generation-opencv_features2d_TF_bot30/work/opencv_features2d_TF_bot30/working_env/faster7.swtv/core3/opencv_features2d_TF_bot30/build/3rdparty/ippicv/ippicv_lnx/iw/include/iw++/iw_image.hpp:1389:13: warning: 'operator const _IwiTileTransform *' overrides a member function but is not marked 'override' [-Wsuggest-override]
    virtual operator const ::IwiTileTransform*() const { return NULL; }
            ^
/home/yangheechan/FL-dataset-generation-opencv_features2d_TF_bot30/work/opencv_features2d_TF_bot30/working_env/faster7.swtv/core3/opencv_features2d_TF_bot30/build/3rdparty/ippicv/ippicv_lnx/iw/include/iw++/iw_image.hpp:1362:13: note: overridden virtual function is here
    virtual operator const ::IwiTileTransform*() const { return &transformStruct; }
            ^
/home/yangheechan/FL-dataset-generation-opencv_features2d_TF_bot30/work/opencv_features2d_TF_bot30/working_env/faster7.swtv/core3/opencv_features2d_TF_bot30/build/3rdparty/ippicv/ippicv_lnx/iw/include/iw++/iw_image.hpp:1391:19: warning: 'Clone' overrides a member function but is not marked 'override' [-Wsuggest-override]
    virtual void* Clone() const
                  ^
/home/yangheechan/FL-dataset-generation-opencv_features2d_TF_bot30/work/opencv_features2d_TF_bot30/working_env/faster7.swtv/core3/opencv_features2d_TF_bot30/build/3rdparty/ippicv/ippicv_lnx/iw/include/iw++/iw_image.hpp:1359:19: note: overridden virtual function is here
    virtual void* Clone() const = 0;
                  ^
/home/yangheechan/FL-dataset-generation-opencv_features2d_TF_bot30/work/opencv_features2d_TF_bot30/working_env/faster7.swtv/core3/opencv_features2d_TF_bot30/build/3rdparty/ippicv/ippicv_lnx/iw/include/iw++/iw_image.hpp:1398:17: warning: 'GetSrcRoi' overrides a member function but is not marked 'override' [-Wsuggest-override]
    virtual int GetSrcRoi(ipp::IwiRoi, ipp::IwiRoi&) const
                ^
/home/yangheechan/FL-dataset-generation-opencv_features2d_TF_bot30/work/opencv_features2d_TF_bot30/working_env/faster7.swtv/core3/opencv_features2d_TF_bot30/build/3rdparty/ippicv/ippicv_lnx/iw/include/iw++/iw_image.hpp:1356:17: note: overridden virtual function is here
    virtual int GetSrcRoi(ipp::IwiRoi, ipp::IwiRoi&) const = 0;
                ^
warning: unknown warning option '-Wimplicit-fallthrough=3'; did you mean '-Wimplicit-fallthrough'? [-Wunknown-warning-option]
In file included from /home/yangheechan/FL-dataset-generation-opencv_features2d_TF_bot30/work/opencv_features2d_TF_bot30/working_env/faster7.swtv/core3/opencv_features2d_TF_bot30/modules/features2d/src/keypoint.cpp:42:
In file included from /home/yangheechan/FL-dataset-generation-opencv_features2d_TF_bot30/work/opencv_features2d_TF_bot30/working_env/faster7.swtv/core3/opencv_features2d_TF_bot30/modules/features2d/src/precomp.hpp:50:
In file included from /home/yangheechan/FL-dataset-generation-opencv_features2d_TF_bot30/work/opencv_features2d_TF_bot30/working_env/faster7.swtv/core3/opencv_features2d_TF_bot30/modules/core/include/opencv2/core/private.hpp:246:
In file included from /home/yangheechan/FL-dataset-generation-opencv_features2d_TF_bot30/work/opencv_features2d_TF_bot30/working_env/faster7.swtv/core3/opencv_features2d_TF_bot30/build/3rdparty/ippicv/ippicv_lnx/iw/include/iw++/iw.hpp:17:
In file included from /home/yangheechan/FL-dataset-generation-opencv_features2d_TF_bot30/work/opencv_features2d_TF_bot30/working_env/faster7.swtv/core3/opencv_features2d_TF_bot30/build/3rdparty/ippicv/ippicv_lnx/iw/include/iw++/iw_image_color.hpp:17:
/home/yangheechan/FL-dataset-generation-opencv_features2d_TF_bot30/work/opencv_features2d_TF_bot30/working_env/faster7.swtv/core3/opencv_features2d_TF_bot30/build/3rdparty/ippicv/ippicv_lnx/iw/include/iw++/iw_image.hpp:1389:13: warning: 'operator const _IwiTileTransform *' overrides a member function but is not marked 'override' [-Wsuggest-override]
    virtual operator const ::IwiTileTransform*() const { return NULL; }
            ^
/home/yangheechan/FL-dataset-generation-opencv_features2d_TF_bot30/work/opencv_features2d_TF_bot30/working_env/faster7.swtv/core3/opencv_features2d_TF_bot30/build/3rdparty/ippicv/ippicv_lnx/iw/include/iw++/iw_image.hpp:1362:13: note: overridden virtual function is here
    virtual operator const ::IwiTileTransform*() const { return &transformStruct; }
            ^
/home/yangheechan/FL-dataset-generation-opencv_features2d_TF_bot30/work/opencv_features2d_TF_bot30/working_env/faster7.swtv/core3/opencv_features2d_TF_bot30/build/3rdparty/ippicv/ippicv_lnx/iw/include/iw++/iw_image.hpp:1391:19: warning: 'Clone' overrides a member function but is not marked 'override' [-Wsuggest-override]
    virtual void* Clone() const
                  ^
/home/yangheechan/FL-dataset-generation-opencv_features2d_TF_bot30/work/opencv_features2d_TF_bot30/working_env/faster7.swtv/core3/opencv_features2d_TF_bot30/build/3rdparty/ippicv/ippicv_lnx/iw/include/iw++/iw_image.hpp:1359:19: note: overridden virtual function is here
    virtual void* Clone() const = 0;
                  ^
/home/yangheechan/FL-dataset-generation-opencv_features2d_TF_bot30/work/opencv_features2d_TF_bot30/working_env/faster7.swtv/core3/opencv_features2d_TF_bot30/build/3rdparty/ippicv/ippicv_lnx/iw/include/iw++/iw_image.hpp:1398:17: warning: 'GetSrcRoi' overrides a member function but is not marked 'override' [-Wsuggest-override]
    virtual int GetSrcRoi(ipp::IwiRoi, ipp::IwiRoi&) const
                ^
/home/yangheechan/FL-dataset-generation-opencv_features2d_TF_bot30/work/opencv_features2d_TF_bot30/working_env/faster7.swtv/core3/opencv_features2d_TF_bot30/build/3rdparty/ippicv/ippicv_lnx/iw/include/iw++/iw_image.hpp:1356:17: note: overridden virtual function is here
    virtual int GetSrcRoi(ipp::IwiRoi, ipp::IwiRoi&) const = 0;
                ^
4 warnings generated.
4 warnings generated.
warning: unknown warning option '-Wimplicit-fallthrough=3'; did you mean '-Wimplicit-fallthrough'? [-Wunknown-warning-option]
In file included from /home/yangheechan/FL-dataset-generation-opencv_features2d_TF_bot30/work/opencv_features2d_TF_bot30/working_env/faster7.swtv/core3/opencv_features2d_TF_bot30/modules/features2d/src/akaze.cpp:51:
In file included from /home/yangheechan/FL-dataset-generation-opencv_features2d_TF_bot30/work/opencv_features2d_TF_bot30/working_env/faster7.swtv/core3/opencv_features2d_TF_bot30/modules/features2d/src/precomp.hpp:50:
In file included from /home/yangheechan/FL-dataset-generation-opencv_features2d_TF_bot30/work/opencv_features2d_TF_bot30/working_env/faster7.swtv/core3/opencv_features2d_TF_bot30/modules/core/include/opencv2/core/private.hpp:246:
In file included from /home/yangheechan/FL-dataset-generation-opencv_features2d_TF_bot30/work/opencv_features2d_TF_bot30/working_env/faster7.swtv/core3/opencv_features2d_TF_bot30/build/3rdparty/ippicv/ippicv_lnx/iw/include/iw++/iw.hpp:17:
In file included from /home/yangheechan/FL-dataset-generation-opencv_features2d_TF_bot30/work/opencv_features2d_TF_bot30/working_env/faster7.swtv/core3/opencv_features2d_TF_bot30/build/3rdparty/ippicv/ippicv_lnx/iw/include/iw++/iw_image_color.hpp:17:
/home/yangheechan/FL-dataset-generation-opencv_features2d_TF_bot30/work/opencv_features2d_TF_bot30/working_env/faster7.swtv/core3/opencv_features2d_TF_bot30/build/3rdparty/ippicv/ippicv_lnx/iw/include/iw++/iw_image.hpp:1389:13: warning: 'operator const _IwiTileTransform *' overrides a member function but is not marked 'override' [-Wsuggest-override]
    virtual operator const ::IwiTileTransform*() const { return NULL; }
            ^
/home/yangheechan/FL-dataset-generation-opencv_features2d_TF_bot30/work/opencv_features2d_TF_bot30/working_env/faster7.swtv/core3/opencv_features2d_TF_bot30/build/3rdparty/ippicv/ippicv_lnx/iw/include/iw++/iw_image.hpp:1362:13: note: overridden virtual function is here
    virtual operator const ::IwiTileTransform*() const { return &transformStruct; }
            ^
/home/yangheechan/FL-dataset-generation-opencv_features2d_TF_bot30/work/opencv_features2d_TF_bot30/working_env/faster7.swtv/core3/opencv_features2d_TF_bot30/build/3rdparty/ippicv/ippicv_lnx/iw/include/iw++/iw_image.hpp:1391:19: warning: 'Clone' overrides a member function but is not marked 'override' [-Wsuggest-override]
    virtual void* Clone() const
                  ^
/home/yangheechan/FL-dataset-generation-opencv_features2d_TF_bot30/work/opencv_features2d_TF_bot30/working_env/faster7.swtv/core3/opencv_features2d_TF_bot30/build/3rdparty/ippicv/ippicv_lnx/iw/include/iw++/iw_image.hpp:1359:19: note: overridden virtual function is here
    virtual void* Clone() const = 0;
                  ^
/home/yangheechan/FL-dataset-generation-opencv_features2d_TF_bot30/work/opencv_features2d_TF_bot30/working_env/faster7.swtv/core3/opencv_features2d_TF_bot30/build/3rdparty/ippicv/ippicv_lnx/iw/include/iw++/iw_image.hpp:1398:17: warning: 'GetSrcRoi' overrides a member function but is not marked 'override' [-Wsuggest-override]
    virtual int GetSrcRoi(ipp::IwiRoi, ipp::IwiRoi&) const
                ^
/home/yangheechan/FL-dataset-generation-opencv_features2d_TF_bot30/work/opencv_features2d_TF_bot30/working_env/faster7.swtv/core3/opencv_features2d_TF_bot30/build/3rdparty/ippicv/ippicv_lnx/iw/include/iw++/iw_image.hpp:1356:17: note: overridden virtual function is here
    virtual int GetSrcRoi(ipp::IwiRoi, ipp::IwiRoi&) const = 0;
                ^
warning: unknown warning option '-Wimplicit-fallthrough=3'; did you mean '-Wimplicit-fallthrough'? [-Wunknown-warning-option]
In file included from /home/yangheechan/FL-dataset-generation-opencv_features2d_TF_bot30/work/opencv_features2d_TF_bot30/working_env/faster7.swtv/core3/opencv_features2d_TF_bot30/modules/features2d/src/akaze.cpp:51:
In file included from /home/yangheechan/FL-dataset-generation-opencv_features2d_TF_bot30/work/opencv_features2d_TF_bot30/working_env/faster7.swtv/core3/opencv_features2d_TF_bot30/modules/features2d/src/precomp.hpp:50:
In file included from /home/yangheechan/FL-dataset-generation-opencv_features2d_TF_bot30/work/opencv_features2d_TF_bot30/working_env/faster7.swtv/core3/opencv_features2d_TF_bot30/modules/core/include/opencv2/core/private.hpp:246:
In file included from /home/yangheechan/FL-dataset-generation-opencv_features2d_TF_bot30/work/opencv_features2d_TF_bot30/working_env/faster7.swtv/core3/opencv_features2d_TF_bot30/build/3rdparty/ippicv/ippicv_lnx/iw/include/iw++/iw.hpp:17:
In file included from /home/yangheechan/FL-dataset-generation-opencv_features2d_TF_bot30/work/opencv_features2d_TF_bot30/working_env/faster7.swtv/core3/opencv_features2d_TF_bot30/build/3rdparty/ippicv/ippicv_lnx/iw/include/iw++/iw_image_color.hpp:17:
/home/yangheechan/FL-dataset-generation-opencv_features2d_TF_bot30/work/opencv_features2d_TF_bot30/working_env/faster7.swtv/core3/opencv_features2d_TF_bot30/build/3rdparty/ippicv/ippicv_lnx/iw/include/iw++/iw_image.hpp:1389:13: warning: 'operator const _IwiTileTransform *' overrides a member function but is not marked 'override' [-Wsuggest-override]
    virtual operator const ::IwiTileTransform*() const { return NULL; }
            ^
/home/yangheechan/FL-dataset-generation-opencv_features2d_TF_bot30/work/opencv_features2d_TF_bot30/working_env/faster7.swtv/core3/opencv_features2d_TF_bot30/build/3rdparty/ippicv/ippicv_lnx/iw/include/iw++/iw_image.hpp:1362:13: note: overridden virtual function is here
    virtual operator const ::IwiTileTransform*() const { return &transformStruct; }
            ^
/home/yangheechan/FL-dataset-generation-opencv_features2d_TF_bot30/work/opencv_features2d_TF_bot30/working_env/faster7.swtv/core3/opencv_features2d_TF_bot30/build/3rdparty/ippicv/ippicv_lnx/iw/include/iw++/iw_image.hpp:1391:19: warning: 'Clone' overrides a member function but is not marked 'override' [-Wsuggest-override]
    virtual void* Clone() const
                  ^
/home/yangheechan/FL-dataset-generation-opencv_features2d_TF_bot30/work/opencv_features2d_TF_bot30/working_env/faster7.swtv/core3/opencv_features2d_TF_bot30/build/3rdparty/ippicv/ippicv_lnx/iw/include/iw++/iw_image.hpp:1359:19: note: overridden virtual function is here
    virtual void* Clone() const = 0;
                  ^
/home/yangheechan/FL-dataset-generation-opencv_features2d_TF_bot30/work/opencv_features2d_TF_bot30/working_env/faster7.swtv/core3/opencv_features2d_TF_bot30/build/3rdparty/ippicv/ippicv_lnx/iw/include/iw++/iw_image.hpp:1398:17: warning: 'GetSrcRoi' overrides a member function but is not marked 'override' [-Wsuggest-override]
    virtual int GetSrcRoi(ipp::IwiRoi, ipp::IwiRoi&) const
                ^
/home/yangheechan/FL-dataset-generation-opencv_features2d_TF_bot30/work/opencv_features2d_TF_bot30/working_env/faster7.swtv/core3/opencv_features2d_TF_bot30/build/3rdparty/ippicv/ippicv_lnx/iw/include/iw++/iw_image.hpp:1356:17: note: overridden virtual function is here
    virtual int GetSrcRoi(ipp::IwiRoi, ipp::IwiRoi&) const = 0;
                ^
4 warnings generated.
4 warnings generated.
warning: unknown warning option '-Wimplicit-fallthrough=3'; did you mean '-Wimplicit-fallthrough'? [-Wunknown-warning-option]
In file included from /home/yangheechan/FL-dataset-generation-opencv_features2d_TF_bot30/work/opencv_features2d_TF_bot30/working_env/faster7.swtv/core3/opencv_features2d_TF_bot30/modules/features2d/src/matchers.cpp:42:
In file included from /home/yangheechan/FL-dataset-generation-opencv_features2d_TF_bot30/work/opencv_features2d_TF_bot30/working_env/faster7.swtv/core3/opencv_features2d_TF_bot30/modules/features2d/src/precomp.hpp:50:
In file included from /home/yangheechan/FL-dataset-generation-opencv_features2d_TF_bot30/work/opencv_features2d_TF_bot30/working_env/faster7.swtv/core3/opencv_features2d_TF_bot30/modules/core/include/opencv2/core/private.hpp:246:
In file included from /home/yangheechan/FL-dataset-generation-opencv_features2d_TF_bot30/work/opencv_features2d_TF_bot30/working_env/faster7.swtv/core3/opencv_features2d_TF_bot30/build/3rdparty/ippicv/ippicv_lnx/iw/include/iw++/iw.hpp:17:
In file included from /home/yangheechan/FL-dataset-generation-opencv_features2d_TF_bot30/work/opencv_features2d_TF_bot30/working_env/faster7.swtv/core3/opencv_features2d_TF_bot30/build/3rdparty/ippicv/ippicv_lnx/iw/include/iw++/iw_image_color.hpp:17:
/home/yangheechan/FL-dataset-generation-opencv_features2d_TF_bot30/work/opencv_features2d_TF_bot30/working_env/faster7.swtv/core3/opencv_features2d_TF_bot30/build/3rdparty/ippicv/ippicv_lnx/iw/include/iw++/iw_image.hpp:1389:13: warning: 'operator const _IwiTileTransform *' overrides a member function but is not marked 'override' [-Wsuggest-override]
    virtual operator const ::IwiTileTransform*() const { return NULL; }
            ^
/home/yangheechan/FL-dataset-generation-opencv_features2d_TF_bot30/work/opencv_features2d_TF_bot30/working_env/faster7.swtv/core3/opencv_features2d_TF_bot30/build/3rdparty/ippicv/ippicv_lnx/iw/include/iw++/iw_image.hpp:1362:13: note: overridden virtual function is here
    virtual operator const ::IwiTileTransform*() const { return &transformStruct; }
            ^
/home/yangheechan/FL-dataset-generation-opencv_features2d_TF_bot30/work/opencv_features2d_TF_bot30/working_env/faster7.swtv/core3/opencv_features2d_TF_bot30/build/3rdparty/ippicv/ippicv_lnx/iw/include/iw++/iw_image.hpp:1391:19: warning: 'Clone' overrides a member function but is not marked 'override' [-Wsuggest-override]
    virtual void* Clone() const
                  ^
/home/yangheechan/FL-dataset-generation-opencv_features2d_TF_bot30/work/opencv_features2d_TF_bot30/working_env/faster7.swtv/core3/opencv_features2d_TF_bot30/build/3rdparty/ippicv/ippicv_lnx/iw/include/iw++/iw_image.hpp:1359:19: note: overridden virtual function is here
    virtual void* Clone() const = 0;
                  ^
/home/yangheechan/FL-dataset-generation-opencv_features2d_TF_bot30/work/opencv_features2d_TF_bot30/working_env/faster7.swtv/core3/opencv_features2d_TF_bot30/build/3rdparty/ippicv/ippicv_lnx/iw/include/iw++/iw_image.hpp:1398:17: warning: 'GetSrcRoi' overrides a member function but is not marked 'override' [-Wsuggest-override]
    virtual int GetSrcRoi(ipp::IwiRoi, ipp::IwiRoi&) const
                ^
/home/yangheechan/FL-dataset-generation-opencv_features2d_TF_bot30/work/opencv_features2d_TF_bot30/working_env/faster7.swtv/core3/opencv_features2d_TF_bot30/build/3rdparty/ippicv/ippicv_lnx/iw/include/iw++/iw_image.hpp:1356:17: note: overridden virtual function is here
    virtual int GetSrcRoi(ipp::IwiRoi, ipp::IwiRoi&) const = 0;
                ^
warning: unknown warning option '-Wimplicit-fallthrough=3'; did you mean '-Wimplicit-fallthrough'? [-Wunknown-warning-option]
In file included from /home/yangheechan/FL-dataset-generation-opencv_features2d_TF_bot30/work/opencv_features2d_TF_bot30/working_env/faster7.swtv/core3/opencv_features2d_TF_bot30/modules/features2d/src/matchers.cpp:42:
In file included from /home/yangheechan/FL-dataset-generation-opencv_features2d_TF_bot30/work/opencv_features2d_TF_bot30/working_env/faster7.swtv/core3/opencv_features2d_TF_bot30/modules/features2d/src/precomp.hpp:50:
In file included from /home/yangheechan/FL-dataset-generation-opencv_features2d_TF_bot30/work/opencv_features2d_TF_bot30/working_env/faster7.swtv/core3/opencv_features2d_TF_bot30/modules/core/include/opencv2/core/private.hpp:246:
In file included from /home/yangheechan/FL-dataset-generation-opencv_features2d_TF_bot30/work/opencv_features2d_TF_bot30/working_env/faster7.swtv/core3/opencv_features2d_TF_bot30/build/3rdparty/ippicv/ippicv_lnx/iw/include/iw++/iw.hpp:17:
In file included from /home/yangheechan/FL-dataset-generation-opencv_features2d_TF_bot30/work/opencv_features2d_TF_bot30/working_env/faster7.swtv/core3/opencv_features2d_TF_bot30/build/3rdparty/ippicv/ippicv_lnx/iw/include/iw++/iw_image_color.hpp:17:
/home/yangheechan/FL-dataset-generation-opencv_features2d_TF_bot30/work/opencv_features2d_TF_bot30/working_env/faster7.swtv/core3/opencv_features2d_TF_bot30/build/3rdparty/ippicv/ippicv_lnx/iw/include/iw++/iw_image.hpp:1389:13: warning: 'operator const _IwiTileTransform *' overrides a member function but is not marked 'override' [-Wsuggest-override]
    virtual operator const ::IwiTileTransform*() const { return NULL; }
            ^
/home/yangheechan/FL-dataset-generation-opencv_features2d_TF_bot30/work/opencv_features2d_TF_bot30/working_env/faster7.swtv/core3/opencv_features2d_TF_bot30/build/3rdparty/ippicv/ippicv_lnx/iw/include/iw++/iw_image.hpp:1362:13: note: overridden virtual function is here
    virtual operator const ::IwiTileTransform*() const { return &transformStruct; }
            ^
/home/yangheechan/FL-dataset-generation-opencv_features2d_TF_bot30/work/opencv_features2d_TF_bot30/working_env/faster7.swtv/core3/opencv_features2d_TF_bot30/build/3rdparty/ippicv/ippicv_lnx/iw/include/iw++/iw_image.hpp:1391:19: warning: 'Clone' overrides a member function but is not marked 'override' [-Wsuggest-override]
    virtual void* Clone() const
                  ^
/home/yangheechan/FL-dataset-generation-opencv_features2d_TF_bot30/work/opencv_features2d_TF_bot30/working_env/faster7.swtv/core3/opencv_features2d_TF_bot30/build/3rdparty/ippicv/ippicv_lnx/iw/include/iw++/iw_image.hpp:1359:19: note: overridden virtual function is here
    virtual void* Clone() const = 0;
                  ^
/home/yangheechan/FL-dataset-generation-opencv_features2d_TF_bot30/work/opencv_features2d_TF_bot30/working_env/faster7.swtv/core3/opencv_features2d_TF_bot30/build/3rdparty/ippicv/ippicv_lnx/iw/include/iw++/iw_image.hpp:1398:17: warning: 'GetSrcRoi' overrides a member function but is not marked 'override' [-Wsuggest-override]
    virtual int GetSrcRoi(ipp::IwiRoi, ipp::IwiRoi&) const
                ^
/home/yangheechan/FL-dataset-generation-opencv_features2d_TF_bot30/work/opencv_features2d_TF_bot30/working_env/faster7.swtv/core3/opencv_features2d_TF_bot30/build/3rdparty/ippicv/ippicv_lnx/iw/include/iw++/iw_image.hpp:1356:17: note: overridden virtual function is here
    virtual int GetSrcRoi(ipp::IwiRoi, ipp::IwiRoi&) const = 0;
                ^
4 warnings generated.
4 warnings generated.
warning: unknown warning option '-Wimplicit-fallthrough=3'; did you mean '-Wimplicit-fallthrough'? [-Wunknown-warning-option]
In file included from /home/yangheechan/FL-dataset-generation-opencv_features2d_TF_bot30/work/opencv_features2d_TF_bot30/working_env/faster7.swtv/core3/opencv_features2d_TF_bot30/modules/features2d/src/gftt.cpp:42:
In file included from /home/yangheechan/FL-dataset-generation-opencv_features2d_TF_bot30/work/opencv_features2d_TF_bot30/working_env/faster7.swtv/core3/opencv_features2d_TF_bot30/modules/features2d/src/precomp.hpp:50:
In file included from /home/yangheechan/FL-dataset-generation-opencv_features2d_TF_bot30/work/opencv_features2d_TF_bot30/working_env/faster7.swtv/core3/opencv_features2d_TF_bot30/modules/core/include/opencv2/core/private.hpp:246:
In file included from /home/yangheechan/FL-dataset-generation-opencv_features2d_TF_bot30/work/opencv_features2d_TF_bot30/working_env/faster7.swtv/core3/opencv_features2d_TF_bot30/build/3rdparty/ippicv/ippicv_lnx/iw/include/iw++/iw.hpp:17:
In file included from /home/yangheechan/FL-dataset-generation-opencv_features2d_TF_bot30/work/opencv_features2d_TF_bot30/working_env/faster7.swtv/core3/opencv_features2d_TF_bot30/build/3rdparty/ippicv/ippicv_lnx/iw/include/iw++/iw_image_color.hpp:17:
/home/yangheechan/FL-dataset-generation-opencv_features2d_TF_bot30/work/opencv_features2d_TF_bot30/working_env/faster7.swtv/core3/opencv_features2d_TF_bot30/build/3rdparty/ippicv/ippicv_lnx/iw/include/iw++/iw_image.hpp:1389:13: warning: 'operator const _IwiTileTransform *' overrides a member function but is not marked 'override' [-Wsuggest-override]
    virtual operator const ::IwiTileTransform*() const { return NULL; }
            ^
/home/yangheechan/FL-dataset-generation-opencv_features2d_TF_bot30/work/opencv_features2d_TF_bot30/working_env/faster7.swtv/core3/opencv_features2d_TF_bot30/build/3rdparty/ippicv/ippicv_lnx/iw/include/iw++/iw_image.hpp:1362:13: note: overridden virtual function is here
    virtual operator const ::IwiTileTransform*() const { return &transformStruct; }
            ^
/home/yangheechan/FL-dataset-generation-opencv_features2d_TF_bot30/work/opencv_features2d_TF_bot30/working_env/faster7.swtv/core3/opencv_features2d_TF_bot30/build/3rdparty/ippicv/ippicv_lnx/iw/include/iw++/iw_image.hpp:1391:19: warning: 'Clone' overrides a member function but is not marked 'override' [-Wsuggest-override]
    virtual void* Clone() const
                  ^
/home/yangheechan/FL-dataset-generation-opencv_features2d_TF_bot30/work/opencv_features2d_TF_bot30/working_env/faster7.swtv/core3/opencv_features2d_TF_bot30/build/3rdparty/ippicv/ippicv_lnx/iw/include/iw++/iw_image.hpp:1359:19: note: overridden virtual function is here
    virtual void* Clone() const = 0;
                  ^
/home/yangheechan/FL-dataset-generation-opencv_features2d_TF_bot30/work/opencv_features2d_TF_bot30/working_env/faster7.swtv/core3/opencv_features2d_TF_bot30/build/3rdparty/ippicv/ippicv_lnx/iw/include/iw++/iw_image.hpp:1398:17: warning: 'GetSrcRoi' overrides a member function but is not marked 'override' [-Wsuggest-override]
    virtual int GetSrcRoi(ipp::IwiRoi, ipp::IwiRoi&) const
                ^
/home/yangheechan/FL-dataset-generation-opencv_features2d_TF_bot30/work/opencv_features2d_TF_bot30/working_env/faster7.swtv/core3/opencv_features2d_TF_bot30/build/3rdparty/ippicv/ippicv_lnx/iw/include/iw++/iw_image.hpp:1356:17: note: overridden virtual function is here
    virtual int GetSrcRoi(ipp::IwiRoi, ipp::IwiRoi&) const = 0;
                ^
warning: unknown warning option '-Wimplicit-fallthrough=3'; did you mean '-Wimplicit-fallthrough'? [-Wunknown-warning-option]
In file included from /home/yangheechan/FL-dataset-generation-opencv_features2d_TF_bot30/work/opencv_features2d_TF_bot30/working_env/faster7.swtv/core3/opencv_features2d_TF_bot30/modules/features2d/src/gftt.cpp:42:
In file included from /home/yangheechan/FL-dataset-generation-opencv_features2d_TF_bot30/work/opencv_features2d_TF_bot30/working_env/faster7.swtv/core3/opencv_features2d_TF_bot30/modules/features2d/src/precomp.hpp:50:
In file included from /home/yangheechan/FL-dataset-generation-opencv_features2d_TF_bot30/work/opencv_features2d_TF_bot30/working_env/faster7.swtv/core3/opencv_features2d_TF_bot30/modules/core/include/opencv2/core/private.hpp:246:
In file included from /home/yangheechan/FL-dataset-generation-opencv_features2d_TF_bot30/work/opencv_features2d_TF_bot30/working_env/faster7.swtv/core3/opencv_features2d_TF_bot30/build/3rdparty/ippicv/ippicv_lnx/iw/include/iw++/iw.hpp:17:
In file included from /home/yangheechan/FL-dataset-generation-opencv_features2d_TF_bot30/work/opencv_features2d_TF_bot30/working_env/faster7.swtv/core3/opencv_features2d_TF_bot30/build/3rdparty/ippicv/ippicv_lnx/iw/include/iw++/iw_image_color.hpp:17:
/home/yangheechan/FL-dataset-generation-opencv_features2d_TF_bot30/work/opencv_features2d_TF_bot30/working_env/faster7.swtv/core3/opencv_features2d_TF_bot30/build/3rdparty/ippicv/ippicv_lnx/iw/include/iw++/iw_image.hpp:1389:13: warning: 'operator const _IwiTileTransform *' overrides a member function but is not marked 'override' [-Wsuggest-override]
    virtual operator const ::IwiTileTransform*() const { return NULL; }
            ^
/home/yangheechan/FL-dataset-generation-opencv_features2d_TF_bot30/work/opencv_features2d_TF_bot30/working_env/faster7.swtv/core3/opencv_features2d_TF_bot30/build/3rdparty/ippicv/ippicv_lnx/iw/include/iw++/iw_image.hpp:1362:13: note: overridden virtual function is here
    virtual operator const ::IwiTileTransform*() const { return &transformStruct; }
            ^
/home/yangheechan/FL-dataset-generation-opencv_features2d_TF_bot30/work/opencv_features2d_TF_bot30/working_env/faster7.swtv/core3/opencv_features2d_TF_bot30/build/3rdparty/ippicv/ippicv_lnx/iw/include/iw++/iw_image.hpp:1391:19: warning: 'Clone' overrides a member function but is not marked 'override' [-Wsuggest-override]
    virtual void* Clone() const
                  ^
/home/yangheechan/FL-dataset-generation-opencv_features2d_TF_bot30/work/opencv_features2d_TF_bot30/working_env/faster7.swtv/core3/opencv_features2d_TF_bot30/build/3rdparty/ippicv/ippicv_lnx/iw/include/iw++/iw_image.hpp:1359:19: note: overridden virtual function is here
    virtual void* Clone() const = 0;
                  ^
/home/yangheechan/FL-dataset-generation-opencv_features2d_TF_bot30/work/opencv_features2d_TF_bot30/working_env/faster7.swtv/core3/opencv_features2d_TF_bot30/build/3rdparty/ippicv/ippicv_lnx/iw/include/iw++/iw_image.hpp:1398:17: warning: 'GetSrcRoi' overrides a member function but is not marked 'override' [-Wsuggest-override]
    virtual int GetSrcRoi(ipp::IwiRoi, ipp::IwiRoi&) const
                ^
/home/yangheechan/FL-dataset-generation-opencv_features2d_TF_bot30/work/opencv_features2d_TF_bot30/working_env/faster7.swtv/core3/opencv_features2d_TF_bot30/build/3rdparty/ippicv/ippicv_lnx/iw/include/iw++/iw_image.hpp:1356:17: note: overridden virtual function is here
    virtual int GetSrcRoi(ipp::IwiRoi, ipp::IwiRoi&) const = 0;
                ^
4 warnings generated.
4 warnings generated.
