
+++++ results for akaze.MUT19.cpp +++++
+++++ STDOUT +++++
done with option i: 91 64 76 170 156 99 105 108 113 189 190 200 208 210 81 84 93 119 120 121 122 124 125 127 130 132 133 134 135 137 139 140 147 149 152 154 159 161 163 165 166 167 168 169 173 178 179 181 182 183 185 186 123 131 136 172 115 116 117 160 171 175 180 184 
done with option o: /home/yangheechan/FL-dataset-generation-opencv_features2d_TF_bot30/out/opencv_features2d_TF_bot30/generated_mutants-mbfl-trial1/akaze.MUT19.cpp/opencv_features2d_TF_bot30-opencv_features2d_TF_bot30--modules--features2d--src--kaze.cpp/
done with option l: 5
added ARGARINEG
added ARGBITNEG
added ARGDEL
added ARGINCDEC
added ARGLOGNEG
added ARGREPREQ
added ARGSTCALI
added ARGSTCDIF
added CGCR
added CGSR
added CLCR
added CLSR
added CRCR
added DIRVARARINEG
added DIRVARBITNEG
added DIRVARINCDEC
added DIRVARLOGNEG
added DIRVARREPCON
added DIRVARREPEXT
added DIRVARREPGLO
added DIRVARREPLOC
added DIRVARREPPAR
added DIRVARREPREQ
added FUNCALDEL
added INDVARARINEG
added INDVARBITNEG
added INDVARINCDEC
added INDVARLOGNEG
added INDVARREPCON
added INDVARREPEXT
added INDVARREPGLO
added INDVARREPLOC
added INDVARREPPAR
added INDVARREPREQ
added OAAA
added OAAN
added OABA
added OABN
added OAEA
added OALN
added OARN
added OASA
added OASN
added OBAA
added OBAN
added OBBA
added OBBN
added OBEA
added OBLN
added OBNG
added OBRN
added OBSA
added OBSN
added OCOR
added OEAA
added OEBA
added OESA
added OIPM
added OLAN
added OLBN
added OLLN
added OLNG
added OLRN
added OLSN
added OMMO
added OPPO
added ORAN
added ORBN
added ORLN
added ORRN
added ORSN
added OSAA
added OSAN
added OSBA
added OSBN
added OSEA
added OSLN
added OSRN
added OSSA
added OSSN
added SSOM
added VASM
added VDTR
added VGAR
added VGPR
added VGSR
added VGTR
added VLAR
added VLPR
added VLSR
added VLTR
added VSCR
added VTWD
done with option m
disabling DirVarAriNeg,DirVarBitNeg,DirVarLogNeg,DirVarIncDec,DirVarRepReq,DirVarRepCon,DirVarRepPar,DirVarRepGlo,DirVarRepExt,DirVarRepLoc,IndVarAriNeg,IndVarBitNeg,IndVarLogNeg,IndVarIncDec,IndVarRepReq,IndVarRepCon,IndVarRepPar,IndVarRepGlo,IndVarRepExt,IndVarRepLoc,STRI
g_inputfile_name = kaze.cpp
g_mutdbfile_name = /home/yangheechan/FL-dataset-generation-opencv_features2d_TF_bot30/out/opencv_features2d_TF_bot30/generated_mutants-mbfl-trial1/akaze.MUT19.cpp/opencv_features2d_TF_bot30-opencv_features2d_TF_bot30--modules--features2d--src--kaze.cpp/kaze_mut_db.csv
executing action from GatherDataAction
Done GatherDataAction
0
kaze.cpp
(1 : 1)
(214 : 1)
executing action from GenerateMutantAction
done execute action
opened file name /home/yangheechan/FL-dataset-generation-opencv_features2d_TF_bot30/out/opencv_features2d_TF_bot30/generated_mutants-mbfl-trial1/akaze.MUT19.cpp/opencv_features2d_TF_bot30-opencv_features2d_TF_bot30--modules--features2d--src--kaze.cpp/kaze_mut_db.csv
ArgAriNeg 4
ArgBitNeg 2
ArgDel 11
ArgIncDec 7
ArgLogNeg 13
ArgRepReq 72
ArgStcAli 3
ArgStcDif 15
CGCR 0
CGSR 0
CLCR 4
CLSR 0
CRCR 37
CovAllEdg 8
CovAllNod 19
DirVarAriNeg 0
DirVarBitNeg 0
DirVarIncDec 0
DirVarLogNeg 0
DirVarRepCon 0
DirVarRepExt 0
DirVarRepGlo 0
DirVarRepLoc 0
DirVarRepPar 0
DirVarRepReq 0
FunCalDel 37
IndVarAriNeg 0
IndVarBitNeg 0
IndVarIncDec 0
IndVarLogNeg 0
IndVarRepCon 0
IndVarRepExt 0
IndVarRepGlo 0
IndVarRepLoc 0
IndVarRepPar 0
IndVarRepReq 0
OAAA 0
OAAN 1
OABA 0
OABN 0
OAEA 0
OALN 0
OARN 1
OASA 0
OASN 0
OBAA 0
OBAN 0
OBBA 0
OBBN 0
OBEA 0
OBLN 0
OBNG 0
OBRN 0
OBSA 0
OBSN 0
OCNG 6
OCOR 7
OEAA 28
OEBA 9
OESA 6
OIPM 0
OLAN 0
OLBN 0
OLLN 0
OLNG 0
OLRN 0
OLSN 0
OMMO 0
OPPO 0
ORAN 11
ORBN 6
ORLN 2
ORRN 10
ORSN 1
OSAA 0
OSAN 0
OSBA 0
OSBN 0
OSEA 0
OSLN 0
OSRN 0
OSSA 0
OSSN 0
RetStaDel 5
SBRC 0
SBRN 0
SCRB 0
SCRN 0
SDWD 0
SGLR 0
SMTC 0
SMTT 0
SMVB 0
SRSR 0
SSDL 24
SSOM 0
SSWM 0
STRI 0
STRP 25
SWDD 0
VASM 0
VDTR 21
VGAR 0
VGPR 0
VGSR 0
VGTR 0
VLAR 0
VLPR 0
VLSR 8
VLTR 0
VSCR 36
VTWD 17
Done tooling on /home/yangheechan/FL-dataset-generation-opencv_features2d_TF_bot30/work/opencv_features2d_TF_bot30/working_env/faster23.swtv/core1/opencv_features2d_TF_bot30/modules/features2d/src/kaze.cpp
done with option i: 195 199 210 219 78 132 137 59 63 50 125 89 114 122 99 65 70 80 82 87 91 106 120 128 134 139 141 144 145 74 150 161 179 185 189 191 193 197 202 204 84 93 101 174 177 180 181 183 186 187 207 209 214 216 221 118 
done with option o: /home/yangheechan/FL-dataset-generation-opencv_features2d_TF_bot30/out/opencv_features2d_TF_bot30/generated_mutants-mbfl-trial1/akaze.MUT19.cpp/opencv_features2d_TF_bot30-opencv_features2d_TF_bot30--modules--features2d--src--feature2d.cpp/
done with option l: 5
added ARGARINEG
added ARGBITNEG
added ARGDEL
added ARGINCDEC
added ARGLOGNEG
added ARGREPREQ
added ARGSTCALI
added ARGSTCDIF
added CGCR
added CGSR
added CLCR
added CLSR
added CRCR
added DIRVARARINEG
added DIRVARBITNEG
added DIRVARINCDEC
added DIRVARLOGNEG
added DIRVARREPCON
added DIRVARREPEXT
added DIRVARREPGLO
added DIRVARREPLOC
added DIRVARREPPAR
added DIRVARREPREQ
added FUNCALDEL
added INDVARARINEG
added INDVARBITNEG
added INDVARINCDEC
added INDVARLOGNEG
added INDVARREPCON
added INDVARREPEXT
added INDVARREPGLO
added INDVARREPLOC
added INDVARREPPAR
added INDVARREPREQ
added OAAA
added OAAN
added OABA
added OABN
added OAEA
added OALN
added OARN
added OASA
added OASN
added OBAA
added OBAN
added OBBA
added OBBN
added OBEA
added OBLN
added OBNG
added OBRN
added OBSA
added OBSN
added OCOR
added OEAA
added OEBA
added OESA
added OIPM
added OLAN
added OLBN
added OLLN
added OLNG
added OLRN
added OLSN
added OMMO
added OPPO
added ORAN
added ORBN
added ORLN
added ORRN
added ORSN
added OSAA
added OSAN
added OSBA
added OSBN
added OSEA
added OSLN
added OSRN
added OSSA
added OSSN
added SSOM
added VASM
added VDTR
added VGAR
added VGPR
added VGSR
added VGTR
added VLAR
added VLPR
added VLSR
added VLTR
added VSCR
added VTWD
done with option m
disabling DirVarAriNeg,DirVarBitNeg,DirVarLogNeg,DirVarIncDec,DirVarRepReq,DirVarRepCon,DirVarRepPar,DirVarRepGlo,DirVarRepExt,DirVarRepLoc,IndVarAriNeg,IndVarBitNeg,IndVarLogNeg,IndVarIncDec,IndVarRepReq,IndVarRepCon,IndVarRepPar,IndVarRepGlo,IndVarRepExt,IndVarRepLoc,STRI
g_inputfile_name = feature2d.cpp
g_mutdbfile_name = /home/yangheechan/FL-dataset-generation-opencv_features2d_TF_bot30/out/opencv_features2d_TF_bot30/generated_mutants-mbfl-trial1/akaze.MUT19.cpp/opencv_features2d_TF_bot30-opencv_features2d_TF_bot30--modules--features2d--src--feature2d.cpp/feature2d_mut_db.csv
executing action from GatherDataAction
Done GatherDataAction
0
feature2d.cpp
(1 : 1)
(225 : 1)
executing action from GenerateMutantAction
done execute action
opened file name /home/yangheechan/FL-dataset-generation-opencv_features2d_TF_bot30/out/opencv_features2d_TF_bot30/generated_mutants-mbfl-trial1/akaze.MUT19.cpp/opencv_features2d_TF_bot30-opencv_features2d_TF_bot30--modules--features2d--src--feature2d.cpp/feature2d_mut_db.csv
ArgAriNeg 2
ArgBitNeg 4
ArgDel 12
ArgIncDec 7
ArgLogNeg 2
ArgRepReq 19
ArgStcAli 0
ArgStcDif 3
CGCR 0
CGSR 0
CLCR 0
CLSR 5
CRCR 9
CovAllEdg 18
CovAllNod 17
DirVarAriNeg 0
DirVarBitNeg 0
DirVarIncDec 0
DirVarLogNeg 0
DirVarRepCon 0
DirVarRepExt 0
DirVarRepGlo 0
DirVarRepLoc 0
DirVarRepPar 0
DirVarRepReq 0
FunCalDel 45
IndVarAriNeg 0
IndVarBitNeg 0
IndVarIncDec 0
IndVarLogNeg 0
IndVarRepCon 0
IndVarRepExt 0
IndVarRepGlo 0
IndVarRepLoc 0
IndVarRepPar 0
IndVarRepReq 0
OAAA 0
OAAN 0
OABA 0
OABN 0
OAEA 0
OALN 0
OARN 0
OASA 0
OASN 0
OBAA 0
OBAN 0
OBBA 0
OBBN 0
OBEA 0
OBLN 0
OBNG 0
OBRN 0
OBSA 0
OBSN 0
OCNG 6
OCOR 9
OEAA 0
OEBA 0
OESA 0
OIPM 0
OLAN 0
OLBN 0
OLLN 0
OLNG 0
OLRN 0
OLSN 0
OMMO 0
OPPO 0
ORAN 6
ORBN 4
ORLN 4
ORRN 6
ORSN 0
OSAA 0
OSAN 0
OSBA 0
OSBN 0
OSEA 0
OSLN 0
OSRN 0
OSSA 0
OSSN 0
RetStaDel 4
SBRC 0
SBRN 0
SCRB 0
SCRN 0
SDWD 0
SGLR 0
SMTC 0
SMTT 0
SMVB 0
SRSR 5
SSDL 14
SSOM 0
SSWM 0
STRI 0
STRP 16
SWDD 0
VASM 0
VDTR 6
VGAR 0
VGPR 0
VGSR 0
VGTR 0
VLAR 0
VLPR 0
VLSR 3
VLTR 0
VSCR 0
VTWD 8
Done tooling on /home/yangheechan/FL-dataset-generation-opencv_features2d_TF_bot30/work/opencv_features2d_TF_bot30/working_env/faster23.swtv/core1/opencv_features2d_TF_bot30/modules/features2d/src/feature2d.cpp
done with option i: 208 112 195 197 185 189 198 55 69 72 74 80 82 105 141 143 199 211 284 200 174 178 179 181 182 187 190 256 212 219 221 
done with option o: /home/yangheechan/FL-dataset-generation-opencv_features2d_TF_bot30/out/opencv_features2d_TF_bot30/generated_mutants-mbfl-trial1/akaze.MUT19.cpp/opencv_features2d_TF_bot30-opencv_features2d_TF_bot30--modules--features2d--src--keypoint.cpp/
done with option l: 5
added ARGARINEG
added ARGBITNEG
added ARGDEL
added ARGINCDEC
added ARGLOGNEG
added ARGREPREQ
added ARGSTCALI
added ARGSTCDIF
added CGCR
added CGSR
added CLCR
added CLSR
added CRCR
added DIRVARARINEG
added DIRVARBITNEG
added DIRVARINCDEC
added DIRVARLOGNEG
added DIRVARREPCON
added DIRVARREPEXT
added DIRVARREPGLO
added DIRVARREPLOC
added DIRVARREPPAR
added DIRVARREPREQ
added FUNCALDEL
added INDVARARINEG
added INDVARBITNEG
added INDVARINCDEC
added INDVARLOGNEG
added INDVARREPCON
added INDVARREPEXT
added INDVARREPGLO
added INDVARREPLOC
added INDVARREPPAR
added INDVARREPREQ
added OAAA
added OAAN
added OABA
added OABN
added OAEA
added OALN
added OARN
added OASA
added OASN
added OBAA
added OBAN
added OBBA
added OBBN
added OBEA
added OBLN
added OBNG
added OBRN
added OBSA
added OBSN
added OCOR
added OEAA
added OEBA
added OESA
added OIPM
added OLAN
added OLBN
added OLLN
added OLNG
added OLRN
added OLSN
added OMMO
added OPPO
added ORAN
added ORBN
added ORLN
added ORRN
added ORSN
added OSAA
added OSAN
added OSBA
added OSBN
added OSEA
added OSLN
added OSRN
added OSSA
added OSSN
added SSOM
added VASM
added VDTR
added VGAR
added VGPR
added VGSR
added VGTR
added VLAR
added VLPR
added VLSR
added VLTR
added VSCR
added VTWD
done with option m
disabling DirVarAriNeg,DirVarBitNeg,DirVarLogNeg,DirVarIncDec,DirVarRepReq,DirVarRepCon,DirVarRepPar,DirVarRepGlo,DirVarRepExt,DirVarRepLoc,IndVarAriNeg,IndVarBitNeg,IndVarLogNeg,IndVarIncDec,IndVarRepReq,IndVarRepCon,IndVarRepPar,IndVarRepGlo,IndVarRepExt,IndVarRepLoc,STRI
g_inputfile_name = keypoint.cpp
g_mutdbfile_name = /home/yangheechan/FL-dataset-generation-opencv_features2d_TF_bot30/out/opencv_features2d_TF_bot30/generated_mutants-mbfl-trial1/akaze.MUT19.cpp/opencv_features2d_TF_bot30-opencv_features2d_TF_bot30--modules--features2d--src--keypoint.cpp/keypoint_mut_db.csv
executing action from GatherDataAction
found a template type: T
Done GatherDataAction
0
keypoint.cpp
(1 : 1)
(292 : 1)
executing action from GenerateMutantAction
done execute action
opened file name /home/yangheechan/FL-dataset-generation-opencv_features2d_TF_bot30/out/opencv_features2d_TF_bot30/generated_mutants-mbfl-trial1/akaze.MUT19.cpp/opencv_features2d_TF_bot30-opencv_features2d_TF_bot30--modules--features2d--src--keypoint.cpp/keypoint_mut_db.csv
ArgAriNeg 1
ArgBitNeg 3
ArgDel 5
ArgIncDec 4
ArgLogNeg 0
ArgRepReq 19
ArgStcAli 0
ArgStcDif 7
CGCR 0
CGSR 0
CLCR 1
CLSR 4
CRCR 18
CovAllEdg 5
CovAllNod 4
DirVarAriNeg 0
DirVarBitNeg 0
DirVarIncDec 0
DirVarLogNeg 0
DirVarRepCon 0
DirVarRepExt 0
DirVarRepGlo 0
DirVarRepLoc 0
DirVarRepPar 0
DirVarRepReq 0
FunCalDel 10
IndVarAriNeg 0
IndVarBitNeg 0
IndVarIncDec 0
IndVarLogNeg 0
IndVarRepCon 0
IndVarRepExt 0
IndVarRepGlo 0
IndVarRepLoc 0
IndVarRepPar 0
IndVarRepReq 0
OAAA 0
OAAN 1
OABA 0
OABN 0
OAEA 0
OALN 1
OARN 1
OASA 0
OASN 1
OBAA 0
OBAN 0
OBBA 0
OBBN 0
OBEA 0
OBLN 0
OBNG 0
OBRN 0
OBSA 0
OBSN 0
OCNG 1
OCOR 5
OEAA 0
OEBA 0
OESA 0
OIPM 0
OLAN 1
OLBN 1
OLLN 1
OLNG 0
OLRN 1
OLSN 1
OMMO 0
OPPO 0
ORAN 13
ORBN 3
ORLN 8
ORRN 12
ORSN 2
OSAA 0
OSAN 0
OSBA 0
OSBN 0
OSEA 0
OSLN 0
OSRN 0
OSSA 0
OSSN 0
RetStaDel 2
SBRC 0
SBRN 0
SCRB 0
SCRN 0
SDWD 0
SGLR 0
SMTC 0
SMTT 0
SMVB 0
SRSR 8
SSDL 10
SSOM 0
SSWM 0
STRI 0
STRP 5
SWDD 0
VASM 0
VDTR 15
VGAR 0
VGPR 0
VGSR 0
VGTR 0
VLAR 0
VLPR 0
VLSR 7
VLTR 0
VSCR 6
VTWD 12
Done tooling on /home/yangheechan/FL-dataset-generation-opencv_features2d_TF_bot30/work/opencv_features2d_TF_bot30/working_env/faster23.swtv/core1/opencv_features2d_TF_bot30/modules/features2d/src/keypoint.cpp
done with option i: 76 142 108 66 69 71 72 117 119 134 144 179 180 182 183 184 185 187 208 210 212 215 268 65 67 70 176 97 102 103 129 147 160 164 165 199 223 225 249 79 106 114 189 190 192 197 202 169 174 181 186 194 213 262 227 228 229 236 237 242 245 68 120 136 
done with option o: /home/yangheechan/FL-dataset-generation-opencv_features2d_TF_bot30/out/opencv_features2d_TF_bot30/generated_mutants-mbfl-trial1/akaze.MUT19.cpp/opencv_features2d_TF_bot30-opencv_features2d_TF_bot30--modules--features2d--src--akaze.cpp/
done with option l: 5
added ARGARINEG
added ARGBITNEG
added ARGDEL
added ARGINCDEC
added ARGLOGNEG
added ARGREPREQ
added ARGSTCALI
added ARGSTCDIF
added CGCR
added CGSR
added CLCR
added CLSR
added CRCR
added DIRVARARINEG
added DIRVARBITNEG
added DIRVARINCDEC
added DIRVARLOGNEG
added DIRVARREPCON
added DIRVARREPEXT
added DIRVARREPGLO
added DIRVARREPLOC
added DIRVARREPPAR
added DIRVARREPREQ
added FUNCALDEL
added INDVARARINEG
added INDVARBITNEG
added INDVARINCDEC
added INDVARLOGNEG
added INDVARREPCON
added INDVARREPEXT
added INDVARREPGLO
added INDVARREPLOC
added INDVARREPPAR
added INDVARREPREQ
added OAAA
added OAAN
added OABA
added OABN
added OAEA
added OALN
added OARN
added OASA
added OASN
added OBAA
added OBAN
added OBBA
added OBBN
added OBEA
added OBLN
added OBNG
added OBRN
added OBSA
added OBSN
added OCOR
added OEAA
added OEBA
added OESA
added OIPM
added OLAN
added OLBN
added OLLN
added OLNG
added OLRN
added OLSN
added OMMO
added OPPO
added ORAN
added ORBN
added ORLN
added ORRN
added ORSN
added OSAA
added OSAN
added OSBA
added OSBN
added OSEA
added OSLN
added OSRN
added OSSA
added OSSN
added SSOM
added VASM
added VDTR
added VGAR
added VGPR
added VGSR
added VGTR
added VLAR
added VLPR
added VLSR
added VLTR
added VSCR
added VTWD
done with option m
disabling DirVarAriNeg,DirVarBitNeg,DirVarLogNeg,DirVarIncDec,DirVarRepReq,DirVarRepCon,DirVarRepPar,DirVarRepGlo,DirVarRepExt,DirVarRepLoc,IndVarAriNeg,IndVarBitNeg,IndVarLogNeg,IndVarIncDec,IndVarRepReq,IndVarRepCon,IndVarRepPar,IndVarRepGlo,IndVarRepExt,IndVarRepLoc,STRI
g_inputfile_name = akaze.cpp
g_mutdbfile_name = /home/yangheechan/FL-dataset-generation-opencv_features2d_TF_bot30/out/opencv_features2d_TF_bot30/generated_mutants-mbfl-trial1/akaze.MUT19.cpp/opencv_features2d_TF_bot30-opencv_features2d_TF_bot30--modules--features2d--src--akaze.cpp/akaze_mut_db.csv
executing action from GatherDataAction
Done GatherDataAction
0
akaze.cpp
(1 : 1)
(277 : 1)
executing action from GenerateMutantAction
done execute action
opened file name /home/yangheechan/FL-dataset-generation-opencv_features2d_TF_bot30/out/opencv_features2d_TF_bot30/generated_mutants-mbfl-trial1/akaze.MUT19.cpp/opencv_features2d_TF_bot30-opencv_features2d_TF_bot30--modules--features2d--src--akaze.cpp/akaze_mut_db.csv
ArgAriNeg 5
ArgBitNeg 1
ArgDel 5
ArgIncDec 4
ArgLogNeg 7
ArgRepReq 38
ArgStcAli 0
ArgStcDif 7
CGCR 0
CGSR 0
CLCR 10
CLSR 2
CRCR 46
CovAllEdg 10
CovAllNod 23
DirVarAriNeg 0
DirVarBitNeg 0
DirVarIncDec 0
DirVarLogNeg 0
DirVarRepCon 0
DirVarRepExt 0
DirVarRepGlo 0
DirVarRepLoc 0
DirVarRepPar 0
DirVarRepReq 0
FunCalDel 23
IndVarAriNeg 0
IndVarBitNeg 0
IndVarIncDec 0
IndVarLogNeg 0
IndVarRepCon 0
IndVarRepExt 0
IndVarRepGlo 0
IndVarRepLoc 0
IndVarRepPar 0
IndVarRepReq 0
OAAA 0
OAAN 1
OABA 0
OABN 1
OAEA 0
OALN 2
OARN 0
OASA 0
OASN 1
OBAA 0
OBAN 0
OBBA 0
OBBN 0
OBEA 0
OBLN 0
OBNG 0
OBRN 0
OBSA 0
OBSN 0
OCNG 2
OCOR 6
OEAA 11
OEBA 11
OESA 8
OIPM 0
OLAN 0
OLBN 0
OLLN 0
OLNG 0
OLRN 1
OLSN 0
OMMO 0
OPPO 0
ORAN 1
ORBN 2
ORLN 0
ORRN 2
ORSN 2
OSAA 0
OSAN 0
OSBA 0
OSBN 0
OSEA 0
OSLN 0
OSRN 0
OSSA 0
OSSN 0
RetStaDel 6
SBRC 0
SBRN 0
SCRB 0
SCRN 0
SDWD 0
SGLR 0
SMTC 0
SMTT 0
SMVB 0
SRSR 24
SSDL 19
SSOM 0
SSWM 0
STRI 0
STRP 22
SWDD 0
VASM 0
VDTR 44
VGAR 0
VGPR 0
VGSR 0
VGTR 0
VLAR 0
VLPR 0
VLSR 37
VLTR 0
VSCR 50
VTWD 29
Done tooling on /home/yangheechan/FL-dataset-generation-opencv_features2d_TF_bot30/work/opencv_features2d_TF_bot30/working_env/faster23.swtv/core1/opencv_features2d_TF_bot30/modules/features2d/src/akaze.cpp
done with option i: 565 569 571 576 577 584 727 639 723 773 775 777 779 782 836 837 839 841 844 848 850 882 886 887 890 1022 853 878 974 1054 1056 1059 856 858 860 861 862 1047 880 893 908 911 912 914 921 923 925 929 962 963 965 967 968 969 978 979 983 984 986 988 990 995 998 1015 1032 1034 1036 1038 1040 1042 1044 1045 1092 593 595 596 598 600 1088 606 608 611 613 617 618 620 623 625 628 629 630 632 633 634 635 636 638 645 657 659 660 663 666 672 674 677 680 683 684 686 688 689 690 692 695 700 701 704 705 710 714 716 718 721 842 843 503 507 586 652 766 761 869 546 547 548 552 553 556 558 560 1007 1009 1010 1012 1013 724 465 726 
done with option o: /home/yangheechan/FL-dataset-generation-opencv_features2d_TF_bot30/out/opencv_features2d_TF_bot30/generated_mutants-mbfl-trial1/akaze.MUT19.cpp/opencv_features2d_TF_bot30-opencv_features2d_TF_bot30--modules--features2d--src--matchers.cpp/
done with option l: 5
added ARGARINEG
added ARGBITNEG
added ARGDEL
added ARGINCDEC
added ARGLOGNEG
added ARGREPREQ
added ARGSTCALI
added ARGSTCDIF
added CGCR
added CGSR
added CLCR
added CLSR
added CRCR
added DIRVARARINEG
added DIRVARBITNEG
added DIRVARINCDEC
added DIRVARLOGNEG
added DIRVARREPCON
added DIRVARREPEXT
added DIRVARREPGLO
added DIRVARREPLOC
added DIRVARREPPAR
added DIRVARREPREQ
added FUNCALDEL
added INDVARARINEG
added INDVARBITNEG
added INDVARINCDEC
added INDVARLOGNEG
added INDVARREPCON
added INDVARREPEXT
added INDVARREPGLO
added INDVARREPLOC
added INDVARREPPAR
added INDVARREPREQ
added OAAA
added OAAN
added OABA
added OABN
added OAEA
added OALN
added OARN
added OASA
added OASN
added OBAA
added OBAN
added OBBA
added OBBN
added OBEA
added OBLN
added OBNG
added OBRN
added OBSA
added OBSN
added OCOR
added OEAA
added OEBA
added OESA
added OIPM
added OLAN
added OLBN
added OLLN
added OLNG
added OLRN
added OLSN
added OMMO
added OPPO
added ORAN
added ORBN
added ORLN
added ORRN
added ORSN
added OSAA
added OSAN
added OSBA
added OSBN
added OSEA
added OSLN
added OSRN
added OSSA
added OSSN
added SSOM
added VASM
added VDTR
added VGAR
added VGPR
added VGSR
added VGTR
added VLAR
added VLPR
added VLSR
added VLTR
added VSCR
added VTWD
done with option m
disabling DirVarAriNeg,DirVarBitNeg,DirVarLogNeg,DirVarIncDec,DirVarRepReq,DirVarRepCon,DirVarRepPar,DirVarRepGlo,DirVarRepExt,DirVarRepLoc,IndVarAriNeg,IndVarBitNeg,IndVarLogNeg,IndVarIncDec,IndVarRepReq,IndVarRepCon,IndVarRepPar,IndVarRepGlo,IndVarRepExt,IndVarRepLoc,STRI
g_inputfile_name = matchers.cpp
g_mutdbfile_name = /home/yangheechan/FL-dataset-generation-opencv_features2d_TF_bot30/out/opencv_features2d_TF_bot30/generated_mutants-mbfl-trial1/akaze.MUT19.cpp/opencv_features2d_TF_bot30-opencv_features2d_TF_bot30--modules--features2d--src--matchers.cpp/matchers_mut_db.csv
executing action from GatherDataAction
Done GatherDataAction
0
matchers.cpp
(1 : 1)
(1467 : 1)
executing action from GenerateMutantAction
done execute action
opened file name /home/yangheechan/FL-dataset-generation-opencv_features2d_TF_bot30/out/opencv_features2d_TF_bot30/generated_mutants-mbfl-trial1/akaze.MUT19.cpp/opencv_features2d_TF_bot30-opencv_features2d_TF_bot30--modules--features2d--src--matchers.cpp/matchers_mut_db.csv
ArgAriNeg 18
ArgBitNeg 19
ArgDel 53
ArgIncDec 34
ArgLogNeg 24
ArgRepReq 166
ArgStcAli 7
ArgStcDif 25
CGCR 0
CGSR 0
CLCR 1
CLSR 13
CRCR 43
CovAllEdg 24
CovAllNod 33
DirVarAriNeg 0
DirVarBitNeg 0
DirVarIncDec 0
DirVarLogNeg 0
DirVarRepCon 0
DirVarRepExt 0
DirVarRepGlo 0
DirVarRepLoc 0
DirVarRepPar 0
DirVarRepReq 0
FunCalDel 58
IndVarAriNeg 0
IndVarBitNeg 0
IndVarIncDec 0
IndVarLogNeg 0
IndVarRepCon 0
IndVarRepExt 0
IndVarRepGlo 0
IndVarRepLoc 0
IndVarRepPar 0
IndVarRepReq 0
OAAA 0
OAAN 1
OABA 0
OABN 1
OAEA 0
OALN 0
OARN 1
OASA 0
OASN 0
OBAA 0
OBAN 1
OBBA 0
OBBN 0
OBEA 0
OBLN 0
OBNG 0
OBRN 2
OBSA 0
OBSN 1
OCNG 9
OCOR 2
OEAA 0
OEBA 2
OESA 1
OIPM 0
OLAN 21
OLBN 17
OLLN 4
OLNG 13
OLRN 21
OLSN 12
OMMO 0
OPPO 7
ORAN 15
ORBN 9
ORLN 5
ORRN 10
ORSN 1
OSAA 0
OSAN 0
OSBA 0
OSBN 1
OSEA 0
OSLN 0
OSRN 0
OSSA 0
OSSN 0
RetStaDel 3
SBRC 0
SBRN 0
SCRB 2
SCRN 0
SDWD 0
SGLR 0
SMTC 0
SMTT 0
SMVB 0
SRSR 17
SSDL 40
SSOM 0
SSWM 0
STRI 0
STRP 40
SWDD 0
VASM 0
VDTR 51
VGAR 0
VGPR 0
VGSR 0
VGTR 0
VLAR 0
VLPR 0
VLSR 45
VLTR 0
VSCR 11
VTWD 28
Done tooling on /home/yangheechan/FL-dataset-generation-opencv_features2d_TF_bot30/work/opencv_features2d_TF_bot30/working_env/faster23.swtv/core1/opencv_features2d_TF_bot30/modules/features2d/src/matchers.cpp
done with option i: 53 95 70 82 83 86 103 107 109 87 89 54 116 129 133 172 66 67 68 69 71 72 75 76 73 74 78 80 81 84 85 91 92 94 98 100 101 104 106 110 112 114 125 61 64 142 144 150 97 47 138 139 140 180 
done with option o: /home/yangheechan/FL-dataset-generation-opencv_features2d_TF_bot30/out/opencv_features2d_TF_bot30/generated_mutants-mbfl-trial1/akaze.MUT19.cpp/opencv_features2d_TF_bot30-opencv_features2d_TF_bot30--modules--features2d--src--gftt.cpp/
done with option l: 5
added ARGARINEG
added ARGBITNEG
added ARGDEL
added ARGINCDEC
added ARGLOGNEG
added ARGREPREQ
added ARGSTCALI
added ARGSTCDIF
added CGCR
added CGSR
added CLCR
added CLSR
added CRCR
added DIRVARARINEG
added DIRVARBITNEG
added DIRVARINCDEC
added DIRVARLOGNEG
added DIRVARREPCON
added DIRVARREPEXT
added DIRVARREPGLO
added DIRVARREPLOC
added DIRVARREPPAR
added DIRVARREPREQ
added FUNCALDEL
added INDVARARINEG
added INDVARBITNEG
added INDVARINCDEC
added INDVARLOGNEG
added INDVARREPCON
added INDVARREPEXT
added INDVARREPGLO
added INDVARREPLOC
added INDVARREPPAR
added INDVARREPREQ
added OAAA
added OAAN
added OABA
added OABN
added OAEA
added OALN
added OARN
added OASA
added OASN
added OBAA
added OBAN
added OBBA
added OBBN
added OBEA
added OBLN
added OBNG
added OBRN
added OBSA
added OBSN
added OCOR
added OEAA
added OEBA
added OESA
added OIPM
added OLAN
added OLBN
added OLLN
added OLNG
added OLRN
added OLSN
added OMMO
added OPPO
added ORAN
added ORBN
added ORLN
added ORRN
added ORSN
added OSAA
added OSAN
added OSBA
added OSBN
added OSEA
added OSLN
added OSRN
added OSSA
added OSSN
added SSOM
added VASM
added VDTR
added VGAR
added VGPR
added VGSR
added VGTR
added VLAR
added VLPR
added VLSR
added VLTR
added VSCR
added VTWD
done with option m
disabling DirVarAriNeg,DirVarBitNeg,DirVarLogNeg,DirVarIncDec,DirVarRepReq,DirVarRepCon,DirVarRepPar,DirVarRepGlo,DirVarRepExt,DirVarRepLoc,IndVarAriNeg,IndVarBitNeg,IndVarLogNeg,IndVarIncDec,IndVarRepReq,IndVarRepCon,IndVarRepPar,IndVarRepGlo,IndVarRepExt,IndVarRepLoc,STRI
g_inputfile_name = gftt.cpp
g_mutdbfile_name = /home/yangheechan/FL-dataset-generation-opencv_features2d_TF_bot30/out/opencv_features2d_TF_bot30/generated_mutants-mbfl-trial1/akaze.MUT19.cpp/opencv_features2d_TF_bot30-opencv_features2d_TF_bot30--modules--features2d--src--gftt.cpp/gftt_mut_db.csv
executing action from GatherDataAction
Done GatherDataAction
0
gftt.cpp
(1 : 1)
(186 : 1)
executing action from GenerateMutantAction
done execute action
opened file name /home/yangheechan/FL-dataset-generation-opencv_features2d_TF_bot30/out/opencv_features2d_TF_bot30/generated_mutants-mbfl-trial1/akaze.MUT19.cpp/opencv_features2d_TF_bot30-opencv_features2d_TF_bot30--modules--features2d--src--gftt.cpp/gftt_mut_db.csv
ArgAriNeg 7
ArgBitNeg 1
ArgDel 7
ArgIncDec 14
ArgLogNeg 17
ArgRepReq 46
ArgStcAli 1
ArgStcDif 16
CGCR 0
CGSR 0
CLCR 0
CLSR 0
CRCR 61
CovAllEdg 7
CovAllNod 17
DirVarAriNeg 0
DirVarBitNeg 0
DirVarIncDec 0
DirVarLogNeg 0
DirVarRepCon 0
DirVarRepExt 0
DirVarRepGlo 0
DirVarRepLoc 0
DirVarRepPar 0
DirVarRepReq 0
FunCalDel 28
IndVarAriNeg 0
IndVarBitNeg 0
IndVarIncDec 0
IndVarLogNeg 0
IndVarRepCon 0
IndVarRepExt 0
IndVarRepGlo 0
IndVarRepLoc 0
IndVarRepPar 0
IndVarRepReq 0
OAAA 0
OAAN 0
OABA 0
OABN 0
OAEA 0
OALN 0
OARN 0
OASA 0
OASN 0
OBAA 0
OBAN 0
OBBA 0
OBBN 0
OBEA 0
OBLN 0
OBNG 0
OBRN 0
OBSA 0
OBSN 0
OCNG 6
OCOR 0
OEAA 13
OEBA 6
OESA 3
OIPM 0
OLAN 0
OLBN 0
OLLN 0
OLNG 0
OLRN 0
OLSN 0
OMMO 0
OPPO 0
ORAN 2
ORBN 0
ORLN 2
ORRN 2
ORSN 1
OSAA 0
OSAN 0
OSBA 0
OSBN 0
OSEA 0
OSLN 0
OSRN 0
OSSA 0
OSSN 0
RetStaDel 4
SBRC 0
SBRN 0
SCRB 0
SCRN 0
SDWD 0
SGLR 0
SMTC 0
SMTT 0
SMVB 0
SRSR 4
SSDL 20
SSOM 0
SSWM 0
STRI 0
STRP 21
SWDD 0
VASM 0
VDTR 48
VGAR 0
VGPR 0
VGSR 0
VGTR 0
VLAR 0
VLPR 0
VLSR 6
VLTR 0
VSCR 52
VTWD 29
Done tooling on /home/yangheechan/FL-dataset-generation-opencv_features2d_TF_bot30/work/opencv_features2d_TF_bot30/working_env/faster23.swtv/core1/opencv_features2d_TF_bot30/modules/features2d/src/gftt.cpp
Testing version akaze.MUT19.cpp on faster23.swtv::core1
Found buggy line 3 in failing tcs, TC12.sh executed lines
Found buggy line 3 in failing tcs, TC13.sh executed lines
Found buggy line 3 in failing tcs, TC24.sh executed lines
Found buggy line 3 in failing tcs, TC25.sh executed lines
Found buggy line 3 in failing tcs, TC35.sh executed lines
>>> TOTAL Selected lines: 418
	 >>> Selected lines executed by failing tcs: 71
	 >>> Selected lines based on SBFL rank (desc): 210
	 >>> Selected lines based on SBFL rank (asc): 210
>> Applied patch to akaze.cpp with akaze.MUT19.cpp
>> Cleaning build for opencv_features2d_TF_bot30
>> Configuring opencv_features2d_TF_bot30 without coverage
>> Building opencv_features2d_TF_bot30
>> Generating mutants on akaze.MUT19.cpp of kaze.cpp
>> Generating mutants on akaze.MUT19.cpp of feature2d.cpp
>> Generating mutants on akaze.MUT19.cpp of keypoint.cpp
>> Generating mutants on akaze.MUT19.cpp of akaze.cpp
>> Generating mutants on akaze.MUT19.cpp of matchers.cpp
>> Generating mutants on akaze.MUT19.cpp of gftt.cpp
>> Reverted akaze.cpp to original from akaze.MUT19.cpp
>> Cleaning build for opencv_features2d_TF_bot30
>> Configuring opencv_features2d_TF_bot30 without coverage
>> Building opencv_features2d_TF_bot30
>> Total number of mutants: 2705
>> Total number of lines executed by failing test cases: 71
>> Mutants per file:
	 >> opencv_features2d_TF_bot30/modules/features2d/src/kaze.cpp: 456 mutants, 0 lines executed by failing test cases
	 >> opencv_features2d_TF_bot30/modules/features2d/src/feature2d.cpp: 234 mutants, 26 lines executed by failing test cases
	 >> opencv_features2d_TF_bot30/modules/features2d/src/keypoint.cpp: 199 mutants, 0 lines executed by failing test cases
	 >> opencv_features2d_TF_bot30/modules/features2d/src/akaze.cpp: 463 mutants, 45 lines executed by failing test cases
	 >> opencv_features2d_TF_bot30/modules/features2d/src/matchers.cpp: 912 mutants, 0 lines executed by failing test cases
	 >> opencv_features2d_TF_bot30/modules/features2d/src/gftt.cpp: 441 mutants, 0 lines executed by failing test cases
Testing on faster23.swtv::core1-p0
Testing on faster23.swtv::core1-p2
Testing on faster23.swtv::core1-p1
Job Process-1 has been finished: ['faster23.swtv', 'core1-p0', 'akaze.MUT19.cpp']
Job Process-2 has been finished: ['faster23.swtv', 'core1-p1', 'akaze.MUT19.cpp']
Job Process-3 has been finished: ['faster23.swtv', 'core1-p2', 'akaze.MUT19.cpp']
>> Zipped mutants on akaze.MUT19.cpp
>> Removed mutants on akaze.MUT19.cpp
>> Saving version akaze.MUT19.cpp to database
Finished testing version akaze.MUT19.cpp on faster23.swtv::core1

+++++ STDERR +++++
warning: unknown warning option '-Wimplicit-fallthrough=3'; did you mean '-Wimplicit-fallthrough'? [-Wunknown-warning-option]
In file included from /home/yangheechan/FL-dataset-generation-opencv_features2d_TF_bot30/work/opencv_features2d_TF_bot30/working_env/faster23.swtv/core1/opencv_features2d_TF_bot30/modules/features2d/src/kaze.cpp:50:
In file included from /home/yangheechan/FL-dataset-generation-opencv_features2d_TF_bot30/work/opencv_features2d_TF_bot30/working_env/faster23.swtv/core1/opencv_features2d_TF_bot30/modules/features2d/src/precomp.hpp:50:
In file included from /home/yangheechan/FL-dataset-generation-opencv_features2d_TF_bot30/work/opencv_features2d_TF_bot30/working_env/faster23.swtv/core1/opencv_features2d_TF_bot30/modules/core/include/opencv2/core/private.hpp:246:
In file included from /home/yangheechan/FL-dataset-generation-opencv_features2d_TF_bot30/work/opencv_features2d_TF_bot30/working_env/faster23.swtv/core1/opencv_features2d_TF_bot30/build/3rdparty/ippicv/ippicv_lnx/iw/include/iw++/iw.hpp:17:
In file included from /home/yangheechan/FL-dataset-generation-opencv_features2d_TF_bot30/work/opencv_features2d_TF_bot30/working_env/faster23.swtv/core1/opencv_features2d_TF_bot30/build/3rdparty/ippicv/ippicv_lnx/iw/include/iw++/iw_image_color.hpp:17:
/home/yangheechan/FL-dataset-generation-opencv_features2d_TF_bot30/work/opencv_features2d_TF_bot30/working_env/faster23.swtv/core1/opencv_features2d_TF_bot30/build/3rdparty/ippicv/ippicv_lnx/iw/include/iw++/iw_image.hpp:1389:13: warning: 'operator const _IwiTileTransform *' overrides a member function but is not marked 'override' [-Wsuggest-override]
    virtual operator const ::IwiTileTransform*() const { return NULL; }
            ^
/home/yangheechan/FL-dataset-generation-opencv_features2d_TF_bot30/work/opencv_features2d_TF_bot30/working_env/faster23.swtv/core1/opencv_features2d_TF_bot30/build/3rdparty/ippicv/ippicv_lnx/iw/include/iw++/iw_image.hpp:1362:13: note: overridden virtual function is here
    virtual operator const ::IwiTileTransform*() const { return &transformStruct; }
            ^
/home/yangheechan/FL-dataset-generation-opencv_features2d_TF_bot30/work/opencv_features2d_TF_bot30/working_env/faster23.swtv/core1/opencv_features2d_TF_bot30/build/3rdparty/ippicv/ippicv_lnx/iw/include/iw++/iw_image.hpp:1391:19: warning: 'Clone' overrides a member function but is not marked 'override' [-Wsuggest-override]
    virtual void* Clone() const
                  ^
/home/yangheechan/FL-dataset-generation-opencv_features2d_TF_bot30/work/opencv_features2d_TF_bot30/working_env/faster23.swtv/core1/opencv_features2d_TF_bot30/build/3rdparty/ippicv/ippicv_lnx/iw/include/iw++/iw_image.hpp:1359:19: note: overridden virtual function is here
    virtual void* Clone() const = 0;
                  ^
/home/yangheechan/FL-dataset-generation-opencv_features2d_TF_bot30/work/opencv_features2d_TF_bot30/working_env/faster23.swtv/core1/opencv_features2d_TF_bot30/build/3rdparty/ippicv/ippicv_lnx/iw/include/iw++/iw_image.hpp:1398:17: warning: 'GetSrcRoi' overrides a member function but is not marked 'override' [-Wsuggest-override]
    virtual int GetSrcRoi(ipp::IwiRoi, ipp::IwiRoi&) const
                ^
/home/yangheechan/FL-dataset-generation-opencv_features2d_TF_bot30/work/opencv_features2d_TF_bot30/working_env/faster23.swtv/core1/opencv_features2d_TF_bot30/build/3rdparty/ippicv/ippicv_lnx/iw/include/iw++/iw_image.hpp:1356:17: note: overridden virtual function is here
    virtual int GetSrcRoi(ipp::IwiRoi, ipp::IwiRoi&) const = 0;
                ^
warning: unknown warning option '-Wimplicit-fallthrough=3'; did you mean '-Wimplicit-fallthrough'? [-Wunknown-warning-option]
In file included from /home/yangheechan/FL-dataset-generation-opencv_features2d_TF_bot30/work/opencv_features2d_TF_bot30/working_env/faster23.swtv/core1/opencv_features2d_TF_bot30/modules/features2d/src/kaze.cpp:50:
In file included from /home/yangheechan/FL-dataset-generation-opencv_features2d_TF_bot30/work/opencv_features2d_TF_bot30/working_env/faster23.swtv/core1/opencv_features2d_TF_bot30/modules/features2d/src/precomp.hpp:50:
In file included from /home/yangheechan/FL-dataset-generation-opencv_features2d_TF_bot30/work/opencv_features2d_TF_bot30/working_env/faster23.swtv/core1/opencv_features2d_TF_bot30/modules/core/include/opencv2/core/private.hpp:246:
In file included from /home/yangheechan/FL-dataset-generation-opencv_features2d_TF_bot30/work/opencv_features2d_TF_bot30/working_env/faster23.swtv/core1/opencv_features2d_TF_bot30/build/3rdparty/ippicv/ippicv_lnx/iw/include/iw++/iw.hpp:17:
In file included from /home/yangheechan/FL-dataset-generation-opencv_features2d_TF_bot30/work/opencv_features2d_TF_bot30/working_env/faster23.swtv/core1/opencv_features2d_TF_bot30/build/3rdparty/ippicv/ippicv_lnx/iw/include/iw++/iw_image_color.hpp:17:
/home/yangheechan/FL-dataset-generation-opencv_features2d_TF_bot30/work/opencv_features2d_TF_bot30/working_env/faster23.swtv/core1/opencv_features2d_TF_bot30/build/3rdparty/ippicv/ippicv_lnx/iw/include/iw++/iw_image.hpp:1389:13: warning: 'operator const _IwiTileTransform *' overrides a member function but is not marked 'override' [-Wsuggest-override]
    virtual operator const ::IwiTileTransform*() const { return NULL; }
            ^
/home/yangheechan/FL-dataset-generation-opencv_features2d_TF_bot30/work/opencv_features2d_TF_bot30/working_env/faster23.swtv/core1/opencv_features2d_TF_bot30/build/3rdparty/ippicv/ippicv_lnx/iw/include/iw++/iw_image.hpp:1362:13: note: overridden virtual function is here
    virtual operator const ::IwiTileTransform*() const { return &transformStruct; }
            ^
/home/yangheechan/FL-dataset-generation-opencv_features2d_TF_bot30/work/opencv_features2d_TF_bot30/working_env/faster23.swtv/core1/opencv_features2d_TF_bot30/build/3rdparty/ippicv/ippicv_lnx/iw/include/iw++/iw_image.hpp:1391:19: warning: 'Clone' overrides a member function but is not marked 'override' [-Wsuggest-override]
    virtual void* Clone() const
                  ^
/home/yangheechan/FL-dataset-generation-opencv_features2d_TF_bot30/work/opencv_features2d_TF_bot30/working_env/faster23.swtv/core1/opencv_features2d_TF_bot30/build/3rdparty/ippicv/ippicv_lnx/iw/include/iw++/iw_image.hpp:1359:19: note: overridden virtual function is here
    virtual void* Clone() const = 0;
                  ^
/home/yangheechan/FL-dataset-generation-opencv_features2d_TF_bot30/work/opencv_features2d_TF_bot30/working_env/faster23.swtv/core1/opencv_features2d_TF_bot30/build/3rdparty/ippicv/ippicv_lnx/iw/include/iw++/iw_image.hpp:1398:17: warning: 'GetSrcRoi' overrides a member function but is not marked 'override' [-Wsuggest-override]
    virtual int GetSrcRoi(ipp::IwiRoi, ipp::IwiRoi&) const
                ^
/home/yangheechan/FL-dataset-generation-opencv_features2d_TF_bot30/work/opencv_features2d_TF_bot30/working_env/faster23.swtv/core1/opencv_features2d_TF_bot30/build/3rdparty/ippicv/ippicv_lnx/iw/include/iw++/iw_image.hpp:1356:17: note: overridden virtual function is here
    virtual int GetSrcRoi(ipp::IwiRoi, ipp::IwiRoi&) const = 0;
                ^
4 warnings generated.
4 warnings generated.
warning: unknown warning option '-Wimplicit-fallthrough=3'; did you mean '-Wimplicit-fallthrough'? [-Wunknown-warning-option]
In file included from /home/yangheechan/FL-dataset-generation-opencv_features2d_TF_bot30/work/opencv_features2d_TF_bot30/working_env/faster23.swtv/core1/opencv_features2d_TF_bot30/modules/features2d/src/feature2d.cpp:43:
In file included from /home/yangheechan/FL-dataset-generation-opencv_features2d_TF_bot30/work/opencv_features2d_TF_bot30/working_env/faster23.swtv/core1/opencv_features2d_TF_bot30/modules/features2d/src/precomp.hpp:50:
In file included from /home/yangheechan/FL-dataset-generation-opencv_features2d_TF_bot30/work/opencv_features2d_TF_bot30/working_env/faster23.swtv/core1/opencv_features2d_TF_bot30/modules/core/include/opencv2/core/private.hpp:246:
In file included from /home/yangheechan/FL-dataset-generation-opencv_features2d_TF_bot30/work/opencv_features2d_TF_bot30/working_env/faster23.swtv/core1/opencv_features2d_TF_bot30/build/3rdparty/ippicv/ippicv_lnx/iw/include/iw++/iw.hpp:17:
In file included from /home/yangheechan/FL-dataset-generation-opencv_features2d_TF_bot30/work/opencv_features2d_TF_bot30/working_env/faster23.swtv/core1/opencv_features2d_TF_bot30/build/3rdparty/ippicv/ippicv_lnx/iw/include/iw++/iw_image_color.hpp:17:
/home/yangheechan/FL-dataset-generation-opencv_features2d_TF_bot30/work/opencv_features2d_TF_bot30/working_env/faster23.swtv/core1/opencv_features2d_TF_bot30/build/3rdparty/ippicv/ippicv_lnx/iw/include/iw++/iw_image.hpp:1389:13: warning: 'operator const _IwiTileTransform *' overrides a member function but is not marked 'override' [-Wsuggest-override]
    virtual operator const ::IwiTileTransform*() const { return NULL; }
            ^
/home/yangheechan/FL-dataset-generation-opencv_features2d_TF_bot30/work/opencv_features2d_TF_bot30/working_env/faster23.swtv/core1/opencv_features2d_TF_bot30/build/3rdparty/ippicv/ippicv_lnx/iw/include/iw++/iw_image.hpp:1362:13: note: overridden virtual function is here
    virtual operator const ::IwiTileTransform*() const { return &transformStruct; }
            ^
/home/yangheechan/FL-dataset-generation-opencv_features2d_TF_bot30/work/opencv_features2d_TF_bot30/working_env/faster23.swtv/core1/opencv_features2d_TF_bot30/build/3rdparty/ippicv/ippicv_lnx/iw/include/iw++/iw_image.hpp:1391:19: warning: 'Clone' overrides a member function but is not marked 'override' [-Wsuggest-override]
    virtual void* Clone() const
                  ^
/home/yangheechan/FL-dataset-generation-opencv_features2d_TF_bot30/work/opencv_features2d_TF_bot30/working_env/faster23.swtv/core1/opencv_features2d_TF_bot30/build/3rdparty/ippicv/ippicv_lnx/iw/include/iw++/iw_image.hpp:1359:19: note: overridden virtual function is here
    virtual void* Clone() const = 0;
                  ^
/home/yangheechan/FL-dataset-generation-opencv_features2d_TF_bot30/work/opencv_features2d_TF_bot30/working_env/faster23.swtv/core1/opencv_features2d_TF_bot30/build/3rdparty/ippicv/ippicv_lnx/iw/include/iw++/iw_image.hpp:1398:17: warning: 'GetSrcRoi' overrides a member function but is not marked 'override' [-Wsuggest-override]
    virtual int GetSrcRoi(ipp::IwiRoi, ipp::IwiRoi&) const
                ^
/home/yangheechan/FL-dataset-generation-opencv_features2d_TF_bot30/work/opencv_features2d_TF_bot30/working_env/faster23.swtv/core1/opencv_features2d_TF_bot30/build/3rdparty/ippicv/ippicv_lnx/iw/include/iw++/iw_image.hpp:1356:17: note: overridden virtual function is here
    virtual int GetSrcRoi(ipp::IwiRoi, ipp::IwiRoi&) const = 0;
                ^
warning: unknown warning option '-Wimplicit-fallthrough=3'; did you mean '-Wimplicit-fallthrough'? [-Wunknown-warning-option]
In file included from /home/yangheechan/FL-dataset-generation-opencv_features2d_TF_bot30/work/opencv_features2d_TF_bot30/working_env/faster23.swtv/core1/opencv_features2d_TF_bot30/modules/features2d/src/feature2d.cpp:43:
In file included from /home/yangheechan/FL-dataset-generation-opencv_features2d_TF_bot30/work/opencv_features2d_TF_bot30/working_env/faster23.swtv/core1/opencv_features2d_TF_bot30/modules/features2d/src/precomp.hpp:50:
In file included from /home/yangheechan/FL-dataset-generation-opencv_features2d_TF_bot30/work/opencv_features2d_TF_bot30/working_env/faster23.swtv/core1/opencv_features2d_TF_bot30/modules/core/include/opencv2/core/private.hpp:246:
In file included from /home/yangheechan/FL-dataset-generation-opencv_features2d_TF_bot30/work/opencv_features2d_TF_bot30/working_env/faster23.swtv/core1/opencv_features2d_TF_bot30/build/3rdparty/ippicv/ippicv_lnx/iw/include/iw++/iw.hpp:17:
In file included from /home/yangheechan/FL-dataset-generation-opencv_features2d_TF_bot30/work/opencv_features2d_TF_bot30/working_env/faster23.swtv/core1/opencv_features2d_TF_bot30/build/3rdparty/ippicv/ippicv_lnx/iw/include/iw++/iw_image_color.hpp:17:
/home/yangheechan/FL-dataset-generation-opencv_features2d_TF_bot30/work/opencv_features2d_TF_bot30/working_env/faster23.swtv/core1/opencv_features2d_TF_bot30/build/3rdparty/ippicv/ippicv_lnx/iw/include/iw++/iw_image.hpp:1389:13: warning: 'operator const _IwiTileTransform *' overrides a member function but is not marked 'override' [-Wsuggest-override]
    virtual operator const ::IwiTileTransform*() const { return NULL; }
            ^
/home/yangheechan/FL-dataset-generation-opencv_features2d_TF_bot30/work/opencv_features2d_TF_bot30/working_env/faster23.swtv/core1/opencv_features2d_TF_bot30/build/3rdparty/ippicv/ippicv_lnx/iw/include/iw++/iw_image.hpp:1362:13: note: overridden virtual function is here
    virtual operator const ::IwiTileTransform*() const { return &transformStruct; }
            ^
/home/yangheechan/FL-dataset-generation-opencv_features2d_TF_bot30/work/opencv_features2d_TF_bot30/working_env/faster23.swtv/core1/opencv_features2d_TF_bot30/build/3rdparty/ippicv/ippicv_lnx/iw/include/iw++/iw_image.hpp:1391:19: warning: 'Clone' overrides a member function but is not marked 'override' [-Wsuggest-override]
    virtual void* Clone() const
                  ^
/home/yangheechan/FL-dataset-generation-opencv_features2d_TF_bot30/work/opencv_features2d_TF_bot30/working_env/faster23.swtv/core1/opencv_features2d_TF_bot30/build/3rdparty/ippicv/ippicv_lnx/iw/include/iw++/iw_image.hpp:1359:19: note: overridden virtual function is here
    virtual void* Clone() const = 0;
                  ^
/home/yangheechan/FL-dataset-generation-opencv_features2d_TF_bot30/work/opencv_features2d_TF_bot30/working_env/faster23.swtv/core1/opencv_features2d_TF_bot30/build/3rdparty/ippicv/ippicv_lnx/iw/include/iw++/iw_image.hpp:1398:17: warning: 'GetSrcRoi' overrides a member function but is not marked 'override' [-Wsuggest-override]
    virtual int GetSrcRoi(ipp::IwiRoi, ipp::IwiRoi&) const
                ^
/home/yangheechan/FL-dataset-generation-opencv_features2d_TF_bot30/work/opencv_features2d_TF_bot30/working_env/faster23.swtv/core1/opencv_features2d_TF_bot30/build/3rdparty/ippicv/ippicv_lnx/iw/include/iw++/iw_image.hpp:1356:17: note: overridden virtual function is here
    virtual int GetSrcRoi(ipp::IwiRoi, ipp::IwiRoi&) const = 0;
                ^
4 warnings generated.
4 warnings generated.
warning: unknown warning option '-Wimplicit-fallthrough=3'; did you mean '-Wimplicit-fallthrough'? [-Wunknown-warning-option]
In file included from /home/yangheechan/FL-dataset-generation-opencv_features2d_TF_bot30/work/opencv_features2d_TF_bot30/working_env/faster23.swtv/core1/opencv_features2d_TF_bot30/modules/features2d/src/keypoint.cpp:42:
In file included from /home/yangheechan/FL-dataset-generation-opencv_features2d_TF_bot30/work/opencv_features2d_TF_bot30/working_env/faster23.swtv/core1/opencv_features2d_TF_bot30/modules/features2d/src/precomp.hpp:50:
In file included from /home/yangheechan/FL-dataset-generation-opencv_features2d_TF_bot30/work/opencv_features2d_TF_bot30/working_env/faster23.swtv/core1/opencv_features2d_TF_bot30/modules/core/include/opencv2/core/private.hpp:246:
In file included from /home/yangheechan/FL-dataset-generation-opencv_features2d_TF_bot30/work/opencv_features2d_TF_bot30/working_env/faster23.swtv/core1/opencv_features2d_TF_bot30/build/3rdparty/ippicv/ippicv_lnx/iw/include/iw++/iw.hpp:17:
In file included from /home/yangheechan/FL-dataset-generation-opencv_features2d_TF_bot30/work/opencv_features2d_TF_bot30/working_env/faster23.swtv/core1/opencv_features2d_TF_bot30/build/3rdparty/ippicv/ippicv_lnx/iw/include/iw++/iw_image_color.hpp:17:
/home/yangheechan/FL-dataset-generation-opencv_features2d_TF_bot30/work/opencv_features2d_TF_bot30/working_env/faster23.swtv/core1/opencv_features2d_TF_bot30/build/3rdparty/ippicv/ippicv_lnx/iw/include/iw++/iw_image.hpp:1389:13: warning: 'operator const _IwiTileTransform *' overrides a member function but is not marked 'override' [-Wsuggest-override]
    virtual operator const ::IwiTileTransform*() const { return NULL; }
            ^
/home/yangheechan/FL-dataset-generation-opencv_features2d_TF_bot30/work/opencv_features2d_TF_bot30/working_env/faster23.swtv/core1/opencv_features2d_TF_bot30/build/3rdparty/ippicv/ippicv_lnx/iw/include/iw++/iw_image.hpp:1362:13: note: overridden virtual function is here
    virtual operator const ::IwiTileTransform*() const { return &transformStruct; }
            ^
/home/yangheechan/FL-dataset-generation-opencv_features2d_TF_bot30/work/opencv_features2d_TF_bot30/working_env/faster23.swtv/core1/opencv_features2d_TF_bot30/build/3rdparty/ippicv/ippicv_lnx/iw/include/iw++/iw_image.hpp:1391:19: warning: 'Clone' overrides a member function but is not marked 'override' [-Wsuggest-override]
    virtual void* Clone() const
                  ^
/home/yangheechan/FL-dataset-generation-opencv_features2d_TF_bot30/work/opencv_features2d_TF_bot30/working_env/faster23.swtv/core1/opencv_features2d_TF_bot30/build/3rdparty/ippicv/ippicv_lnx/iw/include/iw++/iw_image.hpp:1359:19: note: overridden virtual function is here
    virtual void* Clone() const = 0;
                  ^
/home/yangheechan/FL-dataset-generation-opencv_features2d_TF_bot30/work/opencv_features2d_TF_bot30/working_env/faster23.swtv/core1/opencv_features2d_TF_bot30/build/3rdparty/ippicv/ippicv_lnx/iw/include/iw++/iw_image.hpp:1398:17: warning: 'GetSrcRoi' overrides a member function but is not marked 'override' [-Wsuggest-override]
    virtual int GetSrcRoi(ipp::IwiRoi, ipp::IwiRoi&) const
                ^
/home/yangheechan/FL-dataset-generation-opencv_features2d_TF_bot30/work/opencv_features2d_TF_bot30/working_env/faster23.swtv/core1/opencv_features2d_TF_bot30/build/3rdparty/ippicv/ippicv_lnx/iw/include/iw++/iw_image.hpp:1356:17: note: overridden virtual function is here
    virtual int GetSrcRoi(ipp::IwiRoi, ipp::IwiRoi&) const = 0;
                ^
warning: unknown warning option '-Wimplicit-fallthrough=3'; did you mean '-Wimplicit-fallthrough'? [-Wunknown-warning-option]
In file included from /home/yangheechan/FL-dataset-generation-opencv_features2d_TF_bot30/work/opencv_features2d_TF_bot30/working_env/faster23.swtv/core1/opencv_features2d_TF_bot30/modules/features2d/src/keypoint.cpp:42:
In file included from /home/yangheechan/FL-dataset-generation-opencv_features2d_TF_bot30/work/opencv_features2d_TF_bot30/working_env/faster23.swtv/core1/opencv_features2d_TF_bot30/modules/features2d/src/precomp.hpp:50:
In file included from /home/yangheechan/FL-dataset-generation-opencv_features2d_TF_bot30/work/opencv_features2d_TF_bot30/working_env/faster23.swtv/core1/opencv_features2d_TF_bot30/modules/core/include/opencv2/core/private.hpp:246:
In file included from /home/yangheechan/FL-dataset-generation-opencv_features2d_TF_bot30/work/opencv_features2d_TF_bot30/working_env/faster23.swtv/core1/opencv_features2d_TF_bot30/build/3rdparty/ippicv/ippicv_lnx/iw/include/iw++/iw.hpp:17:
In file included from /home/yangheechan/FL-dataset-generation-opencv_features2d_TF_bot30/work/opencv_features2d_TF_bot30/working_env/faster23.swtv/core1/opencv_features2d_TF_bot30/build/3rdparty/ippicv/ippicv_lnx/iw/include/iw++/iw_image_color.hpp:17:
/home/yangheechan/FL-dataset-generation-opencv_features2d_TF_bot30/work/opencv_features2d_TF_bot30/working_env/faster23.swtv/core1/opencv_features2d_TF_bot30/build/3rdparty/ippicv/ippicv_lnx/iw/include/iw++/iw_image.hpp:1389:13: warning: 'operator const _IwiTileTransform *' overrides a member function but is not marked 'override' [-Wsuggest-override]
    virtual operator const ::IwiTileTransform*() const { return NULL; }
            ^
/home/yangheechan/FL-dataset-generation-opencv_features2d_TF_bot30/work/opencv_features2d_TF_bot30/working_env/faster23.swtv/core1/opencv_features2d_TF_bot30/build/3rdparty/ippicv/ippicv_lnx/iw/include/iw++/iw_image.hpp:1362:13: note: overridden virtual function is here
    virtual operator const ::IwiTileTransform*() const { return &transformStruct; }
            ^
/home/yangheechan/FL-dataset-generation-opencv_features2d_TF_bot30/work/opencv_features2d_TF_bot30/working_env/faster23.swtv/core1/opencv_features2d_TF_bot30/build/3rdparty/ippicv/ippicv_lnx/iw/include/iw++/iw_image.hpp:1391:19: warning: 'Clone' overrides a member function but is not marked 'override' [-Wsuggest-override]
    virtual void* Clone() const
                  ^
/home/yangheechan/FL-dataset-generation-opencv_features2d_TF_bot30/work/opencv_features2d_TF_bot30/working_env/faster23.swtv/core1/opencv_features2d_TF_bot30/build/3rdparty/ippicv/ippicv_lnx/iw/include/iw++/iw_image.hpp:1359:19: note: overridden virtual function is here
    virtual void* Clone() const = 0;
                  ^
/home/yangheechan/FL-dataset-generation-opencv_features2d_TF_bot30/work/opencv_features2d_TF_bot30/working_env/faster23.swtv/core1/opencv_features2d_TF_bot30/build/3rdparty/ippicv/ippicv_lnx/iw/include/iw++/iw_image.hpp:1398:17: warning: 'GetSrcRoi' overrides a member function but is not marked 'override' [-Wsuggest-override]
    virtual int GetSrcRoi(ipp::IwiRoi, ipp::IwiRoi&) const
                ^
/home/yangheechan/FL-dataset-generation-opencv_features2d_TF_bot30/work/opencv_features2d_TF_bot30/working_env/faster23.swtv/core1/opencv_features2d_TF_bot30/build/3rdparty/ippicv/ippicv_lnx/iw/include/iw++/iw_image.hpp:1356:17: note: overridden virtual function is here
    virtual int GetSrcRoi(ipp::IwiRoi, ipp::IwiRoi&) const = 0;
                ^
4 warnings generated.
4 warnings generated.
warning: unknown warning option '-Wimplicit-fallthrough=3'; did you mean '-Wimplicit-fallthrough'? [-Wunknown-warning-option]
In file included from /home/yangheechan/FL-dataset-generation-opencv_features2d_TF_bot30/work/opencv_features2d_TF_bot30/working_env/faster23.swtv/core1/opencv_features2d_TF_bot30/modules/features2d/src/akaze.cpp:51:
In file included from /home/yangheechan/FL-dataset-generation-opencv_features2d_TF_bot30/work/opencv_features2d_TF_bot30/working_env/faster23.swtv/core1/opencv_features2d_TF_bot30/modules/features2d/src/precomp.hpp:50:
In file included from /home/yangheechan/FL-dataset-generation-opencv_features2d_TF_bot30/work/opencv_features2d_TF_bot30/working_env/faster23.swtv/core1/opencv_features2d_TF_bot30/modules/core/include/opencv2/core/private.hpp:246:
In file included from /home/yangheechan/FL-dataset-generation-opencv_features2d_TF_bot30/work/opencv_features2d_TF_bot30/working_env/faster23.swtv/core1/opencv_features2d_TF_bot30/build/3rdparty/ippicv/ippicv_lnx/iw/include/iw++/iw.hpp:17:
In file included from /home/yangheechan/FL-dataset-generation-opencv_features2d_TF_bot30/work/opencv_features2d_TF_bot30/working_env/faster23.swtv/core1/opencv_features2d_TF_bot30/build/3rdparty/ippicv/ippicv_lnx/iw/include/iw++/iw_image_color.hpp:17:
/home/yangheechan/FL-dataset-generation-opencv_features2d_TF_bot30/work/opencv_features2d_TF_bot30/working_env/faster23.swtv/core1/opencv_features2d_TF_bot30/build/3rdparty/ippicv/ippicv_lnx/iw/include/iw++/iw_image.hpp:1389:13: warning: 'operator const _IwiTileTransform *' overrides a member function but is not marked 'override' [-Wsuggest-override]
    virtual operator const ::IwiTileTransform*() const { return NULL; }
            ^
/home/yangheechan/FL-dataset-generation-opencv_features2d_TF_bot30/work/opencv_features2d_TF_bot30/working_env/faster23.swtv/core1/opencv_features2d_TF_bot30/build/3rdparty/ippicv/ippicv_lnx/iw/include/iw++/iw_image.hpp:1362:13: note: overridden virtual function is here
    virtual operator const ::IwiTileTransform*() const { return &transformStruct; }
            ^
/home/yangheechan/FL-dataset-generation-opencv_features2d_TF_bot30/work/opencv_features2d_TF_bot30/working_env/faster23.swtv/core1/opencv_features2d_TF_bot30/build/3rdparty/ippicv/ippicv_lnx/iw/include/iw++/iw_image.hpp:1391:19: warning: 'Clone' overrides a member function but is not marked 'override' [-Wsuggest-override]
    virtual void* Clone() const
                  ^
/home/yangheechan/FL-dataset-generation-opencv_features2d_TF_bot30/work/opencv_features2d_TF_bot30/working_env/faster23.swtv/core1/opencv_features2d_TF_bot30/build/3rdparty/ippicv/ippicv_lnx/iw/include/iw++/iw_image.hpp:1359:19: note: overridden virtual function is here
    virtual void* Clone() const = 0;
                  ^
/home/yangheechan/FL-dataset-generation-opencv_features2d_TF_bot30/work/opencv_features2d_TF_bot30/working_env/faster23.swtv/core1/opencv_features2d_TF_bot30/build/3rdparty/ippicv/ippicv_lnx/iw/include/iw++/iw_image.hpp:1398:17: warning: 'GetSrcRoi' overrides a member function but is not marked 'override' [-Wsuggest-override]
    virtual int GetSrcRoi(ipp::IwiRoi, ipp::IwiRoi&) const
                ^
/home/yangheechan/FL-dataset-generation-opencv_features2d_TF_bot30/work/opencv_features2d_TF_bot30/working_env/faster23.swtv/core1/opencv_features2d_TF_bot30/build/3rdparty/ippicv/ippicv_lnx/iw/include/iw++/iw_image.hpp:1356:17: note: overridden virtual function is here
    virtual int GetSrcRoi(ipp::IwiRoi, ipp::IwiRoi&) const = 0;
                ^
/home/yangheechan/FL-dataset-generation-opencv_features2d_TF_bot30/work/opencv_features2d_TF_bot30/working_env/faster23.swtv/core1/opencv_features2d_TF_bot30/modules/features2d/src/akaze.cpp:64:24: warning: unused parameter '_threshold' [-Wunused-parameter]
                 float _threshold, int _octaves, int _sublevels, KAZE::DiffusivityType _diffusivity, int _max_points)
                       ^
warning: unknown warning option '-Wimplicit-fallthrough=3'; did you mean '-Wimplicit-fallthrough'? [-Wunknown-warning-option]
In file included from /home/yangheechan/FL-dataset-generation-opencv_features2d_TF_bot30/work/opencv_features2d_TF_bot30/working_env/faster23.swtv/core1/opencv_features2d_TF_bot30/modules/features2d/src/akaze.cpp:51:
In file included from /home/yangheechan/FL-dataset-generation-opencv_features2d_TF_bot30/work/opencv_features2d_TF_bot30/working_env/faster23.swtv/core1/opencv_features2d_TF_bot30/modules/features2d/src/precomp.hpp:50:
In file included from /home/yangheechan/FL-dataset-generation-opencv_features2d_TF_bot30/work/opencv_features2d_TF_bot30/working_env/faster23.swtv/core1/opencv_features2d_TF_bot30/modules/core/include/opencv2/core/private.hpp:246:
In file included from /home/yangheechan/FL-dataset-generation-opencv_features2d_TF_bot30/work/opencv_features2d_TF_bot30/working_env/faster23.swtv/core1/opencv_features2d_TF_bot30/build/3rdparty/ippicv/ippicv_lnx/iw/include/iw++/iw.hpp:17:
In file included from /home/yangheechan/FL-dataset-generation-opencv_features2d_TF_bot30/work/opencv_features2d_TF_bot30/working_env/faster23.swtv/core1/opencv_features2d_TF_bot30/build/3rdparty/ippicv/ippicv_lnx/iw/include/iw++/iw_image_color.hpp:17:
/home/yangheechan/FL-dataset-generation-opencv_features2d_TF_bot30/work/opencv_features2d_TF_bot30/working_env/faster23.swtv/core1/opencv_features2d_TF_bot30/build/3rdparty/ippicv/ippicv_lnx/iw/include/iw++/iw_image.hpp:1389:13: warning: 'operator const _IwiTileTransform *' overrides a member function but is not marked 'override' [-Wsuggest-override]
    virtual operator const ::IwiTileTransform*() const { return NULL; }
            ^
/home/yangheechan/FL-dataset-generation-opencv_features2d_TF_bot30/work/opencv_features2d_TF_bot30/working_env/faster23.swtv/core1/opencv_features2d_TF_bot30/build/3rdparty/ippicv/ippicv_lnx/iw/include/iw++/iw_image.hpp:1362:13: note: overridden virtual function is here
    virtual operator const ::IwiTileTransform*() const { return &transformStruct; }
            ^
/home/yangheechan/FL-dataset-generation-opencv_features2d_TF_bot30/work/opencv_features2d_TF_bot30/working_env/faster23.swtv/core1/opencv_features2d_TF_bot30/build/3rdparty/ippicv/ippicv_lnx/iw/include/iw++/iw_image.hpp:1391:19: warning: 'Clone' overrides a member function but is not marked 'override' [-Wsuggest-override]
    virtual void* Clone() const
                  ^
/home/yangheechan/FL-dataset-generation-opencv_features2d_TF_bot30/work/opencv_features2d_TF_bot30/working_env/faster23.swtv/core1/opencv_features2d_TF_bot30/build/3rdparty/ippicv/ippicv_lnx/iw/include/iw++/iw_image.hpp:1359:19: note: overridden virtual function is here
    virtual void* Clone() const = 0;
                  ^
/home/yangheechan/FL-dataset-generation-opencv_features2d_TF_bot30/work/opencv_features2d_TF_bot30/working_env/faster23.swtv/core1/opencv_features2d_TF_bot30/build/3rdparty/ippicv/ippicv_lnx/iw/include/iw++/iw_image.hpp:1398:17: warning: 'GetSrcRoi' overrides a member function but is not marked 'override' [-Wsuggest-override]
    virtual int GetSrcRoi(ipp::IwiRoi, ipp::IwiRoi&) const
                ^
/home/yangheechan/FL-dataset-generation-opencv_features2d_TF_bot30/work/opencv_features2d_TF_bot30/working_env/faster23.swtv/core1/opencv_features2d_TF_bot30/build/3rdparty/ippicv/ippicv_lnx/iw/include/iw++/iw_image.hpp:1356:17: note: overridden virtual function is here
    virtual int GetSrcRoi(ipp::IwiRoi, ipp::IwiRoi&) const = 0;
                ^
/home/yangheechan/FL-dataset-generation-opencv_features2d_TF_bot30/work/opencv_features2d_TF_bot30/working_env/faster23.swtv/core1/opencv_features2d_TF_bot30/modules/features2d/src/akaze.cpp:64:24: warning: unused parameter '_threshold' [-Wunused-parameter]
                 float _threshold, int _octaves, int _sublevels, KAZE::DiffusivityType _diffusivity, int _max_points)
                       ^
5 warnings generated.
5 warnings generated.
warning: unknown warning option '-Wimplicit-fallthrough=3'; did you mean '-Wimplicit-fallthrough'? [-Wunknown-warning-option]
In file included from /home/yangheechan/FL-dataset-generation-opencv_features2d_TF_bot30/work/opencv_features2d_TF_bot30/working_env/faster23.swtv/core1/opencv_features2d_TF_bot30/modules/features2d/src/matchers.cpp:42:
In file included from /home/yangheechan/FL-dataset-generation-opencv_features2d_TF_bot30/work/opencv_features2d_TF_bot30/working_env/faster23.swtv/core1/opencv_features2d_TF_bot30/modules/features2d/src/precomp.hpp:50:
In file included from /home/yangheechan/FL-dataset-generation-opencv_features2d_TF_bot30/work/opencv_features2d_TF_bot30/working_env/faster23.swtv/core1/opencv_features2d_TF_bot30/modules/core/include/opencv2/core/private.hpp:246:
In file included from /home/yangheechan/FL-dataset-generation-opencv_features2d_TF_bot30/work/opencv_features2d_TF_bot30/working_env/faster23.swtv/core1/opencv_features2d_TF_bot30/build/3rdparty/ippicv/ippicv_lnx/iw/include/iw++/iw.hpp:17:
In file included from /home/yangheechan/FL-dataset-generation-opencv_features2d_TF_bot30/work/opencv_features2d_TF_bot30/working_env/faster23.swtv/core1/opencv_features2d_TF_bot30/build/3rdparty/ippicv/ippicv_lnx/iw/include/iw++/iw_image_color.hpp:17:
/home/yangheechan/FL-dataset-generation-opencv_features2d_TF_bot30/work/opencv_features2d_TF_bot30/working_env/faster23.swtv/core1/opencv_features2d_TF_bot30/build/3rdparty/ippicv/ippicv_lnx/iw/include/iw++/iw_image.hpp:1389:13: warning: 'operator const _IwiTileTransform *' overrides a member function but is not marked 'override' [-Wsuggest-override]
    virtual operator const ::IwiTileTransform*() const { return NULL; }
            ^
/home/yangheechan/FL-dataset-generation-opencv_features2d_TF_bot30/work/opencv_features2d_TF_bot30/working_env/faster23.swtv/core1/opencv_features2d_TF_bot30/build/3rdparty/ippicv/ippicv_lnx/iw/include/iw++/iw_image.hpp:1362:13: note: overridden virtual function is here
    virtual operator const ::IwiTileTransform*() const { return &transformStruct; }
            ^
/home/yangheechan/FL-dataset-generation-opencv_features2d_TF_bot30/work/opencv_features2d_TF_bot30/working_env/faster23.swtv/core1/opencv_features2d_TF_bot30/build/3rdparty/ippicv/ippicv_lnx/iw/include/iw++/iw_image.hpp:1391:19: warning: 'Clone' overrides a member function but is not marked 'override' [-Wsuggest-override]
    virtual void* Clone() const
                  ^
/home/yangheechan/FL-dataset-generation-opencv_features2d_TF_bot30/work/opencv_features2d_TF_bot30/working_env/faster23.swtv/core1/opencv_features2d_TF_bot30/build/3rdparty/ippicv/ippicv_lnx/iw/include/iw++/iw_image.hpp:1359:19: note: overridden virtual function is here
    virtual void* Clone() const = 0;
                  ^
/home/yangheechan/FL-dataset-generation-opencv_features2d_TF_bot30/work/opencv_features2d_TF_bot30/working_env/faster23.swtv/core1/opencv_features2d_TF_bot30/build/3rdparty/ippicv/ippicv_lnx/iw/include/iw++/iw_image.hpp:1398:17: warning: 'GetSrcRoi' overrides a member function but is not marked 'override' [-Wsuggest-override]
    virtual int GetSrcRoi(ipp::IwiRoi, ipp::IwiRoi&) const
                ^
/home/yangheechan/FL-dataset-generation-opencv_features2d_TF_bot30/work/opencv_features2d_TF_bot30/working_env/faster23.swtv/core1/opencv_features2d_TF_bot30/build/3rdparty/ippicv/ippicv_lnx/iw/include/iw++/iw_image.hpp:1356:17: note: overridden virtual function is here
    virtual int GetSrcRoi(ipp::IwiRoi, ipp::IwiRoi&) const = 0;
                ^
warning: unknown warning option '-Wimplicit-fallthrough=3'; did you mean '-Wimplicit-fallthrough'? [-Wunknown-warning-option]
In file included from /home/yangheechan/FL-dataset-generation-opencv_features2d_TF_bot30/work/opencv_features2d_TF_bot30/working_env/faster23.swtv/core1/opencv_features2d_TF_bot30/modules/features2d/src/matchers.cpp:42:
In file included from /home/yangheechan/FL-dataset-generation-opencv_features2d_TF_bot30/work/opencv_features2d_TF_bot30/working_env/faster23.swtv/core1/opencv_features2d_TF_bot30/modules/features2d/src/precomp.hpp:50:
In file included from /home/yangheechan/FL-dataset-generation-opencv_features2d_TF_bot30/work/opencv_features2d_TF_bot30/working_env/faster23.swtv/core1/opencv_features2d_TF_bot30/modules/core/include/opencv2/core/private.hpp:246:
In file included from /home/yangheechan/FL-dataset-generation-opencv_features2d_TF_bot30/work/opencv_features2d_TF_bot30/working_env/faster23.swtv/core1/opencv_features2d_TF_bot30/build/3rdparty/ippicv/ippicv_lnx/iw/include/iw++/iw.hpp:17:
In file included from /home/yangheechan/FL-dataset-generation-opencv_features2d_TF_bot30/work/opencv_features2d_TF_bot30/working_env/faster23.swtv/core1/opencv_features2d_TF_bot30/build/3rdparty/ippicv/ippicv_lnx/iw/include/iw++/iw_image_color.hpp:17:
/home/yangheechan/FL-dataset-generation-opencv_features2d_TF_bot30/work/opencv_features2d_TF_bot30/working_env/faster23.swtv/core1/opencv_features2d_TF_bot30/build/3rdparty/ippicv/ippicv_lnx/iw/include/iw++/iw_image.hpp:1389:13: warning: 'operator const _IwiTileTransform *' overrides a member function but is not marked 'override' [-Wsuggest-override]
    virtual operator const ::IwiTileTransform*() const { return NULL; }
            ^
/home/yangheechan/FL-dataset-generation-opencv_features2d_TF_bot30/work/opencv_features2d_TF_bot30/working_env/faster23.swtv/core1/opencv_features2d_TF_bot30/build/3rdparty/ippicv/ippicv_lnx/iw/include/iw++/iw_image.hpp:1362:13: note: overridden virtual function is here
    virtual operator const ::IwiTileTransform*() const { return &transformStruct; }
            ^
/home/yangheechan/FL-dataset-generation-opencv_features2d_TF_bot30/work/opencv_features2d_TF_bot30/working_env/faster23.swtv/core1/opencv_features2d_TF_bot30/build/3rdparty/ippicv/ippicv_lnx/iw/include/iw++/iw_image.hpp:1391:19: warning: 'Clone' overrides a member function but is not marked 'override' [-Wsuggest-override]
    virtual void* Clone() const
                  ^
/home/yangheechan/FL-dataset-generation-opencv_features2d_TF_bot30/work/opencv_features2d_TF_bot30/working_env/faster23.swtv/core1/opencv_features2d_TF_bot30/build/3rdparty/ippicv/ippicv_lnx/iw/include/iw++/iw_image.hpp:1359:19: note: overridden virtual function is here
    virtual void* Clone() const = 0;
                  ^
/home/yangheechan/FL-dataset-generation-opencv_features2d_TF_bot30/work/opencv_features2d_TF_bot30/working_env/faster23.swtv/core1/opencv_features2d_TF_bot30/build/3rdparty/ippicv/ippicv_lnx/iw/include/iw++/iw_image.hpp:1398:17: warning: 'GetSrcRoi' overrides a member function but is not marked 'override' [-Wsuggest-override]
    virtual int GetSrcRoi(ipp::IwiRoi, ipp::IwiRoi&) const
                ^
/home/yangheechan/FL-dataset-generation-opencv_features2d_TF_bot30/work/opencv_features2d_TF_bot30/working_env/faster23.swtv/core1/opencv_features2d_TF_bot30/build/3rdparty/ippicv/ippicv_lnx/iw/include/iw++/iw_image.hpp:1356:17: note: overridden virtual function is here
    virtual int GetSrcRoi(ipp::IwiRoi, ipp::IwiRoi&) const = 0;
                ^
4 warnings generated.
4 warnings generated.
warning: unknown warning option '-Wimplicit-fallthrough=3'; did you mean '-Wimplicit-fallthrough'? [-Wunknown-warning-option]
In file included from /home/yangheechan/FL-dataset-generation-opencv_features2d_TF_bot30/work/opencv_features2d_TF_bot30/working_env/faster23.swtv/core1/opencv_features2d_TF_bot30/modules/features2d/src/gftt.cpp:42:
In file included from /home/yangheechan/FL-dataset-generation-opencv_features2d_TF_bot30/work/opencv_features2d_TF_bot30/working_env/faster23.swtv/core1/opencv_features2d_TF_bot30/modules/features2d/src/precomp.hpp:50:
In file included from /home/yangheechan/FL-dataset-generation-opencv_features2d_TF_bot30/work/opencv_features2d_TF_bot30/working_env/faster23.swtv/core1/opencv_features2d_TF_bot30/modules/core/include/opencv2/core/private.hpp:246:
In file included from /home/yangheechan/FL-dataset-generation-opencv_features2d_TF_bot30/work/opencv_features2d_TF_bot30/working_env/faster23.swtv/core1/opencv_features2d_TF_bot30/build/3rdparty/ippicv/ippicv_lnx/iw/include/iw++/iw.hpp:17:
In file included from /home/yangheechan/FL-dataset-generation-opencv_features2d_TF_bot30/work/opencv_features2d_TF_bot30/working_env/faster23.swtv/core1/opencv_features2d_TF_bot30/build/3rdparty/ippicv/ippicv_lnx/iw/include/iw++/iw_image_color.hpp:17:
/home/yangheechan/FL-dataset-generation-opencv_features2d_TF_bot30/work/opencv_features2d_TF_bot30/working_env/faster23.swtv/core1/opencv_features2d_TF_bot30/build/3rdparty/ippicv/ippicv_lnx/iw/include/iw++/iw_image.hpp:1389:13: warning: 'operator const _IwiTileTransform *' overrides a member function but is not marked 'override' [-Wsuggest-override]
    virtual operator const ::IwiTileTransform*() const { return NULL; }
            ^
/home/yangheechan/FL-dataset-generation-opencv_features2d_TF_bot30/work/opencv_features2d_TF_bot30/working_env/faster23.swtv/core1/opencv_features2d_TF_bot30/build/3rdparty/ippicv/ippicv_lnx/iw/include/iw++/iw_image.hpp:1362:13: note: overridden virtual function is here
    virtual operator const ::IwiTileTransform*() const { return &transformStruct; }
            ^
/home/yangheechan/FL-dataset-generation-opencv_features2d_TF_bot30/work/opencv_features2d_TF_bot30/working_env/faster23.swtv/core1/opencv_features2d_TF_bot30/build/3rdparty/ippicv/ippicv_lnx/iw/include/iw++/iw_image.hpp:1391:19: warning: 'Clone' overrides a member function but is not marked 'override' [-Wsuggest-override]
    virtual void* Clone() const
                  ^
/home/yangheechan/FL-dataset-generation-opencv_features2d_TF_bot30/work/opencv_features2d_TF_bot30/working_env/faster23.swtv/core1/opencv_features2d_TF_bot30/build/3rdparty/ippicv/ippicv_lnx/iw/include/iw++/iw_image.hpp:1359:19: note: overridden virtual function is here
    virtual void* Clone() const = 0;
                  ^
/home/yangheechan/FL-dataset-generation-opencv_features2d_TF_bot30/work/opencv_features2d_TF_bot30/working_env/faster23.swtv/core1/opencv_features2d_TF_bot30/build/3rdparty/ippicv/ippicv_lnx/iw/include/iw++/iw_image.hpp:1398:17: warning: 'GetSrcRoi' overrides a member function but is not marked 'override' [-Wsuggest-override]
    virtual int GetSrcRoi(ipp::IwiRoi, ipp::IwiRoi&) const
                ^
/home/yangheechan/FL-dataset-generation-opencv_features2d_TF_bot30/work/opencv_features2d_TF_bot30/working_env/faster23.swtv/core1/opencv_features2d_TF_bot30/build/3rdparty/ippicv/ippicv_lnx/iw/include/iw++/iw_image.hpp:1356:17: note: overridden virtual function is here
    virtual int GetSrcRoi(ipp::IwiRoi, ipp::IwiRoi&) const = 0;
                ^
warning: unknown warning option '-Wimplicit-fallthrough=3'; did you mean '-Wimplicit-fallthrough'? [-Wunknown-warning-option]
In file included from /home/yangheechan/FL-dataset-generation-opencv_features2d_TF_bot30/work/opencv_features2d_TF_bot30/working_env/faster23.swtv/core1/opencv_features2d_TF_bot30/modules/features2d/src/gftt.cpp:42:
In file included from /home/yangheechan/FL-dataset-generation-opencv_features2d_TF_bot30/work/opencv_features2d_TF_bot30/working_env/faster23.swtv/core1/opencv_features2d_TF_bot30/modules/features2d/src/precomp.hpp:50:
In file included from /home/yangheechan/FL-dataset-generation-opencv_features2d_TF_bot30/work/opencv_features2d_TF_bot30/working_env/faster23.swtv/core1/opencv_features2d_TF_bot30/modules/core/include/opencv2/core/private.hpp:246:
In file included from /home/yangheechan/FL-dataset-generation-opencv_features2d_TF_bot30/work/opencv_features2d_TF_bot30/working_env/faster23.swtv/core1/opencv_features2d_TF_bot30/build/3rdparty/ippicv/ippicv_lnx/iw/include/iw++/iw.hpp:17:
In file included from /home/yangheechan/FL-dataset-generation-opencv_features2d_TF_bot30/work/opencv_features2d_TF_bot30/working_env/faster23.swtv/core1/opencv_features2d_TF_bot30/build/3rdparty/ippicv/ippicv_lnx/iw/include/iw++/iw_image_color.hpp:17:
/home/yangheechan/FL-dataset-generation-opencv_features2d_TF_bot30/work/opencv_features2d_TF_bot30/working_env/faster23.swtv/core1/opencv_features2d_TF_bot30/build/3rdparty/ippicv/ippicv_lnx/iw/include/iw++/iw_image.hpp:1389:13: warning: 'operator const _IwiTileTransform *' overrides a member function but is not marked 'override' [-Wsuggest-override]
    virtual operator const ::IwiTileTransform*() const { return NULL; }
            ^
/home/yangheechan/FL-dataset-generation-opencv_features2d_TF_bot30/work/opencv_features2d_TF_bot30/working_env/faster23.swtv/core1/opencv_features2d_TF_bot30/build/3rdparty/ippicv/ippicv_lnx/iw/include/iw++/iw_image.hpp:1362:13: note: overridden virtual function is here
    virtual operator const ::IwiTileTransform*() const { return &transformStruct; }
            ^
/home/yangheechan/FL-dataset-generation-opencv_features2d_TF_bot30/work/opencv_features2d_TF_bot30/working_env/faster23.swtv/core1/opencv_features2d_TF_bot30/build/3rdparty/ippicv/ippicv_lnx/iw/include/iw++/iw_image.hpp:1391:19: warning: 'Clone' overrides a member function but is not marked 'override' [-Wsuggest-override]
    virtual void* Clone() const
                  ^
/home/yangheechan/FL-dataset-generation-opencv_features2d_TF_bot30/work/opencv_features2d_TF_bot30/working_env/faster23.swtv/core1/opencv_features2d_TF_bot30/build/3rdparty/ippicv/ippicv_lnx/iw/include/iw++/iw_image.hpp:1359:19: note: overridden virtual function is here
    virtual void* Clone() const = 0;
                  ^
/home/yangheechan/FL-dataset-generation-opencv_features2d_TF_bot30/work/opencv_features2d_TF_bot30/working_env/faster23.swtv/core1/opencv_features2d_TF_bot30/build/3rdparty/ippicv/ippicv_lnx/iw/include/iw++/iw_image.hpp:1398:17: warning: 'GetSrcRoi' overrides a member function but is not marked 'override' [-Wsuggest-override]
    virtual int GetSrcRoi(ipp::IwiRoi, ipp::IwiRoi&) const
                ^
/home/yangheechan/FL-dataset-generation-opencv_features2d_TF_bot30/work/opencv_features2d_TF_bot30/working_env/faster23.swtv/core1/opencv_features2d_TF_bot30/build/3rdparty/ippicv/ippicv_lnx/iw/include/iw++/iw_image.hpp:1356:17: note: overridden virtual function is here
    virtual int GetSrcRoi(ipp::IwiRoi, ipp::IwiRoi&) const = 0;
                ^
4 warnings generated.
4 warnings generated.
