
+++++ results for fast.MUT281.cpp +++++
+++++ STDOUT +++++
SELECT bug_idx FROM bug_info WHERE subject = %s AND experiment_name = %s AND version = %s ['opencv_features2d_TF_top30', 'TF_top30', 'fast.MUT281.cpp']
SELECT target_code_file, buggy_code_file, pre_start_line FROM bug_info WHERE bug_idx = %s [161]
SELECT tc_name, tc_result FROM tc_info WHERE bug_idx = %s [161]
Testing version fast.MUT281.cpp on faster23.swtv::core5
>> Configuring opencv_features2d_TF_top30 with coverage
>> Building opencv_features2d_TF_top30
>> Applied patch to fast.cpp with fast.MUT281.cpp
>> Building opencv_features2d_TF_top30
>> Extracted line2function data from brisk.cpp.ii
>> Extracted line2function data from fast.avx2.cpp.ii
>> Extracted line2function data from fast.cpp.ii
>> Extracted line2function data from fast_score.cpp.ii
>> Extracted line2function data from fed.cpp.ii
>> Extracted line2function data from mser.cpp.ii
>> Reverted fast.cpp to original from fast.MUT281.cpp
>> Extracted line2function data saved to line2function.json
>> Applied patch to fast.cpp with fast.MUT281.cpp
>> Building opencv_features2d_TF_top30
TC17.sh on line 234 has count: 112
>> Buggy line 234 is covered by failing TC TC17.sh
TC26.sh on line 234 has count: 20
>> Buggy line 234 is covered by failing TC TC26.sh
TC1.sh on line 234 has count: 0
TC2.sh on line 234 has count: 0
TC3.sh on line 234 has count: 0
TC4.sh on line 234 has count: 0
TC5.sh on line 234 has count: 0
TC6.sh on line 234 has count: 0
TC7.sh on line 234 has count: 0
TC8.sh on line 234 has count: 0
TC9.sh on line 234 has count: 0
TC10.sh on line 234 has count: 0
TC11.sh on line 234 has count: 0
TC12.sh on line 234 has count: 0
TC13.sh on line 234 has count: 0
TC14.sh on line 234 has count: 7460
TC15.sh on line 234 has count: 0
TC16.sh on line 234 has count: 0
TC18.sh on line 234 has count: 0
TC19.sh on line 234 has count: 0
TC20.sh on line 234 has count: 0
TC21.sh on line 234 has count: 0
TC22.sh on line 234 has count: 242
TC23.sh on line 234 has count: 0
TC24.sh on line 234 has count: 0
TC25.sh on line 234 has count: 0
TC27.sh on line 234 has count: 0
TC28.sh on line 234 has count: 112
TC29.sh on line 234 has count: 0
TC30.sh on line 234 has count: 0
TC31.sh on line 234 has count: 0
TC32.sh on line 234 has count: 0
TC33.sh on line 234 has count: 242
TC34.sh on line 234 has count: 0
TC35.sh on line 234 has count: 0
TC36.sh on line 234 has count: 0
TC37.sh on line 234 has count: 0
TC38.sh on line 234 has count: 0
TC39.sh on line 234 has count: 0
TC40.sh on line 234 has count: 0
TC41.sh on line 234 has count: 24
TC42.sh on line 234 has count: 0
TC43.sh on line 234 has count: 0
TC44.sh on line 234 has count: 0
TC45.sh on line 234 has count: 0
TC46.sh on line 234 has count: 0
TC47.sh on line 234 has count: 458
TC48.sh on line 234 has count: 0
TC49.sh on line 234 has count: 0
TC50.sh on line 234 has count: 5206
TC51.sh on line 234 has count: 0
TC52.sh on line 234 has count: 0
TC53.sh on line 234 has count: 0
TC54.sh on line 234 has count: 0
TC55.sh on line 234 has count: 0
TC56.sh on line 234 has count: 0
TC57.sh on line 234 has count: 0
TC58.sh on line 234 has count: 0
TC59.sh on line 234 has count: 0
TC60.sh on line 234 has count: 0
TC61.sh on line 234 has count: 0
TC62.sh on line 234 has count: 0
initialization on line 234 has count: 0
>> Buggy line 234 is NOT covered by failing TC initialization
Lines executed on initialization saved at lines_executed_at_initialization.txt
>> Reverted fast.cpp to original from fast.MUT281.cpp
>> CCTs are updated in the database
SELECT tc_name, tc_result FROM tc_info WHERE bug_idx = %s [161]
Failing test case TC17.sh executes buggy line opencv_features2d_TF_top30/modules/features2d/src/fast.cpp#FAST_t(cv::InputArray _img, int & keypoints, int threshold, _Bool nonmax_suppression)#234
Failing test case TC26.sh executes buggy line opencv_features2d_TF_top30/modules/features2d/src/fast.cpp#FAST_t(cv::InputArray _img, int & keypoints, int threshold, _Bool nonmax_suppression)#234
Executed lines by test cases are saved at lines_executed_by_failing_tc.json
Executed lines by test cases are saved at lines_executed_by_passing_tc.json
Executed lines by test cases are saved at lines_executed_by_ccts.json
>> Saving version fast.MUT281.cpp to database

+++++ STDERR +++++

+++++ results for brisk.MUT310.cpp +++++
+++++ STDOUT +++++
SELECT bug_idx FROM bug_info WHERE subject = %s AND experiment_name = %s AND version = %s ['opencv_features2d_TF_top30', 'TF_top30', 'brisk.MUT310.cpp']
SELECT target_code_file, buggy_code_file, pre_start_line FROM bug_info WHERE bug_idx = %s [491]
SELECT tc_name, tc_result FROM tc_info WHERE bug_idx = %s [491]
Testing version brisk.MUT310.cpp on faster23.swtv::core5
>> Building opencv_features2d_TF_top30
>> Applied patch to brisk.cpp with brisk.MUT310.cpp
>> Building opencv_features2d_TF_top30
>> Extracted line2function data from brisk.cpp.ii
>> Extracted line2function data from fast.avx2.cpp.ii
>> Extracted line2function data from fast.cpp.ii
>> Extracted line2function data from fast_score.cpp.ii
>> Extracted line2function data from fed.cpp.ii
>> Extracted line2function data from mser.cpp.ii
>> Reverted brisk.cpp to original from brisk.MUT310.cpp
>> Extracted line2function data saved to line2function.json
>> Applied patch to brisk.cpp with brisk.MUT310.cpp
>> Building opencv_features2d_TF_top30
TC9.sh on line 481 has count: 3932160
>> Buggy line 481 is covered by failing TC TC9.sh
TC16.sh on line 481 has count: 3932160
>> Buggy line 481 is covered by failing TC TC16.sh
TC1.sh on line 481 has count: 0
TC2.sh on line 481 has count: 0
TC3.sh on line 481 has count: 0
TC4.sh on line 481 has count: 0
TC5.sh on line 481 has count: 0
TC6.sh on line 481 has count: 0
TC7.sh on line 481 has count: 3932160
TC8.sh on line 481 has count: 0
TC10.sh on line 481 has count: 0
TC11.sh on line 481 has count: 0
TC12.sh on line 481 has count: 0
TC13.sh on line 481 has count: 0
TC14.sh on line 481 has count: 0
TC15.sh on line 481 has count: 0
TC17.sh on line 481 has count: 0
TC18.sh on line 481 has count: 0
TC19.sh on line 481 has count: 0
TC20.sh on line 481 has count: 0
TC21.sh on line 481 has count: 0
TC22.sh on line 481 has count: 0
TC23.sh on line 481 has count: 0
TC24.sh on line 481 has count: 0
TC25.sh on line 481 has count: 0
TC26.sh on line 481 has count: 0
TC27.sh on line 481 has count: 3932160
TC28.sh on line 481 has count: 0
TC29.sh on line 481 has count: 0
TC30.sh on line 481 has count: 0
TC31.sh on line 481 has count: 0
TC32.sh on line 481 has count: 0
TC33.sh on line 481 has count: 0
TC34.sh on line 481 has count: 0
TC35.sh on line 481 has count: 0
TC36.sh on line 481 has count: 0
TC37.sh on line 481 has count: 0
TC38.sh on line 481 has count: 0
TC39.sh on line 481 has count: 0
TC40.sh on line 481 has count: 0
TC41.sh on line 481 has count: 0
TC42.sh on line 481 has count: 0
TC43.sh on line 481 has count: 0
TC44.sh on line 481 has count: 0
TC45.sh on line 481 has count: 0
TC46.sh on line 481 has count: 0
TC47.sh on line 481 has count: 3932160
TC48.sh on line 481 has count: 0
TC49.sh on line 481 has count: 3932160
TC50.sh on line 481 has count: 0
TC51.sh on line 481 has count: 0
TC52.sh on line 481 has count: 0
TC53.sh on line 481 has count: 0
TC54.sh on line 481 has count: 0
TC55.sh on line 481 has count: 0
TC56.sh on line 481 has count: 0
TC57.sh on line 481 has count: 0
TC58.sh on line 481 has count: 0
TC59.sh on line 481 has count: 0
TC60.sh on line 481 has count: 0
TC61.sh on line 481 has count: 0
TC62.sh on line 481 has count: 0
initialization on line 481 has count: 0
>> Buggy line 481 is NOT covered by failing TC initialization
Lines executed on initialization saved at lines_executed_at_initialization.txt
>> Reverted brisk.cpp to original from brisk.MUT310.cpp
>> CCTs are updated in the database
SELECT tc_name, tc_result FROM tc_info WHERE bug_idx = %s [491]
Failing test case TC9.sh executes buggy line opencv_features2d_TF_top30/modules/features2d/src/brisk.cpp#BRISK_Impl::generateKernel(const int & radiusList, const int & numberList, float dMax, float dMin, const int & _indexChange)#481
Failing test case TC16.sh executes buggy line opencv_features2d_TF_top30/modules/features2d/src/brisk.cpp#BRISK_Impl::generateKernel(const int & radiusList, const int & numberList, float dMax, float dMin, const int & _indexChange)#481
Executed lines by test cases are saved at lines_executed_by_failing_tc.json
Executed lines by test cases are saved at lines_executed_by_passing_tc.json
Executed lines by test cases are saved at lines_executed_by_ccts.json
>> Saving version brisk.MUT310.cpp to database

+++++ STDERR +++++

+++++ results for brisk.MUT2740.cpp +++++
+++++ STDOUT +++++
SELECT bug_idx FROM bug_info WHERE subject = %s AND experiment_name = %s AND version = %s ['opencv_features2d_TF_top30', 'TF_top30', 'brisk.MUT2740.cpp']
SELECT target_code_file, buggy_code_file, pre_start_line FROM bug_info WHERE bug_idx = %s [781]
SELECT tc_name, tc_result FROM tc_info WHERE bug_idx = %s [781]
Testing version brisk.MUT2740.cpp on faster23.swtv::core5
>> Building opencv_features2d_TF_top30
>> Applied patch to brisk.cpp with brisk.MUT2740.cpp
>> Building opencv_features2d_TF_top30
>> Extracted line2function data from brisk.cpp.ii
>> Extracted line2function data from fast.avx2.cpp.ii
>> Extracted line2function data from fast.cpp.ii
>> Extracted line2function data from fast_score.cpp.ii
>> Extracted line2function data from fed.cpp.ii
>> Extracted line2function data from mser.cpp.ii
>> Reverted brisk.cpp to original from brisk.MUT2740.cpp
>> Extracted line2function data saved to line2function.json
>> Applied patch to brisk.cpp with brisk.MUT2740.cpp
>> Building opencv_features2d_TF_top30
TC16.sh on line 1962 has count: 295
>> Buggy line 1962 is covered by failing TC TC16.sh
TC1.sh on line 1962 has count: 0
TC2.sh on line 1962 has count: 0
TC3.sh on line 1962 has count: 0
TC4.sh on line 1962 has count: 0
TC5.sh on line 1962 has count: 0
TC6.sh on line 1962 has count: 0
TC7.sh on line 1962 has count: 3798
TC8.sh on line 1962 has count: 0
TC9.sh on line 1962 has count: 0
TC10.sh on line 1962 has count: 0
TC11.sh on line 1962 has count: 0
TC12.sh on line 1962 has count: 0
TC13.sh on line 1962 has count: 0
TC14.sh on line 1962 has count: 0
TC15.sh on line 1962 has count: 0
TC17.sh on line 1962 has count: 0
TC18.sh on line 1962 has count: 0
TC19.sh on line 1962 has count: 0
TC20.sh on line 1962 has count: 0
TC21.sh on line 1962 has count: 0
TC22.sh on line 1962 has count: 0
TC23.sh on line 1962 has count: 0
TC24.sh on line 1962 has count: 0
TC25.sh on line 1962 has count: 0
TC26.sh on line 1962 has count: 0
TC27.sh on line 1962 has count: 295
TC28.sh on line 1962 has count: 0
TC29.sh on line 1962 has count: 0
TC30.sh on line 1962 has count: 0
TC31.sh on line 1962 has count: 0
TC32.sh on line 1962 has count: 0
TC33.sh on line 1962 has count: 0
TC34.sh on line 1962 has count: 0
TC35.sh on line 1962 has count: 0
TC36.sh on line 1962 has count: 0
TC37.sh on line 1962 has count: 0
TC38.sh on line 1962 has count: 0
TC39.sh on line 1962 has count: 0
TC40.sh on line 1962 has count: 0
TC41.sh on line 1962 has count: 0
TC42.sh on line 1962 has count: 0
TC43.sh on line 1962 has count: 0
TC44.sh on line 1962 has count: 0
TC45.sh on line 1962 has count: 0
TC46.sh on line 1962 has count: 0
TC47.sh on line 1962 has count: 10
TC48.sh on line 1962 has count: 0
TC49.sh on line 1962 has count: 2045
TC50.sh on line 1962 has count: 0
TC51.sh on line 1962 has count: 0
TC52.sh on line 1962 has count: 0
TC53.sh on line 1962 has count: 0
TC54.sh on line 1962 has count: 0
TC55.sh on line 1962 has count: 0
TC56.sh on line 1962 has count: 0
TC57.sh on line 1962 has count: 0
TC58.sh on line 1962 has count: 0
TC59.sh on line 1962 has count: 0
TC60.sh on line 1962 has count: 0
TC61.sh on line 1962 has count: 0
TC62.sh on line 1962 has count: 0
initialization on line 1962 has count: 0
>> Buggy line 1962 is NOT covered by failing TC initialization
Lines executed on initialization saved at lines_executed_at_initialization.txt
>> Reverted brisk.cpp to original from brisk.MUT2740.cpp
>> CCTs are updated in the database
SELECT tc_name, tc_result FROM tc_info WHERE bug_idx = %s [781]
Failing test case TC16.sh executes buggy line opencv_features2d_TF_top30/modules/features2d/src/brisk.cpp#BriskScaleSpace::refine1D_1(const float s_05, const float s0, const float s05, float & max)#1962
Executed lines by test cases are saved at lines_executed_by_failing_tc.json
Executed lines by test cases are saved at lines_executed_by_passing_tc.json
Executed lines by test cases are saved at lines_executed_by_ccts.json
>> Saving version brisk.MUT2740.cpp to database

+++++ STDERR +++++

+++++ results for brisk.MUT621.cpp +++++
+++++ STDOUT +++++
SELECT bug_idx FROM bug_info WHERE subject = %s AND experiment_name = %s AND version = %s ['opencv_features2d_TF_top30', 'TF_top30', 'brisk.MUT621.cpp']
SELECT target_code_file, buggy_code_file, pre_start_line FROM bug_info WHERE bug_idx = %s [1048]
SELECT tc_name, tc_result FROM tc_info WHERE bug_idx = %s [1048]
Testing version brisk.MUT621.cpp on faster23.swtv::core5
>> Building opencv_features2d_TF_top30
>> Applied patch to brisk.cpp with brisk.MUT621.cpp
>> Building opencv_features2d_TF_top30
>> Extracted line2function data from brisk.cpp.ii
>> Extracted line2function data from fast.avx2.cpp.ii
>> Extracted line2function data from fast.cpp.ii
>> Extracted line2function data from fast_score.cpp.ii
>> Extracted line2function data from fed.cpp.ii
>> Extracted line2function data from mser.cpp.ii
>> Reverted brisk.cpp to original from brisk.MUT621.cpp
>> Extracted line2function data saved to line2function.json
>> Applied patch to brisk.cpp with brisk.MUT621.cpp
>> Building opencv_features2d_TF_top30
TC16.sh on line 651 has count: 62257
>> Buggy line 651 is covered by failing TC TC16.sh
TC1.sh on line 651 has count: 0
TC2.sh on line 651 has count: 0
TC3.sh on line 651 has count: 0
TC4.sh on line 651 has count: 0
TC5.sh on line 651 has count: 0
TC6.sh on line 651 has count: 0
TC7.sh on line 651 has count: 591295
TC8.sh on line 651 has count: 0
TC9.sh on line 651 has count: 60743
TC10.sh on line 651 has count: 0
TC11.sh on line 651 has count: 0
TC12.sh on line 651 has count: 0
TC13.sh on line 651 has count: 0
TC14.sh on line 651 has count: 0
TC15.sh on line 651 has count: 0
TC17.sh on line 651 has count: 0
TC18.sh on line 651 has count: 0
TC19.sh on line 651 has count: 0
TC20.sh on line 651 has count: 0
TC21.sh on line 651 has count: 0
TC22.sh on line 651 has count: 0
TC23.sh on line 651 has count: 0
TC24.sh on line 651 has count: 0
TC25.sh on line 651 has count: 0
TC26.sh on line 651 has count: 0
TC27.sh on line 651 has count: 62257
TC28.sh on line 651 has count: 0
TC29.sh on line 651 has count: 0
TC30.sh on line 651 has count: 0
TC31.sh on line 651 has count: 0
TC32.sh on line 651 has count: 0
TC33.sh on line 651 has count: 0
TC34.sh on line 651 has count: 0
TC35.sh on line 651 has count: 0
TC36.sh on line 651 has count: 0
TC37.sh on line 651 has count: 0
TC38.sh on line 651 has count: 0
TC39.sh on line 651 has count: 0
TC40.sh on line 651 has count: 0
TC41.sh on line 651 has count: 0
TC42.sh on line 651 has count: 0
TC43.sh on line 651 has count: 0
TC44.sh on line 651 has count: 0
TC45.sh on line 651 has count: 0
TC46.sh on line 651 has count: 0
TC47.sh on line 651 has count: 0
TC48.sh on line 651 has count: 0
TC49.sh on line 651 has count: 488530
TC50.sh on line 651 has count: 0
TC51.sh on line 651 has count: 0
TC52.sh on line 651 has count: 0
TC53.sh on line 651 has count: 0
TC54.sh on line 651 has count: 0
TC55.sh on line 651 has count: 0
TC56.sh on line 651 has count: 0
TC57.sh on line 651 has count: 0
TC58.sh on line 651 has count: 0
TC59.sh on line 651 has count: 0
TC60.sh on line 651 has count: 0
TC61.sh on line 651 has count: 0
TC62.sh on line 651 has count: 0
initialization on line 651 has count: 0
>> Buggy line 651 is NOT covered by failing TC initialization
Lines executed on initialization saved at lines_executed_at_initialization.txt
>> Reverted brisk.cpp to original from brisk.MUT621.cpp
>> CCTs are updated in the database
SELECT tc_name, tc_result FROM tc_info WHERE bug_idx = %s [1048]
Failing test case TC16.sh executes buggy line opencv_features2d_TF_top30/modules/features2d/src/brisk.cpp#BRISK_Impl::smoothedIntensity(const cv::Mat & image, const cv::Mat & integral, const float key_x, const float key_y, const unsigned int scale, const unsigned int rot, const unsigned int point)#651
Executed lines by test cases are saved at lines_executed_by_failing_tc.json
Executed lines by test cases are saved at lines_executed_by_passing_tc.json
Executed lines by test cases are saved at lines_executed_by_ccts.json
>> Saving version brisk.MUT621.cpp to database

+++++ STDERR +++++

+++++ results for brisk.MUT1994.cpp +++++
+++++ STDOUT +++++
SELECT bug_idx FROM bug_info WHERE subject = %s AND experiment_name = %s AND version = %s ['opencv_features2d_TF_top30', 'TF_top30', 'brisk.MUT1994.cpp']
SELECT target_code_file, buggy_code_file, pre_start_line FROM bug_info WHERE bug_idx = %s [1303]
SELECT tc_name, tc_result FROM tc_info WHERE bug_idx = %s [1303]
Testing version brisk.MUT1994.cpp on faster23.swtv::core5
>> Building opencv_features2d_TF_top30
>> Applied patch to brisk.cpp with brisk.MUT1994.cpp
>> Building opencv_features2d_TF_top30
>> Extracted line2function data from brisk.cpp.ii
>> Extracted line2function data from fast.avx2.cpp.ii
>> Extracted line2function data from fast.cpp.ii
>> Extracted line2function data from fast_score.cpp.ii
>> Extracted line2function data from fed.cpp.ii
>> Extracted line2function data from mser.cpp.ii
>> Reverted brisk.cpp to original from brisk.MUT1994.cpp
>> Extracted line2function data saved to line2function.json
>> Applied patch to brisk.cpp with brisk.MUT1994.cpp
>> Building opencv_features2d_TF_top30
TC16.sh on line 1535 has count: 647
>> Buggy line 1535 is covered by failing TC TC16.sh
TC1.sh on line 1535 has count: 0
TC2.sh on line 1535 has count: 0
TC3.sh on line 1535 has count: 0
TC4.sh on line 1535 has count: 0
TC5.sh on line 1535 has count: 0
TC6.sh on line 1535 has count: 0
TC7.sh on line 1535 has count: 5451
TC8.sh on line 1535 has count: 0
TC9.sh on line 1535 has count: 0
TC10.sh on line 1535 has count: 0
TC11.sh on line 1535 has count: 0
TC12.sh on line 1535 has count: 0
TC13.sh on line 1535 has count: 0
TC14.sh on line 1535 has count: 0
TC15.sh on line 1535 has count: 0
TC17.sh on line 1535 has count: 0
TC18.sh on line 1535 has count: 0
TC19.sh on line 1535 has count: 0
TC20.sh on line 1535 has count: 0
TC21.sh on line 1535 has count: 0
TC22.sh on line 1535 has count: 0
TC23.sh on line 1535 has count: 0
TC24.sh on line 1535 has count: 0
TC25.sh on line 1535 has count: 0
TC26.sh on line 1535 has count: 0
TC27.sh on line 1535 has count: 647
TC28.sh on line 1535 has count: 0
TC29.sh on line 1535 has count: 0
TC30.sh on line 1535 has count: 0
TC31.sh on line 1535 has count: 0
TC32.sh on line 1535 has count: 0
TC33.sh on line 1535 has count: 0
TC34.sh on line 1535 has count: 0
TC35.sh on line 1535 has count: 0
TC36.sh on line 1535 has count: 0
TC37.sh on line 1535 has count: 0
TC38.sh on line 1535 has count: 0
TC39.sh on line 1535 has count: 0
TC40.sh on line 1535 has count: 0
TC41.sh on line 1535 has count: 0
TC42.sh on line 1535 has count: 0
TC43.sh on line 1535 has count: 0
TC44.sh on line 1535 has count: 0
TC45.sh on line 1535 has count: 0
TC46.sh on line 1535 has count: 0
TC47.sh on line 1535 has count: 29
TC48.sh on line 1535 has count: 0
TC49.sh on line 1535 has count: 3704
TC50.sh on line 1535 has count: 0
TC51.sh on line 1535 has count: 0
TC52.sh on line 1535 has count: 0
TC53.sh on line 1535 has count: 0
TC54.sh on line 1535 has count: 0
TC55.sh on line 1535 has count: 0
TC56.sh on line 1535 has count: 0
TC57.sh on line 1535 has count: 0
TC58.sh on line 1535 has count: 0
TC59.sh on line 1535 has count: 0
TC60.sh on line 1535 has count: 0
TC61.sh on line 1535 has count: 0
TC62.sh on line 1535 has count: 0
initialization on line 1535 has count: 0
>> Buggy line 1535 is NOT covered by failing TC initialization
Lines executed on initialization saved at lines_executed_at_initialization.txt
>> Reverted brisk.cpp to original from brisk.MUT1994.cpp
>> CCTs are updated in the database
SELECT tc_name, tc_result FROM tc_info WHERE bug_idx = %s [1303]
Failing test case TC16.sh executes buggy line opencv_features2d_TF_top30/modules/features2d/src/brisk.cpp#BriskScaleSpace::getScoreMaxAbove(const int layer, const int x_layer, const int y_layer, const int threshold, _Bool & ismax, float & dx, float & dy)#1535
Executed lines by test cases are saved at lines_executed_by_failing_tc.json
Executed lines by test cases are saved at lines_executed_by_passing_tc.json
Executed lines by test cases are saved at lines_executed_by_ccts.json
>> Saving version brisk.MUT1994.cpp to database

+++++ STDERR +++++

+++++ results for brisk.MUT2322.cpp +++++
+++++ STDOUT +++++
SELECT bug_idx FROM bug_info WHERE subject = %s AND experiment_name = %s AND version = %s ['opencv_features2d_TF_top30', 'TF_top30', 'brisk.MUT2322.cpp']
SELECT target_code_file, buggy_code_file, pre_start_line FROM bug_info WHERE bug_idx = %s [1593]
SELECT tc_name, tc_result FROM tc_info WHERE bug_idx = %s [1593]
Testing version brisk.MUT2322.cpp on faster23.swtv::core5
>> Building opencv_features2d_TF_top30
>> Applied patch to brisk.cpp with brisk.MUT2322.cpp
>> Building opencv_features2d_TF_top30
>> Extracted line2function data from brisk.cpp.ii
>> Extracted line2function data from fast.avx2.cpp.ii
>> Extracted line2function data from fast.cpp.ii
>> Extracted line2function data from fast_score.cpp.ii
>> Extracted line2function data from fed.cpp.ii
>> Extracted line2function data from mser.cpp.ii
>> Reverted brisk.cpp to original from brisk.MUT2322.cpp
>> Extracted line2function data saved to line2function.json
>> Applied patch to brisk.cpp with brisk.MUT2322.cpp
>> Building opencv_features2d_TF_top30
TC16.sh on line 1726 has count: 1469
>> Buggy line 1726 is covered by failing TC TC16.sh
TC1.sh on line 1726 has count: 0
TC2.sh on line 1726 has count: 0
TC3.sh on line 1726 has count: 0
TC4.sh on line 1726 has count: 0
TC5.sh on line 1726 has count: 0
TC6.sh on line 1726 has count: 0
TC7.sh on line 1726 has count: 13333
TC8.sh on line 1726 has count: 0
TC9.sh on line 1726 has count: 0
TC10.sh on line 1726 has count: 0
TC11.sh on line 1726 has count: 0
TC12.sh on line 1726 has count: 0
TC13.sh on line 1726 has count: 0
TC14.sh on line 1726 has count: 0
TC15.sh on line 1726 has count: 0
TC17.sh on line 1726 has count: 0
TC18.sh on line 1726 has count: 0
TC19.sh on line 1726 has count: 0
TC20.sh on line 1726 has count: 0
TC21.sh on line 1726 has count: 0
TC22.sh on line 1726 has count: 0
TC23.sh on line 1726 has count: 0
TC24.sh on line 1726 has count: 0
TC25.sh on line 1726 has count: 0
TC26.sh on line 1726 has count: 0
TC27.sh on line 1726 has count: 1469
TC28.sh on line 1726 has count: 0
TC29.sh on line 1726 has count: 0
TC30.sh on line 1726 has count: 0
TC31.sh on line 1726 has count: 0
TC32.sh on line 1726 has count: 0
TC33.sh on line 1726 has count: 0
TC34.sh on line 1726 has count: 0
TC35.sh on line 1726 has count: 0
TC36.sh on line 1726 has count: 0
TC37.sh on line 1726 has count: 0
TC38.sh on line 1726 has count: 0
TC39.sh on line 1726 has count: 0
TC40.sh on line 1726 has count: 0
TC41.sh on line 1726 has count: 0
TC42.sh on line 1726 has count: 0
TC43.sh on line 1726 has count: 0
TC44.sh on line 1726 has count: 0
TC45.sh on line 1726 has count: 0
TC46.sh on line 1726 has count: 0
TC47.sh on line 1726 has count: 64
TC48.sh on line 1726 has count: 0
TC49.sh on line 1726 has count: 8628
TC50.sh on line 1726 has count: 0
TC51.sh on line 1726 has count: 0
TC52.sh on line 1726 has count: 0
TC53.sh on line 1726 has count: 0
TC54.sh on line 1726 has count: 0
TC55.sh on line 1726 has count: 0
TC56.sh on line 1726 has count: 0
TC57.sh on line 1726 has count: 0
TC58.sh on line 1726 has count: 0
TC59.sh on line 1726 has count: 0
TC60.sh on line 1726 has count: 0
TC61.sh on line 1726 has count: 0
TC62.sh on line 1726 has count: 0
initialization on line 1726 has count: 0
>> Buggy line 1726 is NOT covered by failing TC initialization
Lines executed on initialization saved at lines_executed_at_initialization.txt
>> Reverted brisk.cpp to original from brisk.MUT2322.cpp
>> CCTs are updated in the database
SELECT tc_name, tc_result FROM tc_info WHERE bug_idx = %s [1593]
Failing test case TC16.sh executes buggy line opencv_features2d_TF_top30/modules/features2d/src/brisk.cpp#BriskScaleSpace::getScoreMaxBelow(const int layer, const int x_layer, const int y_layer, const int threshold, _Bool & ismax, float & dx, float & dy)#1726
Executed lines by test cases are saved at lines_executed_by_failing_tc.json
Executed lines by test cases are saved at lines_executed_by_passing_tc.json
Executed lines by test cases are saved at lines_executed_by_ccts.json
>> Saving version brisk.MUT2322.cpp to database

+++++ STDERR +++++

+++++ results for brisk.MUT1049.cpp +++++
+++++ STDOUT +++++
SELECT bug_idx FROM bug_info WHERE subject = %s AND experiment_name = %s AND version = %s ['opencv_features2d_TF_top30', 'TF_top30', 'brisk.MUT1049.cpp']
SELECT target_code_file, buggy_code_file, pre_start_line FROM bug_info WHERE bug_idx = %s [1890]
SELECT tc_name, tc_result FROM tc_info WHERE bug_idx = %s [1890]
Testing version brisk.MUT1049.cpp on faster23.swtv::core5
>> Building opencv_features2d_TF_top30
>> Applied patch to brisk.cpp with brisk.MUT1049.cpp
>> Building opencv_features2d_TF_top30
>> Extracted line2function data from brisk.cpp.ii
>> Extracted line2function data from fast.avx2.cpp.ii
>> Extracted line2function data from fast.cpp.ii
>> Extracted line2function data from fast_score.cpp.ii
>> Extracted line2function data from fed.cpp.ii
>> Extracted line2function data from mser.cpp.ii
>> Reverted brisk.cpp to original from brisk.MUT1049.cpp
>> Extracted line2function data saved to line2function.json
>> Applied patch to brisk.cpp with brisk.MUT1049.cpp
>> Building opencv_features2d_TF_top30
TC7.sh on line 974 has count: 1
>> Buggy line 974 is covered by failing TC TC7.sh
TC16.sh on line 974 has count: 1
>> Buggy line 974 is covered by failing TC TC16.sh
TC27.sh on line 974 has count: 1
>> Buggy line 974 is covered by failing TC TC27.sh
TC47.sh on line 974 has count: 1
>> Buggy line 974 is covered by failing TC TC47.sh
TC49.sh on line 974 has count: 1
>> Buggy line 974 is covered by failing TC TC49.sh
TC1.sh on line 974 has count: 0
TC2.sh on line 974 has count: 0
TC3.sh on line 974 has count: 0
TC4.sh on line 974 has count: 0
TC5.sh on line 974 has count: 0
TC6.sh on line 974 has count: 0
TC8.sh on line 974 has count: 0
TC9.sh on line 974 has count: 0
TC10.sh on line 974 has count: 0
TC11.sh on line 974 has count: 0
TC12.sh on line 974 has count: 0
TC13.sh on line 974 has count: 0
TC14.sh on line 974 has count: 0
TC15.sh on line 974 has count: 0
TC17.sh on line 974 has count: 0
TC18.sh on line 974 has count: 0
TC19.sh on line 974 has count: 0
TC20.sh on line 974 has count: 0
TC21.sh on line 974 has count: 0
TC22.sh on line 974 has count: 0
TC23.sh on line 974 has count: 0
TC24.sh on line 974 has count: 0
TC25.sh on line 974 has count: 0
TC26.sh on line 974 has count: 0
TC28.sh on line 974 has count: 0
TC29.sh on line 974 has count: 0
TC30.sh on line 974 has count: 0
TC31.sh on line 974 has count: 0
TC32.sh on line 974 has count: 0
TC33.sh on line 974 has count: 0
TC34.sh on line 974 has count: 0
TC35.sh on line 974 has count: 0
TC36.sh on line 974 has count: 0
TC37.sh on line 974 has count: 0
TC38.sh on line 974 has count: 0
TC39.sh on line 974 has count: 0
TC40.sh on line 974 has count: 0
TC41.sh on line 974 has count: 0
TC42.sh on line 974 has count: 0
TC43.sh on line 974 has count: 0
TC44.sh on line 974 has count: 0
TC45.sh on line 974 has count: 0
TC46.sh on line 974 has count: 0
TC48.sh on line 974 has count: 0
TC50.sh on line 974 has count: 0
TC51.sh on line 974 has count: 0
TC52.sh on line 974 has count: 0
TC53.sh on line 974 has count: 0
TC54.sh on line 974 has count: 0
TC55.sh on line 974 has count: 0
TC56.sh on line 974 has count: 0
TC57.sh on line 974 has count: 0
TC58.sh on line 974 has count: 0
TC59.sh on line 974 has count: 0
TC60.sh on line 974 has count: 0
TC61.sh on line 974 has count: 0
TC62.sh on line 974 has count: 0
initialization on line 974 has count: 0
>> Buggy line 974 is NOT covered by failing TC initialization
Lines executed on initialization saved at lines_executed_at_initialization.txt
>> Reverted brisk.cpp to original from brisk.MUT1049.cpp
SELECT tc_name, tc_result FROM tc_info WHERE bug_idx = %s [1890]
Failing test case TC7.sh executes buggy line opencv_features2d_TF_top30/modules/features2d/src/brisk.cpp#BriskScaleSpace::getKeypoints(const int threshold_, int & keypoints)#974
Failing test case TC16.sh executes buggy line opencv_features2d_TF_top30/modules/features2d/src/brisk.cpp#BriskScaleSpace::getKeypoints(const int threshold_, int & keypoints)#974
Failing test case TC27.sh executes buggy line opencv_features2d_TF_top30/modules/features2d/src/brisk.cpp#BriskScaleSpace::getKeypoints(const int threshold_, int & keypoints)#974
Failing test case TC47.sh executes buggy line opencv_features2d_TF_top30/modules/features2d/src/brisk.cpp#BriskScaleSpace::getKeypoints(const int threshold_, int & keypoints)#974
Failing test case TC49.sh executes buggy line opencv_features2d_TF_top30/modules/features2d/src/brisk.cpp#BriskScaleSpace::getKeypoints(const int threshold_, int & keypoints)#974
Executed lines by test cases are saved at lines_executed_by_failing_tc.json
Executed lines by test cases are saved at lines_executed_by_passing_tc.json
Executed lines by test cases are saved at lines_executed_by_ccts.json
>> Saving version brisk.MUT1049.cpp to database

+++++ STDERR +++++

+++++ results for brisk.MUT1507.cpp +++++
+++++ STDOUT +++++
SELECT bug_idx FROM bug_info WHERE subject = %s AND experiment_name = %s AND version = %s ['opencv_features2d_TF_top30', 'TF_top30', 'brisk.MUT1507.cpp']
SELECT target_code_file, buggy_code_file, pre_start_line FROM bug_info WHERE bug_idx = %s [681]
SELECT tc_name, tc_result FROM tc_info WHERE bug_idx = %s [681]
Testing version brisk.MUT1507.cpp on faster23.swtv::core5
>> Building opencv_features2d_TF_top30
>> Applied patch to brisk.cpp with brisk.MUT1507.cpp
>> Building opencv_features2d_TF_top30
>> Extracted line2function data from brisk.cpp.ii
>> Extracted line2function data from fast.avx2.cpp.ii
>> Extracted line2function data from fast.cpp.ii
>> Extracted line2function data from fast_score.cpp.ii
>> Extracted line2function data from fed.cpp.ii
>> Extracted line2function data from mser.cpp.ii
>> Reverted brisk.cpp to original from brisk.MUT1507.cpp
>> Extracted line2function data saved to line2function.json
>> Applied patch to brisk.cpp with brisk.MUT1507.cpp
>> Building opencv_features2d_TF_top30
TC16.sh on line 1248 has count: 3908
>> Buggy line 1248 is covered by failing TC TC16.sh
TC1.sh on line 1248 has count: 0
TC2.sh on line 1248 has count: 0
TC3.sh on line 1248 has count: 0
TC4.sh on line 1248 has count: 0
TC5.sh on line 1248 has count: 0
TC6.sh on line 1248 has count: 0
TC7.sh on line 1248 has count: 25357
TC8.sh on line 1248 has count: 0
TC9.sh on line 1248 has count: 0
TC10.sh on line 1248 has count: 0
TC11.sh on line 1248 has count: 0
TC12.sh on line 1248 has count: 0
TC13.sh on line 1248 has count: 0
TC14.sh on line 1248 has count: 0
TC15.sh on line 1248 has count: 0
TC17.sh on line 1248 has count: 0
TC18.sh on line 1248 has count: 0
TC19.sh on line 1248 has count: 0
TC20.sh on line 1248 has count: 0
TC21.sh on line 1248 has count: 0
TC22.sh on line 1248 has count: 0
TC23.sh on line 1248 has count: 0
TC24.sh on line 1248 has count: 0
TC25.sh on line 1248 has count: 0
TC26.sh on line 1248 has count: 0
TC27.sh on line 1248 has count: 3908
TC28.sh on line 1248 has count: 0
TC29.sh on line 1248 has count: 0
TC30.sh on line 1248 has count: 0
TC31.sh on line 1248 has count: 0
TC32.sh on line 1248 has count: 0
TC33.sh on line 1248 has count: 0
TC34.sh on line 1248 has count: 0
TC35.sh on line 1248 has count: 0
TC36.sh on line 1248 has count: 0
TC37.sh on line 1248 has count: 0
TC38.sh on line 1248 has count: 0
TC39.sh on line 1248 has count: 0
TC40.sh on line 1248 has count: 0
TC41.sh on line 1248 has count: 0
TC42.sh on line 1248 has count: 0
TC43.sh on line 1248 has count: 0
TC44.sh on line 1248 has count: 0
TC45.sh on line 1248 has count: 0
TC46.sh on line 1248 has count: 0
TC47.sh on line 1248 has count: 181
TC48.sh on line 1248 has count: 0
TC49.sh on line 1248 has count: 21978
TC50.sh on line 1248 has count: 0
TC51.sh on line 1248 has count: 0
TC52.sh on line 1248 has count: 0
TC53.sh on line 1248 has count: 0
TC54.sh on line 1248 has count: 0
TC55.sh on line 1248 has count: 0
TC56.sh on line 1248 has count: 0
TC57.sh on line 1248 has count: 0
TC58.sh on line 1248 has count: 0
TC59.sh on line 1248 has count: 0
TC60.sh on line 1248 has count: 0
TC61.sh on line 1248 has count: 0
TC62.sh on line 1248 has count: 0
initialization on line 1248 has count: 0
>> Buggy line 1248 is NOT covered by failing TC initialization
Lines executed on initialization saved at lines_executed_at_initialization.txt
>> Reverted brisk.cpp to original from brisk.MUT1507.cpp
>> CCTs are updated in the database
SELECT tc_name, tc_result FROM tc_info WHERE bug_idx = %s [681]
Failing test case TC16.sh executes buggy line opencv_features2d_TF_top30/modules/features2d/src/brisk.cpp#BriskScaleSpace::isMax2D(const int layer, const int x_layer, const int y_layer)#1248
Executed lines by test cases are saved at lines_executed_by_failing_tc.json
Executed lines by test cases are saved at lines_executed_by_passing_tc.json
Executed lines by test cases are saved at lines_executed_by_ccts.json
>> Saving version brisk.MUT1507.cpp to database

+++++ STDERR +++++

+++++ results for brisk.MUT1866.cpp +++++
+++++ STDOUT +++++
SELECT bug_idx FROM bug_info WHERE subject = %s AND experiment_name = %s AND version = %s ['opencv_features2d_TF_top30', 'TF_top30', 'brisk.MUT1866.cpp']
SELECT target_code_file, buggy_code_file, pre_start_line FROM bug_info WHERE bug_idx = %s [1523]
SELECT tc_name, tc_result FROM tc_info WHERE bug_idx = %s [1523]
Testing version brisk.MUT1866.cpp on faster23.swtv::core5
>> Building opencv_features2d_TF_top30
>> Applied patch to brisk.cpp with brisk.MUT1866.cpp
>> Building opencv_features2d_TF_top30
>> Extracted line2function data from brisk.cpp.ii
>> Extracted line2function data from fast.avx2.cpp.ii
>> Extracted line2function data from fast.cpp.ii
>> Extracted line2function data from fast_score.cpp.ii
>> Extracted line2function data from fed.cpp.ii
>> Extracted line2function data from mser.cpp.ii
>> Reverted brisk.cpp to original from brisk.MUT1866.cpp
>> Extracted line2function data saved to line2function.json
>> Applied patch to brisk.cpp with brisk.MUT1866.cpp
>> Building opencv_features2d_TF_top30
TC16.sh on line 1441 has count: 328
>> Buggy line 1441 is covered by failing TC TC16.sh
TC1.sh on line 1441 has count: 0
TC2.sh on line 1441 has count: 0
TC3.sh on line 1441 has count: 0
TC4.sh on line 1441 has count: 0
TC5.sh on line 1441 has count: 0
TC6.sh on line 1441 has count: 0
TC7.sh on line 1441 has count: 953
TC8.sh on line 1441 has count: 0
TC9.sh on line 1441 has count: 0
TC10.sh on line 1441 has count: 0
TC11.sh on line 1441 has count: 0
TC12.sh on line 1441 has count: 0
TC13.sh on line 1441 has count: 0
TC14.sh on line 1441 has count: 0
TC15.sh on line 1441 has count: 0
TC17.sh on line 1441 has count: 0
TC18.sh on line 1441 has count: 0
TC19.sh on line 1441 has count: 0
TC20.sh on line 1441 has count: 0
TC21.sh on line 1441 has count: 0
TC22.sh on line 1441 has count: 0
TC23.sh on line 1441 has count: 0
TC24.sh on line 1441 has count: 0
TC25.sh on line 1441 has count: 0
TC26.sh on line 1441 has count: 0
TC27.sh on line 1441 has count: 328
TC28.sh on line 1441 has count: 0
TC29.sh on line 1441 has count: 0
TC30.sh on line 1441 has count: 0
TC31.sh on line 1441 has count: 0
TC32.sh on line 1441 has count: 0
TC33.sh on line 1441 has count: 0
TC34.sh on line 1441 has count: 0
TC35.sh on line 1441 has count: 0
TC36.sh on line 1441 has count: 0
TC37.sh on line 1441 has count: 0
TC38.sh on line 1441 has count: 0
TC39.sh on line 1441 has count: 0
TC40.sh on line 1441 has count: 0
TC41.sh on line 1441 has count: 0
TC42.sh on line 1441 has count: 0
TC43.sh on line 1441 has count: 0
TC44.sh on line 1441 has count: 0
TC45.sh on line 1441 has count: 0
TC46.sh on line 1441 has count: 0
TC47.sh on line 1441 has count: 5
TC48.sh on line 1441 has count: 0
TC49.sh on line 1441 has count: 2863
TC50.sh on line 1441 has count: 0
TC51.sh on line 1441 has count: 0
TC52.sh on line 1441 has count: 0
TC53.sh on line 1441 has count: 0
TC54.sh on line 1441 has count: 0
TC55.sh on line 1441 has count: 0
TC56.sh on line 1441 has count: 0
TC57.sh on line 1441 has count: 0
TC58.sh on line 1441 has count: 0
TC59.sh on line 1441 has count: 0
TC60.sh on line 1441 has count: 0
TC61.sh on line 1441 has count: 0
TC62.sh on line 1441 has count: 0
initialization on line 1441 has count: 0
>> Buggy line 1441 is NOT covered by failing TC initialization
Lines executed on initialization saved at lines_executed_at_initialization.txt
>> Reverted brisk.cpp to original from brisk.MUT1866.cpp
>> CCTs are updated in the database
SELECT tc_name, tc_result FROM tc_info WHERE bug_idx = %s [1523]
Failing test case TC16.sh executes buggy line opencv_features2d_TF_top30/modules/features2d/src/brisk.cpp#BriskScaleSpace::refine3D(const int layer, const int x_layer, const int y_layer, float & x, float & y, float & scale, _Bool & ismax)#1441
Executed lines by test cases are saved at lines_executed_by_failing_tc.json
Executed lines by test cases are saved at lines_executed_by_passing_tc.json
Executed lines by test cases are saved at lines_executed_by_ccts.json
>> Saving version brisk.MUT1866.cpp to database

+++++ STDERR +++++

+++++ results for brisk.MUT633.cpp +++++
+++++ STDOUT +++++
SELECT bug_idx FROM bug_info WHERE subject = %s AND experiment_name = %s AND version = %s ['opencv_features2d_TF_top30', 'TF_top30', 'brisk.MUT633.cpp']
SELECT target_code_file, buggy_code_file, pre_start_line FROM bug_info WHERE bug_idx = %s [1913]
SELECT tc_name, tc_result FROM tc_info WHERE bug_idx = %s [1913]
Testing version brisk.MUT633.cpp on faster23.swtv::core5
>> Building opencv_features2d_TF_top30
>> Applied patch to brisk.cpp with brisk.MUT633.cpp
>> Building opencv_features2d_TF_top30
>> Extracted line2function data from brisk.cpp.ii
>> Extracted line2function data from fast.avx2.cpp.ii
>> Extracted line2function data from fast.cpp.ii
>> Extracted line2function data from fast_score.cpp.ii
>> Extracted line2function data from fed.cpp.ii
>> Extracted line2function data from mser.cpp.ii
>> Reverted brisk.cpp to original from brisk.MUT633.cpp
>> Extracted line2function data saved to line2function.json
>> Applied patch to brisk.cpp with brisk.MUT633.cpp
>> Building opencv_features2d_TF_top30
TC16.sh on line 655 has count: 62257
>> Buggy line 655 is covered by failing TC TC16.sh
TC1.sh on line 655 has count: 0
TC2.sh on line 655 has count: 0
TC3.sh on line 655 has count: 0
TC4.sh on line 655 has count: 0
TC5.sh on line 655 has count: 0
TC6.sh on line 655 has count: 0
TC7.sh on line 655 has count: 591295
TC8.sh on line 655 has count: 0
TC9.sh on line 655 has count: 60737
TC10.sh on line 655 has count: 0
TC11.sh on line 655 has count: 0
TC12.sh on line 655 has count: 0
TC13.sh on line 655 has count: 0
TC14.sh on line 655 has count: 0
TC15.sh on line 655 has count: 0
TC17.sh on line 655 has count: 0
TC18.sh on line 655 has count: 0
TC19.sh on line 655 has count: 0
TC20.sh on line 655 has count: 0
TC21.sh on line 655 has count: 0
TC22.sh on line 655 has count: 0
TC23.sh on line 655 has count: 0
TC24.sh on line 655 has count: 0
TC25.sh on line 655 has count: 0
TC26.sh on line 655 has count: 0
TC27.sh on line 655 has count: 62257
TC28.sh on line 655 has count: 0
TC29.sh on line 655 has count: 0
TC30.sh on line 655 has count: 0
TC31.sh on line 655 has count: 0
TC32.sh on line 655 has count: 0
TC33.sh on line 655 has count: 0
TC34.sh on line 655 has count: 0
TC35.sh on line 655 has count: 0
TC36.sh on line 655 has count: 0
TC37.sh on line 655 has count: 0
TC38.sh on line 655 has count: 0
TC39.sh on line 655 has count: 0
TC40.sh on line 655 has count: 0
TC41.sh on line 655 has count: 0
TC42.sh on line 655 has count: 0
TC43.sh on line 655 has count: 0
TC44.sh on line 655 has count: 0
TC45.sh on line 655 has count: 0
TC46.sh on line 655 has count: 0
TC47.sh on line 655 has count: 0
TC48.sh on line 655 has count: 0
TC49.sh on line 655 has count: 488530
TC50.sh on line 655 has count: 0
TC51.sh on line 655 has count: 0
TC52.sh on line 655 has count: 0
TC53.sh on line 655 has count: 0
TC54.sh on line 655 has count: 0
TC55.sh on line 655 has count: 0
TC56.sh on line 655 has count: 0
TC57.sh on line 655 has count: 0
TC58.sh on line 655 has count: 0
TC59.sh on line 655 has count: 0
TC60.sh on line 655 has count: 0
TC61.sh on line 655 has count: 0
TC62.sh on line 655 has count: 0
initialization on line 655 has count: 0
>> Buggy line 655 is NOT covered by failing TC initialization
Lines executed on initialization saved at lines_executed_at_initialization.txt
>> Reverted brisk.cpp to original from brisk.MUT633.cpp
>> CCTs are updated in the database
SELECT tc_name, tc_result FROM tc_info WHERE bug_idx = %s [1913]
Failing test case TC16.sh executes buggy line opencv_features2d_TF_top30/modules/features2d/src/brisk.cpp#BRISK_Impl::smoothedIntensity(const cv::Mat & image, const cv::Mat & integral, const float key_x, const float key_y, const unsigned int scale, const unsigned int rot, const unsigned int point)#655
Executed lines by test cases are saved at lines_executed_by_failing_tc.json
Executed lines by test cases are saved at lines_executed_by_passing_tc.json
Executed lines by test cases are saved at lines_executed_by_ccts.json
>> Saving version brisk.MUT633.cpp to database
>> Cleaning build for opencv_features2d_TF_top30

+++++ STDERR +++++
