
+++++ results for brisk.MUT598.cpp +++++
+++++ STDOUT +++++
SELECT bug_idx FROM bug_info WHERE subject = %s AND experiment_name = %s AND version = %s ['opencv_features2d_TF_top30', 'TF_top30', 'brisk.MUT598.cpp']
SELECT target_code_file, buggy_code_file, pre_start_line FROM bug_info WHERE bug_idx = %s [92]
SELECT tc_name, tc_result FROM tc_info WHERE bug_idx = %s [92]
Testing version brisk.MUT598.cpp on faster17.swtv::core5
>> Configuring opencv_features2d_TF_top30 with coverage
>> Building opencv_features2d_TF_top30
>> Applied patch to brisk.cpp with brisk.MUT598.cpp
>> Building opencv_features2d_TF_top30
>> Extracted line2function data from brisk.cpp.ii
>> Extracted line2function data from fast.avx2.cpp.ii
>> Extracted line2function data from fast.cpp.ii
>> Extracted line2function data from fast_score.cpp.ii
>> Extracted line2function data from fed.cpp.ii
>> Extracted line2function data from mser.cpp.ii
>> Reverted brisk.cpp to original from brisk.MUT598.cpp
>> Extracted line2function data saved to line2function.json
>> Applied patch to brisk.cpp with brisk.MUT598.cpp
>> Building opencv_features2d_TF_top30
TC16.sh on line 643 has count: 62257
>> Buggy line 643 is covered by failing TC TC16.sh
TC1.sh on line 643 has count: 0
TC2.sh on line 643 has count: 0
TC3.sh on line 643 has count: 0
TC4.sh on line 643 has count: 0
TC5.sh on line 643 has count: 0
TC6.sh on line 643 has count: 0
TC7.sh on line 643 has count: 591295
TC8.sh on line 643 has count: 0
TC9.sh on line 643 has count: 60741
TC10.sh on line 643 has count: 0
TC11.sh on line 643 has count: 0
TC12.sh on line 643 has count: 0
TC13.sh on line 643 has count: 0
TC14.sh on line 643 has count: 0
TC15.sh on line 643 has count: 0
TC17.sh on line 643 has count: 0
TC18.sh on line 643 has count: 0
TC19.sh on line 643 has count: 0
TC20.sh on line 643 has count: 0
TC21.sh on line 643 has count: 0
TC22.sh on line 643 has count: 0
TC23.sh on line 643 has count: 0
TC24.sh on line 643 has count: 0
TC25.sh on line 643 has count: 0
TC26.sh on line 643 has count: 0
TC27.sh on line 643 has count: 62257
TC28.sh on line 643 has count: 0
TC29.sh on line 643 has count: 0
TC30.sh on line 643 has count: 0
TC31.sh on line 643 has count: 0
TC32.sh on line 643 has count: 0
TC33.sh on line 643 has count: 0
TC34.sh on line 643 has count: 0
TC35.sh on line 643 has count: 0
TC36.sh on line 643 has count: 0
TC37.sh on line 643 has count: 0
TC38.sh on line 643 has count: 0
TC39.sh on line 643 has count: 0
TC40.sh on line 643 has count: 0
TC41.sh on line 643 has count: 0
TC42.sh on line 643 has count: 0
TC43.sh on line 643 has count: 0
TC44.sh on line 643 has count: 0
TC45.sh on line 643 has count: 0
TC46.sh on line 643 has count: 0
TC47.sh on line 643 has count: 0
TC48.sh on line 643 has count: 0
TC49.sh on line 643 has count: 488530
TC50.sh on line 643 has count: 0
TC51.sh on line 643 has count: 0
TC52.sh on line 643 has count: 0
TC53.sh on line 643 has count: 0
TC54.sh on line 643 has count: 0
TC55.sh on line 643 has count: 0
TC56.sh on line 643 has count: 0
TC57.sh on line 643 has count: 0
TC58.sh on line 643 has count: 0
TC59.sh on line 643 has count: 0
TC60.sh on line 643 has count: 0
TC61.sh on line 643 has count: 0
TC62.sh on line 643 has count: 0
initialization on line 643 has count: 0
>> Buggy line 643 is NOT covered by failing TC initialization
Lines executed on initialization saved at lines_executed_at_initialization.txt
>> Reverted brisk.cpp to original from brisk.MUT598.cpp
>> CCTs are updated in the database
SELECT tc_name, tc_result FROM tc_info WHERE bug_idx = %s [92]
Failing test case TC16.sh executes buggy line opencv_features2d_TF_top30/modules/features2d/src/brisk.cpp#BRISK_Impl::smoothedIntensity(const cv::Mat & image, const cv::Mat & integral, const float key_x, const float key_y, const unsigned int scale, const unsigned int rot, const unsigned int point)#643
Executed lines by test cases are saved at lines_executed_by_failing_tc.json
Executed lines by test cases are saved at lines_executed_by_passing_tc.json
Executed lines by test cases are saved at lines_executed_by_ccts.json
>> Saving version brisk.MUT598.cpp to database

+++++ STDERR +++++

+++++ results for mser.MUT1003.cpp +++++
+++++ STDOUT +++++
SELECT bug_idx FROM bug_info WHERE subject = %s AND experiment_name = %s AND version = %s ['opencv_features2d_TF_top30', 'TF_top30', 'mser.MUT1003.cpp']
SELECT target_code_file, buggy_code_file, pre_start_line FROM bug_info WHERE bug_idx = %s [438]
SELECT tc_name, tc_result FROM tc_info WHERE bug_idx = %s [438]
Testing version mser.MUT1003.cpp on faster17.swtv::core5
>> Building opencv_features2d_TF_top30
>> Applied patch to mser.cpp with mser.MUT1003.cpp
>> Building opencv_features2d_TF_top30
>> Extracted line2function data from brisk.cpp.ii
>> Extracted line2function data from fast.avx2.cpp.ii
>> Extracted line2function data from fast.cpp.ii
>> Extracted line2function data from fast_score.cpp.ii
>> Extracted line2function data from fed.cpp.ii
>> Extracted line2function data from mser.cpp.ii
>> Reverted mser.cpp to original from mser.MUT1003.cpp
>> Extracted line2function data saved to line2function.json
>> Applied patch to mser.cpp with mser.MUT1003.cpp
>> Building opencv_features2d_TF_top30
TC32.sh on line 772 has count: 109252
>> Buggy line 772 is covered by failing TC TC32.sh
TC1.sh on line 772 has count: 0
TC2.sh on line 772 has count: 0
TC3.sh on line 772 has count: 0
TC4.sh on line 772 has count: 0
TC5.sh on line 772 has count: 0
TC6.sh on line 772 has count: 0
TC7.sh on line 772 has count: 0
TC8.sh on line 772 has count: 0
TC9.sh on line 772 has count: 0
TC10.sh on line 772 has count: 0
TC11.sh on line 772 has count: 0
TC12.sh on line 772 has count: 0
TC13.sh on line 772 has count: 0
TC14.sh on line 772 has count: 0
TC15.sh on line 772 has count: 0
TC16.sh on line 772 has count: 0
TC17.sh on line 772 has count: 0
TC18.sh on line 772 has count: 0
TC19.sh on line 772 has count: 0
TC20.sh on line 772 has count: 0
TC21.sh on line 772 has count: 0
TC22.sh on line 772 has count: 0
TC23.sh on line 772 has count: 0
TC24.sh on line 772 has count: 0
TC25.sh on line 772 has count: 0
TC26.sh on line 772 has count: 0
TC27.sh on line 772 has count: 0
TC28.sh on line 772 has count: 0
TC29.sh on line 772 has count: 0
TC30.sh on line 772 has count: 0
TC31.sh on line 772 has count: 0
TC33.sh on line 772 has count: 0
TC34.sh on line 772 has count: 0
TC35.sh on line 772 has count: 0
TC36.sh on line 772 has count: 0
TC37.sh on line 772 has count: 0
TC38.sh on line 772 has count: 0
TC39.sh on line 772 has count: 0
TC40.sh on line 772 has count: 0
TC41.sh on line 772 has count: 0
TC42.sh on line 772 has count: 0
TC43.sh on line 772 has count: 0
TC44.sh on line 772 has count: 0
TC45.sh on line 772 has count: 0
TC46.sh on line 772 has count: 0
TC47.sh on line 772 has count: 0
TC48.sh on line 772 has count: 0
TC49.sh on line 772 has count: 0
TC50.sh on line 772 has count: 0
TC51.sh on line 772 has count: 0
TC52.sh on line 772 has count: 0
TC53.sh on line 772 has count: 0
TC54.sh on line 772 has count: 0
TC55.sh on line 772 has count: 0
TC56.sh on line 772 has count: 0
TC57.sh on line 772 has count: 0
TC58.sh on line 772 has count: 0
TC59.sh on line 772 has count: 0
TC60.sh on line 772 has count: 0
TC61.sh on line 772 has count: 0
TC62.sh on line 772 has count: 0
initialization on line 772 has count: 0
>> Buggy line 772 is NOT covered by failing TC initialization
Lines executed on initialization saved at lines_executed_at_initialization.txt
>> Reverted mser.cpp to original from mser.MUT1003.cpp
SELECT tc_name, tc_result FROM tc_info WHERE bug_idx = %s [438]
Failing test case TC32.sh executes buggy line opencv_features2d_TF_top30/modules/features2d/src/mser.cpp#preprocessMSER_8uC3(struct cv::MSCRNode * node, struct cv::MSCREdge * edge, double * total, const class cv::Mat & src, class cv::Mat & dx, class cv::Mat & dy, int Ne, int edgeBlurSize)#772
Executed lines by test cases are saved at lines_executed_by_failing_tc.json
Executed lines by test cases are saved at lines_executed_by_passing_tc.json
Executed lines by test cases are saved at lines_executed_by_ccts.json
>> Saving version mser.MUT1003.cpp to database

+++++ STDERR +++++

+++++ results for fast.MUT23.cpp +++++
+++++ STDOUT +++++
SELECT bug_idx FROM bug_info WHERE subject = %s AND experiment_name = %s AND version = %s ['opencv_features2d_TF_top30', 'TF_top30', 'fast.MUT23.cpp']
SELECT target_code_file, buggy_code_file, pre_start_line FROM bug_info WHERE bug_idx = %s [719]
SELECT tc_name, tc_result FROM tc_info WHERE bug_idx = %s [719]
Testing version fast.MUT23.cpp on faster17.swtv::core5
>> Building opencv_features2d_TF_top30
>> Applied patch to fast.cpp with fast.MUT23.cpp
>> Building opencv_features2d_TF_top30
>> Extracted line2function data from brisk.cpp.ii
>> Extracted line2function data from fast.avx2.cpp.ii
>> Extracted line2function data from fast.cpp.ii
>> Extracted line2function data from fast_score.cpp.ii
>> Extracted line2function data from fed.cpp.ii
>> Extracted line2function data from mser.cpp.ii
>> Reverted fast.cpp to original from fast.MUT23.cpp
>> Extracted line2function data saved to line2function.json
>> Applied patch to fast.cpp with fast.MUT23.cpp
>> Building opencv_features2d_TF_top30
TC17.sh on line 82 has count: 1064
>> Buggy line 82 is covered by failing TC TC17.sh
TC26.sh on line 82 has count: 2248
>> Buggy line 82 is covered by failing TC TC26.sh
TC1.sh on line 82 has count: 0
TC2.sh on line 82 has count: 0
TC3.sh on line 82 has count: 0
TC4.sh on line 82 has count: 0
TC5.sh on line 82 has count: 0
TC6.sh on line 82 has count: 0
TC7.sh on line 82 has count: 0
TC8.sh on line 82 has count: 0
TC9.sh on line 82 has count: 0
TC10.sh on line 82 has count: 0
TC11.sh on line 82 has count: 0
TC12.sh on line 82 has count: 0
TC13.sh on line 82 has count: 0
TC14.sh on line 82 has count: 52992
TC15.sh on line 82 has count: 0
TC16.sh on line 82 has count: 0
TC18.sh on line 82 has count: 0
TC19.sh on line 82 has count: 0
TC20.sh on line 82 has count: 0
TC21.sh on line 82 has count: 0
TC22.sh on line 82 has count: 8832
TC23.sh on line 82 has count: 0
TC24.sh on line 82 has count: 0
TC25.sh on line 82 has count: 0
TC27.sh on line 82 has count: 0
TC28.sh on line 82 has count: 1064
TC29.sh on line 82 has count: 0
TC30.sh on line 82 has count: 0
TC31.sh on line 82 has count: 0
TC32.sh on line 82 has count: 0
TC33.sh on line 82 has count: 8832
TC34.sh on line 82 has count: 0
TC35.sh on line 82 has count: 0
TC36.sh on line 82 has count: 0
TC37.sh on line 82 has count: 0
TC38.sh on line 82 has count: 0
TC39.sh on line 82 has count: 0
TC40.sh on line 82 has count: 0
TC41.sh on line 82 has count: 8832
TC42.sh on line 82 has count: 0
TC43.sh on line 82 has count: 5520
TC44.sh on line 82 has count: 0
TC45.sh on line 82 has count: 0
TC46.sh on line 82 has count: 0
TC47.sh on line 82 has count: 8832
TC48.sh on line 82 has count: 0
TC49.sh on line 82 has count: 0
TC50.sh on line 82 has count: 35328
TC51.sh on line 82 has count: 0
TC52.sh on line 82 has count: 0
TC53.sh on line 82 has count: 0
TC54.sh on line 82 has count: 0
TC55.sh on line 82 has count: 0
TC56.sh on line 82 has count: 0
TC57.sh on line 82 has count: 0
TC58.sh on line 82 has count: 0
TC59.sh on line 82 has count: 0
TC60.sh on line 82 has count: 0
TC61.sh on line 82 has count: 0
TC62.sh on line 82 has count: 0
initialization on line 82 has count: 0
>> Buggy line 82 is NOT covered by failing TC initialization
Lines executed on initialization saved at lines_executed_at_initialization.txt
>> Reverted fast.cpp to original from fast.MUT23.cpp
>> CCTs are updated in the database
SELECT tc_name, tc_result FROM tc_info WHERE bug_idx = %s [719]
Failing test case TC17.sh executes buggy line opencv_features2d_TF_top30/modules/features2d/src/fast.cpp#FAST_t(cv::InputArray _img, int & keypoints, int threshold, _Bool nonmax_suppression)#82
Failing test case TC26.sh executes buggy line opencv_features2d_TF_top30/modules/features2d/src/fast.cpp#FAST_t(cv::InputArray _img, int & keypoints, int threshold, _Bool nonmax_suppression)#82
Executed lines by test cases are saved at lines_executed_by_failing_tc.json
Executed lines by test cases are saved at lines_executed_by_passing_tc.json
Executed lines by test cases are saved at lines_executed_by_ccts.json
>> Saving version fast.MUT23.cpp to database

+++++ STDERR +++++

+++++ results for brisk.MUT1550.cpp +++++
+++++ STDOUT +++++
SELECT bug_idx FROM bug_info WHERE subject = %s AND experiment_name = %s AND version = %s ['opencv_features2d_TF_top30', 'TF_top30', 'brisk.MUT1550.cpp']
SELECT target_code_file, buggy_code_file, pre_start_line FROM bug_info WHERE bug_idx = %s [1005]
SELECT tc_name, tc_result FROM tc_info WHERE bug_idx = %s [1005]
Testing version brisk.MUT1550.cpp on faster17.swtv::core5
>> Building opencv_features2d_TF_top30
>> Applied patch to brisk.cpp with brisk.MUT1550.cpp
>> Building opencv_features2d_TF_top30
>> Extracted line2function data from brisk.cpp.ii
>> Extracted line2function data from fast.avx2.cpp.ii
>> Extracted line2function data from fast.cpp.ii
>> Extracted line2function data from fast_score.cpp.ii
>> Extracted line2function data from fed.cpp.ii
>> Extracted line2function data from mser.cpp.ii
>> Reverted brisk.cpp to original from brisk.MUT1550.cpp
>> Extracted line2function data saved to line2function.json
>> Applied patch to brisk.cpp with brisk.MUT1550.cpp
>> Building opencv_features2d_TF_top30
TC16.sh on line 1267 has count: 2162
>> Buggy line 1267 is covered by failing TC TC16.sh
TC1.sh on line 1267 has count: 0
TC2.sh on line 1267 has count: 0
TC3.sh on line 1267 has count: 0
TC4.sh on line 1267 has count: 0
TC5.sh on line 1267 has count: 0
TC6.sh on line 1267 has count: 0
TC7.sh on line 1267 has count: 14613
TC8.sh on line 1267 has count: 0
TC9.sh on line 1267 has count: 0
TC10.sh on line 1267 has count: 0
TC11.sh on line 1267 has count: 0
TC12.sh on line 1267 has count: 0
TC13.sh on line 1267 has count: 0
TC14.sh on line 1267 has count: 0
TC15.sh on line 1267 has count: 0
TC17.sh on line 1267 has count: 0
TC18.sh on line 1267 has count: 0
TC19.sh on line 1267 has count: 0
TC20.sh on line 1267 has count: 0
TC21.sh on line 1267 has count: 0
TC22.sh on line 1267 has count: 0
TC23.sh on line 1267 has count: 0
TC24.sh on line 1267 has count: 0
TC25.sh on line 1267 has count: 0
TC26.sh on line 1267 has count: 0
TC27.sh on line 1267 has count: 2162
TC28.sh on line 1267 has count: 0
TC29.sh on line 1267 has count: 0
TC30.sh on line 1267 has count: 0
TC31.sh on line 1267 has count: 0
TC32.sh on line 1267 has count: 0
TC33.sh on line 1267 has count: 0
TC34.sh on line 1267 has count: 0
TC35.sh on line 1267 has count: 0
TC36.sh on line 1267 has count: 0
TC37.sh on line 1267 has count: 0
TC38.sh on line 1267 has count: 0
TC39.sh on line 1267 has count: 0
TC40.sh on line 1267 has count: 0
TC41.sh on line 1267 has count: 0
TC42.sh on line 1267 has count: 0
TC43.sh on line 1267 has count: 0
TC44.sh on line 1267 has count: 0
TC45.sh on line 1267 has count: 0
TC46.sh on line 1267 has count: 0
TC47.sh on line 1267 has count: 92
TC48.sh on line 1267 has count: 0
TC49.sh on line 1267 has count: 13108
TC50.sh on line 1267 has count: 0
TC51.sh on line 1267 has count: 0
TC52.sh on line 1267 has count: 0
TC53.sh on line 1267 has count: 0
TC54.sh on line 1267 has count: 0
TC55.sh on line 1267 has count: 0
TC56.sh on line 1267 has count: 0
TC57.sh on line 1267 has count: 0
TC58.sh on line 1267 has count: 0
TC59.sh on line 1267 has count: 0
TC60.sh on line 1267 has count: 0
TC61.sh on line 1267 has count: 0
TC62.sh on line 1267 has count: 0
initialization on line 1267 has count: 0
>> Buggy line 1267 is NOT covered by failing TC initialization
Lines executed on initialization saved at lines_executed_at_initialization.txt
>> Reverted brisk.cpp to original from brisk.MUT1550.cpp
>> CCTs are updated in the database
SELECT tc_name, tc_result FROM tc_info WHERE bug_idx = %s [1005]
Failing test case TC16.sh executes buggy line opencv_features2d_TF_top30/modules/features2d/src/brisk.cpp#BriskScaleSpace::isMax2D(const int layer, const int x_layer, const int y_layer)#1267
Executed lines by test cases are saved at lines_executed_by_failing_tc.json
Executed lines by test cases are saved at lines_executed_by_passing_tc.json
Executed lines by test cases are saved at lines_executed_by_ccts.json
>> Saving version brisk.MUT1550.cpp to database

+++++ STDERR +++++

+++++ results for brisk.MUT653.cpp +++++
+++++ STDOUT +++++
SELECT bug_idx FROM bug_info WHERE subject = %s AND experiment_name = %s AND version = %s ['opencv_features2d_TF_top30', 'TF_top30', 'brisk.MUT653.cpp']
SELECT target_code_file, buggy_code_file, pre_start_line FROM bug_info WHERE bug_idx = %s [1264]
SELECT tc_name, tc_result FROM tc_info WHERE bug_idx = %s [1264]
Testing version brisk.MUT653.cpp on faster17.swtv::core5
>> Building opencv_features2d_TF_top30
>> Applied patch to brisk.cpp with brisk.MUT653.cpp
>> Building opencv_features2d_TF_top30
>> Extracted line2function data from brisk.cpp.ii
>> Extracted line2function data from fast.avx2.cpp.ii
>> Extracted line2function data from fast.cpp.ii
>> Extracted line2function data from fast_score.cpp.ii
>> Extracted line2function data from fed.cpp.ii
>> Extracted line2function data from mser.cpp.ii
>> Reverted brisk.cpp to original from brisk.MUT653.cpp
>> Extracted line2function data saved to line2function.json
>> Applied patch to brisk.cpp with brisk.MUT653.cpp
>> Building opencv_features2d_TF_top30
TC16.sh on line 664 has count: 62257
>> Buggy line 664 is covered by failing TC TC16.sh
TC1.sh on line 664 has count: 0
TC2.sh on line 664 has count: 0
TC3.sh on line 664 has count: 0
TC4.sh on line 664 has count: 0
TC5.sh on line 664 has count: 0
TC6.sh on line 664 has count: 0
TC7.sh on line 664 has count: 591295
TC8.sh on line 664 has count: 0
TC9.sh on line 664 has count: 60738
TC10.sh on line 664 has count: 0
TC11.sh on line 664 has count: 0
TC12.sh on line 664 has count: 0
TC13.sh on line 664 has count: 0
TC14.sh on line 664 has count: 0
TC15.sh on line 664 has count: 0
TC17.sh on line 664 has count: 0
TC18.sh on line 664 has count: 0
TC19.sh on line 664 has count: 0
TC20.sh on line 664 has count: 0
TC21.sh on line 664 has count: 0
TC22.sh on line 664 has count: 0
TC23.sh on line 664 has count: 0
TC24.sh on line 664 has count: 0
TC25.sh on line 664 has count: 0
TC26.sh on line 664 has count: 0
TC27.sh on line 664 has count: 62257
TC28.sh on line 664 has count: 0
TC29.sh on line 664 has count: 0
TC30.sh on line 664 has count: 0
TC31.sh on line 664 has count: 0
TC32.sh on line 664 has count: 0
TC33.sh on line 664 has count: 0
TC34.sh on line 664 has count: 0
TC35.sh on line 664 has count: 0
TC36.sh on line 664 has count: 0
TC37.sh on line 664 has count: 0
TC38.sh on line 664 has count: 0
TC39.sh on line 664 has count: 0
TC40.sh on line 664 has count: 0
TC41.sh on line 664 has count: 0
TC42.sh on line 664 has count: 0
TC43.sh on line 664 has count: 0
TC44.sh on line 664 has count: 0
TC45.sh on line 664 has count: 0
TC46.sh on line 664 has count: 0
TC47.sh on line 664 has count: 0
TC48.sh on line 664 has count: 0
TC49.sh on line 664 has count: 488530
TC50.sh on line 664 has count: 0
TC51.sh on line 664 has count: 0
TC52.sh on line 664 has count: 0
TC53.sh on line 664 has count: 0
TC54.sh on line 664 has count: 0
TC55.sh on line 664 has count: 0
TC56.sh on line 664 has count: 0
TC57.sh on line 664 has count: 0
TC58.sh on line 664 has count: 0
TC59.sh on line 664 has count: 0
TC60.sh on line 664 has count: 0
TC61.sh on line 664 has count: 0
TC62.sh on line 664 has count: 0
initialization on line 664 has count: 0
>> Buggy line 664 is NOT covered by failing TC initialization
Lines executed on initialization saved at lines_executed_at_initialization.txt
>> Reverted brisk.cpp to original from brisk.MUT653.cpp
>> CCTs are updated in the database
SELECT tc_name, tc_result FROM tc_info WHERE bug_idx = %s [1264]
Failing test case TC16.sh executes buggy line opencv_features2d_TF_top30/modules/features2d/src/brisk.cpp#BRISK_Impl::smoothedIntensity(const cv::Mat & image, const cv::Mat & integral, const float key_x, const float key_y, const unsigned int scale, const unsigned int rot, const unsigned int point)#664
Executed lines by test cases are saved at lines_executed_by_failing_tc.json
Executed lines by test cases are saved at lines_executed_by_passing_tc.json
Executed lines by test cases are saved at lines_executed_by_ccts.json
>> Saving version brisk.MUT653.cpp to database

+++++ STDERR +++++

+++++ results for brisk.MUT1553.cpp +++++
+++++ STDOUT +++++
SELECT bug_idx FROM bug_info WHERE subject = %s AND experiment_name = %s AND version = %s ['opencv_features2d_TF_top30', 'TF_top30', 'brisk.MUT1553.cpp']
SELECT target_code_file, buggy_code_file, pre_start_line FROM bug_info WHERE bug_idx = %s [1549]
SELECT tc_name, tc_result FROM tc_info WHERE bug_idx = %s [1549]
Testing version brisk.MUT1553.cpp on faster17.swtv::core5
>> Building opencv_features2d_TF_top30
>> Applied patch to brisk.cpp with brisk.MUT1553.cpp
>> Building opencv_features2d_TF_top30
>> Extracted line2function data from brisk.cpp.ii
>> Extracted line2function data from fast.avx2.cpp.ii
>> Extracted line2function data from fast.cpp.ii
>> Extracted line2function data from fast_score.cpp.ii
>> Extracted line2function data from fed.cpp.ii
>> Extracted line2function data from mser.cpp.ii
>> Reverted brisk.cpp to original from brisk.MUT1553.cpp
>> Extracted line2function data saved to line2function.json
>> Applied patch to brisk.cpp with brisk.MUT1553.cpp
>> Building opencv_features2d_TF_top30
TC16.sh on line 1268 has count: 2162
>> Buggy line 1268 is covered by failing TC TC16.sh
TC1.sh on line 1268 has count: 0
TC2.sh on line 1268 has count: 0
TC3.sh on line 1268 has count: 0
TC4.sh on line 1268 has count: 0
TC5.sh on line 1268 has count: 0
TC6.sh on line 1268 has count: 0
TC7.sh on line 1268 has count: 14613
TC8.sh on line 1268 has count: 0
TC9.sh on line 1268 has count: 0
TC10.sh on line 1268 has count: 0
TC11.sh on line 1268 has count: 0
TC12.sh on line 1268 has count: 0
TC13.sh on line 1268 has count: 0
TC14.sh on line 1268 has count: 0
TC15.sh on line 1268 has count: 0
TC17.sh on line 1268 has count: 0
TC18.sh on line 1268 has count: 0
TC19.sh on line 1268 has count: 0
TC20.sh on line 1268 has count: 0
TC21.sh on line 1268 has count: 0
TC22.sh on line 1268 has count: 0
TC23.sh on line 1268 has count: 0
TC24.sh on line 1268 has count: 0
TC25.sh on line 1268 has count: 0
TC26.sh on line 1268 has count: 0
TC27.sh on line 1268 has count: 2162
TC28.sh on line 1268 has count: 0
TC29.sh on line 1268 has count: 0
TC30.sh on line 1268 has count: 0
TC31.sh on line 1268 has count: 0
TC32.sh on line 1268 has count: 0
TC33.sh on line 1268 has count: 0
TC34.sh on line 1268 has count: 0
TC35.sh on line 1268 has count: 0
TC36.sh on line 1268 has count: 0
TC37.sh on line 1268 has count: 0
TC38.sh on line 1268 has count: 0
TC39.sh on line 1268 has count: 0
TC40.sh on line 1268 has count: 0
TC41.sh on line 1268 has count: 0
TC42.sh on line 1268 has count: 0
TC43.sh on line 1268 has count: 0
TC44.sh on line 1268 has count: 0
TC45.sh on line 1268 has count: 0
TC46.sh on line 1268 has count: 0
TC47.sh on line 1268 has count: 92
TC48.sh on line 1268 has count: 0
TC49.sh on line 1268 has count: 13108
TC50.sh on line 1268 has count: 0
TC51.sh on line 1268 has count: 0
TC52.sh on line 1268 has count: 0
TC53.sh on line 1268 has count: 0
TC54.sh on line 1268 has count: 0
TC55.sh on line 1268 has count: 0
TC56.sh on line 1268 has count: 0
TC57.sh on line 1268 has count: 0
TC58.sh on line 1268 has count: 0
TC59.sh on line 1268 has count: 0
TC60.sh on line 1268 has count: 0
TC61.sh on line 1268 has count: 0
TC62.sh on line 1268 has count: 0
initialization on line 1268 has count: 0
>> Buggy line 1268 is NOT covered by failing TC initialization
Lines executed on initialization saved at lines_executed_at_initialization.txt
>> Reverted brisk.cpp to original from brisk.MUT1553.cpp
>> CCTs are updated in the database
SELECT tc_name, tc_result FROM tc_info WHERE bug_idx = %s [1549]
Failing test case TC16.sh executes buggy line opencv_features2d_TF_top30/modules/features2d/src/brisk.cpp#BriskScaleSpace::isMax2D(const int layer, const int x_layer, const int y_layer)#1268
Executed lines by test cases are saved at lines_executed_by_failing_tc.json
Executed lines by test cases are saved at lines_executed_by_passing_tc.json
Executed lines by test cases are saved at lines_executed_by_ccts.json
>> Saving version brisk.MUT1553.cpp to database

+++++ STDERR +++++

+++++ results for brisk.MUT66.cpp +++++
+++++ STDOUT +++++
SELECT bug_idx FROM bug_info WHERE subject = %s AND experiment_name = %s AND version = %s ['opencv_features2d_TF_top30', 'TF_top30', 'brisk.MUT66.cpp']
SELECT target_code_file, buggy_code_file, pre_start_line FROM bug_info WHERE bug_idx = %s [1841]
SELECT tc_name, tc_result FROM tc_info WHERE bug_idx = %s [1841]
Testing version brisk.MUT66.cpp on faster17.swtv::core5
>> Building opencv_features2d_TF_top30
>> Applied patch to brisk.cpp with brisk.MUT66.cpp
>> Building opencv_features2d_TF_top30
>> Extracted line2function data from brisk.cpp.ii
>> Extracted line2function data from fast.avx2.cpp.ii
>> Extracted line2function data from fast.cpp.ii
>> Extracted line2function data from fast_score.cpp.ii
>> Extracted line2function data from fed.cpp.ii
>> Extracted line2function data from mser.cpp.ii
>> Reverted brisk.cpp to original from brisk.MUT66.cpp
>> Extracted line2function data saved to line2function.json
>> Applied patch to brisk.cpp with brisk.MUT66.cpp
>> Building opencv_features2d_TF_top30
TC9.sh on line 126 has count: 1
>> Buggy line 126 is covered by failing TC TC9.sh
TC16.sh on line 126 has count: 1
>> Buggy line 126 is covered by failing TC TC16.sh
TC1.sh on line 126 has count: 0
TC2.sh on line 126 has count: 0
TC3.sh on line 126 has count: 0
TC4.sh on line 126 has count: 0
TC5.sh on line 126 has count: 0
TC6.sh on line 126 has count: 0
TC7.sh on line 126 has count: 1
TC8.sh on line 126 has count: 0
TC10.sh on line 126 has count: 0
TC11.sh on line 126 has count: 0
TC12.sh on line 126 has count: 0
TC13.sh on line 126 has count: 0
TC14.sh on line 126 has count: 0
TC15.sh on line 126 has count: 0
TC17.sh on line 126 has count: 0
TC18.sh on line 126 has count: 0
TC19.sh on line 126 has count: 0
TC20.sh on line 126 has count: 0
TC21.sh on line 126 has count: 0
TC22.sh on line 126 has count: 0
TC23.sh on line 126 has count: 0
TC24.sh on line 126 has count: 0
TC25.sh on line 126 has count: 0
TC26.sh on line 126 has count: 0
TC27.sh on line 126 has count: 1
TC28.sh on line 126 has count: 0
TC29.sh on line 126 has count: 0
TC30.sh on line 126 has count: 0
TC31.sh on line 126 has count: 0
TC32.sh on line 126 has count: 0
TC33.sh on line 126 has count: 0
TC34.sh on line 126 has count: 0
TC35.sh on line 126 has count: 0
TC36.sh on line 126 has count: 0
TC37.sh on line 126 has count: 0
TC38.sh on line 126 has count: 0
TC39.sh on line 126 has count: 0
TC40.sh on line 126 has count: 0
TC41.sh on line 126 has count: 0
TC42.sh on line 126 has count: 0
TC43.sh on line 126 has count: 0
TC44.sh on line 126 has count: 0
TC45.sh on line 126 has count: 0
TC46.sh on line 126 has count: 0
TC47.sh on line 126 has count: 1
TC48.sh on line 126 has count: 0
TC49.sh on line 126 has count: 1
TC50.sh on line 126 has count: 0
TC51.sh on line 126 has count: 0
TC52.sh on line 126 has count: 0
TC53.sh on line 126 has count: 0
TC54.sh on line 126 has count: 0
TC55.sh on line 126 has count: 0
TC56.sh on line 126 has count: 0
TC57.sh on line 126 has count: 0
TC58.sh on line 126 has count: 0
TC59.sh on line 126 has count: 0
TC60.sh on line 126 has count: 0
TC61.sh on line 126 has count: 0
TC62.sh on line 126 has count: 0
initialization on line 126 has count: 0
>> Buggy line 126 is NOT covered by failing TC initialization
Lines executed on initialization saved at lines_executed_at_initialization.txt
>> Reverted brisk.cpp to original from brisk.MUT66.cpp
>> CCTs are updated in the database
SELECT tc_name, tc_result FROM tc_info WHERE bug_idx = %s [1841]
Failing test case TC9.sh executes buggy line opencv_features2d_TF_top30/modules/features2d/src/brisk.cpp#BRISK_Impl::setPatternScale(float _patternScale)#126
Failing test case TC16.sh executes buggy line opencv_features2d_TF_top30/modules/features2d/src/brisk.cpp#BRISK_Impl::setPatternScale(float _patternScale)#126
Executed lines by test cases are saved at lines_executed_by_failing_tc.json
Executed lines by test cases are saved at lines_executed_by_passing_tc.json
Executed lines by test cases are saved at lines_executed_by_ccts.json
>> Saving version brisk.MUT66.cpp to database

+++++ STDERR +++++

+++++ results for brisk.MUT794.cpp +++++
+++++ STDOUT +++++
SELECT bug_idx FROM bug_info WHERE subject = %s AND experiment_name = %s AND version = %s ['opencv_features2d_TF_top30', 'TF_top30', 'brisk.MUT794.cpp']
SELECT target_code_file, buggy_code_file, pre_start_line FROM bug_info WHERE bug_idx = %s [510]
SELECT tc_name, tc_result FROM tc_info WHERE bug_idx = %s [510]
Testing version brisk.MUT794.cpp on faster17.swtv::core5
>> Building opencv_features2d_TF_top30
>> Applied patch to brisk.cpp with brisk.MUT794.cpp
>> Building opencv_features2d_TF_top30
>> Extracted line2function data from brisk.cpp.ii
>> Extracted line2function data from fast.avx2.cpp.ii
>> Extracted line2function data from fast.cpp.ii
>> Extracted line2function data from fast_score.cpp.ii
>> Extracted line2function data from fed.cpp.ii
>> Extracted line2function data from mser.cpp.ii
>> Reverted brisk.cpp to original from brisk.MUT794.cpp
>> Extracted line2function data saved to line2function.json
>> Applied patch to brisk.cpp with brisk.MUT794.cpp
>> Building opencv_features2d_TF_top30
TC7.sh on line 762 has count: 1347
>> Buggy line 762 is covered by failing TC TC7.sh
TC9.sh on line 762 has count: 676
>> Buggy line 762 is covered by failing TC TC9.sh
TC16.sh on line 762 has count: 1369
>> Buggy line 762 is covered by failing TC TC16.sh
TC1.sh on line 762 has count: 0
TC2.sh on line 762 has count: 0
TC3.sh on line 762 has count: 0
TC4.sh on line 762 has count: 0
TC5.sh on line 762 has count: 0
TC6.sh on line 762 has count: 0
TC8.sh on line 762 has count: 0
TC10.sh on line 762 has count: 0
TC11.sh on line 762 has count: 0
TC12.sh on line 762 has count: 0
TC13.sh on line 762 has count: 0
TC14.sh on line 762 has count: 0
TC15.sh on line 762 has count: 0
TC17.sh on line 762 has count: 0
TC18.sh on line 762 has count: 0
TC19.sh on line 762 has count: 0
TC20.sh on line 762 has count: 0
TC21.sh on line 762 has count: 0
TC22.sh on line 762 has count: 0
TC23.sh on line 762 has count: 0
TC24.sh on line 762 has count: 0
TC25.sh on line 762 has count: 0
TC26.sh on line 762 has count: 0
TC27.sh on line 762 has count: 1369
TC28.sh on line 762 has count: 0
TC29.sh on line 762 has count: 0
TC30.sh on line 762 has count: 0
TC31.sh on line 762 has count: 0
TC32.sh on line 762 has count: 0
TC33.sh on line 762 has count: 0
TC34.sh on line 762 has count: 0
TC35.sh on line 762 has count: 0
TC36.sh on line 762 has count: 0
TC37.sh on line 762 has count: 0
TC38.sh on line 762 has count: 0
TC39.sh on line 762 has count: 0
TC40.sh on line 762 has count: 0
TC41.sh on line 762 has count: 0
TC42.sh on line 762 has count: 0
TC43.sh on line 762 has count: 0
TC44.sh on line 762 has count: 0
TC45.sh on line 762 has count: 0
TC46.sh on line 762 has count: 0
TC47.sh on line 762 has count: 55
TC48.sh on line 762 has count: 0
TC50.sh on line 762 has count: 0
TC51.sh on line 762 has count: 0
TC52.sh on line 762 has count: 0
TC53.sh on line 762 has count: 0
TC54.sh on line 762 has count: 0
TC55.sh on line 762 has count: 0
TC56.sh on line 762 has count: 0
TC57.sh on line 762 has count: 0
TC58.sh on line 762 has count: 0
TC59.sh on line 762 has count: 0
TC60.sh on line 762 has count: 0
TC61.sh on line 762 has count: 0
TC62.sh on line 762 has count: 0
initialization on line 762 has count: 0
>> Buggy line 762 is NOT covered by failing TC initialization
Lines executed on initialization saved at lines_executed_at_initialization.txt
>> Reverted brisk.cpp to original from brisk.MUT794.cpp
>> CCTs are updated in the database
SELECT tc_name, tc_result FROM tc_info WHERE bug_idx = %s [510]
Failing test case TC7.sh executes buggy line opencv_features2d_TF_top30/modules/features2d/src/brisk.cpp#BRISK_Impl::computeDescriptorsAndOrOrientation(cv::InputArray _image, cv::InputArray _mask, int & keypoints, cv::OutputArray _descriptors, _Bool doDescriptors, _Bool doOrientation, _Bool useProvidedKeypoints)#762
Failing test case TC9.sh executes buggy line opencv_features2d_TF_top30/modules/features2d/src/brisk.cpp#BRISK_Impl::computeDescriptorsAndOrOrientation(cv::InputArray _image, cv::InputArray _mask, int & keypoints, cv::OutputArray _descriptors, _Bool doDescriptors, _Bool doOrientation, _Bool useProvidedKeypoints)#762
Failing test case TC16.sh executes buggy line opencv_features2d_TF_top30/modules/features2d/src/brisk.cpp#BRISK_Impl::computeDescriptorsAndOrOrientation(cv::InputArray _image, cv::InputArray _mask, int & keypoints, cv::OutputArray _descriptors, _Bool doDescriptors, _Bool doOrientation, _Bool useProvidedKeypoints)#762
Executed lines by test cases are saved at lines_executed_by_failing_tc.json
Executed lines by test cases are saved at lines_executed_by_passing_tc.json
Executed lines by test cases are saved at lines_executed_by_ccts.json
>> Saving version brisk.MUT794.cpp to database

+++++ STDERR +++++

+++++ results for brisk.MUT1736.cpp +++++
+++++ STDOUT +++++
SELECT bug_idx FROM bug_info WHERE subject = %s AND experiment_name = %s AND version = %s ['opencv_features2d_TF_top30', 'TF_top30', 'brisk.MUT1736.cpp']
SELECT target_code_file, buggy_code_file, pre_start_line FROM bug_info WHERE bug_idx = %s [1352]
SELECT tc_name, tc_result FROM tc_info WHERE bug_idx = %s [1352]
Testing version brisk.MUT1736.cpp on faster17.swtv::core5
>> Building opencv_features2d_TF_top30
>> Applied patch to brisk.cpp with brisk.MUT1736.cpp
>> Building opencv_features2d_TF_top30
>> Extracted line2function data from brisk.cpp.ii
>> Extracted line2function data from fast.avx2.cpp.ii
>> Extracted line2function data from fast.cpp.ii
>> Extracted line2function data from fast_score.cpp.ii
>> Extracted line2function data from fed.cpp.ii
>> Extracted line2function data from mser.cpp.ii
>> Reverted brisk.cpp to original from brisk.MUT1736.cpp
>> Extracted line2function data saved to line2function.json
>> Applied patch to brisk.cpp with brisk.MUT1736.cpp
>> Building opencv_features2d_TF_top30
TC16.sh on line 1376 has count: 701
>> Buggy line 1376 is covered by failing TC TC16.sh
TC1.sh on line 1376 has count: 0
TC2.sh on line 1376 has count: 0
TC3.sh on line 1376 has count: 0
TC4.sh on line 1376 has count: 0
TC5.sh on line 1376 has count: 0
TC6.sh on line 1376 has count: 0
TC7.sh on line 1376 has count: 2457
TC8.sh on line 1376 has count: 0
TC9.sh on line 1376 has count: 0
TC10.sh on line 1376 has count: 0
TC11.sh on line 1376 has count: 0
TC12.sh on line 1376 has count: 0
TC13.sh on line 1376 has count: 0
TC14.sh on line 1376 has count: 0
TC15.sh on line 1376 has count: 0
TC17.sh on line 1376 has count: 0
TC18.sh on line 1376 has count: 0
TC19.sh on line 1376 has count: 0
TC20.sh on line 1376 has count: 0
TC21.sh on line 1376 has count: 0
TC22.sh on line 1376 has count: 0
TC23.sh on line 1376 has count: 0
TC24.sh on line 1376 has count: 0
TC25.sh on line 1376 has count: 0
TC26.sh on line 1376 has count: 0
TC27.sh on line 1376 has count: 701
TC28.sh on line 1376 has count: 0
TC29.sh on line 1376 has count: 0
TC30.sh on line 1376 has count: 0
TC31.sh on line 1376 has count: 0
TC32.sh on line 1376 has count: 0
TC33.sh on line 1376 has count: 0
TC34.sh on line 1376 has count: 0
TC35.sh on line 1376 has count: 0
TC36.sh on line 1376 has count: 0
TC37.sh on line 1376 has count: 0
TC38.sh on line 1376 has count: 0
TC39.sh on line 1376 has count: 0
TC40.sh on line 1376 has count: 0
TC41.sh on line 1376 has count: 0
TC42.sh on line 1376 has count: 0
TC43.sh on line 1376 has count: 0
TC44.sh on line 1376 has count: 0
TC45.sh on line 1376 has count: 0
TC46.sh on line 1376 has count: 0
TC47.sh on line 1376 has count: 20
TC48.sh on line 1376 has count: 0
TC49.sh on line 1376 has count: 4926
TC50.sh on line 1376 has count: 0
TC51.sh on line 1376 has count: 0
TC52.sh on line 1376 has count: 0
TC53.sh on line 1376 has count: 0
TC54.sh on line 1376 has count: 0
TC55.sh on line 1376 has count: 0
TC56.sh on line 1376 has count: 0
TC57.sh on line 1376 has count: 0
TC58.sh on line 1376 has count: 0
TC59.sh on line 1376 has count: 0
TC60.sh on line 1376 has count: 0
TC61.sh on line 1376 has count: 0
TC62.sh on line 1376 has count: 0
initialization on line 1376 has count: 0
>> Buggy line 1376 is NOT covered by failing TC initialization
Lines executed on initialization saved at lines_executed_at_initialization.txt
>> Reverted brisk.cpp to original from brisk.MUT1736.cpp
>> CCTs are updated in the database
SELECT tc_name, tc_result FROM tc_info WHERE bug_idx = %s [1352]
Failing test case TC16.sh executes buggy line opencv_features2d_TF_top30/modules/features2d/src/brisk.cpp#BriskScaleSpace::refine3D(const int layer, const int x_layer, const int y_layer, float & x, float & y, float & scale, _Bool & ismax)#1376
Executed lines by test cases are saved at lines_executed_by_failing_tc.json
Executed lines by test cases are saved at lines_executed_by_passing_tc.json
Executed lines by test cases are saved at lines_executed_by_ccts.json
>> Saving version brisk.MUT1736.cpp to database

+++++ STDERR +++++

+++++ results for fast_score.MUT44.cpp +++++
+++++ STDOUT +++++
SELECT bug_idx FROM bug_info WHERE subject = %s AND experiment_name = %s AND version = %s ['opencv_features2d_TF_top30', 'TF_top30', 'fast_score.MUT44.cpp']
SELECT target_code_file, buggy_code_file, pre_start_line FROM bug_info WHERE bug_idx = %s [1]
SELECT tc_name, tc_result FROM tc_info WHERE bug_idx = %s [1]
Testing version fast_score.MUT44.cpp on faster17.swtv::core5
>> Building opencv_features2d_TF_top30
>> Applied patch to fast_score.cpp with fast_score.MUT44.cpp
>> Building opencv_features2d_TF_top30
>> Extracted line2function data from brisk.cpp.ii
>> Extracted line2function data from fast.avx2.cpp.ii
>> Extracted line2function data from fast.cpp.ii
>> Extracted line2function data from fast_score.cpp.ii
>> Extracted line2function data from fed.cpp.ii
>> Extracted line2function data from mser.cpp.ii
>> Reverted fast_score.cpp to original from fast_score.MUT44.cpp
>> Extracted line2function data saved to line2function.json
>> Applied patch to fast_score.cpp with fast_score.MUT44.cpp
>> Building opencv_features2d_TF_top30
TC26.sh on line 126 has count: 50
>> Buggy line 126 is covered by failing TC TC26.sh
TC1.sh on line 126 has count: 0
TC2.sh on line 126 has count: 0
TC3.sh on line 126 has count: 0
TC4.sh on line 126 has count: 0
TC5.sh on line 126 has count: 0
TC6.sh on line 126 has count: 0
TC7.sh on line 126 has count: 0
TC8.sh on line 126 has count: 0
TC9.sh on line 126 has count: 0
TC10.sh on line 126 has count: 0
TC11.sh on line 126 has count: 0
TC12.sh on line 126 has count: 0
TC13.sh on line 126 has count: 0
TC14.sh on line 126 has count: 172400
TC15.sh on line 126 has count: 0
TC16.sh on line 126 has count: 0
TC17.sh on line 126 has count: 4075
TC18.sh on line 126 has count: 0
TC19.sh on line 126 has count: 0
TC20.sh on line 126 has count: 0
TC21.sh on line 126 has count: 0
TC22.sh on line 126 has count: 9125
TC23.sh on line 126 has count: 0
TC24.sh on line 126 has count: 0
TC25.sh on line 126 has count: 0
TC27.sh on line 126 has count: 0
TC28.sh on line 126 has count: 4075
TC29.sh on line 126 has count: 0
TC30.sh on line 126 has count: 0
TC31.sh on line 126 has count: 0
TC32.sh on line 126 has count: 0
TC33.sh on line 126 has count: 9125
TC34.sh on line 126 has count: 0
TC35.sh on line 126 has count: 0
TC36.sh on line 126 has count: 0
TC37.sh on line 126 has count: 0
TC38.sh on line 126 has count: 0
TC39.sh on line 126 has count: 0
TC40.sh on line 126 has count: 0
TC41.sh on line 126 has count: 375
TC42.sh on line 126 has count: 0
TC43.sh on line 126 has count: 0
TC44.sh on line 126 has count: 0
TC45.sh on line 126 has count: 0
TC46.sh on line 126 has count: 0
TC47.sh on line 126 has count: 9750
TC48.sh on line 126 has count: 0
TC49.sh on line 126 has count: 0
TC50.sh on line 126 has count: 99700
TC51.sh on line 126 has count: 0
TC52.sh on line 126 has count: 0
TC53.sh on line 126 has count: 0
TC54.sh on line 126 has count: 0
TC55.sh on line 126 has count: 0
TC56.sh on line 126 has count: 0
TC57.sh on line 126 has count: 0
TC58.sh on line 126 has count: 0
TC59.sh on line 126 has count: 0
TC60.sh on line 126 has count: 0
TC61.sh on line 126 has count: 0
TC62.sh on line 126 has count: 0
initialization on line 126 has count: 0
>> Buggy line 126 is NOT covered by failing TC initialization
Lines executed on initialization saved at lines_executed_at_initialization.txt
>> Reverted fast_score.cpp to original from fast_score.MUT44.cpp
>> CCTs are updated in the database
SELECT tc_name, tc_result FROM tc_info WHERE bug_idx = %s [1]
Failing test case TC26.sh executes buggy line opencv_features2d_TF_top30/modules/features2d/src/fast_score.cpp#cornerScore(const uchar * ptr, const int * pixel, int threshold)#126
Executed lines by test cases are saved at lines_executed_by_failing_tc.json
Executed lines by test cases are saved at lines_executed_by_passing_tc.json
Executed lines by test cases are saved at lines_executed_by_ccts.json
>> Saving version fast_score.MUT44.cpp to database
>> Cleaning build for opencv_features2d_TF_top30

+++++ STDERR +++++
