
+++++ results for mser.MUT1036.cpp +++++
+++++ STDOUT +++++
SELECT bug_idx FROM bug_info WHERE subject = %s AND experiment_name = %s AND version = %s ['opencv_features2d_TF_top30', 'TF_top30', 'mser.MUT1036.cpp']
SELECT target_code_file, buggy_code_file, pre_start_line FROM bug_info WHERE bug_idx = %s [46]
SELECT tc_name, tc_result FROM tc_info WHERE bug_idx = %s [46]
Testing version mser.MUT1036.cpp on faster25.swtv::core4
>> Configuring opencv_features2d_TF_top30 with coverage
>> Building opencv_features2d_TF_top30
>> Applied patch to mser.cpp with mser.MUT1036.cpp
>> Building opencv_features2d_TF_top30
>> Extracted line2function data from brisk.cpp.ii
>> Extracted line2function data from fast.avx2.cpp.ii
>> Extracted line2function data from fast.cpp.ii
>> Extracted line2function data from fast_score.cpp.ii
>> Extracted line2function data from fed.cpp.ii
>> Extracted line2function data from mser.cpp.ii
>> Reverted mser.cpp to original from mser.MUT1036.cpp
>> Extracted line2function data saved to line2function.json
>> Applied patch to mser.cpp with mser.MUT1036.cpp
>> Building opencv_features2d_TF_top30
TC32.sh on line 784 has count: 1
>> Buggy line 784 is covered by failing TC TC32.sh
TC1.sh on line 784 has count: 0
TC2.sh on line 784 has count: 0
TC3.sh on line 784 has count: 0
TC4.sh on line 784 has count: 0
TC5.sh on line 784 has count: 0
TC6.sh on line 784 has count: 0
TC7.sh on line 784 has count: 0
TC8.sh on line 784 has count: 0
TC9.sh on line 784 has count: 0
TC10.sh on line 784 has count: 0
TC11.sh on line 784 has count: 0
TC12.sh on line 784 has count: 0
TC13.sh on line 784 has count: 0
TC14.sh on line 784 has count: 0
TC15.sh on line 784 has count: 0
TC16.sh on line 784 has count: 0
TC17.sh on line 784 has count: 0
TC18.sh on line 784 has count: 0
TC19.sh on line 784 has count: 0
TC20.sh on line 784 has count: 0
TC21.sh on line 784 has count: 0
TC22.sh on line 784 has count: 0
TC23.sh on line 784 has count: 0
TC24.sh on line 784 has count: 0
TC25.sh on line 784 has count: 0
TC26.sh on line 784 has count: 0
TC27.sh on line 784 has count: 0
TC28.sh on line 784 has count: 0
TC29.sh on line 784 has count: 0
TC30.sh on line 784 has count: 0
TC31.sh on line 784 has count: 0
TC33.sh on line 784 has count: 0
TC34.sh on line 784 has count: 0
TC35.sh on line 784 has count: 0
TC36.sh on line 784 has count: 0
TC37.sh on line 784 has count: 0
TC38.sh on line 784 has count: 0
TC39.sh on line 784 has count: 0
TC40.sh on line 784 has count: 0
TC41.sh on line 784 has count: 0
TC42.sh on line 784 has count: 0
TC43.sh on line 784 has count: 0
TC44.sh on line 784 has count: 0
TC45.sh on line 784 has count: 0
TC46.sh on line 784 has count: 0
TC47.sh on line 784 has count: 0
TC48.sh on line 784 has count: 0
TC49.sh on line 784 has count: 0
TC50.sh on line 784 has count: 0
TC51.sh on line 784 has count: 0
TC52.sh on line 784 has count: 0
TC53.sh on line 784 has count: 0
TC54.sh on line 784 has count: 0
TC55.sh on line 784 has count: 0
TC56.sh on line 784 has count: 0
TC57.sh on line 784 has count: 0
TC58.sh on line 784 has count: 0
TC59.sh on line 784 has count: 0
TC60.sh on line 784 has count: 0
TC61.sh on line 784 has count: 0
TC62.sh on line 784 has count: 0
initialization on line 784 has count: 0
>> Buggy line 784 is NOT covered by failing TC initialization
Lines executed on initialization saved at lines_executed_at_initialization.txt
>> Reverted mser.cpp to original from mser.MUT1036.cpp
SELECT tc_name, tc_result FROM tc_info WHERE bug_idx = %s [46]
Failing test case TC32.sh executes buggy line opencv_features2d_TF_top30/modules/features2d/src/mser.cpp#preprocessMSER_8uC3(struct cv::MSCRNode * node, struct cv::MSCREdge * edge, double * total, const class cv::Mat & src, class cv::Mat & dx, class cv::Mat & dy, int Ne, int edgeBlurSize)#784
Executed lines by test cases are saved at lines_executed_by_failing_tc.json
Executed lines by test cases are saved at lines_executed_by_passing_tc.json
Executed lines by test cases are saved at lines_executed_by_ccts.json
>> Saving version mser.MUT1036.cpp to database

+++++ STDERR +++++

+++++ results for mser.MUT1374.cpp +++++
+++++ STDOUT +++++
SELECT bug_idx FROM bug_info WHERE subject = %s AND experiment_name = %s AND version = %s ['opencv_features2d_TF_top30', 'TF_top30', 'mser.MUT1374.cpp']
SELECT target_code_file, buggy_code_file, pre_start_line FROM bug_info WHERE bug_idx = %s [523]
SELECT tc_name, tc_result FROM tc_info WHERE bug_idx = %s [523]
Testing version mser.MUT1374.cpp on faster25.swtv::core4
>> Building opencv_features2d_TF_top30
>> Applied patch to mser.cpp with mser.MUT1374.cpp
>> Building opencv_features2d_TF_top30
>> Extracted line2function data from brisk.cpp.ii
>> Extracted line2function data from fast.avx2.cpp.ii
>> Extracted line2function data from fast.cpp.ii
>> Extracted line2function data from fast_score.cpp.ii
>> Extracted line2function data from fed.cpp.ii
>> Extracted line2function data from mser.cpp.ii
>> Reverted mser.cpp to original from mser.MUT1374.cpp
>> Extracted line2function data saved to line2function.json
>> Applied patch to mser.cpp with mser.MUT1374.cpp
>> Building opencv_features2d_TF_top30
TC32.sh on line 975 has count: 222
>> Buggy line 975 is covered by failing TC TC32.sh
TC1.sh on line 975 has count: 0
TC2.sh on line 975 has count: 0
TC3.sh on line 975 has count: 0
TC4.sh on line 975 has count: 0
TC5.sh on line 975 has count: 0
TC6.sh on line 975 has count: 0
TC7.sh on line 975 has count: 0
TC8.sh on line 975 has count: 0
TC9.sh on line 975 has count: 0
TC10.sh on line 975 has count: 0
TC11.sh on line 975 has count: 0
TC12.sh on line 975 has count: 0
TC13.sh on line 975 has count: 0
TC14.sh on line 975 has count: 0
TC15.sh on line 975 has count: 0
TC16.sh on line 975 has count: 0
TC17.sh on line 975 has count: 0
TC18.sh on line 975 has count: 0
TC19.sh on line 975 has count: 0
TC20.sh on line 975 has count: 0
TC21.sh on line 975 has count: 0
TC22.sh on line 975 has count: 0
TC23.sh on line 975 has count: 0
TC24.sh on line 975 has count: 0
TC25.sh on line 975 has count: 0
TC26.sh on line 975 has count: 0
TC27.sh on line 975 has count: 0
TC28.sh on line 975 has count: 0
TC29.sh on line 975 has count: 0
TC30.sh on line 975 has count: 0
TC31.sh on line 975 has count: 0
TC33.sh on line 975 has count: 0
TC34.sh on line 975 has count: 0
TC35.sh on line 975 has count: 0
TC36.sh on line 975 has count: 0
TC37.sh on line 975 has count: 0
TC38.sh on line 975 has count: 0
TC39.sh on line 975 has count: 0
TC40.sh on line 975 has count: 0
TC41.sh on line 975 has count: 0
TC42.sh on line 975 has count: 0
TC43.sh on line 975 has count: 0
TC44.sh on line 975 has count: 0
TC45.sh on line 975 has count: 0
TC46.sh on line 975 has count: 0
TC47.sh on line 975 has count: 0
TC48.sh on line 975 has count: 0
TC49.sh on line 975 has count: 0
TC50.sh on line 975 has count: 0
TC51.sh on line 975 has count: 0
TC52.sh on line 975 has count: 0
TC53.sh on line 975 has count: 0
TC54.sh on line 975 has count: 0
TC55.sh on line 975 has count: 0
TC56.sh on line 975 has count: 0
TC57.sh on line 975 has count: 0
TC58.sh on line 975 has count: 0
TC59.sh on line 975 has count: 0
TC60.sh on line 975 has count: 0
TC61.sh on line 975 has count: 0
TC62.sh on line 975 has count: 0
initialization on line 975 has count: 0
>> Buggy line 975 is NOT covered by failing TC initialization
Lines executed on initialization saved at lines_executed_at_initialization.txt
>> Reverted mser.cpp to original from mser.MUT1374.cpp
SELECT tc_name, tc_result FROM tc_info WHERE bug_idx = %s [523]
Failing test case TC32.sh executes buggy line opencv_features2d_TF_top30/modules/features2d/src/mser.cpp#extractMSER_8uC3(const class cv::Mat & src, int & msers, int & bboxvec, const class MSER_Impl::Params & params)#975
Executed lines by test cases are saved at lines_executed_by_failing_tc.json
Executed lines by test cases are saved at lines_executed_by_passing_tc.json
Executed lines by test cases are saved at lines_executed_by_ccts.json
>> Saving version mser.MUT1374.cpp to database

+++++ STDERR +++++

+++++ results for brisk.MUT1963.cpp +++++
+++++ STDOUT +++++
SELECT bug_idx FROM bug_info WHERE subject = %s AND experiment_name = %s AND version = %s ['opencv_features2d_TF_top30', 'TF_top30', 'brisk.MUT1963.cpp']
SELECT target_code_file, buggy_code_file, pre_start_line FROM bug_info WHERE bug_idx = %s [813]
SELECT tc_name, tc_result FROM tc_info WHERE bug_idx = %s [813]
Testing version brisk.MUT1963.cpp on faster25.swtv::core4
>> Building opencv_features2d_TF_top30
>> Applied patch to brisk.cpp with brisk.MUT1963.cpp
>> Building opencv_features2d_TF_top30
>> Extracted line2function data from brisk.cpp.ii
>> Extracted line2function data from fast.avx2.cpp.ii
>> Extracted line2function data from fast.cpp.ii
>> Extracted line2function data from fast_score.cpp.ii
>> Extracted line2function data from fed.cpp.ii
>> Extracted line2function data from mser.cpp.ii
>> Reverted brisk.cpp to original from brisk.MUT1963.cpp
>> Extracted line2function data saved to line2function.json
>> Applied patch to brisk.cpp with brisk.MUT1963.cpp
>> Building opencv_features2d_TF_top30
TC16.sh on line 1510 has count: 1911
>> Buggy line 1510 is covered by failing TC TC16.sh
TC1.sh on line 1510 has count: 0
TC2.sh on line 1510 has count: 0
TC3.sh on line 1510 has count: 0
TC4.sh on line 1510 has count: 0
TC5.sh on line 1510 has count: 0
TC6.sh on line 1510 has count: 0
TC7.sh on line 1510 has count: 12577
TC8.sh on line 1510 has count: 0
TC9.sh on line 1510 has count: 0
TC10.sh on line 1510 has count: 0
TC11.sh on line 1510 has count: 0
TC12.sh on line 1510 has count: 0
TC13.sh on line 1510 has count: 0
TC14.sh on line 1510 has count: 0
TC15.sh on line 1510 has count: 0
TC17.sh on line 1510 has count: 0
TC18.sh on line 1510 has count: 0
TC19.sh on line 1510 has count: 0
TC20.sh on line 1510 has count: 0
TC21.sh on line 1510 has count: 0
TC22.sh on line 1510 has count: 0
TC23.sh on line 1510 has count: 0
TC24.sh on line 1510 has count: 0
TC25.sh on line 1510 has count: 0
TC26.sh on line 1510 has count: 0
TC27.sh on line 1510 has count: 1911
TC28.sh on line 1510 has count: 0
TC29.sh on line 1510 has count: 0
TC30.sh on line 1510 has count: 0
TC31.sh on line 1510 has count: 0
TC32.sh on line 1510 has count: 0
TC33.sh on line 1510 has count: 0
TC34.sh on line 1510 has count: 0
TC35.sh on line 1510 has count: 0
TC36.sh on line 1510 has count: 0
TC37.sh on line 1510 has count: 0
TC38.sh on line 1510 has count: 0
TC39.sh on line 1510 has count: 0
TC40.sh on line 1510 has count: 0
TC41.sh on line 1510 has count: 0
TC42.sh on line 1510 has count: 0
TC43.sh on line 1510 has count: 0
TC44.sh on line 1510 has count: 0
TC45.sh on line 1510 has count: 0
TC46.sh on line 1510 has count: 0
TC47.sh on line 1510 has count: 77
TC48.sh on line 1510 has count: 0
TC49.sh on line 1510 has count: 11759
TC50.sh on line 1510 has count: 0
TC51.sh on line 1510 has count: 0
TC52.sh on line 1510 has count: 0
TC53.sh on line 1510 has count: 0
TC54.sh on line 1510 has count: 0
TC55.sh on line 1510 has count: 0
TC56.sh on line 1510 has count: 0
TC57.sh on line 1510 has count: 0
TC58.sh on line 1510 has count: 0
TC59.sh on line 1510 has count: 0
TC60.sh on line 1510 has count: 0
TC61.sh on line 1510 has count: 0
TC62.sh on line 1510 has count: 0
initialization on line 1510 has count: 0
>> Buggy line 1510 is NOT covered by failing TC initialization
Lines executed on initialization saved at lines_executed_at_initialization.txt
>> Reverted brisk.cpp to original from brisk.MUT1963.cpp
>> CCTs are updated in the database
SELECT tc_name, tc_result FROM tc_info WHERE bug_idx = %s [813]
Failing test case TC16.sh executes buggy line opencv_features2d_TF_top30/modules/features2d/src/brisk.cpp#BriskScaleSpace::getScoreMaxAbove(const int layer, const int x_layer, const int y_layer, const int threshold, _Bool & ismax, float & dx, float & dy)#1510
Executed lines by test cases are saved at lines_executed_by_failing_tc.json
Executed lines by test cases are saved at lines_executed_by_passing_tc.json
Executed lines by test cases are saved at lines_executed_by_ccts.json
>> Saving version brisk.MUT1963.cpp to database

+++++ STDERR +++++

+++++ results for brisk.MUT2289.cpp +++++
+++++ STDOUT +++++
SELECT bug_idx FROM bug_info WHERE subject = %s AND experiment_name = %s AND version = %s ['opencv_features2d_TF_top30', 'TF_top30', 'brisk.MUT2289.cpp']
SELECT target_code_file, buggy_code_file, pre_start_line FROM bug_info WHERE bug_idx = %s [1072]
SELECT tc_name, tc_result FROM tc_info WHERE bug_idx = %s [1072]
Testing version brisk.MUT2289.cpp on faster25.swtv::core4
>> Building opencv_features2d_TF_top30
>> Applied patch to brisk.cpp with brisk.MUT2289.cpp
>> Building opencv_features2d_TF_top30
>> Extracted line2function data from brisk.cpp.ii
>> Extracted line2function data from fast.avx2.cpp.ii
>> Extracted line2function data from fast.cpp.ii
>> Extracted line2function data from fast_score.cpp.ii
>> Extracted line2function data from fed.cpp.ii
>> Extracted line2function data from mser.cpp.ii
>> Reverted brisk.cpp to original from brisk.MUT2289.cpp
>> Extracted line2function data saved to line2function.json
>> Applied patch to brisk.cpp with brisk.MUT2289.cpp
>> Building opencv_features2d_TF_top30
TC16.sh on line 1707 has count: 599
>> Buggy line 1707 is covered by failing TC TC16.sh
TC1.sh on line 1707 has count: 0
TC2.sh on line 1707 has count: 0
TC3.sh on line 1707 has count: 0
TC4.sh on line 1707 has count: 0
TC5.sh on line 1707 has count: 0
TC6.sh on line 1707 has count: 0
TC7.sh on line 1707 has count: 5091
TC8.sh on line 1707 has count: 0
TC9.sh on line 1707 has count: 0
TC10.sh on line 1707 has count: 0
TC11.sh on line 1707 has count: 0
TC12.sh on line 1707 has count: 0
TC13.sh on line 1707 has count: 0
TC14.sh on line 1707 has count: 0
TC15.sh on line 1707 has count: 0
TC17.sh on line 1707 has count: 0
TC18.sh on line 1707 has count: 0
TC19.sh on line 1707 has count: 0
TC20.sh on line 1707 has count: 0
TC21.sh on line 1707 has count: 0
TC22.sh on line 1707 has count: 0
TC23.sh on line 1707 has count: 0
TC24.sh on line 1707 has count: 0
TC25.sh on line 1707 has count: 0
TC26.sh on line 1707 has count: 0
TC27.sh on line 1707 has count: 599
TC28.sh on line 1707 has count: 0
TC29.sh on line 1707 has count: 0
TC30.sh on line 1707 has count: 0
TC31.sh on line 1707 has count: 0
TC32.sh on line 1707 has count: 0
TC33.sh on line 1707 has count: 0
TC34.sh on line 1707 has count: 0
TC35.sh on line 1707 has count: 0
TC36.sh on line 1707 has count: 0
TC37.sh on line 1707 has count: 0
TC38.sh on line 1707 has count: 0
TC39.sh on line 1707 has count: 0
TC40.sh on line 1707 has count: 0
TC41.sh on line 1707 has count: 0
TC42.sh on line 1707 has count: 0
TC43.sh on line 1707 has count: 0
TC44.sh on line 1707 has count: 0
TC45.sh on line 1707 has count: 0
TC46.sh on line 1707 has count: 0
TC47.sh on line 1707 has count: 22
TC48.sh on line 1707 has count: 0
TC49.sh on line 1707 has count: 3476
TC50.sh on line 1707 has count: 0
TC51.sh on line 1707 has count: 0
TC52.sh on line 1707 has count: 0
TC53.sh on line 1707 has count: 0
TC54.sh on line 1707 has count: 0
TC55.sh on line 1707 has count: 0
TC56.sh on line 1707 has count: 0
TC57.sh on line 1707 has count: 0
TC58.sh on line 1707 has count: 0
TC59.sh on line 1707 has count: 0
TC60.sh on line 1707 has count: 0
TC61.sh on line 1707 has count: 0
TC62.sh on line 1707 has count: 0
initialization on line 1707 has count: 0
>> Buggy line 1707 is NOT covered by failing TC initialization
Lines executed on initialization saved at lines_executed_at_initialization.txt
>> Reverted brisk.cpp to original from brisk.MUT2289.cpp
>> CCTs are updated in the database
SELECT tc_name, tc_result FROM tc_info WHERE bug_idx = %s [1072]
Failing test case TC16.sh executes buggy line opencv_features2d_TF_top30/modules/features2d/src/brisk.cpp#BriskScaleSpace::getScoreMaxBelow(const int layer, const int x_layer, const int y_layer, const int threshold, _Bool & ismax, float & dx, float & dy)#1707
Executed lines by test cases are saved at lines_executed_by_failing_tc.json
Executed lines by test cases are saved at lines_executed_by_passing_tc.json
Executed lines by test cases are saved at lines_executed_by_ccts.json
>> Saving version brisk.MUT2289.cpp to database

+++++ STDERR +++++

+++++ results for brisk.MUT274.cpp +++++
+++++ STDOUT +++++
SELECT bug_idx FROM bug_info WHERE subject = %s AND experiment_name = %s AND version = %s ['opencv_features2d_TF_top30', 'TF_top30', 'brisk.MUT274.cpp']
SELECT target_code_file, buggy_code_file, pre_start_line FROM bug_info WHERE bug_idx = %s [1364]
SELECT tc_name, tc_result FROM tc_info WHERE bug_idx = %s [1364]
Testing version brisk.MUT274.cpp on faster25.swtv::core4
>> Building opencv_features2d_TF_top30
>> Applied patch to brisk.cpp with brisk.MUT274.cpp
>> Building opencv_features2d_TF_top30
>> Extracted line2function data from brisk.cpp.ii
>> Extracted line2function data from fast.avx2.cpp.ii
>> Extracted line2function data from fast.cpp.ii
>> Extracted line2function data from fast_score.cpp.ii
>> Extracted line2function data from fed.cpp.ii
>> Extracted line2function data from mser.cpp.ii
>> Reverted brisk.cpp to original from brisk.MUT274.cpp
>> Extracted line2function data saved to line2function.json
>> Applied patch to brisk.cpp with brisk.MUT274.cpp
>> Building opencv_features2d_TF_top30
TC9.sh on line 460 has count: 256
>> Buggy line 460 is covered by failing TC TC9.sh
TC16.sh on line 460 has count: 256
>> Buggy line 460 is covered by failing TC TC16.sh
TC1.sh on line 460 has count: 0
TC2.sh on line 460 has count: 0
TC3.sh on line 460 has count: 0
TC4.sh on line 460 has count: 0
TC5.sh on line 460 has count: 0
TC6.sh on line 460 has count: 0
TC7.sh on line 460 has count: 256
TC8.sh on line 460 has count: 0
TC10.sh on line 460 has count: 0
TC11.sh on line 460 has count: 0
TC12.sh on line 460 has count: 0
TC13.sh on line 460 has count: 0
TC14.sh on line 460 has count: 0
TC15.sh on line 460 has count: 0
TC17.sh on line 460 has count: 0
TC18.sh on line 460 has count: 0
TC19.sh on line 460 has count: 0
TC20.sh on line 460 has count: 0
TC21.sh on line 460 has count: 0
TC22.sh on line 460 has count: 0
TC23.sh on line 460 has count: 0
TC24.sh on line 460 has count: 0
TC25.sh on line 460 has count: 0
TC26.sh on line 460 has count: 0
TC27.sh on line 460 has count: 256
TC28.sh on line 460 has count: 0
TC29.sh on line 460 has count: 0
TC30.sh on line 460 has count: 0
TC31.sh on line 460 has count: 0
TC32.sh on line 460 has count: 0
TC33.sh on line 460 has count: 0
TC34.sh on line 460 has count: 0
TC35.sh on line 460 has count: 0
TC36.sh on line 460 has count: 0
TC37.sh on line 460 has count: 0
TC38.sh on line 460 has count: 0
TC39.sh on line 460 has count: 0
TC40.sh on line 460 has count: 0
TC41.sh on line 460 has count: 0
TC42.sh on line 460 has count: 0
TC43.sh on line 460 has count: 0
TC44.sh on line 460 has count: 0
TC45.sh on line 460 has count: 0
TC46.sh on line 460 has count: 0
TC47.sh on line 460 has count: 256
TC48.sh on line 460 has count: 0
TC49.sh on line 460 has count: 256
TC50.sh on line 460 has count: 0
TC51.sh on line 460 has count: 0
TC52.sh on line 460 has count: 0
TC53.sh on line 460 has count: 0
TC54.sh on line 460 has count: 0
TC55.sh on line 460 has count: 0
TC56.sh on line 460 has count: 0
TC57.sh on line 460 has count: 0
TC58.sh on line 460 has count: 0
TC59.sh on line 460 has count: 0
TC60.sh on line 460 has count: 0
TC61.sh on line 460 has count: 0
TC62.sh on line 460 has count: 0
initialization on line 460 has count: 0
>> Buggy line 460 is NOT covered by failing TC initialization
Lines executed on initialization saved at lines_executed_at_initialization.txt
>> Reverted brisk.cpp to original from brisk.MUT274.cpp
>> CCTs are updated in the database
SELECT tc_name, tc_result FROM tc_info WHERE bug_idx = %s [1364]
Failing test case TC9.sh executes buggy line opencv_features2d_TF_top30/modules/features2d/src/brisk.cpp#BRISK_Impl::generateKernel(const int & radiusList, const int & numberList, float dMax, float dMin, const int & _indexChange)#460
Failing test case TC16.sh executes buggy line opencv_features2d_TF_top30/modules/features2d/src/brisk.cpp#BRISK_Impl::generateKernel(const int & radiusList, const int & numberList, float dMax, float dMin, const int & _indexChange)#460
Executed lines by test cases are saved at lines_executed_by_failing_tc.json
Executed lines by test cases are saved at lines_executed_by_passing_tc.json
Executed lines by test cases are saved at lines_executed_by_ccts.json
>> Saving version brisk.MUT274.cpp to database

+++++ STDERR +++++

+++++ results for brisk.MUT1792.cpp +++++
+++++ STDOUT +++++
SELECT bug_idx FROM bug_info WHERE subject = %s AND experiment_name = %s AND version = %s ['opencv_features2d_TF_top30', 'TF_top30', 'brisk.MUT1792.cpp']
SELECT target_code_file, buggy_code_file, pre_start_line FROM bug_info WHERE bug_idx = %s [1627]
SELECT tc_name, tc_result FROM tc_info WHERE bug_idx = %s [1627]
Testing version brisk.MUT1792.cpp on faster25.swtv::core4
>> Building opencv_features2d_TF_top30
>> Applied patch to brisk.cpp with brisk.MUT1792.cpp
>> Building opencv_features2d_TF_top30
>> Extracted line2function data from brisk.cpp.ii
>> Extracted line2function data from fast.avx2.cpp.ii
>> Extracted line2function data from fast.cpp.ii
>> Extracted line2function data from fast_score.cpp.ii
>> Extracted line2function data from fed.cpp.ii
>> Extracted line2function data from mser.cpp.ii
>> Reverted brisk.cpp to original from brisk.MUT1792.cpp
>> Extracted line2function data saved to line2function.json
>> Applied patch to brisk.cpp with brisk.MUT1792.cpp
>> Building opencv_features2d_TF_top30
TC7.sh on line 1399 has count: 1
>> Buggy line 1399 is covered by failing TC TC7.sh
TC16.sh on line 1399 has count: 1
>> Buggy line 1399 is covered by failing TC TC16.sh
TC27.sh on line 1399 has count: 1
>> Buggy line 1399 is covered by failing TC TC27.sh
TC47.sh on line 1399 has count: 1
>> Buggy line 1399 is covered by failing TC TC47.sh
TC49.sh on line 1399 has count: 1
>> Buggy line 1399 is covered by failing TC TC49.sh
TC1.sh on line 1399 has count: 0
TC2.sh on line 1399 has count: 0
TC3.sh on line 1399 has count: 0
TC4.sh on line 1399 has count: 0
TC5.sh on line 1399 has count: 0
TC6.sh on line 1399 has count: 0
TC8.sh on line 1399 has count: 0
TC9.sh on line 1399 has count: 0
TC10.sh on line 1399 has count: 0
TC11.sh on line 1399 has count: 0
TC12.sh on line 1399 has count: 0
TC13.sh on line 1399 has count: 0
TC14.sh on line 1399 has count: 0
TC15.sh on line 1399 has count: 0
TC17.sh on line 1399 has count: 0
TC18.sh on line 1399 has count: 0
TC19.sh on line 1399 has count: 0
TC20.sh on line 1399 has count: 0
TC21.sh on line 1399 has count: 0
TC22.sh on line 1399 has count: 0
TC23.sh on line 1399 has count: 0
TC24.sh on line 1399 has count: 0
TC25.sh on line 1399 has count: 0
TC26.sh on line 1399 has count: 0
TC28.sh on line 1399 has count: 0
TC29.sh on line 1399 has count: 0
TC30.sh on line 1399 has count: 0
TC31.sh on line 1399 has count: 0
TC32.sh on line 1399 has count: 0
TC33.sh on line 1399 has count: 0
TC34.sh on line 1399 has count: 0
TC35.sh on line 1399 has count: 0
TC36.sh on line 1399 has count: 0
TC37.sh on line 1399 has count: 0
TC38.sh on line 1399 has count: 0
TC39.sh on line 1399 has count: 0
TC40.sh on line 1399 has count: 0
TC41.sh on line 1399 has count: 0
TC42.sh on line 1399 has count: 0
TC43.sh on line 1399 has count: 0
TC44.sh on line 1399 has count: 0
TC45.sh on line 1399 has count: 0
TC46.sh on line 1399 has count: 0
TC48.sh on line 1399 has count: 0
TC50.sh on line 1399 has count: 0
TC51.sh on line 1399 has count: 0
TC52.sh on line 1399 has count: 0
TC53.sh on line 1399 has count: 0
TC54.sh on line 1399 has count: 0
TC55.sh on line 1399 has count: 0
TC56.sh on line 1399 has count: 0
TC57.sh on line 1399 has count: 0
TC58.sh on line 1399 has count: 0
TC59.sh on line 1399 has count: 0
TC60.sh on line 1399 has count: 0
TC61.sh on line 1399 has count: 0
TC62.sh on line 1399 has count: 0
initialization on line 1399 has count: 0
>> Buggy line 1399 is NOT covered by failing TC initialization
Lines executed on initialization saved at lines_executed_at_initialization.txt
>> Reverted brisk.cpp to original from brisk.MUT1792.cpp
SELECT tc_name, tc_result FROM tc_info WHERE bug_idx = %s [1627]
Failing test case TC7.sh executes buggy line opencv_features2d_TF_top30/modules/features2d/src/brisk.cpp#BriskScaleSpace::refine3D(const int layer, const int x_layer, const int y_layer, float & x, float & y, float & scale, _Bool & ismax)#1399
Failing test case TC16.sh executes buggy line opencv_features2d_TF_top30/modules/features2d/src/brisk.cpp#BriskScaleSpace::refine3D(const int layer, const int x_layer, const int y_layer, float & x, float & y, float & scale, _Bool & ismax)#1399
Failing test case TC27.sh executes buggy line opencv_features2d_TF_top30/modules/features2d/src/brisk.cpp#BriskScaleSpace::refine3D(const int layer, const int x_layer, const int y_layer, float & x, float & y, float & scale, _Bool & ismax)#1399
Failing test case TC47.sh executes buggy line opencv_features2d_TF_top30/modules/features2d/src/brisk.cpp#BriskScaleSpace::refine3D(const int layer, const int x_layer, const int y_layer, float & x, float & y, float & scale, _Bool & ismax)#1399
Failing test case TC49.sh executes buggy line opencv_features2d_TF_top30/modules/features2d/src/brisk.cpp#BriskScaleSpace::refine3D(const int layer, const int x_layer, const int y_layer, float & x, float & y, float & scale, _Bool & ismax)#1399
Executed lines by test cases are saved at lines_executed_by_failing_tc.json
Executed lines by test cases are saved at lines_executed_by_passing_tc.json
Executed lines by test cases are saved at lines_executed_by_ccts.json
>> Saving version brisk.MUT1792.cpp to database

+++++ STDERR +++++

+++++ results for brisk.MUT511.cpp +++++
+++++ STDOUT +++++
SELECT bug_idx FROM bug_info WHERE subject = %s AND experiment_name = %s AND version = %s ['opencv_features2d_TF_top30', 'TF_top30', 'brisk.MUT511.cpp']
SELECT target_code_file, buggy_code_file, pre_start_line FROM bug_info WHERE bug_idx = %s [1914]
SELECT tc_name, tc_result FROM tc_info WHERE bug_idx = %s [1914]
Testing version brisk.MUT511.cpp on faster25.swtv::core4
>> Building opencv_features2d_TF_top30
>> Applied patch to brisk.cpp with brisk.MUT511.cpp
>> Building opencv_features2d_TF_top30
>> Extracted line2function data from brisk.cpp.ii
>> Extracted line2function data from fast.avx2.cpp.ii
>> Extracted line2function data from fast.cpp.ii
>> Extracted line2function data from fast_score.cpp.ii
>> Extracted line2function data from fed.cpp.ii
>> Extracted line2function data from mser.cpp.ii
>> Reverted brisk.cpp to original from brisk.MUT511.cpp
>> Extracted line2function data saved to line2function.json
>> Applied patch to brisk.cpp with brisk.MUT511.cpp
>> Building opencv_features2d_TF_top30
TC16.sh on line 607 has count: 63000
>> Buggy line 607 is covered by failing TC TC16.sh
TC1.sh on line 607 has count: 0
TC2.sh on line 607 has count: 0
TC3.sh on line 607 has count: 0
TC4.sh on line 607 has count: 0
TC5.sh on line 607 has count: 0
TC6.sh on line 607 has count: 0
TC7.sh on line 607 has count: 592920
TC8.sh on line 607 has count: 0
TC9.sh on line 607 has count: 60840
TC10.sh on line 607 has count: 0
TC11.sh on line 607 has count: 0
TC12.sh on line 607 has count: 0
TC13.sh on line 607 has count: 0
TC14.sh on line 607 has count: 0
TC15.sh on line 607 has count: 0
TC17.sh on line 607 has count: 0
TC18.sh on line 607 has count: 0
TC19.sh on line 607 has count: 0
TC20.sh on line 607 has count: 0
TC21.sh on line 607 has count: 0
TC22.sh on line 607 has count: 0
TC23.sh on line 607 has count: 0
TC24.sh on line 607 has count: 0
TC25.sh on line 607 has count: 0
TC26.sh on line 607 has count: 0
TC27.sh on line 607 has count: 63000
TC28.sh on line 607 has count: 0
TC29.sh on line 607 has count: 0
TC30.sh on line 607 has count: 0
TC31.sh on line 607 has count: 0
TC32.sh on line 607 has count: 0
TC33.sh on line 607 has count: 0
TC34.sh on line 607 has count: 0
TC35.sh on line 607 has count: 0
TC36.sh on line 607 has count: 0
TC37.sh on line 607 has count: 0
TC38.sh on line 607 has count: 0
TC39.sh on line 607 has count: 0
TC40.sh on line 607 has count: 0
TC41.sh on line 607 has count: 0
TC42.sh on line 607 has count: 0
TC43.sh on line 607 has count: 0
TC44.sh on line 607 has count: 0
TC45.sh on line 607 has count: 0
TC46.sh on line 607 has count: 0
TC47.sh on line 607 has count: 0
TC48.sh on line 607 has count: 0
TC49.sh on line 607 has count: 493920
TC50.sh on line 607 has count: 0
TC51.sh on line 607 has count: 0
TC52.sh on line 607 has count: 0
TC53.sh on line 607 has count: 0
TC54.sh on line 607 has count: 0
TC55.sh on line 607 has count: 0
TC56.sh on line 607 has count: 0
TC57.sh on line 607 has count: 0
TC58.sh on line 607 has count: 0
TC59.sh on line 607 has count: 0
TC60.sh on line 607 has count: 0
TC61.sh on line 607 has count: 0
TC62.sh on line 607 has count: 0
initialization on line 607 has count: 0
>> Buggy line 607 is NOT covered by failing TC initialization
Lines executed on initialization saved at lines_executed_at_initialization.txt
>> Reverted brisk.cpp to original from brisk.MUT511.cpp
>> CCTs are updated in the database
SELECT tc_name, tc_result FROM tc_info WHERE bug_idx = %s [1914]
Failing test case TC16.sh executes buggy line opencv_features2d_TF_top30/modules/features2d/src/brisk.cpp#BRISK_Impl::smoothedIntensity(const cv::Mat & image, const cv::Mat & integral, const float key_x, const float key_y, const unsigned int scale, const unsigned int rot, const unsigned int point)#607
Executed lines by test cases are saved at lines_executed_by_failing_tc.json
Executed lines by test cases are saved at lines_executed_by_passing_tc.json
Executed lines by test cases are saved at lines_executed_by_ccts.json
>> Saving version brisk.MUT511.cpp to database

+++++ STDERR +++++

+++++ results for mser.MUT898.cpp +++++
+++++ STDOUT +++++
SELECT bug_idx FROM bug_info WHERE subject = %s AND experiment_name = %s AND version = %s ['opencv_features2d_TF_top30', 'TF_top30', 'mser.MUT898.cpp']
SELECT target_code_file, buggy_code_file, pre_start_line FROM bug_info WHERE bug_idx = %s [782]
SELECT tc_name, tc_result FROM tc_info WHERE bug_idx = %s [782]
Testing version mser.MUT898.cpp on faster25.swtv::core4
>> Building opencv_features2d_TF_top30
>> Applied patch to mser.cpp with mser.MUT898.cpp
>> Building opencv_features2d_TF_top30
>> Extracted line2function data from brisk.cpp.ii
>> Extracted line2function data from fast.avx2.cpp.ii
>> Extracted line2function data from fast.cpp.ii
>> Extracted line2function data from fast_score.cpp.ii
>> Extracted line2function data from fed.cpp.ii
>> Extracted line2function data from mser.cpp.ii
>> Reverted mser.cpp to original from mser.MUT898.cpp
>> Extracted line2function data saved to line2function.json
>> Applied patch to mser.cpp with mser.MUT898.cpp
>> Building opencv_features2d_TF_top30
TC32.sh on line 734 has count: 1
>> Buggy line 734 is covered by failing TC TC32.sh
TC1.sh on line 734 has count: 0
TC2.sh on line 734 has count: 0
TC3.sh on line 734 has count: 0
TC4.sh on line 734 has count: 0
TC5.sh on line 734 has count: 0
TC6.sh on line 734 has count: 0
TC7.sh on line 734 has count: 0
TC8.sh on line 734 has count: 0
TC9.sh on line 734 has count: 0
TC10.sh on line 734 has count: 0
TC11.sh on line 734 has count: 0
TC12.sh on line 734 has count: 0
TC13.sh on line 734 has count: 0
TC14.sh on line 734 has count: 0
TC15.sh on line 734 has count: 0
TC16.sh on line 734 has count: 0
TC17.sh on line 734 has count: 0
TC18.sh on line 734 has count: 0
TC19.sh on line 734 has count: 0
TC20.sh on line 734 has count: 0
TC21.sh on line 734 has count: 0
TC22.sh on line 734 has count: 0
TC23.sh on line 734 has count: 0
TC24.sh on line 734 has count: 0
TC25.sh on line 734 has count: 0
TC26.sh on line 734 has count: 0
TC27.sh on line 734 has count: 0
TC28.sh on line 734 has count: 0
TC29.sh on line 734 has count: 0
TC30.sh on line 734 has count: 0
TC31.sh on line 734 has count: 0
TC33.sh on line 734 has count: 0
TC34.sh on line 734 has count: 0
TC35.sh on line 734 has count: 0
TC36.sh on line 734 has count: 0
TC37.sh on line 734 has count: 0
TC38.sh on line 734 has count: 0
TC39.sh on line 734 has count: 0
TC40.sh on line 734 has count: 0
TC41.sh on line 734 has count: 0
TC42.sh on line 734 has count: 0
TC43.sh on line 734 has count: 0
TC44.sh on line 734 has count: 0
TC45.sh on line 734 has count: 0
TC46.sh on line 734 has count: 0
TC47.sh on line 734 has count: 0
TC48.sh on line 734 has count: 0
TC49.sh on line 734 has count: 0
TC50.sh on line 734 has count: 0
TC51.sh on line 734 has count: 0
TC52.sh on line 734 has count: 0
TC53.sh on line 734 has count: 0
TC54.sh on line 734 has count: 0
TC55.sh on line 734 has count: 0
TC56.sh on line 734 has count: 0
TC57.sh on line 734 has count: 0
TC58.sh on line 734 has count: 0
TC59.sh on line 734 has count: 0
TC60.sh on line 734 has count: 0
TC61.sh on line 734 has count: 0
TC62.sh on line 734 has count: 0
initialization on line 734 has count: 0
>> Buggy line 734 is NOT covered by failing TC initialization
Lines executed on initialization saved at lines_executed_at_initialization.txt
>> Reverted mser.cpp to original from mser.MUT898.cpp
SELECT tc_name, tc_result FROM tc_info WHERE bug_idx = %s [782]
Failing test case TC32.sh executes buggy line opencv_features2d_TF_top30/modules/features2d/src/mser.cpp#preprocessMSER_8uC3(struct cv::MSCRNode * node, struct cv::MSCREdge * edge, double * total, const class cv::Mat & src, class cv::Mat & dx, class cv::Mat & dy, int Ne, int edgeBlurSize)#734
Executed lines by test cases are saved at lines_executed_by_failing_tc.json
Executed lines by test cases are saved at lines_executed_by_passing_tc.json
Executed lines by test cases are saved at lines_executed_by_ccts.json
>> Saving version mser.MUT898.cpp to database

+++++ STDERR +++++

+++++ results for brisk.MUT487.cpp +++++
+++++ STDOUT +++++
SELECT bug_idx FROM bug_info WHERE subject = %s AND experiment_name = %s AND version = %s ['opencv_features2d_TF_top30', 'TF_top30', 'brisk.MUT487.cpp']
SELECT target_code_file, buggy_code_file, pre_start_line FROM bug_info WHERE bug_idx = %s [1586]
SELECT tc_name, tc_result FROM tc_info WHERE bug_idx = %s [1586]
Testing version brisk.MUT487.cpp on faster25.swtv::core4
>> Building opencv_features2d_TF_top30
>> Applied patch to brisk.cpp with brisk.MUT487.cpp
>> Building opencv_features2d_TF_top30
>> Extracted line2function data from brisk.cpp.ii
>> Extracted line2function data from fast.avx2.cpp.ii
>> Extracted line2function data from fast.cpp.ii
>> Extracted line2function data from fast_score.cpp.ii
>> Extracted line2function data from fed.cpp.ii
>> Extracted line2function data from mser.cpp.ii
>> Reverted brisk.cpp to original from brisk.MUT487.cpp
>> Extracted line2function data saved to line2function.json
>> Applied patch to brisk.cpp with brisk.MUT487.cpp
>> Building opencv_features2d_TF_top30
TC16.sh on line 596 has count: 63000
>> Buggy line 596 is covered by failing TC TC16.sh
TC1.sh on line 596 has count: 0
TC2.sh on line 596 has count: 0
TC3.sh on line 596 has count: 0
TC4.sh on line 596 has count: 0
TC5.sh on line 596 has count: 0
TC6.sh on line 596 has count: 0
TC7.sh on line 596 has count: 592920
TC8.sh on line 596 has count: 0
TC9.sh on line 596 has count: 60840
TC10.sh on line 596 has count: 0
TC11.sh on line 596 has count: 0
TC12.sh on line 596 has count: 0
TC13.sh on line 596 has count: 0
TC14.sh on line 596 has count: 0
TC15.sh on line 596 has count: 0
TC17.sh on line 596 has count: 0
TC18.sh on line 596 has count: 0
TC19.sh on line 596 has count: 0
TC20.sh on line 596 has count: 0
TC21.sh on line 596 has count: 0
TC22.sh on line 596 has count: 0
TC23.sh on line 596 has count: 0
TC24.sh on line 596 has count: 0
TC25.sh on line 596 has count: 0
TC26.sh on line 596 has count: 0
TC27.sh on line 596 has count: 63000
TC28.sh on line 596 has count: 0
TC29.sh on line 596 has count: 0
TC30.sh on line 596 has count: 0
TC31.sh on line 596 has count: 0
TC32.sh on line 596 has count: 0
TC33.sh on line 596 has count: 0
TC34.sh on line 596 has count: 0
TC35.sh on line 596 has count: 0
TC36.sh on line 596 has count: 0
TC37.sh on line 596 has count: 0
TC38.sh on line 596 has count: 0
TC39.sh on line 596 has count: 0
TC40.sh on line 596 has count: 0
TC41.sh on line 596 has count: 0
TC42.sh on line 596 has count: 0
TC43.sh on line 596 has count: 0
TC44.sh on line 596 has count: 0
TC45.sh on line 596 has count: 0
TC46.sh on line 596 has count: 0
TC47.sh on line 596 has count: 0
TC48.sh on line 596 has count: 0
TC49.sh on line 596 has count: 493920
TC50.sh on line 596 has count: 0
TC51.sh on line 596 has count: 0
TC52.sh on line 596 has count: 0
TC53.sh on line 596 has count: 0
TC54.sh on line 596 has count: 0
TC55.sh on line 596 has count: 0
TC56.sh on line 596 has count: 0
TC57.sh on line 596 has count: 0
TC58.sh on line 596 has count: 0
TC59.sh on line 596 has count: 0
TC60.sh on line 596 has count: 0
TC61.sh on line 596 has count: 0
TC62.sh on line 596 has count: 0
initialization on line 596 has count: 0
>> Buggy line 596 is NOT covered by failing TC initialization
Lines executed on initialization saved at lines_executed_at_initialization.txt
>> Reverted brisk.cpp to original from brisk.MUT487.cpp
>> CCTs are updated in the database
SELECT tc_name, tc_result FROM tc_info WHERE bug_idx = %s [1586]
Failing test case TC16.sh executes buggy line opencv_features2d_TF_top30/modules/features2d/src/brisk.cpp#BRISK_Impl::smoothedIntensity(const cv::Mat & image, const cv::Mat & integral, const float key_x, const float key_y, const unsigned int scale, const unsigned int rot, const unsigned int point)#596
Executed lines by test cases are saved at lines_executed_by_failing_tc.json
Executed lines by test cases are saved at lines_executed_by_passing_tc.json
Executed lines by test cases are saved at lines_executed_by_ccts.json
>> Saving version brisk.MUT487.cpp to database
>> Cleaning build for opencv_features2d_TF_top30

+++++ STDERR +++++
