
+++++ results for brisk.MUT115.cpp +++++
+++++ STDOUT +++++
SELECT bug_idx FROM bug_info WHERE subject = %s AND experiment_name = %s AND version = %s ['opencv_features2d_TF_top30', 'TF_top30', 'brisk.MUT115.cpp']
SELECT target_code_file, buggy_code_file, pre_start_line FROM bug_info WHERE bug_idx = %s [68]
SELECT tc_name, tc_result FROM tc_info WHERE bug_idx = %s [68]
Testing version brisk.MUT115.cpp on faster14.swtv::core6
>> Configuring opencv_features2d_TF_top30 with coverage
>> Building opencv_features2d_TF_top30
>> Applied patch to brisk.cpp with brisk.MUT115.cpp
>> Building opencv_features2d_TF_top30
>> Extracted line2function data from brisk.cpp.ii
>> Extracted line2function data from fast.avx2.cpp.ii
>> Extracted line2function data from fast.cpp.ii
>> Extracted line2function data from fast_score.cpp.ii
>> Extracted line2function data from fed.cpp.ii
>> Extracted line2function data from mser.cpp.ii
>> Reverted brisk.cpp to original from brisk.MUT115.cpp
>> Extracted line2function data saved to line2function.json
>> Applied patch to brisk.cpp with brisk.MUT115.cpp
>> Building opencv_features2d_TF_top30
TC16.sh on line 347 has count: 2
>> Buggy line 347 is covered by failing TC TC16.sh
TC27.sh on line 347 has count: 2
>> Buggy line 347 is covered by failing TC TC27.sh
TC49.sh on line 347 has count: 2
>> Buggy line 347 is covered by failing TC TC49.sh
TC1.sh on line 347 has count: 0
TC2.sh on line 347 has count: 0
TC3.sh on line 347 has count: 0
TC4.sh on line 347 has count: 0
TC5.sh on line 347 has count: 0
TC6.sh on line 347 has count: 0
TC7.sh on line 347 has count: 2
TC8.sh on line 347 has count: 0
TC9.sh on line 347 has count: 2
TC10.sh on line 347 has count: 0
TC11.sh on line 347 has count: 0
TC12.sh on line 347 has count: 0
TC13.sh on line 347 has count: 0
TC14.sh on line 347 has count: 0
TC15.sh on line 347 has count: 0
TC17.sh on line 347 has count: 0
TC18.sh on line 347 has count: 0
TC19.sh on line 347 has count: 0
TC20.sh on line 347 has count: 0
TC21.sh on line 347 has count: 0
TC22.sh on line 347 has count: 0
TC23.sh on line 347 has count: 0
TC24.sh on line 347 has count: 0
TC25.sh on line 347 has count: 0
TC26.sh on line 347 has count: 0
TC28.sh on line 347 has count: 0
TC29.sh on line 347 has count: 0
TC30.sh on line 347 has count: 0
TC31.sh on line 347 has count: 0
TC32.sh on line 347 has count: 0
TC33.sh on line 347 has count: 0
TC34.sh on line 347 has count: 0
TC35.sh on line 347 has count: 0
TC36.sh on line 347 has count: 0
TC37.sh on line 347 has count: 0
TC38.sh on line 347 has count: 0
TC39.sh on line 347 has count: 0
TC40.sh on line 347 has count: 0
TC41.sh on line 347 has count: 0
TC42.sh on line 347 has count: 0
TC43.sh on line 347 has count: 0
TC44.sh on line 347 has count: 0
TC45.sh on line 347 has count: 0
TC46.sh on line 347 has count: 0
TC47.sh on line 347 has count: 2
TC48.sh on line 347 has count: 0
TC50.sh on line 347 has count: 0
TC51.sh on line 347 has count: 0
TC52.sh on line 347 has count: 0
TC53.sh on line 347 has count: 0
TC54.sh on line 347 has count: 0
TC55.sh on line 347 has count: 0
TC56.sh on line 347 has count: 0
TC57.sh on line 347 has count: 0
TC58.sh on line 347 has count: 0
TC59.sh on line 347 has count: 0
TC60.sh on line 347 has count: 0
TC61.sh on line 347 has count: 0
TC62.sh on line 347 has count: 0
initialization on line 347 has count: 0
>> Buggy line 347 is NOT covered by failing TC initialization
Lines executed on initialization saved at lines_executed_at_initialization.txt
>> Reverted brisk.cpp to original from brisk.MUT115.cpp
>> CCTs are updated in the database
SELECT tc_name, tc_result FROM tc_info WHERE bug_idx = %s [68]
Failing test case TC16.sh executes buggy line opencv_features2d_TF_top30/modules/features2d/src/brisk.cpp#BRISK_Impl::BRISK_Impl(int _threshold, int _octaves, float _patternScale)#347
Failing test case TC27.sh executes buggy line opencv_features2d_TF_top30/modules/features2d/src/brisk.cpp#BRISK_Impl::BRISK_Impl(int _threshold, int _octaves, float _patternScale)#347
Failing test case TC49.sh executes buggy line opencv_features2d_TF_top30/modules/features2d/src/brisk.cpp#BRISK_Impl::BRISK_Impl(int _threshold, int _octaves, float _patternScale)#347
Executed lines by test cases are saved at lines_executed_by_failing_tc.json
Executed lines by test cases are saved at lines_executed_by_passing_tc.json
Executed lines by test cases are saved at lines_executed_by_ccts.json
>> Saving version brisk.MUT115.cpp to database

+++++ STDERR +++++

+++++ results for fast.avx2.MUT97.cpp +++++
+++++ STDOUT +++++
SELECT bug_idx FROM bug_info WHERE subject = %s AND experiment_name = %s AND version = %s ['opencv_features2d_TF_top30', 'TF_top30', 'fast.avx2.MUT97.cpp']
SELECT target_code_file, buggy_code_file, pre_start_line FROM bug_info WHERE bug_idx = %s [399]
SELECT tc_name, tc_result FROM tc_info WHERE bug_idx = %s [399]
Testing version fast.avx2.MUT97.cpp on faster14.swtv::core6
>> Building opencv_features2d_TF_top30
>> Applied patch to fast.avx2.cpp with fast.avx2.MUT97.cpp
>> Building opencv_features2d_TF_top30
>> Extracted line2function data from brisk.cpp.ii
>> Extracted line2function data from fast.avx2.cpp.ii
>> Extracted line2function data from fast.cpp.ii
>> Extracted line2function data from fast_score.cpp.ii
>> Extracted line2function data from fed.cpp.ii
>> Extracted line2function data from mser.cpp.ii
>> Reverted fast.avx2.cpp to original from fast.avx2.MUT97.cpp
>> Extracted line2function data saved to line2function.json
>> Applied patch to fast.avx2.cpp with fast.avx2.MUT97.cpp
>> Building opencv_features2d_TF_top30
TC17.sh on line 107 has count: 54000
>> Buggy line 107 is covered by failing TC TC17.sh
TC26.sh on line 107 has count: 422600
>> Buggy line 107 is covered by failing TC TC26.sh
TC1.sh on line 107 has count: 0
TC2.sh on line 107 has count: 0
TC3.sh on line 107 has count: 0
TC4.sh on line 107 has count: 0
TC5.sh on line 107 has count: 0
TC6.sh on line 107 has count: 0
TC7.sh on line 107 has count: 0
TC8.sh on line 107 has count: 0
TC9.sh on line 107 has count: 0
TC10.sh on line 107 has count: 0
TC11.sh on line 107 has count: 0
TC12.sh on line 107 has count: 0
TC13.sh on line 107 has count: 0
TC14.sh on line 107 has count: 5852550
TC15.sh on line 107 has count: 0
TC16.sh on line 107 has count: 0
TC18.sh on line 107 has count: 0
TC19.sh on line 107 has count: 0
TC20.sh on line 107 has count: 0
TC21.sh on line 107 has count: 0
TC22.sh on line 107 has count: 144325
TC23.sh on line 107 has count: 0
TC24.sh on line 107 has count: 0
TC25.sh on line 107 has count: 0
TC27.sh on line 107 has count: 0
TC28.sh on line 107 has count: 54000
TC29.sh on line 107 has count: 0
TC30.sh on line 107 has count: 0
TC31.sh on line 107 has count: 0
TC32.sh on line 107 has count: 0
TC33.sh on line 107 has count: 144325
TC34.sh on line 107 has count: 0
TC35.sh on line 107 has count: 0
TC36.sh on line 107 has count: 0
TC37.sh on line 107 has count: 0
TC38.sh on line 107 has count: 0
TC39.sh on line 107 has count: 0
TC40.sh on line 107 has count: 0
TC41.sh on line 107 has count: 312625
TC42.sh on line 107 has count: 0
TC43.sh on line 107 has count: 0
TC44.sh on line 107 has count: 0
TC45.sh on line 107 has count: 0
TC46.sh on line 107 has count: 0
TC47.sh on line 107 has count: 11225
TC48.sh on line 107 has count: 0
TC49.sh on line 107 has count: 0
TC50.sh on line 107 has count: 1483375
TC51.sh on line 107 has count: 0
TC52.sh on line 107 has count: 0
TC53.sh on line 107 has count: 0
TC54.sh on line 107 has count: 0
TC55.sh on line 107 has count: 0
TC56.sh on line 107 has count: 0
TC57.sh on line 107 has count: 0
TC58.sh on line 107 has count: 0
TC59.sh on line 107 has count: 0
TC60.sh on line 107 has count: 0
TC61.sh on line 107 has count: 0
TC62.sh on line 107 has count: 0
initialization on line 107 has count: 0
>> Buggy line 107 is NOT covered by failing TC initialization
Lines executed on initialization saved at lines_executed_at_initialization.txt
>> Reverted fast.avx2.cpp to original from fast.avx2.MUT97.cpp
>> CCTs are updated in the database
SELECT tc_name, tc_result FROM tc_info WHERE bug_idx = %s [399]
Failing test case TC17.sh executes buggy line opencv_features2d_TF_top30/modules/features2d/src/fast.avx2.cpp#FAST_t_patternSize16_AVX2_Impl::process(int & j, const uchar *& ptr, uchar * curr, int * cornerpos, int & ncorners)#107
Failing test case TC26.sh executes buggy line opencv_features2d_TF_top30/modules/features2d/src/fast.avx2.cpp#FAST_t_patternSize16_AVX2_Impl::process(int & j, const uchar *& ptr, uchar * curr, int * cornerpos, int & ncorners)#107
Executed lines by test cases are saved at lines_executed_by_failing_tc.json
Executed lines by test cases are saved at lines_executed_by_passing_tc.json
Executed lines by test cases are saved at lines_executed_by_ccts.json
>> Saving version fast.avx2.MUT97.cpp to database

+++++ STDERR +++++

+++++ results for mser.MUT889.cpp +++++
+++++ STDOUT +++++
SELECT bug_idx FROM bug_info WHERE subject = %s AND experiment_name = %s AND version = %s ['opencv_features2d_TF_top30', 'TF_top30', 'mser.MUT889.cpp']
SELECT target_code_file, buggy_code_file, pre_start_line FROM bug_info WHERE bug_idx = %s [693]
SELECT tc_name, tc_result FROM tc_info WHERE bug_idx = %s [693]
Testing version mser.MUT889.cpp on faster14.swtv::core6
>> Building opencv_features2d_TF_top30
>> Applied patch to mser.cpp with mser.MUT889.cpp
>> Building opencv_features2d_TF_top30
>> Extracted line2function data from brisk.cpp.ii
>> Extracted line2function data from fast.avx2.cpp.ii
>> Extracted line2function data from fast.cpp.ii
>> Extracted line2function data from fast_score.cpp.ii
>> Extracted line2function data from fed.cpp.ii
>> Extracted line2function data from mser.cpp.ii
>> Reverted mser.cpp to original from mser.MUT889.cpp
>> Extracted line2function data saved to line2function.json
>> Applied patch to mser.cpp with mser.MUT889.cpp
>> Building opencv_features2d_TF_top30
TC32.sh on line 731 has count: 1
>> Buggy line 731 is covered by failing TC TC32.sh
TC1.sh on line 731 has count: 0
TC2.sh on line 731 has count: 0
TC3.sh on line 731 has count: 0
TC4.sh on line 731 has count: 0
TC5.sh on line 731 has count: 0
TC6.sh on line 731 has count: 0
TC7.sh on line 731 has count: 0
TC8.sh on line 731 has count: 0
TC9.sh on line 731 has count: 0
TC10.sh on line 731 has count: 0
TC11.sh on line 731 has count: 0
TC12.sh on line 731 has count: 0
TC13.sh on line 731 has count: 0
TC14.sh on line 731 has count: 0
TC15.sh on line 731 has count: 0
TC16.sh on line 731 has count: 0
TC17.sh on line 731 has count: 0
TC18.sh on line 731 has count: 0
TC19.sh on line 731 has count: 0
TC20.sh on line 731 has count: 0
TC21.sh on line 731 has count: 0
TC22.sh on line 731 has count: 0
TC23.sh on line 731 has count: 0
TC24.sh on line 731 has count: 0
TC25.sh on line 731 has count: 0
TC26.sh on line 731 has count: 0
TC27.sh on line 731 has count: 0
TC28.sh on line 731 has count: 0
TC29.sh on line 731 has count: 0
TC30.sh on line 731 has count: 0
TC31.sh on line 731 has count: 0
TC33.sh on line 731 has count: 0
TC34.sh on line 731 has count: 0
TC35.sh on line 731 has count: 0
TC36.sh on line 731 has count: 0
TC37.sh on line 731 has count: 0
TC38.sh on line 731 has count: 0
TC39.sh on line 731 has count: 0
TC40.sh on line 731 has count: 0
TC41.sh on line 731 has count: 0
TC42.sh on line 731 has count: 0
TC43.sh on line 731 has count: 0
TC44.sh on line 731 has count: 0
TC45.sh on line 731 has count: 0
TC46.sh on line 731 has count: 0
TC47.sh on line 731 has count: 0
TC48.sh on line 731 has count: 0
TC49.sh on line 731 has count: 0
TC50.sh on line 731 has count: 0
TC51.sh on line 731 has count: 0
TC52.sh on line 731 has count: 0
TC53.sh on line 731 has count: 0
TC54.sh on line 731 has count: 0
TC55.sh on line 731 has count: 0
TC56.sh on line 731 has count: 0
TC57.sh on line 731 has count: 0
TC58.sh on line 731 has count: 0
TC59.sh on line 731 has count: 0
TC60.sh on line 731 has count: 0
TC61.sh on line 731 has count: 0
TC62.sh on line 731 has count: 0
initialization on line 731 has count: 0
>> Buggy line 731 is NOT covered by failing TC initialization
Lines executed on initialization saved at lines_executed_at_initialization.txt
>> Reverted mser.cpp to original from mser.MUT889.cpp
SELECT tc_name, tc_result FROM tc_info WHERE bug_idx = %s [693]
Failing test case TC32.sh executes buggy line opencv_features2d_TF_top30/modules/features2d/src/mser.cpp#preprocessMSER_8uC3(struct cv::MSCRNode * node, struct cv::MSCREdge * edge, double * total, const class cv::Mat & src, class cv::Mat & dx, class cv::Mat & dy, int Ne, int edgeBlurSize)#731
Executed lines by test cases are saved at lines_executed_by_failing_tc.json
Executed lines by test cases are saved at lines_executed_by_passing_tc.json
Executed lines by test cases are saved at lines_executed_by_ccts.json
>> Saving version mser.MUT889.cpp to database

+++++ STDERR +++++

+++++ results for brisk.MUT368.cpp +++++
+++++ STDOUT +++++
SELECT bug_idx FROM bug_info WHERE subject = %s AND experiment_name = %s AND version = %s ['opencv_features2d_TF_top30', 'TF_top30', 'brisk.MUT368.cpp']
SELECT target_code_file, buggy_code_file, pre_start_line FROM bug_info WHERE bug_idx = %s [962]
SELECT tc_name, tc_result FROM tc_info WHERE bug_idx = %s [962]
Testing version brisk.MUT368.cpp on faster14.swtv::core6
>> Building opencv_features2d_TF_top30
>> Applied patch to brisk.cpp with brisk.MUT368.cpp
>> Building opencv_features2d_TF_top30
>> Extracted line2function data from brisk.cpp.ii
>> Extracted line2function data from fast.avx2.cpp.ii
>> Extracted line2function data from fast.cpp.ii
>> Extracted line2function data from fast_score.cpp.ii
>> Extracted line2function data from fed.cpp.ii
>> Extracted line2function data from mser.cpp.ii
>> Reverted brisk.cpp to original from brisk.MUT368.cpp
>> Extracted line2function data saved to line2function.json
>> Applied patch to brisk.cpp with brisk.MUT368.cpp
>> Building opencv_features2d_TF_top30
TC7.sh on line 513 has count: 100
>> Buggy line 513 is covered by failing TC TC7.sh
TC1.sh on line 513 has count: 0
TC2.sh on line 513 has count: 0
TC3.sh on line 513 has count: 0
TC4.sh on line 513 has count: 0
TC5.sh on line 513 has count: 0
TC6.sh on line 513 has count: 0
TC8.sh on line 513 has count: 0
TC10.sh on line 513 has count: 0
TC11.sh on line 513 has count: 0
TC12.sh on line 513 has count: 0
TC13.sh on line 513 has count: 0
TC14.sh on line 513 has count: 0
TC15.sh on line 513 has count: 0
TC17.sh on line 513 has count: 0
TC18.sh on line 513 has count: 0
TC19.sh on line 513 has count: 0
TC20.sh on line 513 has count: 0
TC21.sh on line 513 has count: 0
TC22.sh on line 513 has count: 0
TC23.sh on line 513 has count: 0
TC24.sh on line 513 has count: 0
TC25.sh on line 513 has count: 0
TC26.sh on line 513 has count: 0
TC28.sh on line 513 has count: 0
TC29.sh on line 513 has count: 0
TC30.sh on line 513 has count: 0
TC31.sh on line 513 has count: 0
TC32.sh on line 513 has count: 0
TC33.sh on line 513 has count: 0
TC34.sh on line 513 has count: 0
TC35.sh on line 513 has count: 0
TC36.sh on line 513 has count: 0
TC37.sh on line 513 has count: 0
TC38.sh on line 513 has count: 0
TC39.sh on line 513 has count: 0
TC40.sh on line 513 has count: 0
TC41.sh on line 513 has count: 0
TC42.sh on line 513 has count: 0
TC43.sh on line 513 has count: 0
TC44.sh on line 513 has count: 0
TC45.sh on line 513 has count: 0
TC46.sh on line 513 has count: 0
TC48.sh on line 513 has count: 0
TC50.sh on line 513 has count: 0
TC51.sh on line 513 has count: 0
TC52.sh on line 513 has count: 0
TC53.sh on line 513 has count: 0
TC54.sh on line 513 has count: 0
TC55.sh on line 513 has count: 0
TC56.sh on line 513 has count: 0
TC57.sh on line 513 has count: 0
TC58.sh on line 513 has count: 0
TC59.sh on line 513 has count: 0
TC60.sh on line 513 has count: 0
TC61.sh on line 513 has count: 0
TC62.sh on line 513 has count: 0
initialization on line 513 has count: 0
>> Buggy line 513 is NOT covered by failing TC initialization
Lines executed on initialization saved at lines_executed_at_initialization.txt
>> Reverted brisk.cpp to original from brisk.MUT368.cpp
SELECT tc_name, tc_result FROM tc_info WHERE bug_idx = %s [962]
Failing test case TC7.sh executes buggy line opencv_features2d_TF_top30/modules/features2d/src/brisk.cpp#BRISK_Impl::generateKernel(const int & radiusList, const int & numberList, float dMax, float dMin, const int & _indexChange)#513
Executed lines by test cases are saved at lines_executed_by_failing_tc.json
Executed lines by test cases are saved at lines_executed_by_passing_tc.json
Executed lines by test cases are saved at lines_executed_by_ccts.json
>> Saving version brisk.MUT368.cpp to database

+++++ STDERR +++++

+++++ results for brisk.MUT49.cpp +++++
+++++ STDOUT +++++
SELECT bug_idx FROM bug_info WHERE subject = %s AND experiment_name = %s AND version = %s ['opencv_features2d_TF_top30', 'TF_top30', 'brisk.MUT49.cpp']
SELECT target_code_file, buggy_code_file, pre_start_line FROM bug_info WHERE bug_idx = %s [1273]
SELECT tc_name, tc_result FROM tc_info WHERE bug_idx = %s [1273]
Testing version brisk.MUT49.cpp on faster14.swtv::core6
>> Building opencv_features2d_TF_top30
>> Applied patch to brisk.cpp with brisk.MUT49.cpp
>> Building opencv_features2d_TF_top30
>> Extracted line2function data from brisk.cpp.ii
>> Extracted line2function data from fast.avx2.cpp.ii
>> Extracted line2function data from fast.cpp.ii
>> Extracted line2function data from fast_score.cpp.ii
>> Extracted line2function data from fed.cpp.ii
>> Extracted line2function data from mser.cpp.ii
>> Reverted brisk.cpp to original from brisk.MUT49.cpp
>> Extracted line2function data saved to line2function.json
>> Applied patch to brisk.cpp with brisk.MUT49.cpp
>> Building opencv_features2d_TF_top30
TC9.sh on line 120 has count: 1
>> Buggy line 120 is covered by failing TC TC9.sh
TC16.sh on line 120 has count: 1
>> Buggy line 120 is covered by failing TC TC16.sh
TC1.sh on line 120 has count: 0
TC2.sh on line 120 has count: 0
TC3.sh on line 120 has count: 0
TC4.sh on line 120 has count: 0
TC5.sh on line 120 has count: 0
TC6.sh on line 120 has count: 0
TC7.sh on line 120 has count: 1
TC8.sh on line 120 has count: 0
TC10.sh on line 120 has count: 0
TC11.sh on line 120 has count: 0
TC12.sh on line 120 has count: 0
TC13.sh on line 120 has count: 0
TC14.sh on line 120 has count: 0
TC15.sh on line 120 has count: 0
TC17.sh on line 120 has count: 0
TC18.sh on line 120 has count: 0
TC19.sh on line 120 has count: 0
TC20.sh on line 120 has count: 0
TC21.sh on line 120 has count: 0
TC22.sh on line 120 has count: 0
TC23.sh on line 120 has count: 0
TC24.sh on line 120 has count: 0
TC25.sh on line 120 has count: 0
TC26.sh on line 120 has count: 0
TC27.sh on line 120 has count: 1
TC28.sh on line 120 has count: 0
TC29.sh on line 120 has count: 0
TC30.sh on line 120 has count: 0
TC31.sh on line 120 has count: 0
TC32.sh on line 120 has count: 0
TC33.sh on line 120 has count: 0
TC34.sh on line 120 has count: 0
TC35.sh on line 120 has count: 0
TC36.sh on line 120 has count: 0
TC37.sh on line 120 has count: 0
TC38.sh on line 120 has count: 0
TC39.sh on line 120 has count: 0
TC40.sh on line 120 has count: 0
TC41.sh on line 120 has count: 0
TC42.sh on line 120 has count: 0
TC43.sh on line 120 has count: 0
TC44.sh on line 120 has count: 0
TC45.sh on line 120 has count: 0
TC46.sh on line 120 has count: 0
TC47.sh on line 120 has count: 1
TC48.sh on line 120 has count: 0
TC49.sh on line 120 has count: 1
TC50.sh on line 120 has count: 0
TC51.sh on line 120 has count: 0
TC52.sh on line 120 has count: 0
TC53.sh on line 120 has count: 0
TC54.sh on line 120 has count: 0
TC55.sh on line 120 has count: 0
TC56.sh on line 120 has count: 0
TC57.sh on line 120 has count: 0
TC58.sh on line 120 has count: 0
TC59.sh on line 120 has count: 0
TC60.sh on line 120 has count: 0
TC61.sh on line 120 has count: 0
TC62.sh on line 120 has count: 0
initialization on line 120 has count: 0
>> Buggy line 120 is NOT covered by failing TC initialization
Lines executed on initialization saved at lines_executed_at_initialization.txt
>> Reverted brisk.cpp to original from brisk.MUT49.cpp
>> CCTs are updated in the database
SELECT tc_name, tc_result FROM tc_info WHERE bug_idx = %s [1273]
Failing test case TC9.sh executes buggy line opencv_features2d_TF_top30/modules/features2d/src/brisk.cpp#BRISK_Impl::setPatternScale(float _patternScale)#120
Failing test case TC16.sh executes buggy line opencv_features2d_TF_top30/modules/features2d/src/brisk.cpp#BRISK_Impl::setPatternScale(float _patternScale)#120
Executed lines by test cases are saved at lines_executed_by_failing_tc.json
Executed lines by test cases are saved at lines_executed_by_passing_tc.json
Executed lines by test cases are saved at lines_executed_by_ccts.json
>> Saving version brisk.MUT49.cpp to database

+++++ STDERR +++++

+++++ results for brisk.MUT908.cpp +++++
+++++ STDOUT +++++
SELECT bug_idx FROM bug_info WHERE subject = %s AND experiment_name = %s AND version = %s ['opencv_features2d_TF_top30', 'TF_top30', 'brisk.MUT908.cpp']
SELECT target_code_file, buggy_code_file, pre_start_line FROM bug_info WHERE bug_idx = %s [1528]
SELECT tc_name, tc_result FROM tc_info WHERE bug_idx = %s [1528]
Testing version brisk.MUT908.cpp on faster14.swtv::core6
>> Building opencv_features2d_TF_top30
>> Applied patch to brisk.cpp with brisk.MUT908.cpp
>> Building opencv_features2d_TF_top30
>> Extracted line2function data from brisk.cpp.ii
>> Extracted line2function data from fast.avx2.cpp.ii
>> Extracted line2function data from fast.cpp.ii
>> Extracted line2function data from fast_score.cpp.ii
>> Extracted line2function data from fed.cpp.ii
>> Extracted line2function data from mser.cpp.ii
>> Reverted brisk.cpp to original from brisk.MUT908.cpp
>> Extracted line2function data saved to line2function.json
>> Applied patch to brisk.cpp with brisk.MUT908.cpp
>> Building opencv_features2d_TF_top30
TC27.sh on line 836 has count: 1050
>> Buggy line 836 is covered by failing TC TC27.sh
TC1.sh on line 836 has count: 0
TC2.sh on line 836 has count: 0
TC3.sh on line 836 has count: 0
TC4.sh on line 836 has count: 0
TC5.sh on line 836 has count: 0
TC6.sh on line 836 has count: 0
TC7.sh on line 836 has count: 9882
TC8.sh on line 836 has count: 0
TC9.sh on line 836 has count: 507
TC10.sh on line 836 has count: 0
TC11.sh on line 836 has count: 0
TC12.sh on line 836 has count: 0
TC13.sh on line 836 has count: 0
TC14.sh on line 836 has count: 0
TC15.sh on line 836 has count: 0
TC16.sh on line 836 has count: 1050
TC17.sh on line 836 has count: 0
TC18.sh on line 836 has count: 0
TC19.sh on line 836 has count: 0
TC20.sh on line 836 has count: 0
TC21.sh on line 836 has count: 0
TC22.sh on line 836 has count: 0
TC23.sh on line 836 has count: 0
TC24.sh on line 836 has count: 0
TC25.sh on line 836 has count: 0
TC26.sh on line 836 has count: 0
TC28.sh on line 836 has count: 0
TC29.sh on line 836 has count: 0
TC30.sh on line 836 has count: 0
TC31.sh on line 836 has count: 0
TC32.sh on line 836 has count: 0
TC33.sh on line 836 has count: 0
TC34.sh on line 836 has count: 0
TC35.sh on line 836 has count: 0
TC36.sh on line 836 has count: 0
TC37.sh on line 836 has count: 0
TC38.sh on line 836 has count: 0
TC39.sh on line 836 has count: 0
TC40.sh on line 836 has count: 0
TC41.sh on line 836 has count: 0
TC42.sh on line 836 has count: 0
TC43.sh on line 836 has count: 0
TC44.sh on line 836 has count: 0
TC45.sh on line 836 has count: 0
TC46.sh on line 836 has count: 0
TC47.sh on line 836 has count: 0
TC48.sh on line 836 has count: 0
TC49.sh on line 836 has count: 8232
TC50.sh on line 836 has count: 0
TC51.sh on line 836 has count: 0
TC52.sh on line 836 has count: 0
TC53.sh on line 836 has count: 0
TC54.sh on line 836 has count: 0
TC55.sh on line 836 has count: 0
TC56.sh on line 836 has count: 0
TC57.sh on line 836 has count: 0
TC58.sh on line 836 has count: 0
TC59.sh on line 836 has count: 0
TC60.sh on line 836 has count: 0
TC61.sh on line 836 has count: 0
TC62.sh on line 836 has count: 0
initialization on line 836 has count: 0
>> Buggy line 836 is NOT covered by failing TC initialization
Lines executed on initialization saved at lines_executed_at_initialization.txt
>> Reverted brisk.cpp to original from brisk.MUT908.cpp
>> CCTs are updated in the database
SELECT tc_name, tc_result FROM tc_info WHERE bug_idx = %s [1528]
Failing test case TC27.sh executes buggy line opencv_features2d_TF_top30/modules/features2d/src/brisk.cpp#BRISK_Impl::computeDescriptorsAndOrOrientation(cv::InputArray _image, cv::InputArray _mask, int & keypoints, cv::OutputArray _descriptors, _Bool doDescriptors, _Bool doOrientation, _Bool useProvidedKeypoints)#836
Executed lines by test cases are saved at lines_executed_by_failing_tc.json
Executed lines by test cases are saved at lines_executed_by_passing_tc.json
Executed lines by test cases are saved at lines_executed_by_ccts.json
>> Saving version brisk.MUT908.cpp to database

+++++ STDERR +++++

+++++ results for brisk.MUT179.cpp +++++
+++++ STDOUT +++++
SELECT bug_idx FROM bug_info WHERE subject = %s AND experiment_name = %s AND version = %s ['opencv_features2d_TF_top30', 'TF_top30', 'brisk.MUT179.cpp']
SELECT target_code_file, buggy_code_file, pre_start_line FROM bug_info WHERE bug_idx = %s [1802]
SELECT tc_name, tc_result FROM tc_info WHERE bug_idx = %s [1802]
Testing version brisk.MUT179.cpp on faster14.swtv::core6
>> Building opencv_features2d_TF_top30
>> Applied patch to brisk.cpp with brisk.MUT179.cpp
>> Building opencv_features2d_TF_top30
>> Extracted line2function data from brisk.cpp.ii
>> Extracted line2function data from fast.avx2.cpp.ii
>> Extracted line2function data from fast.cpp.ii
>> Extracted line2function data from fast_score.cpp.ii
>> Extracted line2function data from fed.cpp.ii
>> Extracted line2function data from mser.cpp.ii
>> Reverted brisk.cpp to original from brisk.MUT179.cpp
>> Extracted line2function data saved to line2function.json
>> Applied patch to brisk.cpp with brisk.MUT179.cpp
>> Building opencv_features2d_TF_top30
TC9.sh on line 408 has count: 1
>> Buggy line 408 is covered by failing TC TC9.sh
TC1.sh on line 408 has count: 0
TC2.sh on line 408 has count: 0
TC3.sh on line 408 has count: 0
TC4.sh on line 408 has count: 0
TC5.sh on line 408 has count: 0
TC6.sh on line 408 has count: 0
TC7.sh on line 408 has count: 1
TC8.sh on line 408 has count: 0
TC10.sh on line 408 has count: 0
TC11.sh on line 408 has count: 0
TC12.sh on line 408 has count: 0
TC13.sh on line 408 has count: 0
TC14.sh on line 408 has count: 0
TC15.sh on line 408 has count: 0
TC16.sh on line 408 has count: 1
TC17.sh on line 408 has count: 0
TC18.sh on line 408 has count: 0
TC19.sh on line 408 has count: 0
TC20.sh on line 408 has count: 0
TC21.sh on line 408 has count: 0
TC22.sh on line 408 has count: 0
TC23.sh on line 408 has count: 0
TC24.sh on line 408 has count: 0
TC25.sh on line 408 has count: 0
TC26.sh on line 408 has count: 0
TC27.sh on line 408 has count: 1
TC28.sh on line 408 has count: 0
TC29.sh on line 408 has count: 0
TC30.sh on line 408 has count: 0
TC31.sh on line 408 has count: 0
TC32.sh on line 408 has count: 0
TC33.sh on line 408 has count: 0
TC34.sh on line 408 has count: 0
TC35.sh on line 408 has count: 0
TC36.sh on line 408 has count: 0
TC37.sh on line 408 has count: 0
TC38.sh on line 408 has count: 0
TC39.sh on line 408 has count: 0
TC40.sh on line 408 has count: 0
TC41.sh on line 408 has count: 0
TC42.sh on line 408 has count: 0
TC43.sh on line 408 has count: 0
TC44.sh on line 408 has count: 0
TC45.sh on line 408 has count: 0
TC46.sh on line 408 has count: 0
TC47.sh on line 408 has count: 1
TC48.sh on line 408 has count: 0
TC49.sh on line 408 has count: 1
TC50.sh on line 408 has count: 0
TC51.sh on line 408 has count: 0
TC52.sh on line 408 has count: 0
TC53.sh on line 408 has count: 0
TC54.sh on line 408 has count: 0
TC55.sh on line 408 has count: 0
TC56.sh on line 408 has count: 0
TC57.sh on line 408 has count: 0
TC58.sh on line 408 has count: 0
TC59.sh on line 408 has count: 0
TC60.sh on line 408 has count: 0
TC61.sh on line 408 has count: 0
TC62.sh on line 408 has count: 0
initialization on line 408 has count: 0
>> Buggy line 408 is NOT covered by failing TC initialization
Lines executed on initialization saved at lines_executed_at_initialization.txt
>> Reverted brisk.cpp to original from brisk.MUT179.cpp
>> CCTs are updated in the database
SELECT tc_name, tc_result FROM tc_info WHERE bug_idx = %s [1802]
Failing test case TC9.sh executes buggy line opencv_features2d_TF_top30/modules/features2d/src/brisk.cpp#BRISK_Impl::generateKernel(const int & radiusList, const int & numberList, float dMax, float dMin, const int & _indexChange)#408
Executed lines by test cases are saved at lines_executed_by_failing_tc.json
Executed lines by test cases are saved at lines_executed_by_passing_tc.json
Executed lines by test cases are saved at lines_executed_by_ccts.json
>> Saving version brisk.MUT179.cpp to database

+++++ STDERR +++++

+++++ results for brisk.MUT1539.cpp +++++
+++++ STDOUT +++++
SELECT bug_idx FROM bug_info WHERE subject = %s AND experiment_name = %s AND version = %s ['opencv_features2d_TF_top30', 'TF_top30', 'brisk.MUT1539.cpp']
SELECT target_code_file, buggy_code_file, pre_start_line FROM bug_info WHERE bug_idx = %s [452]
SELECT tc_name, tc_result FROM tc_info WHERE bug_idx = %s [452]
Testing version brisk.MUT1539.cpp on faster14.swtv::core6
>> Building opencv_features2d_TF_top30
>> Applied patch to brisk.cpp with brisk.MUT1539.cpp
>> Building opencv_features2d_TF_top30
>> Extracted line2function data from brisk.cpp.ii
>> Extracted line2function data from fast.avx2.cpp.ii
>> Extracted line2function data from fast.cpp.ii
>> Extracted line2function data from fast_score.cpp.ii
>> Extracted line2function data from fed.cpp.ii
>> Extracted line2function data from mser.cpp.ii
>> Reverted brisk.cpp to original from brisk.MUT1539.cpp
>> Extracted line2function data saved to line2function.json
>> Applied patch to brisk.cpp with brisk.MUT1539.cpp
>> Building opencv_features2d_TF_top30
TC16.sh on line 1262 has count: 2226
>> Buggy line 1262 is covered by failing TC TC16.sh
TC1.sh on line 1262 has count: 0
TC2.sh on line 1262 has count: 0
TC3.sh on line 1262 has count: 0
TC4.sh on line 1262 has count: 0
TC5.sh on line 1262 has count: 0
TC6.sh on line 1262 has count: 0
TC7.sh on line 1262 has count: 15945
TC8.sh on line 1262 has count: 0
TC9.sh on line 1262 has count: 0
TC10.sh on line 1262 has count: 0
TC11.sh on line 1262 has count: 0
TC12.sh on line 1262 has count: 0
TC13.sh on line 1262 has count: 0
TC14.sh on line 1262 has count: 0
TC15.sh on line 1262 has count: 0
TC17.sh on line 1262 has count: 0
TC18.sh on line 1262 has count: 0
TC19.sh on line 1262 has count: 0
TC20.sh on line 1262 has count: 0
TC21.sh on line 1262 has count: 0
TC22.sh on line 1262 has count: 0
TC23.sh on line 1262 has count: 0
TC24.sh on line 1262 has count: 0
TC25.sh on line 1262 has count: 0
TC26.sh on line 1262 has count: 0
TC27.sh on line 1262 has count: 2226
TC28.sh on line 1262 has count: 0
TC29.sh on line 1262 has count: 0
TC30.sh on line 1262 has count: 0
TC31.sh on line 1262 has count: 0
TC32.sh on line 1262 has count: 0
TC33.sh on line 1262 has count: 0
TC34.sh on line 1262 has count: 0
TC35.sh on line 1262 has count: 0
TC36.sh on line 1262 has count: 0
TC37.sh on line 1262 has count: 0
TC38.sh on line 1262 has count: 0
TC39.sh on line 1262 has count: 0
TC40.sh on line 1262 has count: 0
TC41.sh on line 1262 has count: 0
TC42.sh on line 1262 has count: 0
TC43.sh on line 1262 has count: 0
TC44.sh on line 1262 has count: 0
TC45.sh on line 1262 has count: 0
TC46.sh on line 1262 has count: 0
TC47.sh on line 1262 has count: 96
TC48.sh on line 1262 has count: 0
TC49.sh on line 1262 has count: 13676
TC50.sh on line 1262 has count: 0
TC51.sh on line 1262 has count: 0
TC52.sh on line 1262 has count: 0
TC53.sh on line 1262 has count: 0
TC54.sh on line 1262 has count: 0
TC55.sh on line 1262 has count: 0
TC56.sh on line 1262 has count: 0
TC57.sh on line 1262 has count: 0
TC58.sh on line 1262 has count: 0
TC59.sh on line 1262 has count: 0
TC60.sh on line 1262 has count: 0
TC61.sh on line 1262 has count: 0
TC62.sh on line 1262 has count: 0
initialization on line 1262 has count: 0
>> Buggy line 1262 is NOT covered by failing TC initialization
Lines executed on initialization saved at lines_executed_at_initialization.txt
>> Reverted brisk.cpp to original from brisk.MUT1539.cpp
>> CCTs are updated in the database
SELECT tc_name, tc_result FROM tc_info WHERE bug_idx = %s [452]
Failing test case TC16.sh executes buggy line opencv_features2d_TF_top30/modules/features2d/src/brisk.cpp#BriskScaleSpace::isMax2D(const int layer, const int x_layer, const int y_layer)#1262
Executed lines by test cases are saved at lines_executed_by_failing_tc.json
Executed lines by test cases are saved at lines_executed_by_passing_tc.json
Executed lines by test cases are saved at lines_executed_by_ccts.json
>> Saving version brisk.MUT1539.cpp to database

+++++ STDERR +++++

+++++ results for brisk.MUT1926.cpp +++++
+++++ STDOUT +++++
SELECT bug_idx FROM bug_info WHERE subject = %s AND experiment_name = %s AND version = %s ['opencv_features2d_TF_top30', 'TF_top30', 'brisk.MUT1926.cpp']
SELECT target_code_file, buggy_code_file, pre_start_line FROM bug_info WHERE bug_idx = %s [1287]
SELECT tc_name, tc_result FROM tc_info WHERE bug_idx = %s [1287]
Testing version brisk.MUT1926.cpp on faster14.swtv::core6
>> Building opencv_features2d_TF_top30
>> Applied patch to brisk.cpp with brisk.MUT1926.cpp
>> Building opencv_features2d_TF_top30
>> Extracted line2function data from brisk.cpp.ii
>> Extracted line2function data from fast.avx2.cpp.ii
>> Extracted line2function data from fast.cpp.ii
>> Extracted line2function data from fast_score.cpp.ii
>> Extracted line2function data from fed.cpp.ii
>> Extracted line2function data from mser.cpp.ii
>> Reverted brisk.cpp to original from brisk.MUT1926.cpp
>> Extracted line2function data saved to line2function.json
>> Applied patch to brisk.cpp with brisk.MUT1926.cpp
>> Building opencv_features2d_TF_top30
TC7.sh on line 1478 has count: 4034
>> Buggy line 1478 is covered by failing TC TC7.sh
TC16.sh on line 1478 has count: 373
>> Buggy line 1478 is covered by failing TC TC16.sh
TC27.sh on line 1478 has count: 373
>> Buggy line 1478 is covered by failing TC TC27.sh
TC1.sh on line 1478 has count: 0
TC2.sh on line 1478 has count: 0
TC3.sh on line 1478 has count: 0
TC4.sh on line 1478 has count: 0
TC5.sh on line 1478 has count: 0
TC6.sh on line 1478 has count: 0
TC8.sh on line 1478 has count: 0
TC9.sh on line 1478 has count: 0
TC10.sh on line 1478 has count: 0
TC11.sh on line 1478 has count: 0
TC12.sh on line 1478 has count: 0
TC13.sh on line 1478 has count: 0
TC14.sh on line 1478 has count: 0
TC15.sh on line 1478 has count: 0
TC17.sh on line 1478 has count: 0
TC18.sh on line 1478 has count: 0
TC19.sh on line 1478 has count: 0
TC20.sh on line 1478 has count: 0
TC21.sh on line 1478 has count: 0
TC22.sh on line 1478 has count: 0
TC23.sh on line 1478 has count: 0
TC24.sh on line 1478 has count: 0
TC25.sh on line 1478 has count: 0
TC26.sh on line 1478 has count: 0
TC28.sh on line 1478 has count: 0
TC29.sh on line 1478 has count: 0
TC30.sh on line 1478 has count: 0
TC31.sh on line 1478 has count: 0
TC32.sh on line 1478 has count: 0
TC33.sh on line 1478 has count: 0
TC34.sh on line 1478 has count: 0
TC35.sh on line 1478 has count: 0
TC36.sh on line 1478 has count: 0
TC37.sh on line 1478 has count: 0
TC38.sh on line 1478 has count: 0
TC39.sh on line 1478 has count: 0
TC40.sh on line 1478 has count: 0
TC41.sh on line 1478 has count: 0
TC42.sh on line 1478 has count: 0
TC43.sh on line 1478 has count: 0
TC44.sh on line 1478 has count: 0
TC45.sh on line 1478 has count: 0
TC46.sh on line 1478 has count: 0
TC47.sh on line 1478 has count: 13
TC48.sh on line 1478 has count: 0
TC50.sh on line 1478 has count: 0
TC51.sh on line 1478 has count: 0
TC52.sh on line 1478 has count: 0
TC53.sh on line 1478 has count: 0
TC54.sh on line 1478 has count: 0
TC55.sh on line 1478 has count: 0
TC56.sh on line 1478 has count: 0
TC57.sh on line 1478 has count: 0
TC58.sh on line 1478 has count: 0
TC59.sh on line 1478 has count: 0
TC60.sh on line 1478 has count: 0
TC61.sh on line 1478 has count: 0
TC62.sh on line 1478 has count: 0
initialization on line 1478 has count: 0
>> Buggy line 1478 is NOT covered by failing TC initialization
Lines executed on initialization saved at lines_executed_at_initialization.txt
>> Reverted brisk.cpp to original from brisk.MUT1926.cpp
>> CCTs are updated in the database
SELECT tc_name, tc_result FROM tc_info WHERE bug_idx = %s [1287]
Failing test case TC7.sh executes buggy line opencv_features2d_TF_top30/modules/features2d/src/brisk.cpp#BriskScaleSpace::refine3D(const int layer, const int x_layer, const int y_layer, float & x, float & y, float & scale, _Bool & ismax)#1478
Failing test case TC16.sh executes buggy line opencv_features2d_TF_top30/modules/features2d/src/brisk.cpp#BriskScaleSpace::refine3D(const int layer, const int x_layer, const int y_layer, float & x, float & y, float & scale, _Bool & ismax)#1478
Failing test case TC27.sh executes buggy line opencv_features2d_TF_top30/modules/features2d/src/brisk.cpp#BriskScaleSpace::refine3D(const int layer, const int x_layer, const int y_layer, float & x, float & y, float & scale, _Bool & ismax)#1478
Executed lines by test cases are saved at lines_executed_by_failing_tc.json
Executed lines by test cases are saved at lines_executed_by_passing_tc.json
Executed lines by test cases are saved at lines_executed_by_ccts.json
>> Saving version brisk.MUT1926.cpp to database

+++++ STDERR +++++

+++++ results for brisk.MUT591.cpp +++++
+++++ STDOUT +++++
SELECT bug_idx FROM bug_info WHERE subject = %s AND experiment_name = %s AND version = %s ['opencv_features2d_TF_top30', 'TF_top30', 'brisk.MUT591.cpp']
SELECT target_code_file, buggy_code_file, pre_start_line FROM bug_info WHERE bug_idx = %s [1161]
SELECT tc_name, tc_result FROM tc_info WHERE bug_idx = %s [1161]
Testing version brisk.MUT591.cpp on faster14.swtv::core6
>> Building opencv_features2d_TF_top30
>> Applied patch to brisk.cpp with brisk.MUT591.cpp
>> Building opencv_features2d_TF_top30
>> Extracted line2function data from brisk.cpp.ii
>> Extracted line2function data from fast.avx2.cpp.ii
>> Extracted line2function data from fast.cpp.ii
>> Extracted line2function data from fast_score.cpp.ii
>> Extracted line2function data from fed.cpp.ii
>> Extracted line2function data from mser.cpp.ii
>> Reverted brisk.cpp to original from brisk.MUT591.cpp
>> Extracted line2function data saved to line2function.json
>> Applied patch to brisk.cpp with brisk.MUT591.cpp
>> Building opencv_features2d_TF_top30
TC16.sh on line 641 has count: 62257
>> Buggy line 641 is covered by failing TC TC16.sh
TC1.sh on line 641 has count: 0
TC2.sh on line 641 has count: 0
TC3.sh on line 641 has count: 0
TC4.sh on line 641 has count: 0
TC5.sh on line 641 has count: 0
TC6.sh on line 641 has count: 0
TC7.sh on line 641 has count: 591295
TC8.sh on line 641 has count: 0
TC9.sh on line 641 has count: 60740
TC10.sh on line 641 has count: 0
TC11.sh on line 641 has count: 0
TC12.sh on line 641 has count: 0
TC13.sh on line 641 has count: 0
TC14.sh on line 641 has count: 0
TC15.sh on line 641 has count: 0
TC17.sh on line 641 has count: 0
TC18.sh on line 641 has count: 0
TC19.sh on line 641 has count: 0
TC20.sh on line 641 has count: 0
TC21.sh on line 641 has count: 0
TC22.sh on line 641 has count: 0
TC23.sh on line 641 has count: 0
TC24.sh on line 641 has count: 0
TC25.sh on line 641 has count: 0
TC26.sh on line 641 has count: 0
TC27.sh on line 641 has count: 62257
TC28.sh on line 641 has count: 0
TC29.sh on line 641 has count: 0
TC30.sh on line 641 has count: 0
TC31.sh on line 641 has count: 0
TC32.sh on line 641 has count: 0
TC33.sh on line 641 has count: 0
TC34.sh on line 641 has count: 0
TC35.sh on line 641 has count: 0
TC36.sh on line 641 has count: 0
TC37.sh on line 641 has count: 0
TC38.sh on line 641 has count: 0
TC39.sh on line 641 has count: 0
TC40.sh on line 641 has count: 0
TC41.sh on line 641 has count: 0
TC42.sh on line 641 has count: 0
TC43.sh on line 641 has count: 0
TC44.sh on line 641 has count: 0
TC45.sh on line 641 has count: 0
TC46.sh on line 641 has count: 0
TC47.sh on line 641 has count: 0
TC48.sh on line 641 has count: 0
TC49.sh on line 641 has count: 488530
TC50.sh on line 641 has count: 0
TC51.sh on line 641 has count: 0
TC52.sh on line 641 has count: 0
TC53.sh on line 641 has count: 0
TC54.sh on line 641 has count: 0
TC55.sh on line 641 has count: 0
TC56.sh on line 641 has count: 0
TC57.sh on line 641 has count: 0
TC58.sh on line 641 has count: 0
TC59.sh on line 641 has count: 0
TC60.sh on line 641 has count: 0
TC61.sh on line 641 has count: 0
TC62.sh on line 641 has count: 0
initialization on line 641 has count: 0
>> Buggy line 641 is NOT covered by failing TC initialization
Lines executed on initialization saved at lines_executed_at_initialization.txt
>> Reverted brisk.cpp to original from brisk.MUT591.cpp
>> CCTs are updated in the database
SELECT tc_name, tc_result FROM tc_info WHERE bug_idx = %s [1161]
Failing test case TC16.sh executes buggy line opencv_features2d_TF_top30/modules/features2d/src/brisk.cpp#BRISK_Impl::smoothedIntensity(const cv::Mat & image, const cv::Mat & integral, const float key_x, const float key_y, const unsigned int scale, const unsigned int rot, const unsigned int point)#641
Executed lines by test cases are saved at lines_executed_by_failing_tc.json
Executed lines by test cases are saved at lines_executed_by_passing_tc.json
Executed lines by test cases are saved at lines_executed_by_ccts.json
>> Saving version brisk.MUT591.cpp to database
>> Cleaning build for opencv_features2d_TF_top30

+++++ STDERR +++++
