
+++++ results for fast_score.MUT224.cpp +++++
+++++ STDOUT +++++
SELECT bug_idx FROM bug_info WHERE subject = %s AND experiment_name = %s AND version = %s ['opencv_features2d_TF_top30', 'TF_top30', 'fast_score.MUT224.cpp']
SELECT target_code_file, buggy_code_file, pre_start_line FROM bug_info WHERE bug_idx = %s [146]
SELECT tc_name, tc_result FROM tc_info WHERE bug_idx = %s [146]
Testing version fast_score.MUT224.cpp on faster20.swtv::core6
>> Configuring opencv_features2d_TF_top30 with coverage
>> Building opencv_features2d_TF_top30
>> Applied patch to fast_score.cpp with fast_score.MUT224.cpp
>> Building opencv_features2d_TF_top30
>> Extracted line2function data from brisk.cpp.ii
>> Extracted line2function data from fast.avx2.cpp.ii
>> Extracted line2function data from fast.cpp.ii
>> Extracted line2function data from fast_score.cpp.ii
>> Extracted line2function data from fed.cpp.ii
>> Extracted line2function data from mser.cpp.ii
>> Reverted fast_score.cpp to original from fast_score.MUT224.cpp
>> Extracted line2function data saved to line2function.json
>> Applied patch to fast_score.cpp with fast_score.MUT224.cpp
>> Building opencv_features2d_TF_top30
TC17.sh on line 209 has count: 163
>> Buggy line 209 is covered by failing TC TC17.sh
TC26.sh on line 209 has count: 2
>> Buggy line 209 is covered by failing TC TC26.sh
TC1.sh on line 209 has count: 0
TC2.sh on line 209 has count: 0
TC3.sh on line 209 has count: 0
TC4.sh on line 209 has count: 0
TC5.sh on line 209 has count: 0
TC6.sh on line 209 has count: 0
TC7.sh on line 209 has count: 0
TC8.sh on line 209 has count: 0
TC9.sh on line 209 has count: 0
TC10.sh on line 209 has count: 0
TC11.sh on line 209 has count: 0
TC12.sh on line 209 has count: 0
TC13.sh on line 209 has count: 0
TC14.sh on line 209 has count: 6896
TC15.sh on line 209 has count: 0
TC16.sh on line 209 has count: 0
TC18.sh on line 209 has count: 0
TC19.sh on line 209 has count: 0
TC20.sh on line 209 has count: 0
TC21.sh on line 209 has count: 0
TC22.sh on line 209 has count: 365
TC23.sh on line 209 has count: 0
TC24.sh on line 209 has count: 0
TC25.sh on line 209 has count: 0
TC27.sh on line 209 has count: 0
TC28.sh on line 209 has count: 163
TC29.sh on line 209 has count: 0
TC30.sh on line 209 has count: 0
TC31.sh on line 209 has count: 0
TC32.sh on line 209 has count: 0
TC33.sh on line 209 has count: 365
TC34.sh on line 209 has count: 0
TC35.sh on line 209 has count: 0
TC36.sh on line 209 has count: 0
TC37.sh on line 209 has count: 0
TC38.sh on line 209 has count: 0
TC39.sh on line 209 has count: 0
TC40.sh on line 209 has count: 0
TC41.sh on line 209 has count: 15
TC42.sh on line 209 has count: 0
TC43.sh on line 209 has count: 0
TC44.sh on line 209 has count: 0
TC45.sh on line 209 has count: 0
TC46.sh on line 209 has count: 0
TC47.sh on line 209 has count: 390
TC48.sh on line 209 has count: 0
TC49.sh on line 209 has count: 0
TC50.sh on line 209 has count: 3988
TC51.sh on line 209 has count: 0
TC52.sh on line 209 has count: 0
TC53.sh on line 209 has count: 0
TC54.sh on line 209 has count: 0
TC55.sh on line 209 has count: 0
TC56.sh on line 209 has count: 0
TC57.sh on line 209 has count: 0
TC58.sh on line 209 has count: 0
TC59.sh on line 209 has count: 0
TC60.sh on line 209 has count: 0
TC61.sh on line 209 has count: 0
TC62.sh on line 209 has count: 0
initialization on line 209 has count: 0
>> Buggy line 209 is NOT covered by failing TC initialization
Lines executed on initialization saved at lines_executed_at_initialization.txt
>> Reverted fast_score.cpp to original from fast_score.MUT224.cpp
>> CCTs are updated in the database
SELECT tc_name, tc_result FROM tc_info WHERE bug_idx = %s [146]
Failing test case TC17.sh executes buggy line opencv_features2d_TF_top30/modules/features2d/src/fast_score.cpp#cornerScore(const uchar * ptr, const int * pixel, int threshold)#209
Failing test case TC26.sh executes buggy line opencv_features2d_TF_top30/modules/features2d/src/fast_score.cpp#cornerScore(const uchar * ptr, const int * pixel, int threshold)#209
Executed lines by test cases are saved at lines_executed_by_failing_tc.json
Executed lines by test cases are saved at lines_executed_by_passing_tc.json
Executed lines by test cases are saved at lines_executed_by_ccts.json
>> Saving version fast_score.MUT224.cpp to database

+++++ STDERR +++++

+++++ results for mser.MUT30.cpp +++++
+++++ STDOUT +++++
SELECT bug_idx FROM bug_info WHERE subject = %s AND experiment_name = %s AND version = %s ['opencv_features2d_TF_top30', 'TF_top30', 'mser.MUT30.cpp']
SELECT target_code_file, buggy_code_file, pre_start_line FROM bug_info WHERE bug_idx = %s [465]
SELECT tc_name, tc_result FROM tc_info WHERE bug_idx = %s [465]
Testing version mser.MUT30.cpp on faster20.swtv::core6
>> Building opencv_features2d_TF_top30
>> Applied patch to mser.cpp with mser.MUT30.cpp
>> Building opencv_features2d_TF_top30
>> Extracted line2function data from brisk.cpp.ii
>> Extracted line2function data from fast.avx2.cpp.ii
>> Extracted line2function data from fast.cpp.ii
>> Extracted line2function data from fast_score.cpp.ii
>> Extracted line2function data from fed.cpp.ii
>> Extracted line2function data from mser.cpp.ii
>> Reverted mser.cpp to original from mser.MUT30.cpp
>> Extracted line2function data saved to line2function.json
>> Applied patch to mser.cpp with mser.MUT30.cpp
>> Building opencv_features2d_TF_top30
TC32.sh on line 71 has count: 1
>> Buggy line 71 is covered by failing TC TC32.sh
TC1.sh on line 71 has count: 0
TC2.sh on line 71 has count: 0
TC3.sh on line 71 has count: 0
TC4.sh on line 71 has count: 0
TC5.sh on line 71 has count: 0
TC6.sh on line 71 has count: 0
TC7.sh on line 71 has count: 0
TC8.sh on line 71 has count: 0
TC9.sh on line 71 has count: 0
TC10.sh on line 71 has count: 0
TC11.sh on line 71 has count: 0
TC12.sh on line 71 has count: 0
TC13.sh on line 71 has count: 0
TC14.sh on line 71 has count: 0
TC15.sh on line 71 has count: 0
TC16.sh on line 71 has count: 0
TC17.sh on line 71 has count: 0
TC18.sh on line 71 has count: 0
TC19.sh on line 71 has count: 0
TC20.sh on line 71 has count: 0
TC21.sh on line 71 has count: 0
TC22.sh on line 71 has count: 0
TC23.sh on line 71 has count: 0
TC24.sh on line 71 has count: 0
TC25.sh on line 71 has count: 0
TC26.sh on line 71 has count: 0
TC27.sh on line 71 has count: 0
TC28.sh on line 71 has count: 0
TC29.sh on line 71 has count: 0
TC30.sh on line 71 has count: 0
TC31.sh on line 71 has count: 0
TC33.sh on line 71 has count: 0
TC34.sh on line 71 has count: 0
TC35.sh on line 71 has count: 0
TC36.sh on line 71 has count: 0
TC37.sh on line 71 has count: 0
TC38.sh on line 71 has count: 0
TC39.sh on line 71 has count: 0
TC40.sh on line 71 has count: 180
TC41.sh on line 71 has count: 0
TC42.sh on line 71 has count: 0
TC43.sh on line 71 has count: 0
TC44.sh on line 71 has count: 0
TC45.sh on line 71 has count: 0
TC46.sh on line 71 has count: 0
TC47.sh on line 71 has count: 0
TC48.sh on line 71 has count: 0
TC49.sh on line 71 has count: 0
TC50.sh on line 71 has count: 0
TC51.sh on line 71 has count: 0
TC52.sh on line 71 has count: 0
TC53.sh on line 71 has count: 0
TC54.sh on line 71 has count: 0
TC55.sh on line 71 has count: 0
TC56.sh on line 71 has count: 0
TC57.sh on line 71 has count: 0
TC58.sh on line 71 has count: 0
TC59.sh on line 71 has count: 0
TC60.sh on line 71 has count: 0
TC61.sh on line 71 has count: 0
TC62.sh on line 71 has count: 0
initialization on line 71 has count: 0
>> Buggy line 71 is NOT covered by failing TC initialization
Lines executed on initialization saved at lines_executed_at_initialization.txt
>> Reverted mser.cpp to original from mser.MUT30.cpp
>> CCTs are updated in the database
SELECT tc_name, tc_result FROM tc_info WHERE bug_idx = %s [465]
Failing test case TC32.sh executes buggy line opencv_features2d_TF_top30/modules/features2d/src/mser.cpp#Params::Params(int _delta, int _min_area, int _max_area, double _max_variation, double _min_diversity, int _max_evolution, double _area_threshold, double _min_margin, int _edge_blur_size)#71
Executed lines by test cases are saved at lines_executed_by_failing_tc.json
Executed lines by test cases are saved at lines_executed_by_passing_tc.json
Executed lines by test cases are saved at lines_executed_by_ccts.json
>> Saving version mser.MUT30.cpp to database

+++++ STDERR +++++

+++++ results for fast.avx2.MUT52.cpp +++++
+++++ STDOUT +++++
SELECT bug_idx FROM bug_info WHERE subject = %s AND experiment_name = %s AND version = %s ['opencv_features2d_TF_top30', 'TF_top30', 'fast.avx2.MUT52.cpp']
SELECT target_code_file, buggy_code_file, pre_start_line FROM bug_info WHERE bug_idx = %s [765]
SELECT tc_name, tc_result FROM tc_info WHERE bug_idx = %s [765]
Testing version fast.avx2.MUT52.cpp on faster20.swtv::core6
>> Building opencv_features2d_TF_top30
>> Applied patch to fast.avx2.cpp with fast.avx2.MUT52.cpp
>> Building opencv_features2d_TF_top30
>> Extracted line2function data from brisk.cpp.ii
>> Extracted line2function data from fast.avx2.cpp.ii
>> Extracted line2function data from fast.cpp.ii
>> Extracted line2function data from fast_score.cpp.ii
>> Extracted line2function data from fed.cpp.ii
>> Extracted line2function data from mser.cpp.ii
>> Reverted fast.avx2.cpp to original from fast.avx2.MUT52.cpp
>> Extracted line2function data saved to line2function.json
>> Applied patch to fast.avx2.cpp with fast.avx2.MUT52.cpp
>> Building opencv_features2d_TF_top30
TC26.sh on line 84 has count: 46176
>> Buggy line 84 is covered by failing TC TC26.sh
TC1.sh on line 84 has count: 0
TC2.sh on line 84 has count: 0
TC3.sh on line 84 has count: 0
TC4.sh on line 84 has count: 0
TC5.sh on line 84 has count: 0
TC6.sh on line 84 has count: 0
TC7.sh on line 84 has count: 0
TC8.sh on line 84 has count: 0
TC9.sh on line 84 has count: 0
TC10.sh on line 84 has count: 0
TC11.sh on line 84 has count: 0
TC12.sh on line 84 has count: 0
TC13.sh on line 84 has count: 0
TC14.sh on line 84 has count: 298945
TC15.sh on line 84 has count: 0
TC16.sh on line 84 has count: 0
TC17.sh on line 84 has count: 3440
TC18.sh on line 84 has count: 0
TC19.sh on line 84 has count: 0
TC20.sh on line 84 has count: 0
TC21.sh on line 84 has count: 0
TC22.sh on line 84 has count: 10254
TC23.sh on line 84 has count: 0
TC24.sh on line 84 has count: 0
TC25.sh on line 84 has count: 0
TC27.sh on line 84 has count: 0
TC28.sh on line 84 has count: 3440
TC29.sh on line 84 has count: 0
TC30.sh on line 84 has count: 0
TC31.sh on line 84 has count: 0
TC32.sh on line 84 has count: 0
TC33.sh on line 84 has count: 10254
TC34.sh on line 84 has count: 0
TC35.sh on line 84 has count: 0
TC36.sh on line 84 has count: 0
TC37.sh on line 84 has count: 0
TC38.sh on line 84 has count: 0
TC39.sh on line 84 has count: 0
TC40.sh on line 84 has count: 0
TC41.sh on line 84 has count: 25159
TC42.sh on line 84 has count: 0
TC43.sh on line 84 has count: 7120
TC44.sh on line 84 has count: 0
TC45.sh on line 84 has count: 0
TC46.sh on line 84 has count: 0
TC47.sh on line 84 has count: 732
TC48.sh on line 84 has count: 0
TC49.sh on line 84 has count: 0
TC50.sh on line 84 has count: 125818
TC51.sh on line 84 has count: 0
TC52.sh on line 84 has count: 0
TC53.sh on line 84 has count: 0
TC54.sh on line 84 has count: 0
TC55.sh on line 84 has count: 0
TC56.sh on line 84 has count: 0
TC57.sh on line 84 has count: 0
TC58.sh on line 84 has count: 0
TC59.sh on line 84 has count: 0
TC60.sh on line 84 has count: 0
TC61.sh on line 84 has count: 0
TC62.sh on line 84 has count: 0
initialization on line 84 has count: 0
>> Buggy line 84 is NOT covered by failing TC initialization
Lines executed on initialization saved at lines_executed_at_initialization.txt
>> Reverted fast.avx2.cpp to original from fast.avx2.MUT52.cpp
>> CCTs are updated in the database
SELECT tc_name, tc_result FROM tc_info WHERE bug_idx = %s [765]
Failing test case TC26.sh executes buggy line opencv_features2d_TF_top30/modules/features2d/src/fast.avx2.cpp#FAST_t_patternSize16_AVX2_Impl::process(int & j, const uchar *& ptr, uchar * curr, int * cornerpos, int & ncorners)#84
Executed lines by test cases are saved at lines_executed_by_failing_tc.json
Executed lines by test cases are saved at lines_executed_by_passing_tc.json
Executed lines by test cases are saved at lines_executed_by_ccts.json
>> Saving version fast.avx2.MUT52.cpp to database

+++++ STDERR +++++

+++++ results for brisk.MUT3149.cpp +++++
+++++ STDOUT +++++
SELECT bug_idx FROM bug_info WHERE subject = %s AND experiment_name = %s AND version = %s ['opencv_features2d_TF_top30', 'TF_top30', 'brisk.MUT3149.cpp']
SELECT target_code_file, buggy_code_file, pre_start_line FROM bug_info WHERE bug_idx = %s [1030]
SELECT tc_name, tc_result FROM tc_info WHERE bug_idx = %s [1030]
Testing version brisk.MUT3149.cpp on faster20.swtv::core6
>> Building opencv_features2d_TF_top30
>> Applied patch to brisk.cpp with brisk.MUT3149.cpp
>> Building opencv_features2d_TF_top30
>> Extracted line2function data from brisk.cpp.ii
>> Extracted line2function data from fast.avx2.cpp.ii
>> Extracted line2function data from fast.cpp.ii
>> Extracted line2function data from fast_score.cpp.ii
>> Extracted line2function data from fed.cpp.ii
>> Extracted line2function data from mser.cpp.ii
>> Reverted brisk.cpp to original from brisk.MUT3149.cpp
>> Extracted line2function data saved to line2function.json
>> Applied patch to brisk.cpp with brisk.MUT3149.cpp
>> Building opencv_features2d_TF_top30
TC7.sh on line 2190 has count: 1
>> Buggy line 2190 is covered by failing TC TC7.sh
TC16.sh on line 2190 has count: 1
>> Buggy line 2190 is covered by failing TC TC16.sh
TC27.sh on line 2190 has count: 1
>> Buggy line 2190 is covered by failing TC TC27.sh
TC47.sh on line 2190 has count: 1
>> Buggy line 2190 is covered by failing TC TC47.sh
TC49.sh on line 2190 has count: 1
>> Buggy line 2190 is covered by failing TC TC49.sh
TC1.sh on line 2190 has count: 0
TC2.sh on line 2190 has count: 0
TC3.sh on line 2190 has count: 0
TC4.sh on line 2190 has count: 0
TC5.sh on line 2190 has count: 0
TC6.sh on line 2190 has count: 0
TC8.sh on line 2190 has count: 0
TC9.sh on line 2190 has count: 0
TC10.sh on line 2190 has count: 0
TC11.sh on line 2190 has count: 0
TC12.sh on line 2190 has count: 0
TC13.sh on line 2190 has count: 0
TC14.sh on line 2190 has count: 0
TC15.sh on line 2190 has count: 0
TC17.sh on line 2190 has count: 0
TC18.sh on line 2190 has count: 0
TC19.sh on line 2190 has count: 0
TC20.sh on line 2190 has count: 0
TC21.sh on line 2190 has count: 0
TC22.sh on line 2190 has count: 0
TC23.sh on line 2190 has count: 0
TC24.sh on line 2190 has count: 0
TC25.sh on line 2190 has count: 0
TC26.sh on line 2190 has count: 0
TC28.sh on line 2190 has count: 0
TC29.sh on line 2190 has count: 0
TC30.sh on line 2190 has count: 0
TC31.sh on line 2190 has count: 0
TC32.sh on line 2190 has count: 0
TC33.sh on line 2190 has count: 0
TC34.sh on line 2190 has count: 0
TC35.sh on line 2190 has count: 0
TC36.sh on line 2190 has count: 0
TC37.sh on line 2190 has count: 0
TC38.sh on line 2190 has count: 0
TC39.sh on line 2190 has count: 0
TC40.sh on line 2190 has count: 0
TC41.sh on line 2190 has count: 0
TC42.sh on line 2190 has count: 0
TC43.sh on line 2190 has count: 0
TC44.sh on line 2190 has count: 0
TC45.sh on line 2190 has count: 0
TC46.sh on line 2190 has count: 0
TC48.sh on line 2190 has count: 0
TC50.sh on line 2190 has count: 0
TC51.sh on line 2190 has count: 0
TC52.sh on line 2190 has count: 0
TC53.sh on line 2190 has count: 0
TC54.sh on line 2190 has count: 0
TC55.sh on line 2190 has count: 0
TC56.sh on line 2190 has count: 0
TC57.sh on line 2190 has count: 0
TC58.sh on line 2190 has count: 0
TC59.sh on line 2190 has count: 0
TC60.sh on line 2190 has count: 0
TC61.sh on line 2190 has count: 0
TC62.sh on line 2190 has count: 0
initialization on line 2190 has count: 0
>> Buggy line 2190 is NOT covered by failing TC initialization
Lines executed on initialization saved at lines_executed_at_initialization.txt
>> Reverted brisk.cpp to original from brisk.MUT3149.cpp
SELECT tc_name, tc_result FROM tc_info WHERE bug_idx = %s [1030]
Failing test case TC7.sh executes buggy line opencv_features2d_TF_top30/modules/features2d/src/brisk.cpp#BriskLayer::BriskLayer(const class cv::BriskLayer & layer, int mode)#2190
Failing test case TC16.sh executes buggy line opencv_features2d_TF_top30/modules/features2d/src/brisk.cpp#BriskLayer::BriskLayer(const class cv::BriskLayer & layer, int mode)#2190
Failing test case TC27.sh executes buggy line opencv_features2d_TF_top30/modules/features2d/src/brisk.cpp#BriskLayer::BriskLayer(const class cv::BriskLayer & layer, int mode)#2190
Failing test case TC47.sh executes buggy line opencv_features2d_TF_top30/modules/features2d/src/brisk.cpp#BriskLayer::BriskLayer(const class cv::BriskLayer & layer, int mode)#2190
Failing test case TC49.sh executes buggy line opencv_features2d_TF_top30/modules/features2d/src/brisk.cpp#BriskLayer::BriskLayer(const class cv::BriskLayer & layer, int mode)#2190
Executed lines by test cases are saved at lines_executed_by_failing_tc.json
Executed lines by test cases are saved at lines_executed_by_passing_tc.json
Executed lines by test cases are saved at lines_executed_by_ccts.json
>> Saving version brisk.MUT3149.cpp to database

+++++ STDERR +++++

+++++ results for brisk.MUT21.cpp +++++
+++++ STDOUT +++++
SELECT bug_idx FROM bug_info WHERE subject = %s AND experiment_name = %s AND version = %s ['opencv_features2d_TF_top30', 'TF_top30', 'brisk.MUT21.cpp']
SELECT target_code_file, buggy_code_file, pre_start_line FROM bug_info WHERE bug_idx = %s [1323]
SELECT tc_name, tc_result FROM tc_info WHERE bug_idx = %s [1323]
Testing version brisk.MUT21.cpp on faster20.swtv::core6
>> Building opencv_features2d_TF_top30
>> Applied patch to brisk.cpp with brisk.MUT21.cpp
>> Building opencv_features2d_TF_top30
>> Extracted line2function data from brisk.cpp.ii
>> Extracted line2function data from fast.avx2.cpp.ii
>> Extracted line2function data from fast.cpp.ii
>> Extracted line2function data from fast_score.cpp.ii
>> Extracted line2function data from fed.cpp.ii
>> Extracted line2function data from mser.cpp.ii
>> Reverted brisk.cpp to original from brisk.MUT21.cpp
>> Extracted line2function data saved to line2function.json
>> Applied patch to brisk.cpp with brisk.MUT21.cpp
>> Building opencv_features2d_TF_top30
TC7.sh on line 98 has count: 1
>> Buggy line 98 is covered by failing TC TC7.sh
TC1.sh on line 98 has count: 0
TC2.sh on line 98 has count: 0
TC3.sh on line 98 has count: 0
TC4.sh on line 98 has count: 0
TC5.sh on line 98 has count: 0
TC6.sh on line 98 has count: 0
TC8.sh on line 98 has count: 0
TC9.sh on line 98 has count: 0
TC10.sh on line 98 has count: 0
TC11.sh on line 98 has count: 0
TC12.sh on line 98 has count: 0
TC13.sh on line 98 has count: 0
TC14.sh on line 98 has count: 0
TC15.sh on line 98 has count: 0
TC16.sh on line 98 has count: 0
TC17.sh on line 98 has count: 0
TC18.sh on line 98 has count: 0
TC19.sh on line 98 has count: 0
TC20.sh on line 98 has count: 0
TC21.sh on line 98 has count: 0
TC22.sh on line 98 has count: 0
TC23.sh on line 98 has count: 0
TC24.sh on line 98 has count: 0
TC25.sh on line 98 has count: 0
TC26.sh on line 98 has count: 0
TC27.sh on line 98 has count: 0
TC28.sh on line 98 has count: 0
TC29.sh on line 98 has count: 0
TC30.sh on line 98 has count: 0
TC31.sh on line 98 has count: 0
TC32.sh on line 98 has count: 0
TC33.sh on line 98 has count: 0
TC34.sh on line 98 has count: 0
TC35.sh on line 98 has count: 0
TC36.sh on line 98 has count: 0
TC37.sh on line 98 has count: 0
TC38.sh on line 98 has count: 0
TC39.sh on line 98 has count: 0
TC40.sh on line 98 has count: 0
TC41.sh on line 98 has count: 0
TC42.sh on line 98 has count: 0
TC43.sh on line 98 has count: 0
TC44.sh on line 98 has count: 0
TC45.sh on line 98 has count: 0
TC46.sh on line 98 has count: 0
TC47.sh on line 98 has count: 0
TC48.sh on line 98 has count: 0
TC49.sh on line 98 has count: 0
TC50.sh on line 98 has count: 0
TC51.sh on line 98 has count: 0
TC52.sh on line 98 has count: 0
TC53.sh on line 98 has count: 0
TC54.sh on line 98 has count: 0
TC55.sh on line 98 has count: 0
TC56.sh on line 98 has count: 0
TC57.sh on line 98 has count: 0
TC58.sh on line 98 has count: 0
TC59.sh on line 98 has count: 0
TC60.sh on line 98 has count: 0
TC61.sh on line 98 has count: 0
TC62.sh on line 98 has count: 0
initialization on line 98 has count: 0
>> Buggy line 98 is NOT covered by failing TC initialization
Lines executed on initialization saved at lines_executed_at_initialization.txt
>> Reverted brisk.cpp to original from brisk.MUT21.cpp
SELECT tc_name, tc_result FROM tc_info WHERE bug_idx = %s [1323]
Failing test case TC7.sh executes buggy line opencv_features2d_TF_top30/modules/features2d/src/brisk.cpp#BRISK_Impl::setOctaves(int octaves_in)#98
Executed lines by test cases are saved at lines_executed_by_failing_tc.json
Executed lines by test cases are saved at lines_executed_by_passing_tc.json
Executed lines by test cases are saved at lines_executed_by_ccts.json
>> Saving version brisk.MUT21.cpp to database

+++++ STDERR +++++

+++++ results for brisk.MUT219.cpp +++++
+++++ STDOUT +++++
SELECT bug_idx FROM bug_info WHERE subject = %s AND experiment_name = %s AND version = %s ['opencv_features2d_TF_top30', 'TF_top30', 'brisk.MUT219.cpp']
SELECT target_code_file, buggy_code_file, pre_start_line FROM bug_info WHERE bug_idx = %s [1583]
SELECT tc_name, tc_result FROM tc_info WHERE bug_idx = %s [1583]
Testing version brisk.MUT219.cpp on faster20.swtv::core6
>> Building opencv_features2d_TF_top30
>> Applied patch to brisk.cpp with brisk.MUT219.cpp
>> Building opencv_features2d_TF_top30
>> Extracted line2function data from brisk.cpp.ii
>> Extracted line2function data from fast.avx2.cpp.ii
>> Extracted line2function data from fast.cpp.ii
>> Extracted line2function data from fast_score.cpp.ii
>> Extracted line2function data from fed.cpp.ii
>> Extracted line2function data from mser.cpp.ii
>> Reverted brisk.cpp to original from brisk.MUT219.cpp
>> Extracted line2function data saved to line2function.json
>> Applied patch to brisk.cpp with brisk.MUT219.cpp
>> Building opencv_features2d_TF_top30
TC9.sh on line 433 has count: 1024
>> Buggy line 433 is covered by failing TC TC9.sh
TC1.sh on line 433 has count: 0
TC2.sh on line 433 has count: 0
TC3.sh on line 433 has count: 0
TC4.sh on line 433 has count: 0
TC5.sh on line 433 has count: 0
TC6.sh on line 433 has count: 0
TC7.sh on line 433 has count: 1024
TC8.sh on line 433 has count: 0
TC10.sh on line 433 has count: 0
TC11.sh on line 433 has count: 0
TC12.sh on line 433 has count: 0
TC13.sh on line 433 has count: 0
TC14.sh on line 433 has count: 0
TC15.sh on line 433 has count: 0
TC16.sh on line 433 has count: 1024
TC17.sh on line 433 has count: 0
TC18.sh on line 433 has count: 0
TC19.sh on line 433 has count: 0
TC20.sh on line 433 has count: 0
TC21.sh on line 433 has count: 0
TC22.sh on line 433 has count: 0
TC23.sh on line 433 has count: 0
TC24.sh on line 433 has count: 0
TC25.sh on line 433 has count: 0
TC26.sh on line 433 has count: 0
TC27.sh on line 433 has count: 1024
TC28.sh on line 433 has count: 0
TC29.sh on line 433 has count: 0
TC30.sh on line 433 has count: 0
TC31.sh on line 433 has count: 0
TC32.sh on line 433 has count: 0
TC33.sh on line 433 has count: 0
TC34.sh on line 433 has count: 0
TC35.sh on line 433 has count: 0
TC36.sh on line 433 has count: 0
TC37.sh on line 433 has count: 0
TC38.sh on line 433 has count: 0
TC39.sh on line 433 has count: 0
TC40.sh on line 433 has count: 0
TC41.sh on line 433 has count: 0
TC42.sh on line 433 has count: 0
TC43.sh on line 433 has count: 0
TC44.sh on line 433 has count: 0
TC45.sh on line 433 has count: 0
TC46.sh on line 433 has count: 0
TC47.sh on line 433 has count: 1024
TC48.sh on line 433 has count: 0
TC49.sh on line 433 has count: 1024
TC50.sh on line 433 has count: 0
TC51.sh on line 433 has count: 0
TC52.sh on line 433 has count: 0
TC53.sh on line 433 has count: 0
TC54.sh on line 433 has count: 0
TC55.sh on line 433 has count: 0
TC56.sh on line 433 has count: 0
TC57.sh on line 433 has count: 0
TC58.sh on line 433 has count: 0
TC59.sh on line 433 has count: 0
TC60.sh on line 433 has count: 0
TC61.sh on line 433 has count: 0
TC62.sh on line 433 has count: 0
initialization on line 433 has count: 0
>> Buggy line 433 is NOT covered by failing TC initialization
Lines executed on initialization saved at lines_executed_at_initialization.txt
>> Reverted brisk.cpp to original from brisk.MUT219.cpp
>> CCTs are updated in the database
SELECT tc_name, tc_result FROM tc_info WHERE bug_idx = %s [1583]
Failing test case TC9.sh executes buggy line opencv_features2d_TF_top30/modules/features2d/src/brisk.cpp#BRISK_Impl::generateKernel(const int & radiusList, const int & numberList, float dMax, float dMin, const int & _indexChange)#433
Executed lines by test cases are saved at lines_executed_by_failing_tc.json
Executed lines by test cases are saved at lines_executed_by_passing_tc.json
Executed lines by test cases are saved at lines_executed_by_ccts.json
>> Saving version brisk.MUT219.cpp to database

+++++ STDERR +++++

+++++ results for mser.MUT1283.cpp +++++
+++++ STDOUT +++++
SELECT bug_idx FROM bug_info WHERE subject = %s AND experiment_name = %s AND version = %s ['opencv_features2d_TF_top30', 'TF_top30', 'mser.MUT1283.cpp']
SELECT target_code_file, buggy_code_file, pre_start_line FROM bug_info WHERE bug_idx = %s [1881]
SELECT tc_name, tc_result FROM tc_info WHERE bug_idx = %s [1881]
Testing version mser.MUT1283.cpp on faster20.swtv::core6
>> Building opencv_features2d_TF_top30
>> Applied patch to mser.cpp with mser.MUT1283.cpp
>> Building opencv_features2d_TF_top30
>> Extracted line2function data from brisk.cpp.ii
>> Extracted line2function data from fast.avx2.cpp.ii
>> Extracted line2function data from fast.cpp.ii
>> Extracted line2function data from fast_score.cpp.ii
>> Extracted line2function data from fed.cpp.ii
>> Extracted line2function data from mser.cpp.ii
>> Reverted mser.cpp to original from mser.MUT1283.cpp
>> Extracted line2function data saved to line2function.json
>> Applied patch to mser.cpp with mser.MUT1283.cpp
>> Building opencv_features2d_TF_top30
TC32.sh on line 922 has count: 110069
>> Buggy line 922 is covered by failing TC TC32.sh
TC1.sh on line 922 has count: 0
TC2.sh on line 922 has count: 0
TC3.sh on line 922 has count: 0
TC4.sh on line 922 has count: 0
TC5.sh on line 922 has count: 0
TC6.sh on line 922 has count: 0
TC7.sh on line 922 has count: 0
TC8.sh on line 922 has count: 0
TC9.sh on line 922 has count: 0
TC10.sh on line 922 has count: 0
TC11.sh on line 922 has count: 0
TC12.sh on line 922 has count: 0
TC13.sh on line 922 has count: 0
TC14.sh on line 922 has count: 0
TC15.sh on line 922 has count: 0
TC16.sh on line 922 has count: 0
TC17.sh on line 922 has count: 0
TC18.sh on line 922 has count: 0
TC19.sh on line 922 has count: 0
TC20.sh on line 922 has count: 0
TC21.sh on line 922 has count: 0
TC22.sh on line 922 has count: 0
TC23.sh on line 922 has count: 0
TC24.sh on line 922 has count: 0
TC25.sh on line 922 has count: 0
TC26.sh on line 922 has count: 0
TC27.sh on line 922 has count: 0
TC28.sh on line 922 has count: 0
TC29.sh on line 922 has count: 0
TC30.sh on line 922 has count: 0
TC31.sh on line 922 has count: 0
TC33.sh on line 922 has count: 0
TC34.sh on line 922 has count: 0
TC35.sh on line 922 has count: 0
TC36.sh on line 922 has count: 0
TC37.sh on line 922 has count: 0
TC38.sh on line 922 has count: 0
TC39.sh on line 922 has count: 0
TC40.sh on line 922 has count: 0
TC41.sh on line 922 has count: 0
TC42.sh on line 922 has count: 0
TC43.sh on line 922 has count: 0
TC44.sh on line 922 has count: 0
TC45.sh on line 922 has count: 0
TC46.sh on line 922 has count: 0
TC47.sh on line 922 has count: 0
TC48.sh on line 922 has count: 0
TC49.sh on line 922 has count: 0
TC50.sh on line 922 has count: 0
TC51.sh on line 922 has count: 0
TC52.sh on line 922 has count: 0
TC53.sh on line 922 has count: 0
TC54.sh on line 922 has count: 0
TC55.sh on line 922 has count: 0
TC56.sh on line 922 has count: 0
TC57.sh on line 922 has count: 0
TC58.sh on line 922 has count: 0
TC59.sh on line 922 has count: 0
TC60.sh on line 922 has count: 0
TC61.sh on line 922 has count: 0
TC62.sh on line 922 has count: 0
initialization on line 922 has count: 0
>> Buggy line 922 is NOT covered by failing TC initialization
Lines executed on initialization saved at lines_executed_at_initialization.txt
>> Reverted mser.cpp to original from mser.MUT1283.cpp
SELECT tc_name, tc_result FROM tc_info WHERE bug_idx = %s [1881]
Failing test case TC32.sh executes buggy line opencv_features2d_TF_top30/modules/features2d/src/mser.cpp#extractMSER_8uC3(const class cv::Mat & src, int & msers, int & bboxvec, const class MSER_Impl::Params & params)#922
Executed lines by test cases are saved at lines_executed_by_failing_tc.json
Executed lines by test cases are saved at lines_executed_by_passing_tc.json
Executed lines by test cases are saved at lines_executed_by_ccts.json
>> Saving version mser.MUT1283.cpp to database

+++++ STDERR +++++

+++++ results for mser.MUT917.cpp +++++
+++++ STDOUT +++++
SELECT bug_idx FROM bug_info WHERE subject = %s AND experiment_name = %s AND version = %s ['opencv_features2d_TF_top30', 'TF_top30', 'mser.MUT917.cpp']
SELECT target_code_file, buggy_code_file, pre_start_line FROM bug_info WHERE bug_idx = %s [663]
SELECT tc_name, tc_result FROM tc_info WHERE bug_idx = %s [663]
Testing version mser.MUT917.cpp on faster20.swtv::core6
>> Building opencv_features2d_TF_top30
>> Applied patch to mser.cpp with mser.MUT917.cpp
>> Building opencv_features2d_TF_top30
>> Extracted line2function data from brisk.cpp.ii
>> Extracted line2function data from fast.avx2.cpp.ii
>> Extracted line2function data from fast.cpp.ii
>> Extracted line2function data from fast_score.cpp.ii
>> Extracted line2function data from fed.cpp.ii
>> Extracted line2function data from mser.cpp.ii
>> Reverted mser.cpp to original from mser.MUT917.cpp
>> Extracted line2function data saved to line2function.json
>> Applied patch to mser.cpp with mser.MUT917.cpp
>> Building opencv_features2d_TF_top30
TC32.sh on line 741 has count: 1
>> Buggy line 741 is covered by failing TC TC32.sh
TC1.sh on line 741 has count: 0
TC2.sh on line 741 has count: 0
TC3.sh on line 741 has count: 0
TC4.sh on line 741 has count: 0
TC5.sh on line 741 has count: 0
TC6.sh on line 741 has count: 0
TC7.sh on line 741 has count: 0
TC8.sh on line 741 has count: 0
TC9.sh on line 741 has count: 0
TC10.sh on line 741 has count: 0
TC11.sh on line 741 has count: 0
TC12.sh on line 741 has count: 0
TC13.sh on line 741 has count: 0
TC14.sh on line 741 has count: 0
TC15.sh on line 741 has count: 0
TC16.sh on line 741 has count: 0
TC17.sh on line 741 has count: 0
TC18.sh on line 741 has count: 0
TC19.sh on line 741 has count: 0
TC20.sh on line 741 has count: 0
TC21.sh on line 741 has count: 0
TC22.sh on line 741 has count: 0
TC23.sh on line 741 has count: 0
TC24.sh on line 741 has count: 0
TC25.sh on line 741 has count: 0
TC26.sh on line 741 has count: 0
TC27.sh on line 741 has count: 0
TC28.sh on line 741 has count: 0
TC29.sh on line 741 has count: 0
TC30.sh on line 741 has count: 0
TC31.sh on line 741 has count: 0
TC33.sh on line 741 has count: 0
TC34.sh on line 741 has count: 0
TC35.sh on line 741 has count: 0
TC36.sh on line 741 has count: 0
TC37.sh on line 741 has count: 0
TC38.sh on line 741 has count: 0
TC39.sh on line 741 has count: 0
TC40.sh on line 741 has count: 0
TC41.sh on line 741 has count: 0
TC42.sh on line 741 has count: 0
TC43.sh on line 741 has count: 0
TC44.sh on line 741 has count: 0
TC45.sh on line 741 has count: 0
TC46.sh on line 741 has count: 0
TC47.sh on line 741 has count: 0
TC48.sh on line 741 has count: 0
TC49.sh on line 741 has count: 0
TC50.sh on line 741 has count: 0
TC51.sh on line 741 has count: 0
TC52.sh on line 741 has count: 0
TC53.sh on line 741 has count: 0
TC54.sh on line 741 has count: 0
TC55.sh on line 741 has count: 0
TC56.sh on line 741 has count: 0
TC57.sh on line 741 has count: 0
TC58.sh on line 741 has count: 0
TC59.sh on line 741 has count: 0
TC60.sh on line 741 has count: 0
TC61.sh on line 741 has count: 0
TC62.sh on line 741 has count: 0
initialization on line 741 has count: 0
>> Buggy line 741 is NOT covered by failing TC initialization
Lines executed on initialization saved at lines_executed_at_initialization.txt
>> Reverted mser.cpp to original from mser.MUT917.cpp
SELECT tc_name, tc_result FROM tc_info WHERE bug_idx = %s [663]
Failing test case TC32.sh executes buggy line opencv_features2d_TF_top30/modules/features2d/src/mser.cpp#preprocessMSER_8uC3(struct cv::MSCRNode * node, struct cv::MSCREdge * edge, double * total, const class cv::Mat & src, class cv::Mat & dx, class cv::Mat & dy, int Ne, int edgeBlurSize)#741
Executed lines by test cases are saved at lines_executed_by_failing_tc.json
Executed lines by test cases are saved at lines_executed_by_passing_tc.json
Executed lines by test cases are saved at lines_executed_by_ccts.json
>> Saving version mser.MUT917.cpp to database

+++++ STDERR +++++

+++++ results for brisk.MUT44.cpp +++++
+++++ STDOUT +++++
SELECT bug_idx FROM bug_info WHERE subject = %s AND experiment_name = %s AND version = %s ['opencv_features2d_TF_top30', 'TF_top30', 'brisk.MUT44.cpp']
SELECT target_code_file, buggy_code_file, pre_start_line FROM bug_info WHERE bug_idx = %s [1492]
SELECT tc_name, tc_result FROM tc_info WHERE bug_idx = %s [1492]
Testing version brisk.MUT44.cpp on faster20.swtv::core6
>> Building opencv_features2d_TF_top30
>> Applied patch to brisk.cpp with brisk.MUT44.cpp
>> Building opencv_features2d_TF_top30
>> Extracted line2function data from brisk.cpp.ii
>> Extracted line2function data from fast.avx2.cpp.ii
>> Extracted line2function data from fast.cpp.ii
>> Extracted line2function data from fast_score.cpp.ii
>> Extracted line2function data from fed.cpp.ii
>> Extracted line2function data from mser.cpp.ii
>> Reverted brisk.cpp to original from brisk.MUT44.cpp
>> Extracted line2function data saved to line2function.json
>> Applied patch to brisk.cpp with brisk.MUT44.cpp
>> Building opencv_features2d_TF_top30
TC9.sh on line 118 has count: 1
>> Buggy line 118 is covered by failing TC TC9.sh
TC16.sh on line 118 has count: 1
>> Buggy line 118 is covered by failing TC TC16.sh
TC1.sh on line 118 has count: 0
TC2.sh on line 118 has count: 0
TC3.sh on line 118 has count: 0
TC4.sh on line 118 has count: 0
TC5.sh on line 118 has count: 0
TC6.sh on line 118 has count: 0
TC7.sh on line 118 has count: 1
TC8.sh on line 118 has count: 0
TC10.sh on line 118 has count: 0
TC11.sh on line 118 has count: 0
TC12.sh on line 118 has count: 0
TC13.sh on line 118 has count: 0
TC14.sh on line 118 has count: 0
TC15.sh on line 118 has count: 0
TC17.sh on line 118 has count: 0
TC18.sh on line 118 has count: 0
TC19.sh on line 118 has count: 0
TC20.sh on line 118 has count: 0
TC21.sh on line 118 has count: 0
TC22.sh on line 118 has count: 0
TC23.sh on line 118 has count: 0
TC24.sh on line 118 has count: 0
TC25.sh on line 118 has count: 0
TC26.sh on line 118 has count: 0
TC27.sh on line 118 has count: 1
TC28.sh on line 118 has count: 0
TC29.sh on line 118 has count: 0
TC30.sh on line 118 has count: 0
TC31.sh on line 118 has count: 0
TC32.sh on line 118 has count: 0
TC33.sh on line 118 has count: 0
TC34.sh on line 118 has count: 0
TC35.sh on line 118 has count: 0
TC36.sh on line 118 has count: 0
TC37.sh on line 118 has count: 0
TC38.sh on line 118 has count: 0
TC39.sh on line 118 has count: 0
TC40.sh on line 118 has count: 0
TC41.sh on line 118 has count: 0
TC42.sh on line 118 has count: 0
TC43.sh on line 118 has count: 0
TC44.sh on line 118 has count: 0
TC45.sh on line 118 has count: 0
TC46.sh on line 118 has count: 0
TC47.sh on line 118 has count: 1
TC48.sh on line 118 has count: 0
TC49.sh on line 118 has count: 1
TC50.sh on line 118 has count: 0
TC51.sh on line 118 has count: 0
TC52.sh on line 118 has count: 0
TC53.sh on line 118 has count: 0
TC54.sh on line 118 has count: 0
TC55.sh on line 118 has count: 0
TC56.sh on line 118 has count: 0
TC57.sh on line 118 has count: 0
TC58.sh on line 118 has count: 0
TC59.sh on line 118 has count: 0
TC60.sh on line 118 has count: 0
TC61.sh on line 118 has count: 0
TC62.sh on line 118 has count: 0
initialization on line 118 has count: 0
>> Buggy line 118 is NOT covered by failing TC initialization
Lines executed on initialization saved at lines_executed_at_initialization.txt
>> Reverted brisk.cpp to original from brisk.MUT44.cpp
>> CCTs are updated in the database
SELECT tc_name, tc_result FROM tc_info WHERE bug_idx = %s [1492]
Failing test case TC9.sh executes buggy line opencv_features2d_TF_top30/modules/features2d/src/brisk.cpp#BRISK_Impl::setPatternScale(float _patternScale)#118
Failing test case TC16.sh executes buggy line opencv_features2d_TF_top30/modules/features2d/src/brisk.cpp#BRISK_Impl::setPatternScale(float _patternScale)#118
Executed lines by test cases are saved at lines_executed_by_failing_tc.json
Executed lines by test cases are saved at lines_executed_by_passing_tc.json
Executed lines by test cases are saved at lines_executed_by_ccts.json
>> Saving version brisk.MUT44.cpp to database

+++++ STDERR +++++

+++++ results for brisk.MUT2672.cpp +++++
+++++ STDOUT +++++
SELECT bug_idx FROM bug_info WHERE subject = %s AND experiment_name = %s AND version = %s ['opencv_features2d_TF_top30', 'TF_top30', 'brisk.MUT2672.cpp']
SELECT target_code_file, buggy_code_file, pre_start_line FROM bug_info WHERE bug_idx = %s [1557]
SELECT tc_name, tc_result FROM tc_info WHERE bug_idx = %s [1557]
Testing version brisk.MUT2672.cpp on faster20.swtv::core6
>> Building opencv_features2d_TF_top30
>> Applied patch to brisk.cpp with brisk.MUT2672.cpp
>> Building opencv_features2d_TF_top30
>> Extracted line2function data from brisk.cpp.ii
>> Extracted line2function data from fast.avx2.cpp.ii
>> Extracted line2function data from fast.cpp.ii
>> Extracted line2function data from fast_score.cpp.ii
>> Extracted line2function data from fed.cpp.ii
>> Extracted line2function data from mser.cpp.ii
>> Reverted brisk.cpp to original from brisk.MUT2672.cpp
>> Extracted line2function data saved to line2function.json
>> Applied patch to brisk.cpp with brisk.MUT2672.cpp
>> Building opencv_features2d_TF_top30
TC16.sh on line 1920 has count: 306
>> Buggy line 1920 is covered by failing TC TC16.sh
TC1.sh on line 1920 has count: 0
TC2.sh on line 1920 has count: 0
TC3.sh on line 1920 has count: 0
TC4.sh on line 1920 has count: 0
TC5.sh on line 1920 has count: 0
TC6.sh on line 1920 has count: 0
TC7.sh on line 1920 has count: 3599
TC8.sh on line 1920 has count: 0
TC9.sh on line 1920 has count: 0
TC10.sh on line 1920 has count: 0
TC11.sh on line 1920 has count: 0
TC12.sh on line 1920 has count: 0
TC13.sh on line 1920 has count: 0
TC14.sh on line 1920 has count: 0
TC15.sh on line 1920 has count: 0
TC17.sh on line 1920 has count: 0
TC18.sh on line 1920 has count: 0
TC19.sh on line 1920 has count: 0
TC20.sh on line 1920 has count: 0
TC21.sh on line 1920 has count: 0
TC22.sh on line 1920 has count: 0
TC23.sh on line 1920 has count: 0
TC24.sh on line 1920 has count: 0
TC25.sh on line 1920 has count: 0
TC26.sh on line 1920 has count: 0
TC27.sh on line 1920 has count: 306
TC28.sh on line 1920 has count: 0
TC29.sh on line 1920 has count: 0
TC30.sh on line 1920 has count: 0
TC31.sh on line 1920 has count: 0
TC32.sh on line 1920 has count: 0
TC33.sh on line 1920 has count: 0
TC34.sh on line 1920 has count: 0
TC35.sh on line 1920 has count: 0
TC36.sh on line 1920 has count: 0
TC37.sh on line 1920 has count: 0
TC38.sh on line 1920 has count: 0
TC39.sh on line 1920 has count: 0
TC40.sh on line 1920 has count: 0
TC41.sh on line 1920 has count: 0
TC42.sh on line 1920 has count: 0
TC43.sh on line 1920 has count: 0
TC44.sh on line 1920 has count: 0
TC45.sh on line 1920 has count: 0
TC46.sh on line 1920 has count: 0
TC47.sh on line 1920 has count: 21
TC48.sh on line 1920 has count: 0
TC49.sh on line 1920 has count: 2042
TC50.sh on line 1920 has count: 0
TC51.sh on line 1920 has count: 0
TC52.sh on line 1920 has count: 0
TC53.sh on line 1920 has count: 0
TC54.sh on line 1920 has count: 0
TC55.sh on line 1920 has count: 0
TC56.sh on line 1920 has count: 0
TC57.sh on line 1920 has count: 0
TC58.sh on line 1920 has count: 0
TC59.sh on line 1920 has count: 0
TC60.sh on line 1920 has count: 0
TC61.sh on line 1920 has count: 0
TC62.sh on line 1920 has count: 0
initialization on line 1920 has count: 0
>> Buggy line 1920 is NOT covered by failing TC initialization
Lines executed on initialization saved at lines_executed_at_initialization.txt
>> Reverted brisk.cpp to original from brisk.MUT2672.cpp
>> CCTs are updated in the database
SELECT tc_name, tc_result FROM tc_info WHERE bug_idx = %s [1557]
Failing test case TC16.sh executes buggy line opencv_features2d_TF_top30/modules/features2d/src/brisk.cpp#BriskScaleSpace::refine1D(const float s_05, const float s0, const float s05, float & max)#1920
Executed lines by test cases are saved at lines_executed_by_failing_tc.json
Executed lines by test cases are saved at lines_executed_by_passing_tc.json
Executed lines by test cases are saved at lines_executed_by_ccts.json
>> Saving version brisk.MUT2672.cpp to database
>> Cleaning build for opencv_features2d_TF_top30

+++++ STDERR +++++
