
+++++ results for mser.MUT1450.cpp +++++
+++++ STDOUT +++++
SELECT bug_idx FROM bug_info WHERE subject = %s AND experiment_name = %s AND version = %s ['opencv_features2d_TF_top30', 'TF_top30', 'mser.MUT1450.cpp']
SELECT target_code_file, buggy_code_file, pre_start_line FROM bug_info WHERE bug_idx = %s [258]
SELECT tc_name, tc_result FROM tc_info WHERE bug_idx = %s [258]
Testing version mser.MUT1450.cpp on faster28.swtv::core0
>> Configuring opencv_features2d_TF_top30 with coverage
>> Building opencv_features2d_TF_top30
>> Applied patch to mser.cpp with mser.MUT1450.cpp
>> Building opencv_features2d_TF_top30
>> Extracted line2function data from brisk.cpp.ii
>> Extracted line2function data from fast.avx2.cpp.ii
>> Extracted line2function data from fast.cpp.ii
>> Extracted line2function data from fast_score.cpp.ii
>> Extracted line2function data from fed.cpp.ii
>> Extracted line2function data from mser.cpp.ii
>> Reverted mser.cpp to original from mser.MUT1450.cpp
>> Extracted line2function data saved to line2function.json
>> Applied patch to mser.cpp with mser.MUT1450.cpp
>> Building opencv_features2d_TF_top30
TC32.sh on line 1047 has count: 222
>> Buggy line 1047 is covered by failing TC TC32.sh
TC62.sh on line 1047 has count: 0
TC1.sh on line 1047 has count: 0
TC2.sh on line 1047 has count: 0
TC3.sh on line 1047 has count: 0
TC4.sh on line 1047 has count: 0
TC5.sh on line 1047 has count: 0
TC6.sh on line 1047 has count: 0
TC7.sh on line 1047 has count: 0
TC8.sh on line 1047 has count: 0
TC9.sh on line 1047 has count: 0
TC10.sh on line 1047 has count: 0
TC11.sh on line 1047 has count: 0
TC12.sh on line 1047 has count: 0
TC13.sh on line 1047 has count: 0
TC14.sh on line 1047 has count: 0
TC15.sh on line 1047 has count: 0
TC16.sh on line 1047 has count: 0
TC17.sh on line 1047 has count: 0
TC18.sh on line 1047 has count: 0
TC19.sh on line 1047 has count: 0
TC20.sh on line 1047 has count: 0
TC21.sh on line 1047 has count: 0
TC22.sh on line 1047 has count: 0
TC23.sh on line 1047 has count: 0
TC24.sh on line 1047 has count: 0
TC25.sh on line 1047 has count: 0
TC26.sh on line 1047 has count: 0
TC27.sh on line 1047 has count: 0
TC28.sh on line 1047 has count: 0
TC29.sh on line 1047 has count: 0
TC30.sh on line 1047 has count: 0
TC31.sh on line 1047 has count: 0
TC33.sh on line 1047 has count: 0
TC34.sh on line 1047 has count: 0
TC35.sh on line 1047 has count: 0
TC36.sh on line 1047 has count: 0
TC37.sh on line 1047 has count: 0
TC38.sh on line 1047 has count: 0
TC39.sh on line 1047 has count: 0
TC40.sh on line 1047 has count: 0
TC41.sh on line 1047 has count: 0
TC42.sh on line 1047 has count: 0
TC43.sh on line 1047 has count: 0
TC44.sh on line 1047 has count: 0
TC45.sh on line 1047 has count: 0
TC46.sh on line 1047 has count: 0
TC47.sh on line 1047 has count: 0
TC48.sh on line 1047 has count: 0
TC49.sh on line 1047 has count: 0
TC50.sh on line 1047 has count: 0
TC51.sh on line 1047 has count: 0
TC52.sh on line 1047 has count: 0
TC53.sh on line 1047 has count: 0
TC54.sh on line 1047 has count: 0
TC55.sh on line 1047 has count: 0
TC56.sh on line 1047 has count: 0
TC57.sh on line 1047 has count: 0
TC58.sh on line 1047 has count: 0
TC59.sh on line 1047 has count: 0
TC60.sh on line 1047 has count: 0
TC61.sh on line 1047 has count: 0
initialization on line 1047 has count: 0
>> Buggy line 1047 is NOT covered by failing TC initialization
Lines executed on initialization saved at lines_executed_at_initialization.txt
>> Reverted mser.cpp to original from mser.MUT1450.cpp
SELECT tc_name, tc_result FROM tc_info WHERE bug_idx = %s [258]
Failing test case TC32.sh executes buggy line opencv_features2d_TF_top30/modules/features2d/src/mser.cpp#MSER_Impl::detect(cv::InputArray _image, int & keypoints, cv::InputArray _mask)#1047
Executed lines by test cases are saved at lines_executed_by_failing_tc.json
Executed lines by test cases are saved at lines_executed_by_passing_tc.json
Executed lines by test cases are saved at lines_executed_by_ccts.json
>> Saving version mser.MUT1450.cpp to database

+++++ STDERR +++++

+++++ results for mser.MUT1110.cpp +++++
+++++ STDOUT +++++
SELECT bug_idx FROM bug_info WHERE subject = %s AND experiment_name = %s AND version = %s ['opencv_features2d_TF_top30', 'TF_top30', 'mser.MUT1110.cpp']
SELECT target_code_file, buggy_code_file, pre_start_line FROM bug_info WHERE bug_idx = %s [562]
SELECT tc_name, tc_result FROM tc_info WHERE bug_idx = %s [562]
Testing version mser.MUT1110.cpp on faster28.swtv::core0
>> Building opencv_features2d_TF_top30
>> Applied patch to mser.cpp with mser.MUT1110.cpp
>> Building opencv_features2d_TF_top30
>> Extracted line2function data from brisk.cpp.ii
>> Extracted line2function data from fast.avx2.cpp.ii
>> Extracted line2function data from fast.cpp.ii
>> Extracted line2function data from fast_score.cpp.ii
>> Extracted line2function data from fed.cpp.ii
>> Extracted line2function data from mser.cpp.ii
>> Reverted mser.cpp to original from mser.MUT1110.cpp
>> Extracted line2function data saved to line2function.json
>> Applied patch to mser.cpp with mser.MUT1110.cpp
>> Building opencv_features2d_TF_top30
TC32.sh on line 810 has count: 382
>> Buggy line 810 is covered by failing TC TC32.sh
TC1.sh on line 810 has count: 0
TC2.sh on line 810 has count: 0
TC3.sh on line 810 has count: 0
TC4.sh on line 810 has count: 0
TC5.sh on line 810 has count: 0
TC6.sh on line 810 has count: 0
TC7.sh on line 810 has count: 0
TC8.sh on line 810 has count: 0
TC9.sh on line 810 has count: 0
TC10.sh on line 810 has count: 0
TC11.sh on line 810 has count: 0
TC12.sh on line 810 has count: 0
TC13.sh on line 810 has count: 0
TC14.sh on line 810 has count: 0
TC15.sh on line 810 has count: 0
TC16.sh on line 810 has count: 0
TC17.sh on line 810 has count: 0
TC18.sh on line 810 has count: 0
TC19.sh on line 810 has count: 0
TC20.sh on line 810 has count: 0
TC21.sh on line 810 has count: 0
TC22.sh on line 810 has count: 0
TC23.sh on line 810 has count: 0
TC24.sh on line 810 has count: 0
TC25.sh on line 810 has count: 0
TC26.sh on line 810 has count: 0
TC27.sh on line 810 has count: 0
TC28.sh on line 810 has count: 0
TC29.sh on line 810 has count: 0
TC30.sh on line 810 has count: 0
TC31.sh on line 810 has count: 0
TC33.sh on line 810 has count: 0
TC34.sh on line 810 has count: 0
TC35.sh on line 810 has count: 0
TC36.sh on line 810 has count: 0
TC37.sh on line 810 has count: 0
TC38.sh on line 810 has count: 0
TC39.sh on line 810 has count: 0
TC40.sh on line 810 has count: 0
TC41.sh on line 810 has count: 0
TC42.sh on line 810 has count: 0
TC43.sh on line 810 has count: 0
TC44.sh on line 810 has count: 0
TC45.sh on line 810 has count: 0
TC46.sh on line 810 has count: 0
TC47.sh on line 810 has count: 0
TC48.sh on line 810 has count: 0
TC49.sh on line 810 has count: 0
TC50.sh on line 810 has count: 0
TC51.sh on line 810 has count: 0
TC52.sh on line 810 has count: 0
TC53.sh on line 810 has count: 0
TC54.sh on line 810 has count: 0
TC55.sh on line 810 has count: 0
TC56.sh on line 810 has count: 0
TC57.sh on line 810 has count: 0
TC58.sh on line 810 has count: 0
TC59.sh on line 810 has count: 0
TC60.sh on line 810 has count: 0
TC61.sh on line 810 has count: 0
TC62.sh on line 810 has count: 0
initialization on line 810 has count: 0
>> Buggy line 810 is NOT covered by failing TC initialization
Lines executed on initialization saved at lines_executed_at_initialization.txt
>> Reverted mser.cpp to original from mser.MUT1110.cpp
SELECT tc_name, tc_result FROM tc_info WHERE bug_idx = %s [562]
Failing test case TC32.sh executes buggy line opencv_features2d_TF_top30/modules/features2d/src/mser.cpp#preprocessMSER_8uC3(struct cv::MSCRNode * node, struct cv::MSCREdge * edge, double * total, const class cv::Mat & src, class cv::Mat & dx, class cv::Mat & dy, int Ne, int edgeBlurSize)#810
Executed lines by test cases are saved at lines_executed_by_failing_tc.json
Executed lines by test cases are saved at lines_executed_by_passing_tc.json
Executed lines by test cases are saved at lines_executed_by_ccts.json
>> Saving version mser.MUT1110.cpp to database

+++++ STDERR +++++

+++++ results for fed.MUT53.cpp +++++
+++++ STDOUT +++++
SELECT bug_idx FROM bug_info WHERE subject = %s AND experiment_name = %s AND version = %s ['opencv_features2d_TF_top30', 'TF_top30', 'fed.MUT53.cpp']
SELECT target_code_file, buggy_code_file, pre_start_line FROM bug_info WHERE bug_idx = %s [851]
SELECT tc_name, tc_result FROM tc_info WHERE bug_idx = %s [851]
Testing version fed.MUT53.cpp on faster28.swtv::core0
>> Building opencv_features2d_TF_top30
>> Applied patch to fed.cpp with fed.MUT53.cpp
>> Building opencv_features2d_TF_top30
>> Extracted line2function data from brisk.cpp.ii
>> Extracted line2function data from fast.avx2.cpp.ii
>> Extracted line2function data from fast.cpp.ii
>> Extracted line2function data from fast_score.cpp.ii
>> Extracted line2function data from fed.cpp.ii
>> Extracted line2function data from mser.cpp.ii
>> Reverted fed.cpp to original from fed.MUT53.cpp
>> Extracted line2function data saved to line2function.json
>> Applied patch to fed.cpp with fed.MUT53.cpp
>> Building opencv_features2d_TF_top30
TC11.sh on line 120 has count: 498
>> Buggy line 120 is covered by failing TC TC11.sh
TC23.sh on line 120 has count: 166
>> Buggy line 120 is covered by failing TC TC23.sh
TC24.sh on line 120 has count: 76
>> Buggy line 120 is covered by failing TC TC24.sh
TC25.sh on line 120 has count: 76
>> Buggy line 120 is covered by failing TC TC25.sh
TC1.sh on line 120 has count: 0
TC2.sh on line 120 has count: 0
TC3.sh on line 120 has count: 0
TC4.sh on line 120 has count: 166
TC5.sh on line 120 has count: 0
TC6.sh on line 120 has count: 0
TC7.sh on line 120 has count: 0
TC8.sh on line 120 has count: 0
TC9.sh on line 120 has count: 0
TC10.sh on line 120 has count: 0
TC12.sh on line 120 has count: 162
TC13.sh on line 120 has count: 162
TC14.sh on line 120 has count: 0
TC15.sh on line 120 has count: 0
TC16.sh on line 120 has count: 0
TC17.sh on line 120 has count: 0
TC18.sh on line 120 has count: 0
TC19.sh on line 120 has count: 0
TC20.sh on line 120 has count: 0
TC21.sh on line 120 has count: 0
TC22.sh on line 120 has count: 0
TC26.sh on line 120 has count: 0
TC27.sh on line 120 has count: 0
TC28.sh on line 120 has count: 0
TC29.sh on line 120 has count: 0
TC30.sh on line 120 has count: 0
TC31.sh on line 120 has count: 0
TC32.sh on line 120 has count: 0
TC33.sh on line 120 has count: 0
TC34.sh on line 120 has count: 166
TC35.sh on line 120 has count: 152
TC36.sh on line 120 has count: 0
TC37.sh on line 120 has count: 0
TC38.sh on line 120 has count: 0
TC39.sh on line 120 has count: 0
TC40.sh on line 120 has count: 0
TC41.sh on line 120 has count: 0
TC42.sh on line 120 has count: 0
TC43.sh on line 120 has count: 0
TC44.sh on line 120 has count: 0
TC45.sh on line 120 has count: 0
TC46.sh on line 120 has count: 0
TC47.sh on line 120 has count: 226
TC48.sh on line 120 has count: 0
TC49.sh on line 120 has count: 0
TC50.sh on line 120 has count: 0
TC51.sh on line 120 has count: 0
TC52.sh on line 120 has count: 0
TC53.sh on line 120 has count: 0
TC54.sh on line 120 has count: 0
TC55.sh on line 120 has count: 0
TC56.sh on line 120 has count: 0
TC57.sh on line 120 has count: 0
TC58.sh on line 120 has count: 0
TC59.sh on line 120 has count: 0
TC60.sh on line 120 has count: 0
TC61.sh on line 120 has count: 0
TC62.sh on line 120 has count: 0
initialization on line 120 has count: 0
>> Buggy line 120 is NOT covered by failing TC initialization
Lines executed on initialization saved at lines_executed_at_initialization.txt
>> Reverted fed.cpp to original from fed.MUT53.cpp
>> CCTs are updated in the database
SELECT tc_name, tc_result FROM tc_info WHERE bug_idx = %s [851]
Failing test case TC11.sh executes buggy line opencv_features2d_TF_top30/modules/features2d/src/kaze/fed.cpp#fed_tau_internal(const int & n, const float & scale, const float & tau_max, const _Bool & reordering, int & tau)#120
Failing test case TC23.sh executes buggy line opencv_features2d_TF_top30/modules/features2d/src/kaze/fed.cpp#fed_tau_internal(const int & n, const float & scale, const float & tau_max, const _Bool & reordering, int & tau)#120
Failing test case TC24.sh executes buggy line opencv_features2d_TF_top30/modules/features2d/src/kaze/fed.cpp#fed_tau_internal(const int & n, const float & scale, const float & tau_max, const _Bool & reordering, int & tau)#120
Failing test case TC25.sh executes buggy line opencv_features2d_TF_top30/modules/features2d/src/kaze/fed.cpp#fed_tau_internal(const int & n, const float & scale, const float & tau_max, const _Bool & reordering, int & tau)#120
Executed lines by test cases are saved at lines_executed_by_failing_tc.json
Executed lines by test cases are saved at lines_executed_by_passing_tc.json
Executed lines by test cases are saved at lines_executed_by_ccts.json
>> Saving version fed.MUT53.cpp to database

+++++ STDERR +++++

+++++ results for brisk.MUT575.cpp +++++
+++++ STDOUT +++++
SELECT bug_idx FROM bug_info WHERE subject = %s AND experiment_name = %s AND version = %s ['opencv_features2d_TF_top30', 'TF_top30', 'brisk.MUT575.cpp']
SELECT target_code_file, buggy_code_file, pre_start_line FROM bug_info WHERE bug_idx = %s [1121]
SELECT tc_name, tc_result FROM tc_info WHERE bug_idx = %s [1121]
Testing version brisk.MUT575.cpp on faster28.swtv::core0
>> Building opencv_features2d_TF_top30
>> Applied patch to brisk.cpp with brisk.MUT575.cpp
>> Building opencv_features2d_TF_top30
>> Extracted line2function data from brisk.cpp.ii
>> Extracted line2function data from fast.avx2.cpp.ii
>> Extracted line2function data from fast.cpp.ii
>> Extracted line2function data from fast_score.cpp.ii
>> Extracted line2function data from fed.cpp.ii
>> Extracted line2function data from mser.cpp.ii
>> Reverted brisk.cpp to original from brisk.MUT575.cpp
>> Extracted line2function data saved to line2function.json
>> Applied patch to brisk.cpp with brisk.MUT575.cpp
>> Building opencv_features2d_TF_top30
TC16.sh on line 635 has count: 62257
>> Buggy line 635 is covered by failing TC TC16.sh
TC1.sh on line 635 has count: 0
TC2.sh on line 635 has count: 0
TC3.sh on line 635 has count: 0
TC4.sh on line 635 has count: 0
TC5.sh on line 635 has count: 0
TC6.sh on line 635 has count: 0
TC7.sh on line 635 has count: 591295
TC8.sh on line 635 has count: 0
TC9.sh on line 635 has count: 60739
TC10.sh on line 635 has count: 0
TC11.sh on line 635 has count: 0
TC12.sh on line 635 has count: 0
TC13.sh on line 635 has count: 0
TC14.sh on line 635 has count: 0
TC15.sh on line 635 has count: 0
TC17.sh on line 635 has count: 0
TC18.sh on line 635 has count: 0
TC19.sh on line 635 has count: 0
TC20.sh on line 635 has count: 0
TC21.sh on line 635 has count: 0
TC22.sh on line 635 has count: 0
TC23.sh on line 635 has count: 0
TC24.sh on line 635 has count: 0
TC25.sh on line 635 has count: 0
TC26.sh on line 635 has count: 0
TC27.sh on line 635 has count: 62257
TC28.sh on line 635 has count: 0
TC29.sh on line 635 has count: 0
TC30.sh on line 635 has count: 0
TC31.sh on line 635 has count: 0
TC32.sh on line 635 has count: 0
TC33.sh on line 635 has count: 0
TC34.sh on line 635 has count: 0
TC35.sh on line 635 has count: 0
TC36.sh on line 635 has count: 0
TC37.sh on line 635 has count: 0
TC38.sh on line 635 has count: 0
TC39.sh on line 635 has count: 0
TC40.sh on line 635 has count: 0
TC41.sh on line 635 has count: 0
TC42.sh on line 635 has count: 0
TC43.sh on line 635 has count: 0
TC44.sh on line 635 has count: 0
TC45.sh on line 635 has count: 0
TC46.sh on line 635 has count: 0
TC47.sh on line 635 has count: 0
TC48.sh on line 635 has count: 0
TC49.sh on line 635 has count: 488530
TC50.sh on line 635 has count: 0
TC51.sh on line 635 has count: 0
TC52.sh on line 635 has count: 0
TC53.sh on line 635 has count: 0
TC54.sh on line 635 has count: 0
TC55.sh on line 635 has count: 0
TC56.sh on line 635 has count: 0
TC57.sh on line 635 has count: 0
TC58.sh on line 635 has count: 0
TC59.sh on line 635 has count: 0
TC60.sh on line 635 has count: 0
TC61.sh on line 635 has count: 0
TC62.sh on line 635 has count: 0
initialization on line 635 has count: 0
>> Buggy line 635 is NOT covered by failing TC initialization
Lines executed on initialization saved at lines_executed_at_initialization.txt
>> Reverted brisk.cpp to original from brisk.MUT575.cpp
>> CCTs are updated in the database
SELECT tc_name, tc_result FROM tc_info WHERE bug_idx = %s [1121]
Failing test case TC16.sh executes buggy line opencv_features2d_TF_top30/modules/features2d/src/brisk.cpp#BRISK_Impl::smoothedIntensity(const cv::Mat & image, const cv::Mat & integral, const float key_x, const float key_y, const unsigned int scale, const unsigned int rot, const unsigned int point)#635
Executed lines by test cases are saved at lines_executed_by_failing_tc.json
Executed lines by test cases are saved at lines_executed_by_passing_tc.json
Executed lines by test cases are saved at lines_executed_by_ccts.json
>> Saving version brisk.MUT575.cpp to database

+++++ STDERR +++++

+++++ results for brisk.MUT2735.cpp +++++
+++++ STDOUT +++++
SELECT bug_idx FROM bug_info WHERE subject = %s AND experiment_name = %s AND version = %s ['opencv_features2d_TF_top30', 'TF_top30', 'brisk.MUT2735.cpp']
SELECT target_code_file, buggy_code_file, pre_start_line FROM bug_info WHERE bug_idx = %s [1410]
SELECT tc_name, tc_result FROM tc_info WHERE bug_idx = %s [1410]
Testing version brisk.MUT2735.cpp on faster28.swtv::core0
>> Building opencv_features2d_TF_top30
>> Applied patch to brisk.cpp with brisk.MUT2735.cpp
>> Building opencv_features2d_TF_top30
>> Extracted line2function data from brisk.cpp.ii
>> Extracted line2function data from fast.avx2.cpp.ii
>> Extracted line2function data from fast.cpp.ii
>> Extracted line2function data from fast_score.cpp.ii
>> Extracted line2function data from fed.cpp.ii
>> Extracted line2function data from mser.cpp.ii
>> Reverted brisk.cpp to original from brisk.MUT2735.cpp
>> Extracted line2function data saved to line2function.json
>> Applied patch to brisk.cpp with brisk.MUT2735.cpp
>> Building opencv_features2d_TF_top30
TC27.sh on line 1958 has count: 3
>> Buggy line 1958 is covered by failing TC TC27.sh
TC1.sh on line 1958 has count: 0
TC2.sh on line 1958 has count: 0
TC3.sh on line 1958 has count: 0
TC4.sh on line 1958 has count: 0
TC5.sh on line 1958 has count: 0
TC6.sh on line 1958 has count: 0
TC7.sh on line 1958 has count: 19
TC8.sh on line 1958 has count: 0
TC9.sh on line 1958 has count: 0
TC10.sh on line 1958 has count: 0
TC11.sh on line 1958 has count: 0
TC12.sh on line 1958 has count: 0
TC13.sh on line 1958 has count: 0
TC14.sh on line 1958 has count: 0
TC15.sh on line 1958 has count: 0
TC16.sh on line 1958 has count: 3
TC17.sh on line 1958 has count: 0
TC18.sh on line 1958 has count: 0
TC19.sh on line 1958 has count: 0
TC20.sh on line 1958 has count: 0
TC21.sh on line 1958 has count: 0
TC22.sh on line 1958 has count: 0
TC23.sh on line 1958 has count: 0
TC24.sh on line 1958 has count: 0
TC25.sh on line 1958 has count: 0
TC26.sh on line 1958 has count: 0
TC28.sh on line 1958 has count: 0
TC29.sh on line 1958 has count: 0
TC30.sh on line 1958 has count: 0
TC31.sh on line 1958 has count: 0
TC32.sh on line 1958 has count: 0
TC33.sh on line 1958 has count: 0
TC34.sh on line 1958 has count: 0
TC35.sh on line 1958 has count: 0
TC36.sh on line 1958 has count: 0
TC37.sh on line 1958 has count: 0
TC38.sh on line 1958 has count: 0
TC39.sh on line 1958 has count: 0
TC40.sh on line 1958 has count: 0
TC41.sh on line 1958 has count: 0
TC42.sh on line 1958 has count: 0
TC43.sh on line 1958 has count: 0
TC44.sh on line 1958 has count: 0
TC45.sh on line 1958 has count: 0
TC46.sh on line 1958 has count: 0
TC47.sh on line 1958 has count: 2
TC48.sh on line 1958 has count: 0
TC49.sh on line 1958 has count: 17
TC50.sh on line 1958 has count: 0
TC51.sh on line 1958 has count: 0
TC52.sh on line 1958 has count: 0
TC53.sh on line 1958 has count: 0
TC54.sh on line 1958 has count: 0
TC55.sh on line 1958 has count: 0
TC56.sh on line 1958 has count: 0
TC57.sh on line 1958 has count: 0
TC58.sh on line 1958 has count: 0
TC59.sh on line 1958 has count: 0
TC60.sh on line 1958 has count: 0
TC61.sh on line 1958 has count: 0
TC62.sh on line 1958 has count: 0
initialization on line 1958 has count: 0
>> Buggy line 1958 is NOT covered by failing TC initialization
Lines executed on initialization saved at lines_executed_at_initialization.txt
>> Reverted brisk.cpp to original from brisk.MUT2735.cpp
>> CCTs are updated in the database
SELECT tc_name, tc_result FROM tc_info WHERE bug_idx = %s [1410]
Failing test case TC27.sh executes buggy line opencv_features2d_TF_top30/modules/features2d/src/brisk.cpp#BriskScaleSpace::refine1D_1(const float s_05, const float s0, const float s05, float & max)#1958
Executed lines by test cases are saved at lines_executed_by_failing_tc.json
Executed lines by test cases are saved at lines_executed_by_passing_tc.json
Executed lines by test cases are saved at lines_executed_by_ccts.json
>> Saving version brisk.MUT2735.cpp to database

+++++ STDERR +++++

+++++ results for brisk.MUT2311.cpp +++++
+++++ STDOUT +++++
SELECT bug_idx FROM bug_info WHERE subject = %s AND experiment_name = %s AND version = %s ['opencv_features2d_TF_top30', 'TF_top30', 'brisk.MUT2311.cpp']
SELECT target_code_file, buggy_code_file, pre_start_line FROM bug_info WHERE bug_idx = %s [1673]
SELECT tc_name, tc_result FROM tc_info WHERE bug_idx = %s [1673]
Testing version brisk.MUT2311.cpp on faster28.swtv::core0
>> Building opencv_features2d_TF_top30
>> Applied patch to brisk.cpp with brisk.MUT2311.cpp
>> Building opencv_features2d_TF_top30
>> Extracted line2function data from brisk.cpp.ii
>> Extracted line2function data from fast.avx2.cpp.ii
>> Extracted line2function data from fast.cpp.ii
>> Extracted line2function data from fast_score.cpp.ii
>> Extracted line2function data from fed.cpp.ii
>> Extracted line2function data from mser.cpp.ii
>> Reverted brisk.cpp to original from brisk.MUT2311.cpp
>> Extracted line2function data saved to line2function.json
>> Applied patch to brisk.cpp with brisk.MUT2311.cpp
>> Building opencv_features2d_TF_top30
TC16.sh on line 1722 has count: 1048
>> Buggy line 1722 is covered by failing TC TC16.sh
TC49.sh on line 1722 has count: 6132
>> Buggy line 1722 is covered by failing TC TC49.sh
TC1.sh on line 1722 has count: 0
TC2.sh on line 1722 has count: 0
TC3.sh on line 1722 has count: 0
TC4.sh on line 1722 has count: 0
TC5.sh on line 1722 has count: 0
TC6.sh on line 1722 has count: 0
TC7.sh on line 1722 has count: 9477
TC8.sh on line 1722 has count: 0
TC9.sh on line 1722 has count: 0
TC10.sh on line 1722 has count: 0
TC11.sh on line 1722 has count: 0
TC12.sh on line 1722 has count: 0
TC13.sh on line 1722 has count: 0
TC14.sh on line 1722 has count: 0
TC15.sh on line 1722 has count: 0
TC17.sh on line 1722 has count: 0
TC18.sh on line 1722 has count: 0
TC19.sh on line 1722 has count: 0
TC20.sh on line 1722 has count: 0
TC21.sh on line 1722 has count: 0
TC22.sh on line 1722 has count: 0
TC23.sh on line 1722 has count: 0
TC24.sh on line 1722 has count: 0
TC25.sh on line 1722 has count: 0
TC26.sh on line 1722 has count: 0
TC27.sh on line 1722 has count: 1048
TC28.sh on line 1722 has count: 0
TC29.sh on line 1722 has count: 0
TC30.sh on line 1722 has count: 0
TC31.sh on line 1722 has count: 0
TC32.sh on line 1722 has count: 0
TC33.sh on line 1722 has count: 0
TC34.sh on line 1722 has count: 0
TC35.sh on line 1722 has count: 0
TC36.sh on line 1722 has count: 0
TC37.sh on line 1722 has count: 0
TC38.sh on line 1722 has count: 0
TC39.sh on line 1722 has count: 0
TC40.sh on line 1722 has count: 0
TC41.sh on line 1722 has count: 0
TC42.sh on line 1722 has count: 0
TC43.sh on line 1722 has count: 0
TC44.sh on line 1722 has count: 0
TC45.sh on line 1722 has count: 0
TC46.sh on line 1722 has count: 0
TC47.sh on line 1722 has count: 46
TC48.sh on line 1722 has count: 0
TC50.sh on line 1722 has count: 0
TC51.sh on line 1722 has count: 0
TC52.sh on line 1722 has count: 0
TC53.sh on line 1722 has count: 0
TC54.sh on line 1722 has count: 0
TC55.sh on line 1722 has count: 0
TC56.sh on line 1722 has count: 0
TC57.sh on line 1722 has count: 0
TC58.sh on line 1722 has count: 0
TC59.sh on line 1722 has count: 0
TC60.sh on line 1722 has count: 0
TC61.sh on line 1722 has count: 0
TC62.sh on line 1722 has count: 0
initialization on line 1722 has count: 0
>> Buggy line 1722 is NOT covered by failing TC initialization
Lines executed on initialization saved at lines_executed_at_initialization.txt
>> Reverted brisk.cpp to original from brisk.MUT2311.cpp
>> CCTs are updated in the database
SELECT tc_name, tc_result FROM tc_info WHERE bug_idx = %s [1673]
Failing test case TC16.sh executes buggy line opencv_features2d_TF_top30/modules/features2d/src/brisk.cpp#BriskScaleSpace::getScoreMaxBelow(const int layer, const int x_layer, const int y_layer, const int threshold, _Bool & ismax, float & dx, float & dy)#1722
Failing test case TC49.sh executes buggy line opencv_features2d_TF_top30/modules/features2d/src/brisk.cpp#BriskScaleSpace::getScoreMaxBelow(const int layer, const int x_layer, const int y_layer, const int threshold, _Bool & ismax, float & dx, float & dy)#1722
Executed lines by test cases are saved at lines_executed_by_failing_tc.json
Executed lines by test cases are saved at lines_executed_by_passing_tc.json
Executed lines by test cases are saved at lines_executed_by_ccts.json
>> Saving version brisk.MUT2311.cpp to database

+++++ STDERR +++++

+++++ results for brisk.MUT1047.cpp +++++
+++++ STDOUT +++++
SELECT bug_idx FROM bug_info WHERE subject = %s AND experiment_name = %s AND version = %s ['opencv_features2d_TF_top30', 'TF_top30', 'brisk.MUT1047.cpp']
SELECT target_code_file, buggy_code_file, pre_start_line FROM bug_info WHERE bug_idx = %s [1937]
SELECT tc_name, tc_result FROM tc_info WHERE bug_idx = %s [1937]
Testing version brisk.MUT1047.cpp on faster28.swtv::core0
>> Building opencv_features2d_TF_top30
>> Applied patch to brisk.cpp with brisk.MUT1047.cpp
>> Building opencv_features2d_TF_top30
>> Extracted line2function data from brisk.cpp.ii
>> Extracted line2function data from fast.avx2.cpp.ii
>> Extracted line2function data from fast.cpp.ii
>> Extracted line2function data from fast_score.cpp.ii
>> Extracted line2function data from fed.cpp.ii
>> Extracted line2function data from mser.cpp.ii
>> Reverted brisk.cpp to original from brisk.MUT1047.cpp
>> Extracted line2function data saved to line2function.json
>> Applied patch to brisk.cpp with brisk.MUT1047.cpp
>> Building opencv_features2d_TF_top30
TC16.sh on line 972 has count: 1
>> Buggy line 972 is covered by failing TC TC16.sh
TC1.sh on line 972 has count: 0
TC2.sh on line 972 has count: 0
TC3.sh on line 972 has count: 0
TC4.sh on line 972 has count: 0
TC5.sh on line 972 has count: 0
TC6.sh on line 972 has count: 0
TC7.sh on line 972 has count: 2
TC8.sh on line 972 has count: 0
TC9.sh on line 972 has count: 0
TC10.sh on line 972 has count: 0
TC11.sh on line 972 has count: 0
TC12.sh on line 972 has count: 0
TC13.sh on line 972 has count: 0
TC14.sh on line 972 has count: 0
TC15.sh on line 972 has count: 0
TC17.sh on line 972 has count: 0
TC18.sh on line 972 has count: 0
TC19.sh on line 972 has count: 0
TC20.sh on line 972 has count: 0
TC21.sh on line 972 has count: 0
TC22.sh on line 972 has count: 0
TC23.sh on line 972 has count: 0
TC24.sh on line 972 has count: 0
TC25.sh on line 972 has count: 0
TC26.sh on line 972 has count: 0
TC27.sh on line 972 has count: 1
TC28.sh on line 972 has count: 0
TC29.sh on line 972 has count: 0
TC30.sh on line 972 has count: 0
TC31.sh on line 972 has count: 0
TC32.sh on line 972 has count: 0
TC33.sh on line 972 has count: 0
TC34.sh on line 972 has count: 0
TC35.sh on line 972 has count: 0
TC36.sh on line 972 has count: 0
TC37.sh on line 972 has count: 0
TC38.sh on line 972 has count: 0
TC39.sh on line 972 has count: 0
TC40.sh on line 972 has count: 0
TC41.sh on line 972 has count: 0
TC42.sh on line 972 has count: 0
TC43.sh on line 972 has count: 0
TC44.sh on line 972 has count: 0
TC45.sh on line 972 has count: 0
TC46.sh on line 972 has count: 0
TC47.sh on line 972 has count: 1
TC48.sh on line 972 has count: 0
TC49.sh on line 972 has count: 4
TC50.sh on line 972 has count: 0
TC51.sh on line 972 has count: 0
TC52.sh on line 972 has count: 0
TC53.sh on line 972 has count: 0
TC54.sh on line 972 has count: 0
TC55.sh on line 972 has count: 0
TC56.sh on line 972 has count: 0
TC57.sh on line 972 has count: 0
TC58.sh on line 972 has count: 0
TC59.sh on line 972 has count: 0
TC60.sh on line 972 has count: 0
TC61.sh on line 972 has count: 0
TC62.sh on line 972 has count: 0
initialization on line 972 has count: 0
>> Buggy line 972 is NOT covered by failing TC initialization
Lines executed on initialization saved at lines_executed_at_initialization.txt
>> Reverted brisk.cpp to original from brisk.MUT1047.cpp
>> CCTs are updated in the database
SELECT tc_name, tc_result FROM tc_info WHERE bug_idx = %s [1937]
Failing test case TC16.sh executes buggy line opencv_features2d_TF_top30/modules/features2d/src/brisk.cpp#BriskScaleSpace::getKeypoints(const int threshold_, int & keypoints)#972
Executed lines by test cases are saved at lines_executed_by_failing_tc.json
Executed lines by test cases are saved at lines_executed_by_passing_tc.json
Executed lines by test cases are saved at lines_executed_by_ccts.json
>> Saving version brisk.MUT1047.cpp to database

+++++ STDERR +++++

+++++ results for fast.MUT366.cpp +++++
+++++ STDOUT +++++
SELECT bug_idx FROM bug_info WHERE subject = %s AND experiment_name = %s AND version = %s ['opencv_features2d_TF_top30', 'TF_top30', 'fast.MUT366.cpp']
SELECT target_code_file, buggy_code_file, pre_start_line FROM bug_info WHERE bug_idx = %s [925]
SELECT tc_name, tc_result FROM tc_info WHERE bug_idx = %s [925]
Testing version fast.MUT366.cpp on faster28.swtv::core0
>> Building opencv_features2d_TF_top30
>> Applied patch to fast.cpp with fast.MUT366.cpp
>> Building opencv_features2d_TF_top30
>> Extracted line2function data from brisk.cpp.ii
>> Extracted line2function data from fast.avx2.cpp.ii
>> Extracted line2function data from fast.cpp.ii
>> Extracted line2function data from fast_score.cpp.ii
>> Extracted line2function data from fed.cpp.ii
>> Extracted line2function data from mser.cpp.ii
>> Reverted fast.cpp to original from fast.MUT366.cpp
>> Extracted line2function data saved to line2function.json
>> Applied patch to fast.cpp with fast.MUT366.cpp
>> Building opencv_features2d_TF_top30
TC14.sh on line 288 has count: 201474
>> Buggy line 288 is covered by failing TC TC14.sh
TC17.sh on line 288 has count: 3730
>> Buggy line 288 is covered by failing TC TC17.sh
TC22.sh on line 288 has count: 8016
>> Buggy line 288 is covered by failing TC TC22.sh
TC26.sh on line 288 has count: 20
>> Buggy line 288 is covered by failing TC TC26.sh
TC33.sh on line 288 has count: 8016
>> Buggy line 288 is covered by failing TC TC33.sh
TC50.sh on line 288 has count: 59080
>> Buggy line 288 is covered by failing TC TC50.sh
TC1.sh on line 288 has count: 0
TC2.sh on line 288 has count: 0
TC3.sh on line 288 has count: 0
TC4.sh on line 288 has count: 0
TC5.sh on line 288 has count: 0
TC6.sh on line 288 has count: 0
TC7.sh on line 288 has count: 0
TC8.sh on line 288 has count: 0
TC9.sh on line 288 has count: 0
TC10.sh on line 288 has count: 0
TC11.sh on line 288 has count: 0
TC12.sh on line 288 has count: 0
TC13.sh on line 288 has count: 0
TC15.sh on line 288 has count: 0
TC16.sh on line 288 has count: 0
TC18.sh on line 288 has count: 0
TC19.sh on line 288 has count: 0
TC20.sh on line 288 has count: 0
TC21.sh on line 288 has count: 0
TC23.sh on line 288 has count: 0
TC24.sh on line 288 has count: 0
TC25.sh on line 288 has count: 0
TC27.sh on line 288 has count: 0
TC28.sh on line 288 has count: 3706
TC29.sh on line 288 has count: 0
TC30.sh on line 288 has count: 0
TC31.sh on line 288 has count: 0
TC32.sh on line 288 has count: 0
TC34.sh on line 288 has count: 0
TC35.sh on line 288 has count: 0
TC36.sh on line 288 has count: 0
TC37.sh on line 288 has count: 0
TC38.sh on line 288 has count: 0
TC39.sh on line 288 has count: 0
TC40.sh on line 288 has count: 0
TC41.sh on line 288 has count: 9128
TC42.sh on line 288 has count: 0
TC43.sh on line 288 has count: 0
TC44.sh on line 288 has count: 0
TC45.sh on line 288 has count: 0
TC46.sh on line 288 has count: 0
TC47.sh on line 288 has count: 262
TC48.sh on line 288 has count: 0
TC49.sh on line 288 has count: 0
TC51.sh on line 288 has count: 0
TC52.sh on line 288 has count: 0
TC53.sh on line 288 has count: 0
TC54.sh on line 288 has count: 0
TC55.sh on line 288 has count: 0
TC56.sh on line 288 has count: 0
TC57.sh on line 288 has count: 0
TC58.sh on line 288 has count: 0
TC59.sh on line 288 has count: 0
TC60.sh on line 288 has count: 0
TC61.sh on line 288 has count: 0
TC62.sh on line 288 has count: 0
initialization on line 288 has count: 0
>> Buggy line 288 is NOT covered by failing TC initialization
Lines executed on initialization saved at lines_executed_at_initialization.txt
>> Reverted fast.cpp to original from fast.MUT366.cpp
>> CCTs are updated in the database
SELECT tc_name, tc_result FROM tc_info WHERE bug_idx = %s [925]
Failing test case TC14.sh executes buggy line opencv_features2d_TF_top30/modules/features2d/src/fast.cpp#FAST_t(cv::InputArray _img, int & keypoints, int threshold, _Bool nonmax_suppression)#288
Failing test case TC17.sh executes buggy line opencv_features2d_TF_top30/modules/features2d/src/fast.cpp#FAST_t(cv::InputArray _img, int & keypoints, int threshold, _Bool nonmax_suppression)#288
Failing test case TC22.sh executes buggy line opencv_features2d_TF_top30/modules/features2d/src/fast.cpp#FAST_t(cv::InputArray _img, int & keypoints, int threshold, _Bool nonmax_suppression)#288
Failing test case TC26.sh executes buggy line opencv_features2d_TF_top30/modules/features2d/src/fast.cpp#FAST_t(cv::InputArray _img, int & keypoints, int threshold, _Bool nonmax_suppression)#288
Failing test case TC33.sh executes buggy line opencv_features2d_TF_top30/modules/features2d/src/fast.cpp#FAST_t(cv::InputArray _img, int & keypoints, int threshold, _Bool nonmax_suppression)#288
Failing test case TC50.sh executes buggy line opencv_features2d_TF_top30/modules/features2d/src/fast.cpp#FAST_t(cv::InputArray _img, int & keypoints, int threshold, _Bool nonmax_suppression)#288
Executed lines by test cases are saved at lines_executed_by_failing_tc.json
Executed lines by test cases are saved at lines_executed_by_passing_tc.json
Executed lines by test cases are saved at lines_executed_by_ccts.json
>> Saving version fast.MUT366.cpp to database

+++++ STDERR +++++

+++++ results for brisk.MUT253.cpp +++++
+++++ STDOUT +++++
SELECT bug_idx FROM bug_info WHERE subject = %s AND experiment_name = %s AND version = %s ['opencv_features2d_TF_top30', 'TF_top30', 'brisk.MUT253.cpp']
SELECT target_code_file, buggy_code_file, pre_start_line FROM bug_info WHERE bug_idx = %s [1692]
SELECT tc_name, tc_result FROM tc_info WHERE bug_idx = %s [1692]
Testing version brisk.MUT253.cpp on faster28.swtv::core0
>> Building opencv_features2d_TF_top30
>> Applied patch to brisk.cpp with brisk.MUT253.cpp
>> Building opencv_features2d_TF_top30
>> Extracted line2function data from brisk.cpp.ii
>> Extracted line2function data from fast.avx2.cpp.ii
>> Extracted line2function data from fast.cpp.ii
>> Extracted line2function data from fast_score.cpp.ii
>> Extracted line2function data from fed.cpp.ii
>> Extracted line2function data from mser.cpp.ii
>> Reverted brisk.cpp to original from brisk.MUT253.cpp
>> Extracted line2function data saved to line2function.json
>> Applied patch to brisk.cpp with brisk.MUT253.cpp
>> Building opencv_features2d_TF_top30
TC9.sh on line 451 has count: 64
>> Buggy line 451 is covered by failing TC TC9.sh
TC16.sh on line 451 has count: 64
>> Buggy line 451 is covered by failing TC TC16.sh
TC1.sh on line 451 has count: 0
TC2.sh on line 451 has count: 0
TC3.sh on line 451 has count: 0
TC4.sh on line 451 has count: 0
TC5.sh on line 451 has count: 0
TC6.sh on line 451 has count: 0
TC7.sh on line 451 has count: 64
TC8.sh on line 451 has count: 0
TC10.sh on line 451 has count: 0
TC11.sh on line 451 has count: 0
TC12.sh on line 451 has count: 0
TC13.sh on line 451 has count: 0
TC14.sh on line 451 has count: 0
TC15.sh on line 451 has count: 0
TC17.sh on line 451 has count: 0
TC18.sh on line 451 has count: 0
TC19.sh on line 451 has count: 0
TC20.sh on line 451 has count: 0
TC21.sh on line 451 has count: 0
TC22.sh on line 451 has count: 0
TC23.sh on line 451 has count: 0
TC24.sh on line 451 has count: 0
TC25.sh on line 451 has count: 0
TC26.sh on line 451 has count: 0
TC27.sh on line 451 has count: 64
TC28.sh on line 451 has count: 0
TC29.sh on line 451 has count: 0
TC30.sh on line 451 has count: 0
TC31.sh on line 451 has count: 0
TC32.sh on line 451 has count: 0
TC33.sh on line 451 has count: 0
TC34.sh on line 451 has count: 0
TC35.sh on line 451 has count: 0
TC36.sh on line 451 has count: 0
TC37.sh on line 451 has count: 0
TC38.sh on line 451 has count: 0
TC39.sh on line 451 has count: 0
TC40.sh on line 451 has count: 0
TC41.sh on line 451 has count: 0
TC42.sh on line 451 has count: 0
TC43.sh on line 451 has count: 0
TC44.sh on line 451 has count: 0
TC45.sh on line 451 has count: 0
TC46.sh on line 451 has count: 0
TC47.sh on line 451 has count: 64
TC48.sh on line 451 has count: 0
TC49.sh on line 451 has count: 64
TC50.sh on line 451 has count: 0
TC51.sh on line 451 has count: 0
TC52.sh on line 451 has count: 0
TC53.sh on line 451 has count: 0
TC54.sh on line 451 has count: 0
TC55.sh on line 451 has count: 0
TC56.sh on line 451 has count: 0
TC57.sh on line 451 has count: 0
TC58.sh on line 451 has count: 0
TC59.sh on line 451 has count: 0
TC60.sh on line 451 has count: 0
TC61.sh on line 451 has count: 0
TC62.sh on line 451 has count: 0
initialization on line 451 has count: 0
>> Buggy line 451 is NOT covered by failing TC initialization
Lines executed on initialization saved at lines_executed_at_initialization.txt
>> Reverted brisk.cpp to original from brisk.MUT253.cpp
>> CCTs are updated in the database
SELECT tc_name, tc_result FROM tc_info WHERE bug_idx = %s [1692]
Failing test case TC9.sh executes buggy line opencv_features2d_TF_top30/modules/features2d/src/brisk.cpp#BRISK_Impl::generateKernel(const int & radiusList, const int & numberList, float dMax, float dMin, const int & _indexChange)#451
Failing test case TC16.sh executes buggy line opencv_features2d_TF_top30/modules/features2d/src/brisk.cpp#BRISK_Impl::generateKernel(const int & radiusList, const int & numberList, float dMax, float dMin, const int & _indexChange)#451
Executed lines by test cases are saved at lines_executed_by_failing_tc.json
Executed lines by test cases are saved at lines_executed_by_passing_tc.json
Executed lines by test cases are saved at lines_executed_by_ccts.json
>> Saving version brisk.MUT253.cpp to database
>> Cleaning build for opencv_features2d_TF_top30

+++++ STDERR +++++
