
+++++ results for mser.MUT793.cpp +++++
+++++ STDOUT +++++
SELECT bug_idx FROM bug_info WHERE subject = %s AND experiment_name = %s AND version = %s ['opencv_features2d_TF_top30', 'TF_top30', 'mser.MUT793.cpp']
SELECT target_code_file, buggy_code_file, pre_start_line FROM bug_info WHERE bug_idx = %s [216]
SELECT tc_name, tc_result FROM tc_info WHERE bug_idx = %s [216]
Testing version mser.MUT793.cpp on faster25.swtv::core7
>> Configuring opencv_features2d_TF_top30 with coverage
>> Building opencv_features2d_TF_top30
>> Applied patch to mser.cpp with mser.MUT793.cpp
>> Building opencv_features2d_TF_top30
>> Extracted line2function data from brisk.cpp.ii
>> Extracted line2function data from fast.avx2.cpp.ii
>> Extracted line2function data from fast.cpp.ii
>> Extracted line2function data from fast_score.cpp.ii
>> Extracted line2function data from fed.cpp.ii
>> Extracted line2function data from mser.cpp.ii
>> Reverted mser.cpp to original from mser.MUT793.cpp
>> Extracted line2function data saved to line2function.json
>> Applied patch to mser.cpp with mser.MUT793.cpp
>> Building opencv_features2d_TF_top30
TC32.sh on line 684 has count: 1
>> Buggy line 684 is covered by failing TC TC32.sh
TC1.sh on line 684 has count: 0
TC2.sh on line 684 has count: 0
TC3.sh on line 684 has count: 0
TC4.sh on line 684 has count: 0
TC5.sh on line 684 has count: 0
TC6.sh on line 684 has count: 0
TC7.sh on line 684 has count: 0
TC8.sh on line 684 has count: 0
TC9.sh on line 684 has count: 0
TC10.sh on line 684 has count: 0
TC11.sh on line 684 has count: 0
TC12.sh on line 684 has count: 0
TC13.sh on line 684 has count: 0
TC14.sh on line 684 has count: 0
TC15.sh on line 684 has count: 0
TC16.sh on line 684 has count: 0
TC17.sh on line 684 has count: 0
TC18.sh on line 684 has count: 0
TC19.sh on line 684 has count: 0
TC20.sh on line 684 has count: 0
TC21.sh on line 684 has count: 0
TC22.sh on line 684 has count: 0
TC23.sh on line 684 has count: 0
TC24.sh on line 684 has count: 0
TC25.sh on line 684 has count: 0
TC26.sh on line 684 has count: 0
TC27.sh on line 684 has count: 0
TC28.sh on line 684 has count: 0
TC29.sh on line 684 has count: 0
TC30.sh on line 684 has count: 0
TC31.sh on line 684 has count: 0
TC33.sh on line 684 has count: 0
TC34.sh on line 684 has count: 0
TC35.sh on line 684 has count: 0
TC36.sh on line 684 has count: 0
TC37.sh on line 684 has count: 0
TC38.sh on line 684 has count: 0
TC39.sh on line 684 has count: 0
TC40.sh on line 684 has count: 0
TC41.sh on line 684 has count: 0
TC42.sh on line 684 has count: 0
TC43.sh on line 684 has count: 0
TC44.sh on line 684 has count: 0
TC45.sh on line 684 has count: 0
TC46.sh on line 684 has count: 0
TC47.sh on line 684 has count: 0
TC48.sh on line 684 has count: 0
TC49.sh on line 684 has count: 0
TC50.sh on line 684 has count: 0
TC51.sh on line 684 has count: 0
TC52.sh on line 684 has count: 0
TC53.sh on line 684 has count: 0
TC54.sh on line 684 has count: 0
TC55.sh on line 684 has count: 0
TC56.sh on line 684 has count: 0
TC57.sh on line 684 has count: 0
TC58.sh on line 684 has count: 0
TC59.sh on line 684 has count: 0
TC60.sh on line 684 has count: 0
TC61.sh on line 684 has count: 0
TC62.sh on line 684 has count: 0
initialization on line 684 has count: 0
>> Buggy line 684 is NOT covered by failing TC initialization
Lines executed on initialization saved at lines_executed_at_initialization.txt
>> Reverted mser.cpp to original from mser.MUT793.cpp
SELECT tc_name, tc_result FROM tc_info WHERE bug_idx = %s [216]
Failing test case TC32.sh executes buggy line opencv_features2d_TF_top30/modules/features2d/src/mser.cpp#preprocessMSER_8uC3(struct cv::MSCRNode * node, struct cv::MSCREdge * edge, double * total, const class cv::Mat & src, class cv::Mat & dx, class cv::Mat & dy, int Ne, int edgeBlurSize)#684
Executed lines by test cases are saved at lines_executed_by_failing_tc.json
Executed lines by test cases are saved at lines_executed_by_passing_tc.json
Executed lines by test cases are saved at lines_executed_by_ccts.json
>> Saving version mser.MUT793.cpp to database

+++++ STDERR +++++

+++++ results for brisk.MUT1583.cpp +++++
+++++ STDOUT +++++
SELECT bug_idx FROM bug_info WHERE subject = %s AND experiment_name = %s AND version = %s ['opencv_features2d_TF_top30', 'TF_top30', 'brisk.MUT1583.cpp']
SELECT target_code_file, buggy_code_file, pre_start_line FROM bug_info WHERE bug_idx = %s [524]
SELECT tc_name, tc_result FROM tc_info WHERE bug_idx = %s [524]
Testing version brisk.MUT1583.cpp on faster25.swtv::core7
>> Building opencv_features2d_TF_top30
>> Applied patch to brisk.cpp with brisk.MUT1583.cpp
>> Building opencv_features2d_TF_top30
>> Extracted line2function data from brisk.cpp.ii
>> Extracted line2function data from fast.avx2.cpp.ii
>> Extracted line2function data from fast.cpp.ii
>> Extracted line2function data from fast_score.cpp.ii
>> Extracted line2function data from fed.cpp.ii
>> Extracted line2function data from mser.cpp.ii
>> Reverted brisk.cpp to original from brisk.MUT1583.cpp
>> Extracted line2function data saved to line2function.json
>> Applied patch to brisk.cpp with brisk.MUT1583.cpp
>> Building opencv_features2d_TF_top30
TC16.sh on line 1289 has count: 2084
>> Buggy line 1289 is covered by failing TC TC16.sh
TC23.sh on line 1289 has count: 0
TC24.sh on line 1289 has count: 0
TC25.sh on line 1289 has count: 0
TC26.sh on line 1289 has count: 0
TC27.sh on line 1289 has count: 2084
TC28.sh on line 1289 has count: 0
TC29.sh on line 1289 has count: 0
TC30.sh on line 1289 has count: 0
TC31.sh on line 1289 has count: 0
TC32.sh on line 1289 has count: 0
TC33.sh on line 1289 has count: 0
TC34.sh on line 1289 has count: 0
TC35.sh on line 1289 has count: 0
TC36.sh on line 1289 has count: 0
TC37.sh on line 1289 has count: 0
TC38.sh on line 1289 has count: 0
TC39.sh on line 1289 has count: 0
TC40.sh on line 1289 has count: 0
TC41.sh on line 1289 has count: 0
TC42.sh on line 1289 has count: 0
TC43.sh on line 1289 has count: 0
TC44.sh on line 1289 has count: 0
TC45.sh on line 1289 has count: 0
TC46.sh on line 1289 has count: 0
TC47.sh on line 1289 has count: 88
TC48.sh on line 1289 has count: 0
TC49.sh on line 1289 has count: 12593
TC50.sh on line 1289 has count: 0
TC51.sh on line 1289 has count: 0
TC52.sh on line 1289 has count: 0
TC53.sh on line 1289 has count: 0
TC54.sh on line 1289 has count: 0
TC55.sh on line 1289 has count: 0
TC56.sh on line 1289 has count: 0
TC57.sh on line 1289 has count: 0
TC58.sh on line 1289 has count: 0
TC59.sh on line 1289 has count: 0
TC60.sh on line 1289 has count: 0
TC61.sh on line 1289 has count: 0
TC62.sh on line 1289 has count: 0
TC1.sh on line 1289 has count: 0
TC2.sh on line 1289 has count: 0
TC3.sh on line 1289 has count: 0
TC4.sh on line 1289 has count: 0
TC5.sh on line 1289 has count: 0
TC6.sh on line 1289 has count: 0
TC7.sh on line 1289 has count: 13343
TC8.sh on line 1289 has count: 0
TC9.sh on line 1289 has count: 0
TC10.sh on line 1289 has count: 0
TC11.sh on line 1289 has count: 0
TC12.sh on line 1289 has count: 0
TC13.sh on line 1289 has count: 0
TC14.sh on line 1289 has count: 0
TC15.sh on line 1289 has count: 0
TC17.sh on line 1289 has count: 0
TC18.sh on line 1289 has count: 0
TC19.sh on line 1289 has count: 0
TC20.sh on line 1289 has count: 0
TC21.sh on line 1289 has count: 0
TC22.sh on line 1289 has count: 0
initialization on line 1289 has count: 0
>> Buggy line 1289 is NOT covered by failing TC initialization
Lines executed on initialization saved at lines_executed_at_initialization.txt
>> Reverted brisk.cpp to original from brisk.MUT1583.cpp
>> CCTs are updated in the database
SELECT tc_name, tc_result FROM tc_info WHERE bug_idx = %s [524]
Failing test case TC16.sh executes buggy line opencv_features2d_TF_top30/modules/features2d/src/brisk.cpp#BriskScaleSpace::isMax2D(const int layer, const int x_layer, const int y_layer)#1289
Executed lines by test cases are saved at lines_executed_by_failing_tc.json
Executed lines by test cases are saved at lines_executed_by_passing_tc.json
Executed lines by test cases are saved at lines_executed_by_ccts.json
>> Saving version brisk.MUT1583.cpp to database

+++++ STDERR +++++

+++++ results for mser.MUT844.cpp +++++
+++++ STDOUT +++++
SELECT bug_idx FROM bug_info WHERE subject = %s AND experiment_name = %s AND version = %s ['opencv_features2d_TF_top30', 'TF_top30', 'mser.MUT844.cpp']
SELECT target_code_file, buggy_code_file, pre_start_line FROM bug_info WHERE bug_idx = %s [812]
SELECT tc_name, tc_result FROM tc_info WHERE bug_idx = %s [812]
Testing version mser.MUT844.cpp on faster25.swtv::core7
>> Building opencv_features2d_TF_top30
>> Applied patch to mser.cpp with mser.MUT844.cpp
>> Building opencv_features2d_TF_top30
>> Extracted line2function data from brisk.cpp.ii
>> Extracted line2function data from fast.avx2.cpp.ii
>> Extracted line2function data from fast.cpp.ii
>> Extracted line2function data from fast_score.cpp.ii
>> Extracted line2function data from fed.cpp.ii
>> Extracted line2function data from mser.cpp.ii
>> Reverted mser.cpp to original from mser.MUT844.cpp
>> Extracted line2function data saved to line2function.json
>> Applied patch to mser.cpp with mser.MUT844.cpp
>> Building opencv_features2d_TF_top30
TC32.sh on line 708 has count: 110208
>> Buggy line 708 is covered by failing TC TC32.sh
TC1.sh on line 708 has count: 0
TC2.sh on line 708 has count: 0
TC3.sh on line 708 has count: 0
TC4.sh on line 708 has count: 0
TC5.sh on line 708 has count: 0
TC6.sh on line 708 has count: 0
TC7.sh on line 708 has count: 0
TC8.sh on line 708 has count: 0
TC9.sh on line 708 has count: 0
TC10.sh on line 708 has count: 0
TC11.sh on line 708 has count: 0
TC12.sh on line 708 has count: 0
TC13.sh on line 708 has count: 0
TC14.sh on line 708 has count: 0
TC15.sh on line 708 has count: 0
TC16.sh on line 708 has count: 0
TC17.sh on line 708 has count: 0
TC18.sh on line 708 has count: 0
TC19.sh on line 708 has count: 0
TC20.sh on line 708 has count: 0
TC21.sh on line 708 has count: 0
TC22.sh on line 708 has count: 0
TC23.sh on line 708 has count: 0
TC24.sh on line 708 has count: 0
TC25.sh on line 708 has count: 0
TC26.sh on line 708 has count: 0
TC27.sh on line 708 has count: 0
TC28.sh on line 708 has count: 0
TC29.sh on line 708 has count: 0
TC30.sh on line 708 has count: 0
TC31.sh on line 708 has count: 0
TC33.sh on line 708 has count: 0
TC34.sh on line 708 has count: 0
TC35.sh on line 708 has count: 0
TC36.sh on line 708 has count: 0
TC37.sh on line 708 has count: 0
TC38.sh on line 708 has count: 0
TC39.sh on line 708 has count: 0
TC40.sh on line 708 has count: 0
TC41.sh on line 708 has count: 0
TC42.sh on line 708 has count: 0
TC43.sh on line 708 has count: 0
TC44.sh on line 708 has count: 0
TC45.sh on line 708 has count: 0
TC46.sh on line 708 has count: 0
TC47.sh on line 708 has count: 0
TC48.sh on line 708 has count: 0
TC49.sh on line 708 has count: 0
TC50.sh on line 708 has count: 0
TC51.sh on line 708 has count: 0
TC52.sh on line 708 has count: 0
TC53.sh on line 708 has count: 0
TC54.sh on line 708 has count: 0
TC55.sh on line 708 has count: 0
TC56.sh on line 708 has count: 0
TC57.sh on line 708 has count: 0
TC58.sh on line 708 has count: 0
TC59.sh on line 708 has count: 0
TC60.sh on line 708 has count: 0
TC61.sh on line 708 has count: 0
TC62.sh on line 708 has count: 0
initialization on line 708 has count: 0
>> Buggy line 708 is NOT covered by failing TC initialization
Lines executed on initialization saved at lines_executed_at_initialization.txt
>> Reverted mser.cpp to original from mser.MUT844.cpp
SELECT tc_name, tc_result FROM tc_info WHERE bug_idx = %s [812]
Failing test case TC32.sh executes buggy line opencv_features2d_TF_top30/modules/features2d/src/mser.cpp#preprocessMSER_8uC3(struct cv::MSCRNode * node, struct cv::MSCREdge * edge, double * total, const class cv::Mat & src, class cv::Mat & dx, class cv::Mat & dy, int Ne, int edgeBlurSize)#708
Executed lines by test cases are saved at lines_executed_by_failing_tc.json
Executed lines by test cases are saved at lines_executed_by_passing_tc.json
Executed lines by test cases are saved at lines_executed_by_ccts.json
>> Saving version mser.MUT844.cpp to database

+++++ STDERR +++++

+++++ results for brisk.MUT1526.cpp +++++
+++++ STDOUT +++++
SELECT bug_idx FROM bug_info WHERE subject = %s AND experiment_name = %s AND version = %s ['opencv_features2d_TF_top30', 'TF_top30', 'brisk.MUT1526.cpp']
SELECT target_code_file, buggy_code_file, pre_start_line FROM bug_info WHERE bug_idx = %s [1082]
SELECT tc_name, tc_result FROM tc_info WHERE bug_idx = %s [1082]
Testing version brisk.MUT1526.cpp on faster25.swtv::core7
>> Building opencv_features2d_TF_top30
>> Applied patch to brisk.cpp with brisk.MUT1526.cpp
>> Building opencv_features2d_TF_top30
>> Extracted line2function data from brisk.cpp.ii
>> Extracted line2function data from fast.avx2.cpp.ii
>> Extracted line2function data from fast.cpp.ii
>> Extracted line2function data from fast_score.cpp.ii
>> Extracted line2function data from fed.cpp.ii
>> Extracted line2function data from mser.cpp.ii
>> Reverted brisk.cpp to original from brisk.MUT1526.cpp
>> Extracted line2function data saved to line2function.json
>> Applied patch to brisk.cpp with brisk.MUT1526.cpp
>> Building opencv_features2d_TF_top30
TC16.sh on line 1256 has count: 2398
>> Buggy line 1256 is covered by failing TC TC16.sh
TC1.sh on line 1256 has count: 0
TC2.sh on line 1256 has count: 0
TC3.sh on line 1256 has count: 0
TC4.sh on line 1256 has count: 0
TC5.sh on line 1256 has count: 0
TC6.sh on line 1256 has count: 0
TC7.sh on line 1256 has count: 18583
TC8.sh on line 1256 has count: 0
TC9.sh on line 1256 has count: 0
TC10.sh on line 1256 has count: 0
TC11.sh on line 1256 has count: 0
TC12.sh on line 1256 has count: 0
TC13.sh on line 1256 has count: 0
TC14.sh on line 1256 has count: 0
TC15.sh on line 1256 has count: 0
TC17.sh on line 1256 has count: 0
TC18.sh on line 1256 has count: 0
TC19.sh on line 1256 has count: 0
TC20.sh on line 1256 has count: 0
TC21.sh on line 1256 has count: 0
TC22.sh on line 1256 has count: 0
TC23.sh on line 1256 has count: 0
TC24.sh on line 1256 has count: 0
TC25.sh on line 1256 has count: 0
TC26.sh on line 1256 has count: 0
TC27.sh on line 1256 has count: 2398
TC28.sh on line 1256 has count: 0
TC29.sh on line 1256 has count: 0
TC30.sh on line 1256 has count: 0
TC31.sh on line 1256 has count: 0
TC32.sh on line 1256 has count: 0
TC33.sh on line 1256 has count: 0
TC34.sh on line 1256 has count: 0
TC35.sh on line 1256 has count: 0
TC36.sh on line 1256 has count: 0
TC37.sh on line 1256 has count: 0
TC38.sh on line 1256 has count: 0
TC39.sh on line 1256 has count: 0
TC40.sh on line 1256 has count: 0
TC41.sh on line 1256 has count: 0
TC42.sh on line 1256 has count: 0
TC43.sh on line 1256 has count: 0
TC44.sh on line 1256 has count: 0
TC45.sh on line 1256 has count: 0
TC46.sh on line 1256 has count: 0
TC47.sh on line 1256 has count: 108
TC48.sh on line 1256 has count: 0
TC49.sh on line 1256 has count: 14823
TC50.sh on line 1256 has count: 0
TC51.sh on line 1256 has count: 0
TC52.sh on line 1256 has count: 0
TC53.sh on line 1256 has count: 0
TC54.sh on line 1256 has count: 0
TC55.sh on line 1256 has count: 0
TC56.sh on line 1256 has count: 0
TC57.sh on line 1256 has count: 0
TC58.sh on line 1256 has count: 0
TC59.sh on line 1256 has count: 0
TC60.sh on line 1256 has count: 0
TC61.sh on line 1256 has count: 0
TC62.sh on line 1256 has count: 0
initialization on line 1256 has count: 0
>> Buggy line 1256 is NOT covered by failing TC initialization
Lines executed on initialization saved at lines_executed_at_initialization.txt
>> Reverted brisk.cpp to original from brisk.MUT1526.cpp
>> CCTs are updated in the database
SELECT tc_name, tc_result FROM tc_info WHERE bug_idx = %s [1082]
Failing test case TC16.sh executes buggy line opencv_features2d_TF_top30/modules/features2d/src/brisk.cpp#BriskScaleSpace::isMax2D(const int layer, const int x_layer, const int y_layer)#1256
Executed lines by test cases are saved at lines_executed_by_failing_tc.json
Executed lines by test cases are saved at lines_executed_by_passing_tc.json
Executed lines by test cases are saved at lines_executed_by_ccts.json
>> Saving version brisk.MUT1526.cpp to database

+++++ STDERR +++++

+++++ results for mser.MUT908.cpp +++++
+++++ STDOUT +++++
SELECT bug_idx FROM bug_info WHERE subject = %s AND experiment_name = %s AND version = %s ['opencv_features2d_TF_top30', 'TF_top30', 'mser.MUT908.cpp']
SELECT target_code_file, buggy_code_file, pre_start_line FROM bug_info WHERE bug_idx = %s [1373]
SELECT tc_name, tc_result FROM tc_info WHERE bug_idx = %s [1373]
Testing version mser.MUT908.cpp on faster25.swtv::core7
>> Building opencv_features2d_TF_top30
>> Applied patch to mser.cpp with mser.MUT908.cpp
>> Building opencv_features2d_TF_top30
>> Extracted line2function data from brisk.cpp.ii
>> Extracted line2function data from fast.avx2.cpp.ii
>> Extracted line2function data from fast.cpp.ii
>> Extracted line2function data from fast_score.cpp.ii
>> Extracted line2function data from fed.cpp.ii
>> Extracted line2function data from mser.cpp.ii
>> Reverted mser.cpp to original from mser.MUT908.cpp
>> Extracted line2function data saved to line2function.json
>> Applied patch to mser.cpp with mser.MUT908.cpp
>> Building opencv_features2d_TF_top30
TC32.sh on line 738 has count: 1
>> Buggy line 738 is covered by failing TC TC32.sh
TC1.sh on line 738 has count: 0
TC2.sh on line 738 has count: 0
TC3.sh on line 738 has count: 0
TC4.sh on line 738 has count: 0
TC5.sh on line 738 has count: 0
TC6.sh on line 738 has count: 0
TC7.sh on line 738 has count: 0
TC8.sh on line 738 has count: 0
TC9.sh on line 738 has count: 0
TC10.sh on line 738 has count: 0
TC11.sh on line 738 has count: 0
TC12.sh on line 738 has count: 0
TC13.sh on line 738 has count: 0
TC14.sh on line 738 has count: 0
TC15.sh on line 738 has count: 0
TC16.sh on line 738 has count: 0
TC17.sh on line 738 has count: 0
TC18.sh on line 738 has count: 0
TC19.sh on line 738 has count: 0
TC20.sh on line 738 has count: 0
TC21.sh on line 738 has count: 0
TC22.sh on line 738 has count: 0
TC23.sh on line 738 has count: 0
TC24.sh on line 738 has count: 0
TC25.sh on line 738 has count: 0
TC26.sh on line 738 has count: 0
TC27.sh on line 738 has count: 0
TC28.sh on line 738 has count: 0
TC29.sh on line 738 has count: 0
TC30.sh on line 738 has count: 0
TC31.sh on line 738 has count: 0
TC33.sh on line 738 has count: 0
TC34.sh on line 738 has count: 0
TC35.sh on line 738 has count: 0
TC36.sh on line 738 has count: 0
TC37.sh on line 738 has count: 0
TC38.sh on line 738 has count: 0
TC39.sh on line 738 has count: 0
TC40.sh on line 738 has count: 0
TC41.sh on line 738 has count: 0
TC42.sh on line 738 has count: 0
TC43.sh on line 738 has count: 0
TC44.sh on line 738 has count: 0
TC45.sh on line 738 has count: 0
TC46.sh on line 738 has count: 0
TC47.sh on line 738 has count: 0
TC48.sh on line 738 has count: 0
TC49.sh on line 738 has count: 0
TC50.sh on line 738 has count: 0
TC51.sh on line 738 has count: 0
TC52.sh on line 738 has count: 0
TC53.sh on line 738 has count: 0
TC54.sh on line 738 has count: 0
TC55.sh on line 738 has count: 0
TC56.sh on line 738 has count: 0
TC57.sh on line 738 has count: 0
TC58.sh on line 738 has count: 0
TC59.sh on line 738 has count: 0
TC60.sh on line 738 has count: 0
TC61.sh on line 738 has count: 0
TC62.sh on line 738 has count: 0
initialization on line 738 has count: 0
>> Buggy line 738 is NOT covered by failing TC initialization
Lines executed on initialization saved at lines_executed_at_initialization.txt
>> Reverted mser.cpp to original from mser.MUT908.cpp
SELECT tc_name, tc_result FROM tc_info WHERE bug_idx = %s [1373]
Failing test case TC32.sh executes buggy line opencv_features2d_TF_top30/modules/features2d/src/mser.cpp#preprocessMSER_8uC3(struct cv::MSCRNode * node, struct cv::MSCREdge * edge, double * total, const class cv::Mat & src, class cv::Mat & dx, class cv::Mat & dy, int Ne, int edgeBlurSize)#738
Executed lines by test cases are saved at lines_executed_by_failing_tc.json
Executed lines by test cases are saved at lines_executed_by_passing_tc.json
Executed lines by test cases are saved at lines_executed_by_ccts.json
>> Saving version mser.MUT908.cpp to database

+++++ STDERR +++++

+++++ results for brisk.MUT2763.cpp +++++
+++++ STDOUT +++++
SELECT bug_idx FROM bug_info WHERE subject = %s AND experiment_name = %s AND version = %s ['opencv_features2d_TF_top30', 'TF_top30', 'brisk.MUT2763.cpp']
SELECT target_code_file, buggy_code_file, pre_start_line FROM bug_info WHERE bug_idx = %s [1641]
SELECT tc_name, tc_result FROM tc_info WHERE bug_idx = %s [1641]
Testing version brisk.MUT2763.cpp on faster25.swtv::core7
>> Building opencv_features2d_TF_top30
>> Applied patch to brisk.cpp with brisk.MUT2763.cpp
>> Building opencv_features2d_TF_top30
>> Extracted line2function data from brisk.cpp.ii
>> Extracted line2function data from fast.avx2.cpp.ii
>> Extracted line2function data from fast.cpp.ii
>> Extracted line2function data from fast_score.cpp.ii
>> Extracted line2function data from fed.cpp.ii
>> Extracted line2function data from mser.cpp.ii
>> Reverted brisk.cpp to original from brisk.MUT2763.cpp
>> Extracted line2function data saved to line2function.json
>> Applied patch to brisk.cpp with brisk.MUT2763.cpp
>> Building opencv_features2d_TF_top30
TC16.sh on line 1972 has count: 295
>> Buggy line 1972 is covered by failing TC TC16.sh
TC49.sh on line 1972 has count: 2045
>> Buggy line 1972 is covered by failing TC TC49.sh
TC2.sh on line 1972 has count: 0
TC3.sh on line 1972 has count: 0
TC4.sh on line 1972 has count: 0
TC5.sh on line 1972 has count: 0
TC6.sh on line 1972 has count: 0
TC7.sh on line 1972 has count: 3798
TC8.sh on line 1972 has count: 0
TC9.sh on line 1972 has count: 0
TC10.sh on line 1972 has count: 0
TC11.sh on line 1972 has count: 0
TC12.sh on line 1972 has count: 0
TC13.sh on line 1972 has count: 0
TC14.sh on line 1972 has count: 0
TC15.sh on line 1972 has count: 0
TC17.sh on line 1972 has count: 0
TC18.sh on line 1972 has count: 0
TC19.sh on line 1972 has count: 0
TC20.sh on line 1972 has count: 0
TC21.sh on line 1972 has count: 0
TC22.sh on line 1972 has count: 0
TC23.sh on line 1972 has count: 0
TC24.sh on line 1972 has count: 0
TC25.sh on line 1972 has count: 0
TC26.sh on line 1972 has count: 0
TC27.sh on line 1972 has count: 295
TC28.sh on line 1972 has count: 0
TC29.sh on line 1972 has count: 0
TC30.sh on line 1972 has count: 0
TC31.sh on line 1972 has count: 0
TC32.sh on line 1972 has count: 0
TC33.sh on line 1972 has count: 0
TC34.sh on line 1972 has count: 0
TC35.sh on line 1972 has count: 0
TC36.sh on line 1972 has count: 0
TC37.sh on line 1972 has count: 0
TC38.sh on line 1972 has count: 0
TC39.sh on line 1972 has count: 0
TC40.sh on line 1972 has count: 0
TC41.sh on line 1972 has count: 0
TC42.sh on line 1972 has count: 0
TC43.sh on line 1972 has count: 0
TC44.sh on line 1972 has count: 0
TC45.sh on line 1972 has count: 0
TC46.sh on line 1972 has count: 0
TC47.sh on line 1972 has count: 10
TC48.sh on line 1972 has count: 0
TC50.sh on line 1972 has count: 0
TC51.sh on line 1972 has count: 0
TC52.sh on line 1972 has count: 0
TC53.sh on line 1972 has count: 0
TC54.sh on line 1972 has count: 0
TC55.sh on line 1972 has count: 0
TC56.sh on line 1972 has count: 0
TC57.sh on line 1972 has count: 0
TC58.sh on line 1972 has count: 0
TC59.sh on line 1972 has count: 0
TC60.sh on line 1972 has count: 0
TC61.sh on line 1972 has count: 0
TC62.sh on line 1972 has count: 0
TC1.sh on line 1972 has count: 0
initialization on line 1972 has count: 0
>> Buggy line 1972 is NOT covered by failing TC initialization
Lines executed on initialization saved at lines_executed_at_initialization.txt
>> Reverted brisk.cpp to original from brisk.MUT2763.cpp
>> CCTs are updated in the database
SELECT tc_name, tc_result FROM tc_info WHERE bug_idx = %s [1641]
Failing test case TC16.sh executes buggy line opencv_features2d_TF_top30/modules/features2d/src/brisk.cpp#BriskScaleSpace::refine1D_1(const float s_05, const float s0, const float s05, float & max)#1972
Failing test case TC49.sh executes buggy line opencv_features2d_TF_top30/modules/features2d/src/brisk.cpp#BriskScaleSpace::refine1D_1(const float s_05, const float s0, const float s05, float & max)#1972
Executed lines by test cases are saved at lines_executed_by_failing_tc.json
Executed lines by test cases are saved at lines_executed_by_passing_tc.json
Executed lines by test cases are saved at lines_executed_by_ccts.json
>> Saving version brisk.MUT2763.cpp to database

+++++ STDERR +++++

+++++ results for brisk.MUT838.cpp +++++
+++++ STDOUT +++++
SELECT bug_idx FROM bug_info WHERE subject = %s AND experiment_name = %s AND version = %s ['opencv_features2d_TF_top30', 'TF_top30', 'brisk.MUT838.cpp']
SELECT target_code_file, buggy_code_file, pre_start_line FROM bug_info WHERE bug_idx = %s [1919]
SELECT tc_name, tc_result FROM tc_info WHERE bug_idx = %s [1919]
Testing version brisk.MUT838.cpp on faster25.swtv::core7
>> Building opencv_features2d_TF_top30
>> Applied patch to brisk.cpp with brisk.MUT838.cpp
>> Building opencv_features2d_TF_top30
>> Extracted line2function data from brisk.cpp.ii
>> Extracted line2function data from fast.avx2.cpp.ii
>> Extracted line2function data from fast.cpp.ii
>> Extracted line2function data from fast_score.cpp.ii
>> Extracted line2function data from fed.cpp.ii
>> Extracted line2function data from mser.cpp.ii
>> Reverted brisk.cpp to original from brisk.MUT838.cpp
>> Extracted line2function data saved to line2function.json
>> Applied patch to brisk.cpp with brisk.MUT838.cpp
>> Building opencv_features2d_TF_top30
TC9.sh on line 791 has count: 2
>> Buggy line 791 is covered by failing TC TC9.sh
TC1.sh on line 791 has count: 0
TC2.sh on line 791 has count: 0
TC3.sh on line 791 has count: 0
TC4.sh on line 791 has count: 0
TC5.sh on line 791 has count: 0
TC6.sh on line 791 has count: 0
TC7.sh on line 791 has count: 0
TC8.sh on line 791 has count: 0
TC10.sh on line 791 has count: 0
TC11.sh on line 791 has count: 0
TC12.sh on line 791 has count: 0
TC13.sh on line 791 has count: 0
TC14.sh on line 791 has count: 0
TC15.sh on line 791 has count: 0
TC16.sh on line 791 has count: 0
TC17.sh on line 791 has count: 0
TC18.sh on line 791 has count: 0
TC19.sh on line 791 has count: 0
TC20.sh on line 791 has count: 0
TC21.sh on line 791 has count: 0
TC22.sh on line 791 has count: 0
TC23.sh on line 791 has count: 0
TC24.sh on line 791 has count: 0
TC25.sh on line 791 has count: 0
TC26.sh on line 791 has count: 0
TC27.sh on line 791 has count: 0
TC28.sh on line 791 has count: 0
TC29.sh on line 791 has count: 0
TC30.sh on line 791 has count: 0
TC31.sh on line 791 has count: 0
TC32.sh on line 791 has count: 0
TC33.sh on line 791 has count: 0
TC34.sh on line 791 has count: 0
TC35.sh on line 791 has count: 0
TC36.sh on line 791 has count: 0
TC37.sh on line 791 has count: 0
TC38.sh on line 791 has count: 0
TC39.sh on line 791 has count: 0
TC40.sh on line 791 has count: 0
TC41.sh on line 791 has count: 0
TC42.sh on line 791 has count: 0
TC43.sh on line 791 has count: 0
TC44.sh on line 791 has count: 0
TC45.sh on line 791 has count: 0
TC46.sh on line 791 has count: 0
TC47.sh on line 791 has count: 1
TC48.sh on line 791 has count: 0
TC49.sh on line 791 has count: 0
TC50.sh on line 791 has count: 0
TC51.sh on line 791 has count: 0
TC52.sh on line 791 has count: 0
TC53.sh on line 791 has count: 0
TC54.sh on line 791 has count: 0
TC55.sh on line 791 has count: 0
TC56.sh on line 791 has count: 0
TC57.sh on line 791 has count: 0
TC58.sh on line 791 has count: 0
TC59.sh on line 791 has count: 0
TC60.sh on line 791 has count: 0
TC61.sh on line 791 has count: 0
TC62.sh on line 791 has count: 0
initialization on line 791 has count: 0
>> Buggy line 791 is NOT covered by failing TC initialization
Lines executed on initialization saved at lines_executed_at_initialization.txt
>> Reverted brisk.cpp to original from brisk.MUT838.cpp
>> CCTs are updated in the database
SELECT tc_name, tc_result FROM tc_info WHERE bug_idx = %s [1919]
Failing test case TC9.sh executes buggy line opencv_features2d_TF_top30/modules/features2d/src/brisk.cpp#BRISK_Impl::computeDescriptorsAndOrOrientation(cv::InputArray _image, cv::InputArray _mask, int & keypoints, cv::OutputArray _descriptors, _Bool doDescriptors, _Bool doOrientation, _Bool useProvidedKeypoints)#791
Executed lines by test cases are saved at lines_executed_by_failing_tc.json
Executed lines by test cases are saved at lines_executed_by_passing_tc.json
Executed lines by test cases are saved at lines_executed_by_ccts.json
>> Saving version brisk.MUT838.cpp to database

+++++ STDERR +++++

+++++ results for mser.MUT924.cpp +++++
+++++ STDOUT +++++
SELECT bug_idx FROM bug_info WHERE subject = %s AND experiment_name = %s AND version = %s ['opencv_features2d_TF_top30', 'TF_top30', 'mser.MUT924.cpp']
SELECT target_code_file, buggy_code_file, pre_start_line FROM bug_info WHERE bug_idx = %s [786]
SELECT tc_name, tc_result FROM tc_info WHERE bug_idx = %s [786]
Testing version mser.MUT924.cpp on faster25.swtv::core7
>> Building opencv_features2d_TF_top30
>> Applied patch to mser.cpp with mser.MUT924.cpp
>> Building opencv_features2d_TF_top30
>> Extracted line2function data from brisk.cpp.ii
>> Extracted line2function data from fast.avx2.cpp.ii
>> Extracted line2function data from fast.cpp.ii
>> Extracted line2function data from fast_score.cpp.ii
>> Extracted line2function data from fed.cpp.ii
>> Extracted line2function data from mser.cpp.ii
>> Reverted mser.cpp to original from mser.MUT924.cpp
>> Extracted line2function data saved to line2function.json
>> Applied patch to mser.cpp with mser.MUT924.cpp
>> Building opencv_features2d_TF_top30
TC32.sh on line 743 has count: 382
>> Buggy line 743 is covered by failing TC TC32.sh
TC1.sh on line 743 has count: 0
TC2.sh on line 743 has count: 0
TC3.sh on line 743 has count: 0
TC4.sh on line 743 has count: 0
TC5.sh on line 743 has count: 0
TC6.sh on line 743 has count: 0
TC7.sh on line 743 has count: 0
TC8.sh on line 743 has count: 0
TC9.sh on line 743 has count: 0
TC10.sh on line 743 has count: 0
TC11.sh on line 743 has count: 0
TC12.sh on line 743 has count: 0
TC13.sh on line 743 has count: 0
TC14.sh on line 743 has count: 0
TC15.sh on line 743 has count: 0
TC16.sh on line 743 has count: 0
TC17.sh on line 743 has count: 0
TC18.sh on line 743 has count: 0
TC19.sh on line 743 has count: 0
TC20.sh on line 743 has count: 0
TC21.sh on line 743 has count: 0
TC22.sh on line 743 has count: 0
TC23.sh on line 743 has count: 0
TC24.sh on line 743 has count: 0
TC25.sh on line 743 has count: 0
TC26.sh on line 743 has count: 0
TC27.sh on line 743 has count: 0
TC28.sh on line 743 has count: 0
TC29.sh on line 743 has count: 0
TC30.sh on line 743 has count: 0
TC31.sh on line 743 has count: 0
TC33.sh on line 743 has count: 0
TC34.sh on line 743 has count: 0
TC35.sh on line 743 has count: 0
TC36.sh on line 743 has count: 0
TC37.sh on line 743 has count: 0
TC38.sh on line 743 has count: 0
TC39.sh on line 743 has count: 0
TC40.sh on line 743 has count: 0
TC41.sh on line 743 has count: 0
TC42.sh on line 743 has count: 0
TC43.sh on line 743 has count: 0
TC44.sh on line 743 has count: 0
TC45.sh on line 743 has count: 0
TC46.sh on line 743 has count: 0
TC47.sh on line 743 has count: 0
TC48.sh on line 743 has count: 0
TC49.sh on line 743 has count: 0
TC50.sh on line 743 has count: 0
TC51.sh on line 743 has count: 0
TC52.sh on line 743 has count: 0
TC53.sh on line 743 has count: 0
TC54.sh on line 743 has count: 0
TC55.sh on line 743 has count: 0
TC56.sh on line 743 has count: 0
TC57.sh on line 743 has count: 0
TC58.sh on line 743 has count: 0
TC59.sh on line 743 has count: 0
TC60.sh on line 743 has count: 0
TC61.sh on line 743 has count: 0
TC62.sh on line 743 has count: 0
initialization on line 743 has count: 0
>> Buggy line 743 is NOT covered by failing TC initialization
Lines executed on initialization saved at lines_executed_at_initialization.txt
>> Reverted mser.cpp to original from mser.MUT924.cpp
SELECT tc_name, tc_result FROM tc_info WHERE bug_idx = %s [786]
Failing test case TC32.sh executes buggy line opencv_features2d_TF_top30/modules/features2d/src/mser.cpp#preprocessMSER_8uC3(struct cv::MSCRNode * node, struct cv::MSCREdge * edge, double * total, const class cv::Mat & src, class cv::Mat & dx, class cv::Mat & dy, int Ne, int edgeBlurSize)#743
Executed lines by test cases are saved at lines_executed_by_failing_tc.json
Executed lines by test cases are saved at lines_executed_by_passing_tc.json
Executed lines by test cases are saved at lines_executed_by_ccts.json
>> Saving version mser.MUT924.cpp to database

+++++ STDERR +++++

+++++ results for brisk.MUT1852.cpp +++++
+++++ STDOUT +++++
SELECT bug_idx FROM bug_info WHERE subject = %s AND experiment_name = %s AND version = %s ['opencv_features2d_TF_top30', 'TF_top30', 'brisk.MUT1852.cpp']
SELECT target_code_file, buggy_code_file, pre_start_line FROM bug_info WHERE bug_idx = %s [1602]
SELECT tc_name, tc_result FROM tc_info WHERE bug_idx = %s [1602]
Testing version brisk.MUT1852.cpp on faster25.swtv::core7
>> Building opencv_features2d_TF_top30
>> Applied patch to brisk.cpp with brisk.MUT1852.cpp
>> Building opencv_features2d_TF_top30
>> Extracted line2function data from brisk.cpp.ii
>> Extracted line2function data from fast.avx2.cpp.ii
>> Extracted line2function data from fast.cpp.ii
>> Extracted line2function data from fast_score.cpp.ii
>> Extracted line2function data from fed.cpp.ii
>> Extracted line2function data from mser.cpp.ii
>> Reverted brisk.cpp to original from brisk.MUT1852.cpp
>> Extracted line2function data saved to line2function.json
>> Applied patch to brisk.cpp with brisk.MUT1852.cpp
>> Building opencv_features2d_TF_top30
TC16.sh on line 1431 has count: 584
>> Buggy line 1431 is covered by failing TC TC16.sh
TC1.sh on line 1431 has count: 0
TC2.sh on line 1431 has count: 0
TC3.sh on line 1431 has count: 0
TC4.sh on line 1431 has count: 0
TC5.sh on line 1431 has count: 0
TC6.sh on line 1431 has count: 0
TC7.sh on line 1431 has count: 4144
TC8.sh on line 1431 has count: 0
TC9.sh on line 1431 has count: 0
TC10.sh on line 1431 has count: 0
TC11.sh on line 1431 has count: 0
TC12.sh on line 1431 has count: 0
TC13.sh on line 1431 has count: 0
TC14.sh on line 1431 has count: 0
TC15.sh on line 1431 has count: 0
TC17.sh on line 1431 has count: 0
TC18.sh on line 1431 has count: 0
TC19.sh on line 1431 has count: 0
TC20.sh on line 1431 has count: 0
TC21.sh on line 1431 has count: 0
TC22.sh on line 1431 has count: 0
TC23.sh on line 1431 has count: 0
TC24.sh on line 1431 has count: 0
TC25.sh on line 1431 has count: 0
TC26.sh on line 1431 has count: 0
TC27.sh on line 1431 has count: 584
TC28.sh on line 1431 has count: 0
TC29.sh on line 1431 has count: 0
TC30.sh on line 1431 has count: 0
TC31.sh on line 1431 has count: 0
TC32.sh on line 1431 has count: 0
TC33.sh on line 1431 has count: 0
TC34.sh on line 1431 has count: 0
TC35.sh on line 1431 has count: 0
TC36.sh on line 1431 has count: 0
TC37.sh on line 1431 has count: 0
TC38.sh on line 1431 has count: 0
TC39.sh on line 1431 has count: 0
TC40.sh on line 1431 has count: 0
TC41.sh on line 1431 has count: 0
TC42.sh on line 1431 has count: 0
TC43.sh on line 1431 has count: 0
TC44.sh on line 1431 has count: 0
TC45.sh on line 1431 has count: 0
TC46.sh on line 1431 has count: 0
TC47.sh on line 1431 has count: 27
TC48.sh on line 1431 has count: 0
TC49.sh on line 1431 has count: 3434
TC50.sh on line 1431 has count: 0
TC51.sh on line 1431 has count: 0
TC52.sh on line 1431 has count: 0
TC53.sh on line 1431 has count: 0
TC54.sh on line 1431 has count: 0
TC55.sh on line 1431 has count: 0
TC56.sh on line 1431 has count: 0
TC57.sh on line 1431 has count: 0
TC58.sh on line 1431 has count: 0
TC59.sh on line 1431 has count: 0
TC60.sh on line 1431 has count: 0
TC61.sh on line 1431 has count: 0
TC62.sh on line 1431 has count: 0
initialization on line 1431 has count: 0
>> Buggy line 1431 is NOT covered by failing TC initialization
Lines executed on initialization saved at lines_executed_at_initialization.txt
>> Reverted brisk.cpp to original from brisk.MUT1852.cpp
>> CCTs are updated in the database
SELECT tc_name, tc_result FROM tc_info WHERE bug_idx = %s [1602]
Failing test case TC16.sh executes buggy line opencv_features2d_TF_top30/modules/features2d/src/brisk.cpp#BriskScaleSpace::refine3D(const int layer, const int x_layer, const int y_layer, float & x, float & y, float & scale, _Bool & ismax)#1431
Executed lines by test cases are saved at lines_executed_by_failing_tc.json
Executed lines by test cases are saved at lines_executed_by_passing_tc.json
Executed lines by test cases are saved at lines_executed_by_ccts.json
>> Saving version brisk.MUT1852.cpp to database
>> Cleaning build for opencv_features2d_TF_top30

+++++ STDERR +++++
