
+++++ results for fast.MUT327.cpp +++++
+++++ STDOUT +++++
SELECT bug_idx FROM bug_info WHERE subject = %s AND experiment_name = %s AND version = %s ['opencv_features2d_TF_top30', 'TF_top30', 'fast.MUT327.cpp']
SELECT target_code_file, buggy_code_file, pre_start_line FROM bug_info WHERE bug_idx = %s [228]
SELECT tc_name, tc_result FROM tc_info WHERE bug_idx = %s [228]
Testing version fast.MUT327.cpp on faster26.swtv::core7
>> Configuring opencv_features2d_TF_top30 with coverage
>> Building opencv_features2d_TF_top30
>> Applied patch to fast.cpp with fast.MUT327.cpp
>> Building opencv_features2d_TF_top30
>> Extracted line2function data from brisk.cpp.ii
>> Extracted line2function data from fast.avx2.cpp.ii
>> Extracted line2function data from fast.cpp.ii
>> Extracted line2function data from fast_score.cpp.ii
>> Extracted line2function data from fed.cpp.ii
>> Extracted line2function data from mser.cpp.ii
>> Reverted fast.cpp to original from fast.MUT327.cpp
>> Extracted line2function data saved to line2function.json
>> Applied patch to fast.cpp with fast.MUT327.cpp
>> Building opencv_features2d_TF_top30
TC17.sh on line 269 has count: 4
>> Buggy line 269 is covered by failing TC TC17.sh
TC22.sh on line 269 has count: 4
>> Buggy line 269 is covered by failing TC TC22.sh
TC26.sh on line 269 has count: 6
>> Buggy line 269 is covered by failing TC TC26.sh
TC33.sh on line 269 has count: 572
>> Buggy line 269 is covered by failing TC TC33.sh
TC1.sh on line 269 has count: 0
TC2.sh on line 269 has count: 0
TC3.sh on line 269 has count: 0
TC4.sh on line 269 has count: 0
TC5.sh on line 269 has count: 0
TC6.sh on line 269 has count: 0
TC7.sh on line 269 has count: 0
TC8.sh on line 269 has count: 0
TC9.sh on line 269 has count: 0
TC10.sh on line 269 has count: 0
TC11.sh on line 269 has count: 0
TC12.sh on line 269 has count: 0
TC13.sh on line 269 has count: 0
TC15.sh on line 269 has count: 0
TC16.sh on line 269 has count: 0
TC18.sh on line 269 has count: 0
TC19.sh on line 269 has count: 0
TC20.sh on line 269 has count: 0
TC21.sh on line 269 has count: 0
TC23.sh on line 269 has count: 0
TC24.sh on line 269 has count: 0
TC25.sh on line 269 has count: 0
TC27.sh on line 269 has count: 0
TC28.sh on line 269 has count: 566
TC29.sh on line 269 has count: 0
TC30.sh on line 269 has count: 0
TC31.sh on line 269 has count: 0
TC32.sh on line 269 has count: 0
TC34.sh on line 269 has count: 0
TC35.sh on line 269 has count: 0
TC36.sh on line 269 has count: 0
TC37.sh on line 269 has count: 0
TC38.sh on line 269 has count: 0
TC39.sh on line 269 has count: 0
TC40.sh on line 269 has count: 0
TC42.sh on line 269 has count: 0
TC44.sh on line 269 has count: 0
TC45.sh on line 269 has count: 0
TC46.sh on line 269 has count: 0
TC48.sh on line 269 has count: 0
TC49.sh on line 269 has count: 0
TC51.sh on line 269 has count: 0
TC52.sh on line 269 has count: 0
TC53.sh on line 269 has count: 0
TC54.sh on line 269 has count: 0
TC55.sh on line 269 has count: 0
TC56.sh on line 269 has count: 0
TC57.sh on line 269 has count: 0
TC58.sh on line 269 has count: 0
TC59.sh on line 269 has count: 0
TC60.sh on line 269 has count: 0
TC61.sh on line 269 has count: 0
TC62.sh on line 269 has count: 0
initialization on line 269 has count: 0
>> Buggy line 269 is NOT covered by failing TC initialization
Lines executed on initialization saved at lines_executed_at_initialization.txt
>> Reverted fast.cpp to original from fast.MUT327.cpp
>> CCTs are updated in the database
SELECT tc_name, tc_result FROM tc_info WHERE bug_idx = %s [228]
Failing test case TC17.sh executes buggy line opencv_features2d_TF_top30/modules/features2d/src/fast.cpp#FAST_t(cv::InputArray _img, int & keypoints, int threshold, _Bool nonmax_suppression)#269
Failing test case TC22.sh executes buggy line opencv_features2d_TF_top30/modules/features2d/src/fast.cpp#FAST_t(cv::InputArray _img, int & keypoints, int threshold, _Bool nonmax_suppression)#269
Failing test case TC26.sh executes buggy line opencv_features2d_TF_top30/modules/features2d/src/fast.cpp#FAST_t(cv::InputArray _img, int & keypoints, int threshold, _Bool nonmax_suppression)#269
Failing test case TC33.sh executes buggy line opencv_features2d_TF_top30/modules/features2d/src/fast.cpp#FAST_t(cv::InputArray _img, int & keypoints, int threshold, _Bool nonmax_suppression)#269
Executed lines by test cases are saved at lines_executed_by_failing_tc.json
Executed lines by test cases are saved at lines_executed_by_passing_tc.json
Executed lines by test cases are saved at lines_executed_by_ccts.json
>> Saving version fast.MUT327.cpp to database

+++++ STDERR +++++

+++++ results for mser.MUT18.cpp +++++
+++++ STDOUT +++++
SELECT bug_idx FROM bug_info WHERE subject = %s AND experiment_name = %s AND version = %s ['opencv_features2d_TF_top30', 'TF_top30', 'mser.MUT18.cpp']
SELECT target_code_file, buggy_code_file, pre_start_line FROM bug_info WHERE bug_idx = %s [534]
SELECT tc_name, tc_result FROM tc_info WHERE bug_idx = %s [534]
Testing version mser.MUT18.cpp on faster26.swtv::core7
>> Building opencv_features2d_TF_top30
>> Applied patch to mser.cpp with mser.MUT18.cpp
>> Building opencv_features2d_TF_top30
>> Extracted line2function data from brisk.cpp.ii
>> Extracted line2function data from fast.avx2.cpp.ii
>> Extracted line2function data from fast.cpp.ii
>> Extracted line2function data from fast_score.cpp.ii
>> Extracted line2function data from fed.cpp.ii
>> Extracted line2function data from mser.cpp.ii
>> Reverted mser.cpp to original from mser.MUT18.cpp
>> Extracted line2function data saved to line2function.json
>> Applied patch to mser.cpp with mser.MUT18.cpp
>> Building opencv_features2d_TF_top30
TC32.sh on line 67 has count: 1
>> Buggy line 67 is covered by failing TC TC32.sh
TC1.sh on line 67 has count: 0
TC2.sh on line 67 has count: 0
TC3.sh on line 67 has count: 0
TC4.sh on line 67 has count: 0
TC5.sh on line 67 has count: 0
TC6.sh on line 67 has count: 0
TC7.sh on line 67 has count: 0
TC8.sh on line 67 has count: 0
TC9.sh on line 67 has count: 0
TC10.sh on line 67 has count: 0
TC11.sh on line 67 has count: 0
TC12.sh on line 67 has count: 0
TC13.sh on line 67 has count: 0
TC14.sh on line 67 has count: 0
TC15.sh on line 67 has count: 0
TC16.sh on line 67 has count: 0
TC17.sh on line 67 has count: 0
TC18.sh on line 67 has count: 0
TC19.sh on line 67 has count: 0
TC20.sh on line 67 has count: 0
TC21.sh on line 67 has count: 0
TC22.sh on line 67 has count: 0
TC23.sh on line 67 has count: 0
TC24.sh on line 67 has count: 0
TC25.sh on line 67 has count: 0
TC26.sh on line 67 has count: 0
TC27.sh on line 67 has count: 0
TC28.sh on line 67 has count: 0
TC29.sh on line 67 has count: 0
TC30.sh on line 67 has count: 0
TC31.sh on line 67 has count: 0
TC33.sh on line 67 has count: 0
TC34.sh on line 67 has count: 0
TC35.sh on line 67 has count: 0
TC36.sh on line 67 has count: 0
TC37.sh on line 67 has count: 0
TC38.sh on line 67 has count: 0
TC39.sh on line 67 has count: 0
TC40.sh on line 67 has count: 180
TC41.sh on line 67 has count: 0
TC42.sh on line 67 has count: 0
TC43.sh on line 67 has count: 0
TC44.sh on line 67 has count: 0
TC45.sh on line 67 has count: 0
TC46.sh on line 67 has count: 0
TC47.sh on line 67 has count: 0
TC48.sh on line 67 has count: 0
TC49.sh on line 67 has count: 0
TC50.sh on line 67 has count: 0
TC51.sh on line 67 has count: 0
TC52.sh on line 67 has count: 0
TC53.sh on line 67 has count: 0
TC54.sh on line 67 has count: 0
TC55.sh on line 67 has count: 0
TC56.sh on line 67 has count: 0
TC57.sh on line 67 has count: 0
TC58.sh on line 67 has count: 0
TC59.sh on line 67 has count: 0
TC60.sh on line 67 has count: 0
TC61.sh on line 67 has count: 0
TC62.sh on line 67 has count: 0
initialization on line 67 has count: 0
>> Buggy line 67 is NOT covered by failing TC initialization
Lines executed on initialization saved at lines_executed_at_initialization.txt
>> Reverted mser.cpp to original from mser.MUT18.cpp
>> CCTs are updated in the database
SELECT tc_name, tc_result FROM tc_info WHERE bug_idx = %s [534]
Failing test case TC32.sh executes buggy line opencv_features2d_TF_top30/modules/features2d/src/mser.cpp#Params::Params(int _delta, int _min_area, int _max_area, double _max_variation, double _min_diversity, int _max_evolution, double _area_threshold, double _min_margin, int _edge_blur_size)#67
Executed lines by test cases are saved at lines_executed_by_failing_tc.json
Executed lines by test cases are saved at lines_executed_by_passing_tc.json
Executed lines by test cases are saved at lines_executed_by_ccts.json
>> Saving version mser.MUT18.cpp to database

+++++ STDERR +++++

+++++ results for brisk.MUT793.cpp +++++
+++++ STDOUT +++++
SELECT bug_idx FROM bug_info WHERE subject = %s AND experiment_name = %s AND version = %s ['opencv_features2d_TF_top30', 'TF_top30', 'brisk.MUT793.cpp']
SELECT target_code_file, buggy_code_file, pre_start_line FROM bug_info WHERE bug_idx = %s [838]
SELECT tc_name, tc_result FROM tc_info WHERE bug_idx = %s [838]
Testing version brisk.MUT793.cpp on faster26.swtv::core7
>> Building opencv_features2d_TF_top30
>> Applied patch to brisk.cpp with brisk.MUT793.cpp
>> Building opencv_features2d_TF_top30
>> Extracted line2function data from brisk.cpp.ii
>> Extracted line2function data from fast.avx2.cpp.ii
>> Extracted line2function data from fast.cpp.ii
>> Extracted line2function data from fast_score.cpp.ii
>> Extracted line2function data from fed.cpp.ii
>> Extracted line2function data from mser.cpp.ii
>> Reverted brisk.cpp to original from brisk.MUT793.cpp
>> Extracted line2function data saved to line2function.json
>> Applied patch to brisk.cpp with brisk.MUT793.cpp
>> Building opencv_features2d_TF_top30
TC7.sh on line 762 has count: 1347
>> Buggy line 762 is covered by failing TC TC7.sh
TC9.sh on line 762 has count: 676
>> Buggy line 762 is covered by failing TC TC9.sh
TC16.sh on line 762 has count: 1369
>> Buggy line 762 is covered by failing TC TC16.sh
TC1.sh on line 762 has count: 0
TC2.sh on line 762 has count: 0
TC3.sh on line 762 has count: 0
TC4.sh on line 762 has count: 0
TC5.sh on line 762 has count: 0
TC6.sh on line 762 has count: 0
TC8.sh on line 762 has count: 0
TC10.sh on line 762 has count: 0
TC11.sh on line 762 has count: 0
TC12.sh on line 762 has count: 0
TC13.sh on line 762 has count: 0
TC14.sh on line 762 has count: 0
TC15.sh on line 762 has count: 0
TC17.sh on line 762 has count: 0
TC18.sh on line 762 has count: 0
TC19.sh on line 762 has count: 0
TC20.sh on line 762 has count: 0
TC21.sh on line 762 has count: 0
TC22.sh on line 762 has count: 0
TC23.sh on line 762 has count: 0
TC24.sh on line 762 has count: 0
TC25.sh on line 762 has count: 0
TC26.sh on line 762 has count: 0
TC27.sh on line 762 has count: 1369
TC28.sh on line 762 has count: 0
TC29.sh on line 762 has count: 0
TC30.sh on line 762 has count: 0
TC31.sh on line 762 has count: 0
TC32.sh on line 762 has count: 0
TC33.sh on line 762 has count: 0
TC34.sh on line 762 has count: 0
TC35.sh on line 762 has count: 0
TC36.sh on line 762 has count: 0
TC37.sh on line 762 has count: 0
TC38.sh on line 762 has count: 0
TC39.sh on line 762 has count: 0
TC40.sh on line 762 has count: 0
TC41.sh on line 762 has count: 0
TC42.sh on line 762 has count: 0
TC43.sh on line 762 has count: 0
TC44.sh on line 762 has count: 0
TC45.sh on line 762 has count: 0
TC46.sh on line 762 has count: 0
TC47.sh on line 762 has count: 55
TC48.sh on line 762 has count: 0
TC50.sh on line 762 has count: 0
TC51.sh on line 762 has count: 0
TC52.sh on line 762 has count: 0
TC53.sh on line 762 has count: 0
TC54.sh on line 762 has count: 0
TC55.sh on line 762 has count: 0
TC56.sh on line 762 has count: 0
TC57.sh on line 762 has count: 0
TC58.sh on line 762 has count: 0
TC59.sh on line 762 has count: 0
TC60.sh on line 762 has count: 0
TC61.sh on line 762 has count: 0
TC62.sh on line 762 has count: 0
initialization on line 762 has count: 0
>> Buggy line 762 is NOT covered by failing TC initialization
Lines executed on initialization saved at lines_executed_at_initialization.txt
>> Reverted brisk.cpp to original from brisk.MUT793.cpp
>> CCTs are updated in the database
SELECT tc_name, tc_result FROM tc_info WHERE bug_idx = %s [838]
Failing test case TC7.sh executes buggy line opencv_features2d_TF_top30/modules/features2d/src/brisk.cpp#BRISK_Impl::computeDescriptorsAndOrOrientation(cv::InputArray _image, cv::InputArray _mask, int & keypoints, cv::OutputArray _descriptors, _Bool doDescriptors, _Bool doOrientation, _Bool useProvidedKeypoints)#762
Failing test case TC9.sh executes buggy line opencv_features2d_TF_top30/modules/features2d/src/brisk.cpp#BRISK_Impl::computeDescriptorsAndOrOrientation(cv::InputArray _image, cv::InputArray _mask, int & keypoints, cv::OutputArray _descriptors, _Bool doDescriptors, _Bool doOrientation, _Bool useProvidedKeypoints)#762
Failing test case TC16.sh executes buggy line opencv_features2d_TF_top30/modules/features2d/src/brisk.cpp#BRISK_Impl::computeDescriptorsAndOrOrientation(cv::InputArray _image, cv::InputArray _mask, int & keypoints, cv::OutputArray _descriptors, _Bool doDescriptors, _Bool doOrientation, _Bool useProvidedKeypoints)#762
Executed lines by test cases are saved at lines_executed_by_failing_tc.json
Executed lines by test cases are saved at lines_executed_by_passing_tc.json
Executed lines by test cases are saved at lines_executed_by_ccts.json
>> Saving version brisk.MUT793.cpp to database

+++++ STDERR +++++

+++++ results for brisk.MUT19.cpp +++++
+++++ STDOUT +++++
SELECT bug_idx FROM bug_info WHERE subject = %s AND experiment_name = %s AND version = %s ['opencv_features2d_TF_top30', 'TF_top30', 'brisk.MUT19.cpp']
SELECT target_code_file, buggy_code_file, pre_start_line FROM bug_info WHERE bug_idx = %s [1099]
SELECT tc_name, tc_result FROM tc_info WHERE bug_idx = %s [1099]
Testing version brisk.MUT19.cpp on faster26.swtv::core7
>> Building opencv_features2d_TF_top30
>> Applied patch to brisk.cpp with brisk.MUT19.cpp
>> Building opencv_features2d_TF_top30
>> Extracted line2function data from brisk.cpp.ii
>> Extracted line2function data from fast.avx2.cpp.ii
>> Extracted line2function data from fast.cpp.ii
>> Extracted line2function data from fast_score.cpp.ii
>> Extracted line2function data from fed.cpp.ii
>> Extracted line2function data from mser.cpp.ii
>> Reverted brisk.cpp to original from brisk.MUT19.cpp
>> Extracted line2function data saved to line2function.json
>> Applied patch to brisk.cpp with brisk.MUT19.cpp
>> Building opencv_features2d_TF_top30
TC7.sh on line 98 has count: 1
>> Buggy line 98 is covered by failing TC TC7.sh
TC1.sh on line 98 has count: 0
TC2.sh on line 98 has count: 0
TC3.sh on line 98 has count: 0
TC4.sh on line 98 has count: 0
TC5.sh on line 98 has count: 0
TC6.sh on line 98 has count: 0
TC8.sh on line 98 has count: 0
TC9.sh on line 98 has count: 0
TC10.sh on line 98 has count: 0
TC11.sh on line 98 has count: 0
TC12.sh on line 98 has count: 0
TC13.sh on line 98 has count: 0
TC14.sh on line 98 has count: 0
TC15.sh on line 98 has count: 0
TC16.sh on line 98 has count: 0
TC17.sh on line 98 has count: 0
TC18.sh on line 98 has count: 0
TC19.sh on line 98 has count: 0
TC20.sh on line 98 has count: 0
TC21.sh on line 98 has count: 0
TC22.sh on line 98 has count: 0
TC23.sh on line 98 has count: 0
TC24.sh on line 98 has count: 0
TC25.sh on line 98 has count: 0
TC26.sh on line 98 has count: 0
TC27.sh on line 98 has count: 0
TC28.sh on line 98 has count: 0
TC29.sh on line 98 has count: 0
TC30.sh on line 98 has count: 0
TC31.sh on line 98 has count: 0
TC32.sh on line 98 has count: 0
TC33.sh on line 98 has count: 0
TC34.sh on line 98 has count: 0
TC35.sh on line 98 has count: 0
TC36.sh on line 98 has count: 0
TC37.sh on line 98 has count: 0
TC38.sh on line 98 has count: 0
TC39.sh on line 98 has count: 0
TC40.sh on line 98 has count: 0
TC41.sh on line 98 has count: 0
TC42.sh on line 98 has count: 0
TC43.sh on line 98 has count: 0
TC44.sh on line 98 has count: 0
TC45.sh on line 98 has count: 0
TC46.sh on line 98 has count: 0
TC47.sh on line 98 has count: 0
TC48.sh on line 98 has count: 0
TC49.sh on line 98 has count: 0
TC50.sh on line 98 has count: 0
TC51.sh on line 98 has count: 0
TC52.sh on line 98 has count: 0
TC53.sh on line 98 has count: 0
TC54.sh on line 98 has count: 0
TC55.sh on line 98 has count: 0
TC56.sh on line 98 has count: 0
TC57.sh on line 98 has count: 0
TC58.sh on line 98 has count: 0
TC59.sh on line 98 has count: 0
TC60.sh on line 98 has count: 0
TC61.sh on line 98 has count: 0
TC62.sh on line 98 has count: 0
initialization on line 98 has count: 0
>> Buggy line 98 is NOT covered by failing TC initialization
Lines executed on initialization saved at lines_executed_at_initialization.txt
>> Reverted brisk.cpp to original from brisk.MUT19.cpp
SELECT tc_name, tc_result FROM tc_info WHERE bug_idx = %s [1099]
Failing test case TC7.sh executes buggy line opencv_features2d_TF_top30/modules/features2d/src/brisk.cpp#BRISK_Impl::setOctaves(int octaves_in)#98
Executed lines by test cases are saved at lines_executed_by_failing_tc.json
Executed lines by test cases are saved at lines_executed_by_passing_tc.json
Executed lines by test cases are saved at lines_executed_by_ccts.json
>> Saving version brisk.MUT19.cpp to database

+++++ STDERR +++++

+++++ results for brisk.MUT2674.cpp +++++
+++++ STDOUT +++++
SELECT bug_idx FROM bug_info WHERE subject = %s AND experiment_name = %s AND version = %s ['opencv_features2d_TF_top30', 'TF_top30', 'brisk.MUT2674.cpp']
SELECT target_code_file, buggy_code_file, pre_start_line FROM bug_info WHERE bug_idx = %s [1389]
SELECT tc_name, tc_result FROM tc_info WHERE bug_idx = %s [1389]
Testing version brisk.MUT2674.cpp on faster26.swtv::core7
>> Building opencv_features2d_TF_top30
>> Applied patch to brisk.cpp with brisk.MUT2674.cpp
>> Building opencv_features2d_TF_top30
>> Extracted line2function data from brisk.cpp.ii
>> Extracted line2function data from fast.avx2.cpp.ii
>> Extracted line2function data from fast.cpp.ii
>> Extracted line2function data from fast_score.cpp.ii
>> Extracted line2function data from fed.cpp.ii
>> Extracted line2function data from mser.cpp.ii
>> Reverted brisk.cpp to original from brisk.MUT2674.cpp
>> Extracted line2function data saved to line2function.json
>> Applied patch to brisk.cpp with brisk.MUT2674.cpp
>> Building opencv_features2d_TF_top30
TC16.sh on line 1920 has count: 306
>> Buggy line 1920 is covered by failing TC TC16.sh
TC1.sh on line 1920 has count: 0
TC2.sh on line 1920 has count: 0
TC3.sh on line 1920 has count: 0
TC4.sh on line 1920 has count: 0
TC5.sh on line 1920 has count: 0
TC6.sh on line 1920 has count: 0
TC7.sh on line 1920 has count: 3599
TC8.sh on line 1920 has count: 0
TC9.sh on line 1920 has count: 0
TC10.sh on line 1920 has count: 0
TC11.sh on line 1920 has count: 0
TC12.sh on line 1920 has count: 0
TC13.sh on line 1920 has count: 0
TC14.sh on line 1920 has count: 0
TC15.sh on line 1920 has count: 0
TC17.sh on line 1920 has count: 0
TC18.sh on line 1920 has count: 0
TC19.sh on line 1920 has count: 0
TC20.sh on line 1920 has count: 0
TC21.sh on line 1920 has count: 0
TC22.sh on line 1920 has count: 0
TC23.sh on line 1920 has count: 0
TC24.sh on line 1920 has count: 0
TC25.sh on line 1920 has count: 0
TC26.sh on line 1920 has count: 0
TC27.sh on line 1920 has count: 306
TC28.sh on line 1920 has count: 0
TC29.sh on line 1920 has count: 0
TC30.sh on line 1920 has count: 0
TC31.sh on line 1920 has count: 0
TC32.sh on line 1920 has count: 0
TC33.sh on line 1920 has count: 0
TC34.sh on line 1920 has count: 0
TC35.sh on line 1920 has count: 0
TC36.sh on line 1920 has count: 0
TC37.sh on line 1920 has count: 0
TC38.sh on line 1920 has count: 0
TC39.sh on line 1920 has count: 0
TC40.sh on line 1920 has count: 0
TC41.sh on line 1920 has count: 0
TC42.sh on line 1920 has count: 0
TC43.sh on line 1920 has count: 0
TC44.sh on line 1920 has count: 0
TC45.sh on line 1920 has count: 0
TC46.sh on line 1920 has count: 0
TC47.sh on line 1920 has count: 21
TC48.sh on line 1920 has count: 0
TC49.sh on line 1920 has count: 2042
TC50.sh on line 1920 has count: 0
TC51.sh on line 1920 has count: 0
TC52.sh on line 1920 has count: 0
TC53.sh on line 1920 has count: 0
TC54.sh on line 1920 has count: 0
TC55.sh on line 1920 has count: 0
TC56.sh on line 1920 has count: 0
TC57.sh on line 1920 has count: 0
TC58.sh on line 1920 has count: 0
TC59.sh on line 1920 has count: 0
TC60.sh on line 1920 has count: 0
TC61.sh on line 1920 has count: 0
TC62.sh on line 1920 has count: 0
initialization on line 1920 has count: 0
>> Buggy line 1920 is NOT covered by failing TC initialization
Lines executed on initialization saved at lines_executed_at_initialization.txt
>> Reverted brisk.cpp to original from brisk.MUT2674.cpp
>> CCTs are updated in the database
SELECT tc_name, tc_result FROM tc_info WHERE bug_idx = %s [1389]
Failing test case TC16.sh executes buggy line opencv_features2d_TF_top30/modules/features2d/src/brisk.cpp#BriskScaleSpace::refine1D(const float s_05, const float s0, const float s05, float & max)#1920
Executed lines by test cases are saved at lines_executed_by_failing_tc.json
Executed lines by test cases are saved at lines_executed_by_passing_tc.json
Executed lines by test cases are saved at lines_executed_by_ccts.json
>> Saving version brisk.MUT2674.cpp to database

+++++ STDERR +++++

+++++ results for brisk.MUT210.cpp +++++
+++++ STDOUT +++++
SELECT bug_idx FROM bug_info WHERE subject = %s AND experiment_name = %s AND version = %s ['opencv_features2d_TF_top30', 'TF_top30', 'brisk.MUT210.cpp']
SELECT target_code_file, buggy_code_file, pre_start_line FROM bug_info WHERE bug_idx = %s [1654]
SELECT tc_name, tc_result FROM tc_info WHERE bug_idx = %s [1654]
Testing version brisk.MUT210.cpp on faster26.swtv::core7
>> Building opencv_features2d_TF_top30
>> Applied patch to brisk.cpp with brisk.MUT210.cpp
>> Building opencv_features2d_TF_top30
>> Extracted line2function data from brisk.cpp.ii
>> Extracted line2function data from fast.avx2.cpp.ii
>> Extracted line2function data from fast.cpp.ii
>> Extracted line2function data from fast_score.cpp.ii
>> Extracted line2function data from fed.cpp.ii
>> Extracted line2function data from mser.cpp.ii
>> Reverted brisk.cpp to original from brisk.MUT210.cpp
>> Extracted line2function data saved to line2function.json
>> Applied patch to brisk.cpp with brisk.MUT210.cpp
>> Building opencv_features2d_TF_top30
TC7.sh on line 430 has count: 1024
>> Buggy line 430 is covered by failing TC TC7.sh
TC9.sh on line 430 has count: 1024
>> Buggy line 430 is covered by failing TC TC9.sh
TC16.sh on line 430 has count: 1024
>> Buggy line 430 is covered by failing TC TC16.sh
TC27.sh on line 430 has count: 1024
>> Buggy line 430 is covered by failing TC TC27.sh
TC1.sh on line 430 has count: 0
TC2.sh on line 430 has count: 0
TC3.sh on line 430 has count: 0
TC4.sh on line 430 has count: 0
TC5.sh on line 430 has count: 0
TC6.sh on line 430 has count: 0
TC8.sh on line 430 has count: 0
TC10.sh on line 430 has count: 0
TC11.sh on line 430 has count: 0
TC12.sh on line 430 has count: 0
TC13.sh on line 430 has count: 0
TC14.sh on line 430 has count: 0
TC15.sh on line 430 has count: 0
TC17.sh on line 430 has count: 0
TC18.sh on line 430 has count: 0
TC19.sh on line 430 has count: 0
TC20.sh on line 430 has count: 0
TC21.sh on line 430 has count: 0
TC22.sh on line 430 has count: 0
TC23.sh on line 430 has count: 0
TC24.sh on line 430 has count: 0
TC25.sh on line 430 has count: 0
TC26.sh on line 430 has count: 0
TC28.sh on line 430 has count: 0
TC29.sh on line 430 has count: 0
TC30.sh on line 430 has count: 0
TC31.sh on line 430 has count: 0
TC32.sh on line 430 has count: 0
TC33.sh on line 430 has count: 0
TC34.sh on line 430 has count: 0
TC35.sh on line 430 has count: 0
TC36.sh on line 430 has count: 0
TC37.sh on line 430 has count: 0
TC38.sh on line 430 has count: 0
TC39.sh on line 430 has count: 0
TC40.sh on line 430 has count: 0
TC41.sh on line 430 has count: 0
TC42.sh on line 430 has count: 0
TC43.sh on line 430 has count: 0
TC44.sh on line 430 has count: 0
TC45.sh on line 430 has count: 0
TC46.sh on line 430 has count: 0
TC47.sh on line 430 has count: 1024
TC48.sh on line 430 has count: 0
TC50.sh on line 430 has count: 0
TC51.sh on line 430 has count: 0
TC52.sh on line 430 has count: 0
TC53.sh on line 430 has count: 0
TC54.sh on line 430 has count: 0
TC55.sh on line 430 has count: 0
TC56.sh on line 430 has count: 0
TC57.sh on line 430 has count: 0
TC58.sh on line 430 has count: 0
TC59.sh on line 430 has count: 0
TC60.sh on line 430 has count: 0
TC61.sh on line 430 has count: 0
TC62.sh on line 430 has count: 0
initialization on line 430 has count: 0
>> Buggy line 430 is NOT covered by failing TC initialization
Lines executed on initialization saved at lines_executed_at_initialization.txt
>> Reverted brisk.cpp to original from brisk.MUT210.cpp
>> CCTs are updated in the database
SELECT tc_name, tc_result FROM tc_info WHERE bug_idx = %s [1654]
Failing test case TC7.sh executes buggy line opencv_features2d_TF_top30/modules/features2d/src/brisk.cpp#BRISK_Impl::generateKernel(const int & radiusList, const int & numberList, float dMax, float dMin, const int & _indexChange)#430
Failing test case TC9.sh executes buggy line opencv_features2d_TF_top30/modules/features2d/src/brisk.cpp#BRISK_Impl::generateKernel(const int & radiusList, const int & numberList, float dMax, float dMin, const int & _indexChange)#430
Failing test case TC16.sh executes buggy line opencv_features2d_TF_top30/modules/features2d/src/brisk.cpp#BRISK_Impl::generateKernel(const int & radiusList, const int & numberList, float dMax, float dMin, const int & _indexChange)#430
Failing test case TC27.sh executes buggy line opencv_features2d_TF_top30/modules/features2d/src/brisk.cpp#BRISK_Impl::generateKernel(const int & radiusList, const int & numberList, float dMax, float dMin, const int & _indexChange)#430
Executed lines by test cases are saved at lines_executed_by_failing_tc.json
Executed lines by test cases are saved at lines_executed_by_passing_tc.json
Executed lines by test cases are saved at lines_executed_by_ccts.json
>> Saving version brisk.MUT210.cpp to database

+++++ STDERR +++++

+++++ results for brisk.MUT2262.cpp +++++
+++++ STDOUT +++++
SELECT bug_idx FROM bug_info WHERE subject = %s AND experiment_name = %s AND version = %s ['opencv_features2d_TF_top30', 'TF_top30', 'brisk.MUT2262.cpp']
SELECT target_code_file, buggy_code_file, pre_start_line FROM bug_info WHERE bug_idx = %s [1942]
SELECT tc_name, tc_result FROM tc_info WHERE bug_idx = %s [1942]
Testing version brisk.MUT2262.cpp on faster26.swtv::core7
>> Building opencv_features2d_TF_top30
>> Applied patch to brisk.cpp with brisk.MUT2262.cpp
>> Building opencv_features2d_TF_top30
>> Extracted line2function data from brisk.cpp.ii
>> Extracted line2function data from fast.avx2.cpp.ii
>> Extracted line2function data from fast.cpp.ii
>> Extracted line2function data from fast_score.cpp.ii
>> Extracted line2function data from fed.cpp.ii
>> Extracted line2function data from mser.cpp.ii
>> Reverted brisk.cpp to original from brisk.MUT2262.cpp
>> Extracted line2function data saved to line2function.json
>> Applied patch to brisk.cpp with brisk.MUT2262.cpp
>> Building opencv_features2d_TF_top30
TC16.sh on line 1678 has count: 1673
>> Buggy line 1678 is covered by failing TC TC16.sh
TC1.sh on line 1678 has count: 0
TC2.sh on line 1678 has count: 0
TC3.sh on line 1678 has count: 0
TC4.sh on line 1678 has count: 0
TC5.sh on line 1678 has count: 0
TC6.sh on line 1678 has count: 0
TC7.sh on line 1678 has count: 11681
TC8.sh on line 1678 has count: 0
TC9.sh on line 1678 has count: 0
TC10.sh on line 1678 has count: 0
TC11.sh on line 1678 has count: 0
TC12.sh on line 1678 has count: 0
TC13.sh on line 1678 has count: 0
TC14.sh on line 1678 has count: 0
TC15.sh on line 1678 has count: 0
TC17.sh on line 1678 has count: 0
TC18.sh on line 1678 has count: 0
TC19.sh on line 1678 has count: 0
TC20.sh on line 1678 has count: 0
TC21.sh on line 1678 has count: 0
TC22.sh on line 1678 has count: 0
TC23.sh on line 1678 has count: 0
TC24.sh on line 1678 has count: 0
TC25.sh on line 1678 has count: 0
TC26.sh on line 1678 has count: 0
TC27.sh on line 1678 has count: 1673
TC28.sh on line 1678 has count: 0
TC29.sh on line 1678 has count: 0
TC30.sh on line 1678 has count: 0
TC31.sh on line 1678 has count: 0
TC32.sh on line 1678 has count: 0
TC33.sh on line 1678 has count: 0
TC34.sh on line 1678 has count: 0
TC35.sh on line 1678 has count: 0
TC36.sh on line 1678 has count: 0
TC37.sh on line 1678 has count: 0
TC38.sh on line 1678 has count: 0
TC39.sh on line 1678 has count: 0
TC40.sh on line 1678 has count: 0
TC41.sh on line 1678 has count: 0
TC42.sh on line 1678 has count: 0
TC43.sh on line 1678 has count: 0
TC44.sh on line 1678 has count: 0
TC45.sh on line 1678 has count: 0
TC46.sh on line 1678 has count: 0
TC47.sh on line 1678 has count: 64
TC48.sh on line 1678 has count: 0
TC49.sh on line 1678 has count: 10653
TC50.sh on line 1678 has count: 0
TC51.sh on line 1678 has count: 0
TC52.sh on line 1678 has count: 0
TC53.sh on line 1678 has count: 0
TC54.sh on line 1678 has count: 0
TC55.sh on line 1678 has count: 0
TC56.sh on line 1678 has count: 0
TC57.sh on line 1678 has count: 0
TC58.sh on line 1678 has count: 0
TC59.sh on line 1678 has count: 0
TC60.sh on line 1678 has count: 0
TC61.sh on line 1678 has count: 0
TC62.sh on line 1678 has count: 0
initialization on line 1678 has count: 0
>> Buggy line 1678 is NOT covered by failing TC initialization
Lines executed on initialization saved at lines_executed_at_initialization.txt
>> Reverted brisk.cpp to original from brisk.MUT2262.cpp
>> CCTs are updated in the database
SELECT tc_name, tc_result FROM tc_info WHERE bug_idx = %s [1942]
Failing test case TC16.sh executes buggy line opencv_features2d_TF_top30/modules/features2d/src/brisk.cpp#BriskScaleSpace::getScoreMaxAbove(const int layer, const int x_layer, const int y_layer, const int threshold, _Bool & ismax, float & dx, float & dy)#1678
Executed lines by test cases are saved at lines_executed_by_failing_tc.json
Executed lines by test cases are saved at lines_executed_by_passing_tc.json
Executed lines by test cases are saved at lines_executed_by_ccts.json
>> Saving version brisk.MUT2262.cpp to database

+++++ STDERR +++++

+++++ results for brisk.MUT1593.cpp +++++
+++++ STDOUT +++++
SELECT bug_idx FROM bug_info WHERE subject = %s AND experiment_name = %s AND version = %s ['opencv_features2d_TF_top30', 'TF_top30', 'brisk.MUT1593.cpp']
SELECT target_code_file, buggy_code_file, pre_start_line FROM bug_info WHERE bug_idx = %s [888]
SELECT tc_name, tc_result FROM tc_info WHERE bug_idx = %s [888]
Testing version brisk.MUT1593.cpp on faster26.swtv::core7
>> Building opencv_features2d_TF_top30
>> Applied patch to brisk.cpp with brisk.MUT1593.cpp
>> Building opencv_features2d_TF_top30
>> Extracted line2function data from brisk.cpp.ii
>> Extracted line2function data from fast.avx2.cpp.ii
>> Extracted line2function data from fast.cpp.ii
>> Extracted line2function data from fast_score.cpp.ii
>> Extracted line2function data from fed.cpp.ii
>> Extracted line2function data from mser.cpp.ii
>> Reverted brisk.cpp to original from brisk.MUT1593.cpp
>> Extracted line2function data saved to line2function.json
>> Applied patch to brisk.cpp with brisk.MUT1593.cpp
>> Building opencv_features2d_TF_top30
TC16.sh on line 1294 has count: 2084
>> Buggy line 1294 is covered by failing TC TC16.sh
TC1.sh on line 1294 has count: 0
TC2.sh on line 1294 has count: 0
TC3.sh on line 1294 has count: 0
TC4.sh on line 1294 has count: 0
TC5.sh on line 1294 has count: 0
TC6.sh on line 1294 has count: 0
TC7.sh on line 1294 has count: 13343
TC8.sh on line 1294 has count: 0
TC9.sh on line 1294 has count: 0
TC10.sh on line 1294 has count: 0
TC11.sh on line 1294 has count: 0
TC12.sh on line 1294 has count: 0
TC13.sh on line 1294 has count: 0
TC14.sh on line 1294 has count: 0
TC15.sh on line 1294 has count: 0
TC17.sh on line 1294 has count: 0
TC18.sh on line 1294 has count: 0
TC19.sh on line 1294 has count: 0
TC20.sh on line 1294 has count: 0
TC21.sh on line 1294 has count: 0
TC22.sh on line 1294 has count: 0
TC23.sh on line 1294 has count: 0
TC24.sh on line 1294 has count: 0
TC25.sh on line 1294 has count: 0
TC26.sh on line 1294 has count: 0
TC27.sh on line 1294 has count: 2084
TC28.sh on line 1294 has count: 0
TC29.sh on line 1294 has count: 0
TC30.sh on line 1294 has count: 0
TC31.sh on line 1294 has count: 0
TC32.sh on line 1294 has count: 0
TC33.sh on line 1294 has count: 0
TC34.sh on line 1294 has count: 0
TC35.sh on line 1294 has count: 0
TC36.sh on line 1294 has count: 0
TC37.sh on line 1294 has count: 0
TC38.sh on line 1294 has count: 0
TC39.sh on line 1294 has count: 0
TC40.sh on line 1294 has count: 0
TC41.sh on line 1294 has count: 0
TC42.sh on line 1294 has count: 0
TC43.sh on line 1294 has count: 0
TC44.sh on line 1294 has count: 0
TC45.sh on line 1294 has count: 0
TC46.sh on line 1294 has count: 0
TC47.sh on line 1294 has count: 88
TC48.sh on line 1294 has count: 0
TC49.sh on line 1294 has count: 12593
TC50.sh on line 1294 has count: 0
TC51.sh on line 1294 has count: 0
TC52.sh on line 1294 has count: 0
TC53.sh on line 1294 has count: 0
TC54.sh on line 1294 has count: 0
TC55.sh on line 1294 has count: 0
TC56.sh on line 1294 has count: 0
TC57.sh on line 1294 has count: 0
TC58.sh on line 1294 has count: 0
TC59.sh on line 1294 has count: 0
TC60.sh on line 1294 has count: 0
TC61.sh on line 1294 has count: 0
TC62.sh on line 1294 has count: 0
initialization on line 1294 has count: 0
>> Buggy line 1294 is NOT covered by failing TC initialization
Lines executed on initialization saved at lines_executed_at_initialization.txt
>> Reverted brisk.cpp to original from brisk.MUT1593.cpp
>> CCTs are updated in the database
SELECT tc_name, tc_result FROM tc_info WHERE bug_idx = %s [888]
Failing test case TC16.sh executes buggy line opencv_features2d_TF_top30/modules/features2d/src/brisk.cpp#BriskScaleSpace::isMax2D(const int layer, const int x_layer, const int y_layer)#1294
Executed lines by test cases are saved at lines_executed_by_failing_tc.json
Executed lines by test cases are saved at lines_executed_by_passing_tc.json
Executed lines by test cases are saved at lines_executed_by_ccts.json
>> Saving version brisk.MUT1593.cpp to database

+++++ STDERR +++++

+++++ results for brisk.MUT1981.cpp +++++
+++++ STDOUT +++++
SELECT bug_idx FROM bug_info WHERE subject = %s AND experiment_name = %s AND version = %s ['opencv_features2d_TF_top30', 'TF_top30', 'brisk.MUT1981.cpp']
SELECT target_code_file, buggy_code_file, pre_start_line FROM bug_info WHERE bug_idx = %s [1665]
SELECT tc_name, tc_result FROM tc_info WHERE bug_idx = %s [1665]
Testing version brisk.MUT1981.cpp on faster26.swtv::core7
>> Building opencv_features2d_TF_top30
>> Applied patch to brisk.cpp with brisk.MUT1981.cpp
>> Building opencv_features2d_TF_top30
>> Extracted line2function data from brisk.cpp.ii
>> Extracted line2function data from fast.avx2.cpp.ii
>> Extracted line2function data from fast.cpp.ii
>> Extracted line2function data from fast_score.cpp.ii
>> Extracted line2function data from fed.cpp.ii
>> Extracted line2function data from mser.cpp.ii
>> Reverted brisk.cpp to original from brisk.MUT1981.cpp
>> Extracted line2function data saved to line2function.json
>> Applied patch to brisk.cpp with brisk.MUT1981.cpp
>> Building opencv_features2d_TF_top30
TC16.sh on line 1527 has count: 1299
>> Buggy line 1527 is covered by failing TC TC16.sh
TC1.sh on line 1527 has count: 0
TC2.sh on line 1527 has count: 0
TC3.sh on line 1527 has count: 0
TC4.sh on line 1527 has count: 0
TC5.sh on line 1527 has count: 0
TC6.sh on line 1527 has count: 0
TC7.sh on line 1527 has count: 7134
TC8.sh on line 1527 has count: 0
TC9.sh on line 1527 has count: 0
TC10.sh on line 1527 has count: 0
TC11.sh on line 1527 has count: 0
TC12.sh on line 1527 has count: 0
TC13.sh on line 1527 has count: 0
TC14.sh on line 1527 has count: 0
TC15.sh on line 1527 has count: 0
TC17.sh on line 1527 has count: 0
TC18.sh on line 1527 has count: 0
TC19.sh on line 1527 has count: 0
TC20.sh on line 1527 has count: 0
TC21.sh on line 1527 has count: 0
TC22.sh on line 1527 has count: 0
TC23.sh on line 1527 has count: 0
TC24.sh on line 1527 has count: 0
TC25.sh on line 1527 has count: 0
TC26.sh on line 1527 has count: 0
TC27.sh on line 1527 has count: 1299
TC28.sh on line 1527 has count: 0
TC29.sh on line 1527 has count: 0
TC30.sh on line 1527 has count: 0
TC31.sh on line 1527 has count: 0
TC32.sh on line 1527 has count: 0
TC33.sh on line 1527 has count: 0
TC34.sh on line 1527 has count: 0
TC35.sh on line 1527 has count: 0
TC36.sh on line 1527 has count: 0
TC37.sh on line 1527 has count: 0
TC38.sh on line 1527 has count: 0
TC39.sh on line 1527 has count: 0
TC40.sh on line 1527 has count: 0
TC41.sh on line 1527 has count: 0
TC42.sh on line 1527 has count: 0
TC43.sh on line 1527 has count: 0
TC44.sh on line 1527 has count: 0
TC45.sh on line 1527 has count: 0
TC46.sh on line 1527 has count: 0
TC47.sh on line 1527 has count: 53
TC48.sh on line 1527 has count: 0
TC49.sh on line 1527 has count: 8083
TC50.sh on line 1527 has count: 0
TC51.sh on line 1527 has count: 0
TC52.sh on line 1527 has count: 0
TC53.sh on line 1527 has count: 0
TC54.sh on line 1527 has count: 0
TC55.sh on line 1527 has count: 0
TC56.sh on line 1527 has count: 0
TC57.sh on line 1527 has count: 0
TC58.sh on line 1527 has count: 0
TC59.sh on line 1527 has count: 0
TC60.sh on line 1527 has count: 0
TC61.sh on line 1527 has count: 0
TC62.sh on line 1527 has count: 0
initialization on line 1527 has count: 0
>> Buggy line 1527 is NOT covered by failing TC initialization
Lines executed on initialization saved at lines_executed_at_initialization.txt
>> Reverted brisk.cpp to original from brisk.MUT1981.cpp
>> CCTs are updated in the database
SELECT tc_name, tc_result FROM tc_info WHERE bug_idx = %s [1665]
Failing test case TC16.sh executes buggy line opencv_features2d_TF_top30/modules/features2d/src/brisk.cpp#BriskScaleSpace::getScoreMaxAbove(const int layer, const int x_layer, const int y_layer, const int threshold, _Bool & ismax, float & dx, float & dy)#1527
Executed lines by test cases are saved at lines_executed_by_failing_tc.json
Executed lines by test cases are saved at lines_executed_by_passing_tc.json
Executed lines by test cases are saved at lines_executed_by_ccts.json
>> Saving version brisk.MUT1981.cpp to database
>> Cleaning build for opencv_features2d_TF_top30

+++++ STDERR +++++
