
+++++ results for mser.MUT959.cpp +++++
+++++ STDOUT +++++
SELECT bug_idx FROM bug_info WHERE subject = %s AND experiment_name = %s AND version = %s ['opencv_features2d_TF_top30', 'TF_top30', 'mser.MUT959.cpp']
SELECT target_code_file, buggy_code_file, pre_start_line FROM bug_info WHERE bug_idx = %s [266]
SELECT tc_name, tc_result FROM tc_info WHERE bug_idx = %s [266]
Testing version mser.MUT959.cpp on faster28.swtv::core7
>> Configuring opencv_features2d_TF_top30 with coverage
>> Building opencv_features2d_TF_top30
>> Applied patch to mser.cpp with mser.MUT959.cpp
>> Building opencv_features2d_TF_top30
>> Extracted line2function data from brisk.cpp.ii
>> Extracted line2function data from fast.avx2.cpp.ii
>> Extracted line2function data from fast.cpp.ii
>> Extracted line2function data from fast_score.cpp.ii
>> Extracted line2function data from fed.cpp.ii
>> Extracted line2function data from mser.cpp.ii
>> Reverted mser.cpp to original from mser.MUT959.cpp
>> Extracted line2function data saved to line2function.json
>> Applied patch to mser.cpp with mser.MUT959.cpp
>> Building opencv_features2d_TF_top30
TC32.sh on line 756 has count: 1
>> Buggy line 756 is covered by failing TC TC32.sh
TC1.sh on line 756 has count: 0
TC2.sh on line 756 has count: 0
TC3.sh on line 756 has count: 0
TC4.sh on line 756 has count: 0
TC5.sh on line 756 has count: 0
TC6.sh on line 756 has count: 0
TC7.sh on line 756 has count: 0
TC8.sh on line 756 has count: 0
TC9.sh on line 756 has count: 0
TC10.sh on line 756 has count: 0
TC11.sh on line 756 has count: 0
TC12.sh on line 756 has count: 0
TC13.sh on line 756 has count: 0
TC14.sh on line 756 has count: 0
TC15.sh on line 756 has count: 0
TC16.sh on line 756 has count: 0
TC17.sh on line 756 has count: 0
TC18.sh on line 756 has count: 0
TC19.sh on line 756 has count: 0
TC20.sh on line 756 has count: 0
TC21.sh on line 756 has count: 0
TC22.sh on line 756 has count: 0
TC23.sh on line 756 has count: 0
TC24.sh on line 756 has count: 0
TC25.sh on line 756 has count: 0
TC26.sh on line 756 has count: 0
TC27.sh on line 756 has count: 0
TC28.sh on line 756 has count: 0
TC29.sh on line 756 has count: 0
TC30.sh on line 756 has count: 0
TC31.sh on line 756 has count: 0
TC33.sh on line 756 has count: 0
TC34.sh on line 756 has count: 0
TC35.sh on line 756 has count: 0
TC36.sh on line 756 has count: 0
TC37.sh on line 756 has count: 0
TC38.sh on line 756 has count: 0
TC39.sh on line 756 has count: 0
TC40.sh on line 756 has count: 0
TC41.sh on line 756 has count: 0
TC42.sh on line 756 has count: 0
TC43.sh on line 756 has count: 0
TC44.sh on line 756 has count: 0
TC45.sh on line 756 has count: 0
TC46.sh on line 756 has count: 0
TC47.sh on line 756 has count: 0
TC48.sh on line 756 has count: 0
TC49.sh on line 756 has count: 0
TC50.sh on line 756 has count: 0
TC51.sh on line 756 has count: 0
TC52.sh on line 756 has count: 0
TC53.sh on line 756 has count: 0
TC54.sh on line 756 has count: 0
TC55.sh on line 756 has count: 0
TC56.sh on line 756 has count: 0
TC57.sh on line 756 has count: 0
TC58.sh on line 756 has count: 0
TC59.sh on line 756 has count: 0
TC60.sh on line 756 has count: 0
TC61.sh on line 756 has count: 0
TC62.sh on line 756 has count: 0
initialization on line 756 has count: 0
>> Buggy line 756 is NOT covered by failing TC initialization
Lines executed on initialization saved at lines_executed_at_initialization.txt
>> Reverted mser.cpp to original from mser.MUT959.cpp
SELECT tc_name, tc_result FROM tc_info WHERE bug_idx = %s [266]
Failing test case TC32.sh executes buggy line opencv_features2d_TF_top30/modules/features2d/src/mser.cpp#preprocessMSER_8uC3(struct cv::MSCRNode * node, struct cv::MSCREdge * edge, double * total, const class cv::Mat & src, class cv::Mat & dx, class cv::Mat & dy, int Ne, int edgeBlurSize)#756
Executed lines by test cases are saved at lines_executed_by_failing_tc.json
Executed lines by test cases are saved at lines_executed_by_passing_tc.json
Executed lines by test cases are saved at lines_executed_by_ccts.json
>> Saving version mser.MUT959.cpp to database

+++++ STDERR +++++

+++++ results for mser.MUT290.cpp +++++
+++++ STDOUT +++++
SELECT bug_idx FROM bug_info WHERE subject = %s AND experiment_name = %s AND version = %s ['opencv_features2d_TF_top30', 'TF_top30', 'mser.MUT290.cpp']
SELECT target_code_file, buggy_code_file, pre_start_line FROM bug_info WHERE bug_idx = %s [571]
SELECT tc_name, tc_result FROM tc_info WHERE bug_idx = %s [571]
Testing version mser.MUT290.cpp on faster28.swtv::core7
>> Building opencv_features2d_TF_top30
>> Applied patch to mser.cpp with mser.MUT290.cpp
>> Building opencv_features2d_TF_top30
>> Extracted line2function data from brisk.cpp.ii
>> Extracted line2function data from fast.avx2.cpp.ii
>> Extracted line2function data from fast.cpp.ii
>> Extracted line2function data from fast_score.cpp.ii
>> Extracted line2function data from fed.cpp.ii
>> Extracted line2function data from mser.cpp.ii
>> Reverted mser.cpp to original from mser.MUT290.cpp
>> Extracted line2function data saved to line2function.json
>> Applied patch to mser.cpp with mser.MUT290.cpp
>> Building opencv_features2d_TF_top30
TC40.sh on line 255 has count: 6863
>> Buggy line 255 is covered by failing TC TC40.sh
TC1.sh on line 255 has count: 0
TC2.sh on line 255 has count: 0
TC3.sh on line 255 has count: 0
TC4.sh on line 255 has count: 0
TC5.sh on line 255 has count: 0
TC6.sh on line 255 has count: 0
TC7.sh on line 255 has count: 0
TC8.sh on line 255 has count: 0
TC9.sh on line 255 has count: 0
TC10.sh on line 255 has count: 0
TC11.sh on line 255 has count: 0
TC12.sh on line 255 has count: 0
TC13.sh on line 255 has count: 0
TC14.sh on line 255 has count: 0
TC15.sh on line 255 has count: 0
TC16.sh on line 255 has count: 0
TC17.sh on line 255 has count: 0
TC18.sh on line 255 has count: 0
TC19.sh on line 255 has count: 0
TC20.sh on line 255 has count: 0
TC21.sh on line 255 has count: 0
TC22.sh on line 255 has count: 0
TC23.sh on line 255 has count: 0
TC24.sh on line 255 has count: 0
TC25.sh on line 255 has count: 0
TC26.sh on line 255 has count: 0
TC27.sh on line 255 has count: 0
TC28.sh on line 255 has count: 0
TC29.sh on line 255 has count: 0
TC30.sh on line 255 has count: 0
TC31.sh on line 255 has count: 0
TC32.sh on line 255 has count: 0
TC33.sh on line 255 has count: 0
TC34.sh on line 255 has count: 0
TC35.sh on line 255 has count: 0
TC36.sh on line 255 has count: 0
TC37.sh on line 255 has count: 0
TC38.sh on line 255 has count: 0
TC39.sh on line 255 has count: 0
TC41.sh on line 255 has count: 0
TC42.sh on line 255 has count: 0
TC43.sh on line 255 has count: 0
TC44.sh on line 255 has count: 0
TC45.sh on line 255 has count: 0
TC46.sh on line 255 has count: 0
TC47.sh on line 255 has count: 0
TC48.sh on line 255 has count: 0
TC49.sh on line 255 has count: 0
TC50.sh on line 255 has count: 0
TC51.sh on line 255 has count: 0
TC52.sh on line 255 has count: 0
TC53.sh on line 255 has count: 0
TC54.sh on line 255 has count: 0
TC55.sh on line 255 has count: 0
TC56.sh on line 255 has count: 0
TC57.sh on line 255 has count: 0
TC58.sh on line 255 has count: 0
TC59.sh on line 255 has count: 0
TC60.sh on line 255 has count: 0
TC61.sh on line 255 has count: 0
TC62.sh on line 255 has count: 0
initialization on line 255 has count: 0
>> Buggy line 255 is NOT covered by failing TC initialization
Lines executed on initialization saved at lines_executed_at_initialization.txt
>> Reverted mser.cpp to original from mser.MUT290.cpp
SELECT tc_name, tc_result FROM tc_info WHERE bug_idx = %s [571]
Failing test case TC40.sh executes buggy line opencv_features2d_TF_top30/modules/features2d/src/mser.cpp#CompHistory::updateTree(struct cv::MSER_Impl::WParams & wp, struct cv::MSER_Impl::CompHistory ** _h0, struct cv::MSER_Impl::CompHistory ** _h1, _Bool final)#255
Executed lines by test cases are saved at lines_executed_by_failing_tc.json
Executed lines by test cases are saved at lines_executed_by_passing_tc.json
Executed lines by test cases are saved at lines_executed_by_ccts.json
>> Saving version mser.MUT290.cpp to database

+++++ STDERR +++++

+++++ results for mser.MUT817.cpp +++++
+++++ STDOUT +++++
SELECT bug_idx FROM bug_info WHERE subject = %s AND experiment_name = %s AND version = %s ['opencv_features2d_TF_top30', 'TF_top30', 'mser.MUT817.cpp']
SELECT target_code_file, buggy_code_file, pre_start_line FROM bug_info WHERE bug_idx = %s [860]
SELECT tc_name, tc_result FROM tc_info WHERE bug_idx = %s [860]
Testing version mser.MUT817.cpp on faster28.swtv::core7
>> Building opencv_features2d_TF_top30
>> Applied patch to mser.cpp with mser.MUT817.cpp
>> Building opencv_features2d_TF_top30
>> Extracted line2function data from brisk.cpp.ii
>> Extracted line2function data from fast.avx2.cpp.ii
>> Extracted line2function data from fast.cpp.ii
>> Extracted line2function data from fast_score.cpp.ii
>> Extracted line2function data from fed.cpp.ii
>> Extracted line2function data from mser.cpp.ii
>> Reverted mser.cpp to original from mser.MUT817.cpp
>> Extracted line2function data saved to line2function.json
>> Applied patch to mser.cpp with mser.MUT817.cpp
>> Building opencv_features2d_TF_top30
TC32.sh on line 695 has count: 83848
>> Buggy line 695 is covered by failing TC TC32.sh
TC1.sh on line 695 has count: 0
TC2.sh on line 695 has count: 0
TC3.sh on line 695 has count: 0
TC4.sh on line 695 has count: 0
TC5.sh on line 695 has count: 0
TC6.sh on line 695 has count: 0
TC7.sh on line 695 has count: 0
TC8.sh on line 695 has count: 0
TC9.sh on line 695 has count: 0
TC10.sh on line 695 has count: 0
TC11.sh on line 695 has count: 0
TC12.sh on line 695 has count: 0
TC13.sh on line 695 has count: 0
TC14.sh on line 695 has count: 0
TC15.sh on line 695 has count: 0
TC16.sh on line 695 has count: 0
TC17.sh on line 695 has count: 0
TC18.sh on line 695 has count: 0
TC19.sh on line 695 has count: 0
TC20.sh on line 695 has count: 0
TC21.sh on line 695 has count: 0
TC22.sh on line 695 has count: 0
TC23.sh on line 695 has count: 0
TC24.sh on line 695 has count: 0
TC25.sh on line 695 has count: 0
TC26.sh on line 695 has count: 0
TC27.sh on line 695 has count: 0
TC28.sh on line 695 has count: 0
TC29.sh on line 695 has count: 0
TC30.sh on line 695 has count: 0
TC31.sh on line 695 has count: 0
TC33.sh on line 695 has count: 0
TC34.sh on line 695 has count: 0
TC35.sh on line 695 has count: 0
TC36.sh on line 695 has count: 0
TC37.sh on line 695 has count: 0
TC38.sh on line 695 has count: 0
TC39.sh on line 695 has count: 0
TC40.sh on line 695 has count: 0
TC41.sh on line 695 has count: 0
TC42.sh on line 695 has count: 0
TC43.sh on line 695 has count: 0
TC44.sh on line 695 has count: 0
TC45.sh on line 695 has count: 0
TC46.sh on line 695 has count: 0
TC47.sh on line 695 has count: 0
TC48.sh on line 695 has count: 0
TC49.sh on line 695 has count: 0
TC50.sh on line 695 has count: 0
TC51.sh on line 695 has count: 0
TC52.sh on line 695 has count: 0
TC53.sh on line 695 has count: 0
TC54.sh on line 695 has count: 0
TC55.sh on line 695 has count: 0
TC56.sh on line 695 has count: 0
TC57.sh on line 695 has count: 0
TC58.sh on line 695 has count: 0
TC59.sh on line 695 has count: 0
TC60.sh on line 695 has count: 0
TC61.sh on line 695 has count: 0
TC62.sh on line 695 has count: 0
initialization on line 695 has count: 0
>> Buggy line 695 is NOT covered by failing TC initialization
Lines executed on initialization saved at lines_executed_at_initialization.txt
>> Reverted mser.cpp to original from mser.MUT817.cpp
SELECT tc_name, tc_result FROM tc_info WHERE bug_idx = %s [860]
Failing test case TC32.sh executes buggy line opencv_features2d_TF_top30/modules/features2d/src/mser.cpp#preprocessMSER_8uC3(struct cv::MSCRNode * node, struct cv::MSCREdge * edge, double * total, const class cv::Mat & src, class cv::Mat & dx, class cv::Mat & dy, int Ne, int edgeBlurSize)#695
Executed lines by test cases are saved at lines_executed_by_failing_tc.json
Executed lines by test cases are saved at lines_executed_by_passing_tc.json
Executed lines by test cases are saved at lines_executed_by_ccts.json
>> Saving version mser.MUT817.cpp to database

+++++ STDERR +++++

+++++ results for brisk.MUT2271.cpp +++++
+++++ STDOUT +++++
SELECT bug_idx FROM bug_info WHERE subject = %s AND experiment_name = %s AND version = %s ['opencv_features2d_TF_top30', 'TF_top30', 'brisk.MUT2271.cpp']
SELECT target_code_file, buggy_code_file, pre_start_line FROM bug_info WHERE bug_idx = %s [1131]
SELECT tc_name, tc_result FROM tc_info WHERE bug_idx = %s [1131]
Testing version brisk.MUT2271.cpp on faster28.swtv::core7
>> Building opencv_features2d_TF_top30
>> Applied patch to brisk.cpp with brisk.MUT2271.cpp
>> Building opencv_features2d_TF_top30
>> Extracted line2function data from brisk.cpp.ii
>> Extracted line2function data from fast.avx2.cpp.ii
>> Extracted line2function data from fast.cpp.ii
>> Extracted line2function data from fast_score.cpp.ii
>> Extracted line2function data from fed.cpp.ii
>> Extracted line2function data from mser.cpp.ii
>> Reverted brisk.cpp to original from brisk.MUT2271.cpp
>> Extracted line2function data saved to line2function.json
>> Applied patch to brisk.cpp with brisk.MUT2271.cpp
>> Building opencv_features2d_TF_top30
TC16.sh on line 1689 has count: 1048
>> Buggy line 1689 is covered by failing TC TC16.sh
TC1.sh on line 1689 has count: 0
TC2.sh on line 1689 has count: 0
TC3.sh on line 1689 has count: 0
TC4.sh on line 1689 has count: 0
TC5.sh on line 1689 has count: 0
TC6.sh on line 1689 has count: 0
TC7.sh on line 1689 has count: 9471
TC8.sh on line 1689 has count: 0
TC9.sh on line 1689 has count: 0
TC10.sh on line 1689 has count: 0
TC11.sh on line 1689 has count: 0
TC12.sh on line 1689 has count: 0
TC13.sh on line 1689 has count: 0
TC14.sh on line 1689 has count: 0
TC15.sh on line 1689 has count: 0
TC17.sh on line 1689 has count: 0
TC18.sh on line 1689 has count: 0
TC19.sh on line 1689 has count: 0
TC20.sh on line 1689 has count: 0
TC21.sh on line 1689 has count: 0
TC22.sh on line 1689 has count: 0
TC23.sh on line 1689 has count: 0
TC24.sh on line 1689 has count: 0
TC25.sh on line 1689 has count: 0
TC26.sh on line 1689 has count: 0
TC27.sh on line 1689 has count: 1048
TC28.sh on line 1689 has count: 0
TC29.sh on line 1689 has count: 0
TC30.sh on line 1689 has count: 0
TC31.sh on line 1689 has count: 0
TC32.sh on line 1689 has count: 0
TC33.sh on line 1689 has count: 0
TC34.sh on line 1689 has count: 0
TC35.sh on line 1689 has count: 0
TC36.sh on line 1689 has count: 0
TC37.sh on line 1689 has count: 0
TC38.sh on line 1689 has count: 0
TC39.sh on line 1689 has count: 0
TC40.sh on line 1689 has count: 0
TC41.sh on line 1689 has count: 0
TC42.sh on line 1689 has count: 0
TC43.sh on line 1689 has count: 0
TC44.sh on line 1689 has count: 0
TC45.sh on line 1689 has count: 0
TC46.sh on line 1689 has count: 0
TC47.sh on line 1689 has count: 46
TC48.sh on line 1689 has count: 0
TC50.sh on line 1689 has count: 0
TC51.sh on line 1689 has count: 0
TC52.sh on line 1689 has count: 0
TC53.sh on line 1689 has count: 0
TC54.sh on line 1689 has count: 0
TC55.sh on line 1689 has count: 0
TC56.sh on line 1689 has count: 0
TC57.sh on line 1689 has count: 0
TC58.sh on line 1689 has count: 0
TC59.sh on line 1689 has count: 0
TC60.sh on line 1689 has count: 0
TC61.sh on line 1689 has count: 0
TC62.sh on line 1689 has count: 0
initialization on line 1689 has count: 0
>> Buggy line 1689 is NOT covered by failing TC initialization
Lines executed on initialization saved at lines_executed_at_initialization.txt
>> Reverted brisk.cpp to original from brisk.MUT2271.cpp
>> CCTs are updated in the database
SELECT tc_name, tc_result FROM tc_info WHERE bug_idx = %s [1131]
Failing test case TC16.sh executes buggy line opencv_features2d_TF_top30/modules/features2d/src/brisk.cpp#BriskScaleSpace::getScoreMaxBelow(const int layer, const int x_layer, const int y_layer, const int threshold, _Bool & ismax, float & dx, float & dy)#1689
Executed lines by test cases are saved at lines_executed_by_failing_tc.json
Executed lines by test cases are saved at lines_executed_by_passing_tc.json
Executed lines by test cases are saved at lines_executed_by_ccts.json
>> Saving version brisk.MUT2271.cpp to database

+++++ STDERR +++++

+++++ results for brisk.MUT2743.cpp +++++
+++++ STDOUT +++++
SELECT bug_idx FROM bug_info WHERE subject = %s AND experiment_name = %s AND version = %s ['opencv_features2d_TF_top30', 'TF_top30', 'brisk.MUT2743.cpp']
SELECT target_code_file, buggy_code_file, pre_start_line FROM bug_info WHERE bug_idx = %s [1425]
SELECT tc_name, tc_result FROM tc_info WHERE bug_idx = %s [1425]
Testing version brisk.MUT2743.cpp on faster28.swtv::core7
>> Building opencv_features2d_TF_top30
>> Applied patch to brisk.cpp with brisk.MUT2743.cpp
>> Building opencv_features2d_TF_top30
>> Extracted line2function data from brisk.cpp.ii
>> Extracted line2function data from fast.avx2.cpp.ii
>> Extracted line2function data from fast.cpp.ii
>> Extracted line2function data from fast_score.cpp.ii
>> Extracted line2function data from fed.cpp.ii
>> Extracted line2function data from mser.cpp.ii
>> Reverted brisk.cpp to original from brisk.MUT2743.cpp
>> Extracted line2function data saved to line2function.json
>> Applied patch to brisk.cpp with brisk.MUT2743.cpp
>> Building opencv_features2d_TF_top30
TC16.sh on line 1964 has count: 295
>> Buggy line 1964 is covered by failing TC TC16.sh
TC1.sh on line 1964 has count: 0
TC2.sh on line 1964 has count: 0
TC3.sh on line 1964 has count: 0
TC4.sh on line 1964 has count: 0
TC5.sh on line 1964 has count: 0
TC6.sh on line 1964 has count: 0
TC7.sh on line 1964 has count: 3798
TC8.sh on line 1964 has count: 0
TC9.sh on line 1964 has count: 0
TC10.sh on line 1964 has count: 0
TC11.sh on line 1964 has count: 0
TC12.sh on line 1964 has count: 0
TC13.sh on line 1964 has count: 0
TC14.sh on line 1964 has count: 0
TC15.sh on line 1964 has count: 0
TC17.sh on line 1964 has count: 0
TC18.sh on line 1964 has count: 0
TC19.sh on line 1964 has count: 0
TC20.sh on line 1964 has count: 0
TC21.sh on line 1964 has count: 0
TC22.sh on line 1964 has count: 0
TC23.sh on line 1964 has count: 0
TC24.sh on line 1964 has count: 0
TC25.sh on line 1964 has count: 0
TC26.sh on line 1964 has count: 0
TC27.sh on line 1964 has count: 295
TC28.sh on line 1964 has count: 0
TC29.sh on line 1964 has count: 0
TC30.sh on line 1964 has count: 0
TC31.sh on line 1964 has count: 0
TC32.sh on line 1964 has count: 0
TC33.sh on line 1964 has count: 0
TC34.sh on line 1964 has count: 0
TC35.sh on line 1964 has count: 0
TC36.sh on line 1964 has count: 0
TC37.sh on line 1964 has count: 0
TC38.sh on line 1964 has count: 0
TC39.sh on line 1964 has count: 0
TC40.sh on line 1964 has count: 0
TC41.sh on line 1964 has count: 0
TC42.sh on line 1964 has count: 0
TC43.sh on line 1964 has count: 0
TC44.sh on line 1964 has count: 0
TC45.sh on line 1964 has count: 0
TC46.sh on line 1964 has count: 0
TC47.sh on line 1964 has count: 10
TC48.sh on line 1964 has count: 0
TC49.sh on line 1964 has count: 2045
TC50.sh on line 1964 has count: 0
TC51.sh on line 1964 has count: 0
TC52.sh on line 1964 has count: 0
TC53.sh on line 1964 has count: 0
TC54.sh on line 1964 has count: 0
TC55.sh on line 1964 has count: 0
TC56.sh on line 1964 has count: 0
TC57.sh on line 1964 has count: 0
TC58.sh on line 1964 has count: 0
TC59.sh on line 1964 has count: 0
TC60.sh on line 1964 has count: 0
TC61.sh on line 1964 has count: 0
TC62.sh on line 1964 has count: 0
initialization on line 1964 has count: 0
>> Buggy line 1964 is NOT covered by failing TC initialization
Lines executed on initialization saved at lines_executed_at_initialization.txt
>> Reverted brisk.cpp to original from brisk.MUT2743.cpp
>> CCTs are updated in the database
SELECT tc_name, tc_result FROM tc_info WHERE bug_idx = %s [1425]
Failing test case TC16.sh executes buggy line opencv_features2d_TF_top30/modules/features2d/src/brisk.cpp#BriskScaleSpace::refine1D_1(const float s_05, const float s0, const float s05, float & max)#1964
Executed lines by test cases are saved at lines_executed_by_failing_tc.json
Executed lines by test cases are saved at lines_executed_by_passing_tc.json
Executed lines by test cases are saved at lines_executed_by_ccts.json
>> Saving version brisk.MUT2743.cpp to database

+++++ STDERR +++++

+++++ results for brisk.MUT1989.cpp +++++
+++++ STDOUT +++++
SELECT bug_idx FROM bug_info WHERE subject = %s AND experiment_name = %s AND version = %s ['opencv_features2d_TF_top30', 'TF_top30', 'brisk.MUT1989.cpp']
SELECT target_code_file, buggy_code_file, pre_start_line FROM bug_info WHERE bug_idx = %s [1690]
SELECT tc_name, tc_result FROM tc_info WHERE bug_idx = %s [1690]
Testing version brisk.MUT1989.cpp on faster28.swtv::core7
>> Building opencv_features2d_TF_top30
>> Applied patch to brisk.cpp with brisk.MUT1989.cpp
>> Building opencv_features2d_TF_top30
>> Extracted line2function data from brisk.cpp.ii
>> Extracted line2function data from fast.avx2.cpp.ii
>> Extracted line2function data from fast.cpp.ii
>> Extracted line2function data from fast_score.cpp.ii
>> Extracted line2function data from fed.cpp.ii
>> Extracted line2function data from mser.cpp.ii
>> Reverted brisk.cpp to original from brisk.MUT1989.cpp
>> Extracted line2function data saved to line2function.json
>> Applied patch to brisk.cpp with brisk.MUT1989.cpp
>> Building opencv_features2d_TF_top30
TC16.sh on line 1534 has count: 647
>> Buggy line 1534 is covered by failing TC TC16.sh
TC1.sh on line 1534 has count: 0
TC2.sh on line 1534 has count: 0
TC3.sh on line 1534 has count: 0
TC4.sh on line 1534 has count: 0
TC5.sh on line 1534 has count: 0
TC6.sh on line 1534 has count: 0
TC7.sh on line 1534 has count: 5449
TC8.sh on line 1534 has count: 0
TC9.sh on line 1534 has count: 0
TC10.sh on line 1534 has count: 0
TC11.sh on line 1534 has count: 0
TC12.sh on line 1534 has count: 0
TC13.sh on line 1534 has count: 0
TC14.sh on line 1534 has count: 0
TC15.sh on line 1534 has count: 0
TC17.sh on line 1534 has count: 0
TC18.sh on line 1534 has count: 0
TC19.sh on line 1534 has count: 0
TC20.sh on line 1534 has count: 0
TC21.sh on line 1534 has count: 0
TC22.sh on line 1534 has count: 0
TC23.sh on line 1534 has count: 0
TC24.sh on line 1534 has count: 0
TC25.sh on line 1534 has count: 0
TC26.sh on line 1534 has count: 0
TC27.sh on line 1534 has count: 647
TC28.sh on line 1534 has count: 0
TC29.sh on line 1534 has count: 0
TC30.sh on line 1534 has count: 0
TC31.sh on line 1534 has count: 0
TC32.sh on line 1534 has count: 0
TC33.sh on line 1534 has count: 0
TC34.sh on line 1534 has count: 0
TC35.sh on line 1534 has count: 0
TC36.sh on line 1534 has count: 0
TC37.sh on line 1534 has count: 0
TC38.sh on line 1534 has count: 0
TC39.sh on line 1534 has count: 0
TC40.sh on line 1534 has count: 0
TC41.sh on line 1534 has count: 0
TC42.sh on line 1534 has count: 0
TC43.sh on line 1534 has count: 0
TC44.sh on line 1534 has count: 0
TC45.sh on line 1534 has count: 0
TC46.sh on line 1534 has count: 0
TC47.sh on line 1534 has count: 29
TC48.sh on line 1534 has count: 0
TC49.sh on line 1534 has count: 3707
TC50.sh on line 1534 has count: 0
TC51.sh on line 1534 has count: 0
TC52.sh on line 1534 has count: 0
TC53.sh on line 1534 has count: 0
TC54.sh on line 1534 has count: 0
TC55.sh on line 1534 has count: 0
TC56.sh on line 1534 has count: 0
TC57.sh on line 1534 has count: 0
TC58.sh on line 1534 has count: 0
TC59.sh on line 1534 has count: 0
TC60.sh on line 1534 has count: 0
TC61.sh on line 1534 has count: 0
TC62.sh on line 1534 has count: 0
initialization on line 1534 has count: 0
>> Buggy line 1534 is NOT covered by failing TC initialization
Lines executed on initialization saved at lines_executed_at_initialization.txt
>> Reverted brisk.cpp to original from brisk.MUT1989.cpp
>> CCTs are updated in the database
SELECT tc_name, tc_result FROM tc_info WHERE bug_idx = %s [1690]
Failing test case TC16.sh executes buggy line opencv_features2d_TF_top30/modules/features2d/src/brisk.cpp#BriskScaleSpace::getScoreMaxAbove(const int layer, const int x_layer, const int y_layer, const int threshold, _Bool & ismax, float & dx, float & dy)#1534
Executed lines by test cases are saved at lines_executed_by_failing_tc.json
Executed lines by test cases are saved at lines_executed_by_passing_tc.json
Executed lines by test cases are saved at lines_executed_by_ccts.json
>> Saving version brisk.MUT1989.cpp to database

+++++ STDERR +++++

+++++ results for brisk.MUT2742.cpp +++++
+++++ STDOUT +++++
SELECT bug_idx FROM bug_info WHERE subject = %s AND experiment_name = %s AND version = %s ['opencv_features2d_TF_top30', 'TF_top30', 'brisk.MUT2742.cpp']
SELECT target_code_file, buggy_code_file, pre_start_line FROM bug_info WHERE bug_idx = %s [90]
SELECT tc_name, tc_result FROM tc_info WHERE bug_idx = %s [90]
Testing version brisk.MUT2742.cpp on faster28.swtv::core7
>> Building opencv_features2d_TF_top30
>> Applied patch to brisk.cpp with brisk.MUT2742.cpp
>> Building opencv_features2d_TF_top30
>> Extracted line2function data from brisk.cpp.ii
>> Extracted line2function data from fast.avx2.cpp.ii
>> Extracted line2function data from fast.cpp.ii
>> Extracted line2function data from fast_score.cpp.ii
>> Extracted line2function data from fed.cpp.ii
>> Extracted line2function data from mser.cpp.ii
>> Reverted brisk.cpp to original from brisk.MUT2742.cpp
>> Extracted line2function data saved to line2function.json
>> Applied patch to brisk.cpp with brisk.MUT2742.cpp
>> Building opencv_features2d_TF_top30
TC16.sh on line 1964 has count: 295
>> Buggy line 1964 is covered by failing TC TC16.sh
TC1.sh on line 1964 has count: 0
TC2.sh on line 1964 has count: 0
TC3.sh on line 1964 has count: 0
TC4.sh on line 1964 has count: 0
TC5.sh on line 1964 has count: 0
TC6.sh on line 1964 has count: 0
TC7.sh on line 1964 has count: 3798
TC8.sh on line 1964 has count: 0
TC9.sh on line 1964 has count: 0
TC10.sh on line 1964 has count: 0
TC11.sh on line 1964 has count: 0
TC12.sh on line 1964 has count: 0
TC13.sh on line 1964 has count: 0
TC14.sh on line 1964 has count: 0
TC15.sh on line 1964 has count: 0
TC17.sh on line 1964 has count: 0
TC18.sh on line 1964 has count: 0
TC19.sh on line 1964 has count: 0
TC20.sh on line 1964 has count: 0
TC21.sh on line 1964 has count: 0
TC22.sh on line 1964 has count: 0
TC23.sh on line 1964 has count: 0
TC24.sh on line 1964 has count: 0
TC25.sh on line 1964 has count: 0
TC26.sh on line 1964 has count: 0
TC27.sh on line 1964 has count: 295
TC28.sh on line 1964 has count: 0
TC29.sh on line 1964 has count: 0
TC30.sh on line 1964 has count: 0
TC31.sh on line 1964 has count: 0
TC32.sh on line 1964 has count: 0
TC33.sh on line 1964 has count: 0
TC34.sh on line 1964 has count: 0
TC35.sh on line 1964 has count: 0
TC36.sh on line 1964 has count: 0
TC37.sh on line 1964 has count: 0
TC38.sh on line 1964 has count: 0
TC39.sh on line 1964 has count: 0
TC40.sh on line 1964 has count: 0
TC41.sh on line 1964 has count: 0
TC42.sh on line 1964 has count: 0
TC43.sh on line 1964 has count: 0
TC44.sh on line 1964 has count: 0
TC45.sh on line 1964 has count: 0
TC46.sh on line 1964 has count: 0
TC47.sh on line 1964 has count: 10
TC48.sh on line 1964 has count: 0
TC49.sh on line 1964 has count: 2045
TC50.sh on line 1964 has count: 0
TC51.sh on line 1964 has count: 0
TC52.sh on line 1964 has count: 0
TC53.sh on line 1964 has count: 0
TC54.sh on line 1964 has count: 0
TC55.sh on line 1964 has count: 0
TC56.sh on line 1964 has count: 0
TC57.sh on line 1964 has count: 0
TC58.sh on line 1964 has count: 0
TC59.sh on line 1964 has count: 0
TC60.sh on line 1964 has count: 0
TC61.sh on line 1964 has count: 0
TC62.sh on line 1964 has count: 0
initialization on line 1964 has count: 0
>> Buggy line 1964 is NOT covered by failing TC initialization
Lines executed on initialization saved at lines_executed_at_initialization.txt
>> Reverted brisk.cpp to original from brisk.MUT2742.cpp
>> CCTs are updated in the database
SELECT tc_name, tc_result FROM tc_info WHERE bug_idx = %s [90]
Failing test case TC16.sh executes buggy line opencv_features2d_TF_top30/modules/features2d/src/brisk.cpp#BriskScaleSpace::refine1D_1(const float s_05, const float s0, const float s05, float & max)#1964
Executed lines by test cases are saved at lines_executed_by_failing_tc.json
Executed lines by test cases are saved at lines_executed_by_passing_tc.json
Executed lines by test cases are saved at lines_executed_by_ccts.json
>> Saving version brisk.MUT2742.cpp to database

+++++ STDERR +++++

+++++ results for fast.MUT311.cpp +++++
+++++ STDOUT +++++
SELECT bug_idx FROM bug_info WHERE subject = %s AND experiment_name = %s AND version = %s ['opencv_features2d_TF_top30', 'TF_top30', 'fast.MUT311.cpp']
SELECT target_code_file, buggy_code_file, pre_start_line FROM bug_info WHERE bug_idx = %s [957]
SELECT tc_name, tc_result FROM tc_info WHERE bug_idx = %s [957]
Testing version fast.MUT311.cpp on faster28.swtv::core7
>> Building opencv_features2d_TF_top30
>> Applied patch to fast.cpp with fast.MUT311.cpp
>> Building opencv_features2d_TF_top30
>> Extracted line2function data from brisk.cpp.ii
>> Extracted line2function data from fast.avx2.cpp.ii
>> Extracted line2function data from fast.cpp.ii
>> Extracted line2function data from fast_score.cpp.ii
>> Extracted line2function data from fed.cpp.ii
>> Extracted line2function data from mser.cpp.ii
>> Reverted fast.cpp to original from fast.MUT311.cpp
>> Extracted line2function data saved to line2function.json
>> Applied patch to fast.cpp with fast.MUT311.cpp
>> Building opencv_features2d_TF_top30
TC26.sh on line 254 has count: 102894
>> Buggy line 254 is covered by failing TC TC26.sh
TC1.sh on line 254 has count: 0
TC2.sh on line 254 has count: 0
TC3.sh on line 254 has count: 0
TC4.sh on line 254 has count: 0
TC5.sh on line 254 has count: 0
TC6.sh on line 254 has count: 0
TC7.sh on line 254 has count: 0
TC8.sh on line 254 has count: 0
TC9.sh on line 254 has count: 0
TC10.sh on line 254 has count: 0
TC11.sh on line 254 has count: 0
TC12.sh on line 254 has count: 0
TC13.sh on line 254 has count: 0
TC14.sh on line 254 has count: 191160
TC15.sh on line 254 has count: 0
TC16.sh on line 254 has count: 0
TC17.sh on line 254 has count: 4694
TC18.sh on line 254 has count: 0
TC19.sh on line 254 has count: 0
TC20.sh on line 254 has count: 0
TC21.sh on line 254 has count: 0
TC22.sh on line 254 has count: 9602
TC23.sh on line 254 has count: 0
TC24.sh on line 254 has count: 0
TC25.sh on line 254 has count: 0
TC27.sh on line 254 has count: 0
TC28.sh on line 254 has count: 4694
TC29.sh on line 254 has count: 0
TC30.sh on line 254 has count: 0
TC31.sh on line 254 has count: 0
TC32.sh on line 254 has count: 0
TC33.sh on line 254 has count: 9602
TC34.sh on line 254 has count: 0
TC35.sh on line 254 has count: 0
TC36.sh on line 254 has count: 0
TC37.sh on line 254 has count: 0
TC38.sh on line 254 has count: 0
TC39.sh on line 254 has count: 0
TC40.sh on line 254 has count: 0
TC41.sh on line 254 has count: 2190
TC42.sh on line 254 has count: 0
TC43.sh on line 254 has count: 0
TC44.sh on line 254 has count: 0
TC45.sh on line 254 has count: 0
TC46.sh on line 254 has count: 0
TC47.sh on line 254 has count: 10028
TC48.sh on line 254 has count: 0
TC49.sh on line 254 has count: 0
TC50.sh on line 254 has count: 63722
TC51.sh on line 254 has count: 0
TC52.sh on line 254 has count: 0
TC53.sh on line 254 has count: 0
TC54.sh on line 254 has count: 0
TC55.sh on line 254 has count: 0
TC56.sh on line 254 has count: 0
TC57.sh on line 254 has count: 0
TC58.sh on line 254 has count: 0
TC59.sh on line 254 has count: 0
TC60.sh on line 254 has count: 0
TC61.sh on line 254 has count: 0
TC62.sh on line 254 has count: 0
initialization on line 254 has count: 0
>> Buggy line 254 is NOT covered by failing TC initialization
Lines executed on initialization saved at lines_executed_at_initialization.txt
>> Reverted fast.cpp to original from fast.MUT311.cpp
>> CCTs are updated in the database
SELECT tc_name, tc_result FROM tc_info WHERE bug_idx = %s [957]
Failing test case TC26.sh executes buggy line opencv_features2d_TF_top30/modules/features2d/src/fast.cpp#FAST_t(cv::InputArray _img, int & keypoints, int threshold, _Bool nonmax_suppression)#254
Executed lines by test cases are saved at lines_executed_by_failing_tc.json
Executed lines by test cases are saved at lines_executed_by_passing_tc.json
Executed lines by test cases are saved at lines_executed_by_ccts.json
>> Saving version fast.MUT311.cpp to database

+++++ STDERR +++++

+++++ results for fast.avx2.MUT82.cpp +++++
+++++ STDOUT +++++
SELECT bug_idx FROM bug_info WHERE subject = %s AND experiment_name = %s AND version = %s ['opencv_features2d_TF_top30', 'TF_top30', 'fast.avx2.MUT82.cpp']
SELECT target_code_file, buggy_code_file, pre_start_line FROM bug_info WHERE bug_idx = %s [1736]
SELECT tc_name, tc_result FROM tc_info WHERE bug_idx = %s [1736]
Testing version fast.avx2.MUT82.cpp on faster28.swtv::core7
>> Building opencv_features2d_TF_top30
>> Applied patch to fast.avx2.cpp with fast.avx2.MUT82.cpp
>> Building opencv_features2d_TF_top30
>> Extracted line2function data from brisk.cpp.ii
>> Extracted line2function data from fast.avx2.cpp.ii
>> Extracted line2function data from fast.cpp.ii
>> Extracted line2function data from fast_score.cpp.ii
>> Extracted line2function data from fed.cpp.ii
>> Extracted line2function data from mser.cpp.ii
>> Reverted fast.avx2.cpp to original from fast.avx2.MUT82.cpp
>> Extracted line2function data saved to line2function.json
>> Applied patch to fast.avx2.cpp with fast.avx2.MUT82.cpp
>> Building opencv_features2d_TF_top30
TC17.sh on line 98 has count: 771
>> Buggy line 98 is covered by failing TC TC17.sh
TC22.sh on line 98 has count: 2230
>> Buggy line 98 is covered by failing TC TC22.sh
TC26.sh on line 98 has count: 5320
>> Buggy line 98 is covered by failing TC TC26.sh
TC1.sh on line 98 has count: 0
TC2.sh on line 98 has count: 0
TC3.sh on line 98 has count: 0
TC4.sh on line 98 has count: 0
TC5.sh on line 98 has count: 0
TC6.sh on line 98 has count: 0
TC7.sh on line 98 has count: 0
TC8.sh on line 98 has count: 0
TC9.sh on line 98 has count: 0
TC10.sh on line 98 has count: 0
TC11.sh on line 98 has count: 0
TC12.sh on line 98 has count: 0
TC13.sh on line 98 has count: 0
TC14.sh on line 98 has count: 52676
TC15.sh on line 98 has count: 0
TC16.sh on line 98 has count: 0
TC18.sh on line 98 has count: 0
TC19.sh on line 98 has count: 0
TC20.sh on line 98 has count: 0
TC21.sh on line 98 has count: 0
TC23.sh on line 98 has count: 0
TC24.sh on line 98 has count: 0
TC25.sh on line 98 has count: 0
TC27.sh on line 98 has count: 0
TC28.sh on line 98 has count: 771
TC29.sh on line 98 has count: 0
TC30.sh on line 98 has count: 0
TC31.sh on line 98 has count: 0
TC32.sh on line 98 has count: 0
TC33.sh on line 98 has count: 2230
TC34.sh on line 98 has count: 0
TC35.sh on line 98 has count: 0
TC36.sh on line 98 has count: 0
TC37.sh on line 98 has count: 0
TC38.sh on line 98 has count: 0
TC39.sh on line 98 has count: 0
TC40.sh on line 98 has count: 0
TC41.sh on line 98 has count: 5235
TC42.sh on line 98 has count: 0
TC43.sh on line 98 has count: 0
TC44.sh on line 98 has count: 0
TC45.sh on line 98 has count: 0
TC46.sh on line 98 has count: 0
TC47.sh on line 98 has count: 63
TC48.sh on line 98 has count: 0
TC49.sh on line 98 has count: 0
TC50.sh on line 98 has count: 24108
TC51.sh on line 98 has count: 0
TC52.sh on line 98 has count: 0
TC53.sh on line 98 has count: 0
TC54.sh on line 98 has count: 0
TC55.sh on line 98 has count: 0
TC56.sh on line 98 has count: 0
TC57.sh on line 98 has count: 0
TC58.sh on line 98 has count: 0
TC59.sh on line 98 has count: 0
TC60.sh on line 98 has count: 0
TC61.sh on line 98 has count: 0
TC62.sh on line 98 has count: 0
initialization on line 98 has count: 0
>> Buggy line 98 is NOT covered by failing TC initialization
Lines executed on initialization saved at lines_executed_at_initialization.txt
>> Reverted fast.avx2.cpp to original from fast.avx2.MUT82.cpp
>> CCTs are updated in the database
SELECT tc_name, tc_result FROM tc_info WHERE bug_idx = %s [1736]
Failing test case TC17.sh executes buggy line opencv_features2d_TF_top30/modules/features2d/src/fast.avx2.cpp#FAST_t_patternSize16_AVX2_Impl::process(int & j, const uchar *& ptr, uchar * curr, int * cornerpos, int & ncorners)#98
Failing test case TC22.sh executes buggy line opencv_features2d_TF_top30/modules/features2d/src/fast.avx2.cpp#FAST_t_patternSize16_AVX2_Impl::process(int & j, const uchar *& ptr, uchar * curr, int * cornerpos, int & ncorners)#98
Failing test case TC26.sh executes buggy line opencv_features2d_TF_top30/modules/features2d/src/fast.avx2.cpp#FAST_t_patternSize16_AVX2_Impl::process(int & j, const uchar *& ptr, uchar * curr, int * cornerpos, int & ncorners)#98
Executed lines by test cases are saved at lines_executed_by_failing_tc.json
Executed lines by test cases are saved at lines_executed_by_passing_tc.json
Executed lines by test cases are saved at lines_executed_by_ccts.json
>> Saving version fast.avx2.MUT82.cpp to database
>> Cleaning build for opencv_features2d_TF_top30

+++++ STDERR +++++
