
+++++ results for fast.MUT136.cpp +++++
+++++ STDOUT +++++
SELECT bug_idx FROM bug_info WHERE subject = %s AND experiment_name = %s AND version = %s ['opencv_features2d_TF_top30', 'TF_top30', 'fast.MUT136.cpp']
SELECT target_code_file, buggy_code_file, pre_start_line FROM bug_info WHERE bug_idx = %s [145]
SELECT tc_name, tc_result FROM tc_info WHERE bug_idx = %s [145]
Testing version fast.MUT136.cpp on faster23.swtv::core2
>> Configuring opencv_features2d_TF_top30 with coverage
>> Building opencv_features2d_TF_top30
>> Applied patch to fast.cpp with fast.MUT136.cpp
>> Building opencv_features2d_TF_top30
>> Extracted line2function data from brisk.cpp.ii
>> Extracted line2function data from fast.avx2.cpp.ii
>> Extracted line2function data from fast.cpp.ii
>> Extracted line2function data from fast_score.cpp.ii
>> Extracted line2function data from fed.cpp.ii
>> Extracted line2function data from mser.cpp.ii
>> Reverted fast.cpp to original from fast.MUT136.cpp
>> Extracted line2function data saved to line2function.json
>> Applied patch to fast.cpp with fast.MUT136.cpp
>> Building opencv_features2d_TF_top30
TC26.sh on line 146 has count: 62
>> Buggy line 146 is covered by failing TC TC26.sh
TC1.sh on line 146 has count: 0
TC2.sh on line 146 has count: 0
TC3.sh on line 146 has count: 0
TC4.sh on line 146 has count: 0
TC5.sh on line 146 has count: 0
TC6.sh on line 146 has count: 0
TC7.sh on line 146 has count: 0
TC8.sh on line 146 has count: 0
TC9.sh on line 146 has count: 0
TC10.sh on line 146 has count: 0
TC11.sh on line 146 has count: 0
TC12.sh on line 146 has count: 0
TC13.sh on line 146 has count: 0
TC14.sh on line 146 has count: 3330
TC15.sh on line 146 has count: 0
TC16.sh on line 146 has count: 0
TC17.sh on line 146 has count: 50
TC18.sh on line 146 has count: 0
TC19.sh on line 146 has count: 0
TC20.sh on line 146 has count: 0
TC21.sh on line 146 has count: 0
TC22.sh on line 146 has count: 170
TC23.sh on line 146 has count: 0
TC24.sh on line 146 has count: 0
TC25.sh on line 146 has count: 0
TC27.sh on line 146 has count: 0
TC28.sh on line 146 has count: 50
TC29.sh on line 146 has count: 0
TC30.sh on line 146 has count: 0
TC31.sh on line 146 has count: 0
TC32.sh on line 146 has count: 0
TC33.sh on line 146 has count: 170
TC34.sh on line 146 has count: 0
TC35.sh on line 146 has count: 0
TC36.sh on line 146 has count: 0
TC37.sh on line 146 has count: 0
TC38.sh on line 146 has count: 0
TC39.sh on line 146 has count: 0
TC40.sh on line 146 has count: 0
TC41.sh on line 146 has count: 330
TC42.sh on line 146 has count: 0
TC43.sh on line 146 has count: 0
TC44.sh on line 146 has count: 0
TC45.sh on line 146 has count: 0
TC46.sh on line 146 has count: 0
TC47.sh on line 146 has count: 234
TC48.sh on line 146 has count: 0
TC49.sh on line 146 has count: 0
TC50.sh on line 146 has count: 1468
TC51.sh on line 146 has count: 0
TC52.sh on line 146 has count: 0
TC53.sh on line 146 has count: 0
TC54.sh on line 146 has count: 0
TC55.sh on line 146 has count: 0
TC56.sh on line 146 has count: 0
TC57.sh on line 146 has count: 0
TC58.sh on line 146 has count: 0
TC59.sh on line 146 has count: 0
TC60.sh on line 146 has count: 0
TC61.sh on line 146 has count: 0
TC62.sh on line 146 has count: 0
initialization on line 146 has count: 0
>> Buggy line 146 is NOT covered by failing TC initialization
Lines executed on initialization saved at lines_executed_at_initialization.txt
>> Reverted fast.cpp to original from fast.MUT136.cpp
>> CCTs are updated in the database
SELECT tc_name, tc_result FROM tc_info WHERE bug_idx = %s [145]
Failing test case TC26.sh executes buggy line opencv_features2d_TF_top30/modules/features2d/src/fast.cpp#FAST_t(cv::InputArray _img, int & keypoints, int threshold, _Bool nonmax_suppression)#146
Executed lines by test cases are saved at lines_executed_by_failing_tc.json
Executed lines by test cases are saved at lines_executed_by_passing_tc.json
Executed lines by test cases are saved at lines_executed_by_ccts.json
>> Saving version fast.MUT136.cpp to database

+++++ STDERR +++++

+++++ results for fast_score.MUT143.cpp +++++
+++++ STDOUT +++++
SELECT bug_idx FROM bug_info WHERE subject = %s AND experiment_name = %s AND version = %s ['opencv_features2d_TF_top30', 'TF_top30', 'fast_score.MUT143.cpp']
SELECT target_code_file, buggy_code_file, pre_start_line FROM bug_info WHERE bug_idx = %s [469]
SELECT tc_name, tc_result FROM tc_info WHERE bug_idx = %s [469]
Testing version fast_score.MUT143.cpp on faster23.swtv::core2
>> Building opencv_features2d_TF_top30
>> Applied patch to fast_score.cpp with fast_score.MUT143.cpp
>> Building opencv_features2d_TF_top30
>> Extracted line2function data from brisk.cpp.ii
>> Extracted line2function data from fast.avx2.cpp.ii
>> Extracted line2function data from fast.cpp.ii
>> Extracted line2function data from fast_score.cpp.ii
>> Extracted line2function data from fed.cpp.ii
>> Extracted line2function data from mser.cpp.ii
>> Reverted fast_score.cpp to original from fast_score.MUT143.cpp
>> Extracted line2function data saved to line2function.json
>> Applied patch to fast_score.cpp with fast_score.MUT143.cpp
>> Building opencv_features2d_TF_top30
TC26.sh on line 164 has count: 2
>> Buggy line 164 is covered by failing TC TC26.sh
TC1.sh on line 164 has count: 0
TC2.sh on line 164 has count: 0
TC3.sh on line 164 has count: 0
TC4.sh on line 164 has count: 0
TC5.sh on line 164 has count: 0
TC6.sh on line 164 has count: 0
TC7.sh on line 164 has count: 0
TC8.sh on line 164 has count: 0
TC9.sh on line 164 has count: 0
TC10.sh on line 164 has count: 0
TC11.sh on line 164 has count: 0
TC12.sh on line 164 has count: 0
TC13.sh on line 164 has count: 0
TC14.sh on line 164 has count: 6896
TC15.sh on line 164 has count: 0
TC16.sh on line 164 has count: 0
TC17.sh on line 164 has count: 163
TC18.sh on line 164 has count: 0
TC19.sh on line 164 has count: 0
TC20.sh on line 164 has count: 0
TC21.sh on line 164 has count: 0
TC22.sh on line 164 has count: 365
TC23.sh on line 164 has count: 0
TC24.sh on line 164 has count: 0
TC25.sh on line 164 has count: 0
TC27.sh on line 164 has count: 0
TC28.sh on line 164 has count: 163
TC29.sh on line 164 has count: 0
TC30.sh on line 164 has count: 0
TC31.sh on line 164 has count: 0
TC32.sh on line 164 has count: 0
TC33.sh on line 164 has count: 365
TC34.sh on line 164 has count: 0
TC35.sh on line 164 has count: 0
TC36.sh on line 164 has count: 0
TC37.sh on line 164 has count: 0
TC38.sh on line 164 has count: 0
TC39.sh on line 164 has count: 0
TC40.sh on line 164 has count: 0
TC41.sh on line 164 has count: 15
TC42.sh on line 164 has count: 0
TC43.sh on line 164 has count: 0
TC44.sh on line 164 has count: 0
TC45.sh on line 164 has count: 0
TC46.sh on line 164 has count: 0
TC47.sh on line 164 has count: 390
TC48.sh on line 164 has count: 0
TC49.sh on line 164 has count: 0
TC50.sh on line 164 has count: 3988
TC51.sh on line 164 has count: 0
TC52.sh on line 164 has count: 0
TC53.sh on line 164 has count: 0
TC54.sh on line 164 has count: 0
TC55.sh on line 164 has count: 0
TC56.sh on line 164 has count: 0
TC57.sh on line 164 has count: 0
TC58.sh on line 164 has count: 0
TC59.sh on line 164 has count: 0
TC60.sh on line 164 has count: 0
TC61.sh on line 164 has count: 0
TC62.sh on line 164 has count: 0
initialization on line 164 has count: 0
>> Buggy line 164 is NOT covered by failing TC initialization
Lines executed on initialization saved at lines_executed_at_initialization.txt
>> Reverted fast_score.cpp to original from fast_score.MUT143.cpp
>> CCTs are updated in the database
SELECT tc_name, tc_result FROM tc_info WHERE bug_idx = %s [469]
Failing test case TC26.sh executes buggy line opencv_features2d_TF_top30/modules/features2d/src/fast_score.cpp#cornerScore(const uchar * ptr, const int * pixel, int threshold)#164
Executed lines by test cases are saved at lines_executed_by_failing_tc.json
Executed lines by test cases are saved at lines_executed_by_passing_tc.json
Executed lines by test cases are saved at lines_executed_by_ccts.json
>> Saving version fast_score.MUT143.cpp to database

+++++ STDERR +++++

+++++ results for mser.MUT1342.cpp +++++
+++++ STDOUT +++++
SELECT bug_idx FROM bug_info WHERE subject = %s AND experiment_name = %s AND version = %s ['opencv_features2d_TF_top30', 'TF_top30', 'mser.MUT1342.cpp']
SELECT target_code_file, buggy_code_file, pre_start_line FROM bug_info WHERE bug_idx = %s [769]
SELECT tc_name, tc_result FROM tc_info WHERE bug_idx = %s [769]
Testing version mser.MUT1342.cpp on faster23.swtv::core2
>> Building opencv_features2d_TF_top30
>> Applied patch to mser.cpp with mser.MUT1342.cpp
>> Building opencv_features2d_TF_top30
>> Extracted line2function data from brisk.cpp.ii
>> Extracted line2function data from fast.avx2.cpp.ii
>> Extracted line2function data from fast.cpp.ii
>> Extracted line2function data from fast_score.cpp.ii
>> Extracted line2function data from fed.cpp.ii
>> Extracted line2function data from mser.cpp.ii
>> Reverted mser.cpp to original from mser.MUT1342.cpp
>> Extracted line2function data saved to line2function.json
>> Applied patch to mser.cpp with mser.MUT1342.cpp
>> Building opencv_features2d_TF_top30
TC32.sh on line 952 has count: 1077
>> Buggy line 952 is covered by failing TC TC32.sh
TC1.sh on line 952 has count: 0
TC2.sh on line 952 has count: 0
TC3.sh on line 952 has count: 0
TC4.sh on line 952 has count: 0
TC5.sh on line 952 has count: 0
TC6.sh on line 952 has count: 0
TC7.sh on line 952 has count: 0
TC8.sh on line 952 has count: 0
TC9.sh on line 952 has count: 0
TC10.sh on line 952 has count: 0
TC11.sh on line 952 has count: 0
TC12.sh on line 952 has count: 0
TC13.sh on line 952 has count: 0
TC14.sh on line 952 has count: 0
TC15.sh on line 952 has count: 0
TC16.sh on line 952 has count: 0
TC17.sh on line 952 has count: 0
TC18.sh on line 952 has count: 0
TC19.sh on line 952 has count: 0
TC20.sh on line 952 has count: 0
TC21.sh on line 952 has count: 0
TC22.sh on line 952 has count: 0
TC23.sh on line 952 has count: 0
TC24.sh on line 952 has count: 0
TC25.sh on line 952 has count: 0
TC26.sh on line 952 has count: 0
TC27.sh on line 952 has count: 0
TC28.sh on line 952 has count: 0
TC29.sh on line 952 has count: 0
TC30.sh on line 952 has count: 0
TC31.sh on line 952 has count: 0
TC33.sh on line 952 has count: 0
TC34.sh on line 952 has count: 0
TC35.sh on line 952 has count: 0
TC36.sh on line 952 has count: 0
TC37.sh on line 952 has count: 0
TC38.sh on line 952 has count: 0
TC39.sh on line 952 has count: 0
TC40.sh on line 952 has count: 0
TC41.sh on line 952 has count: 0
TC42.sh on line 952 has count: 0
TC43.sh on line 952 has count: 0
TC44.sh on line 952 has count: 0
TC45.sh on line 952 has count: 0
TC46.sh on line 952 has count: 0
TC47.sh on line 952 has count: 0
TC48.sh on line 952 has count: 0
TC49.sh on line 952 has count: 0
TC50.sh on line 952 has count: 0
TC51.sh on line 952 has count: 0
TC52.sh on line 952 has count: 0
TC53.sh on line 952 has count: 0
TC54.sh on line 952 has count: 0
TC55.sh on line 952 has count: 0
TC56.sh on line 952 has count: 0
TC57.sh on line 952 has count: 0
TC58.sh on line 952 has count: 0
TC59.sh on line 952 has count: 0
TC60.sh on line 952 has count: 0
TC61.sh on line 952 has count: 0
TC62.sh on line 952 has count: 0
initialization on line 952 has count: 0
>> Buggy line 952 is NOT covered by failing TC initialization
Lines executed on initialization saved at lines_executed_at_initialization.txt
>> Reverted mser.cpp to original from mser.MUT1342.cpp
SELECT tc_name, tc_result FROM tc_info WHERE bug_idx = %s [769]
Failing test case TC32.sh executes buggy line opencv_features2d_TF_top30/modules/features2d/src/mser.cpp#extractMSER_8uC3(const class cv::Mat & src, int & msers, int & bboxvec, const class MSER_Impl::Params & params)#952
Executed lines by test cases are saved at lines_executed_by_failing_tc.json
Executed lines by test cases are saved at lines_executed_by_passing_tc.json
Executed lines by test cases are saved at lines_executed_by_ccts.json
>> Saving version mser.MUT1342.cpp to database

+++++ STDERR +++++

+++++ results for fast.MUT220.cpp +++++
+++++ STDOUT +++++
SELECT bug_idx FROM bug_info WHERE subject = %s AND experiment_name = %s AND version = %s ['opencv_features2d_TF_top30', 'TF_top30', 'fast.MUT220.cpp']
SELECT target_code_file, buggy_code_file, pre_start_line FROM bug_info WHERE bug_idx = %s [1041]
SELECT tc_name, tc_result FROM tc_info WHERE bug_idx = %s [1041]
Testing version fast.MUT220.cpp on faster23.swtv::core2
>> Building opencv_features2d_TF_top30
>> Applied patch to fast.cpp with fast.MUT220.cpp
>> Building opencv_features2d_TF_top30
>> Extracted line2function data from brisk.cpp.ii
>> Extracted line2function data from fast.avx2.cpp.ii
>> Extracted line2function data from fast.cpp.ii
>> Extracted line2function data from fast_score.cpp.ii
>> Extracted line2function data from fed.cpp.ii
>> Extracted line2function data from mser.cpp.ii
>> Reverted fast.cpp to original from fast.MUT220.cpp
>> Extracted line2function data saved to line2function.json
>> Applied patch to fast.cpp with fast.MUT220.cpp
>> Building opencv_features2d_TF_top30
TC26.sh on line 202 has count: 294130
>> Buggy line 202 is covered by failing TC TC26.sh
TC1.sh on line 202 has count: 0
TC2.sh on line 202 has count: 0
TC3.sh on line 202 has count: 0
TC4.sh on line 202 has count: 0
TC5.sh on line 202 has count: 0
TC6.sh on line 202 has count: 0
TC7.sh on line 202 has count: 0
TC8.sh on line 202 has count: 0
TC9.sh on line 202 has count: 0
TC10.sh on line 202 has count: 0
TC11.sh on line 202 has count: 0
TC12.sh on line 202 has count: 0
TC13.sh on line 202 has count: 0
TC15.sh on line 202 has count: 0
TC16.sh on line 202 has count: 0
TC18.sh on line 202 has count: 0
TC19.sh on line 202 has count: 0
TC20.sh on line 202 has count: 0
TC21.sh on line 202 has count: 0
TC23.sh on line 202 has count: 0
TC24.sh on line 202 has count: 0
TC25.sh on line 202 has count: 0
TC27.sh on line 202 has count: 0
TC29.sh on line 202 has count: 0
TC30.sh on line 202 has count: 0
TC31.sh on line 202 has count: 0
TC32.sh on line 202 has count: 0
TC34.sh on line 202 has count: 0
TC35.sh on line 202 has count: 0
TC36.sh on line 202 has count: 0
TC37.sh on line 202 has count: 0
TC38.sh on line 202 has count: 0
TC39.sh on line 202 has count: 0
TC40.sh on line 202 has count: 0
TC42.sh on line 202 has count: 0
TC44.sh on line 202 has count: 0
TC45.sh on line 202 has count: 0
TC46.sh on line 202 has count: 0
TC48.sh on line 202 has count: 0
TC49.sh on line 202 has count: 0
TC51.sh on line 202 has count: 0
TC52.sh on line 202 has count: 0
TC53.sh on line 202 has count: 0
TC54.sh on line 202 has count: 0
TC55.sh on line 202 has count: 0
TC56.sh on line 202 has count: 0
TC57.sh on line 202 has count: 0
TC58.sh on line 202 has count: 0
TC59.sh on line 202 has count: 0
TC60.sh on line 202 has count: 0
TC61.sh on line 202 has count: 0
TC62.sh on line 202 has count: 0
initialization on line 202 has count: 0
>> Buggy line 202 is NOT covered by failing TC initialization
Lines executed on initialization saved at lines_executed_at_initialization.txt
>> Reverted fast.cpp to original from fast.MUT220.cpp
SELECT tc_name, tc_result FROM tc_info WHERE bug_idx = %s [1041]
Failing test case TC26.sh executes buggy line opencv_features2d_TF_top30/modules/features2d/src/fast.cpp#FAST_t(cv::InputArray _img, int & keypoints, int threshold, _Bool nonmax_suppression)#202
Executed lines by test cases are saved at lines_executed_by_failing_tc.json
Executed lines by test cases are saved at lines_executed_by_passing_tc.json
Executed lines by test cases are saved at lines_executed_by_ccts.json
>> Saving version fast.MUT220.cpp to database

+++++ STDERR +++++

+++++ results for brisk.MUT1971.cpp +++++
+++++ STDOUT +++++
SELECT bug_idx FROM bug_info WHERE subject = %s AND experiment_name = %s AND version = %s ['opencv_features2d_TF_top30', 'TF_top30', 'brisk.MUT1971.cpp']
SELECT target_code_file, buggy_code_file, pre_start_line FROM bug_info WHERE bug_idx = %s [1295]
SELECT tc_name, tc_result FROM tc_info WHERE bug_idx = %s [1295]
Testing version brisk.MUT1971.cpp on faster23.swtv::core2
>> Building opencv_features2d_TF_top30
>> Applied patch to brisk.cpp with brisk.MUT1971.cpp
>> Building opencv_features2d_TF_top30
>> Extracted line2function data from brisk.cpp.ii
>> Extracted line2function data from fast.avx2.cpp.ii
>> Extracted line2function data from fast.cpp.ii
>> Extracted line2function data from fast_score.cpp.ii
>> Extracted line2function data from fed.cpp.ii
>> Extracted line2function data from mser.cpp.ii
>> Reverted brisk.cpp to original from brisk.MUT1971.cpp
>> Extracted line2function data saved to line2function.json
>> Applied patch to brisk.cpp with brisk.MUT1971.cpp
>> Building opencv_features2d_TF_top30
TC16.sh on line 1524 has count: 1269
>> Buggy line 1524 is covered by failing TC TC16.sh
TC1.sh on line 1524 has count: 0
TC2.sh on line 1524 has count: 0
TC3.sh on line 1524 has count: 0
TC4.sh on line 1524 has count: 0
TC5.sh on line 1524 has count: 0
TC6.sh on line 1524 has count: 0
TC7.sh on line 1524 has count: 7143
TC8.sh on line 1524 has count: 0
TC9.sh on line 1524 has count: 0
TC10.sh on line 1524 has count: 0
TC11.sh on line 1524 has count: 0
TC12.sh on line 1524 has count: 0
TC13.sh on line 1524 has count: 0
TC14.sh on line 1524 has count: 0
TC15.sh on line 1524 has count: 0
TC17.sh on line 1524 has count: 0
TC18.sh on line 1524 has count: 0
TC19.sh on line 1524 has count: 0
TC20.sh on line 1524 has count: 0
TC21.sh on line 1524 has count: 0
TC22.sh on line 1524 has count: 0
TC23.sh on line 1524 has count: 0
TC24.sh on line 1524 has count: 0
TC25.sh on line 1524 has count: 0
TC26.sh on line 1524 has count: 0
TC27.sh on line 1524 has count: 1269
TC28.sh on line 1524 has count: 0
TC29.sh on line 1524 has count: 0
TC30.sh on line 1524 has count: 0
TC31.sh on line 1524 has count: 0
TC32.sh on line 1524 has count: 0
TC33.sh on line 1524 has count: 0
TC34.sh on line 1524 has count: 0
TC35.sh on line 1524 has count: 0
TC36.sh on line 1524 has count: 0
TC37.sh on line 1524 has count: 0
TC38.sh on line 1524 has count: 0
TC39.sh on line 1524 has count: 0
TC40.sh on line 1524 has count: 0
TC41.sh on line 1524 has count: 0
TC42.sh on line 1524 has count: 0
TC43.sh on line 1524 has count: 0
TC44.sh on line 1524 has count: 0
TC45.sh on line 1524 has count: 0
TC46.sh on line 1524 has count: 0
TC47.sh on line 1524 has count: 48
TC48.sh on line 1524 has count: 0
TC49.sh on line 1524 has count: 8083
TC50.sh on line 1524 has count: 0
TC51.sh on line 1524 has count: 0
TC52.sh on line 1524 has count: 0
TC53.sh on line 1524 has count: 0
TC54.sh on line 1524 has count: 0
TC55.sh on line 1524 has count: 0
TC56.sh on line 1524 has count: 0
TC57.sh on line 1524 has count: 0
TC58.sh on line 1524 has count: 0
TC59.sh on line 1524 has count: 0
TC60.sh on line 1524 has count: 0
TC61.sh on line 1524 has count: 0
TC62.sh on line 1524 has count: 0
initialization on line 1524 has count: 0
>> Buggy line 1524 is NOT covered by failing TC initialization
Lines executed on initialization saved at lines_executed_at_initialization.txt
>> Reverted brisk.cpp to original from brisk.MUT1971.cpp
>> CCTs are updated in the database
SELECT tc_name, tc_result FROM tc_info WHERE bug_idx = %s [1295]
Failing test case TC16.sh executes buggy line opencv_features2d_TF_top30/modules/features2d/src/brisk.cpp#BriskScaleSpace::getScoreMaxAbove(const int layer, const int x_layer, const int y_layer, const int threshold, _Bool & ismax, float & dx, float & dy)#1524
Executed lines by test cases are saved at lines_executed_by_failing_tc.json
Executed lines by test cases are saved at lines_executed_by_passing_tc.json
Executed lines by test cases are saved at lines_executed_by_ccts.json
>> Saving version brisk.MUT1971.cpp to database

+++++ STDERR +++++

+++++ results for brisk.MUT596.cpp +++++
+++++ STDOUT +++++
SELECT bug_idx FROM bug_info WHERE subject = %s AND experiment_name = %s AND version = %s ['opencv_features2d_TF_top30', 'TF_top30', 'brisk.MUT596.cpp']
SELECT target_code_file, buggy_code_file, pre_start_line FROM bug_info WHERE bug_idx = %s [1594]
SELECT tc_name, tc_result FROM tc_info WHERE bug_idx = %s [1594]
Testing version brisk.MUT596.cpp on faster23.swtv::core2
>> Building opencv_features2d_TF_top30
>> Applied patch to brisk.cpp with brisk.MUT596.cpp
>> Building opencv_features2d_TF_top30
>> Extracted line2function data from brisk.cpp.ii
>> Extracted line2function data from fast.avx2.cpp.ii
>> Extracted line2function data from fast.cpp.ii
>> Extracted line2function data from fast_score.cpp.ii
>> Extracted line2function data from fed.cpp.ii
>> Extracted line2function data from mser.cpp.ii
>> Reverted brisk.cpp to original from brisk.MUT596.cpp
>> Extracted line2function data saved to line2function.json
>> Applied patch to brisk.cpp with brisk.MUT596.cpp
>> Building opencv_features2d_TF_top30
TC16.sh on line 643 has count: 62257
>> Buggy line 643 is covered by failing TC TC16.sh
TC1.sh on line 643 has count: 0
TC2.sh on line 643 has count: 0
TC3.sh on line 643 has count: 0
TC4.sh on line 643 has count: 0
TC5.sh on line 643 has count: 0
TC6.sh on line 643 has count: 0
TC7.sh on line 643 has count: 591295
TC8.sh on line 643 has count: 0
TC9.sh on line 643 has count: 60741
TC10.sh on line 643 has count: 0
TC11.sh on line 643 has count: 0
TC12.sh on line 643 has count: 0
TC13.sh on line 643 has count: 0
TC14.sh on line 643 has count: 0
TC15.sh on line 643 has count: 0
TC17.sh on line 643 has count: 0
TC18.sh on line 643 has count: 0
TC19.sh on line 643 has count: 0
TC20.sh on line 643 has count: 0
TC21.sh on line 643 has count: 0
TC22.sh on line 643 has count: 0
TC23.sh on line 643 has count: 0
TC24.sh on line 643 has count: 0
TC25.sh on line 643 has count: 0
TC26.sh on line 643 has count: 0
TC27.sh on line 643 has count: 62257
TC28.sh on line 643 has count: 0
TC29.sh on line 643 has count: 0
TC30.sh on line 643 has count: 0
TC31.sh on line 643 has count: 0
TC32.sh on line 643 has count: 0
TC33.sh on line 643 has count: 0
TC34.sh on line 643 has count: 0
TC35.sh on line 643 has count: 0
TC36.sh on line 643 has count: 0
TC37.sh on line 643 has count: 0
TC38.sh on line 643 has count: 0
TC39.sh on line 643 has count: 0
TC40.sh on line 643 has count: 0
TC41.sh on line 643 has count: 0
TC42.sh on line 643 has count: 0
TC43.sh on line 643 has count: 0
TC44.sh on line 643 has count: 0
TC45.sh on line 643 has count: 0
TC46.sh on line 643 has count: 0
TC47.sh on line 643 has count: 0
TC48.sh on line 643 has count: 0
TC49.sh on line 643 has count: 488530
TC50.sh on line 643 has count: 0
TC51.sh on line 643 has count: 0
TC52.sh on line 643 has count: 0
TC53.sh on line 643 has count: 0
TC54.sh on line 643 has count: 0
TC55.sh on line 643 has count: 0
TC56.sh on line 643 has count: 0
TC57.sh on line 643 has count: 0
TC58.sh on line 643 has count: 0
TC59.sh on line 643 has count: 0
TC60.sh on line 643 has count: 0
TC61.sh on line 643 has count: 0
TC62.sh on line 643 has count: 0
initialization on line 643 has count: 0
>> Buggy line 643 is NOT covered by failing TC initialization
Lines executed on initialization saved at lines_executed_at_initialization.txt
>> Reverted brisk.cpp to original from brisk.MUT596.cpp
>> CCTs are updated in the database
SELECT tc_name, tc_result FROM tc_info WHERE bug_idx = %s [1594]
Failing test case TC16.sh executes buggy line opencv_features2d_TF_top30/modules/features2d/src/brisk.cpp#BRISK_Impl::smoothedIntensity(const cv::Mat & image, const cv::Mat & integral, const float key_x, const float key_y, const unsigned int scale, const unsigned int rot, const unsigned int point)#643
Executed lines by test cases are saved at lines_executed_by_failing_tc.json
Executed lines by test cases are saved at lines_executed_by_passing_tc.json
Executed lines by test cases are saved at lines_executed_by_ccts.json
>> Saving version brisk.MUT596.cpp to database

+++++ STDERR +++++

+++++ results for brisk.MUT2257.cpp +++++
+++++ STDOUT +++++
SELECT bug_idx FROM bug_info WHERE subject = %s AND experiment_name = %s AND version = %s ['opencv_features2d_TF_top30', 'TF_top30', 'brisk.MUT2257.cpp']
SELECT target_code_file, buggy_code_file, pre_start_line FROM bug_info WHERE bug_idx = %s [1897]
SELECT tc_name, tc_result FROM tc_info WHERE bug_idx = %s [1897]
Testing version brisk.MUT2257.cpp on faster23.swtv::core2
>> Building opencv_features2d_TF_top30
>> Applied patch to brisk.cpp with brisk.MUT2257.cpp
>> Building opencv_features2d_TF_top30
>> Extracted line2function data from brisk.cpp.ii
>> Extracted line2function data from fast.avx2.cpp.ii
>> Extracted line2function data from fast.cpp.ii
>> Extracted line2function data from fast_score.cpp.ii
>> Extracted line2function data from fed.cpp.ii
>> Extracted line2function data from mser.cpp.ii
>> Reverted brisk.cpp to original from brisk.MUT2257.cpp
>> Extracted line2function data saved to line2function.json
>> Applied patch to brisk.cpp with brisk.MUT2257.cpp
>> Building opencv_features2d_TF_top30
TC16.sh on line 1677 has count: 1680
>> Buggy line 1677 is covered by failing TC TC16.sh
TC49.sh on line 1677 has count: 10711
>> Buggy line 1677 is covered by failing TC TC49.sh
TC1.sh on line 1677 has count: 0
TC2.sh on line 1677 has count: 0
TC3.sh on line 1677 has count: 0
TC4.sh on line 1677 has count: 0
TC5.sh on line 1677 has count: 0
TC6.sh on line 1677 has count: 0
TC7.sh on line 1677 has count: 11705
TC8.sh on line 1677 has count: 0
TC9.sh on line 1677 has count: 0
TC10.sh on line 1677 has count: 0
TC11.sh on line 1677 has count: 0
TC12.sh on line 1677 has count: 0
TC13.sh on line 1677 has count: 0
TC14.sh on line 1677 has count: 0
TC15.sh on line 1677 has count: 0
TC17.sh on line 1677 has count: 0
TC18.sh on line 1677 has count: 0
TC19.sh on line 1677 has count: 0
TC20.sh on line 1677 has count: 0
TC21.sh on line 1677 has count: 0
TC22.sh on line 1677 has count: 0
TC23.sh on line 1677 has count: 0
TC24.sh on line 1677 has count: 0
TC25.sh on line 1677 has count: 0
TC26.sh on line 1677 has count: 0
TC27.sh on line 1677 has count: 1680
TC28.sh on line 1677 has count: 0
TC29.sh on line 1677 has count: 0
TC30.sh on line 1677 has count: 0
TC31.sh on line 1677 has count: 0
TC32.sh on line 1677 has count: 0
TC33.sh on line 1677 has count: 0
TC34.sh on line 1677 has count: 0
TC35.sh on line 1677 has count: 0
TC36.sh on line 1677 has count: 0
TC37.sh on line 1677 has count: 0
TC38.sh on line 1677 has count: 0
TC39.sh on line 1677 has count: 0
TC40.sh on line 1677 has count: 0
TC41.sh on line 1677 has count: 0
TC42.sh on line 1677 has count: 0
TC43.sh on line 1677 has count: 0
TC44.sh on line 1677 has count: 0
TC45.sh on line 1677 has count: 0
TC46.sh on line 1677 has count: 0
TC47.sh on line 1677 has count: 64
TC48.sh on line 1677 has count: 0
TC50.sh on line 1677 has count: 0
TC51.sh on line 1677 has count: 0
TC52.sh on line 1677 has count: 0
TC53.sh on line 1677 has count: 0
TC54.sh on line 1677 has count: 0
TC55.sh on line 1677 has count: 0
TC56.sh on line 1677 has count: 0
TC57.sh on line 1677 has count: 0
TC58.sh on line 1677 has count: 0
TC59.sh on line 1677 has count: 0
TC60.sh on line 1677 has count: 0
TC61.sh on line 1677 has count: 0
TC62.sh on line 1677 has count: 0
initialization on line 1677 has count: 0
>> Buggy line 1677 is NOT covered by failing TC initialization
Lines executed on initialization saved at lines_executed_at_initialization.txt
>> Reverted brisk.cpp to original from brisk.MUT2257.cpp
>> CCTs are updated in the database
SELECT tc_name, tc_result FROM tc_info WHERE bug_idx = %s [1897]
Failing test case TC16.sh executes buggy line opencv_features2d_TF_top30/modules/features2d/src/brisk.cpp#BriskScaleSpace::getScoreMaxAbove(const int layer, const int x_layer, const int y_layer, const int threshold, _Bool & ismax, float & dx, float & dy)#1677
Failing test case TC49.sh executes buggy line opencv_features2d_TF_top30/modules/features2d/src/brisk.cpp#BriskScaleSpace::getScoreMaxAbove(const int layer, const int x_layer, const int y_layer, const int threshold, _Bool & ismax, float & dx, float & dy)#1677
Executed lines by test cases are saved at lines_executed_by_failing_tc.json
Executed lines by test cases are saved at lines_executed_by_passing_tc.json
Executed lines by test cases are saved at lines_executed_by_ccts.json
>> Saving version brisk.MUT2257.cpp to database

+++++ STDERR +++++

+++++ results for fed.MUT104.cpp +++++
+++++ STDOUT +++++
SELECT bug_idx FROM bug_info WHERE subject = %s AND experiment_name = %s AND version = %s ['opencv_features2d_TF_top30', 'TF_top30', 'fed.MUT104.cpp']
SELECT target_code_file, buggy_code_file, pre_start_line FROM bug_info WHERE bug_idx = %s [692]
SELECT tc_name, tc_result FROM tc_info WHERE bug_idx = %s [692]
Testing version fed.MUT104.cpp on faster23.swtv::core2
>> Building opencv_features2d_TF_top30
>> Applied patch to fed.cpp with fed.MUT104.cpp
>> Building opencv_features2d_TF_top30
>> Extracted line2function data from brisk.cpp.ii
>> Extracted line2function data from fast.avx2.cpp.ii
>> Extracted line2function data from fast.cpp.ii
>> Extracted line2function data from fast_score.cpp.ii
>> Extracted line2function data from fed.cpp.ii
>> Extracted line2function data from mser.cpp.ii
>> Reverted fed.cpp to original from fed.MUT104.cpp
>> Extracted line2function data saved to line2function.json
>> Applied patch to fed.cpp with fed.MUT104.cpp
>> Building opencv_features2d_TF_top30
TC23.sh on line 173 has count: 25
>> Buggy line 173 is covered by failing TC TC23.sh
TC1.sh on line 173 has count: 0
TC2.sh on line 173 has count: 0
TC3.sh on line 173 has count: 0
TC4.sh on line 173 has count: 25
TC5.sh on line 173 has count: 0
TC6.sh on line 173 has count: 0
TC7.sh on line 173 has count: 0
TC8.sh on line 173 has count: 0
TC9.sh on line 173 has count: 0
TC10.sh on line 173 has count: 0
TC11.sh on line 173 has count: 75
TC12.sh on line 173 has count: 32
TC13.sh on line 173 has count: 32
TC14.sh on line 173 has count: 0
TC15.sh on line 173 has count: 0
TC16.sh on line 173 has count: 0
TC17.sh on line 173 has count: 0
TC18.sh on line 173 has count: 0
TC19.sh on line 173 has count: 0
TC20.sh on line 173 has count: 0
TC21.sh on line 173 has count: 0
TC22.sh on line 173 has count: 0
TC24.sh on line 173 has count: 15
TC25.sh on line 173 has count: 15
TC26.sh on line 173 has count: 0
TC27.sh on line 173 has count: 0
TC28.sh on line 173 has count: 0
TC29.sh on line 173 has count: 0
TC30.sh on line 173 has count: 0
TC31.sh on line 173 has count: 0
TC32.sh on line 173 has count: 0
TC33.sh on line 173 has count: 0
TC34.sh on line 173 has count: 25
TC35.sh on line 173 has count: 30
TC36.sh on line 173 has count: 0
TC37.sh on line 173 has count: 0
TC38.sh on line 173 has count: 0
TC39.sh on line 173 has count: 0
TC40.sh on line 173 has count: 0
TC41.sh on line 173 has count: 0
TC42.sh on line 173 has count: 0
TC43.sh on line 173 has count: 0
TC44.sh on line 173 has count: 0
TC45.sh on line 173 has count: 0
TC46.sh on line 173 has count: 0
TC47.sh on line 173 has count: 37
TC48.sh on line 173 has count: 0
TC49.sh on line 173 has count: 0
TC50.sh on line 173 has count: 0
TC51.sh on line 173 has count: 0
TC52.sh on line 173 has count: 0
TC53.sh on line 173 has count: 0
TC54.sh on line 173 has count: 0
TC55.sh on line 173 has count: 0
TC56.sh on line 173 has count: 0
TC57.sh on line 173 has count: 0
TC58.sh on line 173 has count: 0
TC59.sh on line 173 has count: 0
TC60.sh on line 173 has count: 0
TC61.sh on line 173 has count: 0
TC62.sh on line 173 has count: 0
initialization on line 173 has count: 0
>> Buggy line 173 is NOT covered by failing TC initialization
Lines executed on initialization saved at lines_executed_at_initialization.txt
>> Reverted fed.cpp to original from fed.MUT104.cpp
>> CCTs are updated in the database
SELECT tc_name, tc_result FROM tc_info WHERE bug_idx = %s [692]
Failing test case TC23.sh executes buggy line opencv_features2d_TF_top30/modules/features2d/src/kaze/fed.cpp#fed_is_prime_internal(const int & number)#173
Executed lines by test cases are saved at lines_executed_by_failing_tc.json
Executed lines by test cases are saved at lines_executed_by_passing_tc.json
Executed lines by test cases are saved at lines_executed_by_ccts.json
>> Saving version fed.MUT104.cpp to database

+++++ STDERR +++++

+++++ results for brisk.MUT799.cpp +++++
+++++ STDOUT +++++
SELECT bug_idx FROM bug_info WHERE subject = %s AND experiment_name = %s AND version = %s ['opencv_features2d_TF_top30', 'TF_top30', 'brisk.MUT799.cpp']
SELECT target_code_file, buggy_code_file, pre_start_line FROM bug_info WHERE bug_idx = %s [1489]
SELECT tc_name, tc_result FROM tc_info WHERE bug_idx = %s [1489]
Testing version brisk.MUT799.cpp on faster23.swtv::core2
>> Building opencv_features2d_TF_top30
>> Applied patch to brisk.cpp with brisk.MUT799.cpp
>> Building opencv_features2d_TF_top30
>> Extracted line2function data from brisk.cpp.ii
>> Extracted line2function data from fast.avx2.cpp.ii
>> Extracted line2function data from fast.cpp.ii
>> Extracted line2function data from fast_score.cpp.ii
>> Extracted line2function data from fed.cpp.ii
>> Extracted line2function data from mser.cpp.ii
>> Reverted brisk.cpp to original from brisk.MUT799.cpp
>> Extracted line2function data saved to line2function.json
>> Applied patch to brisk.cpp with brisk.MUT799.cpp
>> Building opencv_features2d_TF_top30
TC7.sh on line 764 has count: 1347
>> Buggy line 764 is covered by failing TC TC7.sh
TC9.sh on line 764 has count: 676
>> Buggy line 764 is covered by failing TC TC9.sh
TC16.sh on line 764 has count: 1369
>> Buggy line 764 is covered by failing TC TC16.sh
TC1.sh on line 764 has count: 0
TC2.sh on line 764 has count: 0
TC3.sh on line 764 has count: 0
TC4.sh on line 764 has count: 0
TC5.sh on line 764 has count: 0
TC6.sh on line 764 has count: 0
TC8.sh on line 764 has count: 0
TC10.sh on line 764 has count: 0
TC11.sh on line 764 has count: 0
TC12.sh on line 764 has count: 0
TC13.sh on line 764 has count: 0
TC14.sh on line 764 has count: 0
TC15.sh on line 764 has count: 0
TC17.sh on line 764 has count: 0
TC18.sh on line 764 has count: 0
TC19.sh on line 764 has count: 0
TC20.sh on line 764 has count: 0
TC21.sh on line 764 has count: 0
TC22.sh on line 764 has count: 0
TC23.sh on line 764 has count: 0
TC24.sh on line 764 has count: 0
TC25.sh on line 764 has count: 0
TC26.sh on line 764 has count: 0
TC27.sh on line 764 has count: 1369
TC28.sh on line 764 has count: 0
TC29.sh on line 764 has count: 0
TC30.sh on line 764 has count: 0
TC31.sh on line 764 has count: 0
TC32.sh on line 764 has count: 0
TC33.sh on line 764 has count: 0
TC34.sh on line 764 has count: 0
TC35.sh on line 764 has count: 0
TC36.sh on line 764 has count: 0
TC37.sh on line 764 has count: 0
TC38.sh on line 764 has count: 0
TC39.sh on line 764 has count: 0
TC40.sh on line 764 has count: 0
TC41.sh on line 764 has count: 0
TC42.sh on line 764 has count: 0
TC43.sh on line 764 has count: 0
TC44.sh on line 764 has count: 0
TC45.sh on line 764 has count: 0
TC46.sh on line 764 has count: 0
TC47.sh on line 764 has count: 55
TC48.sh on line 764 has count: 0
TC50.sh on line 764 has count: 0
TC51.sh on line 764 has count: 0
TC52.sh on line 764 has count: 0
TC53.sh on line 764 has count: 0
TC54.sh on line 764 has count: 0
TC55.sh on line 764 has count: 0
TC56.sh on line 764 has count: 0
TC57.sh on line 764 has count: 0
TC58.sh on line 764 has count: 0
TC59.sh on line 764 has count: 0
TC60.sh on line 764 has count: 0
TC61.sh on line 764 has count: 0
TC62.sh on line 764 has count: 0
initialization on line 764 has count: 0
>> Buggy line 764 is NOT covered by failing TC initialization
Lines executed on initialization saved at lines_executed_at_initialization.txt
>> Reverted brisk.cpp to original from brisk.MUT799.cpp
>> CCTs are updated in the database
SELECT tc_name, tc_result FROM tc_info WHERE bug_idx = %s [1489]
Failing test case TC7.sh executes buggy line opencv_features2d_TF_top30/modules/features2d/src/brisk.cpp#BRISK_Impl::computeDescriptorsAndOrOrientation(cv::InputArray _image, cv::InputArray _mask, int & keypoints, cv::OutputArray _descriptors, _Bool doDescriptors, _Bool doOrientation, _Bool useProvidedKeypoints)#764
Failing test case TC9.sh executes buggy line opencv_features2d_TF_top30/modules/features2d/src/brisk.cpp#BRISK_Impl::computeDescriptorsAndOrOrientation(cv::InputArray _image, cv::InputArray _mask, int & keypoints, cv::OutputArray _descriptors, _Bool doDescriptors, _Bool doOrientation, _Bool useProvidedKeypoints)#764
Failing test case TC16.sh executes buggy line opencv_features2d_TF_top30/modules/features2d/src/brisk.cpp#BRISK_Impl::computeDescriptorsAndOrOrientation(cv::InputArray _image, cv::InputArray _mask, int & keypoints, cv::OutputArray _descriptors, _Bool doDescriptors, _Bool doOrientation, _Bool useProvidedKeypoints)#764
Executed lines by test cases are saved at lines_executed_by_failing_tc.json
Executed lines by test cases are saved at lines_executed_by_passing_tc.json
Executed lines by test cases are saved at lines_executed_by_ccts.json
>> Saving version brisk.MUT799.cpp to database

+++++ STDERR +++++

+++++ results for brisk.MUT589.cpp +++++
+++++ STDOUT +++++
SELECT bug_idx FROM bug_info WHERE subject = %s AND experiment_name = %s AND version = %s ['opencv_features2d_TF_top30', 'TF_top30', 'brisk.MUT589.cpp']
SELECT target_code_file, buggy_code_file, pre_start_line FROM bug_info WHERE bug_idx = %s [1775]
SELECT tc_name, tc_result FROM tc_info WHERE bug_idx = %s [1775]
Testing version brisk.MUT589.cpp on faster23.swtv::core2
>> Building opencv_features2d_TF_top30
>> Applied patch to brisk.cpp with brisk.MUT589.cpp
>> Building opencv_features2d_TF_top30
>> Extracted line2function data from brisk.cpp.ii
>> Extracted line2function data from fast.avx2.cpp.ii
>> Extracted line2function data from fast.cpp.ii
>> Extracted line2function data from fast_score.cpp.ii
>> Extracted line2function data from fed.cpp.ii
>> Extracted line2function data from mser.cpp.ii
>> Reverted brisk.cpp to original from brisk.MUT589.cpp
>> Extracted line2function data saved to line2function.json
>> Applied patch to brisk.cpp with brisk.MUT589.cpp
>> Building opencv_features2d_TF_top30
TC9.sh on line 640 has count: 21101
>> Buggy line 640 is covered by failing TC TC9.sh
TC16.sh on line 640 has count: 62257
>> Buggy line 640 is covered by failing TC TC16.sh
TC1.sh on line 640 has count: 0
TC2.sh on line 640 has count: 0
TC3.sh on line 640 has count: 0
TC4.sh on line 640 has count: 0
TC5.sh on line 640 has count: 0
TC6.sh on line 640 has count: 0
TC7.sh on line 640 has count: 591295
TC8.sh on line 640 has count: 0
TC10.sh on line 640 has count: 0
TC11.sh on line 640 has count: 0
TC12.sh on line 640 has count: 0
TC13.sh on line 640 has count: 0
TC14.sh on line 640 has count: 0
TC15.sh on line 640 has count: 0
TC17.sh on line 640 has count: 0
TC18.sh on line 640 has count: 0
TC19.sh on line 640 has count: 0
TC20.sh on line 640 has count: 0
TC21.sh on line 640 has count: 0
TC22.sh on line 640 has count: 0
TC23.sh on line 640 has count: 0
TC24.sh on line 640 has count: 0
TC25.sh on line 640 has count: 0
TC26.sh on line 640 has count: 0
TC27.sh on line 640 has count: 34844
TC28.sh on line 640 has count: 0
TC29.sh on line 640 has count: 0
TC30.sh on line 640 has count: 0
TC31.sh on line 640 has count: 0
TC32.sh on line 640 has count: 0
TC33.sh on line 640 has count: 0
TC34.sh on line 640 has count: 0
TC35.sh on line 640 has count: 0
TC36.sh on line 640 has count: 0
TC37.sh on line 640 has count: 0
TC38.sh on line 640 has count: 0
TC39.sh on line 640 has count: 0
TC40.sh on line 640 has count: 0
TC41.sh on line 640 has count: 0
TC42.sh on line 640 has count: 0
TC43.sh on line 640 has count: 0
TC44.sh on line 640 has count: 0
TC45.sh on line 640 has count: 0
TC46.sh on line 640 has count: 0
TC47.sh on line 640 has count: 0
TC48.sh on line 640 has count: 0
TC49.sh on line 640 has count: 488530
TC50.sh on line 640 has count: 0
TC51.sh on line 640 has count: 0
TC52.sh on line 640 has count: 0
TC53.sh on line 640 has count: 0
TC54.sh on line 640 has count: 0
TC55.sh on line 640 has count: 0
TC56.sh on line 640 has count: 0
TC57.sh on line 640 has count: 0
TC58.sh on line 640 has count: 0
TC59.sh on line 640 has count: 0
TC60.sh on line 640 has count: 0
TC61.sh on line 640 has count: 0
TC62.sh on line 640 has count: 0
initialization on line 640 has count: 0
>> Buggy line 640 is NOT covered by failing TC initialization
Lines executed on initialization saved at lines_executed_at_initialization.txt
>> Reverted brisk.cpp to original from brisk.MUT589.cpp
>> CCTs are updated in the database
SELECT tc_name, tc_result FROM tc_info WHERE bug_idx = %s [1775]
Failing test case TC9.sh executes buggy line opencv_features2d_TF_top30/modules/features2d/src/brisk.cpp#BRISK_Impl::smoothedIntensity(const cv::Mat & image, const cv::Mat & integral, const float key_x, const float key_y, const unsigned int scale, const unsigned int rot, const unsigned int point)#640
Failing test case TC16.sh executes buggy line opencv_features2d_TF_top30/modules/features2d/src/brisk.cpp#BRISK_Impl::smoothedIntensity(const cv::Mat & image, const cv::Mat & integral, const float key_x, const float key_y, const unsigned int scale, const unsigned int rot, const unsigned int point)#640
Executed lines by test cases are saved at lines_executed_by_failing_tc.json
Executed lines by test cases are saved at lines_executed_by_passing_tc.json
Executed lines by test cases are saved at lines_executed_by_ccts.json
>> Saving version brisk.MUT589.cpp to database
>> Cleaning build for opencv_features2d_TF_top30

+++++ STDERR +++++
