
+++++ results for brisk.MUT1667.cpp +++++
+++++ STDOUT +++++
SELECT bug_idx FROM bug_info WHERE subject = %s AND experiment_name = %s AND version = %s ['opencv_features2d_TF_top30', 'TF_top30', 'brisk.MUT1667.cpp']
SELECT target_code_file, buggy_code_file, pre_start_line FROM bug_info WHERE bug_idx = %s [127]
SELECT tc_name, tc_result FROM tc_info WHERE bug_idx = %s [127]
Testing version brisk.MUT1667.cpp on faster19.swtv::core2
>> Configuring opencv_features2d_TF_top30 with coverage
>> Building opencv_features2d_TF_top30
>> Applied patch to brisk.cpp with brisk.MUT1667.cpp
>> Building opencv_features2d_TF_top30
>> Extracted line2function data from brisk.cpp.ii
>> Extracted line2function data from fast.avx2.cpp.ii
>> Extracted line2function data from fast.cpp.ii
>> Extracted line2function data from fast_score.cpp.ii
>> Extracted line2function data from fed.cpp.ii
>> Extracted line2function data from mser.cpp.ii
>> Reverted brisk.cpp to original from brisk.MUT1667.cpp
>> Extracted line2function data saved to line2function.json
>> Applied patch to brisk.cpp with brisk.MUT1667.cpp
>> Building opencv_features2d_TF_top30
TC16.sh on line 1331 has count: 183
>> Buggy line 1331 is covered by failing TC TC16.sh
TC1.sh on line 1331 has count: 0
TC2.sh on line 1331 has count: 0
TC3.sh on line 1331 has count: 0
TC4.sh on line 1331 has count: 0
TC5.sh on line 1331 has count: 0
TC6.sh on line 1331 has count: 0
TC7.sh on line 1331 has count: 938
TC8.sh on line 1331 has count: 0
TC9.sh on line 1331 has count: 0
TC10.sh on line 1331 has count: 0
TC11.sh on line 1331 has count: 0
TC12.sh on line 1331 has count: 0
TC13.sh on line 1331 has count: 0
TC14.sh on line 1331 has count: 0
TC15.sh on line 1331 has count: 0
TC17.sh on line 1331 has count: 0
TC18.sh on line 1331 has count: 0
TC19.sh on line 1331 has count: 0
TC20.sh on line 1331 has count: 0
TC21.sh on line 1331 has count: 0
TC22.sh on line 1331 has count: 0
TC23.sh on line 1331 has count: 0
TC24.sh on line 1331 has count: 0
TC25.sh on line 1331 has count: 0
TC26.sh on line 1331 has count: 0
TC27.sh on line 1331 has count: 183
TC28.sh on line 1331 has count: 0
TC29.sh on line 1331 has count: 0
TC30.sh on line 1331 has count: 0
TC31.sh on line 1331 has count: 0
TC32.sh on line 1331 has count: 0
TC33.sh on line 1331 has count: 0
TC34.sh on line 1331 has count: 0
TC35.sh on line 1331 has count: 0
TC36.sh on line 1331 has count: 0
TC37.sh on line 1331 has count: 0
TC38.sh on line 1331 has count: 0
TC39.sh on line 1331 has count: 0
TC40.sh on line 1331 has count: 0
TC41.sh on line 1331 has count: 0
TC42.sh on line 1331 has count: 0
TC43.sh on line 1331 has count: 0
TC44.sh on line 1331 has count: 0
TC45.sh on line 1331 has count: 0
TC46.sh on line 1331 has count: 0
TC47.sh on line 1331 has count: 23
TC48.sh on line 1331 has count: 0
TC49.sh on line 1331 has count: 772
TC50.sh on line 1331 has count: 0
TC51.sh on line 1331 has count: 0
TC52.sh on line 1331 has count: 0
TC53.sh on line 1331 has count: 0
TC54.sh on line 1331 has count: 0
TC55.sh on line 1331 has count: 0
TC56.sh on line 1331 has count: 0
TC57.sh on line 1331 has count: 0
TC58.sh on line 1331 has count: 0
TC59.sh on line 1331 has count: 0
TC60.sh on line 1331 has count: 0
TC61.sh on line 1331 has count: 0
TC62.sh on line 1331 has count: 0
initialization on line 1331 has count: 0
>> Buggy line 1331 is NOT covered by failing TC initialization
Lines executed on initialization saved at lines_executed_at_initialization.txt
>> Reverted brisk.cpp to original from brisk.MUT1667.cpp
>> CCTs are updated in the database
SELECT tc_name, tc_result FROM tc_info WHERE bug_idx = %s [127]
Failing test case TC16.sh executes buggy line opencv_features2d_TF_top30/modules/features2d/src/brisk.cpp#BriskScaleSpace::isMax2D(const int layer, const int x_layer, const int y_layer)#1331
Executed lines by test cases are saved at lines_executed_by_failing_tc.json
Executed lines by test cases are saved at lines_executed_by_passing_tc.json
Executed lines by test cases are saved at lines_executed_by_ccts.json
>> Saving version brisk.MUT1667.cpp to database

+++++ STDERR +++++

+++++ results for mser.MUT1076.cpp +++++
+++++ STDOUT +++++
SELECT bug_idx FROM bug_info WHERE subject = %s AND experiment_name = %s AND version = %s ['opencv_features2d_TF_top30', 'TF_top30', 'mser.MUT1076.cpp']
SELECT target_code_file, buggy_code_file, pre_start_line FROM bug_info WHERE bug_idx = %s [450]
SELECT tc_name, tc_result FROM tc_info WHERE bug_idx = %s [450]
Testing version mser.MUT1076.cpp on faster19.swtv::core2
>> Building opencv_features2d_TF_top30
>> Applied patch to mser.cpp with mser.MUT1076.cpp
>> Building opencv_features2d_TF_top30
>> Extracted line2function data from brisk.cpp.ii
>> Extracted line2function data from fast.avx2.cpp.ii
>> Extracted line2function data from fast.cpp.ii
>> Extracted line2function data from fast_score.cpp.ii
>> Extracted line2function data from fed.cpp.ii
>> Extracted line2function data from mser.cpp.ii
>> Reverted mser.cpp to original from mser.MUT1076.cpp
>> Extracted line2function data saved to line2function.json
>> Applied patch to mser.cpp with mser.MUT1076.cpp
>> Building opencv_features2d_TF_top30
TC32.sh on line 798 has count: 1
>> Buggy line 798 is covered by failing TC TC32.sh
TC1.sh on line 798 has count: 0
TC2.sh on line 798 has count: 0
TC3.sh on line 798 has count: 0
TC4.sh on line 798 has count: 0
TC5.sh on line 798 has count: 0
TC6.sh on line 798 has count: 0
TC7.sh on line 798 has count: 0
TC8.sh on line 798 has count: 0
TC9.sh on line 798 has count: 0
TC10.sh on line 798 has count: 0
TC11.sh on line 798 has count: 0
TC12.sh on line 798 has count: 0
TC13.sh on line 798 has count: 0
TC14.sh on line 798 has count: 0
TC15.sh on line 798 has count: 0
TC16.sh on line 798 has count: 0
TC17.sh on line 798 has count: 0
TC18.sh on line 798 has count: 0
TC19.sh on line 798 has count: 0
TC20.sh on line 798 has count: 0
TC21.sh on line 798 has count: 0
TC22.sh on line 798 has count: 0
TC23.sh on line 798 has count: 0
TC24.sh on line 798 has count: 0
TC25.sh on line 798 has count: 0
TC26.sh on line 798 has count: 0
TC27.sh on line 798 has count: 0
TC28.sh on line 798 has count: 0
TC29.sh on line 798 has count: 0
TC30.sh on line 798 has count: 0
TC31.sh on line 798 has count: 0
TC33.sh on line 798 has count: 0
TC34.sh on line 798 has count: 0
TC35.sh on line 798 has count: 0
TC36.sh on line 798 has count: 0
TC37.sh on line 798 has count: 0
TC38.sh on line 798 has count: 0
TC39.sh on line 798 has count: 0
TC40.sh on line 798 has count: 0
TC41.sh on line 798 has count: 0
TC42.sh on line 798 has count: 0
TC43.sh on line 798 has count: 0
TC44.sh on line 798 has count: 0
TC45.sh on line 798 has count: 0
TC46.sh on line 798 has count: 0
TC47.sh on line 798 has count: 0
TC48.sh on line 798 has count: 0
TC49.sh on line 798 has count: 0
TC50.sh on line 798 has count: 0
TC51.sh on line 798 has count: 0
TC52.sh on line 798 has count: 0
TC53.sh on line 798 has count: 0
TC54.sh on line 798 has count: 0
TC55.sh on line 798 has count: 0
TC56.sh on line 798 has count: 0
TC57.sh on line 798 has count: 0
TC58.sh on line 798 has count: 0
TC59.sh on line 798 has count: 0
TC60.sh on line 798 has count: 0
TC61.sh on line 798 has count: 0
TC62.sh on line 798 has count: 0
initialization on line 798 has count: 0
>> Buggy line 798 is NOT covered by failing TC initialization
Lines executed on initialization saved at lines_executed_at_initialization.txt
>> Reverted mser.cpp to original from mser.MUT1076.cpp
SELECT tc_name, tc_result FROM tc_info WHERE bug_idx = %s [450]
Failing test case TC32.sh executes buggy line opencv_features2d_TF_top30/modules/features2d/src/mser.cpp#preprocessMSER_8uC3(struct cv::MSCRNode * node, struct cv::MSCREdge * edge, double * total, const class cv::Mat & src, class cv::Mat & dx, class cv::Mat & dy, int Ne, int edgeBlurSize)#798
Executed lines by test cases are saved at lines_executed_by_failing_tc.json
Executed lines by test cases are saved at lines_executed_by_passing_tc.json
Executed lines by test cases are saved at lines_executed_by_ccts.json
>> Saving version mser.MUT1076.cpp to database

+++++ STDERR +++++

+++++ results for fast.avx2.MUT83.cpp +++++
+++++ STDOUT +++++
SELECT bug_idx FROM bug_info WHERE subject = %s AND experiment_name = %s AND version = %s ['opencv_features2d_TF_top30', 'TF_top30', 'fast.avx2.MUT83.cpp']
SELECT target_code_file, buggy_code_file, pre_start_line FROM bug_info WHERE bug_idx = %s [734]
SELECT tc_name, tc_result FROM tc_info WHERE bug_idx = %s [734]
Testing version fast.avx2.MUT83.cpp on faster19.swtv::core2
>> Building opencv_features2d_TF_top30
>> Applied patch to fast.avx2.cpp with fast.avx2.MUT83.cpp
>> Building opencv_features2d_TF_top30
>> Extracted line2function data from brisk.cpp.ii
>> Extracted line2function data from fast.avx2.cpp.ii
>> Extracted line2function data from fast.cpp.ii
>> Extracted line2function data from fast_score.cpp.ii
>> Extracted line2function data from fed.cpp.ii
>> Extracted line2function data from mser.cpp.ii
>> Reverted fast.avx2.cpp to original from fast.avx2.MUT83.cpp
>> Extracted line2function data saved to line2function.json
>> Applied patch to fast.avx2.cpp with fast.avx2.MUT83.cpp
>> Building opencv_features2d_TF_top30
TC17.sh on line 98 has count: 576
>> Buggy line 98 is covered by failing TC TC17.sh
TC22.sh on line 98 has count: 1677
>> Buggy line 98 is covered by failing TC TC22.sh
TC26.sh on line 98 has count: 5139
>> Buggy line 98 is covered by failing TC TC26.sh
TC1.sh on line 98 has count: 0
TC2.sh on line 98 has count: 0
TC3.sh on line 98 has count: 0
TC4.sh on line 98 has count: 0
TC5.sh on line 98 has count: 0
TC6.sh on line 98 has count: 0
TC7.sh on line 98 has count: 0
TC8.sh on line 98 has count: 0
TC9.sh on line 98 has count: 0
TC10.sh on line 98 has count: 0
TC11.sh on line 98 has count: 0
TC12.sh on line 98 has count: 0
TC13.sh on line 98 has count: 0
TC14.sh on line 98 has count: 39626
TC15.sh on line 98 has count: 0
TC16.sh on line 98 has count: 0
TC18.sh on line 98 has count: 0
TC19.sh on line 98 has count: 0
TC20.sh on line 98 has count: 0
TC21.sh on line 98 has count: 0
TC23.sh on line 98 has count: 0
TC24.sh on line 98 has count: 0
TC25.sh on line 98 has count: 0
TC27.sh on line 98 has count: 0
TC28.sh on line 98 has count: 576
TC29.sh on line 98 has count: 0
TC30.sh on line 98 has count: 0
TC31.sh on line 98 has count: 0
TC32.sh on line 98 has count: 0
TC33.sh on line 98 has count: 1677
TC34.sh on line 98 has count: 0
TC35.sh on line 98 has count: 0
TC36.sh on line 98 has count: 0
TC37.sh on line 98 has count: 0
TC38.sh on line 98 has count: 0
TC39.sh on line 98 has count: 0
TC40.sh on line 98 has count: 0
TC41.sh on line 98 has count: 3884
TC42.sh on line 98 has count: 0
TC43.sh on line 98 has count: 0
TC44.sh on line 98 has count: 0
TC45.sh on line 98 has count: 0
TC46.sh on line 98 has count: 0
TC47.sh on line 98 has count: 55
TC48.sh on line 98 has count: 0
TC49.sh on line 98 has count: 0
TC50.sh on line 98 has count: 17304
TC51.sh on line 98 has count: 0
TC52.sh on line 98 has count: 0
TC53.sh on line 98 has count: 0
TC54.sh on line 98 has count: 0
TC55.sh on line 98 has count: 0
TC56.sh on line 98 has count: 0
TC57.sh on line 98 has count: 0
TC58.sh on line 98 has count: 0
TC59.sh on line 98 has count: 0
TC60.sh on line 98 has count: 0
TC61.sh on line 98 has count: 0
TC62.sh on line 98 has count: 0
initialization on line 98 has count: 0
>> Buggy line 98 is NOT covered by failing TC initialization
Lines executed on initialization saved at lines_executed_at_initialization.txt
>> Reverted fast.avx2.cpp to original from fast.avx2.MUT83.cpp
>> CCTs are updated in the database
SELECT tc_name, tc_result FROM tc_info WHERE bug_idx = %s [734]
Failing test case TC17.sh executes buggy line opencv_features2d_TF_top30/modules/features2d/src/fast.avx2.cpp#FAST_t_patternSize16_AVX2_Impl::process(int & j, const uchar *& ptr, uchar * curr, int * cornerpos, int & ncorners)#98
Failing test case TC22.sh executes buggy line opencv_features2d_TF_top30/modules/features2d/src/fast.avx2.cpp#FAST_t_patternSize16_AVX2_Impl::process(int & j, const uchar *& ptr, uchar * curr, int * cornerpos, int & ncorners)#98
Failing test case TC26.sh executes buggy line opencv_features2d_TF_top30/modules/features2d/src/fast.avx2.cpp#FAST_t_patternSize16_AVX2_Impl::process(int & j, const uchar *& ptr, uchar * curr, int * cornerpos, int & ncorners)#98
Executed lines by test cases are saved at lines_executed_by_failing_tc.json
Executed lines by test cases are saved at lines_executed_by_passing_tc.json
Executed lines by test cases are saved at lines_executed_by_ccts.json
>> Saving version fast.avx2.MUT83.cpp to database

+++++ STDERR +++++

+++++ results for brisk.MUT55.cpp +++++
+++++ STDOUT +++++
SELECT bug_idx FROM bug_info WHERE subject = %s AND experiment_name = %s AND version = %s ['opencv_features2d_TF_top30', 'TF_top30', 'brisk.MUT55.cpp']
SELECT target_code_file, buggy_code_file, pre_start_line FROM bug_info WHERE bug_idx = %s [1007]
SELECT tc_name, tc_result FROM tc_info WHERE bug_idx = %s [1007]
Testing version brisk.MUT55.cpp on faster19.swtv::core2
>> Building opencv_features2d_TF_top30
>> Applied patch to brisk.cpp with brisk.MUT55.cpp
>> Building opencv_features2d_TF_top30
>> Extracted line2function data from brisk.cpp.ii
>> Extracted line2function data from fast.avx2.cpp.ii
>> Extracted line2function data from fast.cpp.ii
>> Extracted line2function data from fast_score.cpp.ii
>> Extracted line2function data from fed.cpp.ii
>> Extracted line2function data from mser.cpp.ii
>> Reverted brisk.cpp to original from brisk.MUT55.cpp
>> Extracted line2function data saved to line2function.json
>> Applied patch to brisk.cpp with brisk.MUT55.cpp
>> Building opencv_features2d_TF_top30
TC7.sh on line 123 has count: 1
>> Buggy line 123 is covered by failing TC TC7.sh
TC1.sh on line 123 has count: 0
TC2.sh on line 123 has count: 0
TC3.sh on line 123 has count: 0
TC4.sh on line 123 has count: 0
TC5.sh on line 123 has count: 0
TC6.sh on line 123 has count: 0
TC8.sh on line 123 has count: 0
TC10.sh on line 123 has count: 0
TC11.sh on line 123 has count: 0
TC12.sh on line 123 has count: 0
TC13.sh on line 123 has count: 0
TC14.sh on line 123 has count: 0
TC15.sh on line 123 has count: 0
TC17.sh on line 123 has count: 0
TC18.sh on line 123 has count: 0
TC19.sh on line 123 has count: 0
TC20.sh on line 123 has count: 0
TC21.sh on line 123 has count: 0
TC22.sh on line 123 has count: 0
TC23.sh on line 123 has count: 0
TC24.sh on line 123 has count: 0
TC25.sh on line 123 has count: 0
TC26.sh on line 123 has count: 0
TC28.sh on line 123 has count: 0
TC29.sh on line 123 has count: 0
TC30.sh on line 123 has count: 0
TC31.sh on line 123 has count: 0
TC32.sh on line 123 has count: 0
TC33.sh on line 123 has count: 0
TC34.sh on line 123 has count: 0
TC35.sh on line 123 has count: 0
TC36.sh on line 123 has count: 0
TC37.sh on line 123 has count: 0
TC38.sh on line 123 has count: 0
TC39.sh on line 123 has count: 0
TC40.sh on line 123 has count: 0
TC41.sh on line 123 has count: 0
TC42.sh on line 123 has count: 0
TC43.sh on line 123 has count: 0
TC44.sh on line 123 has count: 0
TC45.sh on line 123 has count: 0
TC46.sh on line 123 has count: 0
TC48.sh on line 123 has count: 0
TC50.sh on line 123 has count: 0
TC51.sh on line 123 has count: 0
TC52.sh on line 123 has count: 0
TC53.sh on line 123 has count: 0
TC54.sh on line 123 has count: 0
TC55.sh on line 123 has count: 0
TC56.sh on line 123 has count: 0
TC57.sh on line 123 has count: 0
TC58.sh on line 123 has count: 0
TC59.sh on line 123 has count: 0
TC60.sh on line 123 has count: 0
TC61.sh on line 123 has count: 0
TC62.sh on line 123 has count: 0
initialization on line 123 has count: 0
>> Buggy line 123 is NOT covered by failing TC initialization
Lines executed on initialization saved at lines_executed_at_initialization.txt
>> Reverted brisk.cpp to original from brisk.MUT55.cpp
SELECT tc_name, tc_result FROM tc_info WHERE bug_idx = %s [1007]
Failing test case TC7.sh executes buggy line opencv_features2d_TF_top30/modules/features2d/src/brisk.cpp#BRISK_Impl::setPatternScale(float _patternScale)#123
Executed lines by test cases are saved at lines_executed_by_failing_tc.json
Executed lines by test cases are saved at lines_executed_by_passing_tc.json
Executed lines by test cases are saved at lines_executed_by_ccts.json
>> Saving version brisk.MUT55.cpp to database

+++++ STDERR +++++

+++++ results for mser.MUT1214.cpp +++++
+++++ STDOUT +++++
SELECT bug_idx FROM bug_info WHERE subject = %s AND experiment_name = %s AND version = %s ['opencv_features2d_TF_top30', 'TF_top30', 'mser.MUT1214.cpp']
SELECT target_code_file, buggy_code_file, pre_start_line FROM bug_info WHERE bug_idx = %s [1274]
SELECT tc_name, tc_result FROM tc_info WHERE bug_idx = %s [1274]
Testing version mser.MUT1214.cpp on faster19.swtv::core2
>> Building opencv_features2d_TF_top30
>> Applied patch to mser.cpp with mser.MUT1214.cpp
>> Building opencv_features2d_TF_top30
>> Extracted line2function data from brisk.cpp.ii
>> Extracted line2function data from fast.avx2.cpp.ii
>> Extracted line2function data from fast.cpp.ii
>> Extracted line2function data from fast_score.cpp.ii
>> Extracted line2function data from fed.cpp.ii
>> Extracted line2function data from mser.cpp.ii
>> Reverted mser.cpp to original from mser.MUT1214.cpp
>> Extracted line2function data saved to line2function.json
>> Applied patch to mser.cpp with mser.MUT1214.cpp
>> Building opencv_features2d_TF_top30
TC32.sh on line 881 has count: 1
>> Buggy line 881 is covered by failing TC TC32.sh
TC1.sh on line 881 has count: 0
TC2.sh on line 881 has count: 0
TC3.sh on line 881 has count: 0
TC4.sh on line 881 has count: 0
TC5.sh on line 881 has count: 0
TC6.sh on line 881 has count: 0
TC7.sh on line 881 has count: 0
TC8.sh on line 881 has count: 0
TC9.sh on line 881 has count: 0
TC10.sh on line 881 has count: 0
TC11.sh on line 881 has count: 0
TC12.sh on line 881 has count: 0
TC13.sh on line 881 has count: 0
TC14.sh on line 881 has count: 0
TC15.sh on line 881 has count: 0
TC16.sh on line 881 has count: 0
TC17.sh on line 881 has count: 0
TC18.sh on line 881 has count: 0
TC19.sh on line 881 has count: 0
TC20.sh on line 881 has count: 0
TC21.sh on line 881 has count: 0
TC22.sh on line 881 has count: 0
TC23.sh on line 881 has count: 0
TC24.sh on line 881 has count: 0
TC25.sh on line 881 has count: 0
TC26.sh on line 881 has count: 0
TC27.sh on line 881 has count: 0
TC28.sh on line 881 has count: 0
TC29.sh on line 881 has count: 0
TC30.sh on line 881 has count: 0
TC31.sh on line 881 has count: 0
TC33.sh on line 881 has count: 0
TC34.sh on line 881 has count: 0
TC35.sh on line 881 has count: 0
TC36.sh on line 881 has count: 0
TC37.sh on line 881 has count: 0
TC38.sh on line 881 has count: 0
TC39.sh on line 881 has count: 0
TC40.sh on line 881 has count: 0
TC41.sh on line 881 has count: 0
TC42.sh on line 881 has count: 0
TC43.sh on line 881 has count: 0
TC44.sh on line 881 has count: 0
TC45.sh on line 881 has count: 0
TC46.sh on line 881 has count: 0
TC47.sh on line 881 has count: 0
TC48.sh on line 881 has count: 0
TC49.sh on line 881 has count: 0
TC50.sh on line 881 has count: 0
TC51.sh on line 881 has count: 0
TC52.sh on line 881 has count: 0
TC53.sh on line 881 has count: 0
TC54.sh on line 881 has count: 0
TC55.sh on line 881 has count: 0
TC56.sh on line 881 has count: 0
TC57.sh on line 881 has count: 0
TC58.sh on line 881 has count: 0
TC59.sh on line 881 has count: 0
TC60.sh on line 881 has count: 0
TC61.sh on line 881 has count: 0
TC62.sh on line 881 has count: 0
initialization on line 881 has count: 0
>> Buggy line 881 is NOT covered by failing TC initialization
Lines executed on initialization saved at lines_executed_at_initialization.txt
>> Reverted mser.cpp to original from mser.MUT1214.cpp
SELECT tc_name, tc_result FROM tc_info WHERE bug_idx = %s [1274]
Failing test case TC32.sh executes buggy line opencv_features2d_TF_top30/modules/features2d/src/mser.cpp#extractMSER_8uC3(const class cv::Mat & src, int & msers, int & bboxvec, const class MSER_Impl::Params & params)#881
Executed lines by test cases are saved at lines_executed_by_failing_tc.json
Executed lines by test cases are saved at lines_executed_by_passing_tc.json
Executed lines by test cases are saved at lines_executed_by_ccts.json
>> Saving version mser.MUT1214.cpp to database

+++++ STDERR +++++

+++++ results for brisk.MUT60.cpp +++++
+++++ STDOUT +++++
SELECT bug_idx FROM bug_info WHERE subject = %s AND experiment_name = %s AND version = %s ['opencv_features2d_TF_top30', 'TF_top30', 'brisk.MUT60.cpp']
SELECT target_code_file, buggy_code_file, pre_start_line FROM bug_info WHERE bug_idx = %s [1539]
SELECT tc_name, tc_result FROM tc_info WHERE bug_idx = %s [1539]
Testing version brisk.MUT60.cpp on faster19.swtv::core2
>> Building opencv_features2d_TF_top30
>> Applied patch to brisk.cpp with brisk.MUT60.cpp
>> Building opencv_features2d_TF_top30
>> Extracted line2function data from brisk.cpp.ii
>> Extracted line2function data from fast.avx2.cpp.ii
>> Extracted line2function data from fast.cpp.ii
>> Extracted line2function data from fast_score.cpp.ii
>> Extracted line2function data from fed.cpp.ii
>> Extracted line2function data from mser.cpp.ii
>> Reverted brisk.cpp to original from brisk.MUT60.cpp
>> Extracted line2function data saved to line2function.json
>> Applied patch to brisk.cpp with brisk.MUT60.cpp
>> Building opencv_features2d_TF_top30
TC9.sh on line 124 has count: 1
>> Buggy line 124 is covered by failing TC TC9.sh
TC16.sh on line 124 has count: 1
>> Buggy line 124 is covered by failing TC TC16.sh
TC27.sh on line 124 has count: 1
>> Buggy line 124 is covered by failing TC TC27.sh
TC1.sh on line 124 has count: 0
TC2.sh on line 124 has count: 0
TC3.sh on line 124 has count: 0
TC4.sh on line 124 has count: 0
TC5.sh on line 124 has count: 0
TC6.sh on line 124 has count: 0
TC7.sh on line 124 has count: 1
TC8.sh on line 124 has count: 0
TC10.sh on line 124 has count: 0
TC11.sh on line 124 has count: 0
TC12.sh on line 124 has count: 0
TC13.sh on line 124 has count: 0
TC14.sh on line 124 has count: 0
TC15.sh on line 124 has count: 0
TC17.sh on line 124 has count: 0
TC18.sh on line 124 has count: 0
TC19.sh on line 124 has count: 0
TC20.sh on line 124 has count: 0
TC21.sh on line 124 has count: 0
TC22.sh on line 124 has count: 0
TC23.sh on line 124 has count: 0
TC24.sh on line 124 has count: 0
TC25.sh on line 124 has count: 0
TC26.sh on line 124 has count: 0
TC28.sh on line 124 has count: 0
TC29.sh on line 124 has count: 0
TC30.sh on line 124 has count: 0
TC31.sh on line 124 has count: 0
TC32.sh on line 124 has count: 0
TC33.sh on line 124 has count: 0
TC34.sh on line 124 has count: 0
TC35.sh on line 124 has count: 0
TC36.sh on line 124 has count: 0
TC37.sh on line 124 has count: 0
TC38.sh on line 124 has count: 0
TC39.sh on line 124 has count: 0
TC40.sh on line 124 has count: 0
TC41.sh on line 124 has count: 0
TC42.sh on line 124 has count: 0
TC43.sh on line 124 has count: 0
TC44.sh on line 124 has count: 0
TC45.sh on line 124 has count: 0
TC46.sh on line 124 has count: 0
TC48.sh on line 124 has count: 0
TC50.sh on line 124 has count: 0
TC51.sh on line 124 has count: 0
TC52.sh on line 124 has count: 0
TC53.sh on line 124 has count: 0
TC54.sh on line 124 has count: 0
TC55.sh on line 124 has count: 0
TC56.sh on line 124 has count: 0
TC57.sh on line 124 has count: 0
TC58.sh on line 124 has count: 0
TC59.sh on line 124 has count: 0
TC60.sh on line 124 has count: 0
TC61.sh on line 124 has count: 0
TC62.sh on line 124 has count: 0
initialization on line 124 has count: 0
>> Buggy line 124 is NOT covered by failing TC initialization
Lines executed on initialization saved at lines_executed_at_initialization.txt
>> Reverted brisk.cpp to original from brisk.MUT60.cpp
>> CCTs are updated in the database
SELECT tc_name, tc_result FROM tc_info WHERE bug_idx = %s [1539]
Failing test case TC9.sh executes buggy line opencv_features2d_TF_top30/modules/features2d/src/brisk.cpp#BRISK_Impl::setPatternScale(float _patternScale)#124
Failing test case TC16.sh executes buggy line opencv_features2d_TF_top30/modules/features2d/src/brisk.cpp#BRISK_Impl::setPatternScale(float _patternScale)#124
Failing test case TC27.sh executes buggy line opencv_features2d_TF_top30/modules/features2d/src/brisk.cpp#BRISK_Impl::setPatternScale(float _patternScale)#124
Executed lines by test cases are saved at lines_executed_by_failing_tc.json
Executed lines by test cases are saved at lines_executed_by_passing_tc.json
Executed lines by test cases are saved at lines_executed_by_ccts.json
>> Saving version brisk.MUT60.cpp to database

+++++ STDERR +++++

+++++ results for fast.avx2.MUT72.cpp +++++
+++++ STDOUT +++++
SELECT bug_idx FROM bug_info WHERE subject = %s AND experiment_name = %s AND version = %s ['opencv_features2d_TF_top30', 'TF_top30', 'fast.avx2.MUT72.cpp']
SELECT target_code_file, buggy_code_file, pre_start_line FROM bug_info WHERE bug_idx = %s [1857]
SELECT tc_name, tc_result FROM tc_info WHERE bug_idx = %s [1857]
Testing version fast.avx2.MUT72.cpp on faster19.swtv::core2
>> Building opencv_features2d_TF_top30
>> Applied patch to fast.avx2.cpp with fast.avx2.MUT72.cpp
>> Building opencv_features2d_TF_top30
>> Extracted line2function data from brisk.cpp.ii
>> Extracted line2function data from fast.avx2.cpp.ii
>> Extracted line2function data from fast.cpp.ii
>> Extracted line2function data from fast_score.cpp.ii
>> Extracted line2function data from fed.cpp.ii
>> Extracted line2function data from mser.cpp.ii
>> Reverted fast.avx2.cpp to original from fast.avx2.MUT72.cpp
>> Extracted line2function data saved to line2function.json
>> Applied patch to fast.avx2.cpp with fast.avx2.MUT72.cpp
>> Building opencv_features2d_TF_top30
TC14.sh on line 92 has count: 303634
>> Buggy line 92 is covered by failing TC TC14.sh
TC17.sh on line 92 has count: 3812
>> Buggy line 92 is covered by failing TC TC17.sh
TC22.sh on line 92 has count: 12029
>> Buggy line 92 is covered by failing TC TC22.sh
TC26.sh on line 92 has count: 70497
>> Buggy line 92 is covered by failing TC TC26.sh
TC33.sh on line 92 has count: 12029
>> Buggy line 92 is covered by failing TC TC33.sh
TC50.sh on line 92 has count: 164008
>> Buggy line 92 is covered by failing TC TC50.sh
TC1.sh on line 92 has count: 0
TC2.sh on line 92 has count: 0
TC3.sh on line 92 has count: 0
TC4.sh on line 92 has count: 0
TC5.sh on line 92 has count: 0
TC6.sh on line 92 has count: 0
TC7.sh on line 92 has count: 0
TC8.sh on line 92 has count: 0
TC9.sh on line 92 has count: 0
TC10.sh on line 92 has count: 0
TC11.sh on line 92 has count: 0
TC12.sh on line 92 has count: 0
TC13.sh on line 92 has count: 0
TC15.sh on line 92 has count: 0
TC16.sh on line 92 has count: 0
TC18.sh on line 92 has count: 0
TC19.sh on line 92 has count: 0
TC20.sh on line 92 has count: 0
TC21.sh on line 92 has count: 0
TC23.sh on line 92 has count: 0
TC24.sh on line 92 has count: 0
TC25.sh on line 92 has count: 0
TC27.sh on line 92 has count: 0
TC28.sh on line 92 has count: 3812
TC29.sh on line 92 has count: 0
TC30.sh on line 92 has count: 0
TC31.sh on line 92 has count: 0
TC32.sh on line 92 has count: 0
TC34.sh on line 92 has count: 0
TC35.sh on line 92 has count: 0
TC36.sh on line 92 has count: 0
TC37.sh on line 92 has count: 0
TC38.sh on line 92 has count: 0
TC39.sh on line 92 has count: 0
TC40.sh on line 92 has count: 0
TC41.sh on line 92 has count: 31490
TC42.sh on line 92 has count: 0
TC43.sh on line 92 has count: 13910
TC44.sh on line 92 has count: 0
TC45.sh on line 92 has count: 0
TC46.sh on line 92 has count: 0
TC47.sh on line 92 has count: 861
TC48.sh on line 92 has count: 0
TC49.sh on line 92 has count: 0
TC51.sh on line 92 has count: 0
TC52.sh on line 92 has count: 0
TC53.sh on line 92 has count: 0
TC54.sh on line 92 has count: 0
TC55.sh on line 92 has count: 0
TC56.sh on line 92 has count: 0
TC57.sh on line 92 has count: 0
TC58.sh on line 92 has count: 0
TC59.sh on line 92 has count: 0
TC60.sh on line 92 has count: 0
TC61.sh on line 92 has count: 0
TC62.sh on line 92 has count: 0
initialization on line 92 has count: 0
>> Buggy line 92 is NOT covered by failing TC initialization
Lines executed on initialization saved at lines_executed_at_initialization.txt
>> Reverted fast.avx2.cpp to original from fast.avx2.MUT72.cpp
>> CCTs are updated in the database
SELECT tc_name, tc_result FROM tc_info WHERE bug_idx = %s [1857]
Failing test case TC14.sh executes buggy line opencv_features2d_TF_top30/modules/features2d/src/fast.avx2.cpp#FAST_t_patternSize16_AVX2_Impl::process(int & j, const uchar *& ptr, uchar * curr, int * cornerpos, int & ncorners)#92
Failing test case TC17.sh executes buggy line opencv_features2d_TF_top30/modules/features2d/src/fast.avx2.cpp#FAST_t_patternSize16_AVX2_Impl::process(int & j, const uchar *& ptr, uchar * curr, int * cornerpos, int & ncorners)#92
Failing test case TC22.sh executes buggy line opencv_features2d_TF_top30/modules/features2d/src/fast.avx2.cpp#FAST_t_patternSize16_AVX2_Impl::process(int & j, const uchar *& ptr, uchar * curr, int * cornerpos, int & ncorners)#92
Failing test case TC26.sh executes buggy line opencv_features2d_TF_top30/modules/features2d/src/fast.avx2.cpp#FAST_t_patternSize16_AVX2_Impl::process(int & j, const uchar *& ptr, uchar * curr, int * cornerpos, int & ncorners)#92
Failing test case TC33.sh executes buggy line opencv_features2d_TF_top30/modules/features2d/src/fast.avx2.cpp#FAST_t_patternSize16_AVX2_Impl::process(int & j, const uchar *& ptr, uchar * curr, int * cornerpos, int & ncorners)#92
Failing test case TC50.sh executes buggy line opencv_features2d_TF_top30/modules/features2d/src/fast.avx2.cpp#FAST_t_patternSize16_AVX2_Impl::process(int & j, const uchar *& ptr, uchar * curr, int * cornerpos, int & ncorners)#92
Executed lines by test cases are saved at lines_executed_by_failing_tc.json
Executed lines by test cases are saved at lines_executed_by_passing_tc.json
Executed lines by test cases are saved at lines_executed_by_ccts.json
>> Saving version fast.avx2.MUT72.cpp to database

+++++ STDERR +++++

+++++ results for brisk.MUT280.cpp +++++
+++++ STDOUT +++++
SELECT bug_idx FROM bug_info WHERE subject = %s AND experiment_name = %s AND version = %s ['opencv_features2d_TF_top30', 'TF_top30', 'brisk.MUT280.cpp']
SELECT target_code_file, buggy_code_file, pre_start_line FROM bug_info WHERE bug_idx = %s [569]
SELECT tc_name, tc_result FROM tc_info WHERE bug_idx = %s [569]
Testing version brisk.MUT280.cpp on faster19.swtv::core2
>> Building opencv_features2d_TF_top30
>> Applied patch to brisk.cpp with brisk.MUT280.cpp
>> Building opencv_features2d_TF_top30
>> Extracted line2function data from brisk.cpp.ii
>> Extracted line2function data from fast.avx2.cpp.ii
>> Extracted line2function data from fast.cpp.ii
>> Extracted line2function data from fast_score.cpp.ii
>> Extracted line2function data from fed.cpp.ii
>> Extracted line2function data from mser.cpp.ii
>> Reverted brisk.cpp to original from brisk.MUT280.cpp
>> Extracted line2function data saved to line2function.json
>> Applied patch to brisk.cpp with brisk.MUT280.cpp
>> Building opencv_features2d_TF_top30
TC7.sh on line 464 has count: 320
>> Buggy line 464 is covered by failing TC TC7.sh
TC9.sh on line 464 has count: 320
>> Buggy line 464 is covered by failing TC TC9.sh
TC16.sh on line 464 has count: 320
>> Buggy line 464 is covered by failing TC TC16.sh
TC1.sh on line 464 has count: 0
TC2.sh on line 464 has count: 0
TC3.sh on line 464 has count: 0
TC4.sh on line 464 has count: 0
TC5.sh on line 464 has count: 0
TC6.sh on line 464 has count: 0
TC8.sh on line 464 has count: 0
TC10.sh on line 464 has count: 0
TC11.sh on line 464 has count: 0
TC12.sh on line 464 has count: 0
TC13.sh on line 464 has count: 0
TC14.sh on line 464 has count: 0
TC15.sh on line 464 has count: 0
TC17.sh on line 464 has count: 0
TC18.sh on line 464 has count: 0
TC19.sh on line 464 has count: 0
TC20.sh on line 464 has count: 0
TC21.sh on line 464 has count: 0
TC22.sh on line 464 has count: 0
TC23.sh on line 464 has count: 0
TC24.sh on line 464 has count: 0
TC25.sh on line 464 has count: 0
TC26.sh on line 464 has count: 0
TC27.sh on line 464 has count: 320
TC28.sh on line 464 has count: 0
TC29.sh on line 464 has count: 0
TC30.sh on line 464 has count: 0
TC31.sh on line 464 has count: 0
TC32.sh on line 464 has count: 0
TC33.sh on line 464 has count: 0
TC34.sh on line 464 has count: 0
TC35.sh on line 464 has count: 0
TC36.sh on line 464 has count: 0
TC37.sh on line 464 has count: 0
TC38.sh on line 464 has count: 0
TC39.sh on line 464 has count: 0
TC40.sh on line 464 has count: 0
TC41.sh on line 464 has count: 0
TC42.sh on line 464 has count: 0
TC43.sh on line 464 has count: 0
TC44.sh on line 464 has count: 0
TC45.sh on line 464 has count: 0
TC46.sh on line 464 has count: 0
TC47.sh on line 464 has count: 320
TC48.sh on line 464 has count: 0
TC50.sh on line 464 has count: 0
TC51.sh on line 464 has count: 0
TC52.sh on line 464 has count: 0
TC53.sh on line 464 has count: 0
TC54.sh on line 464 has count: 0
TC55.sh on line 464 has count: 0
TC56.sh on line 464 has count: 0
TC57.sh on line 464 has count: 0
TC58.sh on line 464 has count: 0
TC59.sh on line 464 has count: 0
TC60.sh on line 464 has count: 0
TC61.sh on line 464 has count: 0
TC62.sh on line 464 has count: 0
initialization on line 464 has count: 0
>> Buggy line 464 is NOT covered by failing TC initialization
Lines executed on initialization saved at lines_executed_at_initialization.txt
>> Reverted brisk.cpp to original from brisk.MUT280.cpp
>> CCTs are updated in the database
SELECT tc_name, tc_result FROM tc_info WHERE bug_idx = %s [569]
Failing test case TC7.sh executes buggy line opencv_features2d_TF_top30/modules/features2d/src/brisk.cpp#BRISK_Impl::generateKernel(const int & radiusList, const int & numberList, float dMax, float dMin, const int & _indexChange)#464
Failing test case TC9.sh executes buggy line opencv_features2d_TF_top30/modules/features2d/src/brisk.cpp#BRISK_Impl::generateKernel(const int & radiusList, const int & numberList, float dMax, float dMin, const int & _indexChange)#464
Failing test case TC16.sh executes buggy line opencv_features2d_TF_top30/modules/features2d/src/brisk.cpp#BRISK_Impl::generateKernel(const int & radiusList, const int & numberList, float dMax, float dMin, const int & _indexChange)#464
Executed lines by test cases are saved at lines_executed_by_failing_tc.json
Executed lines by test cases are saved at lines_executed_by_passing_tc.json
Executed lines by test cases are saved at lines_executed_by_ccts.json
>> Saving version brisk.MUT280.cpp to database

+++++ STDERR +++++

+++++ results for brisk.MUT2006.cpp +++++
+++++ STDOUT +++++
SELECT bug_idx FROM bug_info WHERE subject = %s AND experiment_name = %s AND version = %s ['opencv_features2d_TF_top30', 'TF_top30', 'brisk.MUT2006.cpp']
SELECT target_code_file, buggy_code_file, pre_start_line FROM bug_info WHERE bug_idx = %s [1379]
SELECT tc_name, tc_result FROM tc_info WHERE bug_idx = %s [1379]
Testing version brisk.MUT2006.cpp on faster19.swtv::core2
>> Building opencv_features2d_TF_top30
>> Applied patch to brisk.cpp with brisk.MUT2006.cpp
>> Building opencv_features2d_TF_top30
>> Extracted line2function data from brisk.cpp.ii
>> Extracted line2function data from fast.avx2.cpp.ii
>> Extracted line2function data from fast.cpp.ii
>> Extracted line2function data from fast_score.cpp.ii
>> Extracted line2function data from fed.cpp.ii
>> Extracted line2function data from mser.cpp.ii
>> Reverted brisk.cpp to original from brisk.MUT2006.cpp
>> Extracted line2function data saved to line2function.json
>> Applied patch to brisk.cpp with brisk.MUT2006.cpp
>> Building opencv_features2d_TF_top30
TC16.sh on line 1543 has count: 1920
>> Buggy line 1543 is covered by failing TC TC16.sh
TC1.sh on line 1543 has count: 0
TC2.sh on line 1543 has count: 0
TC3.sh on line 1543 has count: 0
TC4.sh on line 1543 has count: 0
TC5.sh on line 1543 has count: 0
TC6.sh on line 1543 has count: 0
TC7.sh on line 1543 has count: 12622
TC8.sh on line 1543 has count: 0
TC9.sh on line 1543 has count: 0
TC10.sh on line 1543 has count: 0
TC11.sh on line 1543 has count: 0
TC12.sh on line 1543 has count: 0
TC13.sh on line 1543 has count: 0
TC14.sh on line 1543 has count: 0
TC15.sh on line 1543 has count: 0
TC17.sh on line 1543 has count: 0
TC18.sh on line 1543 has count: 0
TC19.sh on line 1543 has count: 0
TC20.sh on line 1543 has count: 0
TC21.sh on line 1543 has count: 0
TC22.sh on line 1543 has count: 0
TC23.sh on line 1543 has count: 0
TC24.sh on line 1543 has count: 0
TC25.sh on line 1543 has count: 0
TC26.sh on line 1543 has count: 0
TC27.sh on line 1543 has count: 1920
TC28.sh on line 1543 has count: 0
TC29.sh on line 1543 has count: 0
TC30.sh on line 1543 has count: 0
TC31.sh on line 1543 has count: 0
TC32.sh on line 1543 has count: 0
TC33.sh on line 1543 has count: 0
TC34.sh on line 1543 has count: 0
TC35.sh on line 1543 has count: 0
TC36.sh on line 1543 has count: 0
TC37.sh on line 1543 has count: 0
TC38.sh on line 1543 has count: 0
TC39.sh on line 1543 has count: 0
TC40.sh on line 1543 has count: 0
TC41.sh on line 1543 has count: 0
TC42.sh on line 1543 has count: 0
TC43.sh on line 1543 has count: 0
TC44.sh on line 1543 has count: 0
TC45.sh on line 1543 has count: 0
TC46.sh on line 1543 has count: 0
TC47.sh on line 1543 has count: 77
TC48.sh on line 1543 has count: 0
TC49.sh on line 1543 has count: 11825
TC50.sh on line 1543 has count: 0
TC51.sh on line 1543 has count: 0
TC52.sh on line 1543 has count: 0
TC53.sh on line 1543 has count: 0
TC54.sh on line 1543 has count: 0
TC55.sh on line 1543 has count: 0
TC56.sh on line 1543 has count: 0
TC57.sh on line 1543 has count: 0
TC58.sh on line 1543 has count: 0
TC59.sh on line 1543 has count: 0
TC60.sh on line 1543 has count: 0
TC61.sh on line 1543 has count: 0
TC62.sh on line 1543 has count: 0
initialization on line 1543 has count: 0
>> Buggy line 1543 is NOT covered by failing TC initialization
Lines executed on initialization saved at lines_executed_at_initialization.txt
>> Reverted brisk.cpp to original from brisk.MUT2006.cpp
>> CCTs are updated in the database
SELECT tc_name, tc_result FROM tc_info WHERE bug_idx = %s [1379]
Failing test case TC16.sh executes buggy line opencv_features2d_TF_top30/modules/features2d/src/brisk.cpp#BriskScaleSpace::getScoreMaxAbove(const int layer, const int x_layer, const int y_layer, const int threshold, _Bool & ismax, float & dx, float & dy)#1543
Executed lines by test cases are saved at lines_executed_by_failing_tc.json
Executed lines by test cases are saved at lines_executed_by_passing_tc.json
Executed lines by test cases are saved at lines_executed_by_ccts.json
>> Saving version brisk.MUT2006.cpp to database

+++++ STDERR +++++

+++++ results for mser.MUT788.cpp +++++
+++++ STDOUT +++++
SELECT bug_idx FROM bug_info WHERE subject = %s AND experiment_name = %s AND version = %s ['opencv_features2d_TF_top30', 'TF_top30', 'mser.MUT788.cpp']
SELECT target_code_file, buggy_code_file, pre_start_line FROM bug_info WHERE bug_idx = %s [1869]
SELECT tc_name, tc_result FROM tc_info WHERE bug_idx = %s [1869]
Testing version mser.MUT788.cpp on faster19.swtv::core2
>> Building opencv_features2d_TF_top30
>> Applied patch to mser.cpp with mser.MUT788.cpp
>> Building opencv_features2d_TF_top30
>> Extracted line2function data from brisk.cpp.ii
>> Extracted line2function data from fast.avx2.cpp.ii
>> Extracted line2function data from fast.cpp.ii
>> Extracted line2function data from fast_score.cpp.ii
>> Extracted line2function data from fed.cpp.ii
>> Extracted line2function data from mser.cpp.ii
>> Reverted mser.cpp to original from mser.MUT788.cpp
>> Extracted line2function data saved to line2function.json
>> Applied patch to mser.cpp with mser.MUT788.cpp
>> Building opencv_features2d_TF_top30
TC32.sh on line 671 has count: 110592
>> Buggy line 671 is covered by failing TC TC32.sh
TC1.sh on line 671 has count: 0
TC2.sh on line 671 has count: 0
TC3.sh on line 671 has count: 0
TC4.sh on line 671 has count: 0
TC5.sh on line 671 has count: 0
TC6.sh on line 671 has count: 0
TC7.sh on line 671 has count: 0
TC8.sh on line 671 has count: 0
TC9.sh on line 671 has count: 0
TC10.sh on line 671 has count: 0
TC11.sh on line 671 has count: 0
TC12.sh on line 671 has count: 0
TC13.sh on line 671 has count: 0
TC14.sh on line 671 has count: 0
TC15.sh on line 671 has count: 0
TC16.sh on line 671 has count: 0
TC17.sh on line 671 has count: 0
TC18.sh on line 671 has count: 0
TC19.sh on line 671 has count: 0
TC20.sh on line 671 has count: 0
TC21.sh on line 671 has count: 0
TC22.sh on line 671 has count: 0
TC23.sh on line 671 has count: 0
TC24.sh on line 671 has count: 0
TC25.sh on line 671 has count: 0
TC26.sh on line 671 has count: 0
TC27.sh on line 671 has count: 0
TC28.sh on line 671 has count: 0
TC29.sh on line 671 has count: 0
TC30.sh on line 671 has count: 0
TC31.sh on line 671 has count: 0
TC33.sh on line 671 has count: 0
TC34.sh on line 671 has count: 0
TC35.sh on line 671 has count: 0
TC36.sh on line 671 has count: 0
TC37.sh on line 671 has count: 0
TC38.sh on line 671 has count: 0
TC39.sh on line 671 has count: 0
TC40.sh on line 671 has count: 0
TC41.sh on line 671 has count: 0
TC42.sh on line 671 has count: 0
TC43.sh on line 671 has count: 0
TC44.sh on line 671 has count: 0
TC45.sh on line 671 has count: 0
TC46.sh on line 671 has count: 0
TC47.sh on line 671 has count: 0
TC48.sh on line 671 has count: 0
TC49.sh on line 671 has count: 0
TC50.sh on line 671 has count: 0
TC51.sh on line 671 has count: 0
TC52.sh on line 671 has count: 0
TC53.sh on line 671 has count: 0
TC54.sh on line 671 has count: 0
TC55.sh on line 671 has count: 0
TC56.sh on line 671 has count: 0
TC57.sh on line 671 has count: 0
TC58.sh on line 671 has count: 0
TC59.sh on line 671 has count: 0
TC60.sh on line 671 has count: 0
TC61.sh on line 671 has count: 0
TC62.sh on line 671 has count: 0
initialization on line 671 has count: 0
>> Buggy line 671 is NOT covered by failing TC initialization
Lines executed on initialization saved at lines_executed_at_initialization.txt
>> Reverted mser.cpp to original from mser.MUT788.cpp
SELECT tc_name, tc_result FROM tc_info WHERE bug_idx = %s [1869]
Failing test case TC32.sh executes buggy line opencv_features2d_TF_top30/modules/features2d/src/mser.cpp#initMSCRNode(struct cv::MSCRNode * node)#671
Executed lines by test cases are saved at lines_executed_by_failing_tc.json
Executed lines by test cases are saved at lines_executed_by_passing_tc.json
Executed lines by test cases are saved at lines_executed_by_ccts.json
>> Saving version mser.MUT788.cpp to database
>> Cleaning build for opencv_features2d_TF_top30

+++++ STDERR +++++
