
+++++ results for fast_score.MUT36.cpp +++++
+++++ STDOUT +++++
done with option i: 107 113 119 356 360 363 373 380 385 389 394 396 413 431 432 451 456 457 459 460 465 467 481 485 496 503 508 513 518 519 520 527 528 529 546 556 557 559 560 564 565 587 595 597 598 613 617 627 635 652 653 655 677 684 685 687 690 694 700 736 754 757 761 765 775 791 813 826 827 836 839 861 877 880 881 883 901 1078 1231 1239 1244 1246 1247 1248 1250 1251 1262 1263 1264 1277 1282 1297 1299 1312 1314 1320 1326 1329 1331 1335 1337 1340 1349 1353 1360 1375 1411 1415 1424 1430 1440 1467 1448 1449 1461 1466 1735 1895 1866 1871 1881 1888 1002 1003 936 937 992 997 1018 1024 1028 969 972 977 981 988 1020 592 596 600 601 602 603 606 1046 1048 1052 1053 1059 1064 1065 1070 1072 575 579 581 588 1243 1252 1255 1256 1258 1260 1276 1279 1281 1284 1286 1287 1291 1296 1301 1302 1304 1306 1307 1309 1311 1315 1233 1234 1235 1237 1240 1354 1357 1358 1365 1370 1371 1376 1378 1379 1381 1383 1384 1385 1387 1970 1388 1389 1390 1322 1323 1325 1327 1328 1413 1416 1419 1421 1426 1429 1431 1436 1439 1441 1442 1447 1450 1459 1460 1464 1465 1394 1399 1400 1409 1410 1485 1491 1492 1493 1510 1519 1524 1525 1526 1527 1532 1539 1552 1556 1557 1559 1474 1475 1482 1483 1484 1584 1589 1590 1592 1604 1605 1608 1610 1611 1631 96 672 692 763 829 940 1041 1042 1039 1352 1521 1469 1680 1702 1707 73 76 81 83 86 88 89 91 103 1719 1738 1740 1977 2001 2003 2010 2019 2033 2036 2037 2038 2041 2043 2054 2062 2068 2083 2072 1945 1952 1973 1979 2248 2143 2148 2183 2185 2190 2191 2196 2197 2212 2230 2239 2255 2258 2270 2272 2276 2303 2098 2133 2139 2342 2343 2344 2347 2354 2362 2365 2368 2375 2380 2396 2341 2308 2334 2338 78 614 615 616 618 697 698 699 1745 1747 1748 2181 1909 1911 1912 1916 1259 1534 1708 1709 1339 1407 1468 1547 1618 1678 1697 1701 1758 1828 1902 1926 960 572 1035 1267 980 573 580 1076 1242 1294 1319 1333 1382 1392 1432 1471 1478 1550 1568 1602 1645 1715 1004 1005 998 1000 1869 1801 1836 951 608 1918 1934 1764 1007 569 607 350 647 668 688 689 735 762 882 885 1721 1854 2124 2168 2406 117 408 449 480 502 545 630 662 676 742 619 2325 1968 834 872 1490 1533 1601 1700 1769 1933 2031 2089 2307 2324 2384 1408 348 482 2093 930 943 962 915 932 1044 1069 589 1043 1083 1332 1412 1518 1582 1714 1775 129 130 406 490 534 550 718 781 2425 2430 1993 2106 2323 902 1686 1752 1931 2217 2235 2224 2397 2404 612 713 1001 933 2091 905 1268 1274 1621 1629 1630 1885 1924 1927 1907 2345 2346 2350 71 118 123 125 126 345 347 378 401 407 609 610 611 644 645 648 824 825 919 922 999 935 947 953 955 957 959 965 968 974 984 993 1010 1022 1029 1033 1034 1038 1040 1045 1068 1289 1292 1377 1380 1334 1386 1391 1395 1401 1405 1406 1901 2166 2421 2428 950 574 93 1989 
done with option o: /home/yangheechan/FL-dataset-generation-opencv_features2d_TF_top30/out/opencv_features2d_TF_top30/generated_mutants-mbfl-trial1/fast_score.MUT36.cpp/opencv_features2d_TF_top30-opencv_features2d_TF_top30--modules--features2d--src--brisk.cpp/
done with option l: 5
added ARGARINEG
added ARGBITNEG
added ARGDEL
added ARGINCDEC
added ARGLOGNEG
added ARGREPREQ
added ARGSTCALI
added ARGSTCDIF
added CGCR
added CGSR
added CLCR
added CLSR
added CRCR
added DIRVARARINEG
added DIRVARBITNEG
added DIRVARINCDEC
added DIRVARLOGNEG
added DIRVARREPCON
added DIRVARREPEXT
added DIRVARREPGLO
added DIRVARREPLOC
added DIRVARREPPAR
added DIRVARREPREQ
added FUNCALDEL
added INDVARARINEG
added INDVARBITNEG
added INDVARINCDEC
added INDVARLOGNEG
added INDVARREPCON
added INDVARREPEXT
added INDVARREPGLO
added INDVARREPLOC
added INDVARREPPAR
added INDVARREPREQ
added OAAA
added OAAN
added OABA
added OABN
added OAEA
added OALN
added OARN
added OASA
added OASN
added OBAA
added OBAN
added OBBA
added OBBN
added OBEA
added OBLN
added OBNG
added OBRN
added OBSA
added OBSN
added OCOR
added OEAA
added OEBA
added OESA
added OIPM
added OLAN
added OLBN
added OLLN
added OLNG
added OLRN
added OLSN
added OMMO
added OPPO
added ORAN
added ORBN
added ORLN
added ORRN
added ORSN
added OSAA
added OSAN
added OSBA
added OSBN
added OSEA
added OSLN
added OSRN
added OSSA
added OSSN
added SSOM
added VASM
added VDTR
added VGAR
added VGPR
added VGSR
added VGTR
added VLAR
added VLPR
added VLSR
added VLTR
added VSCR
added VTWD
done with option m
disabling DirVarAriNeg,DirVarBitNeg,DirVarLogNeg,DirVarIncDec,DirVarRepReq,DirVarRepCon,DirVarRepPar,DirVarRepGlo,DirVarRepExt,DirVarRepLoc,IndVarAriNeg,IndVarBitNeg,IndVarLogNeg,IndVarIncDec,IndVarRepReq,IndVarRepCon,IndVarRepPar,IndVarRepGlo,IndVarRepExt,IndVarRepLoc,STRI
g_inputfile_name = brisk.cpp
g_mutdbfile_name = /home/yangheechan/FL-dataset-generation-opencv_features2d_TF_top30/out/opencv_features2d_TF_top30/generated_mutants-mbfl-trial1/fast_score.MUT36.cpp/opencv_features2d_TF_top30-opencv_features2d_TF_top30--modules--features2d--src--brisk.cpp/brisk_mut_db.csv
executing action from GatherDataAction
Done GatherDataAction
0
brisk.cpp
(1 : 1)
(2434 : 1)
executing action from GenerateMutantAction
done execute action
opened file name /home/yangheechan/FL-dataset-generation-opencv_features2d_TF_top30/out/opencv_features2d_TF_top30/generated_mutants-mbfl-trial1/fast_score.MUT36.cpp/opencv_features2d_TF_top30-opencv_features2d_TF_top30--modules--features2d--src--brisk.cpp/brisk_mut_db.csv
ArgAriNeg 62
ArgBitNeg 47
ArgDel 57
ArgIncDec 119
ArgLogNeg 69
ArgRepReq 174
ArgStcAli 32
ArgStcDif 17
CGCR 248
CGSR 322
CLCR 202
CLSR 285
CRCR 421
CovAllEdg 41
CovAllNod 91
DirVarAriNeg 0
DirVarBitNeg 0
DirVarIncDec 0
DirVarLogNeg 0
DirVarRepCon 0
DirVarRepExt 0
DirVarRepGlo 0
DirVarRepLoc 0
DirVarRepPar 0
DirVarRepReq 0
FunCalDel 108
IndVarAriNeg 0
IndVarBitNeg 0
IndVarIncDec 0
IndVarLogNeg 0
IndVarRepCon 0
IndVarRepExt 0
IndVarRepGlo 0
IndVarRepLoc 0
IndVarRepPar 0
IndVarRepReq 0
OAAA 18
OAAN 137
OABA 9
OABN 56
OAEA 7
OALN 123
OARN 172
OASA 8
OASN 45
OBAA 0
OBAN 1
OBBA 1
OBBN 0
OBEA 1
OBLN 0
OBNG 0
OBRN 1
OBSA 0
OBSN 0
OCNG 23
OCOR 46
OEAA 97
OEBA 20
OESA 20
OIPM 0
OLAN 3
OLBN 4
OLLN 0
OLNG 2
OLRN 4
OLSN 0
OMMO 4
OPPO 16
ORAN 58
ORBN 26
ORLN 32
ORRN 76
ORSN 22
OSAA 0
OSAN 4
OSBA 0
OSBN 3
OSEA 0
OSLN 0
OSRN 1
OSSA 0
OSSN 2
RetStaDel 9
SBRC 0
SBRN 0
SCRB 5
SCRN 0
SDWD 0
SGLR 0
SMTC 1
SMTT 0
SMVB 0
SRSR 107
SSDL 101
SSOM 0
SSWM 0
STRI 0
STRP 104
SWDD 0
VASM 0
VDTR 309
VGAR 0
VGPR 0
VGSR 407
VGTR 0
VLAR 1
VLPR 25
VLSR 406
VLTR 0
VSCR 55
VTWD 255
Done tooling on /home/yangheechan/FL-dataset-generation-opencv_features2d_TF_top30/work/opencv_features2d_TF_top30/working_env/faster36.swtv/core1/opencv_features2d_TF_top30/modules/features2d/src/brisk.cpp
done with option i: 67 178 78 120 91 131 132 141 93 76 105 66 68 77 98 117 144 156 153 61 119 122 123 126 127 129 135 138 147 103 60 64 168 166 79 161 56 73 57 71 95 92 99 150 180 97 
done with option o: /home/yangheechan/FL-dataset-generation-opencv_features2d_TF_top30/out/opencv_features2d_TF_top30/generated_mutants-mbfl-trial1/fast_score.MUT36.cpp/opencv_features2d_TF_top30-opencv_features2d_TF_top30--modules--features2d--src--fast.avx2.cpp/
done with option l: 5
added ARGARINEG
added ARGBITNEG
added ARGDEL
added ARGINCDEC
added ARGLOGNEG
added ARGREPREQ
added ARGSTCALI
added ARGSTCDIF
added CGCR
added CGSR
added CLCR
added CLSR
added CRCR
added DIRVARARINEG
added DIRVARBITNEG
added DIRVARINCDEC
added DIRVARLOGNEG
added DIRVARREPCON
added DIRVARREPEXT
added DIRVARREPGLO
added DIRVARREPLOC
added DIRVARREPPAR
added DIRVARREPREQ
added FUNCALDEL
added INDVARARINEG
added INDVARBITNEG
added INDVARINCDEC
added INDVARLOGNEG
added INDVARREPCON
added INDVARREPEXT
added INDVARREPGLO
added INDVARREPLOC
added INDVARREPPAR
added INDVARREPREQ
added OAAA
added OAAN
added OABA
added OABN
added OAEA
added OALN
added OARN
added OASA
added OASN
added OBAA
added OBAN
added OBBA
added OBBN
added OBEA
added OBLN
added OBNG
added OBRN
added OBSA
added OBSN
added OCOR
added OEAA
added OEBA
added OESA
added OIPM
added OLAN
added OLBN
added OLLN
added OLNG
added OLRN
added OLSN
added OMMO
added OPPO
added ORAN
added ORBN
added ORLN
added ORRN
added ORSN
added OSAA
added OSAN
added OSBA
added OSBN
added OSEA
added OSLN
added OSRN
added OSSA
added OSSN
added SSOM
added VASM
added VDTR
added VGAR
added VGPR
added VGSR
added VGTR
added VLAR
added VLPR
added VLSR
added VLTR
added VSCR
added VTWD
done with option m
disabling DirVarAriNeg,DirVarBitNeg,DirVarLogNeg,DirVarIncDec,DirVarRepReq,DirVarRepCon,DirVarRepPar,DirVarRepGlo,DirVarRepExt,DirVarRepLoc,IndVarAriNeg,IndVarBitNeg,IndVarLogNeg,IndVarIncDec,IndVarRepReq,IndVarRepCon,IndVarRepPar,IndVarRepGlo,IndVarRepExt,IndVarRepLoc,STRI
g_inputfile_name = fast.avx2.cpp
g_mutdbfile_name = /home/yangheechan/FL-dataset-generation-opencv_features2d_TF_top30/out/opencv_features2d_TF_top30/generated_mutants-mbfl-trial1/fast_score.MUT36.cpp/opencv_features2d_TF_top30-opencv_features2d_TF_top30--modules--features2d--src--fast.avx2.cpp/fast.avx2_mut_db.csv
executing action from GatherDataAction
Done GatherDataAction
0
fast.avx2.cpp
(1 : 1)
(185 : 1)
executing action from GenerateMutantAction
done execute action
opened file name /home/yangheechan/FL-dataset-generation-opencv_features2d_TF_top30/out/opencv_features2d_TF_top30/generated_mutants-mbfl-trial1/fast_score.MUT36.cpp/opencv_features2d_TF_top30-opencv_features2d_TF_top30--modules--features2d--src--fast.avx2.cpp/fast.avx2_mut_db.csv
ArgAriNeg 2
ArgBitNeg 2
ArgDel 13
ArgIncDec 16
ArgLogNeg 9
ArgRepReq 46
ArgStcAli 3
ArgStcDif 2
CGCR 0
CGSR 0
CLCR 30
CLSR 18
CRCR 31
CovAllEdg 2
CovAllNod 6
DirVarAriNeg 0
DirVarBitNeg 0
DirVarIncDec 0
DirVarLogNeg 0
DirVarRepCon 0
DirVarRepExt 0
DirVarRepGlo 0
DirVarRepLoc 0
DirVarRepPar 0
DirVarRepReq 0
FunCalDel 29
IndVarAriNeg 0
IndVarBitNeg 0
IndVarIncDec 0
IndVarLogNeg 0
IndVarRepCon 0
IndVarRepExt 0
IndVarRepGlo 0
IndVarRepLoc 0
IndVarRepPar 0
IndVarRepReq 0
OAAA 3
OAAN 13
OABA 3
OABN 4
OAEA 2
OALN 3
OARN 3
OASA 2
OASN 0
OBAA 0
OBAN 0
OBBA 0
OBBN 1
OBEA 0
OBLN 1
OBNG 1
OBRN 4
OBSA 0
OBSN 0
OCNG 4
OCOR 4
OEAA 7
OEBA 2
OESA 1
OIPM 0
OLAN 1
OLBN 0
OLLN 0
OLNG 1
OLRN 0
OLSN 0
OMMO 0
OPPO 1
ORAN 8
ORBN 4
ORLN 2
ORRN 5
ORSN 2
OSAA 1
OSAN 0
OSBA 0
OSBN 0
OSEA 0
OSLN 0
OSRN 0
OSSA 0
OSSN 0
RetStaDel 0
SBRC 0
SBRN 0
SCRB 2
SCRN 0
SDWD 0
SGLR 0
SMTC 0
SMTT 0
SMVB 1
SRSR 0
SSDL 9
SSOM 0
SSWM 0
STRI 0
STRP 13
SWDD 0
VASM 0
VDTR 22
VGAR 0
VGPR 0
VGSR 0
VGTR 0
VLAR 0
VLPR 0
VLSR 27
VLTR 9
VSCR 5
VTWD 18
Done tooling on /home/yangheechan/FL-dataset-generation-opencv_features2d_TF_top30/work/opencv_features2d_TF_top30/working_env/faster36.swtv/core1/opencv_features2d_TF_top30/modules/features2d/src/fast.avx2.cpp
done with option i: 70 122 225 235 283 444 58 503 84 221 279 81 82 524 521 87 78 146 169 171 175 101 103 104 102 105 107 109 115 186 193 208 212 215 219 211 517 567 504 86 515 518 205 209 213 216 218 220 206 529 624 576 582 611 539 535 236 251 276 439 496 498 284 277 288 285 514 245 286 441 513 252 258 254 256 223 234 257 269 282 494 173 204 71 147 527 551 552 563 554 558 85 202 230 232 247 292 520 94 249 271 272 274 227 229 281 275 92 129 90 89 60 63 67 148 157 155 176 99 116 127 126 120 128 143 142 144 180 189 96 184 179 
done with option o: /home/yangheechan/FL-dataset-generation-opencv_features2d_TF_top30/out/opencv_features2d_TF_top30/generated_mutants-mbfl-trial1/fast_score.MUT36.cpp/opencv_features2d_TF_top30-opencv_features2d_TF_top30--modules--features2d--src--fast.cpp/
done with option l: 5
added ARGARINEG
added ARGBITNEG
added ARGDEL
added ARGINCDEC
added ARGLOGNEG
added ARGREPREQ
added ARGSTCALI
added ARGSTCDIF
added CGCR
added CGSR
added CLCR
added CLSR
added CRCR
added DIRVARARINEG
added DIRVARBITNEG
added DIRVARINCDEC
added DIRVARLOGNEG
added DIRVARREPCON
added DIRVARREPEXT
added DIRVARREPGLO
added DIRVARREPLOC
added DIRVARREPPAR
added DIRVARREPREQ
added FUNCALDEL
added INDVARARINEG
added INDVARBITNEG
added INDVARINCDEC
added INDVARLOGNEG
added INDVARREPCON
added INDVARREPEXT
added INDVARREPGLO
added INDVARREPLOC
added INDVARREPPAR
added INDVARREPREQ
added OAAA
added OAAN
added OABA
added OABN
added OAEA
added OALN
added OARN
added OASA
added OASN
added OBAA
added OBAN
added OBBA
added OBBN
added OBEA
added OBLN
added OBNG
added OBRN
added OBSA
added OBSN
added OCOR
added OEAA
added OEBA
added OESA
added OIPM
added OLAN
added OLBN
added OLLN
added OLNG
added OLRN
added OLSN
added OMMO
added OPPO
added ORAN
added ORBN
added ORLN
added ORRN
added ORSN
added OSAA
added OSAN
added OSBA
added OSBN
added OSEA
added OSLN
added OSRN
added OSSA
added OSSN
added SSOM
added VASM
added VDTR
added VGAR
added VGPR
added VGSR
added VGTR
added VLAR
added VLPR
added VLSR
added VLTR
added VSCR
added VTWD
done with option m
disabling DirVarAriNeg,DirVarBitNeg,DirVarLogNeg,DirVarIncDec,DirVarRepReq,DirVarRepCon,DirVarRepPar,DirVarRepGlo,DirVarRepExt,DirVarRepLoc,IndVarAriNeg,IndVarBitNeg,IndVarLogNeg,IndVarIncDec,IndVarRepReq,IndVarRepCon,IndVarRepPar,IndVarRepGlo,IndVarRepExt,IndVarRepLoc,STRI
g_inputfile_name = fast.cpp
g_mutdbfile_name = /home/yangheechan/FL-dataset-generation-opencv_features2d_TF_top30/out/opencv_features2d_TF_top30/generated_mutants-mbfl-trial1/fast_score.MUT36.cpp/opencv_features2d_TF_top30-opencv_features2d_TF_top30--modules--features2d--src--fast.cpp/fast_mut_db.csv
executing action from GatherDataAction
Done GatherDataAction
0
fast.cpp
(1 : 1)
(635 : 1)
executing action from GenerateMutantAction
done execute action
opened file name /home/yangheechan/FL-dataset-generation-opencv_features2d_TF_top30/out/opencv_features2d_TF_top30/generated_mutants-mbfl-trial1/fast_score.MUT36.cpp/opencv_features2d_TF_top30-opencv_features2d_TF_top30--modules--features2d--src--fast.cpp/fast_mut_db.csv
ArgAriNeg 4
ArgBitNeg 6
ArgDel 20
ArgIncDec 19
ArgLogNeg 12
ArgRepReq 33
ArgStcAli 5
ArgStcDif 5
CGCR 0
CGSR 0
CLCR 75
CLSR 69
CRCR 96
CovAllEdg 29
CovAllNod 17
DirVarAriNeg 0
DirVarBitNeg 0
DirVarIncDec 0
DirVarLogNeg 0
DirVarRepCon 0
DirVarRepExt 0
DirVarRepGlo 0
DirVarRepLoc 0
DirVarRepPar 0
DirVarRepReq 0
FunCalDel 32
IndVarAriNeg 0
IndVarBitNeg 0
IndVarIncDec 0
IndVarLogNeg 0
IndVarRepCon 0
IndVarRepExt 0
IndVarRepGlo 0
IndVarRepLoc 0
IndVarRepPar 0
IndVarRepReq 0
OAAA 3
OAAN 18
OABA 1
OABN 18
OAEA 1
OALN 13
OARN 20
OASA 0
OASN 11
OBAA 8
OBAN 5
OBBA 3
OBBN 2
OBEA 0
OBLN 5
OBNG 11
OBRN 10
OBSA 2
OBSN 3
OCNG 7
OCOR 8
OEAA 21
OEBA 13
OESA 10
OIPM 0
OLAN 0
OLBN 2
OLLN 1
OLNG 1
OLRN 0
OLSN 3
OMMO 0
OPPO 10
ORAN 24
ORBN 20
ORLN 11
ORRN 23
ORSN 7
OSAA 1
OSAN 0
OSBA 1
OSBN 0
OSEA 0
OSLN 0
OSRN 0
OSSA 0
OSSN 0
RetStaDel 1
SBRC 0
SBRN 0
SCRB 5
SCRN 0
SDWD 0
SGLR 0
SMTC 0
SMTT 2
SMVB 0
SRSR 3
SSDL 30
SSOM 2
SSWM 0
STRI 0
STRP 22
SWDD 0
VASM 0
VDTR 72
VGAR 0
VGPR 0
VGSR 0
VGTR 0
VLAR 0
VLPR 7
VLSR 92
VLTR 18
VSCR 8
VTWD 59
Done tooling on /home/yangheechan/FL-dataset-generation-opencv_features2d_TF_top30/work/opencv_features2d_TF_top30/working_env/faster36.swtv/core1/opencv_features2d_TF_top30/modules/features2d/src/fast.cpp
done with option i: 123 78 79 120 126 147 209 218 222 244 247 327 135 304 250 150 238 255 232 235 294 153 219 301 141 363 50 138 144 241 134 74 80 125 156 159 213 216 229 231 81 164 221 298 132 77 303 
done with option o: /home/yangheechan/FL-dataset-generation-opencv_features2d_TF_top30/out/opencv_features2d_TF_top30/generated_mutants-mbfl-trial1/fast_score.MUT36.cpp/opencv_features2d_TF_top30-opencv_features2d_TF_top30--modules--features2d--src--fast_score.cpp/
done with option l: 5
added ARGARINEG
added ARGBITNEG
added ARGDEL
added ARGINCDEC
added ARGLOGNEG
added ARGREPREQ
added ARGSTCALI
added ARGSTCDIF
added CGCR
added CGSR
added CLCR
added CLSR
added CRCR
added DIRVARARINEG
added DIRVARBITNEG
added DIRVARINCDEC
added DIRVARLOGNEG
added DIRVARREPCON
added DIRVARREPEXT
added DIRVARREPGLO
added DIRVARREPLOC
added DIRVARREPPAR
added DIRVARREPREQ
added FUNCALDEL
added INDVARARINEG
added INDVARBITNEG
added INDVARINCDEC
added INDVARLOGNEG
added INDVARREPCON
added INDVARREPEXT
added INDVARREPGLO
added INDVARREPLOC
added INDVARREPPAR
added INDVARREPREQ
added OAAA
added OAAN
added OABA
added OABN
added OAEA
added OALN
added OARN
added OASA
added OASN
added OBAA
added OBAN
added OBBA
added OBBN
added OBEA
added OBLN
added OBNG
added OBRN
added OBSA
added OBSN
added OCOR
added OEAA
added OEBA
added OESA
added OIPM
added OLAN
added OLBN
added OLLN
added OLNG
added OLRN
added OLSN
added OMMO
added OPPO
added ORAN
added ORBN
added ORLN
added ORRN
added ORSN
added OSAA
added OSAN
added OSBA
added OSBN
added OSEA
added OSLN
added OSRN
added OSSA
added OSSN
added SSOM
added VASM
added VDTR
added VGAR
added VGPR
added VGSR
added VGTR
added VLAR
added VLPR
added VLSR
added VLTR
added VSCR
added VTWD
done with option m
disabling DirVarAriNeg,DirVarBitNeg,DirVarLogNeg,DirVarIncDec,DirVarRepReq,DirVarRepCon,DirVarRepPar,DirVarRepGlo,DirVarRepExt,DirVarRepLoc,IndVarAriNeg,IndVarBitNeg,IndVarLogNeg,IndVarIncDec,IndVarRepReq,IndVarRepCon,IndVarRepPar,IndVarRepGlo,IndVarRepExt,IndVarRepLoc,STRI
g_inputfile_name = fast_score.cpp
g_mutdbfile_name = /home/yangheechan/FL-dataset-generation-opencv_features2d_TF_top30/out/opencv_features2d_TF_top30/generated_mutants-mbfl-trial1/fast_score.MUT36.cpp/opencv_features2d_TF_top30-opencv_features2d_TF_top30--modules--features2d--src--fast_score.cpp/fast_score_mut_db.csv
executing action from GatherDataAction
Done GatherDataAction
0
fast_score.cpp
(1 : 1)
(367 : 1)
executing action from GenerateMutantAction
done execute action
opened file name /home/yangheechan/FL-dataset-generation-opencv_features2d_TF_top30/out/opencv_features2d_TF_top30/generated_mutants-mbfl-trial1/fast_score.MUT36.cpp/opencv_features2d_TF_top30-opencv_features2d_TF_top30--modules--features2d--src--fast_score.cpp/fast_score_mut_db.csv
ArgAriNeg 0
ArgBitNeg 0
ArgDel 2
ArgIncDec 7
ArgLogNeg 4
ArgRepReq 18
ArgStcAli 5
ArgStcDif 0
CGCR 0
CGSR 0
CLCR 59
CLSR 39
CRCR 49
CovAllEdg 1
CovAllNod 9
DirVarAriNeg 0
DirVarBitNeg 0
DirVarIncDec 0
DirVarLogNeg 0
DirVarRepCon 0
DirVarRepExt 0
DirVarRepGlo 0
DirVarRepLoc 0
DirVarRepPar 0
DirVarRepReq 0
FunCalDel 6
IndVarAriNeg 0
IndVarBitNeg 0
IndVarIncDec 0
IndVarLogNeg 0
IndVarRepCon 0
IndVarRepExt 0
IndVarRepGlo 0
IndVarRepLoc 0
IndVarRepPar 0
IndVarRepReq 0
OAAA 0
OAAN 29
OABA 0
OABN 6
OAEA 0
OALN 4
OARN 8
OASA 1
OASN 2
OBAA 0
OBAN 0
OBBA 0
OBBN 0
OBEA 0
OBLN 0
OBNG 0
OBRN 0
OBSA 0
OBSN 0
OCNG 1
OCOR 3
OEAA 8
OEBA 8
OESA 5
OIPM 0
OLAN 0
OLBN 0
OLLN 0
OLNG 0
OLRN 0
OLSN 0
OMMO 0
OPPO 3
ORAN 6
ORBN 4
ORLN 5
ORRN 3
ORSN 2
OSAA 0
OSAN 0
OSBA 0
OSBN 0
OSEA 0
OSLN 0
OSRN 0
OSSA 0
OSSN 0
RetStaDel 1
SBRC 0
SBRN 0
SCRB 0
SCRN 0
SDWD 0
SGLR 0
SMTC 0
SMTT 1
SMVB 0
SRSR 8
SSDL 4
SSOM 0
SSWM 0
STRI 0
STRP 5
SWDD 0
VASM 1
VDTR 37
VGAR 0
VGPR 0
VGSR 0
VGTR 0
VLAR 0
VLPR 0
VLSR 40
VLTR 20
VSCR 0
VTWD 16
Done tooling on /home/yangheechan/FL-dataset-generation-opencv_features2d_TF_top30/work/opencv_features2d_TF_top30/working_env/faster36.swtv/core1/opencv_features2d_TF_top30/modules/features2d/src/fast_score.cpp
done with option i: 95 113 116 117 138 139 75 190 173 170 50 100 
done with option o: /home/yangheechan/FL-dataset-generation-opencv_features2d_TF_top30/out/opencv_features2d_TF_top30/generated_mutants-mbfl-trial1/fast_score.MUT36.cpp/opencv_features2d_TF_top30-opencv_features2d_TF_top30--modules--features2d--src--kaze--fed.cpp/
done with option l: 5
added ARGARINEG
added ARGBITNEG
added ARGDEL
added ARGINCDEC
added ARGLOGNEG
added ARGREPREQ
added ARGSTCALI
added ARGSTCDIF
added CGCR
added CGSR
added CLCR
added CLSR
added CRCR
added DIRVARARINEG
added DIRVARBITNEG
added DIRVARINCDEC
added DIRVARLOGNEG
added DIRVARREPCON
added DIRVARREPEXT
added DIRVARREPGLO
added DIRVARREPLOC
added DIRVARREPPAR
added DIRVARREPREQ
added FUNCALDEL
added INDVARARINEG
added INDVARBITNEG
added INDVARINCDEC
added INDVARLOGNEG
added INDVARREPCON
added INDVARREPEXT
added INDVARREPGLO
added INDVARREPLOC
added INDVARREPPAR
added INDVARREPREQ
added OAAA
added OAAN
added OABA
added OABN
added OAEA
added OALN
added OARN
added OASA
added OASN
added OBAA
added OBAN
added OBBA
added OBBN
added OBEA
added OBLN
added OBNG
added OBRN
added OBSA
added OBSN
added OCOR
added OEAA
added OEBA
added OESA
added OIPM
added OLAN
added OLBN
added OLLN
added OLNG
added OLRN
added OLSN
added OMMO
added OPPO
added ORAN
added ORBN
added ORLN
added ORRN
added ORSN
added OSAA
added OSAN
added OSBA
added OSBN
added OSEA
added OSLN
added OSRN
added OSSA
added OSSN
added SSOM
added VASM
added VDTR
added VGAR
added VGPR
added VGSR
added VGTR
added VLAR
added VLPR
added VLSR
added VLTR
added VSCR
added VTWD
done with option m
disabling DirVarAriNeg,DirVarBitNeg,DirVarLogNeg,DirVarIncDec,DirVarRepReq,DirVarRepCon,DirVarRepPar,DirVarRepGlo,DirVarRepExt,DirVarRepLoc,IndVarAriNeg,IndVarBitNeg,IndVarLogNeg,IndVarIncDec,IndVarRepReq,IndVarRepCon,IndVarRepPar,IndVarRepGlo,IndVarRepExt,IndVarRepLoc,STRI
g_inputfile_name = fed.cpp
g_mutdbfile_name = /home/yangheechan/FL-dataset-generation-opencv_features2d_TF_top30/out/opencv_features2d_TF_top30/generated_mutants-mbfl-trial1/fast_score.MUT36.cpp/opencv_features2d_TF_top30-opencv_features2d_TF_top30--modules--features2d--src--kaze--fed.cpp/fed_mut_db.csv
executing action from GatherDataAction
Done GatherDataAction
0
fed.cpp
(1 : 1)
(193 : 1)
executing action from GenerateMutantAction
done execute action
opened file name /home/yangheechan/FL-dataset-generation-opencv_features2d_TF_top30/out/opencv_features2d_TF_top30/generated_mutants-mbfl-trial1/fast_score.MUT36.cpp/opencv_features2d_TF_top30-opencv_features2d_TF_top30--modules--features2d--src--kaze--fed.cpp/fed_mut_db.csv
ArgAriNeg 1
ArgBitNeg 0
ArgDel 1
ArgIncDec 1
ArgLogNeg 0
ArgRepReq 4
ArgStcAli 0
ArgStcDif 0
CGCR 0
CGSR 0
CLCR 3
CLSR 10
CRCR 7
CovAllEdg 2
CovAllNod 2
DirVarAriNeg 0
DirVarBitNeg 0
DirVarIncDec 0
DirVarLogNeg 0
DirVarRepCon 0
DirVarRepExt 0
DirVarRepGlo 0
DirVarRepLoc 0
DirVarRepPar 0
DirVarRepReq 0
FunCalDel 2
IndVarAriNeg 0
IndVarBitNeg 0
IndVarIncDec 0
IndVarLogNeg 0
IndVarRepCon 0
IndVarRepExt 0
IndVarRepGlo 0
IndVarRepLoc 0
IndVarRepPar 0
IndVarRepReq 0
OAAA 0
OAAN 3
OABA 0
OABN 0
OAEA 0
OALN 3
OARN 4
OASA 0
OASN 0
OBAA 0
OBAN 0
OBBA 0
OBBN 0
OBEA 0
OBLN 0
OBNG 0
OBRN 0
OBSA 0
OBSN 0
OCNG 0
OCOR 1
OEAA 1
OEBA 0
OESA 0
OIPM 0
OLAN 1
OLBN 1
OLLN 1
OLNG 2
OLRN 1
OLSN 0
OMMO 0
OPPO 2
ORAN 5
ORBN 2
ORLN 2
ORRN 4
ORSN 3
OSAA 0
OSAN 0
OSBA 0
OSBN 0
OSEA 0
OSLN 0
OSRN 0
OSSA 0
OSSN 0
RetStaDel 0
SBRC 0
SBRN 0
SCRB 0
SCRN 0
SDWD 0
SGLR 0
SMTC 0
SMTT 0
SMVB 1
SRSR 6
SSDL 3
SSOM 0
SSWM 0
STRI 0
STRP 2
SWDD 0
VASM 0
VDTR 4
VGAR 0
VGPR 0
VGSR 0
VGTR 0
VLAR 0
VLPR 0
VLSR 7
VLTR 0
VSCR 0
VTWD 8
Done tooling on /home/yangheechan/FL-dataset-generation-opencv_features2d_TF_top30/work/opencv_features2d_TF_top30/working_env/faster36.swtv/core1/opencv_features2d_TF_top30/modules/features2d/src/kaze/fed.cpp
done with option i: 488 240 244 477 479 482 486 785 786 789 791 793 795 796 797 799 801 804 805 808 810 811 812 813 814 818 821 823 839 840 841 848 850 863 865 866 876 877 879 880 881 883 884 890 892 894 897 899 900 905 909 911 918 919 922 923 924 928 930 933 936 938 939 942 945 949 950 952 954 955 957 963 966 970 971 972 978 979 980 982 985 986 988 991 992 993 995 997 999 1005 1009 1014 1015 1020 1021 1023 1028 1029 1033 1039 1041 1042 1049 1050 1052 1053 1054 1058 1067 1070 1072 147 135 202 105 106 109 113 115 117 121 127 130 131 140 143 144 146 152 159 162 176 182 205 207 71 98 100 360 376 385 391 248 252 258 268 275 282 288 291 293 247 301 324 332 345 349 353 357 849 396 398 399 401 414 452 457 461 471 480 491 492 493 501 506 518 527 541 554 555 565 568 572 574 585 602 661 662 671 675 686 693 701 707 708 713 728 731 741 746 753 758 766 770 780 784 790 792 798 806 807 819 820 870 878 895 902 916 921 926 929 932 935 941 947 953 961 968 975 981 990 1019 1024 1031 1035 233 442 1064 66 155 211 212 829 164 93 667 763 767 768 769 65 95 263 330 138 296 298 983 223 
done with option o: /home/yangheechan/FL-dataset-generation-opencv_features2d_TF_top30/out/opencv_features2d_TF_top30/generated_mutants-mbfl-trial1/fast_score.MUT36.cpp/opencv_features2d_TF_top30-opencv_features2d_TF_top30--modules--features2d--src--mser.cpp/
done with option l: 5
added ARGARINEG
added ARGBITNEG
added ARGDEL
added ARGINCDEC
added ARGLOGNEG
added ARGREPREQ
added ARGSTCALI
added ARGSTCDIF
added CGCR
added CGSR
added CLCR
added CLSR
added CRCR
added DIRVARARINEG
added DIRVARBITNEG
added DIRVARINCDEC
added DIRVARLOGNEG
added DIRVARREPCON
added DIRVARREPEXT
added DIRVARREPGLO
added DIRVARREPLOC
added DIRVARREPPAR
added DIRVARREPREQ
added FUNCALDEL
added INDVARARINEG
added INDVARBITNEG
added INDVARINCDEC
added INDVARLOGNEG
added INDVARREPCON
added INDVARREPEXT
added INDVARREPGLO
added INDVARREPLOC
added INDVARREPPAR
added INDVARREPREQ
added OAAA
added OAAN
added OABA
added OABN
added OAEA
added OALN
added OARN
added OASA
added OASN
added OBAA
added OBAN
added OBBA
added OBBN
added OBEA
added OBLN
added OBNG
added OBRN
added OBSA
added OBSN
added OCOR
added OEAA
added OEBA
added OESA
added OIPM
added OLAN
added OLBN
added OLLN
added OLNG
added OLRN
added OLSN
added OMMO
added OPPO
added ORAN
added ORBN
added ORLN
added ORRN
added ORSN
added OSAA
added OSAN
added OSBA
added OSBN
added OSEA
added OSLN
added OSRN
added OSSA
added OSSN
added SSOM
added VASM
added VDTR
added VGAR
added VGPR
added VGSR
added VGTR
added VLAR
added VLPR
added VLSR
added VLTR
added VSCR
added VTWD
done with option m
disabling DirVarAriNeg,DirVarBitNeg,DirVarLogNeg,DirVarIncDec,DirVarRepReq,DirVarRepCon,DirVarRepPar,DirVarRepGlo,DirVarRepExt,DirVarRepLoc,IndVarAriNeg,IndVarBitNeg,IndVarLogNeg,IndVarIncDec,IndVarRepReq,IndVarRepCon,IndVarRepPar,IndVarRepGlo,IndVarRepExt,IndVarRepLoc,STRI
g_inputfile_name = mser.cpp
g_mutdbfile_name = /home/yangheechan/FL-dataset-generation-opencv_features2d_TF_top30/out/opencv_features2d_TF_top30/generated_mutants-mbfl-trial1/fast_score.MUT36.cpp/opencv_features2d_TF_top30-opencv_features2d_TF_top30--modules--features2d--src--mser.cpp/mser_mut_db.csv
executing action from GatherDataAction
Done GatherDataAction
0
mser.cpp
(1 : 1)
(1076 : 1)
executing action from GenerateMutantAction
done execute action
opened file name /home/yangheechan/FL-dataset-generation-opencv_features2d_TF_top30/out/opencv_features2d_TF_top30/generated_mutants-mbfl-trial1/fast_score.MUT36.cpp/opencv_features2d_TF_top30-opencv_features2d_TF_top30--modules--features2d--src--mser.cpp/mser_mut_db.csv
ArgAriNeg 8
ArgBitNeg 9
ArgDel 28
ArgIncDec 25
ArgLogNeg 19
ArgRepReq 109
ArgStcAli 2
ArgStcDif 26
CGCR 38
CGSR 39
CLCR 63
CLSR 45
CRCR 144
CovAllEdg 26
CovAllNod 116
DirVarAriNeg 0
DirVarBitNeg 0
DirVarIncDec 0
DirVarLogNeg 0
DirVarRepCon 0
DirVarRepExt 0
DirVarRepGlo 0
DirVarRepLoc 0
DirVarRepPar 0
DirVarRepReq 0
FunCalDel 43
IndVarAriNeg 0
IndVarBitNeg 0
IndVarIncDec 0
IndVarLogNeg 0
IndVarRepCon 0
IndVarRepExt 0
IndVarRepGlo 0
IndVarRepLoc 0
IndVarRepPar 0
IndVarRepReq 0
OAAA 9
OAAN 28
OABA 1
OABN 20
OAEA 6
OALN 19
OARN 24
OASA 1
OASN 16
OBAA 0
OBAN 4
OBBA 0
OBBN 2
OBEA 0
OBLN 0
OBNG 2
OBRN 4
OBSA 0
OBSN 4
OCNG 21
OCOR 16
OEAA 105
OEBA 20
OESA 16
OIPM 0
OLAN 8
OLBN 1
OLLN 1
OLNG 5
OLRN 5
OLSN 1
OMMO 2
OPPO 36
ORAN 31
ORBN 16
ORLN 23
ORRN 52
ORSN 8
OSAA 0
OSAN 5
OSBA 0
OSBN 1
OSEA 0
OSLN 1
OSRN 4
OSSA 0
OSSN 3
RetStaDel 5
SBRC 1
SBRN 0
SCRB 0
SCRN 0
SDWD 0
SGLR 0
SMTC 1
SMTT 1
SMVB 0
SRSR 41
SSDL 108
SSOM 1
SSWM 0
STRI 0
STRP 110
SWDD 0
VASM 0
VDTR 119
VGAR 0
VGPR 0
VGSR 0
VGTR 0
VLAR 0
VLPR 196
VLSR 103
VLTR 0
VSCR 158
VTWD 90
Done tooling on /home/yangheechan/FL-dataset-generation-opencv_features2d_TF_top30/work/opencv_features2d_TF_top30/working_env/faster36.swtv/core1/opencv_features2d_TF_top30/modules/features2d/src/mser.cpp
Testing version fast_score.MUT36.cpp on faster36.swtv::core1
Found buggy line 1233 in failing tcs, TC26.sh executed lines
>>> TOTAL Selected lines: 1068
	 >>> Selected lines executed by failing tcs: 100
	 >>> Selected lines based on SBFL rank (desc): 535
	 >>> Selected lines based on SBFL rank (asc): 535
>> Applied patch to fast_score.cpp with fast_score.MUT36.cpp
>> Cleaning build for opencv_features2d_TF_top30
>> Configuring opencv_features2d_TF_top30 without coverage
>> Building opencv_features2d_TF_top30
>> Generating mutants on fast_score.MUT36.cpp of brisk.cpp
>> Generating mutants on fast_score.MUT36.cpp of fast.avx2.cpp
>> Generating mutants on fast_score.MUT36.cpp of fast.cpp
>> Generating mutants on fast_score.MUT36.cpp of fast_score.cpp
>> Generating mutants on fast_score.MUT36.cpp of fed.cpp
>> Generating mutants on fast_score.MUT36.cpp of mser.cpp
>> Reverted fast_score.cpp to original from fast_score.MUT36.cpp
>> Cleaning build for opencv_features2d_TF_top30
>> Configuring opencv_features2d_TF_top30 without coverage
>> Building opencv_features2d_TF_top30
>> Total number of mutants: 9285
>> Total number of lines executed by failing test cases: 211
>> Mutants per file:
	 >> opencv_features2d_TF_top30/modules/features2d/src/brisk.cpp: 5122 mutants, 0 lines executed by failing test cases
	 >> opencv_features2d_TF_top30/modules/features2d/src/fast.avx2.cpp: 398 mutants, 46 lines executed by failing test cases
	 >> opencv_features2d_TF_top30/modules/features2d/src/fast.cpp: 1040 mutants, 118 lines executed by failing test cases
	 >> opencv_features2d_TF_top30/modules/features2d/src/fast_score.cpp: 430 mutants, 47 lines executed by failing test cases
	 >> opencv_features2d_TF_top30/modules/features2d/src/kaze/fed.cpp: 100 mutants, 0 lines executed by failing test cases
	 >> opencv_features2d_TF_top30/modules/features2d/src/mser.cpp: 2195 mutants, 0 lines executed by failing test cases
Testing on faster36.swtv::core1-p2
Testing on faster36.swtv::core1-p0
Testing on faster36.swtv::core1-p1
Job Process-1 has been finished: ['faster36.swtv', 'core1-p0', 'fast_score.MUT36.cpp']
Job Process-2 has been finished: ['faster36.swtv', 'core1-p1', 'fast_score.MUT36.cpp']
Job Process-3 has been finished: ['faster36.swtv', 'core1-p2', 'fast_score.MUT36.cpp']
>> Zipped mutants on fast_score.MUT36.cpp
>> Removed mutants on fast_score.MUT36.cpp
>> Saving version fast_score.MUT36.cpp to database
Finished testing version fast_score.MUT36.cpp on faster36.swtv::core1

+++++ STDERR +++++
warning: unknown warning option '-Wimplicit-fallthrough=3'; did you mean '-Wimplicit-fallthrough'? [-Wunknown-warning-option]
In file included from /home/yangheechan/FL-dataset-generation-opencv_features2d_TF_top30/work/opencv_features2d_TF_top30/working_env/faster36.swtv/core1/opencv_features2d_TF_top30/modules/features2d/src/brisk.cpp:45:
In file included from /home/yangheechan/FL-dataset-generation-opencv_features2d_TF_top30/work/opencv_features2d_TF_top30/working_env/faster36.swtv/core1/opencv_features2d_TF_top30/modules/features2d/src/precomp.hpp:50:
In file included from /home/yangheechan/FL-dataset-generation-opencv_features2d_TF_top30/work/opencv_features2d_TF_top30/working_env/faster36.swtv/core1/opencv_features2d_TF_top30/modules/core/include/opencv2/core/private.hpp:246:
In file included from /home/yangheechan/FL-dataset-generation-opencv_features2d_TF_top30/work/opencv_features2d_TF_top30/working_env/faster36.swtv/core1/opencv_features2d_TF_top30/build/3rdparty/ippicv/ippicv_lnx/iw/include/iw++/iw.hpp:17:
In file included from /home/yangheechan/FL-dataset-generation-opencv_features2d_TF_top30/work/opencv_features2d_TF_top30/working_env/faster36.swtv/core1/opencv_features2d_TF_top30/build/3rdparty/ippicv/ippicv_lnx/iw/include/iw++/iw_image_color.hpp:17:
/home/yangheechan/FL-dataset-generation-opencv_features2d_TF_top30/work/opencv_features2d_TF_top30/working_env/faster36.swtv/core1/opencv_features2d_TF_top30/build/3rdparty/ippicv/ippicv_lnx/iw/include/iw++/iw_image.hpp:1389:13: warning: 'operator const _IwiTileTransform *' overrides a member function but is not marked 'override' [-Wsuggest-override]
    virtual operator const ::IwiTileTransform*() const { return NULL; }
            ^
/home/yangheechan/FL-dataset-generation-opencv_features2d_TF_top30/work/opencv_features2d_TF_top30/working_env/faster36.swtv/core1/opencv_features2d_TF_top30/build/3rdparty/ippicv/ippicv_lnx/iw/include/iw++/iw_image.hpp:1362:13: note: overridden virtual function is here
    virtual operator const ::IwiTileTransform*() const { return &transformStruct; }
            ^
/home/yangheechan/FL-dataset-generation-opencv_features2d_TF_top30/work/opencv_features2d_TF_top30/working_env/faster36.swtv/core1/opencv_features2d_TF_top30/build/3rdparty/ippicv/ippicv_lnx/iw/include/iw++/iw_image.hpp:1391:19: warning: 'Clone' overrides a member function but is not marked 'override' [-Wsuggest-override]
    virtual void* Clone() const
                  ^
/home/yangheechan/FL-dataset-generation-opencv_features2d_TF_top30/work/opencv_features2d_TF_top30/working_env/faster36.swtv/core1/opencv_features2d_TF_top30/build/3rdparty/ippicv/ippicv_lnx/iw/include/iw++/iw_image.hpp:1359:19: note: overridden virtual function is here
    virtual void* Clone() const = 0;
                  ^
/home/yangheechan/FL-dataset-generation-opencv_features2d_TF_top30/work/opencv_features2d_TF_top30/working_env/faster36.swtv/core1/opencv_features2d_TF_top30/build/3rdparty/ippicv/ippicv_lnx/iw/include/iw++/iw_image.hpp:1398:17: warning: 'GetSrcRoi' overrides a member function but is not marked 'override' [-Wsuggest-override]
    virtual int GetSrcRoi(ipp::IwiRoi, ipp::IwiRoi&) const
                ^
/home/yangheechan/FL-dataset-generation-opencv_features2d_TF_top30/work/opencv_features2d_TF_top30/working_env/faster36.swtv/core1/opencv_features2d_TF_top30/build/3rdparty/ippicv/ippicv_lnx/iw/include/iw++/iw_image.hpp:1356:17: note: overridden virtual function is here
    virtual int GetSrcRoi(ipp::IwiRoi, ipp::IwiRoi&) const = 0;
                ^
warning: unknown warning option '-Wimplicit-fallthrough=3'; did you mean '-Wimplicit-fallthrough'? [-Wunknown-warning-option]
In file included from /home/yangheechan/FL-dataset-generation-opencv_features2d_TF_top30/work/opencv_features2d_TF_top30/working_env/faster36.swtv/core1/opencv_features2d_TF_top30/modules/features2d/src/brisk.cpp:45:
In file included from /home/yangheechan/FL-dataset-generation-opencv_features2d_TF_top30/work/opencv_features2d_TF_top30/working_env/faster36.swtv/core1/opencv_features2d_TF_top30/modules/features2d/src/precomp.hpp:50:
In file included from /home/yangheechan/FL-dataset-generation-opencv_features2d_TF_top30/work/opencv_features2d_TF_top30/working_env/faster36.swtv/core1/opencv_features2d_TF_top30/modules/core/include/opencv2/core/private.hpp:246:
In file included from /home/yangheechan/FL-dataset-generation-opencv_features2d_TF_top30/work/opencv_features2d_TF_top30/working_env/faster36.swtv/core1/opencv_features2d_TF_top30/build/3rdparty/ippicv/ippicv_lnx/iw/include/iw++/iw.hpp:17:
In file included from /home/yangheechan/FL-dataset-generation-opencv_features2d_TF_top30/work/opencv_features2d_TF_top30/working_env/faster36.swtv/core1/opencv_features2d_TF_top30/build/3rdparty/ippicv/ippicv_lnx/iw/include/iw++/iw_image_color.hpp:17:
/home/yangheechan/FL-dataset-generation-opencv_features2d_TF_top30/work/opencv_features2d_TF_top30/working_env/faster36.swtv/core1/opencv_features2d_TF_top30/build/3rdparty/ippicv/ippicv_lnx/iw/include/iw++/iw_image.hpp:1389:13: warning: 'operator const _IwiTileTransform *' overrides a member function but is not marked 'override' [-Wsuggest-override]
    virtual operator const ::IwiTileTransform*() const { return NULL; }
            ^
/home/yangheechan/FL-dataset-generation-opencv_features2d_TF_top30/work/opencv_features2d_TF_top30/working_env/faster36.swtv/core1/opencv_features2d_TF_top30/build/3rdparty/ippicv/ippicv_lnx/iw/include/iw++/iw_image.hpp:1362:13: note: overridden virtual function is here
    virtual operator const ::IwiTileTransform*() const { return &transformStruct; }
            ^
/home/yangheechan/FL-dataset-generation-opencv_features2d_TF_top30/work/opencv_features2d_TF_top30/working_env/faster36.swtv/core1/opencv_features2d_TF_top30/build/3rdparty/ippicv/ippicv_lnx/iw/include/iw++/iw_image.hpp:1391:19: warning: 'Clone' overrides a member function but is not marked 'override' [-Wsuggest-override]
    virtual void* Clone() const
                  ^
/home/yangheechan/FL-dataset-generation-opencv_features2d_TF_top30/work/opencv_features2d_TF_top30/working_env/faster36.swtv/core1/opencv_features2d_TF_top30/build/3rdparty/ippicv/ippicv_lnx/iw/include/iw++/iw_image.hpp:1359:19: note: overridden virtual function is here
    virtual void* Clone() const = 0;
                  ^
/home/yangheechan/FL-dataset-generation-opencv_features2d_TF_top30/work/opencv_features2d_TF_top30/working_env/faster36.swtv/core1/opencv_features2d_TF_top30/build/3rdparty/ippicv/ippicv_lnx/iw/include/iw++/iw_image.hpp:1398:17: warning: 'GetSrcRoi' overrides a member function but is not marked 'override' [-Wsuggest-override]
    virtual int GetSrcRoi(ipp::IwiRoi, ipp::IwiRoi&) const
                ^
/home/yangheechan/FL-dataset-generation-opencv_features2d_TF_top30/work/opencv_features2d_TF_top30/working_env/faster36.swtv/core1/opencv_features2d_TF_top30/build/3rdparty/ippicv/ippicv_lnx/iw/include/iw++/iw_image.hpp:1356:17: note: overridden virtual function is here
    virtual int GetSrcRoi(ipp::IwiRoi, ipp::IwiRoi&) const = 0;
                ^
4 warnings generated.
4 warnings generated.
warning: unknown warning option '-Wimplicit-fallthrough=3'; did you mean '-Wimplicit-fallthrough'? [-Wunknown-warning-option]
In file included from /home/yangheechan/FL-dataset-generation-opencv_features2d_TF_top30/work/opencv_features2d_TF_top30/working_env/faster36.swtv/core1/opencv_features2d_TF_top30/modules/features2d/src/fast.avx2.cpp:44:
In file included from /home/yangheechan/FL-dataset-generation-opencv_features2d_TF_top30/work/opencv_features2d_TF_top30/working_env/faster36.swtv/core1/opencv_features2d_TF_top30/modules/features2d/src/precomp.hpp:50:
In file included from /home/yangheechan/FL-dataset-generation-opencv_features2d_TF_top30/work/opencv_features2d_TF_top30/working_env/faster36.swtv/core1/opencv_features2d_TF_top30/modules/core/include/opencv2/core/private.hpp:246:
In file included from /home/yangheechan/FL-dataset-generation-opencv_features2d_TF_top30/work/opencv_features2d_TF_top30/working_env/faster36.swtv/core1/opencv_features2d_TF_top30/build/3rdparty/ippicv/ippicv_lnx/iw/include/iw++/iw.hpp:17:
In file included from /home/yangheechan/FL-dataset-generation-opencv_features2d_TF_top30/work/opencv_features2d_TF_top30/working_env/faster36.swtv/core1/opencv_features2d_TF_top30/build/3rdparty/ippicv/ippicv_lnx/iw/include/iw++/iw_image_color.hpp:17:
/home/yangheechan/FL-dataset-generation-opencv_features2d_TF_top30/work/opencv_features2d_TF_top30/working_env/faster36.swtv/core1/opencv_features2d_TF_top30/build/3rdparty/ippicv/ippicv_lnx/iw/include/iw++/iw_image.hpp:1389:13: warning: 'operator const _IwiTileTransform *' overrides a member function but is not marked 'override' [-Wsuggest-override]
    virtual operator const ::IwiTileTransform*() const { return NULL; }
            ^
/home/yangheechan/FL-dataset-generation-opencv_features2d_TF_top30/work/opencv_features2d_TF_top30/working_env/faster36.swtv/core1/opencv_features2d_TF_top30/build/3rdparty/ippicv/ippicv_lnx/iw/include/iw++/iw_image.hpp:1362:13: note: overridden virtual function is here
    virtual operator const ::IwiTileTransform*() const { return &transformStruct; }
            ^
/home/yangheechan/FL-dataset-generation-opencv_features2d_TF_top30/work/opencv_features2d_TF_top30/working_env/faster36.swtv/core1/opencv_features2d_TF_top30/build/3rdparty/ippicv/ippicv_lnx/iw/include/iw++/iw_image.hpp:1391:19: warning: 'Clone' overrides a member function but is not marked 'override' [-Wsuggest-override]
    virtual void* Clone() const
                  ^
/home/yangheechan/FL-dataset-generation-opencv_features2d_TF_top30/work/opencv_features2d_TF_top30/working_env/faster36.swtv/core1/opencv_features2d_TF_top30/build/3rdparty/ippicv/ippicv_lnx/iw/include/iw++/iw_image.hpp:1359:19: note: overridden virtual function is here
    virtual void* Clone() const = 0;
                  ^
/home/yangheechan/FL-dataset-generation-opencv_features2d_TF_top30/work/opencv_features2d_TF_top30/working_env/faster36.swtv/core1/opencv_features2d_TF_top30/build/3rdparty/ippicv/ippicv_lnx/iw/include/iw++/iw_image.hpp:1398:17: warning: 'GetSrcRoi' overrides a member function but is not marked 'override' [-Wsuggest-override]
    virtual int GetSrcRoi(ipp::IwiRoi, ipp::IwiRoi&) const
                ^
/home/yangheechan/FL-dataset-generation-opencv_features2d_TF_top30/work/opencv_features2d_TF_top30/working_env/faster36.swtv/core1/opencv_features2d_TF_top30/build/3rdparty/ippicv/ippicv_lnx/iw/include/iw++/iw_image.hpp:1356:17: note: overridden virtual function is here
    virtual int GetSrcRoi(ipp::IwiRoi, ipp::IwiRoi&) const = 0;
                ^
warning: unknown warning option '-Wimplicit-fallthrough=3'; did you mean '-Wimplicit-fallthrough'? [-Wunknown-warning-option]
In file included from /home/yangheechan/FL-dataset-generation-opencv_features2d_TF_top30/work/opencv_features2d_TF_top30/working_env/faster36.swtv/core1/opencv_features2d_TF_top30/modules/features2d/src/fast.avx2.cpp:44:
In file included from /home/yangheechan/FL-dataset-generation-opencv_features2d_TF_top30/work/opencv_features2d_TF_top30/working_env/faster36.swtv/core1/opencv_features2d_TF_top30/modules/features2d/src/precomp.hpp:50:
In file included from /home/yangheechan/FL-dataset-generation-opencv_features2d_TF_top30/work/opencv_features2d_TF_top30/working_env/faster36.swtv/core1/opencv_features2d_TF_top30/modules/core/include/opencv2/core/private.hpp:246:
In file included from /home/yangheechan/FL-dataset-generation-opencv_features2d_TF_top30/work/opencv_features2d_TF_top30/working_env/faster36.swtv/core1/opencv_features2d_TF_top30/build/3rdparty/ippicv/ippicv_lnx/iw/include/iw++/iw.hpp:17:
In file included from /home/yangheechan/FL-dataset-generation-opencv_features2d_TF_top30/work/opencv_features2d_TF_top30/working_env/faster36.swtv/core1/opencv_features2d_TF_top30/build/3rdparty/ippicv/ippicv_lnx/iw/include/iw++/iw_image_color.hpp:17:
/home/yangheechan/FL-dataset-generation-opencv_features2d_TF_top30/work/opencv_features2d_TF_top30/working_env/faster36.swtv/core1/opencv_features2d_TF_top30/build/3rdparty/ippicv/ippicv_lnx/iw/include/iw++/iw_image.hpp:1389:13: warning: 'operator const _IwiTileTransform *' overrides a member function but is not marked 'override' [-Wsuggest-override]
    virtual operator const ::IwiTileTransform*() const { return NULL; }
            ^
/home/yangheechan/FL-dataset-generation-opencv_features2d_TF_top30/work/opencv_features2d_TF_top30/working_env/faster36.swtv/core1/opencv_features2d_TF_top30/build/3rdparty/ippicv/ippicv_lnx/iw/include/iw++/iw_image.hpp:1362:13: note: overridden virtual function is here
    virtual operator const ::IwiTileTransform*() const { return &transformStruct; }
            ^
/home/yangheechan/FL-dataset-generation-opencv_features2d_TF_top30/work/opencv_features2d_TF_top30/working_env/faster36.swtv/core1/opencv_features2d_TF_top30/build/3rdparty/ippicv/ippicv_lnx/iw/include/iw++/iw_image.hpp:1391:19: warning: 'Clone' overrides a member function but is not marked 'override' [-Wsuggest-override]
    virtual void* Clone() const
                  ^
/home/yangheechan/FL-dataset-generation-opencv_features2d_TF_top30/work/opencv_features2d_TF_top30/working_env/faster36.swtv/core1/opencv_features2d_TF_top30/build/3rdparty/ippicv/ippicv_lnx/iw/include/iw++/iw_image.hpp:1359:19: note: overridden virtual function is here
    virtual void* Clone() const = 0;
                  ^
/home/yangheechan/FL-dataset-generation-opencv_features2d_TF_top30/work/opencv_features2d_TF_top30/working_env/faster36.swtv/core1/opencv_features2d_TF_top30/build/3rdparty/ippicv/ippicv_lnx/iw/include/iw++/iw_image.hpp:1398:17: warning: 'GetSrcRoi' overrides a member function but is not marked 'override' [-Wsuggest-override]
    virtual int GetSrcRoi(ipp::IwiRoi, ipp::IwiRoi&) const
                ^
/home/yangheechan/FL-dataset-generation-opencv_features2d_TF_top30/work/opencv_features2d_TF_top30/working_env/faster36.swtv/core1/opencv_features2d_TF_top30/build/3rdparty/ippicv/ippicv_lnx/iw/include/iw++/iw_image.hpp:1356:17: note: overridden virtual function is here
    virtual int GetSrcRoi(ipp::IwiRoi, ipp::IwiRoi&) const = 0;
                ^
4 warnings generated.
4 warnings generated.
warning: unknown warning option '-Wimplicit-fallthrough=3'; did you mean '-Wimplicit-fallthrough'? [-Wunknown-warning-option]
In file included from /home/yangheechan/FL-dataset-generation-opencv_features2d_TF_top30/work/opencv_features2d_TF_top30/working_env/faster36.swtv/core1/opencv_features2d_TF_top30/modules/features2d/src/fast.cpp:44:
In file included from /home/yangheechan/FL-dataset-generation-opencv_features2d_TF_top30/work/opencv_features2d_TF_top30/working_env/faster36.swtv/core1/opencv_features2d_TF_top30/modules/features2d/src/precomp.hpp:50:
In file included from /home/yangheechan/FL-dataset-generation-opencv_features2d_TF_top30/work/opencv_features2d_TF_top30/working_env/faster36.swtv/core1/opencv_features2d_TF_top30/modules/core/include/opencv2/core/private.hpp:246:
In file included from /home/yangheechan/FL-dataset-generation-opencv_features2d_TF_top30/work/opencv_features2d_TF_top30/working_env/faster36.swtv/core1/opencv_features2d_TF_top30/build/3rdparty/ippicv/ippicv_lnx/iw/include/iw++/iw.hpp:17:
In file included from /home/yangheechan/FL-dataset-generation-opencv_features2d_TF_top30/work/opencv_features2d_TF_top30/working_env/faster36.swtv/core1/opencv_features2d_TF_top30/build/3rdparty/ippicv/ippicv_lnx/iw/include/iw++/iw_image_color.hpp:17:
/home/yangheechan/FL-dataset-generation-opencv_features2d_TF_top30/work/opencv_features2d_TF_top30/working_env/faster36.swtv/core1/opencv_features2d_TF_top30/build/3rdparty/ippicv/ippicv_lnx/iw/include/iw++/iw_image.hpp:1389:13: warning: 'operator const _IwiTileTransform *' overrides a member function but is not marked 'override' [-Wsuggest-override]
    virtual operator const ::IwiTileTransform*() const { return NULL; }
            ^
/home/yangheechan/FL-dataset-generation-opencv_features2d_TF_top30/work/opencv_features2d_TF_top30/working_env/faster36.swtv/core1/opencv_features2d_TF_top30/build/3rdparty/ippicv/ippicv_lnx/iw/include/iw++/iw_image.hpp:1362:13: note: overridden virtual function is here
    virtual operator const ::IwiTileTransform*() const { return &transformStruct; }
            ^
/home/yangheechan/FL-dataset-generation-opencv_features2d_TF_top30/work/opencv_features2d_TF_top30/working_env/faster36.swtv/core1/opencv_features2d_TF_top30/build/3rdparty/ippicv/ippicv_lnx/iw/include/iw++/iw_image.hpp:1391:19: warning: 'Clone' overrides a member function but is not marked 'override' [-Wsuggest-override]
    virtual void* Clone() const
                  ^
/home/yangheechan/FL-dataset-generation-opencv_features2d_TF_top30/work/opencv_features2d_TF_top30/working_env/faster36.swtv/core1/opencv_features2d_TF_top30/build/3rdparty/ippicv/ippicv_lnx/iw/include/iw++/iw_image.hpp:1359:19: note: overridden virtual function is here
    virtual void* Clone() const = 0;
                  ^
/home/yangheechan/FL-dataset-generation-opencv_features2d_TF_top30/work/opencv_features2d_TF_top30/working_env/faster36.swtv/core1/opencv_features2d_TF_top30/build/3rdparty/ippicv/ippicv_lnx/iw/include/iw++/iw_image.hpp:1398:17: warning: 'GetSrcRoi' overrides a member function but is not marked 'override' [-Wsuggest-override]
    virtual int GetSrcRoi(ipp::IwiRoi, ipp::IwiRoi&) const
                ^
/home/yangheechan/FL-dataset-generation-opencv_features2d_TF_top30/work/opencv_features2d_TF_top30/working_env/faster36.swtv/core1/opencv_features2d_TF_top30/build/3rdparty/ippicv/ippicv_lnx/iw/include/iw++/iw_image.hpp:1356:17: note: overridden virtual function is here
    virtual int GetSrcRoi(ipp::IwiRoi, ipp::IwiRoi&) const = 0;
                ^
warning: unknown warning option '-Wimplicit-fallthrough=3'; did you mean '-Wimplicit-fallthrough'? [-Wunknown-warning-option]
In file included from /home/yangheechan/FL-dataset-generation-opencv_features2d_TF_top30/work/opencv_features2d_TF_top30/working_env/faster36.swtv/core1/opencv_features2d_TF_top30/modules/features2d/src/fast.cpp:44:
In file included from /home/yangheechan/FL-dataset-generation-opencv_features2d_TF_top30/work/opencv_features2d_TF_top30/working_env/faster36.swtv/core1/opencv_features2d_TF_top30/modules/features2d/src/precomp.hpp:50:
In file included from /home/yangheechan/FL-dataset-generation-opencv_features2d_TF_top30/work/opencv_features2d_TF_top30/working_env/faster36.swtv/core1/opencv_features2d_TF_top30/modules/core/include/opencv2/core/private.hpp:246:
In file included from /home/yangheechan/FL-dataset-generation-opencv_features2d_TF_top30/work/opencv_features2d_TF_top30/working_env/faster36.swtv/core1/opencv_features2d_TF_top30/build/3rdparty/ippicv/ippicv_lnx/iw/include/iw++/iw.hpp:17:
In file included from /home/yangheechan/FL-dataset-generation-opencv_features2d_TF_top30/work/opencv_features2d_TF_top30/working_env/faster36.swtv/core1/opencv_features2d_TF_top30/build/3rdparty/ippicv/ippicv_lnx/iw/include/iw++/iw_image_color.hpp:17:
/home/yangheechan/FL-dataset-generation-opencv_features2d_TF_top30/work/opencv_features2d_TF_top30/working_env/faster36.swtv/core1/opencv_features2d_TF_top30/build/3rdparty/ippicv/ippicv_lnx/iw/include/iw++/iw_image.hpp:1389:13: warning: 'operator const _IwiTileTransform *' overrides a member function but is not marked 'override' [-Wsuggest-override]
    virtual operator const ::IwiTileTransform*() const { return NULL; }
            ^
/home/yangheechan/FL-dataset-generation-opencv_features2d_TF_top30/work/opencv_features2d_TF_top30/working_env/faster36.swtv/core1/opencv_features2d_TF_top30/build/3rdparty/ippicv/ippicv_lnx/iw/include/iw++/iw_image.hpp:1362:13: note: overridden virtual function is here
    virtual operator const ::IwiTileTransform*() const { return &transformStruct; }
            ^
/home/yangheechan/FL-dataset-generation-opencv_features2d_TF_top30/work/opencv_features2d_TF_top30/working_env/faster36.swtv/core1/opencv_features2d_TF_top30/build/3rdparty/ippicv/ippicv_lnx/iw/include/iw++/iw_image.hpp:1391:19: warning: 'Clone' overrides a member function but is not marked 'override' [-Wsuggest-override]
    virtual void* Clone() const
                  ^
/home/yangheechan/FL-dataset-generation-opencv_features2d_TF_top30/work/opencv_features2d_TF_top30/working_env/faster36.swtv/core1/opencv_features2d_TF_top30/build/3rdparty/ippicv/ippicv_lnx/iw/include/iw++/iw_image.hpp:1359:19: note: overridden virtual function is here
    virtual void* Clone() const = 0;
                  ^
/home/yangheechan/FL-dataset-generation-opencv_features2d_TF_top30/work/opencv_features2d_TF_top30/working_env/faster36.swtv/core1/opencv_features2d_TF_top30/build/3rdparty/ippicv/ippicv_lnx/iw/include/iw++/iw_image.hpp:1398:17: warning: 'GetSrcRoi' overrides a member function but is not marked 'override' [-Wsuggest-override]
    virtual int GetSrcRoi(ipp::IwiRoi, ipp::IwiRoi&) const
                ^
/home/yangheechan/FL-dataset-generation-opencv_features2d_TF_top30/work/opencv_features2d_TF_top30/working_env/faster36.swtv/core1/opencv_features2d_TF_top30/build/3rdparty/ippicv/ippicv_lnx/iw/include/iw++/iw_image.hpp:1356:17: note: overridden virtual function is here
    virtual int GetSrcRoi(ipp::IwiRoi, ipp::IwiRoi&) const = 0;
                ^
4 warnings generated.
4 warnings generated.
warning: unknown warning option '-Wimplicit-fallthrough=3'; did you mean '-Wimplicit-fallthrough'? [-Wunknown-warning-option]
In file included from /home/yangheechan/FL-dataset-generation-opencv_features2d_TF_top30/work/opencv_features2d_TF_top30/working_env/faster36.swtv/core1/opencv_features2d_TF_top30/modules/features2d/src/fast_score.cpp:44:
In file included from /home/yangheechan/FL-dataset-generation-opencv_features2d_TF_top30/work/opencv_features2d_TF_top30/working_env/faster36.swtv/core1/opencv_features2d_TF_top30/modules/features2d/src/fast_score.hpp:49:
In file included from /home/yangheechan/FL-dataset-generation-opencv_features2d_TF_top30/work/opencv_features2d_TF_top30/working_env/faster36.swtv/core1/opencv_features2d_TF_top30/modules/features2d/src/precomp.hpp:50:
In file included from /home/yangheechan/FL-dataset-generation-opencv_features2d_TF_top30/work/opencv_features2d_TF_top30/working_env/faster36.swtv/core1/opencv_features2d_TF_top30/modules/core/include/opencv2/core/private.hpp:246:
In file included from /home/yangheechan/FL-dataset-generation-opencv_features2d_TF_top30/work/opencv_features2d_TF_top30/working_env/faster36.swtv/core1/opencv_features2d_TF_top30/build/3rdparty/ippicv/ippicv_lnx/iw/include/iw++/iw.hpp:17:
In file included from /home/yangheechan/FL-dataset-generation-opencv_features2d_TF_top30/work/opencv_features2d_TF_top30/working_env/faster36.swtv/core1/opencv_features2d_TF_top30/build/3rdparty/ippicv/ippicv_lnx/iw/include/iw++/iw_image_color.hpp:17:
/home/yangheechan/FL-dataset-generation-opencv_features2d_TF_top30/work/opencv_features2d_TF_top30/working_env/faster36.swtv/core1/opencv_features2d_TF_top30/build/3rdparty/ippicv/ippicv_lnx/iw/include/iw++/iw_image.hpp:1389:13: warning: 'operator const _IwiTileTransform *' overrides a member function but is not marked 'override' [-Wsuggest-override]
    virtual operator const ::IwiTileTransform*() const { return NULL; }
            ^
/home/yangheechan/FL-dataset-generation-opencv_features2d_TF_top30/work/opencv_features2d_TF_top30/working_env/faster36.swtv/core1/opencv_features2d_TF_top30/build/3rdparty/ippicv/ippicv_lnx/iw/include/iw++/iw_image.hpp:1362:13: note: overridden virtual function is here
    virtual operator const ::IwiTileTransform*() const { return &transformStruct; }
            ^
/home/yangheechan/FL-dataset-generation-opencv_features2d_TF_top30/work/opencv_features2d_TF_top30/working_env/faster36.swtv/core1/opencv_features2d_TF_top30/build/3rdparty/ippicv/ippicv_lnx/iw/include/iw++/iw_image.hpp:1391:19: warning: 'Clone' overrides a member function but is not marked 'override' [-Wsuggest-override]
    virtual void* Clone() const
                  ^
/home/yangheechan/FL-dataset-generation-opencv_features2d_TF_top30/work/opencv_features2d_TF_top30/working_env/faster36.swtv/core1/opencv_features2d_TF_top30/build/3rdparty/ippicv/ippicv_lnx/iw/include/iw++/iw_image.hpp:1359:19: note: overridden virtual function is here
    virtual void* Clone() const = 0;
                  ^
/home/yangheechan/FL-dataset-generation-opencv_features2d_TF_top30/work/opencv_features2d_TF_top30/working_env/faster36.swtv/core1/opencv_features2d_TF_top30/build/3rdparty/ippicv/ippicv_lnx/iw/include/iw++/iw_image.hpp:1398:17: warning: 'GetSrcRoi' overrides a member function but is not marked 'override' [-Wsuggest-override]
    virtual int GetSrcRoi(ipp::IwiRoi, ipp::IwiRoi&) const
                ^
/home/yangheechan/FL-dataset-generation-opencv_features2d_TF_top30/work/opencv_features2d_TF_top30/working_env/faster36.swtv/core1/opencv_features2d_TF_top30/build/3rdparty/ippicv/ippicv_lnx/iw/include/iw++/iw_image.hpp:1356:17: note: overridden virtual function is here
    virtual int GetSrcRoi(ipp::IwiRoi, ipp::IwiRoi&) const = 0;
                ^
warning: unknown warning option '-Wimplicit-fallthrough=3'; did you mean '-Wimplicit-fallthrough'? [-Wunknown-warning-option]
In file included from /home/yangheechan/FL-dataset-generation-opencv_features2d_TF_top30/work/opencv_features2d_TF_top30/working_env/faster36.swtv/core1/opencv_features2d_TF_top30/modules/features2d/src/fast_score.cpp:44:
In file included from /home/yangheechan/FL-dataset-generation-opencv_features2d_TF_top30/work/opencv_features2d_TF_top30/working_env/faster36.swtv/core1/opencv_features2d_TF_top30/modules/features2d/src/fast_score.hpp:49:
In file included from /home/yangheechan/FL-dataset-generation-opencv_features2d_TF_top30/work/opencv_features2d_TF_top30/working_env/faster36.swtv/core1/opencv_features2d_TF_top30/modules/features2d/src/precomp.hpp:50:
In file included from /home/yangheechan/FL-dataset-generation-opencv_features2d_TF_top30/work/opencv_features2d_TF_top30/working_env/faster36.swtv/core1/opencv_features2d_TF_top30/modules/core/include/opencv2/core/private.hpp:246:
In file included from /home/yangheechan/FL-dataset-generation-opencv_features2d_TF_top30/work/opencv_features2d_TF_top30/working_env/faster36.swtv/core1/opencv_features2d_TF_top30/build/3rdparty/ippicv/ippicv_lnx/iw/include/iw++/iw.hpp:17:
In file included from /home/yangheechan/FL-dataset-generation-opencv_features2d_TF_top30/work/opencv_features2d_TF_top30/working_env/faster36.swtv/core1/opencv_features2d_TF_top30/build/3rdparty/ippicv/ippicv_lnx/iw/include/iw++/iw_image_color.hpp:17:
/home/yangheechan/FL-dataset-generation-opencv_features2d_TF_top30/work/opencv_features2d_TF_top30/working_env/faster36.swtv/core1/opencv_features2d_TF_top30/build/3rdparty/ippicv/ippicv_lnx/iw/include/iw++/iw_image.hpp:1389:13: warning: 'operator const _IwiTileTransform *' overrides a member function but is not marked 'override' [-Wsuggest-override]
    virtual operator const ::IwiTileTransform*() const { return NULL; }
            ^
/home/yangheechan/FL-dataset-generation-opencv_features2d_TF_top30/work/opencv_features2d_TF_top30/working_env/faster36.swtv/core1/opencv_features2d_TF_top30/build/3rdparty/ippicv/ippicv_lnx/iw/include/iw++/iw_image.hpp:1362:13: note: overridden virtual function is here
    virtual operator const ::IwiTileTransform*() const { return &transformStruct; }
            ^
/home/yangheechan/FL-dataset-generation-opencv_features2d_TF_top30/work/opencv_features2d_TF_top30/working_env/faster36.swtv/core1/opencv_features2d_TF_top30/build/3rdparty/ippicv/ippicv_lnx/iw/include/iw++/iw_image.hpp:1391:19: warning: 'Clone' overrides a member function but is not marked 'override' [-Wsuggest-override]
    virtual void* Clone() const
                  ^
/home/yangheechan/FL-dataset-generation-opencv_features2d_TF_top30/work/opencv_features2d_TF_top30/working_env/faster36.swtv/core1/opencv_features2d_TF_top30/build/3rdparty/ippicv/ippicv_lnx/iw/include/iw++/iw_image.hpp:1359:19: note: overridden virtual function is here
    virtual void* Clone() const = 0;
                  ^
/home/yangheechan/FL-dataset-generation-opencv_features2d_TF_top30/work/opencv_features2d_TF_top30/working_env/faster36.swtv/core1/opencv_features2d_TF_top30/build/3rdparty/ippicv/ippicv_lnx/iw/include/iw++/iw_image.hpp:1398:17: warning: 'GetSrcRoi' overrides a member function but is not marked 'override' [-Wsuggest-override]
    virtual int GetSrcRoi(ipp::IwiRoi, ipp::IwiRoi&) const
                ^
/home/yangheechan/FL-dataset-generation-opencv_features2d_TF_top30/work/opencv_features2d_TF_top30/working_env/faster36.swtv/core1/opencv_features2d_TF_top30/build/3rdparty/ippicv/ippicv_lnx/iw/include/iw++/iw_image.hpp:1356:17: note: overridden virtual function is here
    virtual int GetSrcRoi(ipp::IwiRoi, ipp::IwiRoi&) const = 0;
                ^
4 warnings generated.
4 warnings generated.
warning: unknown warning option '-Wimplicit-fallthrough=3'; did you mean '-Wimplicit-fallthrough'? [-Wunknown-warning-option]
In file included from /home/yangheechan/FL-dataset-generation-opencv_features2d_TF_top30/work/opencv_features2d_TF_top30/working_env/faster36.swtv/core1/opencv_features2d_TF_top30/modules/features2d/src/kaze/fed.cpp:31:
In file included from /home/yangheechan/FL-dataset-generation-opencv_features2d_TF_top30/work/opencv_features2d_TF_top30/working_env/faster36.swtv/core1/opencv_features2d_TF_top30/modules/features2d/src/kaze/../precomp.hpp:50:
In file included from /home/yangheechan/FL-dataset-generation-opencv_features2d_TF_top30/work/opencv_features2d_TF_top30/working_env/faster36.swtv/core1/opencv_features2d_TF_top30/modules/core/include/opencv2/core/private.hpp:246:
In file included from /home/yangheechan/FL-dataset-generation-opencv_features2d_TF_top30/work/opencv_features2d_TF_top30/working_env/faster36.swtv/core1/opencv_features2d_TF_top30/build/3rdparty/ippicv/ippicv_lnx/iw/include/iw++/iw.hpp:17:
In file included from /home/yangheechan/FL-dataset-generation-opencv_features2d_TF_top30/work/opencv_features2d_TF_top30/working_env/faster36.swtv/core1/opencv_features2d_TF_top30/build/3rdparty/ippicv/ippicv_lnx/iw/include/iw++/iw_image_color.hpp:17:
/home/yangheechan/FL-dataset-generation-opencv_features2d_TF_top30/work/opencv_features2d_TF_top30/working_env/faster36.swtv/core1/opencv_features2d_TF_top30/build/3rdparty/ippicv/ippicv_lnx/iw/include/iw++/iw_image.hpp:1389:13: warning: 'operator const _IwiTileTransform *' overrides a member function but is not marked 'override' [-Wsuggest-override]
    virtual operator const ::IwiTileTransform*() const { return NULL; }
            ^
/home/yangheechan/FL-dataset-generation-opencv_features2d_TF_top30/work/opencv_features2d_TF_top30/working_env/faster36.swtv/core1/opencv_features2d_TF_top30/build/3rdparty/ippicv/ippicv_lnx/iw/include/iw++/iw_image.hpp:1362:13: note: overridden virtual function is here
    virtual operator const ::IwiTileTransform*() const { return &transformStruct; }
            ^
/home/yangheechan/FL-dataset-generation-opencv_features2d_TF_top30/work/opencv_features2d_TF_top30/working_env/faster36.swtv/core1/opencv_features2d_TF_top30/build/3rdparty/ippicv/ippicv_lnx/iw/include/iw++/iw_image.hpp:1391:19: warning: 'Clone' overrides a member function but is not marked 'override' [-Wsuggest-override]
    virtual void* Clone() const
                  ^
/home/yangheechan/FL-dataset-generation-opencv_features2d_TF_top30/work/opencv_features2d_TF_top30/working_env/faster36.swtv/core1/opencv_features2d_TF_top30/build/3rdparty/ippicv/ippicv_lnx/iw/include/iw++/iw_image.hpp:1359:19: note: overridden virtual function is here
    virtual void* Clone() const = 0;
                  ^
/home/yangheechan/FL-dataset-generation-opencv_features2d_TF_top30/work/opencv_features2d_TF_top30/working_env/faster36.swtv/core1/opencv_features2d_TF_top30/build/3rdparty/ippicv/ippicv_lnx/iw/include/iw++/iw_image.hpp:1398:17: warning: 'GetSrcRoi' overrides a member function but is not marked 'override' [-Wsuggest-override]
    virtual int GetSrcRoi(ipp::IwiRoi, ipp::IwiRoi&) const
                ^
/home/yangheechan/FL-dataset-generation-opencv_features2d_TF_top30/work/opencv_features2d_TF_top30/working_env/faster36.swtv/core1/opencv_features2d_TF_top30/build/3rdparty/ippicv/ippicv_lnx/iw/include/iw++/iw_image.hpp:1356:17: note: overridden virtual function is here
    virtual int GetSrcRoi(ipp::IwiRoi, ipp::IwiRoi&) const = 0;
                ^
warning: unknown warning option '-Wimplicit-fallthrough=3'; did you mean '-Wimplicit-fallthrough'? [-Wunknown-warning-option]
In file included from /home/yangheechan/FL-dataset-generation-opencv_features2d_TF_top30/work/opencv_features2d_TF_top30/working_env/faster36.swtv/core1/opencv_features2d_TF_top30/modules/features2d/src/kaze/fed.cpp:31:
In file included from /home/yangheechan/FL-dataset-generation-opencv_features2d_TF_top30/work/opencv_features2d_TF_top30/working_env/faster36.swtv/core1/opencv_features2d_TF_top30/modules/features2d/src/kaze/../precomp.hpp:50:
In file included from /home/yangheechan/FL-dataset-generation-opencv_features2d_TF_top30/work/opencv_features2d_TF_top30/working_env/faster36.swtv/core1/opencv_features2d_TF_top30/modules/core/include/opencv2/core/private.hpp:246:
In file included from /home/yangheechan/FL-dataset-generation-opencv_features2d_TF_top30/work/opencv_features2d_TF_top30/working_env/faster36.swtv/core1/opencv_features2d_TF_top30/build/3rdparty/ippicv/ippicv_lnx/iw/include/iw++/iw.hpp:17:
In file included from /home/yangheechan/FL-dataset-generation-opencv_features2d_TF_top30/work/opencv_features2d_TF_top30/working_env/faster36.swtv/core1/opencv_features2d_TF_top30/build/3rdparty/ippicv/ippicv_lnx/iw/include/iw++/iw_image_color.hpp:17:
/home/yangheechan/FL-dataset-generation-opencv_features2d_TF_top30/work/opencv_features2d_TF_top30/working_env/faster36.swtv/core1/opencv_features2d_TF_top30/build/3rdparty/ippicv/ippicv_lnx/iw/include/iw++/iw_image.hpp:1389:13: warning: 'operator const _IwiTileTransform *' overrides a member function but is not marked 'override' [-Wsuggest-override]
    virtual operator const ::IwiTileTransform*() const { return NULL; }
            ^
/home/yangheechan/FL-dataset-generation-opencv_features2d_TF_top30/work/opencv_features2d_TF_top30/working_env/faster36.swtv/core1/opencv_features2d_TF_top30/build/3rdparty/ippicv/ippicv_lnx/iw/include/iw++/iw_image.hpp:1362:13: note: overridden virtual function is here
    virtual operator const ::IwiTileTransform*() const { return &transformStruct; }
            ^
/home/yangheechan/FL-dataset-generation-opencv_features2d_TF_top30/work/opencv_features2d_TF_top30/working_env/faster36.swtv/core1/opencv_features2d_TF_top30/build/3rdparty/ippicv/ippicv_lnx/iw/include/iw++/iw_image.hpp:1391:19: warning: 'Clone' overrides a member function but is not marked 'override' [-Wsuggest-override]
    virtual void* Clone() const
                  ^
/home/yangheechan/FL-dataset-generation-opencv_features2d_TF_top30/work/opencv_features2d_TF_top30/working_env/faster36.swtv/core1/opencv_features2d_TF_top30/build/3rdparty/ippicv/ippicv_lnx/iw/include/iw++/iw_image.hpp:1359:19: note: overridden virtual function is here
    virtual void* Clone() const = 0;
                  ^
/home/yangheechan/FL-dataset-generation-opencv_features2d_TF_top30/work/opencv_features2d_TF_top30/working_env/faster36.swtv/core1/opencv_features2d_TF_top30/build/3rdparty/ippicv/ippicv_lnx/iw/include/iw++/iw_image.hpp:1398:17: warning: 'GetSrcRoi' overrides a member function but is not marked 'override' [-Wsuggest-override]
    virtual int GetSrcRoi(ipp::IwiRoi, ipp::IwiRoi&) const
                ^
/home/yangheechan/FL-dataset-generation-opencv_features2d_TF_top30/work/opencv_features2d_TF_top30/working_env/faster36.swtv/core1/opencv_features2d_TF_top30/build/3rdparty/ippicv/ippicv_lnx/iw/include/iw++/iw_image.hpp:1356:17: note: overridden virtual function is here
    virtual int GetSrcRoi(ipp::IwiRoi, ipp::IwiRoi&) const = 0;
                ^
4 warnings generated.
4 warnings generated.
warning: unknown warning option '-Wimplicit-fallthrough=3'; did you mean '-Wimplicit-fallthrough'? [-Wunknown-warning-option]
In file included from /home/yangheechan/FL-dataset-generation-opencv_features2d_TF_top30/work/opencv_features2d_TF_top30/working_env/faster36.swtv/core1/opencv_features2d_TF_top30/modules/features2d/src/mser.cpp:46:
In file included from /home/yangheechan/FL-dataset-generation-opencv_features2d_TF_top30/work/opencv_features2d_TF_top30/working_env/faster36.swtv/core1/opencv_features2d_TF_top30/modules/features2d/src/precomp.hpp:50:
In file included from /home/yangheechan/FL-dataset-generation-opencv_features2d_TF_top30/work/opencv_features2d_TF_top30/working_env/faster36.swtv/core1/opencv_features2d_TF_top30/modules/core/include/opencv2/core/private.hpp:246:
In file included from /home/yangheechan/FL-dataset-generation-opencv_features2d_TF_top30/work/opencv_features2d_TF_top30/working_env/faster36.swtv/core1/opencv_features2d_TF_top30/build/3rdparty/ippicv/ippicv_lnx/iw/include/iw++/iw.hpp:17:
In file included from /home/yangheechan/FL-dataset-generation-opencv_features2d_TF_top30/work/opencv_features2d_TF_top30/working_env/faster36.swtv/core1/opencv_features2d_TF_top30/build/3rdparty/ippicv/ippicv_lnx/iw/include/iw++/iw_image_color.hpp:17:
/home/yangheechan/FL-dataset-generation-opencv_features2d_TF_top30/work/opencv_features2d_TF_top30/working_env/faster36.swtv/core1/opencv_features2d_TF_top30/build/3rdparty/ippicv/ippicv_lnx/iw/include/iw++/iw_image.hpp:1389:13: warning: 'operator const _IwiTileTransform *' overrides a member function but is not marked 'override' [-Wsuggest-override]
    virtual operator const ::IwiTileTransform*() const { return NULL; }
            ^
/home/yangheechan/FL-dataset-generation-opencv_features2d_TF_top30/work/opencv_features2d_TF_top30/working_env/faster36.swtv/core1/opencv_features2d_TF_top30/build/3rdparty/ippicv/ippicv_lnx/iw/include/iw++/iw_image.hpp:1362:13: note: overridden virtual function is here
    virtual operator const ::IwiTileTransform*() const { return &transformStruct; }
            ^
/home/yangheechan/FL-dataset-generation-opencv_features2d_TF_top30/work/opencv_features2d_TF_top30/working_env/faster36.swtv/core1/opencv_features2d_TF_top30/build/3rdparty/ippicv/ippicv_lnx/iw/include/iw++/iw_image.hpp:1391:19: warning: 'Clone' overrides a member function but is not marked 'override' [-Wsuggest-override]
    virtual void* Clone() const
                  ^
/home/yangheechan/FL-dataset-generation-opencv_features2d_TF_top30/work/opencv_features2d_TF_top30/working_env/faster36.swtv/core1/opencv_features2d_TF_top30/build/3rdparty/ippicv/ippicv_lnx/iw/include/iw++/iw_image.hpp:1359:19: note: overridden virtual function is here
    virtual void* Clone() const = 0;
                  ^
/home/yangheechan/FL-dataset-generation-opencv_features2d_TF_top30/work/opencv_features2d_TF_top30/working_env/faster36.swtv/core1/opencv_features2d_TF_top30/build/3rdparty/ippicv/ippicv_lnx/iw/include/iw++/iw_image.hpp:1398:17: warning: 'GetSrcRoi' overrides a member function but is not marked 'override' [-Wsuggest-override]
    virtual int GetSrcRoi(ipp::IwiRoi, ipp::IwiRoi&) const
                ^
/home/yangheechan/FL-dataset-generation-opencv_features2d_TF_top30/work/opencv_features2d_TF_top30/working_env/faster36.swtv/core1/opencv_features2d_TF_top30/build/3rdparty/ippicv/ippicv_lnx/iw/include/iw++/iw_image.hpp:1356:17: note: overridden virtual function is here
    virtual int GetSrcRoi(ipp::IwiRoi, ipp::IwiRoi&) const = 0;
                ^
warning: unknown warning option '-Wimplicit-fallthrough=3'; did you mean '-Wimplicit-fallthrough'? [-Wunknown-warning-option]
In file included from /home/yangheechan/FL-dataset-generation-opencv_features2d_TF_top30/work/opencv_features2d_TF_top30/working_env/faster36.swtv/core1/opencv_features2d_TF_top30/modules/features2d/src/mser.cpp:46:
In file included from /home/yangheechan/FL-dataset-generation-opencv_features2d_TF_top30/work/opencv_features2d_TF_top30/working_env/faster36.swtv/core1/opencv_features2d_TF_top30/modules/features2d/src/precomp.hpp:50:
In file included from /home/yangheechan/FL-dataset-generation-opencv_features2d_TF_top30/work/opencv_features2d_TF_top30/working_env/faster36.swtv/core1/opencv_features2d_TF_top30/modules/core/include/opencv2/core/private.hpp:246:
In file included from /home/yangheechan/FL-dataset-generation-opencv_features2d_TF_top30/work/opencv_features2d_TF_top30/working_env/faster36.swtv/core1/opencv_features2d_TF_top30/build/3rdparty/ippicv/ippicv_lnx/iw/include/iw++/iw.hpp:17:
In file included from /home/yangheechan/FL-dataset-generation-opencv_features2d_TF_top30/work/opencv_features2d_TF_top30/working_env/faster36.swtv/core1/opencv_features2d_TF_top30/build/3rdparty/ippicv/ippicv_lnx/iw/include/iw++/iw_image_color.hpp:17:
/home/yangheechan/FL-dataset-generation-opencv_features2d_TF_top30/work/opencv_features2d_TF_top30/working_env/faster36.swtv/core1/opencv_features2d_TF_top30/build/3rdparty/ippicv/ippicv_lnx/iw/include/iw++/iw_image.hpp:1389:13: warning: 'operator const _IwiTileTransform *' overrides a member function but is not marked 'override' [-Wsuggest-override]
    virtual operator const ::IwiTileTransform*() const { return NULL; }
            ^
/home/yangheechan/FL-dataset-generation-opencv_features2d_TF_top30/work/opencv_features2d_TF_top30/working_env/faster36.swtv/core1/opencv_features2d_TF_top30/build/3rdparty/ippicv/ippicv_lnx/iw/include/iw++/iw_image.hpp:1362:13: note: overridden virtual function is here
    virtual operator const ::IwiTileTransform*() const { return &transformStruct; }
            ^
/home/yangheechan/FL-dataset-generation-opencv_features2d_TF_top30/work/opencv_features2d_TF_top30/working_env/faster36.swtv/core1/opencv_features2d_TF_top30/build/3rdparty/ippicv/ippicv_lnx/iw/include/iw++/iw_image.hpp:1391:19: warning: 'Clone' overrides a member function but is not marked 'override' [-Wsuggest-override]
    virtual void* Clone() const
                  ^
/home/yangheechan/FL-dataset-generation-opencv_features2d_TF_top30/work/opencv_features2d_TF_top30/working_env/faster36.swtv/core1/opencv_features2d_TF_top30/build/3rdparty/ippicv/ippicv_lnx/iw/include/iw++/iw_image.hpp:1359:19: note: overridden virtual function is here
    virtual void* Clone() const = 0;
                  ^
/home/yangheechan/FL-dataset-generation-opencv_features2d_TF_top30/work/opencv_features2d_TF_top30/working_env/faster36.swtv/core1/opencv_features2d_TF_top30/build/3rdparty/ippicv/ippicv_lnx/iw/include/iw++/iw_image.hpp:1398:17: warning: 'GetSrcRoi' overrides a member function but is not marked 'override' [-Wsuggest-override]
    virtual int GetSrcRoi(ipp::IwiRoi, ipp::IwiRoi&) const
                ^
/home/yangheechan/FL-dataset-generation-opencv_features2d_TF_top30/work/opencv_features2d_TF_top30/working_env/faster36.swtv/core1/opencv_features2d_TF_top30/build/3rdparty/ippicv/ippicv_lnx/iw/include/iw++/iw_image.hpp:1356:17: note: overridden virtual function is here
    virtual int GetSrcRoi(ipp::IwiRoi, ipp::IwiRoi&) const = 0;
                ^
4 warnings generated.
4 warnings generated.
