
+++++ results for mser.MUT837.cpp +++++
+++++ STDOUT +++++
done with option i: 464 467 469 470 473 474 475 480 483 484 485 488 496 497 499 502 503 505 508 509 515 518 519 521 524 525 526 528 531 534 536 538 539 545 558 560 564 565 569 915 572 573 575 580 581 587 588 589 592 595 597 598 600 601 602 1028 603 607 609 610 611 612 614 615 616 617 619 621 624 627 628 629 635 637 638 639 641 643 644 645 647 649 650 652 653 655 657 659 662 663 665 666 672 674 675 676 679 681 683 684 917 688 690 692 694 697 699 700 702 704 706 713 726 731 735 918 739 742 919 761 762 763 764 769 774 775 781 921 788 791 792 803 813 815 821 822 825 826 827 829 830 997 832 834 836 838 843 910 911 854 856 857 858 862 870 872 877 878 880 881 882 885 890 893 897 901 902 905 907 908 909 927 930 932 933 935 936 940 947 951 953 957 959 960 962 969 972 977 980 984 988 992 998 999 1001 1003 1004 1007 1010 1020 1022 1024 1034 1035 1038 1040 1042 1044 1045 1046 1048 1053 1059 1065 1069 1070 1072 1078 1231 1233 1235 1237 1239 1242 1243 1246 1247 1250 1251 1252 1255 1256 1259 1263 1267 1268 1276 1277 1281 1282 1284 1287 1289 1291 1294 1296 1297 1301 1304 1306 1309 1311 1314 1315 1320 1322 1323 1326 1327 1328 1331 1333 1334 1337 1349 1352 1354 1357 1360 1365 1370 1375 1376 1377 1379 1380 1381 1383 1384 1385 1387 1388 1389 1391 1392 1394 1399 1405 1407 1408 1409 1410 1412 1413 1415 1419 1421 1424 1429 1430 1439 1440 1441 1442 1447 1448 1449 1459 1460 1464 1468 1469 1470 1472 1474 1475 1479 1482 1483 1485 1490 1491 1492 1498 1501 1506 1510 1519 1524 1525 1526 1527 1533 1964 1535 1540 1543 1545 1547 1548 1550 1557 1559 1561 1566 1568 1569 1571 1574 1577 1580 1584 1589 1590 1594 1601 1602 1608 1610 1611 1618 1619 1621 1627 1629 1630 1631 1632 1634 1637 1640 1643 1645 1646 1650 1651 1657 1662 1665 1667 1677 1678 1680 1686 1697 1700 1701 1702 1703 1707 1708 1714 2217 1715 1718 1719 1721 1724 1727 1729 1731 1736 1738 1740 1747 1750 1752 1753 1758 1759 1761 1765 1766 1767 1770 1771 1773 1775 1781 1788 1789 1791 1800 1801 1803 1807 1809 1918 1812 1820 1826 1827 1829 1830 1831 1832 237 546 71 73 78 81 86 89 91 98 99 101 105 107 114 116 117 119 120 124 125 126 128 130 247 252 345 347 348 350 351 353 356 358 359 360 361 363 368 370 371 372 373 375 378 380 381 382 386 388 389 394 395 396 398 406 407 411 413 416 418 430 431 432 433 437 912 454 456 631 632 640 648 651 656 664 668 677 685 687 689 698 718 724 728 736 737 748 754 757 765 782 784 787 790 810 824 831 839 844 847 1052 1029 1033 855 861 883 889 922 923 926 937 943 950 955 965 968 974 981 993 1000 1002 1005 1018 1039 1041 1043 1240 1244 1248 1258 1260 1262 1264 1292 1299 1302 1307 1312 1325 1329 1332 1335 1339 1340 1353 1358 1371 1378 1382 1386 1390 1395 1400 1401 1406 1411 1416 1426 1432 1436 1450 1461 1465 1466 1467 1471 1478 1484 1493 1518 1521 1532 1534 1539 1542 1552 1556 1573 1579 1582 1592 1604 1605 1613 1628 1633 1635 1641 1655 1660 1670 1672 1682 1689 1709 1710 1722 1726 1735 1745 1756 1769 1774 1783 1793 1804 1810 1817 1818 1833 1840 1849 1866 1869 1879 1881 1888 1899 1907 1912 1916 1924 1927 1935 1945 1952 1962 1966 1968 1972 1980 1989 1991 2001 2010 2018 2029 2030 2035 2036 2037 2050 2058 2071 2075 2078 2082 2083 2108 2115 2126 2139 2140 2142 2145 2155 2174 2181 2185 2193 2196 2198 2204 2207 2213 2224 2228 2235 2241 2250 2253 2260 2261 2270 2284 2301 2307 2308 2312 2319 2324 2328 2337 2340 2344 2347 2352 2353 2362 2367 2372 2375 2377 2384 2392 2404 2407 2418 2421 123 1319 1748 2190 2296 444 448 449 450 451 453 457 459 1431 1064 1068 1076 1083 1234 1274 1279 1286 1764 1828 2336 
done with option o: /home/yangheechan/FL-dataset-generation-opencv_features2d_TF_top30/out/opencv_features2d_TF_top30/generated_mutants-mbfl-trial1/mser.MUT837.cpp/opencv_features2d_TF_top30-opencv_features2d_TF_top30--modules--features2d--src--brisk.cpp/
done with option l: 5
added ARGARINEG
added ARGBITNEG
added ARGDEL
added ARGINCDEC
added ARGLOGNEG
added ARGREPREQ
added ARGSTCALI
added ARGSTCDIF
added CGCR
added CGSR
added CLCR
added CLSR
added CRCR
added DIRVARARINEG
added DIRVARBITNEG
added DIRVARINCDEC
added DIRVARLOGNEG
added DIRVARREPCON
added DIRVARREPEXT
added DIRVARREPGLO
added DIRVARREPLOC
added DIRVARREPPAR
added DIRVARREPREQ
added FUNCALDEL
added INDVARARINEG
added INDVARBITNEG
added INDVARINCDEC
added INDVARLOGNEG
added INDVARREPCON
added INDVARREPEXT
added INDVARREPGLO
added INDVARREPLOC
added INDVARREPPAR
added INDVARREPREQ
added OAAA
added OAAN
added OABA
added OABN
added OAEA
added OALN
added OARN
added OASA
added OASN
added OBAA
added OBAN
added OBBA
added OBBN
added OBEA
added OBLN
added OBNG
added OBRN
added OBSA
added OBSN
added OCOR
added OEAA
added OEBA
added OESA
added OIPM
added OLAN
added OLBN
added OLLN
added OLNG
added OLRN
added OLSN
added OMMO
added OPPO
added ORAN
added ORBN
added ORLN
added ORRN
added ORSN
added OSAA
added OSAN
added OSBA
added OSBN
added OSEA
added OSLN
added OSRN
added OSSA
added OSSN
added SSOM
added VASM
added VDTR
added VGAR
added VGPR
added VGSR
added VGTR
added VLAR
added VLPR
added VLSR
added VLTR
added VSCR
added VTWD
done with option m
disabling DirVarAriNeg,DirVarBitNeg,DirVarLogNeg,DirVarIncDec,DirVarRepReq,DirVarRepCon,DirVarRepPar,DirVarRepGlo,DirVarRepExt,DirVarRepLoc,IndVarAriNeg,IndVarBitNeg,IndVarLogNeg,IndVarIncDec,IndVarRepReq,IndVarRepCon,IndVarRepPar,IndVarRepGlo,IndVarRepExt,IndVarRepLoc,STRI
g_inputfile_name = brisk.cpp
g_mutdbfile_name = /home/yangheechan/FL-dataset-generation-opencv_features2d_TF_top30/out/opencv_features2d_TF_top30/generated_mutants-mbfl-trial1/mser.MUT837.cpp/opencv_features2d_TF_top30-opencv_features2d_TF_top30--modules--features2d--src--brisk.cpp/brisk_mut_db.csv
executing action from GatherDataAction
Done GatherDataAction
0
brisk.cpp
(1 : 1)
(2434 : 1)
executing action from GenerateMutantAction
done execute action
opened file name /home/yangheechan/FL-dataset-generation-opencv_features2d_TF_top30/out/opencv_features2d_TF_top30/generated_mutants-mbfl-trial1/mser.MUT837.cpp/opencv_features2d_TF_top30-opencv_features2d_TF_top30--modules--features2d--src--brisk.cpp/brisk_mut_db.csv
ArgAriNeg 80
ArgBitNeg 63
ArgDel 88
ArgIncDec 123
ArgLogNeg 77
ArgRepReq 228
ArgStcAli 42
ArgStcDif 28
CGCR 316
CGSR 405
CLCR 274
CLSR 381
CRCR 560
CovAllEdg 65
CovAllNod 138
DirVarAriNeg 0
DirVarBitNeg 0
DirVarIncDec 0
DirVarLogNeg 0
DirVarRepCon 0
DirVarRepExt 0
DirVarRepGlo 0
DirVarRepLoc 0
DirVarRepPar 0
DirVarRepReq 0
FunCalDel 143
IndVarAriNeg 0
IndVarBitNeg 0
IndVarIncDec 0
IndVarLogNeg 0
IndVarRepCon 0
IndVarRepExt 0
IndVarRepGlo 0
IndVarRepLoc 0
IndVarRepPar 0
IndVarRepReq 0
OAAA 31
OAAN 180
OABA 13
OABN 72
OAEA 22
OALN 133
OARN 213
OASA 9
OASN 79
OBAA 0
OBAN 1
OBBA 0
OBBN 0
OBEA 0
OBLN 0
OBNG 2
OBRN 1
OBSA 0
OBSN 0
OCNG 28
OCOR 72
OEAA 126
OEBA 37
OESA 33
OIPM 0
OLAN 1
OLBN 3
OLLN 2
OLNG 2
OLRN 7
OLSN 2
OMMO 6
OPPO 29
ORAN 116
ORBN 29
ORLN 48
ORRN 113
ORSN 16
OSAA 0
OSAN 1
OSBA 0
OSBN 1
OSEA 0
OSLN 1
OSRN 0
OSSA 0
OSSN 1
RetStaDel 8
SBRC 0
SBRN 0
SCRB 6
SCRN 0
SDWD 0
SGLR 0
SMTC 1
SMTT 0
SMVB 1
SRSR 118
SSDL 137
SSOM 0
SSWM 0
STRI 0
STRP 126
SWDD 0
VASM 0
VDTR 469
VGAR 0
VGPR 0
VGSR 534
VGTR 0
VLAR 1
VLPR 16
VLSR 579
VLTR 0
VSCR 77
VTWD 344
Done tooling on /home/yangheechan/FL-dataset-generation-opencv_features2d_TF_top30/work/opencv_features2d_TF_top30/working_env/faster19.swtv/core5/opencv_features2d_TF_top30/modules/features2d/src/brisk.cpp
done with option i: 168 57 60 61 79 92 95 97 105 122 127 138 147 161 
done with option o: /home/yangheechan/FL-dataset-generation-opencv_features2d_TF_top30/out/opencv_features2d_TF_top30/generated_mutants-mbfl-trial1/mser.MUT837.cpp/opencv_features2d_TF_top30-opencv_features2d_TF_top30--modules--features2d--src--fast.avx2.cpp/
done with option l: 5
added ARGARINEG
added ARGBITNEG
added ARGDEL
added ARGINCDEC
added ARGLOGNEG
added ARGREPREQ
added ARGSTCALI
added ARGSTCDIF
added CGCR
added CGSR
added CLCR
added CLSR
added CRCR
added DIRVARARINEG
added DIRVARBITNEG
added DIRVARINCDEC
added DIRVARLOGNEG
added DIRVARREPCON
added DIRVARREPEXT
added DIRVARREPGLO
added DIRVARREPLOC
added DIRVARREPPAR
added DIRVARREPREQ
added FUNCALDEL
added INDVARARINEG
added INDVARBITNEG
added INDVARINCDEC
added INDVARLOGNEG
added INDVARREPCON
added INDVARREPEXT
added INDVARREPGLO
added INDVARREPLOC
added INDVARREPPAR
added INDVARREPREQ
added OAAA
added OAAN
added OABA
added OABN
added OAEA
added OALN
added OARN
added OASA
added OASN
added OBAA
added OBAN
added OBBA
added OBBN
added OBEA
added OBLN
added OBNG
added OBRN
added OBSA
added OBSN
added OCOR
added OEAA
added OEBA
added OESA
added OIPM
added OLAN
added OLBN
added OLLN
added OLNG
added OLRN
added OLSN
added OMMO
added OPPO
added ORAN
added ORBN
added ORLN
added ORRN
added ORSN
added OSAA
added OSAN
added OSBA
added OSBN
added OSEA
added OSLN
added OSRN
added OSSA
added OSSN
added SSOM
added VASM
added VDTR
added VGAR
added VGPR
added VGSR
added VGTR
added VLAR
added VLPR
added VLSR
added VLTR
added VSCR
added VTWD
done with option m
disabling DirVarAriNeg,DirVarBitNeg,DirVarLogNeg,DirVarIncDec,DirVarRepReq,DirVarRepCon,DirVarRepPar,DirVarRepGlo,DirVarRepExt,DirVarRepLoc,IndVarAriNeg,IndVarBitNeg,IndVarLogNeg,IndVarIncDec,IndVarRepReq,IndVarRepCon,IndVarRepPar,IndVarRepGlo,IndVarRepExt,IndVarRepLoc,STRI
g_inputfile_name = fast.avx2.cpp
g_mutdbfile_name = /home/yangheechan/FL-dataset-generation-opencv_features2d_TF_top30/out/opencv_features2d_TF_top30/generated_mutants-mbfl-trial1/mser.MUT837.cpp/opencv_features2d_TF_top30-opencv_features2d_TF_top30--modules--features2d--src--fast.avx2.cpp/fast.avx2_mut_db.csv
executing action from GatherDataAction
Done GatherDataAction
0
fast.avx2.cpp
(1 : 1)
(185 : 1)
executing action from GenerateMutantAction
done execute action
opened file name /home/yangheechan/FL-dataset-generation-opencv_features2d_TF_top30/out/opencv_features2d_TF_top30/generated_mutants-mbfl-trial1/mser.MUT837.cpp/opencv_features2d_TF_top30-opencv_features2d_TF_top30--modules--features2d--src--fast.avx2.cpp/fast.avx2_mut_db.csv
ArgAriNeg 2
ArgBitNeg 0
ArgDel 4
ArgIncDec 3
ArgLogNeg 2
ArgRepReq 7
ArgStcAli 0
ArgStcDif 0
CGCR 0
CGSR 0
CLCR 10
CLSR 9
CRCR 9
CovAllEdg 0
CovAllNod 3
DirVarAriNeg 0
DirVarBitNeg 0
DirVarIncDec 0
DirVarLogNeg 0
DirVarRepCon 0
DirVarRepExt 0
DirVarRepGlo 0
DirVarRepLoc 0
DirVarRepPar 0
DirVarRepReq 0
FunCalDel 4
IndVarAriNeg 0
IndVarBitNeg 0
IndVarIncDec 0
IndVarLogNeg 0
IndVarRepCon 0
IndVarRepExt 0
IndVarRepGlo 0
IndVarRepLoc 0
IndVarRepPar 0
IndVarRepReq 0
OAAA 0
OAAN 5
OABA 2
OABN 0
OAEA 1
OALN 3
OARN 6
OASA 1
OASN 1
OBAA 0
OBAN 0
OBBA 0
OBBN 0
OBEA 0
OBLN 0
OBNG 0
OBRN 1
OBSA 0
OBSN 0
OCNG 0
OCOR 6
OEAA 6
OEBA 1
OESA 1
OIPM 0
OLAN 0
OLBN 0
OLLN 0
OLNG 0
OLRN 0
OLSN 0
OMMO 0
OPPO 0
ORAN 1
ORBN 3
ORLN 1
ORRN 2
ORSN 0
OSAA 0
OSAN 0
OSBA 0
OSBN 0
OSEA 0
OSLN 0
OSRN 0
OSSA 0
OSSN 0
RetStaDel 0
SBRC 0
SBRN 0
SCRB 0
SCRN 0
SDWD 0
SGLR 0
SMTC 0
SMTT 0
SMVB 1
SRSR 0
SSDL 3
SSOM 0
SSWM 0
STRI 0
STRP 4
SWDD 0
VASM 0
VDTR 8
VGAR 0
VGPR 0
VGSR 0
VGTR 0
VLAR 0
VLPR 0
VLSR 6
VLTR 1
VSCR 2
VTWD 11
Done tooling on /home/yangheechan/FL-dataset-generation-opencv_features2d_TF_top30/work/opencv_features2d_TF_top30/working_env/faster19.swtv/core5/opencv_features2d_TF_top30/modules/features2d/src/fast.avx2.cpp
done with option i: 535 611 617 58 63 81 82 85 89 94 104 105 122 126 142 146 155 173 180 186 193 202 206 212 218 221 225 235 252 254 274 279 281 283 286 439 503 513 518 529 539 547 551 556 557 561 574 576 583 616 626 565 245 251 
done with option o: /home/yangheechan/FL-dataset-generation-opencv_features2d_TF_top30/out/opencv_features2d_TF_top30/generated_mutants-mbfl-trial1/mser.MUT837.cpp/opencv_features2d_TF_top30-opencv_features2d_TF_top30--modules--features2d--src--fast.cpp/
done with option l: 5
added ARGARINEG
added ARGBITNEG
added ARGDEL
added ARGINCDEC
added ARGLOGNEG
added ARGREPREQ
added ARGSTCALI
added ARGSTCDIF
added CGCR
added CGSR
added CLCR
added CLSR
added CRCR
added DIRVARARINEG
added DIRVARBITNEG
added DIRVARINCDEC
added DIRVARLOGNEG
added DIRVARREPCON
added DIRVARREPEXT
added DIRVARREPGLO
added DIRVARREPLOC
added DIRVARREPPAR
added DIRVARREPREQ
added FUNCALDEL
added INDVARARINEG
added INDVARBITNEG
added INDVARINCDEC
added INDVARLOGNEG
added INDVARREPCON
added INDVARREPEXT
added INDVARREPGLO
added INDVARREPLOC
added INDVARREPPAR
added INDVARREPREQ
added OAAA
added OAAN
added OABA
added OABN
added OAEA
added OALN
added OARN
added OASA
added OASN
added OBAA
added OBAN
added OBBA
added OBBN
added OBEA
added OBLN
added OBNG
added OBRN
added OBSA
added OBSN
added OCOR
added OEAA
added OEBA
added OESA
added OIPM
added OLAN
added OLBN
added OLLN
added OLNG
added OLRN
added OLSN
added OMMO
added OPPO
added ORAN
added ORBN
added ORLN
added ORRN
added ORSN
added OSAA
added OSAN
added OSBA
added OSBN
added OSEA
added OSLN
added OSRN
added OSSA
added OSSN
added SSOM
added VASM
added VDTR
added VGAR
added VGPR
added VGSR
added VGTR
added VLAR
added VLPR
added VLSR
added VLTR
added VSCR
added VTWD
done with option m
disabling DirVarAriNeg,DirVarBitNeg,DirVarLogNeg,DirVarIncDec,DirVarRepReq,DirVarRepCon,DirVarRepPar,DirVarRepGlo,DirVarRepExt,DirVarRepLoc,IndVarAriNeg,IndVarBitNeg,IndVarLogNeg,IndVarIncDec,IndVarRepReq,IndVarRepCon,IndVarRepPar,IndVarRepGlo,IndVarRepExt,IndVarRepLoc,STRI
g_inputfile_name = fast.cpp
g_mutdbfile_name = /home/yangheechan/FL-dataset-generation-opencv_features2d_TF_top30/out/opencv_features2d_TF_top30/generated_mutants-mbfl-trial1/mser.MUT837.cpp/opencv_features2d_TF_top30-opencv_features2d_TF_top30--modules--features2d--src--fast.cpp/fast_mut_db.csv
executing action from GatherDataAction
Done GatherDataAction
0
fast.cpp
(1 : 1)
(635 : 1)
executing action from GenerateMutantAction
done execute action
opened file name /home/yangheechan/FL-dataset-generation-opencv_features2d_TF_top30/out/opencv_features2d_TF_top30/generated_mutants-mbfl-trial1/mser.MUT837.cpp/opencv_features2d_TF_top30-opencv_features2d_TF_top30--modules--features2d--src--fast.cpp/fast_mut_db.csv
ArgAriNeg 2
ArgBitNeg 3
ArgDel 9
ArgIncDec 9
ArgLogNeg 5
ArgRepReq 27
ArgStcAli 2
ArgStcDif 5
CGCR 0
CGSR 0
CLCR 27
CLSR 20
CRCR 26
CovAllEdg 14
CovAllNod 10
DirVarAriNeg 0
DirVarBitNeg 0
DirVarIncDec 0
DirVarLogNeg 0
DirVarRepCon 0
DirVarRepExt 0
DirVarRepGlo 0
DirVarRepLoc 0
DirVarRepPar 0
DirVarRepReq 0
FunCalDel 12
IndVarAriNeg 0
IndVarBitNeg 0
IndVarIncDec 0
IndVarLogNeg 0
IndVarRepCon 0
IndVarRepExt 0
IndVarRepGlo 0
IndVarRepLoc 0
IndVarRepPar 0
IndVarRepReq 0
OAAA 1
OAAN 4
OABA 1
OABN 3
OAEA 1
OALN 2
OARN 7
OASA 1
OASN 4
OBAA 3
OBAN 3
OBBA 0
OBBN 1
OBEA 1
OBLN 0
OBNG 4
OBRN 7
OBSA 2
OBSN 1
OCNG 4
OCOR 4
OEAA 8
OEBA 2
OESA 2
OIPM 0
OLAN 0
OLBN 2
OLLN 0
OLNG 2
OLRN 1
OLSN 2
OMMO 0
OPPO 2
ORAN 14
ORBN 6
ORLN 2
ORRN 10
ORSN 1
OSAA 0
OSAN 0
OSBA 0
OSBN 0
OSEA 0
OSLN 0
OSRN 0
OSSA 0
OSSN 0
RetStaDel 1
SBRC 0
SBRN 0
SCRB 0
SCRN 0
SDWD 0
SGLR 0
SMTC 1
SMTT 0
SMVB 0
SRSR 1
SSDL 13
SSOM 0
SSWM 0
STRI 0
STRP 17
SWDD 0
VASM 0
VDTR 36
VGAR 0
VGPR 0
VGSR 0
VGTR 0
VLAR 0
VLPR 4
VLSR 38
VLTR 3
VSCR 8
VTWD 33
Done tooling on /home/yangheechan/FL-dataset-generation-opencv_features2d_TF_top30/work/opencv_features2d_TF_top30/working_env/faster19.swtv/core5/opencv_features2d_TF_top30/modules/features2d/src/fast.cpp
done with option i: 126 50 78 81 132 134 141 150 235 244 255 301 327 153 156 209 218 231 
done with option o: /home/yangheechan/FL-dataset-generation-opencv_features2d_TF_top30/out/opencv_features2d_TF_top30/generated_mutants-mbfl-trial1/mser.MUT837.cpp/opencv_features2d_TF_top30-opencv_features2d_TF_top30--modules--features2d--src--fast_score.cpp/
done with option l: 5
added ARGARINEG
added ARGBITNEG
added ARGDEL
added ARGINCDEC
added ARGLOGNEG
added ARGREPREQ
added ARGSTCALI
added ARGSTCDIF
added CGCR
added CGSR
added CLCR
added CLSR
added CRCR
added DIRVARARINEG
added DIRVARBITNEG
added DIRVARINCDEC
added DIRVARLOGNEG
added DIRVARREPCON
added DIRVARREPEXT
added DIRVARREPGLO
added DIRVARREPLOC
added DIRVARREPPAR
added DIRVARREPREQ
added FUNCALDEL
added INDVARARINEG
added INDVARBITNEG
added INDVARINCDEC
added INDVARLOGNEG
added INDVARREPCON
added INDVARREPEXT
added INDVARREPGLO
added INDVARREPLOC
added INDVARREPPAR
added INDVARREPREQ
added OAAA
added OAAN
added OABA
added OABN
added OAEA
added OALN
added OARN
added OASA
added OASN
added OBAA
added OBAN
added OBBA
added OBBN
added OBEA
added OBLN
added OBNG
added OBRN
added OBSA
added OBSN
added OCOR
added OEAA
added OEBA
added OESA
added OIPM
added OLAN
added OLBN
added OLLN
added OLNG
added OLRN
added OLSN
added OMMO
added OPPO
added ORAN
added ORBN
added ORLN
added ORRN
added ORSN
added OSAA
added OSAN
added OSBA
added OSBN
added OSEA
added OSLN
added OSRN
added OSSA
added OSSN
added SSOM
added VASM
added VDTR
added VGAR
added VGPR
added VGSR
added VGTR
added VLAR
added VLPR
added VLSR
added VLTR
added VSCR
added VTWD
done with option m
disabling DirVarAriNeg,DirVarBitNeg,DirVarLogNeg,DirVarIncDec,DirVarRepReq,DirVarRepCon,DirVarRepPar,DirVarRepGlo,DirVarRepExt,DirVarRepLoc,IndVarAriNeg,IndVarBitNeg,IndVarLogNeg,IndVarIncDec,IndVarRepReq,IndVarRepCon,IndVarRepPar,IndVarRepGlo,IndVarRepExt,IndVarRepLoc,STRI
g_inputfile_name = fast_score.cpp
g_mutdbfile_name = /home/yangheechan/FL-dataset-generation-opencv_features2d_TF_top30/out/opencv_features2d_TF_top30/generated_mutants-mbfl-trial1/mser.MUT837.cpp/opencv_features2d_TF_top30-opencv_features2d_TF_top30--modules--features2d--src--fast_score.cpp/fast_score_mut_db.csv
executing action from GatherDataAction
Done GatherDataAction
0
fast_score.cpp
(1 : 1)
(367 : 1)
executing action from GenerateMutantAction
done execute action
opened file name /home/yangheechan/FL-dataset-generation-opencv_features2d_TF_top30/out/opencv_features2d_TF_top30/generated_mutants-mbfl-trial1/mser.MUT837.cpp/opencv_features2d_TF_top30-opencv_features2d_TF_top30--modules--features2d--src--fast_score.cpp/fast_score_mut_db.csv
ArgAriNeg 0
ArgBitNeg 0
ArgDel 1
ArgIncDec 3
ArgLogNeg 4
ArgRepReq 10
ArgStcAli 1
ArgStcDif 0
CGCR 0
CGSR 0
CLCR 17
CLSR 12
CRCR 22
CovAllEdg 0
CovAllNod 3
DirVarAriNeg 0
DirVarBitNeg 0
DirVarIncDec 0
DirVarLogNeg 0
DirVarRepCon 0
DirVarRepExt 0
DirVarRepGlo 0
DirVarRepLoc 0
DirVarRepPar 0
DirVarRepReq 0
FunCalDel 2
IndVarAriNeg 0
IndVarBitNeg 0
IndVarIncDec 0
IndVarLogNeg 0
IndVarRepCon 0
IndVarRepExt 0
IndVarRepGlo 0
IndVarRepLoc 0
IndVarRepPar 0
IndVarRepReq 0
OAAA 2
OAAN 11
OABA 1
OABN 1
OAEA 0
OALN 3
OARN 6
OASA 1
OASN 3
OBAA 0
OBAN 0
OBBA 0
OBBN 0
OBEA 0
OBLN 0
OBNG 0
OBRN 0
OBSA 0
OBSN 0
OCNG 0
OCOR 2
OEAA 3
OEBA 3
OESA 2
OIPM 0
OLAN 0
OLBN 0
OLLN 0
OLNG 0
OLRN 0
OLSN 0
OMMO 0
OPPO 1
ORAN 0
ORBN 1
ORLN 0
ORRN 2
ORSN 0
OSAA 0
OSAN 0
OSBA 0
OSBN 0
OSEA 0
OSLN 0
OSRN 0
OSSA 0
OSSN 0
RetStaDel 0
SBRC 0
SBRN 0
SCRB 0
SCRN 0
SDWD 0
SGLR 0
SMTC 0
SMTT 1
SMVB 0
SRSR 1
SSDL 0
SSOM 0
SSWM 0
STRI 0
STRP 2
SWDD 0
VASM 0
VDTR 9
VGAR 0
VGPR 0
VGSR 0
VGTR 0
VLAR 0
VLPR 0
VLSR 17
VLTR 6
VSCR 0
VTWD 12
Done tooling on /home/yangheechan/FL-dataset-generation-opencv_features2d_TF_top30/work/opencv_features2d_TF_top30/working_env/faster19.swtv/core5/opencv_features2d_TF_top30/modules/features2d/src/fast_score.cpp
done with option i: 53 100 105 116 117 119 123 136 149 170 181 
done with option o: /home/yangheechan/FL-dataset-generation-opencv_features2d_TF_top30/out/opencv_features2d_TF_top30/generated_mutants-mbfl-trial1/mser.MUT837.cpp/opencv_features2d_TF_top30-opencv_features2d_TF_top30--modules--features2d--src--kaze--fed.cpp/
done with option l: 5
added ARGARINEG
added ARGBITNEG
added ARGDEL
added ARGINCDEC
added ARGLOGNEG
added ARGREPREQ
added ARGSTCALI
added ARGSTCDIF
added CGCR
added CGSR
added CLCR
added CLSR
added CRCR
added DIRVARARINEG
added DIRVARBITNEG
added DIRVARINCDEC
added DIRVARLOGNEG
added DIRVARREPCON
added DIRVARREPEXT
added DIRVARREPGLO
added DIRVARREPLOC
added DIRVARREPPAR
added DIRVARREPREQ
added FUNCALDEL
added INDVARARINEG
added INDVARBITNEG
added INDVARINCDEC
added INDVARLOGNEG
added INDVARREPCON
added INDVARREPEXT
added INDVARREPGLO
added INDVARREPLOC
added INDVARREPPAR
added INDVARREPREQ
added OAAA
added OAAN
added OABA
added OABN
added OAEA
added OALN
added OARN
added OASA
added OASN
added OBAA
added OBAN
added OBBA
added OBBN
added OBEA
added OBLN
added OBNG
added OBRN
added OBSA
added OBSN
added OCOR
added OEAA
added OEBA
added OESA
added OIPM
added OLAN
added OLBN
added OLLN
added OLNG
added OLRN
added OLSN
added OMMO
added OPPO
added ORAN
added ORBN
added ORLN
added ORRN
added ORSN
added OSAA
added OSAN
added OSBA
added OSBN
added OSEA
added OSLN
added OSRN
added OSSA
added OSSN
added SSOM
added VASM
added VDTR
added VGAR
added VGPR
added VGSR
added VGTR
added VLAR
added VLPR
added VLSR
added VLTR
added VSCR
added VTWD
done with option m
disabling DirVarAriNeg,DirVarBitNeg,DirVarLogNeg,DirVarIncDec,DirVarRepReq,DirVarRepCon,DirVarRepPar,DirVarRepGlo,DirVarRepExt,DirVarRepLoc,IndVarAriNeg,IndVarBitNeg,IndVarLogNeg,IndVarIncDec,IndVarRepReq,IndVarRepCon,IndVarRepPar,IndVarRepGlo,IndVarRepExt,IndVarRepLoc,STRI
g_inputfile_name = fed.cpp
g_mutdbfile_name = /home/yangheechan/FL-dataset-generation-opencv_features2d_TF_top30/out/opencv_features2d_TF_top30/generated_mutants-mbfl-trial1/mser.MUT837.cpp/opencv_features2d_TF_top30-opencv_features2d_TF_top30--modules--features2d--src--kaze--fed.cpp/fed_mut_db.csv
executing action from GatherDataAction
Done GatherDataAction
0
fed.cpp
(1 : 1)
(193 : 1)
executing action from GenerateMutantAction
done execute action
opened file name /home/yangheechan/FL-dataset-generation-opencv_features2d_TF_top30/out/opencv_features2d_TF_top30/generated_mutants-mbfl-trial1/mser.MUT837.cpp/opencv_features2d_TF_top30-opencv_features2d_TF_top30--modules--features2d--src--kaze--fed.cpp/fed_mut_db.csv
ArgAriNeg 2
ArgBitNeg 2
ArgDel 0
ArgIncDec 1
ArgLogNeg 2
ArgRepReq 6
ArgStcAli 0
ArgStcDif 0
CGCR 0
CGSR 0
CLCR 4
CLSR 7
CRCR 17
CovAllEdg 2
CovAllNod 3
DirVarAriNeg 0
DirVarBitNeg 0
DirVarIncDec 0
DirVarLogNeg 0
DirVarRepCon 0
DirVarRepExt 0
DirVarRepGlo 0
DirVarRepLoc 0
DirVarRepPar 0
DirVarRepReq 0
FunCalDel 4
IndVarAriNeg 0
IndVarBitNeg 0
IndVarIncDec 0
IndVarLogNeg 0
IndVarRepCon 0
IndVarRepExt 0
IndVarRepGlo 0
IndVarRepLoc 0
IndVarRepPar 0
IndVarRepReq 0
OAAA 0
OAAN 4
OABA 0
OABN 1
OAEA 0
OALN 0
OARN 2
OASA 0
OASN 0
OBAA 0
OBAN 0
OBBA 0
OBBN 0
OBEA 0
OBLN 0
OBNG 0
OBRN 0
OBSA 0
OBSN 0
OCNG 1
OCOR 2
OEAA 2
OEBA 0
OESA 0
OIPM 0
OLAN 0
OLBN 0
OLLN 0
OLNG 0
OLRN 0
OLSN 1
OMMO 0
OPPO 0
ORAN 3
ORBN 1
ORLN 0
ORRN 5
ORSN 4
OSAA 0
OSAN 0
OSBA 0
OSBN 0
OSEA 0
OSLN 0
OSRN 0
OSSA 0
OSSN 0
RetStaDel 0
SBRC 0
SBRN 0
SCRB 0
SCRN 0
SDWD 0
SGLR 0
SMTC 0
SMTT 1
SMVB 1
SRSR 6
SSDL 2
SSOM 0
SSWM 0
STRI 0
STRP 2
SWDD 1
VASM 0
VDTR 4
VGAR 0
VGPR 0
VGSR 0
VGTR 0
VLAR 0
VLPR 0
VLSR 9
VLTR 0
VSCR 0
VTWD 8
Done tooling on /home/yangheechan/FL-dataset-generation-opencv_features2d_TF_top30/work/opencv_features2d_TF_top30/working_env/faster19.swtv/core5/opencv_features2d_TF_top30/modules/features2d/src/kaze/fed.cpp
done with option i: 660 67 68 69 71 72 658 73 74 91 93 661 662 668 669 670 671 684 686 688 692 693 694 695 698 701 703 708 709 710 716 727 728 730 731 732 746 747 748 789 791 792 793 797 798 799 801 820 821 823 870 877 879 880 881 883 995 997 999 1009 1028 1029 1033 1035 1041 1058 1067 66 65 70 75 667 675 690 697 707 729 734 790 795 796 818 819 876 878 882 182 183 202 206 207 1070 705 102 101 105 106 111 112 113 118 121 125 130 131 137 140 144 149 155 156 161 165 176 203 204 205 209 211 216 222 233 244 255 260 279 282 283 285 290 296 298 326 330 336 349 352 356 361 368 370 373 380 390 406 452 407 418 442 447 460 461 471 488 500 501 506 524 528 533 559 565 585 850 865 810 895 902 916 921 922 993 1012 1020 1024 1031 1045 1052 1056 480 482 554 439 548 577 712 719 742 753 758 760 767 772 781 804 885 949 932 938 941 942 953 963 971 978 982 988 1004 1039 1064 
done with option o: /home/yangheechan/FL-dataset-generation-opencv_features2d_TF_top30/out/opencv_features2d_TF_top30/generated_mutants-mbfl-trial1/mser.MUT837.cpp/opencv_features2d_TF_top30-opencv_features2d_TF_top30--modules--features2d--src--mser.cpp/
done with option l: 5
added ARGARINEG
added ARGBITNEG
added ARGDEL
added ARGINCDEC
added ARGLOGNEG
added ARGREPREQ
added ARGSTCALI
added ARGSTCDIF
added CGCR
added CGSR
added CLCR
added CLSR
added CRCR
added DIRVARARINEG
added DIRVARBITNEG
added DIRVARINCDEC
added DIRVARLOGNEG
added DIRVARREPCON
added DIRVARREPEXT
added DIRVARREPGLO
added DIRVARREPLOC
added DIRVARREPPAR
added DIRVARREPREQ
added FUNCALDEL
added INDVARARINEG
added INDVARBITNEG
added INDVARINCDEC
added INDVARLOGNEG
added INDVARREPCON
added INDVARREPEXT
added INDVARREPGLO
added INDVARREPLOC
added INDVARREPPAR
added INDVARREPREQ
added OAAA
added OAAN
added OABA
added OABN
added OAEA
added OALN
added OARN
added OASA
added OASN
added OBAA
added OBAN
added OBBA
added OBBN
added OBEA
added OBLN
added OBNG
added OBRN
added OBSA
added OBSN
added OCOR
added OEAA
added OEBA
added OESA
added OIPM
added OLAN
added OLBN
added OLLN
added OLNG
added OLRN
added OLSN
added OMMO
added OPPO
added ORAN
added ORBN
added ORLN
added ORRN
added ORSN
added OSAA
added OSAN
added OSBA
added OSBN
added OSEA
added OSLN
added OSRN
added OSSA
added OSSN
added SSOM
added VASM
added VDTR
added VGAR
added VGPR
added VGSR
added VGTR
added VLAR
added VLPR
added VLSR
added VLTR
added VSCR
added VTWD
done with option m
disabling DirVarAriNeg,DirVarBitNeg,DirVarLogNeg,DirVarIncDec,DirVarRepReq,DirVarRepCon,DirVarRepPar,DirVarRepGlo,DirVarRepExt,DirVarRepLoc,IndVarAriNeg,IndVarBitNeg,IndVarLogNeg,IndVarIncDec,IndVarRepReq,IndVarRepCon,IndVarRepPar,IndVarRepGlo,IndVarRepExt,IndVarRepLoc,STRI
g_inputfile_name = mser.cpp
g_mutdbfile_name = /home/yangheechan/FL-dataset-generation-opencv_features2d_TF_top30/out/opencv_features2d_TF_top30/generated_mutants-mbfl-trial1/mser.MUT837.cpp/opencv_features2d_TF_top30-opencv_features2d_TF_top30--modules--features2d--src--mser.cpp/mser_mut_db.csv
executing action from GatherDataAction
Done GatherDataAction
0
mser.cpp
(1 : 1)
(1076 : 1)
executing action from GenerateMutantAction
done execute action
opened file name /home/yangheechan/FL-dataset-generation-opencv_features2d_TF_top30/out/opencv_features2d_TF_top30/generated_mutants-mbfl-trial1/mser.MUT837.cpp/opencv_features2d_TF_top30-opencv_features2d_TF_top30--modules--features2d--src--mser.cpp/mser_mut_db.csv
ArgAriNeg 7
ArgBitNeg 3
ArgDel 19
ArgIncDec 18
ArgLogNeg 14
ArgRepReq 50
ArgStcAli 3
ArgStcDif 12
CGCR 38
CGSR 37
CLCR 62
CLSR 46
CRCR 139
CovAllEdg 22
CovAllNod 70
DirVarAriNeg 0
DirVarBitNeg 0
DirVarIncDec 0
DirVarLogNeg 0
DirVarRepCon 0
DirVarRepExt 0
DirVarRepGlo 0
DirVarRepLoc 0
DirVarRepPar 0
DirVarRepReq 0
FunCalDel 35
IndVarAriNeg 0
IndVarBitNeg 0
IndVarIncDec 0
IndVarLogNeg 0
IndVarRepCon 0
IndVarRepExt 0
IndVarRepGlo 0
IndVarRepLoc 0
IndVarRepPar 0
IndVarRepReq 0
OAAA 10
OAAN 37
OABA 0
OABN 15
OAEA 13
OALN 14
OARN 33
OASA 0
OASN 14
OBAA 0
OBAN 5
OBBA 0
OBBN 2
OBEA 0
OBLN 1
OBNG 4
OBRN 4
OBSA 0
OBSN 4
OCNG 11
OCOR 9
OEAA 92
OEBA 33
OESA 18
OIPM 1
OLAN 2
OLBN 1
OLLN 1
OLNG 2
OLRN 4
OLSN 0
OMMO 0
OPPO 32
ORAN 21
ORBN 10
ORLN 10
ORRN 28
ORSN 5
OSAA 0
OSAN 1
OSBA 0
OSBN 0
OSEA 0
OSLN 1
OSRN 2
OSSA 0
OSSN 1
RetStaDel 4
SBRC 0
SBRN 0
SCRB 0
SCRN 0
SDWD 0
SGLR 0
SMTC 0
SMTT 0
SMVB 0
SRSR 29
SSDL 83
SSOM 0
SSWM 0
STRI 0
STRP 72
SWDD 0
VASM 0
VDTR 105
VGAR 0
VGPR 0
VGSR 0
VGTR 0
VLAR 0
VLPR 123
VLSR 95
VLTR 1
VSCR 144
VTWD 72
Done tooling on /home/yangheechan/FL-dataset-generation-opencv_features2d_TF_top30/work/opencv_features2d_TF_top30/working_env/faster19.swtv/core5/opencv_features2d_TF_top30/modules/features2d/src/mser.cpp
Testing version mser.MUT837.cpp on faster19.swtv::core5
Found buggy line 1589 in failing tcs, TC32.sh executed lines
>>> TOTAL Selected lines: 1068
	 >>> Selected lines executed by failing tcs: 90
	 >>> Selected lines based on SBFL rank (desc): 535
	 >>> Selected lines based on SBFL rank (asc): 535
>> Applied patch to mser.cpp with mser.MUT837.cpp
>> Cleaning build for opencv_features2d_TF_top30
>> Configuring opencv_features2d_TF_top30 without coverage
>> Building opencv_features2d_TF_top30
>> Generating mutants on mser.MUT837.cpp of brisk.cpp
>> Generating mutants on mser.MUT837.cpp of fast.avx2.cpp
>> Generating mutants on mser.MUT837.cpp of fast.cpp
>> Generating mutants on mser.MUT837.cpp of fast_score.cpp
>> Generating mutants on mser.MUT837.cpp of fed.cpp
>> Generating mutants on mser.MUT837.cpp of mser.cpp
>> Reverted mser.cpp to original from mser.MUT837.cpp
>> Cleaning build for opencv_features2d_TF_top30
>> Configuring opencv_features2d_TF_top30 without coverage
>> Building opencv_features2d_TF_top30
>> Total number of mutants: 9441
>> Total number of lines executed by failing test cases: 90
>> Mutants per file:
	 >> opencv_features2d_TF_top30/modules/features2d/src/brisk.cpp: 6858 mutants, 0 lines executed by failing test cases
	 >> opencv_features2d_TF_top30/modules/features2d/src/fast.avx2.cpp: 130 mutants, 0 lines executed by failing test cases
	 >> opencv_features2d_TF_top30/modules/features2d/src/fast.cpp: 434 mutants, 0 lines executed by failing test cases
	 >> opencv_features2d_TF_top30/modules/features2d/src/fast_score.cpp: 165 mutants, 0 lines executed by failing test cases
	 >> opencv_features2d_TF_top30/modules/features2d/src/kaze/fed.cpp: 110 mutants, 0 lines executed by failing test cases
	 >> opencv_features2d_TF_top30/modules/features2d/src/mser.cpp: 1744 mutants, 90 lines executed by failing test cases
Testing on faster19.swtv::core5-p1
Testing on faster19.swtv::core5-p0
Testing on faster19.swtv::core5-p2
Job Process-1 has been finished: ['faster19.swtv', 'core5-p0', 'mser.MUT837.cpp']
Job Process-2 has been finished: ['faster19.swtv', 'core5-p1', 'mser.MUT837.cpp']
Job Process-3 has been finished: ['faster19.swtv', 'core5-p2', 'mser.MUT837.cpp']
>> Zipped mutants on mser.MUT837.cpp
>> Removed mutants on mser.MUT837.cpp
>> Saving version mser.MUT837.cpp to database
Finished testing version mser.MUT837.cpp on faster19.swtv::core5

+++++ STDERR +++++
warning: unknown warning option '-Wimplicit-fallthrough=3'; did you mean '-Wimplicit-fallthrough'? [-Wunknown-warning-option]
In file included from /home/yangheechan/FL-dataset-generation-opencv_features2d_TF_top30/work/opencv_features2d_TF_top30/working_env/faster19.swtv/core5/opencv_features2d_TF_top30/modules/features2d/src/brisk.cpp:45:
In file included from /home/yangheechan/FL-dataset-generation-opencv_features2d_TF_top30/work/opencv_features2d_TF_top30/working_env/faster19.swtv/core5/opencv_features2d_TF_top30/modules/features2d/src/precomp.hpp:50:
In file included from /home/yangheechan/FL-dataset-generation-opencv_features2d_TF_top30/work/opencv_features2d_TF_top30/working_env/faster19.swtv/core5/opencv_features2d_TF_top30/modules/core/include/opencv2/core/private.hpp:246:
In file included from /home/yangheechan/FL-dataset-generation-opencv_features2d_TF_top30/work/opencv_features2d_TF_top30/working_env/faster19.swtv/core5/opencv_features2d_TF_top30/build/3rdparty/ippicv/ippicv_lnx/iw/include/iw++/iw.hpp:17:
In file included from /home/yangheechan/FL-dataset-generation-opencv_features2d_TF_top30/work/opencv_features2d_TF_top30/working_env/faster19.swtv/core5/opencv_features2d_TF_top30/build/3rdparty/ippicv/ippicv_lnx/iw/include/iw++/iw_image_color.hpp:17:
/home/yangheechan/FL-dataset-generation-opencv_features2d_TF_top30/work/opencv_features2d_TF_top30/working_env/faster19.swtv/core5/opencv_features2d_TF_top30/build/3rdparty/ippicv/ippicv_lnx/iw/include/iw++/iw_image.hpp:1389:13: warning: 'operator const _IwiTileTransform *' overrides a member function but is not marked 'override' [-Wsuggest-override]
    virtual operator const ::IwiTileTransform*() const { return NULL; }
            ^
/home/yangheechan/FL-dataset-generation-opencv_features2d_TF_top30/work/opencv_features2d_TF_top30/working_env/faster19.swtv/core5/opencv_features2d_TF_top30/build/3rdparty/ippicv/ippicv_lnx/iw/include/iw++/iw_image.hpp:1362:13: note: overridden virtual function is here
    virtual operator const ::IwiTileTransform*() const { return &transformStruct; }
            ^
/home/yangheechan/FL-dataset-generation-opencv_features2d_TF_top30/work/opencv_features2d_TF_top30/working_env/faster19.swtv/core5/opencv_features2d_TF_top30/build/3rdparty/ippicv/ippicv_lnx/iw/include/iw++/iw_image.hpp:1391:19: warning: 'Clone' overrides a member function but is not marked 'override' [-Wsuggest-override]
    virtual void* Clone() const
                  ^
/home/yangheechan/FL-dataset-generation-opencv_features2d_TF_top30/work/opencv_features2d_TF_top30/working_env/faster19.swtv/core5/opencv_features2d_TF_top30/build/3rdparty/ippicv/ippicv_lnx/iw/include/iw++/iw_image.hpp:1359:19: note: overridden virtual function is here
    virtual void* Clone() const = 0;
                  ^
/home/yangheechan/FL-dataset-generation-opencv_features2d_TF_top30/work/opencv_features2d_TF_top30/working_env/faster19.swtv/core5/opencv_features2d_TF_top30/build/3rdparty/ippicv/ippicv_lnx/iw/include/iw++/iw_image.hpp:1398:17: warning: 'GetSrcRoi' overrides a member function but is not marked 'override' [-Wsuggest-override]
    virtual int GetSrcRoi(ipp::IwiRoi, ipp::IwiRoi&) const
                ^
/home/yangheechan/FL-dataset-generation-opencv_features2d_TF_top30/work/opencv_features2d_TF_top30/working_env/faster19.swtv/core5/opencv_features2d_TF_top30/build/3rdparty/ippicv/ippicv_lnx/iw/include/iw++/iw_image.hpp:1356:17: note: overridden virtual function is here
    virtual int GetSrcRoi(ipp::IwiRoi, ipp::IwiRoi&) const = 0;
                ^
warning: unknown warning option '-Wimplicit-fallthrough=3'; did you mean '-Wimplicit-fallthrough'? [-Wunknown-warning-option]
In file included from /home/yangheechan/FL-dataset-generation-opencv_features2d_TF_top30/work/opencv_features2d_TF_top30/working_env/faster19.swtv/core5/opencv_features2d_TF_top30/modules/features2d/src/brisk.cpp:45:
In file included from /home/yangheechan/FL-dataset-generation-opencv_features2d_TF_top30/work/opencv_features2d_TF_top30/working_env/faster19.swtv/core5/opencv_features2d_TF_top30/modules/features2d/src/precomp.hpp:50:
In file included from /home/yangheechan/FL-dataset-generation-opencv_features2d_TF_top30/work/opencv_features2d_TF_top30/working_env/faster19.swtv/core5/opencv_features2d_TF_top30/modules/core/include/opencv2/core/private.hpp:246:
In file included from /home/yangheechan/FL-dataset-generation-opencv_features2d_TF_top30/work/opencv_features2d_TF_top30/working_env/faster19.swtv/core5/opencv_features2d_TF_top30/build/3rdparty/ippicv/ippicv_lnx/iw/include/iw++/iw.hpp:17:
In file included from /home/yangheechan/FL-dataset-generation-opencv_features2d_TF_top30/work/opencv_features2d_TF_top30/working_env/faster19.swtv/core5/opencv_features2d_TF_top30/build/3rdparty/ippicv/ippicv_lnx/iw/include/iw++/iw_image_color.hpp:17:
/home/yangheechan/FL-dataset-generation-opencv_features2d_TF_top30/work/opencv_features2d_TF_top30/working_env/faster19.swtv/core5/opencv_features2d_TF_top30/build/3rdparty/ippicv/ippicv_lnx/iw/include/iw++/iw_image.hpp:1389:13: warning: 'operator const _IwiTileTransform *' overrides a member function but is not marked 'override' [-Wsuggest-override]
    virtual operator const ::IwiTileTransform*() const { return NULL; }
            ^
/home/yangheechan/FL-dataset-generation-opencv_features2d_TF_top30/work/opencv_features2d_TF_top30/working_env/faster19.swtv/core5/opencv_features2d_TF_top30/build/3rdparty/ippicv/ippicv_lnx/iw/include/iw++/iw_image.hpp:1362:13: note: overridden virtual function is here
    virtual operator const ::IwiTileTransform*() const { return &transformStruct; }
            ^
/home/yangheechan/FL-dataset-generation-opencv_features2d_TF_top30/work/opencv_features2d_TF_top30/working_env/faster19.swtv/core5/opencv_features2d_TF_top30/build/3rdparty/ippicv/ippicv_lnx/iw/include/iw++/iw_image.hpp:1391:19: warning: 'Clone' overrides a member function but is not marked 'override' [-Wsuggest-override]
    virtual void* Clone() const
                  ^
/home/yangheechan/FL-dataset-generation-opencv_features2d_TF_top30/work/opencv_features2d_TF_top30/working_env/faster19.swtv/core5/opencv_features2d_TF_top30/build/3rdparty/ippicv/ippicv_lnx/iw/include/iw++/iw_image.hpp:1359:19: note: overridden virtual function is here
    virtual void* Clone() const = 0;
                  ^
/home/yangheechan/FL-dataset-generation-opencv_features2d_TF_top30/work/opencv_features2d_TF_top30/working_env/faster19.swtv/core5/opencv_features2d_TF_top30/build/3rdparty/ippicv/ippicv_lnx/iw/include/iw++/iw_image.hpp:1398:17: warning: 'GetSrcRoi' overrides a member function but is not marked 'override' [-Wsuggest-override]
    virtual int GetSrcRoi(ipp::IwiRoi, ipp::IwiRoi&) const
                ^
/home/yangheechan/FL-dataset-generation-opencv_features2d_TF_top30/work/opencv_features2d_TF_top30/working_env/faster19.swtv/core5/opencv_features2d_TF_top30/build/3rdparty/ippicv/ippicv_lnx/iw/include/iw++/iw_image.hpp:1356:17: note: overridden virtual function is here
    virtual int GetSrcRoi(ipp::IwiRoi, ipp::IwiRoi&) const = 0;
                ^
4 warnings generated.
4 warnings generated.
warning: unknown warning option '-Wimplicit-fallthrough=3'; did you mean '-Wimplicit-fallthrough'? [-Wunknown-warning-option]
In file included from /home/yangheechan/FL-dataset-generation-opencv_features2d_TF_top30/work/opencv_features2d_TF_top30/working_env/faster19.swtv/core5/opencv_features2d_TF_top30/modules/features2d/src/fast.avx2.cpp:44:
In file included from /home/yangheechan/FL-dataset-generation-opencv_features2d_TF_top30/work/opencv_features2d_TF_top30/working_env/faster19.swtv/core5/opencv_features2d_TF_top30/modules/features2d/src/precomp.hpp:50:
In file included from /home/yangheechan/FL-dataset-generation-opencv_features2d_TF_top30/work/opencv_features2d_TF_top30/working_env/faster19.swtv/core5/opencv_features2d_TF_top30/modules/core/include/opencv2/core/private.hpp:246:
In file included from /home/yangheechan/FL-dataset-generation-opencv_features2d_TF_top30/work/opencv_features2d_TF_top30/working_env/faster19.swtv/core5/opencv_features2d_TF_top30/build/3rdparty/ippicv/ippicv_lnx/iw/include/iw++/iw.hpp:17:
In file included from /home/yangheechan/FL-dataset-generation-opencv_features2d_TF_top30/work/opencv_features2d_TF_top30/working_env/faster19.swtv/core5/opencv_features2d_TF_top30/build/3rdparty/ippicv/ippicv_lnx/iw/include/iw++/iw_image_color.hpp:17:
/home/yangheechan/FL-dataset-generation-opencv_features2d_TF_top30/work/opencv_features2d_TF_top30/working_env/faster19.swtv/core5/opencv_features2d_TF_top30/build/3rdparty/ippicv/ippicv_lnx/iw/include/iw++/iw_image.hpp:1389:13: warning: 'operator const _IwiTileTransform *' overrides a member function but is not marked 'override' [-Wsuggest-override]
    virtual operator const ::IwiTileTransform*() const { return NULL; }
            ^
/home/yangheechan/FL-dataset-generation-opencv_features2d_TF_top30/work/opencv_features2d_TF_top30/working_env/faster19.swtv/core5/opencv_features2d_TF_top30/build/3rdparty/ippicv/ippicv_lnx/iw/include/iw++/iw_image.hpp:1362:13: note: overridden virtual function is here
    virtual operator const ::IwiTileTransform*() const { return &transformStruct; }
            ^
/home/yangheechan/FL-dataset-generation-opencv_features2d_TF_top30/work/opencv_features2d_TF_top30/working_env/faster19.swtv/core5/opencv_features2d_TF_top30/build/3rdparty/ippicv/ippicv_lnx/iw/include/iw++/iw_image.hpp:1391:19: warning: 'Clone' overrides a member function but is not marked 'override' [-Wsuggest-override]
    virtual void* Clone() const
                  ^
/home/yangheechan/FL-dataset-generation-opencv_features2d_TF_top30/work/opencv_features2d_TF_top30/working_env/faster19.swtv/core5/opencv_features2d_TF_top30/build/3rdparty/ippicv/ippicv_lnx/iw/include/iw++/iw_image.hpp:1359:19: note: overridden virtual function is here
    virtual void* Clone() const = 0;
                  ^
/home/yangheechan/FL-dataset-generation-opencv_features2d_TF_top30/work/opencv_features2d_TF_top30/working_env/faster19.swtv/core5/opencv_features2d_TF_top30/build/3rdparty/ippicv/ippicv_lnx/iw/include/iw++/iw_image.hpp:1398:17: warning: 'GetSrcRoi' overrides a member function but is not marked 'override' [-Wsuggest-override]
    virtual int GetSrcRoi(ipp::IwiRoi, ipp::IwiRoi&) const
                ^
/home/yangheechan/FL-dataset-generation-opencv_features2d_TF_top30/work/opencv_features2d_TF_top30/working_env/faster19.swtv/core5/opencv_features2d_TF_top30/build/3rdparty/ippicv/ippicv_lnx/iw/include/iw++/iw_image.hpp:1356:17: note: overridden virtual function is here
    virtual int GetSrcRoi(ipp::IwiRoi, ipp::IwiRoi&) const = 0;
                ^
warning: unknown warning option '-Wimplicit-fallthrough=3'; did you mean '-Wimplicit-fallthrough'? [-Wunknown-warning-option]
In file included from /home/yangheechan/FL-dataset-generation-opencv_features2d_TF_top30/work/opencv_features2d_TF_top30/working_env/faster19.swtv/core5/opencv_features2d_TF_top30/modules/features2d/src/fast.avx2.cpp:44:
In file included from /home/yangheechan/FL-dataset-generation-opencv_features2d_TF_top30/work/opencv_features2d_TF_top30/working_env/faster19.swtv/core5/opencv_features2d_TF_top30/modules/features2d/src/precomp.hpp:50:
In file included from /home/yangheechan/FL-dataset-generation-opencv_features2d_TF_top30/work/opencv_features2d_TF_top30/working_env/faster19.swtv/core5/opencv_features2d_TF_top30/modules/core/include/opencv2/core/private.hpp:246:
In file included from /home/yangheechan/FL-dataset-generation-opencv_features2d_TF_top30/work/opencv_features2d_TF_top30/working_env/faster19.swtv/core5/opencv_features2d_TF_top30/build/3rdparty/ippicv/ippicv_lnx/iw/include/iw++/iw.hpp:17:
In file included from /home/yangheechan/FL-dataset-generation-opencv_features2d_TF_top30/work/opencv_features2d_TF_top30/working_env/faster19.swtv/core5/opencv_features2d_TF_top30/build/3rdparty/ippicv/ippicv_lnx/iw/include/iw++/iw_image_color.hpp:17:
/home/yangheechan/FL-dataset-generation-opencv_features2d_TF_top30/work/opencv_features2d_TF_top30/working_env/faster19.swtv/core5/opencv_features2d_TF_top30/build/3rdparty/ippicv/ippicv_lnx/iw/include/iw++/iw_image.hpp:1389:13: warning: 'operator const _IwiTileTransform *' overrides a member function but is not marked 'override' [-Wsuggest-override]
    virtual operator const ::IwiTileTransform*() const { return NULL; }
            ^
/home/yangheechan/FL-dataset-generation-opencv_features2d_TF_top30/work/opencv_features2d_TF_top30/working_env/faster19.swtv/core5/opencv_features2d_TF_top30/build/3rdparty/ippicv/ippicv_lnx/iw/include/iw++/iw_image.hpp:1362:13: note: overridden virtual function is here
    virtual operator const ::IwiTileTransform*() const { return &transformStruct; }
            ^
/home/yangheechan/FL-dataset-generation-opencv_features2d_TF_top30/work/opencv_features2d_TF_top30/working_env/faster19.swtv/core5/opencv_features2d_TF_top30/build/3rdparty/ippicv/ippicv_lnx/iw/include/iw++/iw_image.hpp:1391:19: warning: 'Clone' overrides a member function but is not marked 'override' [-Wsuggest-override]
    virtual void* Clone() const
                  ^
/home/yangheechan/FL-dataset-generation-opencv_features2d_TF_top30/work/opencv_features2d_TF_top30/working_env/faster19.swtv/core5/opencv_features2d_TF_top30/build/3rdparty/ippicv/ippicv_lnx/iw/include/iw++/iw_image.hpp:1359:19: note: overridden virtual function is here
    virtual void* Clone() const = 0;
                  ^
/home/yangheechan/FL-dataset-generation-opencv_features2d_TF_top30/work/opencv_features2d_TF_top30/working_env/faster19.swtv/core5/opencv_features2d_TF_top30/build/3rdparty/ippicv/ippicv_lnx/iw/include/iw++/iw_image.hpp:1398:17: warning: 'GetSrcRoi' overrides a member function but is not marked 'override' [-Wsuggest-override]
    virtual int GetSrcRoi(ipp::IwiRoi, ipp::IwiRoi&) const
                ^
/home/yangheechan/FL-dataset-generation-opencv_features2d_TF_top30/work/opencv_features2d_TF_top30/working_env/faster19.swtv/core5/opencv_features2d_TF_top30/build/3rdparty/ippicv/ippicv_lnx/iw/include/iw++/iw_image.hpp:1356:17: note: overridden virtual function is here
    virtual int GetSrcRoi(ipp::IwiRoi, ipp::IwiRoi&) const = 0;
                ^
4 warnings generated.
4 warnings generated.
warning: unknown warning option '-Wimplicit-fallthrough=3'; did you mean '-Wimplicit-fallthrough'? [-Wunknown-warning-option]
In file included from /home/yangheechan/FL-dataset-generation-opencv_features2d_TF_top30/work/opencv_features2d_TF_top30/working_env/faster19.swtv/core5/opencv_features2d_TF_top30/modules/features2d/src/fast.cpp:44:
In file included from /home/yangheechan/FL-dataset-generation-opencv_features2d_TF_top30/work/opencv_features2d_TF_top30/working_env/faster19.swtv/core5/opencv_features2d_TF_top30/modules/features2d/src/precomp.hpp:50:
In file included from /home/yangheechan/FL-dataset-generation-opencv_features2d_TF_top30/work/opencv_features2d_TF_top30/working_env/faster19.swtv/core5/opencv_features2d_TF_top30/modules/core/include/opencv2/core/private.hpp:246:
In file included from /home/yangheechan/FL-dataset-generation-opencv_features2d_TF_top30/work/opencv_features2d_TF_top30/working_env/faster19.swtv/core5/opencv_features2d_TF_top30/build/3rdparty/ippicv/ippicv_lnx/iw/include/iw++/iw.hpp:17:
In file included from /home/yangheechan/FL-dataset-generation-opencv_features2d_TF_top30/work/opencv_features2d_TF_top30/working_env/faster19.swtv/core5/opencv_features2d_TF_top30/build/3rdparty/ippicv/ippicv_lnx/iw/include/iw++/iw_image_color.hpp:17:
/home/yangheechan/FL-dataset-generation-opencv_features2d_TF_top30/work/opencv_features2d_TF_top30/working_env/faster19.swtv/core5/opencv_features2d_TF_top30/build/3rdparty/ippicv/ippicv_lnx/iw/include/iw++/iw_image.hpp:1389:13: warning: 'operator const _IwiTileTransform *' overrides a member function but is not marked 'override' [-Wsuggest-override]
    virtual operator const ::IwiTileTransform*() const { return NULL; }
            ^
/home/yangheechan/FL-dataset-generation-opencv_features2d_TF_top30/work/opencv_features2d_TF_top30/working_env/faster19.swtv/core5/opencv_features2d_TF_top30/build/3rdparty/ippicv/ippicv_lnx/iw/include/iw++/iw_image.hpp:1362:13: note: overridden virtual function is here
    virtual operator const ::IwiTileTransform*() const { return &transformStruct; }
            ^
/home/yangheechan/FL-dataset-generation-opencv_features2d_TF_top30/work/opencv_features2d_TF_top30/working_env/faster19.swtv/core5/opencv_features2d_TF_top30/build/3rdparty/ippicv/ippicv_lnx/iw/include/iw++/iw_image.hpp:1391:19: warning: 'Clone' overrides a member function but is not marked 'override' [-Wsuggest-override]
    virtual void* Clone() const
                  ^
/home/yangheechan/FL-dataset-generation-opencv_features2d_TF_top30/work/opencv_features2d_TF_top30/working_env/faster19.swtv/core5/opencv_features2d_TF_top30/build/3rdparty/ippicv/ippicv_lnx/iw/include/iw++/iw_image.hpp:1359:19: note: overridden virtual function is here
    virtual void* Clone() const = 0;
                  ^
/home/yangheechan/FL-dataset-generation-opencv_features2d_TF_top30/work/opencv_features2d_TF_top30/working_env/faster19.swtv/core5/opencv_features2d_TF_top30/build/3rdparty/ippicv/ippicv_lnx/iw/include/iw++/iw_image.hpp:1398:17: warning: 'GetSrcRoi' overrides a member function but is not marked 'override' [-Wsuggest-override]
    virtual int GetSrcRoi(ipp::IwiRoi, ipp::IwiRoi&) const
                ^
/home/yangheechan/FL-dataset-generation-opencv_features2d_TF_top30/work/opencv_features2d_TF_top30/working_env/faster19.swtv/core5/opencv_features2d_TF_top30/build/3rdparty/ippicv/ippicv_lnx/iw/include/iw++/iw_image.hpp:1356:17: note: overridden virtual function is here
    virtual int GetSrcRoi(ipp::IwiRoi, ipp::IwiRoi&) const = 0;
                ^
warning: unknown warning option '-Wimplicit-fallthrough=3'; did you mean '-Wimplicit-fallthrough'? [-Wunknown-warning-option]
In file included from /home/yangheechan/FL-dataset-generation-opencv_features2d_TF_top30/work/opencv_features2d_TF_top30/working_env/faster19.swtv/core5/opencv_features2d_TF_top30/modules/features2d/src/fast.cpp:44:
In file included from /home/yangheechan/FL-dataset-generation-opencv_features2d_TF_top30/work/opencv_features2d_TF_top30/working_env/faster19.swtv/core5/opencv_features2d_TF_top30/modules/features2d/src/precomp.hpp:50:
In file included from /home/yangheechan/FL-dataset-generation-opencv_features2d_TF_top30/work/opencv_features2d_TF_top30/working_env/faster19.swtv/core5/opencv_features2d_TF_top30/modules/core/include/opencv2/core/private.hpp:246:
In file included from /home/yangheechan/FL-dataset-generation-opencv_features2d_TF_top30/work/opencv_features2d_TF_top30/working_env/faster19.swtv/core5/opencv_features2d_TF_top30/build/3rdparty/ippicv/ippicv_lnx/iw/include/iw++/iw.hpp:17:
In file included from /home/yangheechan/FL-dataset-generation-opencv_features2d_TF_top30/work/opencv_features2d_TF_top30/working_env/faster19.swtv/core5/opencv_features2d_TF_top30/build/3rdparty/ippicv/ippicv_lnx/iw/include/iw++/iw_image_color.hpp:17:
/home/yangheechan/FL-dataset-generation-opencv_features2d_TF_top30/work/opencv_features2d_TF_top30/working_env/faster19.swtv/core5/opencv_features2d_TF_top30/build/3rdparty/ippicv/ippicv_lnx/iw/include/iw++/iw_image.hpp:1389:13: warning: 'operator const _IwiTileTransform *' overrides a member function but is not marked 'override' [-Wsuggest-override]
    virtual operator const ::IwiTileTransform*() const { return NULL; }
            ^
/home/yangheechan/FL-dataset-generation-opencv_features2d_TF_top30/work/opencv_features2d_TF_top30/working_env/faster19.swtv/core5/opencv_features2d_TF_top30/build/3rdparty/ippicv/ippicv_lnx/iw/include/iw++/iw_image.hpp:1362:13: note: overridden virtual function is here
    virtual operator const ::IwiTileTransform*() const { return &transformStruct; }
            ^
/home/yangheechan/FL-dataset-generation-opencv_features2d_TF_top30/work/opencv_features2d_TF_top30/working_env/faster19.swtv/core5/opencv_features2d_TF_top30/build/3rdparty/ippicv/ippicv_lnx/iw/include/iw++/iw_image.hpp:1391:19: warning: 'Clone' overrides a member function but is not marked 'override' [-Wsuggest-override]
    virtual void* Clone() const
                  ^
/home/yangheechan/FL-dataset-generation-opencv_features2d_TF_top30/work/opencv_features2d_TF_top30/working_env/faster19.swtv/core5/opencv_features2d_TF_top30/build/3rdparty/ippicv/ippicv_lnx/iw/include/iw++/iw_image.hpp:1359:19: note: overridden virtual function is here
    virtual void* Clone() const = 0;
                  ^
/home/yangheechan/FL-dataset-generation-opencv_features2d_TF_top30/work/opencv_features2d_TF_top30/working_env/faster19.swtv/core5/opencv_features2d_TF_top30/build/3rdparty/ippicv/ippicv_lnx/iw/include/iw++/iw_image.hpp:1398:17: warning: 'GetSrcRoi' overrides a member function but is not marked 'override' [-Wsuggest-override]
    virtual int GetSrcRoi(ipp::IwiRoi, ipp::IwiRoi&) const
                ^
/home/yangheechan/FL-dataset-generation-opencv_features2d_TF_top30/work/opencv_features2d_TF_top30/working_env/faster19.swtv/core5/opencv_features2d_TF_top30/build/3rdparty/ippicv/ippicv_lnx/iw/include/iw++/iw_image.hpp:1356:17: note: overridden virtual function is here
    virtual int GetSrcRoi(ipp::IwiRoi, ipp::IwiRoi&) const = 0;
                ^
4 warnings generated.
4 warnings generated.
warning: unknown warning option '-Wimplicit-fallthrough=3'; did you mean '-Wimplicit-fallthrough'? [-Wunknown-warning-option]
In file included from /home/yangheechan/FL-dataset-generation-opencv_features2d_TF_top30/work/opencv_features2d_TF_top30/working_env/faster19.swtv/core5/opencv_features2d_TF_top30/modules/features2d/src/fast_score.cpp:44:
In file included from /home/yangheechan/FL-dataset-generation-opencv_features2d_TF_top30/work/opencv_features2d_TF_top30/working_env/faster19.swtv/core5/opencv_features2d_TF_top30/modules/features2d/src/fast_score.hpp:49:
In file included from /home/yangheechan/FL-dataset-generation-opencv_features2d_TF_top30/work/opencv_features2d_TF_top30/working_env/faster19.swtv/core5/opencv_features2d_TF_top30/modules/features2d/src/precomp.hpp:50:
In file included from /home/yangheechan/FL-dataset-generation-opencv_features2d_TF_top30/work/opencv_features2d_TF_top30/working_env/faster19.swtv/core5/opencv_features2d_TF_top30/modules/core/include/opencv2/core/private.hpp:246:
In file included from /home/yangheechan/FL-dataset-generation-opencv_features2d_TF_top30/work/opencv_features2d_TF_top30/working_env/faster19.swtv/core5/opencv_features2d_TF_top30/build/3rdparty/ippicv/ippicv_lnx/iw/include/iw++/iw.hpp:17:
In file included from /home/yangheechan/FL-dataset-generation-opencv_features2d_TF_top30/work/opencv_features2d_TF_top30/working_env/faster19.swtv/core5/opencv_features2d_TF_top30/build/3rdparty/ippicv/ippicv_lnx/iw/include/iw++/iw_image_color.hpp:17:
/home/yangheechan/FL-dataset-generation-opencv_features2d_TF_top30/work/opencv_features2d_TF_top30/working_env/faster19.swtv/core5/opencv_features2d_TF_top30/build/3rdparty/ippicv/ippicv_lnx/iw/include/iw++/iw_image.hpp:1389:13: warning: 'operator const _IwiTileTransform *' overrides a member function but is not marked 'override' [-Wsuggest-override]
    virtual operator const ::IwiTileTransform*() const { return NULL; }
            ^
/home/yangheechan/FL-dataset-generation-opencv_features2d_TF_top30/work/opencv_features2d_TF_top30/working_env/faster19.swtv/core5/opencv_features2d_TF_top30/build/3rdparty/ippicv/ippicv_lnx/iw/include/iw++/iw_image.hpp:1362:13: note: overridden virtual function is here
    virtual operator const ::IwiTileTransform*() const { return &transformStruct; }
            ^
/home/yangheechan/FL-dataset-generation-opencv_features2d_TF_top30/work/opencv_features2d_TF_top30/working_env/faster19.swtv/core5/opencv_features2d_TF_top30/build/3rdparty/ippicv/ippicv_lnx/iw/include/iw++/iw_image.hpp:1391:19: warning: 'Clone' overrides a member function but is not marked 'override' [-Wsuggest-override]
    virtual void* Clone() const
                  ^
/home/yangheechan/FL-dataset-generation-opencv_features2d_TF_top30/work/opencv_features2d_TF_top30/working_env/faster19.swtv/core5/opencv_features2d_TF_top30/build/3rdparty/ippicv/ippicv_lnx/iw/include/iw++/iw_image.hpp:1359:19: note: overridden virtual function is here
    virtual void* Clone() const = 0;
                  ^
/home/yangheechan/FL-dataset-generation-opencv_features2d_TF_top30/work/opencv_features2d_TF_top30/working_env/faster19.swtv/core5/opencv_features2d_TF_top30/build/3rdparty/ippicv/ippicv_lnx/iw/include/iw++/iw_image.hpp:1398:17: warning: 'GetSrcRoi' overrides a member function but is not marked 'override' [-Wsuggest-override]
    virtual int GetSrcRoi(ipp::IwiRoi, ipp::IwiRoi&) const
                ^
/home/yangheechan/FL-dataset-generation-opencv_features2d_TF_top30/work/opencv_features2d_TF_top30/working_env/faster19.swtv/core5/opencv_features2d_TF_top30/build/3rdparty/ippicv/ippicv_lnx/iw/include/iw++/iw_image.hpp:1356:17: note: overridden virtual function is here
    virtual int GetSrcRoi(ipp::IwiRoi, ipp::IwiRoi&) const = 0;
                ^
warning: unknown warning option '-Wimplicit-fallthrough=3'; did you mean '-Wimplicit-fallthrough'? [-Wunknown-warning-option]
In file included from /home/yangheechan/FL-dataset-generation-opencv_features2d_TF_top30/work/opencv_features2d_TF_top30/working_env/faster19.swtv/core5/opencv_features2d_TF_top30/modules/features2d/src/fast_score.cpp:44:
In file included from /home/yangheechan/FL-dataset-generation-opencv_features2d_TF_top30/work/opencv_features2d_TF_top30/working_env/faster19.swtv/core5/opencv_features2d_TF_top30/modules/features2d/src/fast_score.hpp:49:
In file included from /home/yangheechan/FL-dataset-generation-opencv_features2d_TF_top30/work/opencv_features2d_TF_top30/working_env/faster19.swtv/core5/opencv_features2d_TF_top30/modules/features2d/src/precomp.hpp:50:
In file included from /home/yangheechan/FL-dataset-generation-opencv_features2d_TF_top30/work/opencv_features2d_TF_top30/working_env/faster19.swtv/core5/opencv_features2d_TF_top30/modules/core/include/opencv2/core/private.hpp:246:
In file included from /home/yangheechan/FL-dataset-generation-opencv_features2d_TF_top30/work/opencv_features2d_TF_top30/working_env/faster19.swtv/core5/opencv_features2d_TF_top30/build/3rdparty/ippicv/ippicv_lnx/iw/include/iw++/iw.hpp:17:
In file included from /home/yangheechan/FL-dataset-generation-opencv_features2d_TF_top30/work/opencv_features2d_TF_top30/working_env/faster19.swtv/core5/opencv_features2d_TF_top30/build/3rdparty/ippicv/ippicv_lnx/iw/include/iw++/iw_image_color.hpp:17:
/home/yangheechan/FL-dataset-generation-opencv_features2d_TF_top30/work/opencv_features2d_TF_top30/working_env/faster19.swtv/core5/opencv_features2d_TF_top30/build/3rdparty/ippicv/ippicv_lnx/iw/include/iw++/iw_image.hpp:1389:13: warning: 'operator const _IwiTileTransform *' overrides a member function but is not marked 'override' [-Wsuggest-override]
    virtual operator const ::IwiTileTransform*() const { return NULL; }
            ^
/home/yangheechan/FL-dataset-generation-opencv_features2d_TF_top30/work/opencv_features2d_TF_top30/working_env/faster19.swtv/core5/opencv_features2d_TF_top30/build/3rdparty/ippicv/ippicv_lnx/iw/include/iw++/iw_image.hpp:1362:13: note: overridden virtual function is here
    virtual operator const ::IwiTileTransform*() const { return &transformStruct; }
            ^
/home/yangheechan/FL-dataset-generation-opencv_features2d_TF_top30/work/opencv_features2d_TF_top30/working_env/faster19.swtv/core5/opencv_features2d_TF_top30/build/3rdparty/ippicv/ippicv_lnx/iw/include/iw++/iw_image.hpp:1391:19: warning: 'Clone' overrides a member function but is not marked 'override' [-Wsuggest-override]
    virtual void* Clone() const
                  ^
/home/yangheechan/FL-dataset-generation-opencv_features2d_TF_top30/work/opencv_features2d_TF_top30/working_env/faster19.swtv/core5/opencv_features2d_TF_top30/build/3rdparty/ippicv/ippicv_lnx/iw/include/iw++/iw_image.hpp:1359:19: note: overridden virtual function is here
    virtual void* Clone() const = 0;
                  ^
/home/yangheechan/FL-dataset-generation-opencv_features2d_TF_top30/work/opencv_features2d_TF_top30/working_env/faster19.swtv/core5/opencv_features2d_TF_top30/build/3rdparty/ippicv/ippicv_lnx/iw/include/iw++/iw_image.hpp:1398:17: warning: 'GetSrcRoi' overrides a member function but is not marked 'override' [-Wsuggest-override]
    virtual int GetSrcRoi(ipp::IwiRoi, ipp::IwiRoi&) const
                ^
/home/yangheechan/FL-dataset-generation-opencv_features2d_TF_top30/work/opencv_features2d_TF_top30/working_env/faster19.swtv/core5/opencv_features2d_TF_top30/build/3rdparty/ippicv/ippicv_lnx/iw/include/iw++/iw_image.hpp:1356:17: note: overridden virtual function is here
    virtual int GetSrcRoi(ipp::IwiRoi, ipp::IwiRoi&) const = 0;
                ^
4 warnings generated.
4 warnings generated.
warning: unknown warning option '-Wimplicit-fallthrough=3'; did you mean '-Wimplicit-fallthrough'? [-Wunknown-warning-option]
In file included from /home/yangheechan/FL-dataset-generation-opencv_features2d_TF_top30/work/opencv_features2d_TF_top30/working_env/faster19.swtv/core5/opencv_features2d_TF_top30/modules/features2d/src/kaze/fed.cpp:31:
In file included from /home/yangheechan/FL-dataset-generation-opencv_features2d_TF_top30/work/opencv_features2d_TF_top30/working_env/faster19.swtv/core5/opencv_features2d_TF_top30/modules/features2d/src/kaze/../precomp.hpp:50:
In file included from /home/yangheechan/FL-dataset-generation-opencv_features2d_TF_top30/work/opencv_features2d_TF_top30/working_env/faster19.swtv/core5/opencv_features2d_TF_top30/modules/core/include/opencv2/core/private.hpp:246:
In file included from /home/yangheechan/FL-dataset-generation-opencv_features2d_TF_top30/work/opencv_features2d_TF_top30/working_env/faster19.swtv/core5/opencv_features2d_TF_top30/build/3rdparty/ippicv/ippicv_lnx/iw/include/iw++/iw.hpp:17:
In file included from /home/yangheechan/FL-dataset-generation-opencv_features2d_TF_top30/work/opencv_features2d_TF_top30/working_env/faster19.swtv/core5/opencv_features2d_TF_top30/build/3rdparty/ippicv/ippicv_lnx/iw/include/iw++/iw_image_color.hpp:17:
/home/yangheechan/FL-dataset-generation-opencv_features2d_TF_top30/work/opencv_features2d_TF_top30/working_env/faster19.swtv/core5/opencv_features2d_TF_top30/build/3rdparty/ippicv/ippicv_lnx/iw/include/iw++/iw_image.hpp:1389:13: warning: 'operator const _IwiTileTransform *' overrides a member function but is not marked 'override' [-Wsuggest-override]
    virtual operator const ::IwiTileTransform*() const { return NULL; }
            ^
/home/yangheechan/FL-dataset-generation-opencv_features2d_TF_top30/work/opencv_features2d_TF_top30/working_env/faster19.swtv/core5/opencv_features2d_TF_top30/build/3rdparty/ippicv/ippicv_lnx/iw/include/iw++/iw_image.hpp:1362:13: note: overridden virtual function is here
    virtual operator const ::IwiTileTransform*() const { return &transformStruct; }
            ^
/home/yangheechan/FL-dataset-generation-opencv_features2d_TF_top30/work/opencv_features2d_TF_top30/working_env/faster19.swtv/core5/opencv_features2d_TF_top30/build/3rdparty/ippicv/ippicv_lnx/iw/include/iw++/iw_image.hpp:1391:19: warning: 'Clone' overrides a member function but is not marked 'override' [-Wsuggest-override]
    virtual void* Clone() const
                  ^
/home/yangheechan/FL-dataset-generation-opencv_features2d_TF_top30/work/opencv_features2d_TF_top30/working_env/faster19.swtv/core5/opencv_features2d_TF_top30/build/3rdparty/ippicv/ippicv_lnx/iw/include/iw++/iw_image.hpp:1359:19: note: overridden virtual function is here
    virtual void* Clone() const = 0;
                  ^
/home/yangheechan/FL-dataset-generation-opencv_features2d_TF_top30/work/opencv_features2d_TF_top30/working_env/faster19.swtv/core5/opencv_features2d_TF_top30/build/3rdparty/ippicv/ippicv_lnx/iw/include/iw++/iw_image.hpp:1398:17: warning: 'GetSrcRoi' overrides a member function but is not marked 'override' [-Wsuggest-override]
    virtual int GetSrcRoi(ipp::IwiRoi, ipp::IwiRoi&) const
                ^
/home/yangheechan/FL-dataset-generation-opencv_features2d_TF_top30/work/opencv_features2d_TF_top30/working_env/faster19.swtv/core5/opencv_features2d_TF_top30/build/3rdparty/ippicv/ippicv_lnx/iw/include/iw++/iw_image.hpp:1356:17: note: overridden virtual function is here
    virtual int GetSrcRoi(ipp::IwiRoi, ipp::IwiRoi&) const = 0;
                ^
warning: unknown warning option '-Wimplicit-fallthrough=3'; did you mean '-Wimplicit-fallthrough'? [-Wunknown-warning-option]
In file included from /home/yangheechan/FL-dataset-generation-opencv_features2d_TF_top30/work/opencv_features2d_TF_top30/working_env/faster19.swtv/core5/opencv_features2d_TF_top30/modules/features2d/src/kaze/fed.cpp:31:
In file included from /home/yangheechan/FL-dataset-generation-opencv_features2d_TF_top30/work/opencv_features2d_TF_top30/working_env/faster19.swtv/core5/opencv_features2d_TF_top30/modules/features2d/src/kaze/../precomp.hpp:50:
In file included from /home/yangheechan/FL-dataset-generation-opencv_features2d_TF_top30/work/opencv_features2d_TF_top30/working_env/faster19.swtv/core5/opencv_features2d_TF_top30/modules/core/include/opencv2/core/private.hpp:246:
In file included from /home/yangheechan/FL-dataset-generation-opencv_features2d_TF_top30/work/opencv_features2d_TF_top30/working_env/faster19.swtv/core5/opencv_features2d_TF_top30/build/3rdparty/ippicv/ippicv_lnx/iw/include/iw++/iw.hpp:17:
In file included from /home/yangheechan/FL-dataset-generation-opencv_features2d_TF_top30/work/opencv_features2d_TF_top30/working_env/faster19.swtv/core5/opencv_features2d_TF_top30/build/3rdparty/ippicv/ippicv_lnx/iw/include/iw++/iw_image_color.hpp:17:
/home/yangheechan/FL-dataset-generation-opencv_features2d_TF_top30/work/opencv_features2d_TF_top30/working_env/faster19.swtv/core5/opencv_features2d_TF_top30/build/3rdparty/ippicv/ippicv_lnx/iw/include/iw++/iw_image.hpp:1389:13: warning: 'operator const _IwiTileTransform *' overrides a member function but is not marked 'override' [-Wsuggest-override]
    virtual operator const ::IwiTileTransform*() const { return NULL; }
            ^
/home/yangheechan/FL-dataset-generation-opencv_features2d_TF_top30/work/opencv_features2d_TF_top30/working_env/faster19.swtv/core5/opencv_features2d_TF_top30/build/3rdparty/ippicv/ippicv_lnx/iw/include/iw++/iw_image.hpp:1362:13: note: overridden virtual function is here
    virtual operator const ::IwiTileTransform*() const { return &transformStruct; }
            ^
/home/yangheechan/FL-dataset-generation-opencv_features2d_TF_top30/work/opencv_features2d_TF_top30/working_env/faster19.swtv/core5/opencv_features2d_TF_top30/build/3rdparty/ippicv/ippicv_lnx/iw/include/iw++/iw_image.hpp:1391:19: warning: 'Clone' overrides a member function but is not marked 'override' [-Wsuggest-override]
    virtual void* Clone() const
                  ^
/home/yangheechan/FL-dataset-generation-opencv_features2d_TF_top30/work/opencv_features2d_TF_top30/working_env/faster19.swtv/core5/opencv_features2d_TF_top30/build/3rdparty/ippicv/ippicv_lnx/iw/include/iw++/iw_image.hpp:1359:19: note: overridden virtual function is here
    virtual void* Clone() const = 0;
                  ^
/home/yangheechan/FL-dataset-generation-opencv_features2d_TF_top30/work/opencv_features2d_TF_top30/working_env/faster19.swtv/core5/opencv_features2d_TF_top30/build/3rdparty/ippicv/ippicv_lnx/iw/include/iw++/iw_image.hpp:1398:17: warning: 'GetSrcRoi' overrides a member function but is not marked 'override' [-Wsuggest-override]
    virtual int GetSrcRoi(ipp::IwiRoi, ipp::IwiRoi&) const
                ^
/home/yangheechan/FL-dataset-generation-opencv_features2d_TF_top30/work/opencv_features2d_TF_top30/working_env/faster19.swtv/core5/opencv_features2d_TF_top30/build/3rdparty/ippicv/ippicv_lnx/iw/include/iw++/iw_image.hpp:1356:17: note: overridden virtual function is here
    virtual int GetSrcRoi(ipp::IwiRoi, ipp::IwiRoi&) const = 0;
                ^
4 warnings generated.
4 warnings generated.
warning: unknown warning option '-Wimplicit-fallthrough=3'; did you mean '-Wimplicit-fallthrough'? [-Wunknown-warning-option]
In file included from /home/yangheechan/FL-dataset-generation-opencv_features2d_TF_top30/work/opencv_features2d_TF_top30/working_env/faster19.swtv/core5/opencv_features2d_TF_top30/modules/features2d/src/mser.cpp:46:
In file included from /home/yangheechan/FL-dataset-generation-opencv_features2d_TF_top30/work/opencv_features2d_TF_top30/working_env/faster19.swtv/core5/opencv_features2d_TF_top30/modules/features2d/src/precomp.hpp:50:
In file included from /home/yangheechan/FL-dataset-generation-opencv_features2d_TF_top30/work/opencv_features2d_TF_top30/working_env/faster19.swtv/core5/opencv_features2d_TF_top30/modules/core/include/opencv2/core/private.hpp:246:
In file included from /home/yangheechan/FL-dataset-generation-opencv_features2d_TF_top30/work/opencv_features2d_TF_top30/working_env/faster19.swtv/core5/opencv_features2d_TF_top30/build/3rdparty/ippicv/ippicv_lnx/iw/include/iw++/iw.hpp:17:
In file included from /home/yangheechan/FL-dataset-generation-opencv_features2d_TF_top30/work/opencv_features2d_TF_top30/working_env/faster19.swtv/core5/opencv_features2d_TF_top30/build/3rdparty/ippicv/ippicv_lnx/iw/include/iw++/iw_image_color.hpp:17:
/home/yangheechan/FL-dataset-generation-opencv_features2d_TF_top30/work/opencv_features2d_TF_top30/working_env/faster19.swtv/core5/opencv_features2d_TF_top30/build/3rdparty/ippicv/ippicv_lnx/iw/include/iw++/iw_image.hpp:1389:13: warning: 'operator const _IwiTileTransform *' overrides a member function but is not marked 'override' [-Wsuggest-override]
    virtual operator const ::IwiTileTransform*() const { return NULL; }
            ^
/home/yangheechan/FL-dataset-generation-opencv_features2d_TF_top30/work/opencv_features2d_TF_top30/working_env/faster19.swtv/core5/opencv_features2d_TF_top30/build/3rdparty/ippicv/ippicv_lnx/iw/include/iw++/iw_image.hpp:1362:13: note: overridden virtual function is here
    virtual operator const ::IwiTileTransform*() const { return &transformStruct; }
            ^
/home/yangheechan/FL-dataset-generation-opencv_features2d_TF_top30/work/opencv_features2d_TF_top30/working_env/faster19.swtv/core5/opencv_features2d_TF_top30/build/3rdparty/ippicv/ippicv_lnx/iw/include/iw++/iw_image.hpp:1391:19: warning: 'Clone' overrides a member function but is not marked 'override' [-Wsuggest-override]
    virtual void* Clone() const
                  ^
/home/yangheechan/FL-dataset-generation-opencv_features2d_TF_top30/work/opencv_features2d_TF_top30/working_env/faster19.swtv/core5/opencv_features2d_TF_top30/build/3rdparty/ippicv/ippicv_lnx/iw/include/iw++/iw_image.hpp:1359:19: note: overridden virtual function is here
    virtual void* Clone() const = 0;
                  ^
/home/yangheechan/FL-dataset-generation-opencv_features2d_TF_top30/work/opencv_features2d_TF_top30/working_env/faster19.swtv/core5/opencv_features2d_TF_top30/build/3rdparty/ippicv/ippicv_lnx/iw/include/iw++/iw_image.hpp:1398:17: warning: 'GetSrcRoi' overrides a member function but is not marked 'override' [-Wsuggest-override]
    virtual int GetSrcRoi(ipp::IwiRoi, ipp::IwiRoi&) const
                ^
/home/yangheechan/FL-dataset-generation-opencv_features2d_TF_top30/work/opencv_features2d_TF_top30/working_env/faster19.swtv/core5/opencv_features2d_TF_top30/build/3rdparty/ippicv/ippicv_lnx/iw/include/iw++/iw_image.hpp:1356:17: note: overridden virtual function is here
    virtual int GetSrcRoi(ipp::IwiRoi, ipp::IwiRoi&) const = 0;
                ^
warning: unknown warning option '-Wimplicit-fallthrough=3'; did you mean '-Wimplicit-fallthrough'? [-Wunknown-warning-option]
In file included from /home/yangheechan/FL-dataset-generation-opencv_features2d_TF_top30/work/opencv_features2d_TF_top30/working_env/faster19.swtv/core5/opencv_features2d_TF_top30/modules/features2d/src/mser.cpp:46:
In file included from /home/yangheechan/FL-dataset-generation-opencv_features2d_TF_top30/work/opencv_features2d_TF_top30/working_env/faster19.swtv/core5/opencv_features2d_TF_top30/modules/features2d/src/precomp.hpp:50:
In file included from /home/yangheechan/FL-dataset-generation-opencv_features2d_TF_top30/work/opencv_features2d_TF_top30/working_env/faster19.swtv/core5/opencv_features2d_TF_top30/modules/core/include/opencv2/core/private.hpp:246:
In file included from /home/yangheechan/FL-dataset-generation-opencv_features2d_TF_top30/work/opencv_features2d_TF_top30/working_env/faster19.swtv/core5/opencv_features2d_TF_top30/build/3rdparty/ippicv/ippicv_lnx/iw/include/iw++/iw.hpp:17:
In file included from /home/yangheechan/FL-dataset-generation-opencv_features2d_TF_top30/work/opencv_features2d_TF_top30/working_env/faster19.swtv/core5/opencv_features2d_TF_top30/build/3rdparty/ippicv/ippicv_lnx/iw/include/iw++/iw_image_color.hpp:17:
/home/yangheechan/FL-dataset-generation-opencv_features2d_TF_top30/work/opencv_features2d_TF_top30/working_env/faster19.swtv/core5/opencv_features2d_TF_top30/build/3rdparty/ippicv/ippicv_lnx/iw/include/iw++/iw_image.hpp:1389:13: warning: 'operator const _IwiTileTransform *' overrides a member function but is not marked 'override' [-Wsuggest-override]
    virtual operator const ::IwiTileTransform*() const { return NULL; }
            ^
/home/yangheechan/FL-dataset-generation-opencv_features2d_TF_top30/work/opencv_features2d_TF_top30/working_env/faster19.swtv/core5/opencv_features2d_TF_top30/build/3rdparty/ippicv/ippicv_lnx/iw/include/iw++/iw_image.hpp:1362:13: note: overridden virtual function is here
    virtual operator const ::IwiTileTransform*() const { return &transformStruct; }
            ^
/home/yangheechan/FL-dataset-generation-opencv_features2d_TF_top30/work/opencv_features2d_TF_top30/working_env/faster19.swtv/core5/opencv_features2d_TF_top30/build/3rdparty/ippicv/ippicv_lnx/iw/include/iw++/iw_image.hpp:1391:19: warning: 'Clone' overrides a member function but is not marked 'override' [-Wsuggest-override]
    virtual void* Clone() const
                  ^
/home/yangheechan/FL-dataset-generation-opencv_features2d_TF_top30/work/opencv_features2d_TF_top30/working_env/faster19.swtv/core5/opencv_features2d_TF_top30/build/3rdparty/ippicv/ippicv_lnx/iw/include/iw++/iw_image.hpp:1359:19: note: overridden virtual function is here
    virtual void* Clone() const = 0;
                  ^
/home/yangheechan/FL-dataset-generation-opencv_features2d_TF_top30/work/opencv_features2d_TF_top30/working_env/faster19.swtv/core5/opencv_features2d_TF_top30/build/3rdparty/ippicv/ippicv_lnx/iw/include/iw++/iw_image.hpp:1398:17: warning: 'GetSrcRoi' overrides a member function but is not marked 'override' [-Wsuggest-override]
    virtual int GetSrcRoi(ipp::IwiRoi, ipp::IwiRoi&) const
                ^
/home/yangheechan/FL-dataset-generation-opencv_features2d_TF_top30/work/opencv_features2d_TF_top30/working_env/faster19.swtv/core5/opencv_features2d_TF_top30/build/3rdparty/ippicv/ippicv_lnx/iw/include/iw++/iw_image.hpp:1356:17: note: overridden virtual function is here
    virtual int GetSrcRoi(ipp::IwiRoi, ipp::IwiRoi&) const = 0;
                ^
4 warnings generated.
4 warnings generated.
