
+++++ results for fast_score.MUT20.cpp +++++
+++++ STDOUT +++++
done with option i: 905 1977 857 858 862 870 1582 1968 1859 1971 1972 1979 1980 1987 854 855 856 2012 2014 2016 2029 2033 2034 2035 2036 2037 2038 2041 2043 2320 2045 2046 2047 1996 1998 1999 2003 2075 112 2076 2082 2083 2091 2093 2095 2098 2102 2105 2108 2111 2115 2054 2057 2068 2071 2140 2142 116 2147 2148 2153 2154 2155 2160 2161 2162 2168 2169 2171 2172 2120 2129 2132 2133 2214 2217 2192 2193 2195 2197 2206 2198 2207 2212 2213 2224 2230 2231 2237 2239 2241 2242 2250 2253 2255 2256 2260 2276 2181 2183 2190 2191 2305 2307 2308 2309 2311 2318 119 2296 2302 2303 1447 1432 105 98 1349 1352 1354 1360 1365 1370 1371 1375 1376 1377 1378 1379 1381 1382 1384 1389 1390 1391 1392 1395 1399 1400 1401 1405 1407 1408 1409 1411 1412 1413 1415 1416 1421 1424 1429 1430 1431 1436 1439 1442 1448 1449 1450 1461 1464 1465 1466 1467 1468 1470 1471 1474 1478 1479 1482 1483 1484 1485 1490 1493 1498 1501 1506 1521 1524 1526 1527 1532 1533 1534 1535 1540 1542 1543 1547 1550 1552 1556 1557 1559 1566 1568 1569 1573 1574 1577 1589 1590 1594 1604 1605 1608 1610 1611 1613 1618 1621 1627 1628 1630 1631 1632 1633 1634 1635 1640 1641 1643 1650 1651 1655 1657 1665 1667 1670 1677 1678 1682 1686 1689 1697 1700 1702 1703 1707 1709 1710 1714 1715 1718 1721 1729 81 992 611 612 614 615 788 790 791 813 815 1525 1539 1764 1769 1788 1789 1793 1807 1810 1829 1833 1836 1844 1854 1856 1861 1869 1955 1962 1970 1973 2017 1981 1991 1993 1994 2004 2018 2019 2023 2030 2031 2050 2272 2300 2339 351 356 361 348 370 371 373 375 388 389 395 396 781 787 775 124 974 76 78 83 86 88 89 96 125 401 411 418 437 443 450 456 457 459 460 467 474 481 483 498 503 509 519 525 526 534 545 550 559 572 575 579 580 581 595 603 608 613 618 619 624 629 637 643 644 645 651 655 656 657 917 665 666 683 690 698 699 702 704 718 724 792 803 822 838 839 847 861 893 897 901 902 911 918 936 937 955 957 962 977 984 993 998 999 1000 1003 1007 1022 1024 1035 1039 1043 1053 1064 1065 1083 1233 1237 1240 1242 1243 1248 1250 1251 1263 1274 1277 1281 1291 1294 1301 1306 1307 1315 1319 1320 1331 1332 1339 1353 1357 1358 1380 1383 1385 1386 1387 1388 1394 1406 1410 1419 1752 1759 2114 2248 2254 2257 2261 2323 2326 368 372 379 380 382 385 386 391 393 394 398 406 407 408 412 413 416 428 430 431 432 433 444 448 449 451 453 932 132 381 763 827 877 882 1441 1774 2268 2312 1322 1724 1791 2266 2353 103 73 843 1989 2001 2032 2053 2117 2143 2174 2175 2226 2258 2292 1426 518 2324 2329 2361 2376 844 2293 101 71 2008 2010 2072 2135 2199 2284 129 1327 2389 630 713 782 378 2319 2055 829 1440 
done with option o: /home/yangheechan/FL-dataset-generation-opencv_features2d_TF_top30/out/opencv_features2d_TF_top30/generated_mutants-mbfl-trial1/fast_score.MUT20.cpp/opencv_features2d_TF_top30-opencv_features2d_TF_top30--modules--features2d--src--brisk.cpp/
done with option l: 5
added ARGARINEG
added ARGBITNEG
added ARGDEL
added ARGINCDEC
added ARGLOGNEG
added ARGREPREQ
added ARGSTCALI
added ARGSTCDIF
added CGCR
added CGSR
added CLCR
added CLSR
added CRCR
added DIRVARARINEG
added DIRVARBITNEG
added DIRVARINCDEC
added DIRVARLOGNEG
added DIRVARREPCON
added DIRVARREPEXT
added DIRVARREPGLO
added DIRVARREPLOC
added DIRVARREPPAR
added DIRVARREPREQ
added FUNCALDEL
added INDVARARINEG
added INDVARBITNEG
added INDVARINCDEC
added INDVARLOGNEG
added INDVARREPCON
added INDVARREPEXT
added INDVARREPGLO
added INDVARREPLOC
added INDVARREPPAR
added INDVARREPREQ
added OAAA
added OAAN
added OABA
added OABN
added OAEA
added OALN
added OARN
added OASA
added OASN
added OBAA
added OBAN
added OBBA
added OBBN
added OBEA
added OBLN
added OBNG
added OBRN
added OBSA
added OBSN
added OCOR
added OEAA
added OEBA
added OESA
added OIPM
added OLAN
added OLBN
added OLLN
added OLNG
added OLRN
added OLSN
added OMMO
added OPPO
added ORAN
added ORBN
added ORLN
added ORRN
added ORSN
added OSAA
added OSAN
added OSBA
added OSBN
added OSEA
added OSLN
added OSRN
added OSSA
added OSSN
added SSOM
added VASM
added VDTR
added VGAR
added VGPR
added VGSR
added VGTR
added VLAR
added VLPR
added VLSR
added VLTR
added VSCR
added VTWD
done with option m
disabling DirVarAriNeg,DirVarBitNeg,DirVarLogNeg,DirVarIncDec,DirVarRepReq,DirVarRepCon,DirVarRepPar,DirVarRepGlo,DirVarRepExt,DirVarRepLoc,IndVarAriNeg,IndVarBitNeg,IndVarLogNeg,IndVarIncDec,IndVarRepReq,IndVarRepCon,IndVarRepPar,IndVarRepGlo,IndVarRepExt,IndVarRepLoc,STRI
g_inputfile_name = brisk.cpp
g_mutdbfile_name = /home/yangheechan/FL-dataset-generation-opencv_features2d_TF_top30/out/opencv_features2d_TF_top30/generated_mutants-mbfl-trial1/fast_score.MUT20.cpp/opencv_features2d_TF_top30-opencv_features2d_TF_top30--modules--features2d--src--brisk.cpp/brisk_mut_db.csv
executing action from GatherDataAction
Done GatherDataAction
0
brisk.cpp
(1 : 1)
(2434 : 1)
executing action from GenerateMutantAction
done execute action
opened file name /home/yangheechan/FL-dataset-generation-opencv_features2d_TF_top30/out/opencv_features2d_TF_top30/generated_mutants-mbfl-trial1/fast_score.MUT20.cpp/opencv_features2d_TF_top30-opencv_features2d_TF_top30--modules--features2d--src--brisk.cpp/brisk_mut_db.csv
ArgAriNeg 47
ArgBitNeg 34
ArgDel 65
ArgIncDec 73
ArgLogNeg 62
ArgRepReq 160
ArgStcAli 30
ArgStcDif 21
CGCR 259
CGSR 321
CLCR 222
CLSR 312
CRCR 384
CovAllEdg 42
CovAllNod 99
DirVarAriNeg 0
DirVarBitNeg 0
DirVarIncDec 0
DirVarLogNeg 0
DirVarRepCon 0
DirVarRepExt 0
DirVarRepGlo 0
DirVarRepLoc 0
DirVarRepPar 0
DirVarRepReq 0
FunCalDel 89
IndVarAriNeg 0
IndVarBitNeg 0
IndVarIncDec 0
IndVarLogNeg 0
IndVarRepCon 0
IndVarRepExt 0
IndVarRepGlo 0
IndVarRepLoc 0
IndVarRepPar 0
IndVarRepReq 0
OAAA 23
OAAN 149
OABA 9
OABN 73
OAEA 6
OALN 102
OARN 141
OASA 5
OASN 66
OBAA 0
OBAN 0
OBBA 0
OBBN 0
OBEA 0
OBLN 0
OBNG 0
OBRN 0
OBSA 0
OBSN 0
OCNG 25
OCOR 34
OEAA 104
OEBA 23
OESA 14
OIPM 0
OLAN 2
OLBN 3
OLLN 2
OLNG 3
OLRN 7
OLSN 3
OMMO 4
OPPO 15
ORAN 72
ORBN 24
ORLN 35
ORRN 74
ORSN 17
OSAA 0
OSAN 2
OSBA 0
OSBN 1
OSEA 0
OSLN 1
OSRN 2
OSSA 0
OSSN 1
RetStaDel 10
SBRC 0
SBRN 0
SCRB 4
SCRN 0
SDWD 0
SGLR 0
SMTC 1
SMTT 1
SMVB 0
SRSR 82
SSDL 96
SSOM 0
SSWM 0
STRI 0
STRP 78
SWDD 0
VASM 0
VDTR 293
VGAR 0
VGPR 0
VGSR 378
VGTR 0
VLAR 1
VLPR 9
VLSR 371
VLTR 0
VSCR 40
VTWD 239
Done tooling on /home/yangheechan/FL-dataset-generation-opencv_features2d_TF_top30/work/opencv_features2d_TF_top30/working_env/faster15.swtv/core4/opencv_features2d_TF_top30/modules/features2d/src/brisk.cpp
done with option i: 79 56 117 141 180 66 95 99 144 135 150 120 92 123 57 60 71 126 153 131 68 103 98 166 97 122 178 161 77 119 78 64 132 73 127 129 168 147 105 156 138 61 67 76 91 93 
done with option o: /home/yangheechan/FL-dataset-generation-opencv_features2d_TF_top30/out/opencv_features2d_TF_top30/generated_mutants-mbfl-trial1/fast_score.MUT20.cpp/opencv_features2d_TF_top30-opencv_features2d_TF_top30--modules--features2d--src--fast.avx2.cpp/
done with option l: 5
added ARGARINEG
added ARGBITNEG
added ARGDEL
added ARGINCDEC
added ARGLOGNEG
added ARGREPREQ
added ARGSTCALI
added ARGSTCDIF
added CGCR
added CGSR
added CLCR
added CLSR
added CRCR
added DIRVARARINEG
added DIRVARBITNEG
added DIRVARINCDEC
added DIRVARLOGNEG
added DIRVARREPCON
added DIRVARREPEXT
added DIRVARREPGLO
added DIRVARREPLOC
added DIRVARREPPAR
added DIRVARREPREQ
added FUNCALDEL
added INDVARARINEG
added INDVARBITNEG
added INDVARINCDEC
added INDVARLOGNEG
added INDVARREPCON
added INDVARREPEXT
added INDVARREPGLO
added INDVARREPLOC
added INDVARREPPAR
added INDVARREPREQ
added OAAA
added OAAN
added OABA
added OABN
added OAEA
added OALN
added OARN
added OASA
added OASN
added OBAA
added OBAN
added OBBA
added OBBN
added OBEA
added OBLN
added OBNG
added OBRN
added OBSA
added OBSN
added OCOR
added OEAA
added OEBA
added OESA
added OIPM
added OLAN
added OLBN
added OLLN
added OLNG
added OLRN
added OLSN
added OMMO
added OPPO
added ORAN
added ORBN
added ORLN
added ORRN
added ORSN
added OSAA
added OSAN
added OSBA
added OSBN
added OSEA
added OSLN
added OSRN
added OSSA
added OSSN
added SSOM
added VASM
added VDTR
added VGAR
added VGPR
added VGSR
added VGTR
added VLAR
added VLPR
added VLSR
added VLTR
added VSCR
added VTWD
done with option m
disabling DirVarAriNeg,DirVarBitNeg,DirVarLogNeg,DirVarIncDec,DirVarRepReq,DirVarRepCon,DirVarRepPar,DirVarRepGlo,DirVarRepExt,DirVarRepLoc,IndVarAriNeg,IndVarBitNeg,IndVarLogNeg,IndVarIncDec,IndVarRepReq,IndVarRepCon,IndVarRepPar,IndVarRepGlo,IndVarRepExt,IndVarRepLoc,STRI
g_inputfile_name = fast.avx2.cpp
g_mutdbfile_name = /home/yangheechan/FL-dataset-generation-opencv_features2d_TF_top30/out/opencv_features2d_TF_top30/generated_mutants-mbfl-trial1/fast_score.MUT20.cpp/opencv_features2d_TF_top30-opencv_features2d_TF_top30--modules--features2d--src--fast.avx2.cpp/fast.avx2_mut_db.csv
executing action from GatherDataAction
Done GatherDataAction
0
fast.avx2.cpp
(1 : 1)
(185 : 1)
executing action from GenerateMutantAction
done execute action
opened file name /home/yangheechan/FL-dataset-generation-opencv_features2d_TF_top30/out/opencv_features2d_TF_top30/generated_mutants-mbfl-trial1/fast_score.MUT20.cpp/opencv_features2d_TF_top30-opencv_features2d_TF_top30--modules--features2d--src--fast.avx2.cpp/fast.avx2_mut_db.csv
ArgAriNeg 0
ArgBitNeg 3
ArgDel 18
ArgIncDec 9
ArgLogNeg 15
ArgRepReq 28
ArgStcAli 4
ArgStcDif 4
CGCR 0
CGSR 0
CLCR 30
CLSR 29
CRCR 27
CovAllEdg 3
CovAllNod 9
DirVarAriNeg 0
DirVarBitNeg 0
DirVarIncDec 0
DirVarLogNeg 0
DirVarRepCon 0
DirVarRepExt 0
DirVarRepGlo 0
DirVarRepLoc 0
DirVarRepPar 0
DirVarRepReq 0
FunCalDel 25
IndVarAriNeg 0
IndVarBitNeg 0
IndVarIncDec 0
IndVarLogNeg 0
IndVarRepCon 0
IndVarRepExt 0
IndVarRepGlo 0
IndVarRepLoc 0
IndVarRepPar 0
IndVarRepReq 0
OAAA 3
OAAN 17
OABA 3
OABN 3
OAEA 1
OALN 2
OARN 1
OASA 1
OASN 3
OBAA 0
OBAN 3
OBBA 0
OBBN 2
OBEA 0
OBLN 1
OBNG 0
OBRN 3
OBSA 0
OBSN 0
OCNG 4
OCOR 5
OEAA 7
OEBA 5
OESA 3
OIPM 0
OLAN 1
OLBN 0
OLLN 0
OLNG 0
OLRN 2
OLSN 0
OMMO 0
OPPO 3
ORAN 5
ORBN 3
ORLN 1
ORRN 6
ORSN 3
OSAA 0
OSAN 0
OSBA 0
OSBN 0
OSEA 0
OSLN 0
OSRN 0
OSSA 0
OSSN 0
RetStaDel 0
SBRC 0
SBRN 0
SCRB 2
SCRN 0
SDWD 0
SGLR 0
SMTC 1
SMTT 0
SMVB 1
SRSR 0
SSDL 8
SSOM 0
SSWM 0
STRI 0
STRP 10
SWDD 0
VASM 0
VDTR 29
VGAR 0
VGPR 0
VGSR 0
VGTR 0
VLAR 0
VLPR 0
VLSR 23
VLTR 13
VSCR 2
VTWD 14
Done tooling on /home/yangheechan/FL-dataset-generation-opencv_features2d_TF_top30/work/opencv_features2d_TF_top30/working_env/faster15.swtv/core4/opencv_features2d_TF_top30/modules/features2d/src/fast.avx2.cpp
done with option i: 504 575 583 535 274 582 78 129 116 146 219 221 281 94 186 175 67 101 513 277 496 539 218 82 171 208 579 441 567 254 565 157 120 179 211 209 81 104 275 223 252 63 90 143 155 204 574 279 626 578 176 213 193 236 284 283 227 215 180 515 521 269 229 288 220 232 444 245 573 249 580 96 103 212 611 531 517 610 616 556 629 107 282 271 439 85 576 518 494 529 532 614 546 58 148 563 286 235 109 105 128 258 498 225 272 84 247 122 142 127 202 71 206 147 584 86 234 524 102 189 60 251 230 256 503 514 169 89 115 144 292 285 624 257 205 87 126 184 520 276 173 216 70 92 99 
done with option o: /home/yangheechan/FL-dataset-generation-opencv_features2d_TF_top30/out/opencv_features2d_TF_top30/generated_mutants-mbfl-trial1/fast_score.MUT20.cpp/opencv_features2d_TF_top30-opencv_features2d_TF_top30--modules--features2d--src--fast.cpp/
done with option l: 5
added ARGARINEG
added ARGBITNEG
added ARGDEL
added ARGINCDEC
added ARGLOGNEG
added ARGREPREQ
added ARGSTCALI
added ARGSTCDIF
added CGCR
added CGSR
added CLCR
added CLSR
added CRCR
added DIRVARARINEG
added DIRVARBITNEG
added DIRVARINCDEC
added DIRVARLOGNEG
added DIRVARREPCON
added DIRVARREPEXT
added DIRVARREPGLO
added DIRVARREPLOC
added DIRVARREPPAR
added DIRVARREPREQ
added FUNCALDEL
added INDVARARINEG
added INDVARBITNEG
added INDVARINCDEC
added INDVARLOGNEG
added INDVARREPCON
added INDVARREPEXT
added INDVARREPGLO
added INDVARREPLOC
added INDVARREPPAR
added INDVARREPREQ
added OAAA
added OAAN
added OABA
added OABN
added OAEA
added OALN
added OARN
added OASA
added OASN
added OBAA
added OBAN
added OBBA
added OBBN
added OBEA
added OBLN
added OBNG
added OBRN
added OBSA
added OBSN
added OCOR
added OEAA
added OEBA
added OESA
added OIPM
added OLAN
added OLBN
added OLLN
added OLNG
added OLRN
added OLSN
added OMMO
added OPPO
added ORAN
added ORBN
added ORLN
added ORRN
added ORSN
added OSAA
added OSAN
added OSBA
added OSBN
added OSEA
added OSLN
added OSRN
added OSSA
added OSSN
added SSOM
added VASM
added VDTR
added VGAR
added VGPR
added VGSR
added VGTR
added VLAR
added VLPR
added VLSR
added VLTR
added VSCR
added VTWD
done with option m
disabling DirVarAriNeg,DirVarBitNeg,DirVarLogNeg,DirVarIncDec,DirVarRepReq,DirVarRepCon,DirVarRepPar,DirVarRepGlo,DirVarRepExt,DirVarRepLoc,IndVarAriNeg,IndVarBitNeg,IndVarLogNeg,IndVarIncDec,IndVarRepReq,IndVarRepCon,IndVarRepPar,IndVarRepGlo,IndVarRepExt,IndVarRepLoc,STRI
g_inputfile_name = fast.cpp
g_mutdbfile_name = /home/yangheechan/FL-dataset-generation-opencv_features2d_TF_top30/out/opencv_features2d_TF_top30/generated_mutants-mbfl-trial1/fast_score.MUT20.cpp/opencv_features2d_TF_top30-opencv_features2d_TF_top30--modules--features2d--src--fast.cpp/fast_mut_db.csv
executing action from GatherDataAction
Done GatherDataAction
0
fast.cpp
(1 : 1)
(635 : 1)
executing action from GenerateMutantAction
done execute action
opened file name /home/yangheechan/FL-dataset-generation-opencv_features2d_TF_top30/out/opencv_features2d_TF_top30/generated_mutants-mbfl-trial1/fast_score.MUT20.cpp/opencv_features2d_TF_top30-opencv_features2d_TF_top30--modules--features2d--src--fast.cpp/fast_mut_db.csv
ArgAriNeg 9
ArgBitNeg 4
ArgDel 32
ArgIncDec 19
ArgLogNeg 17
ArgRepReq 43
ArgStcAli 6
ArgStcDif 12
CGCR 0
CGSR 0
CLCR 75
CLSR 69
CRCR 95
CovAllEdg 23
CovAllNod 37
DirVarAriNeg 0
DirVarBitNeg 0
DirVarIncDec 0
DirVarLogNeg 0
DirVarRepCon 0
DirVarRepExt 0
DirVarRepGlo 0
DirVarRepLoc 0
DirVarRepPar 0
DirVarRepReq 0
FunCalDel 34
IndVarAriNeg 0
IndVarBitNeg 0
IndVarIncDec 0
IndVarLogNeg 0
IndVarRepCon 0
IndVarRepExt 0
IndVarRepGlo 0
IndVarRepLoc 0
IndVarRepPar 0
IndVarRepReq 0
OAAA 4
OAAN 20
OABA 1
OABN 11
OAEA 2
OALN 12
OARN 13
OASA 1
OASN 14
OBAA 8
OBAN 8
OBBA 6
OBBN 2
OBEA 2
OBLN 5
OBNG 4
OBRN 9
OBSA 1
OBSN 6
OCNG 14
OCOR 8
OEAA 22
OEBA 9
OESA 12
OIPM 0
OLAN 1
OLBN 5
OLLN 0
OLNG 1
OLRN 4
OLSN 2
OMMO 0
OPPO 4
ORAN 26
ORBN 14
ORLN 12
ORRN 16
ORSN 9
OSAA 1
OSAN 0
OSBA 0
OSBN 0
OSEA 0
OSLN 0
OSRN 0
OSSA 0
OSSN 0
RetStaDel 3
SBRC 0
SBRN 0
SCRB 5
SCRN 0
SDWD 0
SGLR 0
SMTC 0
SMTT 1
SMVB 0
SRSR 5
SSDL 30
SSOM 0
SSWM 0
STRI 0
STRP 34
SWDD 0
VASM 0
VDTR 79
VGAR 0
VGPR 0
VGSR 0
VGTR 0
VLAR 0
VLPR 7
VLSR 100
VLTR 18
VSCR 10
VTWD 72
Done tooling on /home/yangheechan/FL-dataset-generation-opencv_features2d_TF_top30/work/opencv_features2d_TF_top30/working_env/faster15.swtv/core4/opencv_features2d_TF_top30/modules/features2d/src/fast.cpp
done with option i: 74 327 159 298 77 150 141 303 126 125 120 138 50 80 304 134 156 78 229 222 218 81 135 238 232 164 79 132 144 363 123 301 209 153 147 
done with option o: /home/yangheechan/FL-dataset-generation-opencv_features2d_TF_top30/out/opencv_features2d_TF_top30/generated_mutants-mbfl-trial1/fast_score.MUT20.cpp/opencv_features2d_TF_top30-opencv_features2d_TF_top30--modules--features2d--src--fast_score.cpp/
done with option l: 5
added ARGARINEG
added ARGBITNEG
added ARGDEL
added ARGINCDEC
added ARGLOGNEG
added ARGREPREQ
added ARGSTCALI
added ARGSTCDIF
added CGCR
added CGSR
added CLCR
added CLSR
added CRCR
added DIRVARARINEG
added DIRVARBITNEG
added DIRVARINCDEC
added DIRVARLOGNEG
added DIRVARREPCON
added DIRVARREPEXT
added DIRVARREPGLO
added DIRVARREPLOC
added DIRVARREPPAR
added DIRVARREPREQ
added FUNCALDEL
added INDVARARINEG
added INDVARBITNEG
added INDVARINCDEC
added INDVARLOGNEG
added INDVARREPCON
added INDVARREPEXT
added INDVARREPGLO
added INDVARREPLOC
added INDVARREPPAR
added INDVARREPREQ
added OAAA
added OAAN
added OABA
added OABN
added OAEA
added OALN
added OARN
added OASA
added OASN
added OBAA
added OBAN
added OBBA
added OBBN
added OBEA
added OBLN
added OBNG
added OBRN
added OBSA
added OBSN
added OCOR
added OEAA
added OEBA
added OESA
added OIPM
added OLAN
added OLBN
added OLLN
added OLNG
added OLRN
added OLSN
added OMMO
added OPPO
added ORAN
added ORBN
added ORLN
added ORRN
added ORSN
added OSAA
added OSAN
added OSBA
added OSBN
added OSEA
added OSLN
added OSRN
added OSSA
added OSSN
added SSOM
added VASM
added VDTR
added VGAR
added VGPR
added VGSR
added VGTR
added VLAR
added VLPR
added VLSR
added VLTR
added VSCR
added VTWD
done with option m
disabling DirVarAriNeg,DirVarBitNeg,DirVarLogNeg,DirVarIncDec,DirVarRepReq,DirVarRepCon,DirVarRepPar,DirVarRepGlo,DirVarRepExt,DirVarRepLoc,IndVarAriNeg,IndVarBitNeg,IndVarLogNeg,IndVarIncDec,IndVarRepReq,IndVarRepCon,IndVarRepPar,IndVarRepGlo,IndVarRepExt,IndVarRepLoc,STRI
g_inputfile_name = fast_score.cpp
g_mutdbfile_name = /home/yangheechan/FL-dataset-generation-opencv_features2d_TF_top30/out/opencv_features2d_TF_top30/generated_mutants-mbfl-trial1/fast_score.MUT20.cpp/opencv_features2d_TF_top30-opencv_features2d_TF_top30--modules--features2d--src--fast_score.cpp/fast_score_mut_db.csv
executing action from GatherDataAction
Done GatherDataAction
0
fast_score.cpp
(1 : 1)
(367 : 1)
executing action from GenerateMutantAction
done execute action
opened file name /home/yangheechan/FL-dataset-generation-opencv_features2d_TF_top30/out/opencv_features2d_TF_top30/generated_mutants-mbfl-trial1/fast_score.MUT20.cpp/opencv_features2d_TF_top30-opencv_features2d_TF_top30--modules--features2d--src--fast_score.cpp/fast_score_mut_db.csv
ArgAriNeg 0
ArgBitNeg 0
ArgDel 6
ArgIncDec 3
ArgLogNeg 1
ArgRepReq 17
ArgStcAli 2
ArgStcDif 0
CGCR 0
CGSR 0
CLCR 34
CLSR 31
CRCR 24
CovAllEdg 2
CovAllNod 7
DirVarAriNeg 0
DirVarBitNeg 0
DirVarIncDec 0
DirVarLogNeg 0
DirVarRepCon 0
DirVarRepExt 0
DirVarRepGlo 0
DirVarRepLoc 0
DirVarRepPar 0
DirVarRepReq 0
FunCalDel 3
IndVarAriNeg 0
IndVarBitNeg 0
IndVarIncDec 0
IndVarLogNeg 0
IndVarRepCon 0
IndVarRepExt 0
IndVarRepGlo 0
IndVarRepLoc 0
IndVarRepPar 0
IndVarRepReq 0
OAAA 0
OAAN 14
OABA 3
OABN 6
OAEA 0
OALN 1
OARN 6
OASA 0
OASN 6
OBAA 0
OBAN 0
OBBA 0
OBBN 0
OBEA 0
OBLN 0
OBNG 0
OBRN 0
OBSA 0
OBSN 0
OCNG 3
OCOR 1
OEAA 1
OEBA 6
OESA 5
OIPM 0
OLAN 0
OLBN 0
OLLN 0
OLNG 0
OLRN 0
OLSN 0
OMMO 0
OPPO 2
ORAN 8
ORBN 3
ORLN 0
ORRN 4
ORSN 1
OSAA 0
OSAN 0
OSBA 0
OSBN 0
OSEA 0
OSLN 0
OSRN 0
OSSA 0
OSSN 0
RetStaDel 0
SBRC 0
SBRN 0
SCRB 0
SCRN 0
SDWD 0
SGLR 0
SMTC 1
SMTT 1
SMVB 0
SRSR 6
SSDL 9
SSOM 0
SSWM 0
STRI 0
STRP 3
SWDD 0
VASM 0
VDTR 23
VGAR 0
VGPR 0
VGSR 0
VGTR 0
VLAR 0
VLPR 0
VLSR 36
VLTR 15
VSCR 0
VTWD 21
Done tooling on /home/yangheechan/FL-dataset-generation-opencv_features2d_TF_top30/work/opencv_features2d_TF_top30/working_env/faster15.swtv/core4/opencv_features2d_TF_top30/modules/features2d/src/fast_score.cpp
done with option i: 164 178 181 182 138 143 187 123 167 170 119 75 76 
done with option o: /home/yangheechan/FL-dataset-generation-opencv_features2d_TF_top30/out/opencv_features2d_TF_top30/generated_mutants-mbfl-trial1/fast_score.MUT20.cpp/opencv_features2d_TF_top30-opencv_features2d_TF_top30--modules--features2d--src--kaze--fed.cpp/
done with option l: 5
added ARGARINEG
added ARGBITNEG
added ARGDEL
added ARGINCDEC
added ARGLOGNEG
added ARGREPREQ
added ARGSTCALI
added ARGSTCDIF
added CGCR
added CGSR
added CLCR
added CLSR
added CRCR
added DIRVARARINEG
added DIRVARBITNEG
added DIRVARINCDEC
added DIRVARLOGNEG
added DIRVARREPCON
added DIRVARREPEXT
added DIRVARREPGLO
added DIRVARREPLOC
added DIRVARREPPAR
added DIRVARREPREQ
added FUNCALDEL
added INDVARARINEG
added INDVARBITNEG
added INDVARINCDEC
added INDVARLOGNEG
added INDVARREPCON
added INDVARREPEXT
added INDVARREPGLO
added INDVARREPLOC
added INDVARREPPAR
added INDVARREPREQ
added OAAA
added OAAN
added OABA
added OABN
added OAEA
added OALN
added OARN
added OASA
added OASN
added OBAA
added OBAN
added OBBA
added OBBN
added OBEA
added OBLN
added OBNG
added OBRN
added OBSA
added OBSN
added OCOR
added OEAA
added OEBA
added OESA
added OIPM
added OLAN
added OLBN
added OLLN
added OLNG
added OLRN
added OLSN
added OMMO
added OPPO
added ORAN
added ORBN
added ORLN
added ORRN
added ORSN
added OSAA
added OSAN
added OSBA
added OSBN
added OSEA
added OSLN
added OSRN
added OSSA
added OSSN
added SSOM
added VASM
added VDTR
added VGAR
added VGPR
added VGSR
added VGTR
added VLAR
added VLPR
added VLSR
added VLTR
added VSCR
added VTWD
done with option m
disabling DirVarAriNeg,DirVarBitNeg,DirVarLogNeg,DirVarIncDec,DirVarRepReq,DirVarRepCon,DirVarRepPar,DirVarRepGlo,DirVarRepExt,DirVarRepLoc,IndVarAriNeg,IndVarBitNeg,IndVarLogNeg,IndVarIncDec,IndVarRepReq,IndVarRepCon,IndVarRepPar,IndVarRepGlo,IndVarRepExt,IndVarRepLoc,STRI
g_inputfile_name = fed.cpp
g_mutdbfile_name = /home/yangheechan/FL-dataset-generation-opencv_features2d_TF_top30/out/opencv_features2d_TF_top30/generated_mutants-mbfl-trial1/fast_score.MUT20.cpp/opencv_features2d_TF_top30-opencv_features2d_TF_top30--modules--features2d--src--kaze--fed.cpp/fed_mut_db.csv
executing action from GatherDataAction
Done GatherDataAction
0
fed.cpp
(1 : 1)
(193 : 1)
executing action from GenerateMutantAction
done execute action
opened file name /home/yangheechan/FL-dataset-generation-opencv_features2d_TF_top30/out/opencv_features2d_TF_top30/generated_mutants-mbfl-trial1/fast_score.MUT20.cpp/opencv_features2d_TF_top30-opencv_features2d_TF_top30--modules--features2d--src--kaze--fed.cpp/fed_mut_db.csv
ArgAriNeg 0
ArgBitNeg 0
ArgDel 1
ArgIncDec 2
ArgLogNeg 1
ArgRepReq 3
ArgStcAli 0
ArgStcDif 0
CGCR 0
CGSR 0
CLCR 6
CLSR 11
CRCR 13
CovAllEdg 2
CovAllNod 1
DirVarAriNeg 0
DirVarBitNeg 0
DirVarIncDec 0
DirVarLogNeg 0
DirVarRepCon 0
DirVarRepExt 0
DirVarRepGlo 0
DirVarRepLoc 0
DirVarRepPar 0
DirVarRepReq 0
FunCalDel 2
IndVarAriNeg 0
IndVarBitNeg 0
IndVarIncDec 0
IndVarLogNeg 0
IndVarRepCon 0
IndVarRepExt 0
IndVarRepGlo 0
IndVarRepLoc 0
IndVarRepPar 0
IndVarRepReq 0
OAAA 0
OAAN 4
OABA 2
OABN 1
OAEA 1
OALN 2
OARN 5
OASA 1
OASN 1
OBAA 0
OBAN 0
OBBA 0
OBBN 0
OBEA 0
OBLN 0
OBNG 0
OBRN 0
OBSA 0
OBSN 0
OCNG 3
OCOR 1
OEAA 1
OEBA 1
OESA 1
OIPM 0
OLAN 0
OLBN 2
OLLN 1
OLNG 1
OLRN 0
OLSN 2
OMMO 0
OPPO 0
ORAN 2
ORBN 6
ORLN 1
ORRN 3
ORSN 2
OSAA 0
OSAN 0
OSBA 0
OSBN 0
OSEA 0
OSLN 0
OSRN 0
OSSA 0
OSSN 0
RetStaDel 0
SBRC 0
SBRN 0
SCRB 0
SCRN 0
SDWD 0
SGLR 0
SMTC 0
SMTT 1
SMVB 0
SRSR 5
SSDL 2
SSOM 0
SSWM 0
STRI 0
STRP 4
SWDD 1
VASM 0
VDTR 7
VGAR 0
VGPR 0
VGSR 0
VGTR 0
VLAR 0
VLPR 0
VLSR 8
VLTR 0
VSCR 0
VTWD 6
Done tooling on /home/yangheechan/FL-dataset-generation-opencv_features2d_TF_top30/work/opencv_features2d_TF_top30/working_env/faster15.swtv/core4/opencv_features2d_TF_top30/modules/features2d/src/kaze/fed.cpp
done with option i: 820 821 823 839 789 791 792 793 795 797 992 993 995 878 880 881 883 884 885 983 986 988 999 1004 1009 1014 1019 1023 1024 1029 848 849 861 865 876 877 1056 1070 1064 1067 1041 1042 1045 1050 1052 1054 670 223 232 235 240 248 252 255 256 259 260 265 266 267 206 212 216 217 219 221 268 270 279 281 921 923 924 926 929 930 153 135 140 141 144 149 150 138 366 435 500 502 503 505 508 510 511 516 518 524 690 692 694 905 911 902 1072 65 71 99 182 207 178 98 93 604 592 594 602 585 703 705 707 708 710 712 713 731 734 737 738 739 740 741 742 661 662 669 671 686 697 760 761 763 767 892 773 774 776 780 781 782 784 785 748 751 753 754 755 757 798 799 804 807 558 563 574 583 675 684 693 701 709 716 718 719 727 728 729 730 732 746 752 759 766 768 769 775 783 790 796 801 805 806 819 841 850 863 870 879 882 890 895 897 922 928 932 945 952 955 966 972 980 982 985 991 997 1005 1015 1021 1028 1033 1035 1049 1053 1058 244 67 164 291 343 357 365 493 499 688 770 900 1020 171 203 600 811 416 491 156 899 581 667 698 747 772 786 808 840 866 1012 1039 1047 222 418 358 399 293 258 368 909 938 285 658 758 829 990 1031 283 205 131 133 202 317 385 464 466 130 146 456 132 810 812 814 813 818 263 
done with option o: /home/yangheechan/FL-dataset-generation-opencv_features2d_TF_top30/out/opencv_features2d_TF_top30/generated_mutants-mbfl-trial1/fast_score.MUT20.cpp/opencv_features2d_TF_top30-opencv_features2d_TF_top30--modules--features2d--src--mser.cpp/
done with option l: 5
added ARGARINEG
added ARGBITNEG
added ARGDEL
added ARGINCDEC
added ARGLOGNEG
added ARGREPREQ
added ARGSTCALI
added ARGSTCDIF
added CGCR
added CGSR
added CLCR
added CLSR
added CRCR
added DIRVARARINEG
added DIRVARBITNEG
added DIRVARINCDEC
added DIRVARLOGNEG
added DIRVARREPCON
added DIRVARREPEXT
added DIRVARREPGLO
added DIRVARREPLOC
added DIRVARREPPAR
added DIRVARREPREQ
added FUNCALDEL
added INDVARARINEG
added INDVARBITNEG
added INDVARINCDEC
added INDVARLOGNEG
added INDVARREPCON
added INDVARREPEXT
added INDVARREPGLO
added INDVARREPLOC
added INDVARREPPAR
added INDVARREPREQ
added OAAA
added OAAN
added OABA
added OABN
added OAEA
added OALN
added OARN
added OASA
added OASN
added OBAA
added OBAN
added OBBA
added OBBN
added OBEA
added OBLN
added OBNG
added OBRN
added OBSA
added OBSN
added OCOR
added OEAA
added OEBA
added OESA
added OIPM
added OLAN
added OLBN
added OLLN
added OLNG
added OLRN
added OLSN
added OMMO
added OPPO
added ORAN
added ORBN
added ORLN
added ORRN
added ORSN
added OSAA
added OSAN
added OSBA
added OSBN
added OSEA
added OSLN
added OSRN
added OSSA
added OSSN
added SSOM
added VASM
added VDTR
added VGAR
added VGPR
added VGSR
added VGTR
added VLAR
added VLPR
added VLSR
added VLTR
added VSCR
added VTWD
done with option m
disabling DirVarAriNeg,DirVarBitNeg,DirVarLogNeg,DirVarIncDec,DirVarRepReq,DirVarRepCon,DirVarRepPar,DirVarRepGlo,DirVarRepExt,DirVarRepLoc,IndVarAriNeg,IndVarBitNeg,IndVarLogNeg,IndVarIncDec,IndVarRepReq,IndVarRepCon,IndVarRepPar,IndVarRepGlo,IndVarRepExt,IndVarRepLoc,STRI
g_inputfile_name = mser.cpp
g_mutdbfile_name = /home/yangheechan/FL-dataset-generation-opencv_features2d_TF_top30/out/opencv_features2d_TF_top30/generated_mutants-mbfl-trial1/fast_score.MUT20.cpp/opencv_features2d_TF_top30-opencv_features2d_TF_top30--modules--features2d--src--mser.cpp/mser_mut_db.csv
executing action from GatherDataAction
Done GatherDataAction
0
mser.cpp
(1 : 1)
(1076 : 1)
executing action from GenerateMutantAction
done execute action
opened file name /home/yangheechan/FL-dataset-generation-opencv_features2d_TF_top30/out/opencv_features2d_TF_top30/generated_mutants-mbfl-trial1/fast_score.MUT20.cpp/opencv_features2d_TF_top30-opencv_features2d_TF_top30--modules--features2d--src--mser.cpp/mser_mut_db.csv
ArgAriNeg 10
ArgBitNeg 11
ArgDel 35
ArgIncDec 21
ArgLogNeg 15
ArgRepReq 98
ArgStcAli 8
ArgStcDif 20
CGCR 46
CGSR 35
CLCR 79
CLSR 45
CRCR 190
CovAllEdg 34
CovAllNod 108
DirVarAriNeg 0
DirVarBitNeg 0
DirVarIncDec 0
DirVarLogNeg 0
DirVarRepCon 0
DirVarRepExt 0
DirVarRepGlo 0
DirVarRepLoc 0
DirVarRepPar 0
DirVarRepReq 0
FunCalDel 37
IndVarAriNeg 0
IndVarBitNeg 0
IndVarIncDec 0
IndVarLogNeg 0
IndVarRepCon 0
IndVarRepExt 0
IndVarRepGlo 0
IndVarRepLoc 0
IndVarRepPar 0
IndVarRepReq 0
OAAA 15
OAAN 40
OABA 0
OABN 12
OAEA 6
OALN 19
OARN 35
OASA 0
OASN 10
OBAA 0
OBAN 3
OBBA 0
OBBN 3
OBEA 0
OBLN 5
OBNG 1
OBRN 2
OBSA 0
OBSN 4
OCNG 14
OCOR 18
OEAA 115
OEBA 25
OESA 20
OIPM 0
OLAN 4
OLBN 6
OLLN 5
OLNG 5
OLRN 10
OLSN 2
OMMO 4
OPPO 50
ORAN 44
ORBN 14
ORLN 24
ORRN 53
ORSN 6
OSAA 0
OSAN 4
OSBA 0
OSBN 4
OSEA 0
OSLN 3
OSRN 6
OSSA 0
OSSN 1
RetStaDel 7
SBRC 2
SBRN 0
SCRB 0
SCRN 0
SDWD 0
SGLR 0
SMTC 1
SMTT 1
SMVB 0
SRSR 58
SSDL 125
SSOM 0
SSWM 0
STRI 0
STRP 127
SWDD 0
VASM 0
VDTR 132
VGAR 0
VGPR 0
VGSR 0
VGTR 0
VLAR 0
VLPR 216
VLSR 105
VLTR 0
VSCR 179
VTWD 80
Done tooling on /home/yangheechan/FL-dataset-generation-opencv_features2d_TF_top30/work/opencv_features2d_TF_top30/working_env/faster15.swtv/core4/opencv_features2d_TF_top30/modules/features2d/src/mser.cpp
Testing version fast_score.MUT20.cpp on faster15.swtv::core4
Found buggy line 1228 in failing tcs, TC17.sh executed lines
Found buggy line 1228 in failing tcs, TC26.sh executed lines
>>> TOTAL Selected lines: 1068
	 >>> Selected lines executed by failing tcs: 100
	 >>> Selected lines based on SBFL rank (desc): 535
	 >>> Selected lines based on SBFL rank (asc): 535
>> Applied patch to fast_score.cpp with fast_score.MUT20.cpp
>> Cleaning build for opencv_features2d_TF_top30
>> Configuring opencv_features2d_TF_top30 without coverage
>> Building opencv_features2d_TF_top30
>> Generating mutants on fast_score.MUT20.cpp of brisk.cpp
>> Generating mutants on fast_score.MUT20.cpp of fast.avx2.cpp
>> Generating mutants on fast_score.MUT20.cpp of fast.cpp
>> Generating mutants on fast_score.MUT20.cpp of fast_score.cpp
>> Generating mutants on fast_score.MUT20.cpp of fed.cpp
>> Generating mutants on fast_score.MUT20.cpp of mser.cpp
>> Reverted fast_score.cpp to original from fast_score.MUT20.cpp
>> Cleaning build for opencv_features2d_TF_top30
>> Configuring opencv_features2d_TF_top30 without coverage
>> Building opencv_features2d_TF_top30
>> Total number of mutants: 9243
>> Total number of lines executed by failing test cases: 209
>> Mutants per file:
	 >> opencv_features2d_TF_top30/modules/features2d/src/brisk.cpp: 4865 mutants, 0 lines executed by failing test cases
	 >> opencv_features2d_TF_top30/modules/features2d/src/fast.avx2.cpp: 398 mutants, 46 lines executed by failing test cases
	 >> opencv_features2d_TF_top30/modules/features2d/src/fast.cpp: 1128 mutants, 133 lines executed by failing test cases
	 >> opencv_features2d_TF_top30/modules/features2d/src/fast_score.cpp: 315 mutants, 30 lines executed by failing test cases
	 >> opencv_features2d_TF_top30/modules/features2d/src/kaze/fed.cpp: 120 mutants, 0 lines executed by failing test cases
	 >> opencv_features2d_TF_top30/modules/features2d/src/mser.cpp: 2417 mutants, 0 lines executed by failing test cases
Testing on faster15.swtv::core4-p0
Testing on faster15.swtv::core4-p1
Testing on faster15.swtv::core4-p2
Job Process-1 has been finished: ['faster15.swtv', 'core4-p0', 'fast_score.MUT20.cpp']
Job Process-2 has been finished: ['faster15.swtv', 'core4-p1', 'fast_score.MUT20.cpp']
Job Process-3 has been finished: ['faster15.swtv', 'core4-p2', 'fast_score.MUT20.cpp']
>> Zipped mutants on fast_score.MUT20.cpp
>> Removed mutants on fast_score.MUT20.cpp
>> Saving version fast_score.MUT20.cpp to database
Finished testing version fast_score.MUT20.cpp on faster15.swtv::core4

+++++ STDERR +++++
warning: unknown warning option '-Wimplicit-fallthrough=3'; did you mean '-Wimplicit-fallthrough'? [-Wunknown-warning-option]
In file included from /home/yangheechan/FL-dataset-generation-opencv_features2d_TF_top30/work/opencv_features2d_TF_top30/working_env/faster15.swtv/core4/opencv_features2d_TF_top30/modules/features2d/src/brisk.cpp:45:
In file included from /home/yangheechan/FL-dataset-generation-opencv_features2d_TF_top30/work/opencv_features2d_TF_top30/working_env/faster15.swtv/core4/opencv_features2d_TF_top30/modules/features2d/src/precomp.hpp:50:
In file included from /home/yangheechan/FL-dataset-generation-opencv_features2d_TF_top30/work/opencv_features2d_TF_top30/working_env/faster15.swtv/core4/opencv_features2d_TF_top30/modules/core/include/opencv2/core/private.hpp:246:
In file included from /home/yangheechan/FL-dataset-generation-opencv_features2d_TF_top30/work/opencv_features2d_TF_top30/working_env/faster15.swtv/core4/opencv_features2d_TF_top30/build/3rdparty/ippicv/ippicv_lnx/iw/include/iw++/iw.hpp:17:
In file included from /home/yangheechan/FL-dataset-generation-opencv_features2d_TF_top30/work/opencv_features2d_TF_top30/working_env/faster15.swtv/core4/opencv_features2d_TF_top30/build/3rdparty/ippicv/ippicv_lnx/iw/include/iw++/iw_image_color.hpp:17:
/home/yangheechan/FL-dataset-generation-opencv_features2d_TF_top30/work/opencv_features2d_TF_top30/working_env/faster15.swtv/core4/opencv_features2d_TF_top30/build/3rdparty/ippicv/ippicv_lnx/iw/include/iw++/iw_image.hpp:1389:13: warning: 'operator const _IwiTileTransform *' overrides a member function but is not marked 'override' [-Wsuggest-override]
    virtual operator const ::IwiTileTransform*() const { return NULL; }
            ^
/home/yangheechan/FL-dataset-generation-opencv_features2d_TF_top30/work/opencv_features2d_TF_top30/working_env/faster15.swtv/core4/opencv_features2d_TF_top30/build/3rdparty/ippicv/ippicv_lnx/iw/include/iw++/iw_image.hpp:1362:13: note: overridden virtual function is here
    virtual operator const ::IwiTileTransform*() const { return &transformStruct; }
            ^
/home/yangheechan/FL-dataset-generation-opencv_features2d_TF_top30/work/opencv_features2d_TF_top30/working_env/faster15.swtv/core4/opencv_features2d_TF_top30/build/3rdparty/ippicv/ippicv_lnx/iw/include/iw++/iw_image.hpp:1391:19: warning: 'Clone' overrides a member function but is not marked 'override' [-Wsuggest-override]
    virtual void* Clone() const
                  ^
/home/yangheechan/FL-dataset-generation-opencv_features2d_TF_top30/work/opencv_features2d_TF_top30/working_env/faster15.swtv/core4/opencv_features2d_TF_top30/build/3rdparty/ippicv/ippicv_lnx/iw/include/iw++/iw_image.hpp:1359:19: note: overridden virtual function is here
    virtual void* Clone() const = 0;
                  ^
/home/yangheechan/FL-dataset-generation-opencv_features2d_TF_top30/work/opencv_features2d_TF_top30/working_env/faster15.swtv/core4/opencv_features2d_TF_top30/build/3rdparty/ippicv/ippicv_lnx/iw/include/iw++/iw_image.hpp:1398:17: warning: 'GetSrcRoi' overrides a member function but is not marked 'override' [-Wsuggest-override]
    virtual int GetSrcRoi(ipp::IwiRoi, ipp::IwiRoi&) const
                ^
/home/yangheechan/FL-dataset-generation-opencv_features2d_TF_top30/work/opencv_features2d_TF_top30/working_env/faster15.swtv/core4/opencv_features2d_TF_top30/build/3rdparty/ippicv/ippicv_lnx/iw/include/iw++/iw_image.hpp:1356:17: note: overridden virtual function is here
    virtual int GetSrcRoi(ipp::IwiRoi, ipp::IwiRoi&) const = 0;
                ^
warning: unknown warning option '-Wimplicit-fallthrough=3'; did you mean '-Wimplicit-fallthrough'? [-Wunknown-warning-option]
In file included from /home/yangheechan/FL-dataset-generation-opencv_features2d_TF_top30/work/opencv_features2d_TF_top30/working_env/faster15.swtv/core4/opencv_features2d_TF_top30/modules/features2d/src/brisk.cpp:45:
In file included from /home/yangheechan/FL-dataset-generation-opencv_features2d_TF_top30/work/opencv_features2d_TF_top30/working_env/faster15.swtv/core4/opencv_features2d_TF_top30/modules/features2d/src/precomp.hpp:50:
In file included from /home/yangheechan/FL-dataset-generation-opencv_features2d_TF_top30/work/opencv_features2d_TF_top30/working_env/faster15.swtv/core4/opencv_features2d_TF_top30/modules/core/include/opencv2/core/private.hpp:246:
In file included from /home/yangheechan/FL-dataset-generation-opencv_features2d_TF_top30/work/opencv_features2d_TF_top30/working_env/faster15.swtv/core4/opencv_features2d_TF_top30/build/3rdparty/ippicv/ippicv_lnx/iw/include/iw++/iw.hpp:17:
In file included from /home/yangheechan/FL-dataset-generation-opencv_features2d_TF_top30/work/opencv_features2d_TF_top30/working_env/faster15.swtv/core4/opencv_features2d_TF_top30/build/3rdparty/ippicv/ippicv_lnx/iw/include/iw++/iw_image_color.hpp:17:
/home/yangheechan/FL-dataset-generation-opencv_features2d_TF_top30/work/opencv_features2d_TF_top30/working_env/faster15.swtv/core4/opencv_features2d_TF_top30/build/3rdparty/ippicv/ippicv_lnx/iw/include/iw++/iw_image.hpp:1389:13: warning: 'operator const _IwiTileTransform *' overrides a member function but is not marked 'override' [-Wsuggest-override]
    virtual operator const ::IwiTileTransform*() const { return NULL; }
            ^
/home/yangheechan/FL-dataset-generation-opencv_features2d_TF_top30/work/opencv_features2d_TF_top30/working_env/faster15.swtv/core4/opencv_features2d_TF_top30/build/3rdparty/ippicv/ippicv_lnx/iw/include/iw++/iw_image.hpp:1362:13: note: overridden virtual function is here
    virtual operator const ::IwiTileTransform*() const { return &transformStruct; }
            ^
/home/yangheechan/FL-dataset-generation-opencv_features2d_TF_top30/work/opencv_features2d_TF_top30/working_env/faster15.swtv/core4/opencv_features2d_TF_top30/build/3rdparty/ippicv/ippicv_lnx/iw/include/iw++/iw_image.hpp:1391:19: warning: 'Clone' overrides a member function but is not marked 'override' [-Wsuggest-override]
    virtual void* Clone() const
                  ^
/home/yangheechan/FL-dataset-generation-opencv_features2d_TF_top30/work/opencv_features2d_TF_top30/working_env/faster15.swtv/core4/opencv_features2d_TF_top30/build/3rdparty/ippicv/ippicv_lnx/iw/include/iw++/iw_image.hpp:1359:19: note: overridden virtual function is here
    virtual void* Clone() const = 0;
                  ^
/home/yangheechan/FL-dataset-generation-opencv_features2d_TF_top30/work/opencv_features2d_TF_top30/working_env/faster15.swtv/core4/opencv_features2d_TF_top30/build/3rdparty/ippicv/ippicv_lnx/iw/include/iw++/iw_image.hpp:1398:17: warning: 'GetSrcRoi' overrides a member function but is not marked 'override' [-Wsuggest-override]
    virtual int GetSrcRoi(ipp::IwiRoi, ipp::IwiRoi&) const
                ^
/home/yangheechan/FL-dataset-generation-opencv_features2d_TF_top30/work/opencv_features2d_TF_top30/working_env/faster15.swtv/core4/opencv_features2d_TF_top30/build/3rdparty/ippicv/ippicv_lnx/iw/include/iw++/iw_image.hpp:1356:17: note: overridden virtual function is here
    virtual int GetSrcRoi(ipp::IwiRoi, ipp::IwiRoi&) const = 0;
                ^
4 warnings generated.
4 warnings generated.
warning: unknown warning option '-Wimplicit-fallthrough=3'; did you mean '-Wimplicit-fallthrough'? [-Wunknown-warning-option]
In file included from /home/yangheechan/FL-dataset-generation-opencv_features2d_TF_top30/work/opencv_features2d_TF_top30/working_env/faster15.swtv/core4/opencv_features2d_TF_top30/modules/features2d/src/fast.avx2.cpp:44:
In file included from /home/yangheechan/FL-dataset-generation-opencv_features2d_TF_top30/work/opencv_features2d_TF_top30/working_env/faster15.swtv/core4/opencv_features2d_TF_top30/modules/features2d/src/precomp.hpp:50:
In file included from /home/yangheechan/FL-dataset-generation-opencv_features2d_TF_top30/work/opencv_features2d_TF_top30/working_env/faster15.swtv/core4/opencv_features2d_TF_top30/modules/core/include/opencv2/core/private.hpp:246:
In file included from /home/yangheechan/FL-dataset-generation-opencv_features2d_TF_top30/work/opencv_features2d_TF_top30/working_env/faster15.swtv/core4/opencv_features2d_TF_top30/build/3rdparty/ippicv/ippicv_lnx/iw/include/iw++/iw.hpp:17:
In file included from /home/yangheechan/FL-dataset-generation-opencv_features2d_TF_top30/work/opencv_features2d_TF_top30/working_env/faster15.swtv/core4/opencv_features2d_TF_top30/build/3rdparty/ippicv/ippicv_lnx/iw/include/iw++/iw_image_color.hpp:17:
/home/yangheechan/FL-dataset-generation-opencv_features2d_TF_top30/work/opencv_features2d_TF_top30/working_env/faster15.swtv/core4/opencv_features2d_TF_top30/build/3rdparty/ippicv/ippicv_lnx/iw/include/iw++/iw_image.hpp:1389:13: warning: 'operator const _IwiTileTransform *' overrides a member function but is not marked 'override' [-Wsuggest-override]
    virtual operator const ::IwiTileTransform*() const { return NULL; }
            ^
/home/yangheechan/FL-dataset-generation-opencv_features2d_TF_top30/work/opencv_features2d_TF_top30/working_env/faster15.swtv/core4/opencv_features2d_TF_top30/build/3rdparty/ippicv/ippicv_lnx/iw/include/iw++/iw_image.hpp:1362:13: note: overridden virtual function is here
    virtual operator const ::IwiTileTransform*() const { return &transformStruct; }
            ^
/home/yangheechan/FL-dataset-generation-opencv_features2d_TF_top30/work/opencv_features2d_TF_top30/working_env/faster15.swtv/core4/opencv_features2d_TF_top30/build/3rdparty/ippicv/ippicv_lnx/iw/include/iw++/iw_image.hpp:1391:19: warning: 'Clone' overrides a member function but is not marked 'override' [-Wsuggest-override]
    virtual void* Clone() const
                  ^
/home/yangheechan/FL-dataset-generation-opencv_features2d_TF_top30/work/opencv_features2d_TF_top30/working_env/faster15.swtv/core4/opencv_features2d_TF_top30/build/3rdparty/ippicv/ippicv_lnx/iw/include/iw++/iw_image.hpp:1359:19: note: overridden virtual function is here
    virtual void* Clone() const = 0;
                  ^
/home/yangheechan/FL-dataset-generation-opencv_features2d_TF_top30/work/opencv_features2d_TF_top30/working_env/faster15.swtv/core4/opencv_features2d_TF_top30/build/3rdparty/ippicv/ippicv_lnx/iw/include/iw++/iw_image.hpp:1398:17: warning: 'GetSrcRoi' overrides a member function but is not marked 'override' [-Wsuggest-override]
    virtual int GetSrcRoi(ipp::IwiRoi, ipp::IwiRoi&) const
                ^
/home/yangheechan/FL-dataset-generation-opencv_features2d_TF_top30/work/opencv_features2d_TF_top30/working_env/faster15.swtv/core4/opencv_features2d_TF_top30/build/3rdparty/ippicv/ippicv_lnx/iw/include/iw++/iw_image.hpp:1356:17: note: overridden virtual function is here
    virtual int GetSrcRoi(ipp::IwiRoi, ipp::IwiRoi&) const = 0;
                ^
warning: unknown warning option '-Wimplicit-fallthrough=3'; did you mean '-Wimplicit-fallthrough'? [-Wunknown-warning-option]
In file included from /home/yangheechan/FL-dataset-generation-opencv_features2d_TF_top30/work/opencv_features2d_TF_top30/working_env/faster15.swtv/core4/opencv_features2d_TF_top30/modules/features2d/src/fast.avx2.cpp:44:
In file included from /home/yangheechan/FL-dataset-generation-opencv_features2d_TF_top30/work/opencv_features2d_TF_top30/working_env/faster15.swtv/core4/opencv_features2d_TF_top30/modules/features2d/src/precomp.hpp:50:
In file included from /home/yangheechan/FL-dataset-generation-opencv_features2d_TF_top30/work/opencv_features2d_TF_top30/working_env/faster15.swtv/core4/opencv_features2d_TF_top30/modules/core/include/opencv2/core/private.hpp:246:
In file included from /home/yangheechan/FL-dataset-generation-opencv_features2d_TF_top30/work/opencv_features2d_TF_top30/working_env/faster15.swtv/core4/opencv_features2d_TF_top30/build/3rdparty/ippicv/ippicv_lnx/iw/include/iw++/iw.hpp:17:
In file included from /home/yangheechan/FL-dataset-generation-opencv_features2d_TF_top30/work/opencv_features2d_TF_top30/working_env/faster15.swtv/core4/opencv_features2d_TF_top30/build/3rdparty/ippicv/ippicv_lnx/iw/include/iw++/iw_image_color.hpp:17:
/home/yangheechan/FL-dataset-generation-opencv_features2d_TF_top30/work/opencv_features2d_TF_top30/working_env/faster15.swtv/core4/opencv_features2d_TF_top30/build/3rdparty/ippicv/ippicv_lnx/iw/include/iw++/iw_image.hpp:1389:13: warning: 'operator const _IwiTileTransform *' overrides a member function but is not marked 'override' [-Wsuggest-override]
    virtual operator const ::IwiTileTransform*() const { return NULL; }
            ^
/home/yangheechan/FL-dataset-generation-opencv_features2d_TF_top30/work/opencv_features2d_TF_top30/working_env/faster15.swtv/core4/opencv_features2d_TF_top30/build/3rdparty/ippicv/ippicv_lnx/iw/include/iw++/iw_image.hpp:1362:13: note: overridden virtual function is here
    virtual operator const ::IwiTileTransform*() const { return &transformStruct; }
            ^
/home/yangheechan/FL-dataset-generation-opencv_features2d_TF_top30/work/opencv_features2d_TF_top30/working_env/faster15.swtv/core4/opencv_features2d_TF_top30/build/3rdparty/ippicv/ippicv_lnx/iw/include/iw++/iw_image.hpp:1391:19: warning: 'Clone' overrides a member function but is not marked 'override' [-Wsuggest-override]
    virtual void* Clone() const
                  ^
/home/yangheechan/FL-dataset-generation-opencv_features2d_TF_top30/work/opencv_features2d_TF_top30/working_env/faster15.swtv/core4/opencv_features2d_TF_top30/build/3rdparty/ippicv/ippicv_lnx/iw/include/iw++/iw_image.hpp:1359:19: note: overridden virtual function is here
    virtual void* Clone() const = 0;
                  ^
/home/yangheechan/FL-dataset-generation-opencv_features2d_TF_top30/work/opencv_features2d_TF_top30/working_env/faster15.swtv/core4/opencv_features2d_TF_top30/build/3rdparty/ippicv/ippicv_lnx/iw/include/iw++/iw_image.hpp:1398:17: warning: 'GetSrcRoi' overrides a member function but is not marked 'override' [-Wsuggest-override]
    virtual int GetSrcRoi(ipp::IwiRoi, ipp::IwiRoi&) const
                ^
/home/yangheechan/FL-dataset-generation-opencv_features2d_TF_top30/work/opencv_features2d_TF_top30/working_env/faster15.swtv/core4/opencv_features2d_TF_top30/build/3rdparty/ippicv/ippicv_lnx/iw/include/iw++/iw_image.hpp:1356:17: note: overridden virtual function is here
    virtual int GetSrcRoi(ipp::IwiRoi, ipp::IwiRoi&) const = 0;
                ^
4 warnings generated.
4 warnings generated.
warning: unknown warning option '-Wimplicit-fallthrough=3'; did you mean '-Wimplicit-fallthrough'? [-Wunknown-warning-option]
In file included from /home/yangheechan/FL-dataset-generation-opencv_features2d_TF_top30/work/opencv_features2d_TF_top30/working_env/faster15.swtv/core4/opencv_features2d_TF_top30/modules/features2d/src/fast.cpp:44:
In file included from /home/yangheechan/FL-dataset-generation-opencv_features2d_TF_top30/work/opencv_features2d_TF_top30/working_env/faster15.swtv/core4/opencv_features2d_TF_top30/modules/features2d/src/precomp.hpp:50:
In file included from /home/yangheechan/FL-dataset-generation-opencv_features2d_TF_top30/work/opencv_features2d_TF_top30/working_env/faster15.swtv/core4/opencv_features2d_TF_top30/modules/core/include/opencv2/core/private.hpp:246:
In file included from /home/yangheechan/FL-dataset-generation-opencv_features2d_TF_top30/work/opencv_features2d_TF_top30/working_env/faster15.swtv/core4/opencv_features2d_TF_top30/build/3rdparty/ippicv/ippicv_lnx/iw/include/iw++/iw.hpp:17:
In file included from /home/yangheechan/FL-dataset-generation-opencv_features2d_TF_top30/work/opencv_features2d_TF_top30/working_env/faster15.swtv/core4/opencv_features2d_TF_top30/build/3rdparty/ippicv/ippicv_lnx/iw/include/iw++/iw_image_color.hpp:17:
/home/yangheechan/FL-dataset-generation-opencv_features2d_TF_top30/work/opencv_features2d_TF_top30/working_env/faster15.swtv/core4/opencv_features2d_TF_top30/build/3rdparty/ippicv/ippicv_lnx/iw/include/iw++/iw_image.hpp:1389:13: warning: 'operator const _IwiTileTransform *' overrides a member function but is not marked 'override' [-Wsuggest-override]
    virtual operator const ::IwiTileTransform*() const { return NULL; }
            ^
/home/yangheechan/FL-dataset-generation-opencv_features2d_TF_top30/work/opencv_features2d_TF_top30/working_env/faster15.swtv/core4/opencv_features2d_TF_top30/build/3rdparty/ippicv/ippicv_lnx/iw/include/iw++/iw_image.hpp:1362:13: note: overridden virtual function is here
    virtual operator const ::IwiTileTransform*() const { return &transformStruct; }
            ^
/home/yangheechan/FL-dataset-generation-opencv_features2d_TF_top30/work/opencv_features2d_TF_top30/working_env/faster15.swtv/core4/opencv_features2d_TF_top30/build/3rdparty/ippicv/ippicv_lnx/iw/include/iw++/iw_image.hpp:1391:19: warning: 'Clone' overrides a member function but is not marked 'override' [-Wsuggest-override]
    virtual void* Clone() const
                  ^
/home/yangheechan/FL-dataset-generation-opencv_features2d_TF_top30/work/opencv_features2d_TF_top30/working_env/faster15.swtv/core4/opencv_features2d_TF_top30/build/3rdparty/ippicv/ippicv_lnx/iw/include/iw++/iw_image.hpp:1359:19: note: overridden virtual function is here
    virtual void* Clone() const = 0;
                  ^
/home/yangheechan/FL-dataset-generation-opencv_features2d_TF_top30/work/opencv_features2d_TF_top30/working_env/faster15.swtv/core4/opencv_features2d_TF_top30/build/3rdparty/ippicv/ippicv_lnx/iw/include/iw++/iw_image.hpp:1398:17: warning: 'GetSrcRoi' overrides a member function but is not marked 'override' [-Wsuggest-override]
    virtual int GetSrcRoi(ipp::IwiRoi, ipp::IwiRoi&) const
                ^
/home/yangheechan/FL-dataset-generation-opencv_features2d_TF_top30/work/opencv_features2d_TF_top30/working_env/faster15.swtv/core4/opencv_features2d_TF_top30/build/3rdparty/ippicv/ippicv_lnx/iw/include/iw++/iw_image.hpp:1356:17: note: overridden virtual function is here
    virtual int GetSrcRoi(ipp::IwiRoi, ipp::IwiRoi&) const = 0;
                ^
warning: unknown warning option '-Wimplicit-fallthrough=3'; did you mean '-Wimplicit-fallthrough'? [-Wunknown-warning-option]
In file included from /home/yangheechan/FL-dataset-generation-opencv_features2d_TF_top30/work/opencv_features2d_TF_top30/working_env/faster15.swtv/core4/opencv_features2d_TF_top30/modules/features2d/src/fast.cpp:44:
In file included from /home/yangheechan/FL-dataset-generation-opencv_features2d_TF_top30/work/opencv_features2d_TF_top30/working_env/faster15.swtv/core4/opencv_features2d_TF_top30/modules/features2d/src/precomp.hpp:50:
In file included from /home/yangheechan/FL-dataset-generation-opencv_features2d_TF_top30/work/opencv_features2d_TF_top30/working_env/faster15.swtv/core4/opencv_features2d_TF_top30/modules/core/include/opencv2/core/private.hpp:246:
In file included from /home/yangheechan/FL-dataset-generation-opencv_features2d_TF_top30/work/opencv_features2d_TF_top30/working_env/faster15.swtv/core4/opencv_features2d_TF_top30/build/3rdparty/ippicv/ippicv_lnx/iw/include/iw++/iw.hpp:17:
In file included from /home/yangheechan/FL-dataset-generation-opencv_features2d_TF_top30/work/opencv_features2d_TF_top30/working_env/faster15.swtv/core4/opencv_features2d_TF_top30/build/3rdparty/ippicv/ippicv_lnx/iw/include/iw++/iw_image_color.hpp:17:
/home/yangheechan/FL-dataset-generation-opencv_features2d_TF_top30/work/opencv_features2d_TF_top30/working_env/faster15.swtv/core4/opencv_features2d_TF_top30/build/3rdparty/ippicv/ippicv_lnx/iw/include/iw++/iw_image.hpp:1389:13: warning: 'operator const _IwiTileTransform *' overrides a member function but is not marked 'override' [-Wsuggest-override]
    virtual operator const ::IwiTileTransform*() const { return NULL; }
            ^
/home/yangheechan/FL-dataset-generation-opencv_features2d_TF_top30/work/opencv_features2d_TF_top30/working_env/faster15.swtv/core4/opencv_features2d_TF_top30/build/3rdparty/ippicv/ippicv_lnx/iw/include/iw++/iw_image.hpp:1362:13: note: overridden virtual function is here
    virtual operator const ::IwiTileTransform*() const { return &transformStruct; }
            ^
/home/yangheechan/FL-dataset-generation-opencv_features2d_TF_top30/work/opencv_features2d_TF_top30/working_env/faster15.swtv/core4/opencv_features2d_TF_top30/build/3rdparty/ippicv/ippicv_lnx/iw/include/iw++/iw_image.hpp:1391:19: warning: 'Clone' overrides a member function but is not marked 'override' [-Wsuggest-override]
    virtual void* Clone() const
                  ^
/home/yangheechan/FL-dataset-generation-opencv_features2d_TF_top30/work/opencv_features2d_TF_top30/working_env/faster15.swtv/core4/opencv_features2d_TF_top30/build/3rdparty/ippicv/ippicv_lnx/iw/include/iw++/iw_image.hpp:1359:19: note: overridden virtual function is here
    virtual void* Clone() const = 0;
                  ^
/home/yangheechan/FL-dataset-generation-opencv_features2d_TF_top30/work/opencv_features2d_TF_top30/working_env/faster15.swtv/core4/opencv_features2d_TF_top30/build/3rdparty/ippicv/ippicv_lnx/iw/include/iw++/iw_image.hpp:1398:17: warning: 'GetSrcRoi' overrides a member function but is not marked 'override' [-Wsuggest-override]
    virtual int GetSrcRoi(ipp::IwiRoi, ipp::IwiRoi&) const
                ^
/home/yangheechan/FL-dataset-generation-opencv_features2d_TF_top30/work/opencv_features2d_TF_top30/working_env/faster15.swtv/core4/opencv_features2d_TF_top30/build/3rdparty/ippicv/ippicv_lnx/iw/include/iw++/iw_image.hpp:1356:17: note: overridden virtual function is here
    virtual int GetSrcRoi(ipp::IwiRoi, ipp::IwiRoi&) const = 0;
                ^
4 warnings generated.
4 warnings generated.
warning: unknown warning option '-Wimplicit-fallthrough=3'; did you mean '-Wimplicit-fallthrough'? [-Wunknown-warning-option]
In file included from /home/yangheechan/FL-dataset-generation-opencv_features2d_TF_top30/work/opencv_features2d_TF_top30/working_env/faster15.swtv/core4/opencv_features2d_TF_top30/modules/features2d/src/fast_score.cpp:44:
In file included from /home/yangheechan/FL-dataset-generation-opencv_features2d_TF_top30/work/opencv_features2d_TF_top30/working_env/faster15.swtv/core4/opencv_features2d_TF_top30/modules/features2d/src/fast_score.hpp:49:
In file included from /home/yangheechan/FL-dataset-generation-opencv_features2d_TF_top30/work/opencv_features2d_TF_top30/working_env/faster15.swtv/core4/opencv_features2d_TF_top30/modules/features2d/src/precomp.hpp:50:
In file included from /home/yangheechan/FL-dataset-generation-opencv_features2d_TF_top30/work/opencv_features2d_TF_top30/working_env/faster15.swtv/core4/opencv_features2d_TF_top30/modules/core/include/opencv2/core/private.hpp:246:
In file included from /home/yangheechan/FL-dataset-generation-opencv_features2d_TF_top30/work/opencv_features2d_TF_top30/working_env/faster15.swtv/core4/opencv_features2d_TF_top30/build/3rdparty/ippicv/ippicv_lnx/iw/include/iw++/iw.hpp:17:
In file included from /home/yangheechan/FL-dataset-generation-opencv_features2d_TF_top30/work/opencv_features2d_TF_top30/working_env/faster15.swtv/core4/opencv_features2d_TF_top30/build/3rdparty/ippicv/ippicv_lnx/iw/include/iw++/iw_image_color.hpp:17:
/home/yangheechan/FL-dataset-generation-opencv_features2d_TF_top30/work/opencv_features2d_TF_top30/working_env/faster15.swtv/core4/opencv_features2d_TF_top30/build/3rdparty/ippicv/ippicv_lnx/iw/include/iw++/iw_image.hpp:1389:13: warning: 'operator const _IwiTileTransform *' overrides a member function but is not marked 'override' [-Wsuggest-override]
    virtual operator const ::IwiTileTransform*() const { return NULL; }
            ^
/home/yangheechan/FL-dataset-generation-opencv_features2d_TF_top30/work/opencv_features2d_TF_top30/working_env/faster15.swtv/core4/opencv_features2d_TF_top30/build/3rdparty/ippicv/ippicv_lnx/iw/include/iw++/iw_image.hpp:1362:13: note: overridden virtual function is here
    virtual operator const ::IwiTileTransform*() const { return &transformStruct; }
            ^
/home/yangheechan/FL-dataset-generation-opencv_features2d_TF_top30/work/opencv_features2d_TF_top30/working_env/faster15.swtv/core4/opencv_features2d_TF_top30/build/3rdparty/ippicv/ippicv_lnx/iw/include/iw++/iw_image.hpp:1391:19: warning: 'Clone' overrides a member function but is not marked 'override' [-Wsuggest-override]
    virtual void* Clone() const
                  ^
/home/yangheechan/FL-dataset-generation-opencv_features2d_TF_top30/work/opencv_features2d_TF_top30/working_env/faster15.swtv/core4/opencv_features2d_TF_top30/build/3rdparty/ippicv/ippicv_lnx/iw/include/iw++/iw_image.hpp:1359:19: note: overridden virtual function is here
    virtual void* Clone() const = 0;
                  ^
/home/yangheechan/FL-dataset-generation-opencv_features2d_TF_top30/work/opencv_features2d_TF_top30/working_env/faster15.swtv/core4/opencv_features2d_TF_top30/build/3rdparty/ippicv/ippicv_lnx/iw/include/iw++/iw_image.hpp:1398:17: warning: 'GetSrcRoi' overrides a member function but is not marked 'override' [-Wsuggest-override]
    virtual int GetSrcRoi(ipp::IwiRoi, ipp::IwiRoi&) const
                ^
/home/yangheechan/FL-dataset-generation-opencv_features2d_TF_top30/work/opencv_features2d_TF_top30/working_env/faster15.swtv/core4/opencv_features2d_TF_top30/build/3rdparty/ippicv/ippicv_lnx/iw/include/iw++/iw_image.hpp:1356:17: note: overridden virtual function is here
    virtual int GetSrcRoi(ipp::IwiRoi, ipp::IwiRoi&) const = 0;
                ^
warning: unknown warning option '-Wimplicit-fallthrough=3'; did you mean '-Wimplicit-fallthrough'? [-Wunknown-warning-option]
In file included from /home/yangheechan/FL-dataset-generation-opencv_features2d_TF_top30/work/opencv_features2d_TF_top30/working_env/faster15.swtv/core4/opencv_features2d_TF_top30/modules/features2d/src/fast_score.cpp:44:
In file included from /home/yangheechan/FL-dataset-generation-opencv_features2d_TF_top30/work/opencv_features2d_TF_top30/working_env/faster15.swtv/core4/opencv_features2d_TF_top30/modules/features2d/src/fast_score.hpp:49:
In file included from /home/yangheechan/FL-dataset-generation-opencv_features2d_TF_top30/work/opencv_features2d_TF_top30/working_env/faster15.swtv/core4/opencv_features2d_TF_top30/modules/features2d/src/precomp.hpp:50:
In file included from /home/yangheechan/FL-dataset-generation-opencv_features2d_TF_top30/work/opencv_features2d_TF_top30/working_env/faster15.swtv/core4/opencv_features2d_TF_top30/modules/core/include/opencv2/core/private.hpp:246:
In file included from /home/yangheechan/FL-dataset-generation-opencv_features2d_TF_top30/work/opencv_features2d_TF_top30/working_env/faster15.swtv/core4/opencv_features2d_TF_top30/build/3rdparty/ippicv/ippicv_lnx/iw/include/iw++/iw.hpp:17:
In file included from /home/yangheechan/FL-dataset-generation-opencv_features2d_TF_top30/work/opencv_features2d_TF_top30/working_env/faster15.swtv/core4/opencv_features2d_TF_top30/build/3rdparty/ippicv/ippicv_lnx/iw/include/iw++/iw_image_color.hpp:17:
/home/yangheechan/FL-dataset-generation-opencv_features2d_TF_top30/work/opencv_features2d_TF_top30/working_env/faster15.swtv/core4/opencv_features2d_TF_top30/build/3rdparty/ippicv/ippicv_lnx/iw/include/iw++/iw_image.hpp:1389:13: warning: 'operator const _IwiTileTransform *' overrides a member function but is not marked 'override' [-Wsuggest-override]
    virtual operator const ::IwiTileTransform*() const { return NULL; }
            ^
/home/yangheechan/FL-dataset-generation-opencv_features2d_TF_top30/work/opencv_features2d_TF_top30/working_env/faster15.swtv/core4/opencv_features2d_TF_top30/build/3rdparty/ippicv/ippicv_lnx/iw/include/iw++/iw_image.hpp:1362:13: note: overridden virtual function is here
    virtual operator const ::IwiTileTransform*() const { return &transformStruct; }
            ^
/home/yangheechan/FL-dataset-generation-opencv_features2d_TF_top30/work/opencv_features2d_TF_top30/working_env/faster15.swtv/core4/opencv_features2d_TF_top30/build/3rdparty/ippicv/ippicv_lnx/iw/include/iw++/iw_image.hpp:1391:19: warning: 'Clone' overrides a member function but is not marked 'override' [-Wsuggest-override]
    virtual void* Clone() const
                  ^
/home/yangheechan/FL-dataset-generation-opencv_features2d_TF_top30/work/opencv_features2d_TF_top30/working_env/faster15.swtv/core4/opencv_features2d_TF_top30/build/3rdparty/ippicv/ippicv_lnx/iw/include/iw++/iw_image.hpp:1359:19: note: overridden virtual function is here
    virtual void* Clone() const = 0;
                  ^
/home/yangheechan/FL-dataset-generation-opencv_features2d_TF_top30/work/opencv_features2d_TF_top30/working_env/faster15.swtv/core4/opencv_features2d_TF_top30/build/3rdparty/ippicv/ippicv_lnx/iw/include/iw++/iw_image.hpp:1398:17: warning: 'GetSrcRoi' overrides a member function but is not marked 'override' [-Wsuggest-override]
    virtual int GetSrcRoi(ipp::IwiRoi, ipp::IwiRoi&) const
                ^
/home/yangheechan/FL-dataset-generation-opencv_features2d_TF_top30/work/opencv_features2d_TF_top30/working_env/faster15.swtv/core4/opencv_features2d_TF_top30/build/3rdparty/ippicv/ippicv_lnx/iw/include/iw++/iw_image.hpp:1356:17: note: overridden virtual function is here
    virtual int GetSrcRoi(ipp::IwiRoi, ipp::IwiRoi&) const = 0;
                ^
4 warnings generated.
4 warnings generated.
warning: unknown warning option '-Wimplicit-fallthrough=3'; did you mean '-Wimplicit-fallthrough'? [-Wunknown-warning-option]
In file included from /home/yangheechan/FL-dataset-generation-opencv_features2d_TF_top30/work/opencv_features2d_TF_top30/working_env/faster15.swtv/core4/opencv_features2d_TF_top30/modules/features2d/src/kaze/fed.cpp:31:
In file included from /home/yangheechan/FL-dataset-generation-opencv_features2d_TF_top30/work/opencv_features2d_TF_top30/working_env/faster15.swtv/core4/opencv_features2d_TF_top30/modules/features2d/src/kaze/../precomp.hpp:50:
In file included from /home/yangheechan/FL-dataset-generation-opencv_features2d_TF_top30/work/opencv_features2d_TF_top30/working_env/faster15.swtv/core4/opencv_features2d_TF_top30/modules/core/include/opencv2/core/private.hpp:246:
In file included from /home/yangheechan/FL-dataset-generation-opencv_features2d_TF_top30/work/opencv_features2d_TF_top30/working_env/faster15.swtv/core4/opencv_features2d_TF_top30/build/3rdparty/ippicv/ippicv_lnx/iw/include/iw++/iw.hpp:17:
In file included from /home/yangheechan/FL-dataset-generation-opencv_features2d_TF_top30/work/opencv_features2d_TF_top30/working_env/faster15.swtv/core4/opencv_features2d_TF_top30/build/3rdparty/ippicv/ippicv_lnx/iw/include/iw++/iw_image_color.hpp:17:
/home/yangheechan/FL-dataset-generation-opencv_features2d_TF_top30/work/opencv_features2d_TF_top30/working_env/faster15.swtv/core4/opencv_features2d_TF_top30/build/3rdparty/ippicv/ippicv_lnx/iw/include/iw++/iw_image.hpp:1389:13: warning: 'operator const _IwiTileTransform *' overrides a member function but is not marked 'override' [-Wsuggest-override]
    virtual operator const ::IwiTileTransform*() const { return NULL; }
            ^
/home/yangheechan/FL-dataset-generation-opencv_features2d_TF_top30/work/opencv_features2d_TF_top30/working_env/faster15.swtv/core4/opencv_features2d_TF_top30/build/3rdparty/ippicv/ippicv_lnx/iw/include/iw++/iw_image.hpp:1362:13: note: overridden virtual function is here
    virtual operator const ::IwiTileTransform*() const { return &transformStruct; }
            ^
/home/yangheechan/FL-dataset-generation-opencv_features2d_TF_top30/work/opencv_features2d_TF_top30/working_env/faster15.swtv/core4/opencv_features2d_TF_top30/build/3rdparty/ippicv/ippicv_lnx/iw/include/iw++/iw_image.hpp:1391:19: warning: 'Clone' overrides a member function but is not marked 'override' [-Wsuggest-override]
    virtual void* Clone() const
                  ^
/home/yangheechan/FL-dataset-generation-opencv_features2d_TF_top30/work/opencv_features2d_TF_top30/working_env/faster15.swtv/core4/opencv_features2d_TF_top30/build/3rdparty/ippicv/ippicv_lnx/iw/include/iw++/iw_image.hpp:1359:19: note: overridden virtual function is here
    virtual void* Clone() const = 0;
                  ^
/home/yangheechan/FL-dataset-generation-opencv_features2d_TF_top30/work/opencv_features2d_TF_top30/working_env/faster15.swtv/core4/opencv_features2d_TF_top30/build/3rdparty/ippicv/ippicv_lnx/iw/include/iw++/iw_image.hpp:1398:17: warning: 'GetSrcRoi' overrides a member function but is not marked 'override' [-Wsuggest-override]
    virtual int GetSrcRoi(ipp::IwiRoi, ipp::IwiRoi&) const
                ^
/home/yangheechan/FL-dataset-generation-opencv_features2d_TF_top30/work/opencv_features2d_TF_top30/working_env/faster15.swtv/core4/opencv_features2d_TF_top30/build/3rdparty/ippicv/ippicv_lnx/iw/include/iw++/iw_image.hpp:1356:17: note: overridden virtual function is here
    virtual int GetSrcRoi(ipp::IwiRoi, ipp::IwiRoi&) const = 0;
                ^
warning: unknown warning option '-Wimplicit-fallthrough=3'; did you mean '-Wimplicit-fallthrough'? [-Wunknown-warning-option]
In file included from /home/yangheechan/FL-dataset-generation-opencv_features2d_TF_top30/work/opencv_features2d_TF_top30/working_env/faster15.swtv/core4/opencv_features2d_TF_top30/modules/features2d/src/kaze/fed.cpp:31:
In file included from /home/yangheechan/FL-dataset-generation-opencv_features2d_TF_top30/work/opencv_features2d_TF_top30/working_env/faster15.swtv/core4/opencv_features2d_TF_top30/modules/features2d/src/kaze/../precomp.hpp:50:
In file included from /home/yangheechan/FL-dataset-generation-opencv_features2d_TF_top30/work/opencv_features2d_TF_top30/working_env/faster15.swtv/core4/opencv_features2d_TF_top30/modules/core/include/opencv2/core/private.hpp:246:
In file included from /home/yangheechan/FL-dataset-generation-opencv_features2d_TF_top30/work/opencv_features2d_TF_top30/working_env/faster15.swtv/core4/opencv_features2d_TF_top30/build/3rdparty/ippicv/ippicv_lnx/iw/include/iw++/iw.hpp:17:
In file included from /home/yangheechan/FL-dataset-generation-opencv_features2d_TF_top30/work/opencv_features2d_TF_top30/working_env/faster15.swtv/core4/opencv_features2d_TF_top30/build/3rdparty/ippicv/ippicv_lnx/iw/include/iw++/iw_image_color.hpp:17:
/home/yangheechan/FL-dataset-generation-opencv_features2d_TF_top30/work/opencv_features2d_TF_top30/working_env/faster15.swtv/core4/opencv_features2d_TF_top30/build/3rdparty/ippicv/ippicv_lnx/iw/include/iw++/iw_image.hpp:1389:13: warning: 'operator const _IwiTileTransform *' overrides a member function but is not marked 'override' [-Wsuggest-override]
    virtual operator const ::IwiTileTransform*() const { return NULL; }
            ^
/home/yangheechan/FL-dataset-generation-opencv_features2d_TF_top30/work/opencv_features2d_TF_top30/working_env/faster15.swtv/core4/opencv_features2d_TF_top30/build/3rdparty/ippicv/ippicv_lnx/iw/include/iw++/iw_image.hpp:1362:13: note: overridden virtual function is here
    virtual operator const ::IwiTileTransform*() const { return &transformStruct; }
            ^
/home/yangheechan/FL-dataset-generation-opencv_features2d_TF_top30/work/opencv_features2d_TF_top30/working_env/faster15.swtv/core4/opencv_features2d_TF_top30/build/3rdparty/ippicv/ippicv_lnx/iw/include/iw++/iw_image.hpp:1391:19: warning: 'Clone' overrides a member function but is not marked 'override' [-Wsuggest-override]
    virtual void* Clone() const
                  ^
/home/yangheechan/FL-dataset-generation-opencv_features2d_TF_top30/work/opencv_features2d_TF_top30/working_env/faster15.swtv/core4/opencv_features2d_TF_top30/build/3rdparty/ippicv/ippicv_lnx/iw/include/iw++/iw_image.hpp:1359:19: note: overridden virtual function is here
    virtual void* Clone() const = 0;
                  ^
/home/yangheechan/FL-dataset-generation-opencv_features2d_TF_top30/work/opencv_features2d_TF_top30/working_env/faster15.swtv/core4/opencv_features2d_TF_top30/build/3rdparty/ippicv/ippicv_lnx/iw/include/iw++/iw_image.hpp:1398:17: warning: 'GetSrcRoi' overrides a member function but is not marked 'override' [-Wsuggest-override]
    virtual int GetSrcRoi(ipp::IwiRoi, ipp::IwiRoi&) const
                ^
/home/yangheechan/FL-dataset-generation-opencv_features2d_TF_top30/work/opencv_features2d_TF_top30/working_env/faster15.swtv/core4/opencv_features2d_TF_top30/build/3rdparty/ippicv/ippicv_lnx/iw/include/iw++/iw_image.hpp:1356:17: note: overridden virtual function is here
    virtual int GetSrcRoi(ipp::IwiRoi, ipp::IwiRoi&) const = 0;
                ^
4 warnings generated.
4 warnings generated.
warning: unknown warning option '-Wimplicit-fallthrough=3'; did you mean '-Wimplicit-fallthrough'? [-Wunknown-warning-option]
In file included from /home/yangheechan/FL-dataset-generation-opencv_features2d_TF_top30/work/opencv_features2d_TF_top30/working_env/faster15.swtv/core4/opencv_features2d_TF_top30/modules/features2d/src/mser.cpp:46:
In file included from /home/yangheechan/FL-dataset-generation-opencv_features2d_TF_top30/work/opencv_features2d_TF_top30/working_env/faster15.swtv/core4/opencv_features2d_TF_top30/modules/features2d/src/precomp.hpp:50:
In file included from /home/yangheechan/FL-dataset-generation-opencv_features2d_TF_top30/work/opencv_features2d_TF_top30/working_env/faster15.swtv/core4/opencv_features2d_TF_top30/modules/core/include/opencv2/core/private.hpp:246:
In file included from /home/yangheechan/FL-dataset-generation-opencv_features2d_TF_top30/work/opencv_features2d_TF_top30/working_env/faster15.swtv/core4/opencv_features2d_TF_top30/build/3rdparty/ippicv/ippicv_lnx/iw/include/iw++/iw.hpp:17:
In file included from /home/yangheechan/FL-dataset-generation-opencv_features2d_TF_top30/work/opencv_features2d_TF_top30/working_env/faster15.swtv/core4/opencv_features2d_TF_top30/build/3rdparty/ippicv/ippicv_lnx/iw/include/iw++/iw_image_color.hpp:17:
/home/yangheechan/FL-dataset-generation-opencv_features2d_TF_top30/work/opencv_features2d_TF_top30/working_env/faster15.swtv/core4/opencv_features2d_TF_top30/build/3rdparty/ippicv/ippicv_lnx/iw/include/iw++/iw_image.hpp:1389:13: warning: 'operator const _IwiTileTransform *' overrides a member function but is not marked 'override' [-Wsuggest-override]
    virtual operator const ::IwiTileTransform*() const { return NULL; }
            ^
/home/yangheechan/FL-dataset-generation-opencv_features2d_TF_top30/work/opencv_features2d_TF_top30/working_env/faster15.swtv/core4/opencv_features2d_TF_top30/build/3rdparty/ippicv/ippicv_lnx/iw/include/iw++/iw_image.hpp:1362:13: note: overridden virtual function is here
    virtual operator const ::IwiTileTransform*() const { return &transformStruct; }
            ^
/home/yangheechan/FL-dataset-generation-opencv_features2d_TF_top30/work/opencv_features2d_TF_top30/working_env/faster15.swtv/core4/opencv_features2d_TF_top30/build/3rdparty/ippicv/ippicv_lnx/iw/include/iw++/iw_image.hpp:1391:19: warning: 'Clone' overrides a member function but is not marked 'override' [-Wsuggest-override]
    virtual void* Clone() const
                  ^
/home/yangheechan/FL-dataset-generation-opencv_features2d_TF_top30/work/opencv_features2d_TF_top30/working_env/faster15.swtv/core4/opencv_features2d_TF_top30/build/3rdparty/ippicv/ippicv_lnx/iw/include/iw++/iw_image.hpp:1359:19: note: overridden virtual function is here
    virtual void* Clone() const = 0;
                  ^
/home/yangheechan/FL-dataset-generation-opencv_features2d_TF_top30/work/opencv_features2d_TF_top30/working_env/faster15.swtv/core4/opencv_features2d_TF_top30/build/3rdparty/ippicv/ippicv_lnx/iw/include/iw++/iw_image.hpp:1398:17: warning: 'GetSrcRoi' overrides a member function but is not marked 'override' [-Wsuggest-override]
    virtual int GetSrcRoi(ipp::IwiRoi, ipp::IwiRoi&) const
                ^
/home/yangheechan/FL-dataset-generation-opencv_features2d_TF_top30/work/opencv_features2d_TF_top30/working_env/faster15.swtv/core4/opencv_features2d_TF_top30/build/3rdparty/ippicv/ippicv_lnx/iw/include/iw++/iw_image.hpp:1356:17: note: overridden virtual function is here
    virtual int GetSrcRoi(ipp::IwiRoi, ipp::IwiRoi&) const = 0;
                ^
warning: unknown warning option '-Wimplicit-fallthrough=3'; did you mean '-Wimplicit-fallthrough'? [-Wunknown-warning-option]
In file included from /home/yangheechan/FL-dataset-generation-opencv_features2d_TF_top30/work/opencv_features2d_TF_top30/working_env/faster15.swtv/core4/opencv_features2d_TF_top30/modules/features2d/src/mser.cpp:46:
In file included from /home/yangheechan/FL-dataset-generation-opencv_features2d_TF_top30/work/opencv_features2d_TF_top30/working_env/faster15.swtv/core4/opencv_features2d_TF_top30/modules/features2d/src/precomp.hpp:50:
In file included from /home/yangheechan/FL-dataset-generation-opencv_features2d_TF_top30/work/opencv_features2d_TF_top30/working_env/faster15.swtv/core4/opencv_features2d_TF_top30/modules/core/include/opencv2/core/private.hpp:246:
In file included from /home/yangheechan/FL-dataset-generation-opencv_features2d_TF_top30/work/opencv_features2d_TF_top30/working_env/faster15.swtv/core4/opencv_features2d_TF_top30/build/3rdparty/ippicv/ippicv_lnx/iw/include/iw++/iw.hpp:17:
In file included from /home/yangheechan/FL-dataset-generation-opencv_features2d_TF_top30/work/opencv_features2d_TF_top30/working_env/faster15.swtv/core4/opencv_features2d_TF_top30/build/3rdparty/ippicv/ippicv_lnx/iw/include/iw++/iw_image_color.hpp:17:
/home/yangheechan/FL-dataset-generation-opencv_features2d_TF_top30/work/opencv_features2d_TF_top30/working_env/faster15.swtv/core4/opencv_features2d_TF_top30/build/3rdparty/ippicv/ippicv_lnx/iw/include/iw++/iw_image.hpp:1389:13: warning: 'operator const _IwiTileTransform *' overrides a member function but is not marked 'override' [-Wsuggest-override]
    virtual operator const ::IwiTileTransform*() const { return NULL; }
            ^
/home/yangheechan/FL-dataset-generation-opencv_features2d_TF_top30/work/opencv_features2d_TF_top30/working_env/faster15.swtv/core4/opencv_features2d_TF_top30/build/3rdparty/ippicv/ippicv_lnx/iw/include/iw++/iw_image.hpp:1362:13: note: overridden virtual function is here
    virtual operator const ::IwiTileTransform*() const { return &transformStruct; }
            ^
/home/yangheechan/FL-dataset-generation-opencv_features2d_TF_top30/work/opencv_features2d_TF_top30/working_env/faster15.swtv/core4/opencv_features2d_TF_top30/build/3rdparty/ippicv/ippicv_lnx/iw/include/iw++/iw_image.hpp:1391:19: warning: 'Clone' overrides a member function but is not marked 'override' [-Wsuggest-override]
    virtual void* Clone() const
                  ^
/home/yangheechan/FL-dataset-generation-opencv_features2d_TF_top30/work/opencv_features2d_TF_top30/working_env/faster15.swtv/core4/opencv_features2d_TF_top30/build/3rdparty/ippicv/ippicv_lnx/iw/include/iw++/iw_image.hpp:1359:19: note: overridden virtual function is here
    virtual void* Clone() const = 0;
                  ^
/home/yangheechan/FL-dataset-generation-opencv_features2d_TF_top30/work/opencv_features2d_TF_top30/working_env/faster15.swtv/core4/opencv_features2d_TF_top30/build/3rdparty/ippicv/ippicv_lnx/iw/include/iw++/iw_image.hpp:1398:17: warning: 'GetSrcRoi' overrides a member function but is not marked 'override' [-Wsuggest-override]
    virtual int GetSrcRoi(ipp::IwiRoi, ipp::IwiRoi&) const
                ^
/home/yangheechan/FL-dataset-generation-opencv_features2d_TF_top30/work/opencv_features2d_TF_top30/working_env/faster15.swtv/core4/opencv_features2d_TF_top30/build/3rdparty/ippicv/ippicv_lnx/iw/include/iw++/iw_image.hpp:1356:17: note: overridden virtual function is here
    virtual int GetSrcRoi(ipp::IwiRoi, ipp::IwiRoi&) const = 0;
                ^
4 warnings generated.
4 warnings generated.
