
+++++ results for mser.MUT1450.cpp +++++
+++++ STDOUT +++++
done with option i: 545 557 559 560 564 565 572 573 574 579 580 581 592 595 527 529 536 537 607 608 609 610 612 613 614 615 617 618 619 621 629 630 597 600 601 602 641 644 645 648 649 650 651 653 655 656 657 663 665 666 635 638 639 728 681 683 684 685 688 689 690 692 698 699 700 713 724 726 675 676 679 1812 905 81 83 465 469 927 930 926 932 933 993 998 957 959 974 877 2190 2311 2392 126 353 360 368 396 401 454 457 463 935 702 704 706 878 1645 1750 1752 2292 2300 2301 2272 2320 2312 2308 901 1332 2053 2054 2055 2057 2058 2036 2041 2043 2045 2046 2047 2064 2091 2093 2098 2102 2105 2106 2111 2115 2117 2123 2068 2069 2072 2078 2082 2089 2145 2147 2149 2154 2155 2161 2162 2169 2171 2172 2174 2176 2126 2129 2132 2133 2140 2143 2186 2183 99 101 105 129 130 345 351 356 361 363 120 124 132 128 252 347 350 358 359 372 113 116 118 119 388 398 406 412 408 416 418 428 430 432 433 437 444 448 449 450 451 453 456 386 391 393 394 480 482 483 485 490 496 497 499 502 470 471 474 546 538 1801 1803 1804 1807 1809 1817 1818 1820 1826 2376 1827 1828 1829 1831 1832 1833 1836 1839 1840 1842 1844 1845 1849 1850 1854 1856 1859 1861 1864 1866 1869 1871 1876 1877 1879 1881 1885 1887 1888 1889 1895 1897 1899 1901 1955 1958 1962 1972 1979 1981 1993 2001 2008 2014 2018 2023 2030 2031 2033 2034 2035 2037 2050 2062 2071 2075 2076 2083 2095 2108 2344 2114 2135 2139 2389 2396 2406 2415 2418 2425 2181 2142 2148 2160 2175 2179 2192 2193 2195 2196 2199 2213 2219 2226 2228 2235 2241 2242 1421 1370 1380 1052 1243 1247 1297 1262 1383 1415 1966 1987 2029 1830 2299 2302 1479 1510 1547 1584 1632 968 2038 2061 2065 2120 2124 897 1439 407 857 112 123 370 378 460 484 521 526 556 596 628 631 637 668 674 697 735 2375 379 1834 71 1291 902 2166 2168 2177 911 373 375 475 534 603 640 1810 718 107 936 940 626 348 1004 1083 1267 1389 1464 1518 1610 1931 2191 1922 1941 2153 947 459 73 870 872 632 1381 1643 2184 2185 91 503 506 508 511 512 513 515 519 520 467 76 78 86 88 93 96 98 103 114 117 122 125 237 247 371 380 381 382 385 389 395 464 922 2370 907 908 909 918 921 943 962 977 981 984 992 999 1001 1002 969 953 955 1436 2032 2365 861 
done with option o: /home/yangheechan/FL-dataset-generation-opencv_features2d_TF_top30/out/opencv_features2d_TF_top30/generated_mutants-mbfl-trial1/mser.MUT1450.cpp/opencv_features2d_TF_top30-opencv_features2d_TF_top30--modules--features2d--src--brisk.cpp/
done with option l: 5
added ARGARINEG
added ARGBITNEG
added ARGDEL
added ARGINCDEC
added ARGLOGNEG
added ARGREPREQ
added ARGSTCALI
added ARGSTCDIF
added CGCR
added CGSR
added CLCR
added CLSR
added CRCR
added DIRVARARINEG
added DIRVARBITNEG
added DIRVARINCDEC
added DIRVARLOGNEG
added DIRVARREPCON
added DIRVARREPEXT
added DIRVARREPGLO
added DIRVARREPLOC
added DIRVARREPPAR
added DIRVARREPREQ
added FUNCALDEL
added INDVARARINEG
added INDVARBITNEG
added INDVARINCDEC
added INDVARLOGNEG
added INDVARREPCON
added INDVARREPEXT
added INDVARREPGLO
added INDVARREPLOC
added INDVARREPPAR
added INDVARREPREQ
added OAAA
added OAAN
added OABA
added OABN
added OAEA
added OALN
added OARN
added OASA
added OASN
added OBAA
added OBAN
added OBBA
added OBBN
added OBEA
added OBLN
added OBNG
added OBRN
added OBSA
added OBSN
added OCOR
added OEAA
added OEBA
added OESA
added OIPM
added OLAN
added OLBN
added OLLN
added OLNG
added OLRN
added OLSN
added OMMO
added OPPO
added ORAN
added ORBN
added ORLN
added ORRN
added ORSN
added OSAA
added OSAN
added OSBA
added OSBN
added OSEA
added OSLN
added OSRN
added OSSA
added OSSN
added SSOM
added VASM
added VDTR
added VGAR
added VGPR
added VGSR
added VGTR
added VLAR
added VLPR
added VLSR
added VLTR
added VSCR
added VTWD
done with option m
disabling DirVarAriNeg,DirVarBitNeg,DirVarLogNeg,DirVarIncDec,DirVarRepReq,DirVarRepCon,DirVarRepPar,DirVarRepGlo,DirVarRepExt,DirVarRepLoc,IndVarAriNeg,IndVarBitNeg,IndVarLogNeg,IndVarIncDec,IndVarRepReq,IndVarRepCon,IndVarRepPar,IndVarRepGlo,IndVarRepExt,IndVarRepLoc,STRI
g_inputfile_name = brisk.cpp
g_mutdbfile_name = /home/yangheechan/FL-dataset-generation-opencv_features2d_TF_top30/out/opencv_features2d_TF_top30/generated_mutants-mbfl-trial1/mser.MUT1450.cpp/opencv_features2d_TF_top30-opencv_features2d_TF_top30--modules--features2d--src--brisk.cpp/brisk_mut_db.csv
executing action from GatherDataAction
Done GatherDataAction
0
brisk.cpp
(1 : 1)
(2434 : 1)
executing action from GenerateMutantAction
done execute action
opened file name /home/yangheechan/FL-dataset-generation-opencv_features2d_TF_top30/out/opencv_features2d_TF_top30/generated_mutants-mbfl-trial1/mser.MUT1450.cpp/opencv_features2d_TF_top30-opencv_features2d_TF_top30--modules--features2d--src--brisk.cpp/brisk_mut_db.csv
ArgAriNeg 31
ArgBitNeg 18
ArgDel 40
ArgIncDec 63
ArgLogNeg 31
ArgRepReq 138
ArgStcAli 11
ArgStcDif 20
CGCR 176
CGSR 262
CLCR 170
CLSR 244
CRCR 345
CovAllEdg 26
CovAllNod 93
DirVarAriNeg 0
DirVarBitNeg 0
DirVarIncDec 0
DirVarLogNeg 0
DirVarRepCon 0
DirVarRepExt 0
DirVarRepGlo 0
DirVarRepLoc 0
DirVarRepPar 0
DirVarRepReq 0
FunCalDel 86
IndVarAriNeg 0
IndVarBitNeg 0
IndVarIncDec 0
IndVarLogNeg 0
IndVarRepCon 0
IndVarRepExt 0
IndVarRepGlo 0
IndVarRepLoc 0
IndVarRepPar 0
IndVarRepReq 0
OAAA 18
OAAN 112
OABA 4
OABN 49
OAEA 7
OALN 94
OARN 138
OASA 7
OASN 51
OBAA 0
OBAN 1
OBBA 0
OBBN 0
OBEA 0
OBLN 0
OBNG 0
OBRN 1
OBSA 0
OBSN 0
OCNG 10
OCOR 37
OEAA 100
OEBA 27
OESA 20
OIPM 0
OLAN 6
OLBN 4
OLLN 1
OLNG 0
OLRN 6
OLSN 0
OMMO 2
OPPO 16
ORAN 50
ORBN 17
ORLN 34
ORRN 52
ORSN 12
OSAA 0
OSAN 3
OSBA 0
OSBN 4
OSEA 0
OSLN 1
OSRN 2
OSSA 0
OSSN 0
RetStaDel 12
SBRC 0
SBRN 0
SCRB 1
SCRN 0
SDWD 0
SGLR 0
SMTC 1
SMTT 0
SMVB 0
SRSR 73
SSDL 85
SSOM 0
SSWM 0
STRI 0
STRP 82
SWDD 0
VASM 0
VDTR 278
VGAR 0
VGPR 0
VGSR 304
VGTR 0
VLAR 1
VLPR 17
VLSR 340
VLTR 0
VSCR 67
VTWD 209
Done tooling on /home/yangheechan/FL-dataset-generation-opencv_features2d_TF_top30/work/opencv_features2d_TF_top30/working_env/faster29.swtv/core7/opencv_features2d_TF_top30/modules/features2d/src/brisk.cpp
done with option i: 76 92 122 135 141 144 168 180 61 67 78 98 79 
done with option o: /home/yangheechan/FL-dataset-generation-opencv_features2d_TF_top30/out/opencv_features2d_TF_top30/generated_mutants-mbfl-trial1/mser.MUT1450.cpp/opencv_features2d_TF_top30-opencv_features2d_TF_top30--modules--features2d--src--fast.avx2.cpp/
done with option l: 5
added ARGARINEG
added ARGBITNEG
added ARGDEL
added ARGINCDEC
added ARGLOGNEG
added ARGREPREQ
added ARGSTCALI
added ARGSTCDIF
added CGCR
added CGSR
added CLCR
added CLSR
added CRCR
added DIRVARARINEG
added DIRVARBITNEG
added DIRVARINCDEC
added DIRVARLOGNEG
added DIRVARREPCON
added DIRVARREPEXT
added DIRVARREPGLO
added DIRVARREPLOC
added DIRVARREPPAR
added DIRVARREPREQ
added FUNCALDEL
added INDVARARINEG
added INDVARBITNEG
added INDVARINCDEC
added INDVARLOGNEG
added INDVARREPCON
added INDVARREPEXT
added INDVARREPGLO
added INDVARREPLOC
added INDVARREPPAR
added INDVARREPREQ
added OAAA
added OAAN
added OABA
added OABN
added OAEA
added OALN
added OARN
added OASA
added OASN
added OBAA
added OBAN
added OBBA
added OBBN
added OBEA
added OBLN
added OBNG
added OBRN
added OBSA
added OBSN
added OCOR
added OEAA
added OEBA
added OESA
added OIPM
added OLAN
added OLBN
added OLLN
added OLNG
added OLRN
added OLSN
added OMMO
added OPPO
added ORAN
added ORBN
added ORLN
added ORRN
added ORSN
added OSAA
added OSAN
added OSBA
added OSBN
added OSEA
added OSLN
added OSRN
added OSSA
added OSSN
added SSOM
added VASM
added VDTR
added VGAR
added VGPR
added VGSR
added VGTR
added VLAR
added VLPR
added VLSR
added VLTR
added VSCR
added VTWD
done with option m
disabling DirVarAriNeg,DirVarBitNeg,DirVarLogNeg,DirVarIncDec,DirVarRepReq,DirVarRepCon,DirVarRepPar,DirVarRepGlo,DirVarRepExt,DirVarRepLoc,IndVarAriNeg,IndVarBitNeg,IndVarLogNeg,IndVarIncDec,IndVarRepReq,IndVarRepCon,IndVarRepPar,IndVarRepGlo,IndVarRepExt,IndVarRepLoc,STRI
g_inputfile_name = fast.avx2.cpp
g_mutdbfile_name = /home/yangheechan/FL-dataset-generation-opencv_features2d_TF_top30/out/opencv_features2d_TF_top30/generated_mutants-mbfl-trial1/mser.MUT1450.cpp/opencv_features2d_TF_top30-opencv_features2d_TF_top30--modules--features2d--src--fast.avx2.cpp/fast.avx2_mut_db.csv
executing action from GatherDataAction
Done GatherDataAction
0
fast.avx2.cpp
(1 : 1)
(185 : 1)
executing action from GenerateMutantAction
done execute action
opened file name /home/yangheechan/FL-dataset-generation-opencv_features2d_TF_top30/out/opencv_features2d_TF_top30/generated_mutants-mbfl-trial1/mser.MUT1450.cpp/opencv_features2d_TF_top30-opencv_features2d_TF_top30--modules--features2d--src--fast.avx2.cpp/fast.avx2_mut_db.csv
ArgAriNeg 1
ArgBitNeg 0
ArgDel 4
ArgIncDec 3
ArgLogNeg 3
ArgRepReq 8
ArgStcAli 1
ArgStcDif 1
CGCR 0
CGSR 0
CLCR 17
CLSR 3
CRCR 11
CovAllEdg 0
CovAllNod 2
DirVarAriNeg 0
DirVarBitNeg 0
DirVarIncDec 0
DirVarLogNeg 0
DirVarRepCon 0
DirVarRepExt 0
DirVarRepGlo 0
DirVarRepLoc 0
DirVarRepPar 0
DirVarRepReq 0
FunCalDel 8
IndVarAriNeg 0
IndVarBitNeg 0
IndVarIncDec 0
IndVarLogNeg 0
IndVarRepCon 0
IndVarRepExt 0
IndVarRepGlo 0
IndVarRepLoc 0
IndVarRepPar 0
IndVarRepReq 0
OAAA 1
OAAN 9
OABA 0
OABN 0
OAEA 1
OALN 0
OARN 1
OASA 0
OASN 0
OBAA 0
OBAN 0
OBBA 0
OBBN 0
OBEA 0
OBLN 0
OBNG 0
OBRN 0
OBSA 0
OBSN 0
OCNG 0
OCOR 0
OEAA 2
OEBA 0
OESA 3
OIPM 0
OLAN 0
OLBN 0
OLLN 0
OLNG 0
OLRN 0
OLSN 0
OMMO 0
OPPO 0
ORAN 3
ORBN 0
ORLN 0
ORRN 1
ORSN 1
OSAA 0
OSAN 0
OSBA 0
OSBN 0
OSEA 0
OSLN 0
OSRN 0
OSSA 0
OSSN 0
RetStaDel 0
SBRC 0
SBRN 0
SCRB 0
SCRN 0
SDWD 0
SGLR 0
SMTC 0
SMTT 0
SMVB 1
SRSR 0
SSDL 3
SSOM 0
SSWM 0
STRI 0
STRP 3
SWDD 0
VASM 0
VDTR 11
VGAR 0
VGPR 0
VGSR 0
VGTR 0
VLAR 0
VLPR 0
VLSR 7
VLTR 4
VSCR 1
VTWD 6
Done tooling on /home/yangheechan/FL-dataset-generation-opencv_features2d_TF_top30/work/opencv_features2d_TF_top30/working_env/faster29.swtv/core7/opencv_features2d_TF_top30/modules/features2d/src/fast.avx2.cpp
done with option i: 576 578 579 582 583 584 610 611 616 617 629 631 552 557 559 561 551 87 179 94 101 105 109 120 129 144 155 173 176 184 202 205 208 213 223 225 227 245 251 256 269 274 275 276 281 285 292 444 498 514 520 521 539 550 554 556 565 574 580 613 614 71 78 558 626 496 503 575 545 
done with option o: /home/yangheechan/FL-dataset-generation-opencv_features2d_TF_top30/out/opencv_features2d_TF_top30/generated_mutants-mbfl-trial1/mser.MUT1450.cpp/opencv_features2d_TF_top30-opencv_features2d_TF_top30--modules--features2d--src--fast.cpp/
done with option l: 5
added ARGARINEG
added ARGBITNEG
added ARGDEL
added ARGINCDEC
added ARGLOGNEG
added ARGREPREQ
added ARGSTCALI
added ARGSTCDIF
added CGCR
added CGSR
added CLCR
added CLSR
added CRCR
added DIRVARARINEG
added DIRVARBITNEG
added DIRVARINCDEC
added DIRVARLOGNEG
added DIRVARREPCON
added DIRVARREPEXT
added DIRVARREPGLO
added DIRVARREPLOC
added DIRVARREPPAR
added DIRVARREPREQ
added FUNCALDEL
added INDVARARINEG
added INDVARBITNEG
added INDVARINCDEC
added INDVARLOGNEG
added INDVARREPCON
added INDVARREPEXT
added INDVARREPGLO
added INDVARREPLOC
added INDVARREPPAR
added INDVARREPREQ
added OAAA
added OAAN
added OABA
added OABN
added OAEA
added OALN
added OARN
added OASA
added OASN
added OBAA
added OBAN
added OBBA
added OBBN
added OBEA
added OBLN
added OBNG
added OBRN
added OBSA
added OBSN
added OCOR
added OEAA
added OEBA
added OESA
added OIPM
added OLAN
added OLBN
added OLLN
added OLNG
added OLRN
added OLSN
added OMMO
added OPPO
added ORAN
added ORBN
added ORLN
added ORRN
added ORSN
added OSAA
added OSAN
added OSBA
added OSBN
added OSEA
added OSLN
added OSRN
added OSSA
added OSSN
added SSOM
added VASM
added VDTR
added VGAR
added VGPR
added VGSR
added VGTR
added VLAR
added VLPR
added VLSR
added VLTR
added VSCR
added VTWD
done with option m
disabling DirVarAriNeg,DirVarBitNeg,DirVarLogNeg,DirVarIncDec,DirVarRepReq,DirVarRepCon,DirVarRepPar,DirVarRepGlo,DirVarRepExt,DirVarRepLoc,IndVarAriNeg,IndVarBitNeg,IndVarLogNeg,IndVarIncDec,IndVarRepReq,IndVarRepCon,IndVarRepPar,IndVarRepGlo,IndVarRepExt,IndVarRepLoc,STRI
g_inputfile_name = fast.cpp
g_mutdbfile_name = /home/yangheechan/FL-dataset-generation-opencv_features2d_TF_top30/out/opencv_features2d_TF_top30/generated_mutants-mbfl-trial1/mser.MUT1450.cpp/opencv_features2d_TF_top30-opencv_features2d_TF_top30--modules--features2d--src--fast.cpp/fast_mut_db.csv
executing action from GatherDataAction
Done GatherDataAction
0
fast.cpp
(1 : 1)
(635 : 1)
executing action from GenerateMutantAction
done execute action
opened file name /home/yangheechan/FL-dataset-generation-opencv_features2d_TF_top30/out/opencv_features2d_TF_top30/generated_mutants-mbfl-trial1/mser.MUT1450.cpp/opencv_features2d_TF_top30-opencv_features2d_TF_top30--modules--features2d--src--fast.cpp/fast_mut_db.csv
ArgAriNeg 4
ArgBitNeg 3
ArgDel 7
ArgIncDec 8
ArgLogNeg 10
ArgRepReq 44
ArgStcAli 2
ArgStcDif 14
CGCR 0
CGSR 0
CLCR 36
CLSR 32
CRCR 50
CovAllEdg 12
CovAllNod 19
DirVarAriNeg 0
DirVarBitNeg 0
DirVarIncDec 0
DirVarLogNeg 0
DirVarRepCon 0
DirVarRepExt 0
DirVarRepGlo 0
DirVarRepLoc 0
DirVarRepPar 0
DirVarRepReq 0
FunCalDel 19
IndVarAriNeg 0
IndVarBitNeg 0
IndVarIncDec 0
IndVarLogNeg 0
IndVarRepCon 0
IndVarRepExt 0
IndVarRepGlo 0
IndVarRepLoc 0
IndVarRepPar 0
IndVarRepReq 0
OAAA 0
OAAN 7
OABA 0
OABN 2
OAEA 0
OALN 6
OARN 7
OASA 0
OASN 2
OBAA 0
OBAN 4
OBBA 1
OBBN 2
OBEA 0
OBLN 3
OBNG 0
OBRN 8
OBSA 0
OBSN 1
OCNG 8
OCOR 0
OEAA 13
OEBA 9
OESA 5
OIPM 0
OLAN 0
OLBN 1
OLLN 0
OLNG 0
OLRN 0
OLSN 0
OMMO 0
OPPO 3
ORAN 10
ORBN 4
ORLN 7
ORRN 5
ORSN 3
OSAA 0
OSAN 0
OSBA 0
OSBN 0
OSEA 0
OSLN 0
OSRN 0
OSSA 0
OSSN 0
RetStaDel 4
SBRC 0
SBRN 0
SCRB 0
SCRN 0
SDWD 0
SGLR 0
SMTC 0
SMTT 0
SMVB 0
SRSR 2
SSDL 16
SSOM 0
SSWM 0
STRI 0
STRP 15
SWDD 0
VASM 0
VDTR 43
VGAR 0
VGPR 0
VGSR 0
VGTR 0
VLAR 0
VLPR 4
VLSR 38
VLTR 4
VSCR 18
VTWD 25
Done tooling on /home/yangheechan/FL-dataset-generation-opencv_features2d_TF_top30/work/opencv_features2d_TF_top30/working_env/faster29.swtv/core7/opencv_features2d_TF_top30/modules/features2d/src/fast.cpp
done with option i: 50 77 79 120 123 126 132 134 135 144 153 156 164 209 218 219 221 222 231 235 238 241 244 247 250 298 301 303 327 363 74 78 81 125 138 141 147 150 159 213 216 229 232 255 294 304 80 
done with option o: /home/yangheechan/FL-dataset-generation-opencv_features2d_TF_top30/out/opencv_features2d_TF_top30/generated_mutants-mbfl-trial1/mser.MUT1450.cpp/opencv_features2d_TF_top30-opencv_features2d_TF_top30--modules--features2d--src--fast_score.cpp/
done with option l: 5
added ARGARINEG
added ARGBITNEG
added ARGDEL
added ARGINCDEC
added ARGLOGNEG
added ARGREPREQ
added ARGSTCALI
added ARGSTCDIF
added CGCR
added CGSR
added CLCR
added CLSR
added CRCR
added DIRVARARINEG
added DIRVARBITNEG
added DIRVARINCDEC
added DIRVARLOGNEG
added DIRVARREPCON
added DIRVARREPEXT
added DIRVARREPGLO
added DIRVARREPLOC
added DIRVARREPPAR
added DIRVARREPREQ
added FUNCALDEL
added INDVARARINEG
added INDVARBITNEG
added INDVARINCDEC
added INDVARLOGNEG
added INDVARREPCON
added INDVARREPEXT
added INDVARREPGLO
added INDVARREPLOC
added INDVARREPPAR
added INDVARREPREQ
added OAAA
added OAAN
added OABA
added OABN
added OAEA
added OALN
added OARN
added OASA
added OASN
added OBAA
added OBAN
added OBBA
added OBBN
added OBEA
added OBLN
added OBNG
added OBRN
added OBSA
added OBSN
added OCOR
added OEAA
added OEBA
added OESA
added OIPM
added OLAN
added OLBN
added OLLN
added OLNG
added OLRN
added OLSN
added OMMO
added OPPO
added ORAN
added ORBN
added ORLN
added ORRN
added ORSN
added OSAA
added OSAN
added OSBA
added OSBN
added OSEA
added OSLN
added OSRN
added OSSA
added OSSN
added SSOM
added VASM
added VDTR
added VGAR
added VGPR
added VGSR
added VGTR
added VLAR
added VLPR
added VLSR
added VLTR
added VSCR
added VTWD
done with option m
disabling DirVarAriNeg,DirVarBitNeg,DirVarLogNeg,DirVarIncDec,DirVarRepReq,DirVarRepCon,DirVarRepPar,DirVarRepGlo,DirVarRepExt,DirVarRepLoc,IndVarAriNeg,IndVarBitNeg,IndVarLogNeg,IndVarIncDec,IndVarRepReq,IndVarRepCon,IndVarRepPar,IndVarRepGlo,IndVarRepExt,IndVarRepLoc,STRI
g_inputfile_name = fast_score.cpp
g_mutdbfile_name = /home/yangheechan/FL-dataset-generation-opencv_features2d_TF_top30/out/opencv_features2d_TF_top30/generated_mutants-mbfl-trial1/mser.MUT1450.cpp/opencv_features2d_TF_top30-opencv_features2d_TF_top30--modules--features2d--src--fast_score.cpp/fast_score_mut_db.csv
executing action from GatherDataAction
Done GatherDataAction
0
fast_score.cpp
(1 : 1)
(367 : 1)
executing action from GenerateMutantAction
done execute action
opened file name /home/yangheechan/FL-dataset-generation-opencv_features2d_TF_top30/out/opencv_features2d_TF_top30/generated_mutants-mbfl-trial1/mser.MUT1450.cpp/opencv_features2d_TF_top30-opencv_features2d_TF_top30--modules--features2d--src--fast_score.cpp/fast_score_mut_db.csv
ArgAriNeg 0
ArgBitNeg 0
ArgDel 3
ArgIncDec 6
ArgLogNeg 4
ArgRepReq 17
ArgStcAli 3
ArgStcDif 0
CGCR 0
CGSR 0
CLCR 47
CLSR 43
CRCR 39
CovAllEdg 5
CovAllNod 10
DirVarAriNeg 0
DirVarBitNeg 0
DirVarIncDec 0
DirVarLogNeg 0
DirVarRepCon 0
DirVarRepExt 0
DirVarRepGlo 0
DirVarRepLoc 0
DirVarRepPar 0
DirVarRepReq 0
FunCalDel 0
IndVarAriNeg 0
IndVarBitNeg 0
IndVarIncDec 0
IndVarLogNeg 0
IndVarRepCon 0
IndVarRepExt 0
IndVarRepGlo 0
IndVarRepLoc 0
IndVarRepPar 0
IndVarRepReq 0
OAAA 2
OAAN 29
OABA 0
OABN 7
OAEA 2
OALN 4
OARN 9
OASA 1
OASN 2
OBAA 0
OBAN 0
OBBA 0
OBBN 0
OBEA 0
OBLN 0
OBNG 0
OBRN 0
OBSA 0
OBSN 0
OCNG 2
OCOR 4
OEAA 15
OEBA 8
OESA 4
OIPM 0
OLAN 0
OLBN 0
OLLN 0
OLNG 0
OLRN 0
OLSN 0
OMMO 0
OPPO 2
ORAN 10
ORBN 4
ORLN 1
ORRN 6
ORSN 2
OSAA 0
OSAN 0
OSBA 0
OSBN 0
OSEA 0
OSLN 0
OSRN 0
OSSA 0
OSSN 0
RetStaDel 3
SBRC 0
SBRN 0
SCRB 0
SCRN 0
SDWD 0
SGLR 0
SMTC 0
SMTT 0
SMVB 0
SRSR 5
SSDL 6
SSOM 0
SSWM 0
STRI 0
STRP 9
SWDD 0
VASM 0
VDTR 31
VGAR 0
VGPR 0
VGSR 0
VGTR 0
VLAR 0
VLPR 0
VLSR 38
VLTR 21
VSCR 0
VTWD 26
Done tooling on /home/yangheechan/FL-dataset-generation-opencv_features2d_TF_top30/work/opencv_features2d_TF_top30/working_env/faster29.swtv/core7/opencv_features2d_TF_top30/modules/features2d/src/fast_score.cpp
done with option i: 50 75 76 95 100 105 108 112 130 133 138 139 143 153 167 170 173 178 181 187 123 53 69 79 107 113 116 117 120 136 145 149 182 190 164 119 
done with option o: /home/yangheechan/FL-dataset-generation-opencv_features2d_TF_top30/out/opencv_features2d_TF_top30/generated_mutants-mbfl-trial1/mser.MUT1450.cpp/opencv_features2d_TF_top30-opencv_features2d_TF_top30--modules--features2d--src--kaze--fed.cpp/
done with option l: 5
added ARGARINEG
added ARGBITNEG
added ARGDEL
added ARGINCDEC
added ARGLOGNEG
added ARGREPREQ
added ARGSTCALI
added ARGSTCDIF
added CGCR
added CGSR
added CLCR
added CLSR
added CRCR
added DIRVARARINEG
added DIRVARBITNEG
added DIRVARINCDEC
added DIRVARLOGNEG
added DIRVARREPCON
added DIRVARREPEXT
added DIRVARREPGLO
added DIRVARREPLOC
added DIRVARREPPAR
added DIRVARREPREQ
added FUNCALDEL
added INDVARARINEG
added INDVARBITNEG
added INDVARINCDEC
added INDVARLOGNEG
added INDVARREPCON
added INDVARREPEXT
added INDVARREPGLO
added INDVARREPLOC
added INDVARREPPAR
added INDVARREPREQ
added OAAA
added OAAN
added OABA
added OABN
added OAEA
added OALN
added OARN
added OASA
added OASN
added OBAA
added OBAN
added OBBA
added OBBN
added OBEA
added OBLN
added OBNG
added OBRN
added OBSA
added OBSN
added OCOR
added OEAA
added OEBA
added OESA
added OIPM
added OLAN
added OLBN
added OLLN
added OLNG
added OLRN
added OLSN
added OMMO
added OPPO
added ORAN
added ORBN
added ORLN
added ORRN
added ORSN
added OSAA
added OSAN
added OSBA
added OSBN
added OSEA
added OSLN
added OSRN
added OSSA
added OSSN
added SSOM
added VASM
added VDTR
added VGAR
added VGPR
added VGSR
added VGTR
added VLAR
added VLPR
added VLSR
added VLTR
added VSCR
added VTWD
done with option m
disabling DirVarAriNeg,DirVarBitNeg,DirVarLogNeg,DirVarIncDec,DirVarRepReq,DirVarRepCon,DirVarRepPar,DirVarRepGlo,DirVarRepExt,DirVarRepLoc,IndVarAriNeg,IndVarBitNeg,IndVarLogNeg,IndVarIncDec,IndVarRepReq,IndVarRepCon,IndVarRepPar,IndVarRepGlo,IndVarRepExt,IndVarRepLoc,STRI
g_inputfile_name = fed.cpp
g_mutdbfile_name = /home/yangheechan/FL-dataset-generation-opencv_features2d_TF_top30/out/opencv_features2d_TF_top30/generated_mutants-mbfl-trial1/mser.MUT1450.cpp/opencv_features2d_TF_top30-opencv_features2d_TF_top30--modules--features2d--src--kaze--fed.cpp/fed_mut_db.csv
executing action from GatherDataAction
Done GatherDataAction
0
fed.cpp
(1 : 1)
(193 : 1)
executing action from GenerateMutantAction
done execute action
opened file name /home/yangheechan/FL-dataset-generation-opencv_features2d_TF_top30/out/opencv_features2d_TF_top30/generated_mutants-mbfl-trial1/mser.MUT1450.cpp/opencv_features2d_TF_top30-opencv_features2d_TF_top30--modules--features2d--src--kaze--fed.cpp/fed_mut_db.csv
ArgAriNeg 4
ArgBitNeg 2
ArgDel 2
ArgIncDec 1
ArgLogNeg 2
ArgRepReq 9
ArgStcAli 0
ArgStcDif 0
CGCR 0
CGSR 0
CLCR 11
CLSR 34
CRCR 35
CovAllEdg 4
CovAllNod 7
DirVarAriNeg 0
DirVarBitNeg 0
DirVarIncDec 0
DirVarLogNeg 0
DirVarRepCon 0
DirVarRepExt 0
DirVarRepGlo 0
DirVarRepLoc 0
DirVarRepPar 0
DirVarRepReq 0
FunCalDel 4
IndVarAriNeg 0
IndVarBitNeg 0
IndVarIncDec 0
IndVarLogNeg 0
IndVarRepCon 0
IndVarRepExt 0
IndVarRepGlo 0
IndVarRepLoc 0
IndVarRepPar 0
IndVarRepReq 0
OAAA 2
OAAN 11
OABA 3
OABN 7
OAEA 1
OALN 11
OARN 17
OASA 1
OASN 2
OBAA 0
OBAN 0
OBBA 0
OBBN 0
OBEA 0
OBLN 0
OBNG 0
OBRN 0
OBSA 0
OBSN 0
OCNG 3
OCOR 2
OEAA 6
OEBA 1
OESA 1
OIPM 0
OLAN 0
OLBN 1
OLLN 1
OLNG 2
OLRN 1
OLSN 2
OMMO 0
OPPO 3
ORAN 4
ORBN 6
ORLN 3
ORRN 9
ORSN 2
OSAA 0
OSAN 0
OSBA 0
OSBN 0
OSEA 0
OSLN 0
OSRN 0
OSSA 0
OSSN 0
RetStaDel 2
SBRC 0
SBRN 0
SCRB 0
SCRN 0
SDWD 0
SGLR 0
SMTC 1
SMTT 0
SMVB 3
SRSR 16
SSDL 10
SSOM 1
SSWM 0
STRI 0
STRP 4
SWDD 0
VASM 0
VDTR 28
VGAR 0
VGPR 0
VGSR 0
VGTR 0
VLAR 0
VLPR 0
VLSR 23
VLTR 0
VSCR 0
VTWD 15
Done tooling on /home/yangheechan/FL-dataset-generation-opencv_features2d_TF_top30/work/opencv_features2d_TF_top30/working_env/faster29.swtv/core7/opencv_features2d_TF_top30/modules/features2d/src/kaze/fed.cpp
done with option i: 979 698 829 890 911 918 953 972 978 1045 795 939 949 1047 75 91 995 999 719 1067 65 662 892 900 929 776 742 775 823 941 954 791 865 866 877 921 930 982 1028 684 671 669 804 773 772 819 839 1035 942 945 968 712 755 71 718 870 894 922 991 919 797 789 1031 1033 821 695 74 668 690 693 68 69 660 72 731 740 767 754 768 799 67 729 741 658 667 746 863 981 971 993 66 694 902 459 324 118 121 123 124 127 128 130 132 133 135 137 138 141 144 149 150 152 155 156 159 161 164 165 182 183 205 206 207 212 213 215 216 217 219 223 938 928 963 926 840 849 947 1009 143 146 101 102 103 105 106 109 110 111 112 114 115 117 232 235 240 244 248 252 255 257 258 260 266 273 275 281 282 283 284 286 288 290 293 294 296 298 317 323 325 326 336 342 343 502 347 349 352 354 355 356 357 364 365 366 370 373 376 379 381 383 386 390 391 392 396 404 406 407 408 416 421 435 439 441 442 443 449 452 456 457 460 464 728 763 1041 876 811 812 782 810 882 1056 1058 1064 990 93 748 758 1052 757 713 780 761 801 709 751 766 181 1054 565 267 162 268 100 131 104 107 108 113 116 119 125 126 147 171 158 178 179 202 203 204 209 211 221 233 247 256 259 263 265 285 291 295 301 330 332 344 345 353 358 360 361 368 380 385 395 398 399 401 413 414 418 455 461 466 475 480 491 500 501 505 506 508 510 514 531 539 555 1023 176 447 559 583 1014 786 818 932 222 1015 848 850 153 841 935 604 814 861 813 878 952 1029 73 661 805 95 716 881 885 916 955 957 1005 1012 961 1049 1053 760 798 796 905 753 986 686 884 897 936 790 727 880 1019 1021 1070 1072 975 675 883 899 970 966 1004 997 734 703 708 1050 924 933 784 692 820 770 1039 983 992 781 792 793 808 747 985 1042 737 752 759 988 879 895 909 923 980 950 670 710 730 738 774 688 697 705 707 70 807 732 739 769 785 783 701 806 140 
done with option o: /home/yangheechan/FL-dataset-generation-opencv_features2d_TF_top30/out/opencv_features2d_TF_top30/generated_mutants-mbfl-trial1/mser.MUT1450.cpp/opencv_features2d_TF_top30-opencv_features2d_TF_top30--modules--features2d--src--mser.cpp/
done with option l: 5
added ARGARINEG
added ARGBITNEG
added ARGDEL
added ARGINCDEC
added ARGLOGNEG
added ARGREPREQ
added ARGSTCALI
added ARGSTCDIF
added CGCR
added CGSR
added CLCR
added CLSR
added CRCR
added DIRVARARINEG
added DIRVARBITNEG
added DIRVARINCDEC
added DIRVARLOGNEG
added DIRVARREPCON
added DIRVARREPEXT
added DIRVARREPGLO
added DIRVARREPLOC
added DIRVARREPPAR
added DIRVARREPREQ
added FUNCALDEL
added INDVARARINEG
added INDVARBITNEG
added INDVARINCDEC
added INDVARLOGNEG
added INDVARREPCON
added INDVARREPEXT
added INDVARREPGLO
added INDVARREPLOC
added INDVARREPPAR
added INDVARREPREQ
added OAAA
added OAAN
added OABA
added OABN
added OAEA
added OALN
added OARN
added OASA
added OASN
added OBAA
added OBAN
added OBBA
added OBBN
added OBEA
added OBLN
added OBNG
added OBRN
added OBSA
added OBSN
added OCOR
added OEAA
added OEBA
added OESA
added OIPM
added OLAN
added OLBN
added OLLN
added OLNG
added OLRN
added OLSN
added OMMO
added OPPO
added ORAN
added ORBN
added ORLN
added ORRN
added ORSN
added OSAA
added OSAN
added OSBA
added OSBN
added OSEA
added OSLN
added OSRN
added OSSA
added OSSN
added SSOM
added VASM
added VDTR
added VGAR
added VGPR
added VGSR
added VGTR
added VLAR
added VLPR
added VLSR
added VLTR
added VSCR
added VTWD
done with option m
disabling DirVarAriNeg,DirVarBitNeg,DirVarLogNeg,DirVarIncDec,DirVarRepReq,DirVarRepCon,DirVarRepPar,DirVarRepGlo,DirVarRepExt,DirVarRepLoc,IndVarAriNeg,IndVarBitNeg,IndVarLogNeg,IndVarIncDec,IndVarRepReq,IndVarRepCon,IndVarRepPar,IndVarRepGlo,IndVarRepExt,IndVarRepLoc,STRI
g_inputfile_name = mser.cpp
g_mutdbfile_name = /home/yangheechan/FL-dataset-generation-opencv_features2d_TF_top30/out/opencv_features2d_TF_top30/generated_mutants-mbfl-trial1/mser.MUT1450.cpp/opencv_features2d_TF_top30-opencv_features2d_TF_top30--modules--features2d--src--mser.cpp/mser_mut_db.csv
executing action from GatherDataAction
Done GatherDataAction
0
mser.cpp
(1 : 1)
(1076 : 1)
executing action from GenerateMutantAction
done execute action
opened file name /home/yangheechan/FL-dataset-generation-opencv_features2d_TF_top30/out/opencv_features2d_TF_top30/generated_mutants-mbfl-trial1/mser.MUT1450.cpp/opencv_features2d_TF_top30-opencv_features2d_TF_top30--modules--features2d--src--mser.cpp/mser_mut_db.csv
ArgAriNeg 9
ArgBitNeg 14
ArgDel 34
ArgIncDec 38
ArgLogNeg 27
ArgRepReq 139
ArgStcAli 5
ArgStcDif 43
CGCR 75
CGSR 54
CLCR 95
CLSR 76
CRCR 295
CovAllEdg 58
CovAllNod 172
DirVarAriNeg 0
DirVarBitNeg 0
DirVarIncDec 0
DirVarLogNeg 0
DirVarRepCon 0
DirVarRepExt 0
DirVarRepGlo 0
DirVarRepLoc 0
DirVarRepPar 0
DirVarRepReq 0
FunCalDel 66
IndVarAriNeg 0
IndVarBitNeg 0
IndVarIncDec 0
IndVarLogNeg 0
IndVarRepCon 0
IndVarRepExt 0
IndVarRepGlo 0
IndVarRepLoc 0
IndVarRepPar 0
IndVarRepReq 0
OAAA 20
OAAN 53
OABA 1
OABN 24
OAEA 8
OALN 20
OARN 47
OASA 0
OASN 21
OBAA 0
OBAN 7
OBBA 0
OBBN 2
OBEA 0
OBLN 7
OBNG 6
OBRN 8
OBSA 0
OBSN 2
OCNG 28
OCOR 9
OEAA 200
OEBA 65
OESA 36
OIPM 1
OLAN 5
OLBN 7
OLLN 3
OLNG 8
OLRN 12
OLSN 2
OMMO 0
OPPO 57
ORAN 53
ORBN 19
ORLN 32
ORRN 81
ORSN 23
OSAA 0
OSAN 8
OSBA 0
OSBN 9
OSEA 0
OSLN 4
OSRN 6
OSSA 0
OSSN 2
RetStaDel 7
SBRC 2
SBRN 0
SCRB 0
SCRN 0
SDWD 0
SGLR 0
SMTC 2
SMTT 1
SMVB 0
SRSR 65
SSDL 175
SSOM 0
SSWM 0
STRI 0
STRP 173
SWDD 0
VASM 0
VDTR 209
VGAR 0
VGPR 0
VGSR 0
VGTR 0
VLAR 0
VLPR 300
VLSR 179
VLTR 1
VSCR 299
VTWD 166
Done tooling on /home/yangheechan/FL-dataset-generation-opencv_features2d_TF_top30/work/opencv_features2d_TF_top30/working_env/faster29.swtv/core7/opencv_features2d_TF_top30/modules/features2d/src/mser.cpp
Testing version mser.MUT1450.cpp on faster29.swtv::core7
Found buggy line 1774 in failing tcs, TC32.sh executed lines
>>> TOTAL Selected lines: 1068
	 >>> Selected lines executed by failing tcs: 100
	 >>> Selected lines based on SBFL rank (desc): 535
	 >>> Selected lines based on SBFL rank (asc): 535
>> Applied patch to mser.cpp with mser.MUT1450.cpp
>> Cleaning build for opencv_features2d_TF_top30
>> Configuring opencv_features2d_TF_top30 without coverage
>> Building opencv_features2d_TF_top30
>> Generating mutants on mser.MUT1450.cpp of brisk.cpp
>> Generating mutants on mser.MUT1450.cpp of fast.avx2.cpp
>> Generating mutants on mser.MUT1450.cpp of fast.cpp
>> Generating mutants on mser.MUT1450.cpp of fast_score.cpp
>> Generating mutants on mser.MUT1450.cpp of fed.cpp
>> Generating mutants on mser.MUT1450.cpp of mser.cpp
>> Reverted mser.cpp to original from mser.MUT1450.cpp
>> Cleaning build for opencv_features2d_TF_top30
>> Configuring opencv_features2d_TF_top30 without coverage
>> Building opencv_features2d_TF_top30
>> Total number of mutants: 9195
>> Total number of lines executed by failing test cases: 219
>> Mutants per file:
	 >> opencv_features2d_TF_top30/modules/features2d/src/brisk.cpp: 4110 mutants, 0 lines executed by failing test cases
	 >> opencv_features2d_TF_top30/modules/features2d/src/fast.avx2.cpp: 120 mutants, 0 lines executed by failing test cases
	 >> opencv_features2d_TF_top30/modules/features2d/src/fast.cpp: 540 mutants, 0 lines executed by failing test cases
	 >> opencv_features2d_TF_top30/modules/features2d/src/fast_score.cpp: 430 mutants, 0 lines executed by failing test cases
	 >> opencv_features2d_TF_top30/modules/features2d/src/kaze/fed.cpp: 320 mutants, 0 lines executed by failing test cases
	 >> opencv_features2d_TF_top30/modules/features2d/src/mser.cpp: 3675 mutants, 219 lines executed by failing test cases
Testing on faster29.swtv::core7-p1
Testing on faster29.swtv::core7-p2
Testing on faster29.swtv::core7-p0
Job Process-1 has been finished: ['faster29.swtv', 'core7-p0', 'mser.MUT1450.cpp']
Job Process-2 has been finished: ['faster29.swtv', 'core7-p1', 'mser.MUT1450.cpp']
Job Process-3 has been finished: ['faster29.swtv', 'core7-p2', 'mser.MUT1450.cpp']
>> Zipped mutants on mser.MUT1450.cpp
>> Removed mutants on mser.MUT1450.cpp
>> Saving version mser.MUT1450.cpp to database
Finished testing version mser.MUT1450.cpp on faster29.swtv::core7

+++++ STDERR +++++
warning: unknown warning option '-Wimplicit-fallthrough=3'; did you mean '-Wimplicit-fallthrough'? [-Wunknown-warning-option]
In file included from /home/yangheechan/FL-dataset-generation-opencv_features2d_TF_top30/work/opencv_features2d_TF_top30/working_env/faster29.swtv/core7/opencv_features2d_TF_top30/modules/features2d/src/brisk.cpp:45:
In file included from /home/yangheechan/FL-dataset-generation-opencv_features2d_TF_top30/work/opencv_features2d_TF_top30/working_env/faster29.swtv/core7/opencv_features2d_TF_top30/modules/features2d/src/precomp.hpp:50:
In file included from /home/yangheechan/FL-dataset-generation-opencv_features2d_TF_top30/work/opencv_features2d_TF_top30/working_env/faster29.swtv/core7/opencv_features2d_TF_top30/modules/core/include/opencv2/core/private.hpp:246:
In file included from /home/yangheechan/FL-dataset-generation-opencv_features2d_TF_top30/work/opencv_features2d_TF_top30/working_env/faster29.swtv/core7/opencv_features2d_TF_top30/build/3rdparty/ippicv/ippicv_lnx/iw/include/iw++/iw.hpp:17:
In file included from /home/yangheechan/FL-dataset-generation-opencv_features2d_TF_top30/work/opencv_features2d_TF_top30/working_env/faster29.swtv/core7/opencv_features2d_TF_top30/build/3rdparty/ippicv/ippicv_lnx/iw/include/iw++/iw_image_color.hpp:17:
/home/yangheechan/FL-dataset-generation-opencv_features2d_TF_top30/work/opencv_features2d_TF_top30/working_env/faster29.swtv/core7/opencv_features2d_TF_top30/build/3rdparty/ippicv/ippicv_lnx/iw/include/iw++/iw_image.hpp:1389:13: warning: 'operator const _IwiTileTransform *' overrides a member function but is not marked 'override' [-Wsuggest-override]
    virtual operator const ::IwiTileTransform*() const { return NULL; }
            ^
/home/yangheechan/FL-dataset-generation-opencv_features2d_TF_top30/work/opencv_features2d_TF_top30/working_env/faster29.swtv/core7/opencv_features2d_TF_top30/build/3rdparty/ippicv/ippicv_lnx/iw/include/iw++/iw_image.hpp:1362:13: note: overridden virtual function is here
    virtual operator const ::IwiTileTransform*() const { return &transformStruct; }
            ^
/home/yangheechan/FL-dataset-generation-opencv_features2d_TF_top30/work/opencv_features2d_TF_top30/working_env/faster29.swtv/core7/opencv_features2d_TF_top30/build/3rdparty/ippicv/ippicv_lnx/iw/include/iw++/iw_image.hpp:1391:19: warning: 'Clone' overrides a member function but is not marked 'override' [-Wsuggest-override]
    virtual void* Clone() const
                  ^
/home/yangheechan/FL-dataset-generation-opencv_features2d_TF_top30/work/opencv_features2d_TF_top30/working_env/faster29.swtv/core7/opencv_features2d_TF_top30/build/3rdparty/ippicv/ippicv_lnx/iw/include/iw++/iw_image.hpp:1359:19: note: overridden virtual function is here
    virtual void* Clone() const = 0;
                  ^
/home/yangheechan/FL-dataset-generation-opencv_features2d_TF_top30/work/opencv_features2d_TF_top30/working_env/faster29.swtv/core7/opencv_features2d_TF_top30/build/3rdparty/ippicv/ippicv_lnx/iw/include/iw++/iw_image.hpp:1398:17: warning: 'GetSrcRoi' overrides a member function but is not marked 'override' [-Wsuggest-override]
    virtual int GetSrcRoi(ipp::IwiRoi, ipp::IwiRoi&) const
                ^
/home/yangheechan/FL-dataset-generation-opencv_features2d_TF_top30/work/opencv_features2d_TF_top30/working_env/faster29.swtv/core7/opencv_features2d_TF_top30/build/3rdparty/ippicv/ippicv_lnx/iw/include/iw++/iw_image.hpp:1356:17: note: overridden virtual function is here
    virtual int GetSrcRoi(ipp::IwiRoi, ipp::IwiRoi&) const = 0;
                ^
warning: unknown warning option '-Wimplicit-fallthrough=3'; did you mean '-Wimplicit-fallthrough'? [-Wunknown-warning-option]
In file included from /home/yangheechan/FL-dataset-generation-opencv_features2d_TF_top30/work/opencv_features2d_TF_top30/working_env/faster29.swtv/core7/opencv_features2d_TF_top30/modules/features2d/src/brisk.cpp:45:
In file included from /home/yangheechan/FL-dataset-generation-opencv_features2d_TF_top30/work/opencv_features2d_TF_top30/working_env/faster29.swtv/core7/opencv_features2d_TF_top30/modules/features2d/src/precomp.hpp:50:
In file included from /home/yangheechan/FL-dataset-generation-opencv_features2d_TF_top30/work/opencv_features2d_TF_top30/working_env/faster29.swtv/core7/opencv_features2d_TF_top30/modules/core/include/opencv2/core/private.hpp:246:
In file included from /home/yangheechan/FL-dataset-generation-opencv_features2d_TF_top30/work/opencv_features2d_TF_top30/working_env/faster29.swtv/core7/opencv_features2d_TF_top30/build/3rdparty/ippicv/ippicv_lnx/iw/include/iw++/iw.hpp:17:
In file included from /home/yangheechan/FL-dataset-generation-opencv_features2d_TF_top30/work/opencv_features2d_TF_top30/working_env/faster29.swtv/core7/opencv_features2d_TF_top30/build/3rdparty/ippicv/ippicv_lnx/iw/include/iw++/iw_image_color.hpp:17:
/home/yangheechan/FL-dataset-generation-opencv_features2d_TF_top30/work/opencv_features2d_TF_top30/working_env/faster29.swtv/core7/opencv_features2d_TF_top30/build/3rdparty/ippicv/ippicv_lnx/iw/include/iw++/iw_image.hpp:1389:13: warning: 'operator const _IwiTileTransform *' overrides a member function but is not marked 'override' [-Wsuggest-override]
    virtual operator const ::IwiTileTransform*() const { return NULL; }
            ^
/home/yangheechan/FL-dataset-generation-opencv_features2d_TF_top30/work/opencv_features2d_TF_top30/working_env/faster29.swtv/core7/opencv_features2d_TF_top30/build/3rdparty/ippicv/ippicv_lnx/iw/include/iw++/iw_image.hpp:1362:13: note: overridden virtual function is here
    virtual operator const ::IwiTileTransform*() const { return &transformStruct; }
            ^
/home/yangheechan/FL-dataset-generation-opencv_features2d_TF_top30/work/opencv_features2d_TF_top30/working_env/faster29.swtv/core7/opencv_features2d_TF_top30/build/3rdparty/ippicv/ippicv_lnx/iw/include/iw++/iw_image.hpp:1391:19: warning: 'Clone' overrides a member function but is not marked 'override' [-Wsuggest-override]
    virtual void* Clone() const
                  ^
/home/yangheechan/FL-dataset-generation-opencv_features2d_TF_top30/work/opencv_features2d_TF_top30/working_env/faster29.swtv/core7/opencv_features2d_TF_top30/build/3rdparty/ippicv/ippicv_lnx/iw/include/iw++/iw_image.hpp:1359:19: note: overridden virtual function is here
    virtual void* Clone() const = 0;
                  ^
/home/yangheechan/FL-dataset-generation-opencv_features2d_TF_top30/work/opencv_features2d_TF_top30/working_env/faster29.swtv/core7/opencv_features2d_TF_top30/build/3rdparty/ippicv/ippicv_lnx/iw/include/iw++/iw_image.hpp:1398:17: warning: 'GetSrcRoi' overrides a member function but is not marked 'override' [-Wsuggest-override]
    virtual int GetSrcRoi(ipp::IwiRoi, ipp::IwiRoi&) const
                ^
/home/yangheechan/FL-dataset-generation-opencv_features2d_TF_top30/work/opencv_features2d_TF_top30/working_env/faster29.swtv/core7/opencv_features2d_TF_top30/build/3rdparty/ippicv/ippicv_lnx/iw/include/iw++/iw_image.hpp:1356:17: note: overridden virtual function is here
    virtual int GetSrcRoi(ipp::IwiRoi, ipp::IwiRoi&) const = 0;
                ^
4 warnings generated.
4 warnings generated.
warning: unknown warning option '-Wimplicit-fallthrough=3'; did you mean '-Wimplicit-fallthrough'? [-Wunknown-warning-option]
In file included from /home/yangheechan/FL-dataset-generation-opencv_features2d_TF_top30/work/opencv_features2d_TF_top30/working_env/faster29.swtv/core7/opencv_features2d_TF_top30/modules/features2d/src/fast.avx2.cpp:44:
In file included from /home/yangheechan/FL-dataset-generation-opencv_features2d_TF_top30/work/opencv_features2d_TF_top30/working_env/faster29.swtv/core7/opencv_features2d_TF_top30/modules/features2d/src/precomp.hpp:50:
In file included from /home/yangheechan/FL-dataset-generation-opencv_features2d_TF_top30/work/opencv_features2d_TF_top30/working_env/faster29.swtv/core7/opencv_features2d_TF_top30/modules/core/include/opencv2/core/private.hpp:246:
In file included from /home/yangheechan/FL-dataset-generation-opencv_features2d_TF_top30/work/opencv_features2d_TF_top30/working_env/faster29.swtv/core7/opencv_features2d_TF_top30/build/3rdparty/ippicv/ippicv_lnx/iw/include/iw++/iw.hpp:17:
In file included from /home/yangheechan/FL-dataset-generation-opencv_features2d_TF_top30/work/opencv_features2d_TF_top30/working_env/faster29.swtv/core7/opencv_features2d_TF_top30/build/3rdparty/ippicv/ippicv_lnx/iw/include/iw++/iw_image_color.hpp:17:
/home/yangheechan/FL-dataset-generation-opencv_features2d_TF_top30/work/opencv_features2d_TF_top30/working_env/faster29.swtv/core7/opencv_features2d_TF_top30/build/3rdparty/ippicv/ippicv_lnx/iw/include/iw++/iw_image.hpp:1389:13: warning: 'operator const _IwiTileTransform *' overrides a member function but is not marked 'override' [-Wsuggest-override]
    virtual operator const ::IwiTileTransform*() const { return NULL; }
            ^
/home/yangheechan/FL-dataset-generation-opencv_features2d_TF_top30/work/opencv_features2d_TF_top30/working_env/faster29.swtv/core7/opencv_features2d_TF_top30/build/3rdparty/ippicv/ippicv_lnx/iw/include/iw++/iw_image.hpp:1362:13: note: overridden virtual function is here
    virtual operator const ::IwiTileTransform*() const { return &transformStruct; }
            ^
/home/yangheechan/FL-dataset-generation-opencv_features2d_TF_top30/work/opencv_features2d_TF_top30/working_env/faster29.swtv/core7/opencv_features2d_TF_top30/build/3rdparty/ippicv/ippicv_lnx/iw/include/iw++/iw_image.hpp:1391:19: warning: 'Clone' overrides a member function but is not marked 'override' [-Wsuggest-override]
    virtual void* Clone() const
                  ^
/home/yangheechan/FL-dataset-generation-opencv_features2d_TF_top30/work/opencv_features2d_TF_top30/working_env/faster29.swtv/core7/opencv_features2d_TF_top30/build/3rdparty/ippicv/ippicv_lnx/iw/include/iw++/iw_image.hpp:1359:19: note: overridden virtual function is here
    virtual void* Clone() const = 0;
                  ^
/home/yangheechan/FL-dataset-generation-opencv_features2d_TF_top30/work/opencv_features2d_TF_top30/working_env/faster29.swtv/core7/opencv_features2d_TF_top30/build/3rdparty/ippicv/ippicv_lnx/iw/include/iw++/iw_image.hpp:1398:17: warning: 'GetSrcRoi' overrides a member function but is not marked 'override' [-Wsuggest-override]
    virtual int GetSrcRoi(ipp::IwiRoi, ipp::IwiRoi&) const
                ^
/home/yangheechan/FL-dataset-generation-opencv_features2d_TF_top30/work/opencv_features2d_TF_top30/working_env/faster29.swtv/core7/opencv_features2d_TF_top30/build/3rdparty/ippicv/ippicv_lnx/iw/include/iw++/iw_image.hpp:1356:17: note: overridden virtual function is here
    virtual int GetSrcRoi(ipp::IwiRoi, ipp::IwiRoi&) const = 0;
                ^
warning: unknown warning option '-Wimplicit-fallthrough=3'; did you mean '-Wimplicit-fallthrough'? [-Wunknown-warning-option]
In file included from /home/yangheechan/FL-dataset-generation-opencv_features2d_TF_top30/work/opencv_features2d_TF_top30/working_env/faster29.swtv/core7/opencv_features2d_TF_top30/modules/features2d/src/fast.avx2.cpp:44:
In file included from /home/yangheechan/FL-dataset-generation-opencv_features2d_TF_top30/work/opencv_features2d_TF_top30/working_env/faster29.swtv/core7/opencv_features2d_TF_top30/modules/features2d/src/precomp.hpp:50:
In file included from /home/yangheechan/FL-dataset-generation-opencv_features2d_TF_top30/work/opencv_features2d_TF_top30/working_env/faster29.swtv/core7/opencv_features2d_TF_top30/modules/core/include/opencv2/core/private.hpp:246:
In file included from /home/yangheechan/FL-dataset-generation-opencv_features2d_TF_top30/work/opencv_features2d_TF_top30/working_env/faster29.swtv/core7/opencv_features2d_TF_top30/build/3rdparty/ippicv/ippicv_lnx/iw/include/iw++/iw.hpp:17:
In file included from /home/yangheechan/FL-dataset-generation-opencv_features2d_TF_top30/work/opencv_features2d_TF_top30/working_env/faster29.swtv/core7/opencv_features2d_TF_top30/build/3rdparty/ippicv/ippicv_lnx/iw/include/iw++/iw_image_color.hpp:17:
/home/yangheechan/FL-dataset-generation-opencv_features2d_TF_top30/work/opencv_features2d_TF_top30/working_env/faster29.swtv/core7/opencv_features2d_TF_top30/build/3rdparty/ippicv/ippicv_lnx/iw/include/iw++/iw_image.hpp:1389:13: warning: 'operator const _IwiTileTransform *' overrides a member function but is not marked 'override' [-Wsuggest-override]
    virtual operator const ::IwiTileTransform*() const { return NULL; }
            ^
/home/yangheechan/FL-dataset-generation-opencv_features2d_TF_top30/work/opencv_features2d_TF_top30/working_env/faster29.swtv/core7/opencv_features2d_TF_top30/build/3rdparty/ippicv/ippicv_lnx/iw/include/iw++/iw_image.hpp:1362:13: note: overridden virtual function is here
    virtual operator const ::IwiTileTransform*() const { return &transformStruct; }
            ^
/home/yangheechan/FL-dataset-generation-opencv_features2d_TF_top30/work/opencv_features2d_TF_top30/working_env/faster29.swtv/core7/opencv_features2d_TF_top30/build/3rdparty/ippicv/ippicv_lnx/iw/include/iw++/iw_image.hpp:1391:19: warning: 'Clone' overrides a member function but is not marked 'override' [-Wsuggest-override]
    virtual void* Clone() const
                  ^
/home/yangheechan/FL-dataset-generation-opencv_features2d_TF_top30/work/opencv_features2d_TF_top30/working_env/faster29.swtv/core7/opencv_features2d_TF_top30/build/3rdparty/ippicv/ippicv_lnx/iw/include/iw++/iw_image.hpp:1359:19: note: overridden virtual function is here
    virtual void* Clone() const = 0;
                  ^
/home/yangheechan/FL-dataset-generation-opencv_features2d_TF_top30/work/opencv_features2d_TF_top30/working_env/faster29.swtv/core7/opencv_features2d_TF_top30/build/3rdparty/ippicv/ippicv_lnx/iw/include/iw++/iw_image.hpp:1398:17: warning: 'GetSrcRoi' overrides a member function but is not marked 'override' [-Wsuggest-override]
    virtual int GetSrcRoi(ipp::IwiRoi, ipp::IwiRoi&) const
                ^
/home/yangheechan/FL-dataset-generation-opencv_features2d_TF_top30/work/opencv_features2d_TF_top30/working_env/faster29.swtv/core7/opencv_features2d_TF_top30/build/3rdparty/ippicv/ippicv_lnx/iw/include/iw++/iw_image.hpp:1356:17: note: overridden virtual function is here
    virtual int GetSrcRoi(ipp::IwiRoi, ipp::IwiRoi&) const = 0;
                ^
4 warnings generated.
4 warnings generated.
warning: unknown warning option '-Wimplicit-fallthrough=3'; did you mean '-Wimplicit-fallthrough'? [-Wunknown-warning-option]
In file included from /home/yangheechan/FL-dataset-generation-opencv_features2d_TF_top30/work/opencv_features2d_TF_top30/working_env/faster29.swtv/core7/opencv_features2d_TF_top30/modules/features2d/src/fast.cpp:44:
In file included from /home/yangheechan/FL-dataset-generation-opencv_features2d_TF_top30/work/opencv_features2d_TF_top30/working_env/faster29.swtv/core7/opencv_features2d_TF_top30/modules/features2d/src/precomp.hpp:50:
In file included from /home/yangheechan/FL-dataset-generation-opencv_features2d_TF_top30/work/opencv_features2d_TF_top30/working_env/faster29.swtv/core7/opencv_features2d_TF_top30/modules/core/include/opencv2/core/private.hpp:246:
In file included from /home/yangheechan/FL-dataset-generation-opencv_features2d_TF_top30/work/opencv_features2d_TF_top30/working_env/faster29.swtv/core7/opencv_features2d_TF_top30/build/3rdparty/ippicv/ippicv_lnx/iw/include/iw++/iw.hpp:17:
In file included from /home/yangheechan/FL-dataset-generation-opencv_features2d_TF_top30/work/opencv_features2d_TF_top30/working_env/faster29.swtv/core7/opencv_features2d_TF_top30/build/3rdparty/ippicv/ippicv_lnx/iw/include/iw++/iw_image_color.hpp:17:
/home/yangheechan/FL-dataset-generation-opencv_features2d_TF_top30/work/opencv_features2d_TF_top30/working_env/faster29.swtv/core7/opencv_features2d_TF_top30/build/3rdparty/ippicv/ippicv_lnx/iw/include/iw++/iw_image.hpp:1389:13: warning: 'operator const _IwiTileTransform *' overrides a member function but is not marked 'override' [-Wsuggest-override]
    virtual operator const ::IwiTileTransform*() const { return NULL; }
            ^
/home/yangheechan/FL-dataset-generation-opencv_features2d_TF_top30/work/opencv_features2d_TF_top30/working_env/faster29.swtv/core7/opencv_features2d_TF_top30/build/3rdparty/ippicv/ippicv_lnx/iw/include/iw++/iw_image.hpp:1362:13: note: overridden virtual function is here
    virtual operator const ::IwiTileTransform*() const { return &transformStruct; }
            ^
/home/yangheechan/FL-dataset-generation-opencv_features2d_TF_top30/work/opencv_features2d_TF_top30/working_env/faster29.swtv/core7/opencv_features2d_TF_top30/build/3rdparty/ippicv/ippicv_lnx/iw/include/iw++/iw_image.hpp:1391:19: warning: 'Clone' overrides a member function but is not marked 'override' [-Wsuggest-override]
    virtual void* Clone() const
                  ^
/home/yangheechan/FL-dataset-generation-opencv_features2d_TF_top30/work/opencv_features2d_TF_top30/working_env/faster29.swtv/core7/opencv_features2d_TF_top30/build/3rdparty/ippicv/ippicv_lnx/iw/include/iw++/iw_image.hpp:1359:19: note: overridden virtual function is here
    virtual void* Clone() const = 0;
                  ^
/home/yangheechan/FL-dataset-generation-opencv_features2d_TF_top30/work/opencv_features2d_TF_top30/working_env/faster29.swtv/core7/opencv_features2d_TF_top30/build/3rdparty/ippicv/ippicv_lnx/iw/include/iw++/iw_image.hpp:1398:17: warning: 'GetSrcRoi' overrides a member function but is not marked 'override' [-Wsuggest-override]
    virtual int GetSrcRoi(ipp::IwiRoi, ipp::IwiRoi&) const
                ^
/home/yangheechan/FL-dataset-generation-opencv_features2d_TF_top30/work/opencv_features2d_TF_top30/working_env/faster29.swtv/core7/opencv_features2d_TF_top30/build/3rdparty/ippicv/ippicv_lnx/iw/include/iw++/iw_image.hpp:1356:17: note: overridden virtual function is here
    virtual int GetSrcRoi(ipp::IwiRoi, ipp::IwiRoi&) const = 0;
                ^
warning: unknown warning option '-Wimplicit-fallthrough=3'; did you mean '-Wimplicit-fallthrough'? [-Wunknown-warning-option]
In file included from /home/yangheechan/FL-dataset-generation-opencv_features2d_TF_top30/work/opencv_features2d_TF_top30/working_env/faster29.swtv/core7/opencv_features2d_TF_top30/modules/features2d/src/fast.cpp:44:
In file included from /home/yangheechan/FL-dataset-generation-opencv_features2d_TF_top30/work/opencv_features2d_TF_top30/working_env/faster29.swtv/core7/opencv_features2d_TF_top30/modules/features2d/src/precomp.hpp:50:
In file included from /home/yangheechan/FL-dataset-generation-opencv_features2d_TF_top30/work/opencv_features2d_TF_top30/working_env/faster29.swtv/core7/opencv_features2d_TF_top30/modules/core/include/opencv2/core/private.hpp:246:
In file included from /home/yangheechan/FL-dataset-generation-opencv_features2d_TF_top30/work/opencv_features2d_TF_top30/working_env/faster29.swtv/core7/opencv_features2d_TF_top30/build/3rdparty/ippicv/ippicv_lnx/iw/include/iw++/iw.hpp:17:
In file included from /home/yangheechan/FL-dataset-generation-opencv_features2d_TF_top30/work/opencv_features2d_TF_top30/working_env/faster29.swtv/core7/opencv_features2d_TF_top30/build/3rdparty/ippicv/ippicv_lnx/iw/include/iw++/iw_image_color.hpp:17:
/home/yangheechan/FL-dataset-generation-opencv_features2d_TF_top30/work/opencv_features2d_TF_top30/working_env/faster29.swtv/core7/opencv_features2d_TF_top30/build/3rdparty/ippicv/ippicv_lnx/iw/include/iw++/iw_image.hpp:1389:13: warning: 'operator const _IwiTileTransform *' overrides a member function but is not marked 'override' [-Wsuggest-override]
    virtual operator const ::IwiTileTransform*() const { return NULL; }
            ^
/home/yangheechan/FL-dataset-generation-opencv_features2d_TF_top30/work/opencv_features2d_TF_top30/working_env/faster29.swtv/core7/opencv_features2d_TF_top30/build/3rdparty/ippicv/ippicv_lnx/iw/include/iw++/iw_image.hpp:1362:13: note: overridden virtual function is here
    virtual operator const ::IwiTileTransform*() const { return &transformStruct; }
            ^
/home/yangheechan/FL-dataset-generation-opencv_features2d_TF_top30/work/opencv_features2d_TF_top30/working_env/faster29.swtv/core7/opencv_features2d_TF_top30/build/3rdparty/ippicv/ippicv_lnx/iw/include/iw++/iw_image.hpp:1391:19: warning: 'Clone' overrides a member function but is not marked 'override' [-Wsuggest-override]
    virtual void* Clone() const
                  ^
/home/yangheechan/FL-dataset-generation-opencv_features2d_TF_top30/work/opencv_features2d_TF_top30/working_env/faster29.swtv/core7/opencv_features2d_TF_top30/build/3rdparty/ippicv/ippicv_lnx/iw/include/iw++/iw_image.hpp:1359:19: note: overridden virtual function is here
    virtual void* Clone() const = 0;
                  ^
/home/yangheechan/FL-dataset-generation-opencv_features2d_TF_top30/work/opencv_features2d_TF_top30/working_env/faster29.swtv/core7/opencv_features2d_TF_top30/build/3rdparty/ippicv/ippicv_lnx/iw/include/iw++/iw_image.hpp:1398:17: warning: 'GetSrcRoi' overrides a member function but is not marked 'override' [-Wsuggest-override]
    virtual int GetSrcRoi(ipp::IwiRoi, ipp::IwiRoi&) const
                ^
/home/yangheechan/FL-dataset-generation-opencv_features2d_TF_top30/work/opencv_features2d_TF_top30/working_env/faster29.swtv/core7/opencv_features2d_TF_top30/build/3rdparty/ippicv/ippicv_lnx/iw/include/iw++/iw_image.hpp:1356:17: note: overridden virtual function is here
    virtual int GetSrcRoi(ipp::IwiRoi, ipp::IwiRoi&) const = 0;
                ^
4 warnings generated.
4 warnings generated.
warning: unknown warning option '-Wimplicit-fallthrough=3'; did you mean '-Wimplicit-fallthrough'? [-Wunknown-warning-option]
In file included from /home/yangheechan/FL-dataset-generation-opencv_features2d_TF_top30/work/opencv_features2d_TF_top30/working_env/faster29.swtv/core7/opencv_features2d_TF_top30/modules/features2d/src/fast_score.cpp:44:
In file included from /home/yangheechan/FL-dataset-generation-opencv_features2d_TF_top30/work/opencv_features2d_TF_top30/working_env/faster29.swtv/core7/opencv_features2d_TF_top30/modules/features2d/src/fast_score.hpp:49:
In file included from /home/yangheechan/FL-dataset-generation-opencv_features2d_TF_top30/work/opencv_features2d_TF_top30/working_env/faster29.swtv/core7/opencv_features2d_TF_top30/modules/features2d/src/precomp.hpp:50:
In file included from /home/yangheechan/FL-dataset-generation-opencv_features2d_TF_top30/work/opencv_features2d_TF_top30/working_env/faster29.swtv/core7/opencv_features2d_TF_top30/modules/core/include/opencv2/core/private.hpp:246:
In file included from /home/yangheechan/FL-dataset-generation-opencv_features2d_TF_top30/work/opencv_features2d_TF_top30/working_env/faster29.swtv/core7/opencv_features2d_TF_top30/build/3rdparty/ippicv/ippicv_lnx/iw/include/iw++/iw.hpp:17:
In file included from /home/yangheechan/FL-dataset-generation-opencv_features2d_TF_top30/work/opencv_features2d_TF_top30/working_env/faster29.swtv/core7/opencv_features2d_TF_top30/build/3rdparty/ippicv/ippicv_lnx/iw/include/iw++/iw_image_color.hpp:17:
/home/yangheechan/FL-dataset-generation-opencv_features2d_TF_top30/work/opencv_features2d_TF_top30/working_env/faster29.swtv/core7/opencv_features2d_TF_top30/build/3rdparty/ippicv/ippicv_lnx/iw/include/iw++/iw_image.hpp:1389:13: warning: 'operator const _IwiTileTransform *' overrides a member function but is not marked 'override' [-Wsuggest-override]
    virtual operator const ::IwiTileTransform*() const { return NULL; }
            ^
/home/yangheechan/FL-dataset-generation-opencv_features2d_TF_top30/work/opencv_features2d_TF_top30/working_env/faster29.swtv/core7/opencv_features2d_TF_top30/build/3rdparty/ippicv/ippicv_lnx/iw/include/iw++/iw_image.hpp:1362:13: note: overridden virtual function is here
    virtual operator const ::IwiTileTransform*() const { return &transformStruct; }
            ^
/home/yangheechan/FL-dataset-generation-opencv_features2d_TF_top30/work/opencv_features2d_TF_top30/working_env/faster29.swtv/core7/opencv_features2d_TF_top30/build/3rdparty/ippicv/ippicv_lnx/iw/include/iw++/iw_image.hpp:1391:19: warning: 'Clone' overrides a member function but is not marked 'override' [-Wsuggest-override]
    virtual void* Clone() const
                  ^
/home/yangheechan/FL-dataset-generation-opencv_features2d_TF_top30/work/opencv_features2d_TF_top30/working_env/faster29.swtv/core7/opencv_features2d_TF_top30/build/3rdparty/ippicv/ippicv_lnx/iw/include/iw++/iw_image.hpp:1359:19: note: overridden virtual function is here
    virtual void* Clone() const = 0;
                  ^
/home/yangheechan/FL-dataset-generation-opencv_features2d_TF_top30/work/opencv_features2d_TF_top30/working_env/faster29.swtv/core7/opencv_features2d_TF_top30/build/3rdparty/ippicv/ippicv_lnx/iw/include/iw++/iw_image.hpp:1398:17: warning: 'GetSrcRoi' overrides a member function but is not marked 'override' [-Wsuggest-override]
    virtual int GetSrcRoi(ipp::IwiRoi, ipp::IwiRoi&) const
                ^
/home/yangheechan/FL-dataset-generation-opencv_features2d_TF_top30/work/opencv_features2d_TF_top30/working_env/faster29.swtv/core7/opencv_features2d_TF_top30/build/3rdparty/ippicv/ippicv_lnx/iw/include/iw++/iw_image.hpp:1356:17: note: overridden virtual function is here
    virtual int GetSrcRoi(ipp::IwiRoi, ipp::IwiRoi&) const = 0;
                ^
warning: unknown warning option '-Wimplicit-fallthrough=3'; did you mean '-Wimplicit-fallthrough'? [-Wunknown-warning-option]
In file included from /home/yangheechan/FL-dataset-generation-opencv_features2d_TF_top30/work/opencv_features2d_TF_top30/working_env/faster29.swtv/core7/opencv_features2d_TF_top30/modules/features2d/src/fast_score.cpp:44:
In file included from /home/yangheechan/FL-dataset-generation-opencv_features2d_TF_top30/work/opencv_features2d_TF_top30/working_env/faster29.swtv/core7/opencv_features2d_TF_top30/modules/features2d/src/fast_score.hpp:49:
In file included from /home/yangheechan/FL-dataset-generation-opencv_features2d_TF_top30/work/opencv_features2d_TF_top30/working_env/faster29.swtv/core7/opencv_features2d_TF_top30/modules/features2d/src/precomp.hpp:50:
In file included from /home/yangheechan/FL-dataset-generation-opencv_features2d_TF_top30/work/opencv_features2d_TF_top30/working_env/faster29.swtv/core7/opencv_features2d_TF_top30/modules/core/include/opencv2/core/private.hpp:246:
In file included from /home/yangheechan/FL-dataset-generation-opencv_features2d_TF_top30/work/opencv_features2d_TF_top30/working_env/faster29.swtv/core7/opencv_features2d_TF_top30/build/3rdparty/ippicv/ippicv_lnx/iw/include/iw++/iw.hpp:17:
In file included from /home/yangheechan/FL-dataset-generation-opencv_features2d_TF_top30/work/opencv_features2d_TF_top30/working_env/faster29.swtv/core7/opencv_features2d_TF_top30/build/3rdparty/ippicv/ippicv_lnx/iw/include/iw++/iw_image_color.hpp:17:
/home/yangheechan/FL-dataset-generation-opencv_features2d_TF_top30/work/opencv_features2d_TF_top30/working_env/faster29.swtv/core7/opencv_features2d_TF_top30/build/3rdparty/ippicv/ippicv_lnx/iw/include/iw++/iw_image.hpp:1389:13: warning: 'operator const _IwiTileTransform *' overrides a member function but is not marked 'override' [-Wsuggest-override]
    virtual operator const ::IwiTileTransform*() const { return NULL; }
            ^
/home/yangheechan/FL-dataset-generation-opencv_features2d_TF_top30/work/opencv_features2d_TF_top30/working_env/faster29.swtv/core7/opencv_features2d_TF_top30/build/3rdparty/ippicv/ippicv_lnx/iw/include/iw++/iw_image.hpp:1362:13: note: overridden virtual function is here
    virtual operator const ::IwiTileTransform*() const { return &transformStruct; }
            ^
/home/yangheechan/FL-dataset-generation-opencv_features2d_TF_top30/work/opencv_features2d_TF_top30/working_env/faster29.swtv/core7/opencv_features2d_TF_top30/build/3rdparty/ippicv/ippicv_lnx/iw/include/iw++/iw_image.hpp:1391:19: warning: 'Clone' overrides a member function but is not marked 'override' [-Wsuggest-override]
    virtual void* Clone() const
                  ^
/home/yangheechan/FL-dataset-generation-opencv_features2d_TF_top30/work/opencv_features2d_TF_top30/working_env/faster29.swtv/core7/opencv_features2d_TF_top30/build/3rdparty/ippicv/ippicv_lnx/iw/include/iw++/iw_image.hpp:1359:19: note: overridden virtual function is here
    virtual void* Clone() const = 0;
                  ^
/home/yangheechan/FL-dataset-generation-opencv_features2d_TF_top30/work/opencv_features2d_TF_top30/working_env/faster29.swtv/core7/opencv_features2d_TF_top30/build/3rdparty/ippicv/ippicv_lnx/iw/include/iw++/iw_image.hpp:1398:17: warning: 'GetSrcRoi' overrides a member function but is not marked 'override' [-Wsuggest-override]
    virtual int GetSrcRoi(ipp::IwiRoi, ipp::IwiRoi&) const
                ^
/home/yangheechan/FL-dataset-generation-opencv_features2d_TF_top30/work/opencv_features2d_TF_top30/working_env/faster29.swtv/core7/opencv_features2d_TF_top30/build/3rdparty/ippicv/ippicv_lnx/iw/include/iw++/iw_image.hpp:1356:17: note: overridden virtual function is here
    virtual int GetSrcRoi(ipp::IwiRoi, ipp::IwiRoi&) const = 0;
                ^
4 warnings generated.
4 warnings generated.
warning: unknown warning option '-Wimplicit-fallthrough=3'; did you mean '-Wimplicit-fallthrough'? [-Wunknown-warning-option]
In file included from /home/yangheechan/FL-dataset-generation-opencv_features2d_TF_top30/work/opencv_features2d_TF_top30/working_env/faster29.swtv/core7/opencv_features2d_TF_top30/modules/features2d/src/kaze/fed.cpp:31:
In file included from /home/yangheechan/FL-dataset-generation-opencv_features2d_TF_top30/work/opencv_features2d_TF_top30/working_env/faster29.swtv/core7/opencv_features2d_TF_top30/modules/features2d/src/kaze/../precomp.hpp:50:
In file included from /home/yangheechan/FL-dataset-generation-opencv_features2d_TF_top30/work/opencv_features2d_TF_top30/working_env/faster29.swtv/core7/opencv_features2d_TF_top30/modules/core/include/opencv2/core/private.hpp:246:
In file included from /home/yangheechan/FL-dataset-generation-opencv_features2d_TF_top30/work/opencv_features2d_TF_top30/working_env/faster29.swtv/core7/opencv_features2d_TF_top30/build/3rdparty/ippicv/ippicv_lnx/iw/include/iw++/iw.hpp:17:
In file included from /home/yangheechan/FL-dataset-generation-opencv_features2d_TF_top30/work/opencv_features2d_TF_top30/working_env/faster29.swtv/core7/opencv_features2d_TF_top30/build/3rdparty/ippicv/ippicv_lnx/iw/include/iw++/iw_image_color.hpp:17:
/home/yangheechan/FL-dataset-generation-opencv_features2d_TF_top30/work/opencv_features2d_TF_top30/working_env/faster29.swtv/core7/opencv_features2d_TF_top30/build/3rdparty/ippicv/ippicv_lnx/iw/include/iw++/iw_image.hpp:1389:13: warning: 'operator const _IwiTileTransform *' overrides a member function but is not marked 'override' [-Wsuggest-override]
    virtual operator const ::IwiTileTransform*() const { return NULL; }
            ^
/home/yangheechan/FL-dataset-generation-opencv_features2d_TF_top30/work/opencv_features2d_TF_top30/working_env/faster29.swtv/core7/opencv_features2d_TF_top30/build/3rdparty/ippicv/ippicv_lnx/iw/include/iw++/iw_image.hpp:1362:13: note: overridden virtual function is here
    virtual operator const ::IwiTileTransform*() const { return &transformStruct; }
            ^
/home/yangheechan/FL-dataset-generation-opencv_features2d_TF_top30/work/opencv_features2d_TF_top30/working_env/faster29.swtv/core7/opencv_features2d_TF_top30/build/3rdparty/ippicv/ippicv_lnx/iw/include/iw++/iw_image.hpp:1391:19: warning: 'Clone' overrides a member function but is not marked 'override' [-Wsuggest-override]
    virtual void* Clone() const
                  ^
/home/yangheechan/FL-dataset-generation-opencv_features2d_TF_top30/work/opencv_features2d_TF_top30/working_env/faster29.swtv/core7/opencv_features2d_TF_top30/build/3rdparty/ippicv/ippicv_lnx/iw/include/iw++/iw_image.hpp:1359:19: note: overridden virtual function is here
    virtual void* Clone() const = 0;
                  ^
/home/yangheechan/FL-dataset-generation-opencv_features2d_TF_top30/work/opencv_features2d_TF_top30/working_env/faster29.swtv/core7/opencv_features2d_TF_top30/build/3rdparty/ippicv/ippicv_lnx/iw/include/iw++/iw_image.hpp:1398:17: warning: 'GetSrcRoi' overrides a member function but is not marked 'override' [-Wsuggest-override]
    virtual int GetSrcRoi(ipp::IwiRoi, ipp::IwiRoi&) const
                ^
/home/yangheechan/FL-dataset-generation-opencv_features2d_TF_top30/work/opencv_features2d_TF_top30/working_env/faster29.swtv/core7/opencv_features2d_TF_top30/build/3rdparty/ippicv/ippicv_lnx/iw/include/iw++/iw_image.hpp:1356:17: note: overridden virtual function is here
    virtual int GetSrcRoi(ipp::IwiRoi, ipp::IwiRoi&) const = 0;
                ^
warning: unknown warning option '-Wimplicit-fallthrough=3'; did you mean '-Wimplicit-fallthrough'? [-Wunknown-warning-option]
In file included from /home/yangheechan/FL-dataset-generation-opencv_features2d_TF_top30/work/opencv_features2d_TF_top30/working_env/faster29.swtv/core7/opencv_features2d_TF_top30/modules/features2d/src/kaze/fed.cpp:31:
In file included from /home/yangheechan/FL-dataset-generation-opencv_features2d_TF_top30/work/opencv_features2d_TF_top30/working_env/faster29.swtv/core7/opencv_features2d_TF_top30/modules/features2d/src/kaze/../precomp.hpp:50:
In file included from /home/yangheechan/FL-dataset-generation-opencv_features2d_TF_top30/work/opencv_features2d_TF_top30/working_env/faster29.swtv/core7/opencv_features2d_TF_top30/modules/core/include/opencv2/core/private.hpp:246:
In file included from /home/yangheechan/FL-dataset-generation-opencv_features2d_TF_top30/work/opencv_features2d_TF_top30/working_env/faster29.swtv/core7/opencv_features2d_TF_top30/build/3rdparty/ippicv/ippicv_lnx/iw/include/iw++/iw.hpp:17:
In file included from /home/yangheechan/FL-dataset-generation-opencv_features2d_TF_top30/work/opencv_features2d_TF_top30/working_env/faster29.swtv/core7/opencv_features2d_TF_top30/build/3rdparty/ippicv/ippicv_lnx/iw/include/iw++/iw_image_color.hpp:17:
/home/yangheechan/FL-dataset-generation-opencv_features2d_TF_top30/work/opencv_features2d_TF_top30/working_env/faster29.swtv/core7/opencv_features2d_TF_top30/build/3rdparty/ippicv/ippicv_lnx/iw/include/iw++/iw_image.hpp:1389:13: warning: 'operator const _IwiTileTransform *' overrides a member function but is not marked 'override' [-Wsuggest-override]
    virtual operator const ::IwiTileTransform*() const { return NULL; }
            ^
/home/yangheechan/FL-dataset-generation-opencv_features2d_TF_top30/work/opencv_features2d_TF_top30/working_env/faster29.swtv/core7/opencv_features2d_TF_top30/build/3rdparty/ippicv/ippicv_lnx/iw/include/iw++/iw_image.hpp:1362:13: note: overridden virtual function is here
    virtual operator const ::IwiTileTransform*() const { return &transformStruct; }
            ^
/home/yangheechan/FL-dataset-generation-opencv_features2d_TF_top30/work/opencv_features2d_TF_top30/working_env/faster29.swtv/core7/opencv_features2d_TF_top30/build/3rdparty/ippicv/ippicv_lnx/iw/include/iw++/iw_image.hpp:1391:19: warning: 'Clone' overrides a member function but is not marked 'override' [-Wsuggest-override]
    virtual void* Clone() const
                  ^
/home/yangheechan/FL-dataset-generation-opencv_features2d_TF_top30/work/opencv_features2d_TF_top30/working_env/faster29.swtv/core7/opencv_features2d_TF_top30/build/3rdparty/ippicv/ippicv_lnx/iw/include/iw++/iw_image.hpp:1359:19: note: overridden virtual function is here
    virtual void* Clone() const = 0;
                  ^
/home/yangheechan/FL-dataset-generation-opencv_features2d_TF_top30/work/opencv_features2d_TF_top30/working_env/faster29.swtv/core7/opencv_features2d_TF_top30/build/3rdparty/ippicv/ippicv_lnx/iw/include/iw++/iw_image.hpp:1398:17: warning: 'GetSrcRoi' overrides a member function but is not marked 'override' [-Wsuggest-override]
    virtual int GetSrcRoi(ipp::IwiRoi, ipp::IwiRoi&) const
                ^
/home/yangheechan/FL-dataset-generation-opencv_features2d_TF_top30/work/opencv_features2d_TF_top30/working_env/faster29.swtv/core7/opencv_features2d_TF_top30/build/3rdparty/ippicv/ippicv_lnx/iw/include/iw++/iw_image.hpp:1356:17: note: overridden virtual function is here
    virtual int GetSrcRoi(ipp::IwiRoi, ipp::IwiRoi&) const = 0;
                ^
4 warnings generated.
4 warnings generated.
warning: unknown warning option '-Wimplicit-fallthrough=3'; did you mean '-Wimplicit-fallthrough'? [-Wunknown-warning-option]
In file included from /home/yangheechan/FL-dataset-generation-opencv_features2d_TF_top30/work/opencv_features2d_TF_top30/working_env/faster29.swtv/core7/opencv_features2d_TF_top30/modules/features2d/src/mser.cpp:46:
In file included from /home/yangheechan/FL-dataset-generation-opencv_features2d_TF_top30/work/opencv_features2d_TF_top30/working_env/faster29.swtv/core7/opencv_features2d_TF_top30/modules/features2d/src/precomp.hpp:50:
In file included from /home/yangheechan/FL-dataset-generation-opencv_features2d_TF_top30/work/opencv_features2d_TF_top30/working_env/faster29.swtv/core7/opencv_features2d_TF_top30/modules/core/include/opencv2/core/private.hpp:246:
In file included from /home/yangheechan/FL-dataset-generation-opencv_features2d_TF_top30/work/opencv_features2d_TF_top30/working_env/faster29.swtv/core7/opencv_features2d_TF_top30/build/3rdparty/ippicv/ippicv_lnx/iw/include/iw++/iw.hpp:17:
In file included from /home/yangheechan/FL-dataset-generation-opencv_features2d_TF_top30/work/opencv_features2d_TF_top30/working_env/faster29.swtv/core7/opencv_features2d_TF_top30/build/3rdparty/ippicv/ippicv_lnx/iw/include/iw++/iw_image_color.hpp:17:
/home/yangheechan/FL-dataset-generation-opencv_features2d_TF_top30/work/opencv_features2d_TF_top30/working_env/faster29.swtv/core7/opencv_features2d_TF_top30/build/3rdparty/ippicv/ippicv_lnx/iw/include/iw++/iw_image.hpp:1389:13: warning: 'operator const _IwiTileTransform *' overrides a member function but is not marked 'override' [-Wsuggest-override]
    virtual operator const ::IwiTileTransform*() const { return NULL; }
            ^
/home/yangheechan/FL-dataset-generation-opencv_features2d_TF_top30/work/opencv_features2d_TF_top30/working_env/faster29.swtv/core7/opencv_features2d_TF_top30/build/3rdparty/ippicv/ippicv_lnx/iw/include/iw++/iw_image.hpp:1362:13: note: overridden virtual function is here
    virtual operator const ::IwiTileTransform*() const { return &transformStruct; }
            ^
/home/yangheechan/FL-dataset-generation-opencv_features2d_TF_top30/work/opencv_features2d_TF_top30/working_env/faster29.swtv/core7/opencv_features2d_TF_top30/build/3rdparty/ippicv/ippicv_lnx/iw/include/iw++/iw_image.hpp:1391:19: warning: 'Clone' overrides a member function but is not marked 'override' [-Wsuggest-override]
    virtual void* Clone() const
                  ^
/home/yangheechan/FL-dataset-generation-opencv_features2d_TF_top30/work/opencv_features2d_TF_top30/working_env/faster29.swtv/core7/opencv_features2d_TF_top30/build/3rdparty/ippicv/ippicv_lnx/iw/include/iw++/iw_image.hpp:1359:19: note: overridden virtual function is here
    virtual void* Clone() const = 0;
                  ^
/home/yangheechan/FL-dataset-generation-opencv_features2d_TF_top30/work/opencv_features2d_TF_top30/working_env/faster29.swtv/core7/opencv_features2d_TF_top30/build/3rdparty/ippicv/ippicv_lnx/iw/include/iw++/iw_image.hpp:1398:17: warning: 'GetSrcRoi' overrides a member function but is not marked 'override' [-Wsuggest-override]
    virtual int GetSrcRoi(ipp::IwiRoi, ipp::IwiRoi&) const
                ^
/home/yangheechan/FL-dataset-generation-opencv_features2d_TF_top30/work/opencv_features2d_TF_top30/working_env/faster29.swtv/core7/opencv_features2d_TF_top30/build/3rdparty/ippicv/ippicv_lnx/iw/include/iw++/iw_image.hpp:1356:17: note: overridden virtual function is here
    virtual int GetSrcRoi(ipp::IwiRoi, ipp::IwiRoi&) const = 0;
                ^
warning: unknown warning option '-Wimplicit-fallthrough=3'; did you mean '-Wimplicit-fallthrough'? [-Wunknown-warning-option]
In file included from /home/yangheechan/FL-dataset-generation-opencv_features2d_TF_top30/work/opencv_features2d_TF_top30/working_env/faster29.swtv/core7/opencv_features2d_TF_top30/modules/features2d/src/mser.cpp:46:
In file included from /home/yangheechan/FL-dataset-generation-opencv_features2d_TF_top30/work/opencv_features2d_TF_top30/working_env/faster29.swtv/core7/opencv_features2d_TF_top30/modules/features2d/src/precomp.hpp:50:
In file included from /home/yangheechan/FL-dataset-generation-opencv_features2d_TF_top30/work/opencv_features2d_TF_top30/working_env/faster29.swtv/core7/opencv_features2d_TF_top30/modules/core/include/opencv2/core/private.hpp:246:
In file included from /home/yangheechan/FL-dataset-generation-opencv_features2d_TF_top30/work/opencv_features2d_TF_top30/working_env/faster29.swtv/core7/opencv_features2d_TF_top30/build/3rdparty/ippicv/ippicv_lnx/iw/include/iw++/iw.hpp:17:
In file included from /home/yangheechan/FL-dataset-generation-opencv_features2d_TF_top30/work/opencv_features2d_TF_top30/working_env/faster29.swtv/core7/opencv_features2d_TF_top30/build/3rdparty/ippicv/ippicv_lnx/iw/include/iw++/iw_image_color.hpp:17:
/home/yangheechan/FL-dataset-generation-opencv_features2d_TF_top30/work/opencv_features2d_TF_top30/working_env/faster29.swtv/core7/opencv_features2d_TF_top30/build/3rdparty/ippicv/ippicv_lnx/iw/include/iw++/iw_image.hpp:1389:13: warning: 'operator const _IwiTileTransform *' overrides a member function but is not marked 'override' [-Wsuggest-override]
    virtual operator const ::IwiTileTransform*() const { return NULL; }
            ^
/home/yangheechan/FL-dataset-generation-opencv_features2d_TF_top30/work/opencv_features2d_TF_top30/working_env/faster29.swtv/core7/opencv_features2d_TF_top30/build/3rdparty/ippicv/ippicv_lnx/iw/include/iw++/iw_image.hpp:1362:13: note: overridden virtual function is here
    virtual operator const ::IwiTileTransform*() const { return &transformStruct; }
            ^
/home/yangheechan/FL-dataset-generation-opencv_features2d_TF_top30/work/opencv_features2d_TF_top30/working_env/faster29.swtv/core7/opencv_features2d_TF_top30/build/3rdparty/ippicv/ippicv_lnx/iw/include/iw++/iw_image.hpp:1391:19: warning: 'Clone' overrides a member function but is not marked 'override' [-Wsuggest-override]
    virtual void* Clone() const
                  ^
/home/yangheechan/FL-dataset-generation-opencv_features2d_TF_top30/work/opencv_features2d_TF_top30/working_env/faster29.swtv/core7/opencv_features2d_TF_top30/build/3rdparty/ippicv/ippicv_lnx/iw/include/iw++/iw_image.hpp:1359:19: note: overridden virtual function is here
    virtual void* Clone() const = 0;
                  ^
/home/yangheechan/FL-dataset-generation-opencv_features2d_TF_top30/work/opencv_features2d_TF_top30/working_env/faster29.swtv/core7/opencv_features2d_TF_top30/build/3rdparty/ippicv/ippicv_lnx/iw/include/iw++/iw_image.hpp:1398:17: warning: 'GetSrcRoi' overrides a member function but is not marked 'override' [-Wsuggest-override]
    virtual int GetSrcRoi(ipp::IwiRoi, ipp::IwiRoi&) const
                ^
/home/yangheechan/FL-dataset-generation-opencv_features2d_TF_top30/work/opencv_features2d_TF_top30/working_env/faster29.swtv/core7/opencv_features2d_TF_top30/build/3rdparty/ippicv/ippicv_lnx/iw/include/iw++/iw_image.hpp:1356:17: note: overridden virtual function is here
    virtual int GetSrcRoi(ipp::IwiRoi, ipp::IwiRoi&) const = 0;
                ^
4 warnings generated.
4 warnings generated.
