
+++++ results for brisk.MUT359.cpp +++++
+++++ STDOUT +++++
done with option i: 485 526 550 651 781 784 644 825 847 878 880 905 909 616 598 2411 836 910 412 449 499 503 606 621 810 854 856 861 536 451 470 474 506 629 788 664 724 648 761 765 829 116 351 607 612 650 659 662 666 2409 453 459 587 615 632 901 735 791 601 610 534 467 513 413 640 813 631 471 537 408 635 647 821 589 736 482 565 122 350 465 830 657 824 832 457 469 454 539 407 112 107 114 118 450 488 603 617 618 484 731 754 827 1735 1736 1740 1745 1747 1750 1752 1753 1756 1761 1901 1906 1907 1912 1920 1922 1924 1935 1943 1945 1947 1909 1911 1948 1970 1971 1979 1980 1987 1989 1991 1994 1998 1999 2001 2003 2004 2016 2017 2030 2031 2032 2033 1952 1953 1957 1962 1966 2034 2047 2050 2054 2055 2308 2057 2064 2069 2071 2072 2075 2076 2078 2036 2037 2038 2041 2045 2319 2082 2179 2148 2149 2155 2160 2324 2161 2162 2168 2181 2204 2214 2217 2282 2320 2212 2219 2224 2256 2257 2258 2266 2268 2270 2276 2292 2302 2305 2307 2325 2184 2193 2195 2196 2207 2393 2397 2403 2404 2338 2345 2346 2350 2352 2353 2355 2361 2363 2366 2367 2368 2370 2375 2378 2380 2384 2396 2406 2329 2331 2334 2336 2337 2105 2106 2108 2111 2175 2120 2123 2126 2129 2135 2133 2091 2093 2095 2102 2140 2142 2145 1286 1251 1252 359 370 371 372 378 379 382 386 676 679 683 684 685 690 692 694 698 699 1246 1248 1250 1255 1256 1258 1259 1260 1263 1264 681 1282 1284 1287 1294 1296 1299 1301 1302 1306 1309 1312 1315 1320 1322 1323 1327 1328 1331 1332 1333 1334 1335 1268 1274 1276 1277 1376 1377 1378 1379 1380 1385 1386 1389 1390 1392 1394 1395 1400 1401 117 125 120 713 718 728 870 473 505 518 521 348 460 815 862 448 475 531 557 119 347 628 639 652 559 774 592 656 515 524 556 508 416 444 481 496 520 497 525 483 564 509 101 103 132 237 247 375 388 389 395 675 674 702 962 1247 1556 1592 1582 1601 1657 1660 1662 1731 1804 1871 1866 1869 2230 2226 2229 2237 2241 2242 2340 2296 2301 2311 2318 687 688 689 697 706 838 839 858 882 883 885 889 992 917 981 984 988 1028 1029 1033 1041 1042 1043 1044 1045 1053 1059 1064 1065 1068 1069 1072 1076 1078 1083 1231 1233 1234 1235 1237 1239 1353 1357 1370 1552 1441 1449 1460 1467 1470 1474 1573 1856 1726 1729 1738 1748 1859 1864 1876 2198 2206 2213 2190 2191 2197 2228 2239 2231 2261 1527 1532 1525 1533 1535 1524 1521 1628 1630 1632 1633 1634 1635 1637 1641 1643 1645 1667 1670 1672 1677 1680 1682 1686 1689 1700 1701 1703 1707 1708 1710 1714 1715 1718 1721 1722 2062 2068 2083 2098 2114 2115 2117 2124 2132 2143 2185 2186 2272 2299 2300 2303 2312 2323 2326 2330 2335 2339 2341 2342 2344 2347 2354 2357 2365 2372 2376 2382 2400 2407 2421 2425 2293 1803 1955 2172 2192 1933 2430 1861 2061 2153 2221 2260 1758 1972 2018 2065 2147 2183 2254 2309 2328 2343 2377 2089 2139 573 574 579 672 700 1046 1240 1307 1577 1594 1650 1727 677 1262 1267 1281 1319 1339 1352 1387 1409 1459 2250 1461 1466 2177 2235 2248 73 76 78 980 1977 2046 2166 2199 2389 2415 361 363 1279 1349 2012 1895 1897 608 613 834 748 911 595 624 739 89 955 1539 2359 2418 394 2253 580 396 490 546 782 88 93 96 130 252 126 368 373 401 393 398 502 528 572 575 581 645 826 844 855 877 881 912 915 943 960 974 1070 1340 1371 1375 1719 1724 2154 2171 2174 2176 2284 1381 1384 597 630 872 128 129 406 433 456 498 527 569 428 430 602 757 464 511 614 619 790 545 641 762 775 432 105 611 653 726 902 908 907 638 588 560 803 649 843 663 668 627 831 437 596 655 600 609 792 822 345 443 787 637 665 763 769 737 643 519 529 538 558 626 764 857 512 113 418 123 124 431 480 463 411 1519 1048 
done with option o: /home/yangheechan/FL-dataset-generation-opencv_features2d_TF_top30/out/opencv_features2d_TF_top30/generated_mutants-mbfl-trial1/brisk.MUT359.cpp/opencv_features2d_TF_top30-opencv_features2d_TF_top30--modules--features2d--src--brisk.cpp/
done with option l: 5
added ARGARINEG
added ARGBITNEG
added ARGDEL
added ARGINCDEC
added ARGLOGNEG
added ARGREPREQ
added ARGSTCALI
added ARGSTCDIF
added CGCR
added CGSR
added CLCR
added CLSR
added CRCR
added DIRVARARINEG
added DIRVARBITNEG
added DIRVARINCDEC
added DIRVARLOGNEG
added DIRVARREPCON
added DIRVARREPEXT
added DIRVARREPGLO
added DIRVARREPLOC
added DIRVARREPPAR
added DIRVARREPREQ
added FUNCALDEL
added INDVARARINEG
added INDVARBITNEG
added INDVARINCDEC
added INDVARLOGNEG
added INDVARREPCON
added INDVARREPEXT
added INDVARREPGLO
added INDVARREPLOC
added INDVARREPPAR
added INDVARREPREQ
added OAAA
added OAAN
added OABA
added OABN
added OAEA
added OALN
added OARN
added OASA
added OASN
added OBAA
added OBAN
added OBBA
added OBBN
added OBEA
added OBLN
added OBNG
added OBRN
added OBSA
added OBSN
added OCOR
added OEAA
added OEBA
added OESA
added OIPM
added OLAN
added OLBN
added OLLN
added OLNG
added OLRN
added OLSN
added OMMO
added OPPO
added ORAN
added ORBN
added ORLN
added ORRN
added ORSN
added OSAA
added OSAN
added OSBA
added OSBN
added OSEA
added OSLN
added OSRN
added OSSA
added OSSN
added SSOM
added VASM
added VDTR
added VGAR
added VGPR
added VGSR
added VGTR
added VLAR
added VLPR
added VLSR
added VLTR
added VSCR
added VTWD
done with option m
disabling DirVarAriNeg,DirVarBitNeg,DirVarLogNeg,DirVarIncDec,DirVarRepReq,DirVarRepCon,DirVarRepPar,DirVarRepGlo,DirVarRepExt,DirVarRepLoc,IndVarAriNeg,IndVarBitNeg,IndVarLogNeg,IndVarIncDec,IndVarRepReq,IndVarRepCon,IndVarRepPar,IndVarRepGlo,IndVarRepExt,IndVarRepLoc,STRI
g_inputfile_name = brisk.cpp
g_mutdbfile_name = /home/yangheechan/FL-dataset-generation-opencv_features2d_TF_top30/out/opencv_features2d_TF_top30/generated_mutants-mbfl-trial1/brisk.MUT359.cpp/opencv_features2d_TF_top30-opencv_features2d_TF_top30--modules--features2d--src--brisk.cpp/brisk_mut_db.csv
executing action from GatherDataAction
Done GatherDataAction
0
brisk.cpp
(1 : 1)
(2434 : 1)
executing action from GenerateMutantAction
done execute action
opened file name /home/yangheechan/FL-dataset-generation-opencv_features2d_TF_top30/out/opencv_features2d_TF_top30/generated_mutants-mbfl-trial1/brisk.MUT359.cpp/opencv_features2d_TF_top30-opencv_features2d_TF_top30--modules--features2d--src--brisk.cpp/brisk_mut_db.csv
ArgAriNeg 47
ArgBitNeg 31
ArgDel 73
ArgIncDec 85
ArgLogNeg 46
ArgRepReq 171
ArgStcAli 34
ArgStcDif 28
CGCR 313
CGSR 463
CLCR 280
CLSR 403
CRCR 530
CovAllEdg 66
CovAllNod 144
DirVarAriNeg 0
DirVarBitNeg 0
DirVarIncDec 0
DirVarLogNeg 0
DirVarRepCon 0
DirVarRepExt 0
DirVarRepGlo 0
DirVarRepLoc 0
DirVarRepPar 0
DirVarRepReq 0
FunCalDel 92
IndVarAriNeg 0
IndVarBitNeg 0
IndVarIncDec 0
IndVarLogNeg 0
IndVarRepCon 0
IndVarRepExt 0
IndVarRepGlo 0
IndVarRepLoc 0
IndVarRepPar 0
IndVarRepReq 0
OAAA 33
OAAN 178
OABA 15
OABN 100
OAEA 10
OALN 132
OARN 244
OASA 9
OASN 81
OBAA 0
OBAN 2
OBBA 0
OBBN 0
OBEA 1
OBLN 0
OBNG 1
OBRN 1
OBSA 0
OBSN 0
OCNG 34
OCOR 60
OEAA 153
OEBA 45
OESA 28
OIPM 0
OLAN 7
OLBN 6
OLLN 3
OLNG 5
OLRN 6
OLSN 4
OMMO 6
OPPO 27
ORAN 82
ORBN 29
ORLN 48
ORRN 105
ORSN 25
OSAA 0
OSAN 1
OSBA 0
OSBN 2
OSEA 0
OSLN 2
OSRN 4
OSSA 0
OSSN 0
RetStaDel 16
SBRC 0
SBRN 0
SCRB 4
SCRN 0
SDWD 0
SGLR 0
SMTC 1
SMTT 1
SMVB 2
SRSR 146
SSDL 137
SSOM 0
SSWM 0
STRI 0
STRP 139
SWDD 0
VASM 0
VDTR 426
VGAR 0
VGPR 0
VGSR 554
VGTR 0
VLAR 0
VLPR 30
VLSR 561
VLTR 0
VSCR 91
VTWD 313
Done tooling on /home/yangheechan/FL-dataset-generation-opencv_features2d_TF_top30/work/opencv_features2d_TF_top30/working_env/faster27.swtv/core4/opencv_features2d_TF_top30/modules/features2d/src/brisk.cpp
done with option i: 64 76 77 79 91 93 95 97 103 105 117 120 122 123 126 129 132 57 61 66 67 71 150 156 166 56 60 68 78 92 98 99 119 131 138 147 153 161 168 178 180 141 73 127 135 144 
done with option o: /home/yangheechan/FL-dataset-generation-opencv_features2d_TF_top30/out/opencv_features2d_TF_top30/generated_mutants-mbfl-trial1/brisk.MUT359.cpp/opencv_features2d_TF_top30-opencv_features2d_TF_top30--modules--features2d--src--fast.avx2.cpp/
done with option l: 5
added ARGARINEG
added ARGBITNEG
added ARGDEL
added ARGINCDEC
added ARGLOGNEG
added ARGREPREQ
added ARGSTCALI
added ARGSTCDIF
added CGCR
added CGSR
added CLCR
added CLSR
added CRCR
added DIRVARARINEG
added DIRVARBITNEG
added DIRVARINCDEC
added DIRVARLOGNEG
added DIRVARREPCON
added DIRVARREPEXT
added DIRVARREPGLO
added DIRVARREPLOC
added DIRVARREPPAR
added DIRVARREPREQ
added FUNCALDEL
added INDVARARINEG
added INDVARBITNEG
added INDVARINCDEC
added INDVARLOGNEG
added INDVARREPCON
added INDVARREPEXT
added INDVARREPGLO
added INDVARREPLOC
added INDVARREPPAR
added INDVARREPREQ
added OAAA
added OAAN
added OABA
added OABN
added OAEA
added OALN
added OARN
added OASA
added OASN
added OBAA
added OBAN
added OBBA
added OBBN
added OBEA
added OBLN
added OBNG
added OBRN
added OBSA
added OBSN
added OCOR
added OEAA
added OEBA
added OESA
added OIPM
added OLAN
added OLBN
added OLLN
added OLNG
added OLRN
added OLSN
added OMMO
added OPPO
added ORAN
added ORBN
added ORLN
added ORRN
added ORSN
added OSAA
added OSAN
added OSBA
added OSBN
added OSEA
added OSLN
added OSRN
added OSSA
added OSSN
added SSOM
added VASM
added VDTR
added VGAR
added VGPR
added VGSR
added VGTR
added VLAR
added VLPR
added VLSR
added VLTR
added VSCR
added VTWD
done with option m
disabling DirVarAriNeg,DirVarBitNeg,DirVarLogNeg,DirVarIncDec,DirVarRepReq,DirVarRepCon,DirVarRepPar,DirVarRepGlo,DirVarRepExt,DirVarRepLoc,IndVarAriNeg,IndVarBitNeg,IndVarLogNeg,IndVarIncDec,IndVarRepReq,IndVarRepCon,IndVarRepPar,IndVarRepGlo,IndVarRepExt,IndVarRepLoc,STRI
g_inputfile_name = fast.avx2.cpp
g_mutdbfile_name = /home/yangheechan/FL-dataset-generation-opencv_features2d_TF_top30/out/opencv_features2d_TF_top30/generated_mutants-mbfl-trial1/brisk.MUT359.cpp/opencv_features2d_TF_top30-opencv_features2d_TF_top30--modules--features2d--src--fast.avx2.cpp/fast.avx2_mut_db.csv
executing action from GatherDataAction
Done GatherDataAction
0
fast.avx2.cpp
(1 : 1)
(185 : 1)
executing action from GenerateMutantAction
done execute action
opened file name /home/yangheechan/FL-dataset-generation-opencv_features2d_TF_top30/out/opencv_features2d_TF_top30/generated_mutants-mbfl-trial1/brisk.MUT359.cpp/opencv_features2d_TF_top30-opencv_features2d_TF_top30--modules--features2d--src--fast.avx2.cpp/fast.avx2_mut_db.csv
ArgAriNeg 2
ArgBitNeg 1
ArgDel 12
ArgIncDec 16
ArgLogNeg 9
ArgRepReq 37
ArgStcAli 2
ArgStcDif 4
CGCR 0
CGSR 0
CLCR 39
CLSR 28
CRCR 30
CovAllEdg 4
CovAllNod 7
DirVarAriNeg 0
DirVarBitNeg 0
DirVarIncDec 0
DirVarLogNeg 0
DirVarRepCon 0
DirVarRepExt 0
DirVarRepGlo 0
DirVarRepLoc 0
DirVarRepPar 0
DirVarRepReq 0
FunCalDel 25
IndVarAriNeg 0
IndVarBitNeg 0
IndVarIncDec 0
IndVarLogNeg 0
IndVarRepCon 0
IndVarRepExt 0
IndVarRepGlo 0
IndVarRepLoc 0
IndVarRepPar 0
IndVarRepReq 0
OAAA 4
OAAN 19
OABA 2
OABN 2
OAEA 2
OALN 4
OARN 4
OASA 1
OASN 2
OBAA 0
OBAN 2
OBBA 0
OBBN 0
OBEA 0
OBLN 2
OBNG 1
OBRN 2
OBSA 0
OBSN 2
OCNG 4
OCOR 6
OEAA 6
OEBA 2
OESA 0
OIPM 0
OLAN 1
OLBN 0
OLLN 0
OLNG 0
OLRN 0
OLSN 0
OMMO 0
OPPO 2
ORAN 10
ORBN 4
ORLN 2
ORRN 6
ORSN 3
OSAA 0
OSAN 0
OSBA 0
OSBN 0
OSEA 0
OSLN 0
OSRN 0
OSSA 0
OSSN 0
RetStaDel 1
SBRC 0
SBRN 0
SCRB 2
SCRN 0
SDWD 0
SGLR 0
SMTC 0
SMTT 0
SMVB 0
SRSR 0
SSDL 11
SSOM 1
SSWM 0
STRI 0
STRP 7
SWDD 0
VASM 0
VDTR 20
VGAR 0
VGPR 0
VGSR 0
VGTR 0
VLAR 0
VLPR 0
VLSR 19
VLTR 8
VSCR 4
VTWD 14
Done tooling on /home/yangheechan/FL-dataset-generation-opencv_features2d_TF_top30/work/opencv_features2d_TF_top30/working_env/faster27.swtv/core4/opencv_features2d_TF_top30/modules/features2d/src/fast.avx2.cpp
done with option i: 84 70 87 89 92 94 101 102 103 104 105 109 116 122 126 128 129 142 143 146 60 63 67 71 148 254 256 257 258 271 274 275 277 279 551 556 547 557 565 78 82 85 86 90 96 99 576 579 583 616 626 81 221 513 558 115 127 245 272 58 613 614 504 542 
done with option o: /home/yangheechan/FL-dataset-generation-opencv_features2d_TF_top30/out/opencv_features2d_TF_top30/generated_mutants-mbfl-trial1/brisk.MUT359.cpp/opencv_features2d_TF_top30-opencv_features2d_TF_top30--modules--features2d--src--fast.cpp/
done with option l: 5
added ARGARINEG
added ARGBITNEG
added ARGDEL
added ARGINCDEC
added ARGLOGNEG
added ARGREPREQ
added ARGSTCALI
added ARGSTCDIF
added CGCR
added CGSR
added CLCR
added CLSR
added CRCR
added DIRVARARINEG
added DIRVARBITNEG
added DIRVARINCDEC
added DIRVARLOGNEG
added DIRVARREPCON
added DIRVARREPEXT
added DIRVARREPGLO
added DIRVARREPLOC
added DIRVARREPPAR
added DIRVARREPREQ
added FUNCALDEL
added INDVARARINEG
added INDVARBITNEG
added INDVARINCDEC
added INDVARLOGNEG
added INDVARREPCON
added INDVARREPEXT
added INDVARREPGLO
added INDVARREPLOC
added INDVARREPPAR
added INDVARREPREQ
added OAAA
added OAAN
added OABA
added OABN
added OAEA
added OALN
added OARN
added OASA
added OASN
added OBAA
added OBAN
added OBBA
added OBBN
added OBEA
added OBLN
added OBNG
added OBRN
added OBSA
added OBSN
added OCOR
added OEAA
added OEBA
added OESA
added OIPM
added OLAN
added OLBN
added OLLN
added OLNG
added OLRN
added OLSN
added OMMO
added OPPO
added ORAN
added ORBN
added ORLN
added ORRN
added ORSN
added OSAA
added OSAN
added OSBA
added OSBN
added OSEA
added OSLN
added OSRN
added OSSA
added OSSN
added SSOM
added VASM
added VDTR
added VGAR
added VGPR
added VGSR
added VGTR
added VLAR
added VLPR
added VLSR
added VLTR
added VSCR
added VTWD
done with option m
disabling DirVarAriNeg,DirVarBitNeg,DirVarLogNeg,DirVarIncDec,DirVarRepReq,DirVarRepCon,DirVarRepPar,DirVarRepGlo,DirVarRepExt,DirVarRepLoc,IndVarAriNeg,IndVarBitNeg,IndVarLogNeg,IndVarIncDec,IndVarRepReq,IndVarRepCon,IndVarRepPar,IndVarRepGlo,IndVarRepExt,IndVarRepLoc,STRI
g_inputfile_name = fast.cpp
g_mutdbfile_name = /home/yangheechan/FL-dataset-generation-opencv_features2d_TF_top30/out/opencv_features2d_TF_top30/generated_mutants-mbfl-trial1/brisk.MUT359.cpp/opencv_features2d_TF_top30-opencv_features2d_TF_top30--modules--features2d--src--fast.cpp/fast_mut_db.csv
executing action from GatherDataAction
Done GatherDataAction
0
fast.cpp
(1 : 1)
(635 : 1)
executing action from GenerateMutantAction
done execute action
opened file name /home/yangheechan/FL-dataset-generation-opencv_features2d_TF_top30/out/opencv_features2d_TF_top30/generated_mutants-mbfl-trial1/brisk.MUT359.cpp/opencv_features2d_TF_top30-opencv_features2d_TF_top30--modules--features2d--src--fast.cpp/fast_mut_db.csv
ArgAriNeg 9
ArgBitNeg 10
ArgDel 15
ArgIncDec 17
ArgLogNeg 14
ArgRepReq 33
ArgStcAli 1
ArgStcDif 14
CGCR 0
CGSR 0
CLCR 31
CLSR 22
CRCR 35
CovAllEdg 9
CovAllNod 17
DirVarAriNeg 0
DirVarBitNeg 0
DirVarIncDec 0
DirVarLogNeg 0
DirVarRepCon 0
DirVarRepExt 0
DirVarRepGlo 0
DirVarRepLoc 0
DirVarRepPar 0
DirVarRepReq 0
FunCalDel 12
IndVarAriNeg 0
IndVarBitNeg 0
IndVarIncDec 0
IndVarLogNeg 0
IndVarRepCon 0
IndVarRepExt 0
IndVarRepGlo 0
IndVarRepLoc 0
IndVarRepPar 0
IndVarRepReq 0
OAAA 2
OAAN 12
OABA 1
OABN 10
OAEA 0
OALN 4
OARN 4
OASA 2
OASN 8
OBAA 1
OBAN 2
OBBA 0
OBBN 1
OBEA 1
OBLN 1
OBNG 2
OBRN 1
OBSA 0
OBSN 2
OCNG 5
OCOR 2
OEAA 16
OEBA 5
OESA 4
OIPM 0
OLAN 0
OLBN 0
OLLN 0
OLNG 0
OLRN 0
OLSN 0
OMMO 0
OPPO 2
ORAN 10
ORBN 6
ORLN 5
ORRN 7
ORSN 4
OSAA 0
OSAN 0
OSBA 0
OSBN 0
OSEA 0
OSLN 0
OSRN 0
OSSA 0
OSSN 0
RetStaDel 0
SBRC 0
SBRN 0
SCRB 3
SCRN 0
SDWD 0
SGLR 0
SMTC 0
SMTT 0
SMVB 0
SRSR 1
SSDL 16
SSOM 0
SSWM 0
STRI 0
STRP 22
SWDD 0
VASM 0
VDTR 32
VGAR 0
VGPR 0
VGSR 0
VGTR 0
VLAR 0
VLPR 0
VLSR 44
VLTR 2
VSCR 8
VTWD 25
Done tooling on /home/yangheechan/FL-dataset-generation-opencv_features2d_TF_top30/work/opencv_features2d_TF_top30/working_env/faster27.swtv/core4/opencv_features2d_TF_top30/modules/features2d/src/fast.cpp
done with option i: 123 125 126 132 216 219 77 78 79 120 138 141 150 153 164 213 218 222 235 244 255 301 134 
done with option o: /home/yangheechan/FL-dataset-generation-opencv_features2d_TF_top30/out/opencv_features2d_TF_top30/generated_mutants-mbfl-trial1/brisk.MUT359.cpp/opencv_features2d_TF_top30-opencv_features2d_TF_top30--modules--features2d--src--fast_score.cpp/
done with option l: 5
added ARGARINEG
added ARGBITNEG
added ARGDEL
added ARGINCDEC
added ARGLOGNEG
added ARGREPREQ
added ARGSTCALI
added ARGSTCDIF
added CGCR
added CGSR
added CLCR
added CLSR
added CRCR
added DIRVARARINEG
added DIRVARBITNEG
added DIRVARINCDEC
added DIRVARLOGNEG
added DIRVARREPCON
added DIRVARREPEXT
added DIRVARREPGLO
added DIRVARREPLOC
added DIRVARREPPAR
added DIRVARREPREQ
added FUNCALDEL
added INDVARARINEG
added INDVARBITNEG
added INDVARINCDEC
added INDVARLOGNEG
added INDVARREPCON
added INDVARREPEXT
added INDVARREPGLO
added INDVARREPLOC
added INDVARREPPAR
added INDVARREPREQ
added OAAA
added OAAN
added OABA
added OABN
added OAEA
added OALN
added OARN
added OASA
added OASN
added OBAA
added OBAN
added OBBA
added OBBN
added OBEA
added OBLN
added OBNG
added OBRN
added OBSA
added OBSN
added OCOR
added OEAA
added OEBA
added OESA
added OIPM
added OLAN
added OLBN
added OLLN
added OLNG
added OLRN
added OLSN
added OMMO
added OPPO
added ORAN
added ORBN
added ORLN
added ORRN
added ORSN
added OSAA
added OSAN
added OSBA
added OSBN
added OSEA
added OSLN
added OSRN
added OSSA
added OSSN
added SSOM
added VASM
added VDTR
added VGAR
added VGPR
added VGSR
added VGTR
added VLAR
added VLPR
added VLSR
added VLTR
added VSCR
added VTWD
done with option m
disabling DirVarAriNeg,DirVarBitNeg,DirVarLogNeg,DirVarIncDec,DirVarRepReq,DirVarRepCon,DirVarRepPar,DirVarRepGlo,DirVarRepExt,DirVarRepLoc,IndVarAriNeg,IndVarBitNeg,IndVarLogNeg,IndVarIncDec,IndVarRepReq,IndVarRepCon,IndVarRepPar,IndVarRepGlo,IndVarRepExt,IndVarRepLoc,STRI
g_inputfile_name = fast_score.cpp
g_mutdbfile_name = /home/yangheechan/FL-dataset-generation-opencv_features2d_TF_top30/out/opencv_features2d_TF_top30/generated_mutants-mbfl-trial1/brisk.MUT359.cpp/opencv_features2d_TF_top30-opencv_features2d_TF_top30--modules--features2d--src--fast_score.cpp/fast_score_mut_db.csv
executing action from GatherDataAction
Done GatherDataAction
0
fast_score.cpp
(1 : 1)
(367 : 1)
executing action from GenerateMutantAction
done execute action
opened file name /home/yangheechan/FL-dataset-generation-opencv_features2d_TF_top30/out/opencv_features2d_TF_top30/generated_mutants-mbfl-trial1/brisk.MUT359.cpp/opencv_features2d_TF_top30-opencv_features2d_TF_top30--modules--features2d--src--fast_score.cpp/fast_score_mut_db.csv
ArgAriNeg 0
ArgBitNeg 0
ArgDel 3
ArgIncDec 2
ArgLogNeg 1
ArgRepReq 7
ArgStcAli 0
ArgStcDif 0
CGCR 0
CGSR 0
CLCR 33
CLSR 15
CRCR 23
CovAllEdg 2
CovAllNod 3
DirVarAriNeg 0
DirVarBitNeg 0
DirVarIncDec 0
DirVarLogNeg 0
DirVarRepCon 0
DirVarRepExt 0
DirVarRepGlo 0
DirVarRepLoc 0
DirVarRepPar 0
DirVarRepReq 0
FunCalDel 2
IndVarAriNeg 0
IndVarBitNeg 0
IndVarIncDec 0
IndVarLogNeg 0
IndVarRepCon 0
IndVarRepExt 0
IndVarRepGlo 0
IndVarRepLoc 0
IndVarRepPar 0
IndVarRepReq 0
OAAA 1
OAAN 16
OABA 0
OABN 5
OAEA 0
OALN 3
OARN 5
OASA 1
OASN 2
OBAA 0
OBAN 0
OBBA 0
OBBN 0
OBEA 0
OBLN 0
OBNG 0
OBRN 0
OBSA 0
OBSN 0
OCNG 3
OCOR 4
OEAA 5
OEBA 5
OESA 2
OIPM 0
OLAN 0
OLBN 0
OLLN 0
OLNG 0
OLRN 0
OLSN 0
OMMO 0
OPPO 2
ORAN 1
ORBN 2
ORLN 2
ORRN 2
ORSN 3
OSAA 0
OSAN 0
OSBA 0
OSBN 0
OSEA 0
OSLN 0
OSRN 0
OSSA 0
OSSN 0
RetStaDel 0
SBRC 0
SBRN 0
SCRB 0
SCRN 0
SDWD 0
SGLR 0
SMTC 1
SMTT 0
SMVB 0
SRSR 3
SSDL 2
SSOM 0
SSWM 0
STRI 0
STRP 1
SWDD 0
VASM 0
VDTR 15
VGAR 0
VGPR 0
VGSR 0
VGTR 0
VLAR 0
VLPR 0
VLSR 17
VLTR 9
VSCR 0
VTWD 17
Done tooling on /home/yangheechan/FL-dataset-generation-opencv_features2d_TF_top30/work/opencv_features2d_TF_top30/working_env/faster27.swtv/core4/opencv_features2d_TF_top30/modules/features2d/src/fast_score.cpp
done with option i: 117 50 76 100 107 116 119 120 138 190 187 173 145 
done with option o: /home/yangheechan/FL-dataset-generation-opencv_features2d_TF_top30/out/opencv_features2d_TF_top30/generated_mutants-mbfl-trial1/brisk.MUT359.cpp/opencv_features2d_TF_top30-opencv_features2d_TF_top30--modules--features2d--src--kaze--fed.cpp/
done with option l: 5
added ARGARINEG
added ARGBITNEG
added ARGDEL
added ARGINCDEC
added ARGLOGNEG
added ARGREPREQ
added ARGSTCALI
added ARGSTCDIF
added CGCR
added CGSR
added CLCR
added CLSR
added CRCR
added DIRVARARINEG
added DIRVARBITNEG
added DIRVARINCDEC
added DIRVARLOGNEG
added DIRVARREPCON
added DIRVARREPEXT
added DIRVARREPGLO
added DIRVARREPLOC
added DIRVARREPPAR
added DIRVARREPREQ
added FUNCALDEL
added INDVARARINEG
added INDVARBITNEG
added INDVARINCDEC
added INDVARLOGNEG
added INDVARREPCON
added INDVARREPEXT
added INDVARREPGLO
added INDVARREPLOC
added INDVARREPPAR
added INDVARREPREQ
added OAAA
added OAAN
added OABA
added OABN
added OAEA
added OALN
added OARN
added OASA
added OASN
added OBAA
added OBAN
added OBBA
added OBBN
added OBEA
added OBLN
added OBNG
added OBRN
added OBSA
added OBSN
added OCOR
added OEAA
added OEBA
added OESA
added OIPM
added OLAN
added OLBN
added OLLN
added OLNG
added OLRN
added OLSN
added OMMO
added OPPO
added ORAN
added ORBN
added ORLN
added ORRN
added ORSN
added OSAA
added OSAN
added OSBA
added OSBN
added OSEA
added OSLN
added OSRN
added OSSA
added OSSN
added SSOM
added VASM
added VDTR
added VGAR
added VGPR
added VGSR
added VGTR
added VLAR
added VLPR
added VLSR
added VLTR
added VSCR
added VTWD
done with option m
disabling DirVarAriNeg,DirVarBitNeg,DirVarLogNeg,DirVarIncDec,DirVarRepReq,DirVarRepCon,DirVarRepPar,DirVarRepGlo,DirVarRepExt,DirVarRepLoc,IndVarAriNeg,IndVarBitNeg,IndVarLogNeg,IndVarIncDec,IndVarRepReq,IndVarRepCon,IndVarRepPar,IndVarRepGlo,IndVarRepExt,IndVarRepLoc,STRI
g_inputfile_name = fed.cpp
g_mutdbfile_name = /home/yangheechan/FL-dataset-generation-opencv_features2d_TF_top30/out/opencv_features2d_TF_top30/generated_mutants-mbfl-trial1/brisk.MUT359.cpp/opencv_features2d_TF_top30-opencv_features2d_TF_top30--modules--features2d--src--kaze--fed.cpp/fed_mut_db.csv
executing action from GatherDataAction
Done GatherDataAction
0
fed.cpp
(1 : 1)
(193 : 1)
executing action from GenerateMutantAction
done execute action
opened file name /home/yangheechan/FL-dataset-generation-opencv_features2d_TF_top30/out/opencv_features2d_TF_top30/generated_mutants-mbfl-trial1/brisk.MUT359.cpp/opencv_features2d_TF_top30-opencv_features2d_TF_top30--modules--features2d--src--kaze--fed.cpp/fed_mut_db.csv
ArgAriNeg 1
ArgBitNeg 0
ArgDel 0
ArgIncDec 1
ArgLogNeg 1
ArgRepReq 7
ArgStcAli 0
ArgStcDif 0
CGCR 0
CGSR 0
CLCR 5
CLSR 12
CRCR 9
CovAllEdg 4
CovAllNod 3
DirVarAriNeg 0
DirVarBitNeg 0
DirVarIncDec 0
DirVarLogNeg 0
DirVarRepCon 0
DirVarRepExt 0
DirVarRepGlo 0
DirVarRepLoc 0
DirVarRepPar 0
DirVarRepReq 0
FunCalDel 2
IndVarAriNeg 0
IndVarBitNeg 0
IndVarIncDec 0
IndVarLogNeg 0
IndVarRepCon 0
IndVarRepExt 0
IndVarRepGlo 0
IndVarRepLoc 0
IndVarRepPar 0
IndVarRepReq 0
OAAA 0
OAAN 3
OABA 1
OABN 3
OAEA 1
OALN 3
OARN 1
OASA 1
OASN 1
OBAA 0
OBAN 0
OBBA 0
OBBN 0
OBEA 0
OBLN 0
OBNG 0
OBRN 0
OBSA 0
OBSN 0
OCNG 0
OCOR 3
OEAA 2
OEBA 1
OESA 0
OIPM 0
OLAN 0
OLBN 0
OLLN 2
OLNG 1
OLRN 0
OLSN 1
OMMO 0
OPPO 0
ORAN 5
ORBN 1
ORLN 3
ORRN 2
ORSN 1
OSAA 0
OSAN 0
OSBA 0
OSBN 0
OSEA 0
OSLN 0
OSRN 0
OSSA 0
OSSN 0
RetStaDel 0
SBRC 0
SBRN 0
SCRB 0
SCRN 0
SDWD 0
SGLR 0
SMTC 0
SMTT 1
SMVB 3
SRSR 8
SSDL 3
SSOM 0
SSWM 0
STRI 0
STRP 4
SWDD 0
VASM 0
VDTR 9
VGAR 0
VGPR 0
VGSR 0
VGTR 0
VLAR 0
VLPR 0
VLSR 5
VLTR 0
VSCR 0
VTWD 6
Done tooling on /home/yangheechan/FL-dataset-generation-opencv_features2d_TF_top30/work/opencv_features2d_TF_top30/working_env/faster27.swtv/core4/opencv_features2d_TF_top30/modules/features2d/src/kaze/fed.cpp
done with option i: 391 385 527 538 539 548 554 563 568 577 585 406 416 447 457 460 471 505 508 524 123 124 126 127 129 130 475 514 516 533 813 814 882 911 992 993 995 999 1004 1009 1012 1014 1019 1020 1023 1024 1064 1067 66 330 67 68 70 104 106 131 135 140 146 150 155 159 162 176 181 183 205 209 211 215 223 247 255 260 279 281 284 288 295 332 336 344 349 355 358 373 492 604 671 675 688 690 697 701 708 713 728 737 899 738 739 751 754 767 772 774 775 783 784 796 804 808 811 812 819 841 850 863 865 881 890 895 909 916 918 923 929 935 941 949 953 961 970 978 980 981 991 997 1005 1015 1021 1028 1033 1041 1049 1053 240 235 379 395 499 404 518 880 486 945 93 877 1058 95 110 111 112 115 121 125 128 144 101 667 326 
done with option o: /home/yangheechan/FL-dataset-generation-opencv_features2d_TF_top30/out/opencv_features2d_TF_top30/generated_mutants-mbfl-trial1/brisk.MUT359.cpp/opencv_features2d_TF_top30-opencv_features2d_TF_top30--modules--features2d--src--mser.cpp/
done with option l: 5
added ARGARINEG
added ARGBITNEG
added ARGDEL
added ARGINCDEC
added ARGLOGNEG
added ARGREPREQ
added ARGSTCALI
added ARGSTCDIF
added CGCR
added CGSR
added CLCR
added CLSR
added CRCR
added DIRVARARINEG
added DIRVARBITNEG
added DIRVARINCDEC
added DIRVARLOGNEG
added DIRVARREPCON
added DIRVARREPEXT
added DIRVARREPGLO
added DIRVARREPLOC
added DIRVARREPPAR
added DIRVARREPREQ
added FUNCALDEL
added INDVARARINEG
added INDVARBITNEG
added INDVARINCDEC
added INDVARLOGNEG
added INDVARREPCON
added INDVARREPEXT
added INDVARREPGLO
added INDVARREPLOC
added INDVARREPPAR
added INDVARREPREQ
added OAAA
added OAAN
added OABA
added OABN
added OAEA
added OALN
added OARN
added OASA
added OASN
added OBAA
added OBAN
added OBBA
added OBBN
added OBEA
added OBLN
added OBNG
added OBRN
added OBSA
added OBSN
added OCOR
added OEAA
added OEBA
added OESA
added OIPM
added OLAN
added OLBN
added OLLN
added OLNG
added OLRN
added OLSN
added OMMO
added OPPO
added ORAN
added ORBN
added ORLN
added ORRN
added ORSN
added OSAA
added OSAN
added OSBA
added OSBN
added OSEA
added OSLN
added OSRN
added OSSA
added OSSN
added SSOM
added VASM
added VDTR
added VGAR
added VGPR
added VGSR
added VGTR
added VLAR
added VLPR
added VLSR
added VLTR
added VSCR
added VTWD
done with option m
disabling DirVarAriNeg,DirVarBitNeg,DirVarLogNeg,DirVarIncDec,DirVarRepReq,DirVarRepCon,DirVarRepPar,DirVarRepGlo,DirVarRepExt,DirVarRepLoc,IndVarAriNeg,IndVarBitNeg,IndVarLogNeg,IndVarIncDec,IndVarRepReq,IndVarRepCon,IndVarRepPar,IndVarRepGlo,IndVarRepExt,IndVarRepLoc,STRI
g_inputfile_name = mser.cpp
g_mutdbfile_name = /home/yangheechan/FL-dataset-generation-opencv_features2d_TF_top30/out/opencv_features2d_TF_top30/generated_mutants-mbfl-trial1/brisk.MUT359.cpp/opencv_features2d_TF_top30-opencv_features2d_TF_top30--modules--features2d--src--mser.cpp/mser_mut_db.csv
executing action from GatherDataAction
Done GatherDataAction
0
mser.cpp
(1 : 1)
(1076 : 1)
executing action from GenerateMutantAction
done execute action
opened file name /home/yangheechan/FL-dataset-generation-opencv_features2d_TF_top30/out/opencv_features2d_TF_top30/generated_mutants-mbfl-trial1/brisk.MUT359.cpp/opencv_features2d_TF_top30-opencv_features2d_TF_top30--modules--features2d--src--mser.cpp/mser_mut_db.csv
ArgAriNeg 9
ArgBitNeg 10
ArgDel 17
ArgIncDec 13
ArgLogNeg 20
ArgRepReq 70
ArgStcAli 1
ArgStcDif 21
CGCR 20
CGSR 25
CLCR 31
CLSR 39
CRCR 131
CovAllEdg 13
CovAllNod 65
DirVarAriNeg 0
DirVarBitNeg 0
DirVarIncDec 0
DirVarLogNeg 0
DirVarRepCon 0
DirVarRepExt 0
DirVarRepGlo 0
DirVarRepLoc 0
DirVarRepPar 0
DirVarRepReq 0
FunCalDel 34
IndVarAriNeg 0
IndVarBitNeg 0
IndVarIncDec 0
IndVarLogNeg 0
IndVarRepCon 0
IndVarRepExt 0
IndVarRepGlo 0
IndVarRepLoc 0
IndVarRepPar 0
IndVarRepReq 0
OAAA 4
OAAN 14
OABA 0
OABN 4
OAEA 1
OALN 9
OARN 20
OASA 0
OASN 10
OBAA 0
OBAN 1
OBBA 0
OBBN 4
OBEA 0
OBLN 0
OBNG 4
OBRN 3
OBSA 0
OBSN 1
OCNG 11
OCOR 12
OEAA 61
OEBA 11
OESA 10
OIPM 0
OLAN 3
OLBN 3
OLLN 3
OLNG 7
OLRN 3
OLSN 0
OMMO 2
OPPO 22
ORAN 17
ORBN 10
ORLN 12
ORRN 27
ORSN 15
OSAA 0
OSAN 1
OSBA 0
OSBN 2
OSEA 0
OSLN 0
OSRN 5
OSSA 0
OSSN 2
RetStaDel 4
SBRC 2
SBRN 0
SCRB 0
SCRN 0
SDWD 0
SGLR 0
SMTC 0
SMTT 0
SMVB 0
SRSR 15
SSDL 63
SSOM 0
SSWM 0
STRI 0
STRP 70
SWDD 0
VASM 0
VDTR 86
VGAR 0
VGPR 0
VGSR 0
VGTR 0
VLAR 0
VLPR 95
VLSR 97
VLTR 0
VSCR 118
VTWD 71
Done tooling on /home/yangheechan/FL-dataset-generation-opencv_features2d_TF_top30/work/opencv_features2d_TF_top30/working_env/faster27.swtv/core4/opencv_features2d_TF_top30/modules/features2d/src/mser.cpp
Testing version brisk.MUT359.cpp on faster27.swtv::core4
Found buggy line 125 in failing tcs, TC9.sh executed lines
>>> TOTAL Selected lines: 1068
	 >>> Selected lines executed by failing tcs: 100
	 >>> Selected lines based on SBFL rank (desc): 535
	 >>> Selected lines based on SBFL rank (asc): 535
>> Applied patch to brisk.cpp with brisk.MUT359.cpp
>> Cleaning build for opencv_features2d_TF_top30
>> Configuring opencv_features2d_TF_top30 without coverage
>> Building opencv_features2d_TF_top30
>> Generating mutants on brisk.MUT359.cpp of brisk.cpp
>> Generating mutants on brisk.MUT359.cpp of fast.avx2.cpp
>> Generating mutants on brisk.MUT359.cpp of fast.cpp
>> Generating mutants on brisk.MUT359.cpp of fast_score.cpp
>> Generating mutants on brisk.MUT359.cpp of fed.cpp
>> Generating mutants on brisk.MUT359.cpp of mser.cpp
>> Reverted brisk.cpp to original from brisk.MUT359.cpp
>> Cleaning build for opencv_features2d_TF_top30
>> Configuring opencv_features2d_TF_top30 without coverage
>> Building opencv_features2d_TF_top30
>> Total number of mutants: 9420
>> Total number of lines executed by failing test cases: 238
>> Mutants per file:
	 >> opencv_features2d_TF_top30/modules/features2d/src/brisk.cpp: 6716 mutants, 238 lines executed by failing test cases
	 >> opencv_features2d_TF_top30/modules/features2d/src/fast.avx2.cpp: 398 mutants, 0 lines executed by failing test cases
	 >> opencv_features2d_TF_top30/modules/features2d/src/fast.cpp: 512 mutants, 0 lines executed by failing test cases
	 >> opencv_features2d_TF_top30/modules/features2d/src/fast_score.cpp: 220 mutants, 0 lines executed by failing test cases
	 >> opencv_features2d_TF_top30/modules/features2d/src/kaze/fed.cpp: 120 mutants, 0 lines executed by failing test cases
	 >> opencv_features2d_TF_top30/modules/features2d/src/mser.cpp: 1454 mutants, 0 lines executed by failing test cases
Testing on faster27.swtv::core4-p2
Testing on faster27.swtv::core4-p1
Testing on faster27.swtv::core4-p0
Job Process-1 has been finished: ['faster27.swtv', 'core4-p0', 'brisk.MUT359.cpp']
Job Process-2 has been finished: ['faster27.swtv', 'core4-p1', 'brisk.MUT359.cpp']
Job Process-3 has been finished: ['faster27.swtv', 'core4-p2', 'brisk.MUT359.cpp']
>> Zipped mutants on brisk.MUT359.cpp
>> Removed mutants on brisk.MUT359.cpp
>> Saving version brisk.MUT359.cpp to database
Finished testing version brisk.MUT359.cpp on faster27.swtv::core4

+++++ STDERR +++++
warning: unknown warning option '-Wimplicit-fallthrough=3'; did you mean '-Wimplicit-fallthrough'? [-Wunknown-warning-option]
In file included from /home/yangheechan/FL-dataset-generation-opencv_features2d_TF_top30/work/opencv_features2d_TF_top30/working_env/faster27.swtv/core4/opencv_features2d_TF_top30/modules/features2d/src/brisk.cpp:45:
In file included from /home/yangheechan/FL-dataset-generation-opencv_features2d_TF_top30/work/opencv_features2d_TF_top30/working_env/faster27.swtv/core4/opencv_features2d_TF_top30/modules/features2d/src/precomp.hpp:50:
In file included from /home/yangheechan/FL-dataset-generation-opencv_features2d_TF_top30/work/opencv_features2d_TF_top30/working_env/faster27.swtv/core4/opencv_features2d_TF_top30/modules/core/include/opencv2/core/private.hpp:246:
In file included from /home/yangheechan/FL-dataset-generation-opencv_features2d_TF_top30/work/opencv_features2d_TF_top30/working_env/faster27.swtv/core4/opencv_features2d_TF_top30/build/3rdparty/ippicv/ippicv_lnx/iw/include/iw++/iw.hpp:17:
In file included from /home/yangheechan/FL-dataset-generation-opencv_features2d_TF_top30/work/opencv_features2d_TF_top30/working_env/faster27.swtv/core4/opencv_features2d_TF_top30/build/3rdparty/ippicv/ippicv_lnx/iw/include/iw++/iw_image_color.hpp:17:
/home/yangheechan/FL-dataset-generation-opencv_features2d_TF_top30/work/opencv_features2d_TF_top30/working_env/faster27.swtv/core4/opencv_features2d_TF_top30/build/3rdparty/ippicv/ippicv_lnx/iw/include/iw++/iw_image.hpp:1389:13: warning: 'operator const _IwiTileTransform *' overrides a member function but is not marked 'override' [-Wsuggest-override]
    virtual operator const ::IwiTileTransform*() const { return NULL; }
            ^
/home/yangheechan/FL-dataset-generation-opencv_features2d_TF_top30/work/opencv_features2d_TF_top30/working_env/faster27.swtv/core4/opencv_features2d_TF_top30/build/3rdparty/ippicv/ippicv_lnx/iw/include/iw++/iw_image.hpp:1362:13: note: overridden virtual function is here
    virtual operator const ::IwiTileTransform*() const { return &transformStruct; }
            ^
/home/yangheechan/FL-dataset-generation-opencv_features2d_TF_top30/work/opencv_features2d_TF_top30/working_env/faster27.swtv/core4/opencv_features2d_TF_top30/build/3rdparty/ippicv/ippicv_lnx/iw/include/iw++/iw_image.hpp:1391:19: warning: 'Clone' overrides a member function but is not marked 'override' [-Wsuggest-override]
    virtual void* Clone() const
                  ^
/home/yangheechan/FL-dataset-generation-opencv_features2d_TF_top30/work/opencv_features2d_TF_top30/working_env/faster27.swtv/core4/opencv_features2d_TF_top30/build/3rdparty/ippicv/ippicv_lnx/iw/include/iw++/iw_image.hpp:1359:19: note: overridden virtual function is here
    virtual void* Clone() const = 0;
                  ^
/home/yangheechan/FL-dataset-generation-opencv_features2d_TF_top30/work/opencv_features2d_TF_top30/working_env/faster27.swtv/core4/opencv_features2d_TF_top30/build/3rdparty/ippicv/ippicv_lnx/iw/include/iw++/iw_image.hpp:1398:17: warning: 'GetSrcRoi' overrides a member function but is not marked 'override' [-Wsuggest-override]
    virtual int GetSrcRoi(ipp::IwiRoi, ipp::IwiRoi&) const
                ^
/home/yangheechan/FL-dataset-generation-opencv_features2d_TF_top30/work/opencv_features2d_TF_top30/working_env/faster27.swtv/core4/opencv_features2d_TF_top30/build/3rdparty/ippicv/ippicv_lnx/iw/include/iw++/iw_image.hpp:1356:17: note: overridden virtual function is here
    virtual int GetSrcRoi(ipp::IwiRoi, ipp::IwiRoi&) const = 0;
                ^
warning: unknown warning option '-Wimplicit-fallthrough=3'; did you mean '-Wimplicit-fallthrough'? [-Wunknown-warning-option]
In file included from /home/yangheechan/FL-dataset-generation-opencv_features2d_TF_top30/work/opencv_features2d_TF_top30/working_env/faster27.swtv/core4/opencv_features2d_TF_top30/modules/features2d/src/brisk.cpp:45:
In file included from /home/yangheechan/FL-dataset-generation-opencv_features2d_TF_top30/work/opencv_features2d_TF_top30/working_env/faster27.swtv/core4/opencv_features2d_TF_top30/modules/features2d/src/precomp.hpp:50:
In file included from /home/yangheechan/FL-dataset-generation-opencv_features2d_TF_top30/work/opencv_features2d_TF_top30/working_env/faster27.swtv/core4/opencv_features2d_TF_top30/modules/core/include/opencv2/core/private.hpp:246:
In file included from /home/yangheechan/FL-dataset-generation-opencv_features2d_TF_top30/work/opencv_features2d_TF_top30/working_env/faster27.swtv/core4/opencv_features2d_TF_top30/build/3rdparty/ippicv/ippicv_lnx/iw/include/iw++/iw.hpp:17:
In file included from /home/yangheechan/FL-dataset-generation-opencv_features2d_TF_top30/work/opencv_features2d_TF_top30/working_env/faster27.swtv/core4/opencv_features2d_TF_top30/build/3rdparty/ippicv/ippicv_lnx/iw/include/iw++/iw_image_color.hpp:17:
/home/yangheechan/FL-dataset-generation-opencv_features2d_TF_top30/work/opencv_features2d_TF_top30/working_env/faster27.swtv/core4/opencv_features2d_TF_top30/build/3rdparty/ippicv/ippicv_lnx/iw/include/iw++/iw_image.hpp:1389:13: warning: 'operator const _IwiTileTransform *' overrides a member function but is not marked 'override' [-Wsuggest-override]
    virtual operator const ::IwiTileTransform*() const { return NULL; }
            ^
/home/yangheechan/FL-dataset-generation-opencv_features2d_TF_top30/work/opencv_features2d_TF_top30/working_env/faster27.swtv/core4/opencv_features2d_TF_top30/build/3rdparty/ippicv/ippicv_lnx/iw/include/iw++/iw_image.hpp:1362:13: note: overridden virtual function is here
    virtual operator const ::IwiTileTransform*() const { return &transformStruct; }
            ^
/home/yangheechan/FL-dataset-generation-opencv_features2d_TF_top30/work/opencv_features2d_TF_top30/working_env/faster27.swtv/core4/opencv_features2d_TF_top30/build/3rdparty/ippicv/ippicv_lnx/iw/include/iw++/iw_image.hpp:1391:19: warning: 'Clone' overrides a member function but is not marked 'override' [-Wsuggest-override]
    virtual void* Clone() const
                  ^
/home/yangheechan/FL-dataset-generation-opencv_features2d_TF_top30/work/opencv_features2d_TF_top30/working_env/faster27.swtv/core4/opencv_features2d_TF_top30/build/3rdparty/ippicv/ippicv_lnx/iw/include/iw++/iw_image.hpp:1359:19: note: overridden virtual function is here
    virtual void* Clone() const = 0;
                  ^
/home/yangheechan/FL-dataset-generation-opencv_features2d_TF_top30/work/opencv_features2d_TF_top30/working_env/faster27.swtv/core4/opencv_features2d_TF_top30/build/3rdparty/ippicv/ippicv_lnx/iw/include/iw++/iw_image.hpp:1398:17: warning: 'GetSrcRoi' overrides a member function but is not marked 'override' [-Wsuggest-override]
    virtual int GetSrcRoi(ipp::IwiRoi, ipp::IwiRoi&) const
                ^
/home/yangheechan/FL-dataset-generation-opencv_features2d_TF_top30/work/opencv_features2d_TF_top30/working_env/faster27.swtv/core4/opencv_features2d_TF_top30/build/3rdparty/ippicv/ippicv_lnx/iw/include/iw++/iw_image.hpp:1356:17: note: overridden virtual function is here
    virtual int GetSrcRoi(ipp::IwiRoi, ipp::IwiRoi&) const = 0;
                ^
4 warnings generated.
4 warnings generated.
warning: unknown warning option '-Wimplicit-fallthrough=3'; did you mean '-Wimplicit-fallthrough'? [-Wunknown-warning-option]
In file included from /home/yangheechan/FL-dataset-generation-opencv_features2d_TF_top30/work/opencv_features2d_TF_top30/working_env/faster27.swtv/core4/opencv_features2d_TF_top30/modules/features2d/src/fast.avx2.cpp:44:
In file included from /home/yangheechan/FL-dataset-generation-opencv_features2d_TF_top30/work/opencv_features2d_TF_top30/working_env/faster27.swtv/core4/opencv_features2d_TF_top30/modules/features2d/src/precomp.hpp:50:
In file included from /home/yangheechan/FL-dataset-generation-opencv_features2d_TF_top30/work/opencv_features2d_TF_top30/working_env/faster27.swtv/core4/opencv_features2d_TF_top30/modules/core/include/opencv2/core/private.hpp:246:
In file included from /home/yangheechan/FL-dataset-generation-opencv_features2d_TF_top30/work/opencv_features2d_TF_top30/working_env/faster27.swtv/core4/opencv_features2d_TF_top30/build/3rdparty/ippicv/ippicv_lnx/iw/include/iw++/iw.hpp:17:
In file included from /home/yangheechan/FL-dataset-generation-opencv_features2d_TF_top30/work/opencv_features2d_TF_top30/working_env/faster27.swtv/core4/opencv_features2d_TF_top30/build/3rdparty/ippicv/ippicv_lnx/iw/include/iw++/iw_image_color.hpp:17:
/home/yangheechan/FL-dataset-generation-opencv_features2d_TF_top30/work/opencv_features2d_TF_top30/working_env/faster27.swtv/core4/opencv_features2d_TF_top30/build/3rdparty/ippicv/ippicv_lnx/iw/include/iw++/iw_image.hpp:1389:13: warning: 'operator const _IwiTileTransform *' overrides a member function but is not marked 'override' [-Wsuggest-override]
    virtual operator const ::IwiTileTransform*() const { return NULL; }
            ^
/home/yangheechan/FL-dataset-generation-opencv_features2d_TF_top30/work/opencv_features2d_TF_top30/working_env/faster27.swtv/core4/opencv_features2d_TF_top30/build/3rdparty/ippicv/ippicv_lnx/iw/include/iw++/iw_image.hpp:1362:13: note: overridden virtual function is here
    virtual operator const ::IwiTileTransform*() const { return &transformStruct; }
            ^
/home/yangheechan/FL-dataset-generation-opencv_features2d_TF_top30/work/opencv_features2d_TF_top30/working_env/faster27.swtv/core4/opencv_features2d_TF_top30/build/3rdparty/ippicv/ippicv_lnx/iw/include/iw++/iw_image.hpp:1391:19: warning: 'Clone' overrides a member function but is not marked 'override' [-Wsuggest-override]
    virtual void* Clone() const
                  ^
/home/yangheechan/FL-dataset-generation-opencv_features2d_TF_top30/work/opencv_features2d_TF_top30/working_env/faster27.swtv/core4/opencv_features2d_TF_top30/build/3rdparty/ippicv/ippicv_lnx/iw/include/iw++/iw_image.hpp:1359:19: note: overridden virtual function is here
    virtual void* Clone() const = 0;
                  ^
/home/yangheechan/FL-dataset-generation-opencv_features2d_TF_top30/work/opencv_features2d_TF_top30/working_env/faster27.swtv/core4/opencv_features2d_TF_top30/build/3rdparty/ippicv/ippicv_lnx/iw/include/iw++/iw_image.hpp:1398:17: warning: 'GetSrcRoi' overrides a member function but is not marked 'override' [-Wsuggest-override]
    virtual int GetSrcRoi(ipp::IwiRoi, ipp::IwiRoi&) const
                ^
/home/yangheechan/FL-dataset-generation-opencv_features2d_TF_top30/work/opencv_features2d_TF_top30/working_env/faster27.swtv/core4/opencv_features2d_TF_top30/build/3rdparty/ippicv/ippicv_lnx/iw/include/iw++/iw_image.hpp:1356:17: note: overridden virtual function is here
    virtual int GetSrcRoi(ipp::IwiRoi, ipp::IwiRoi&) const = 0;
                ^
warning: unknown warning option '-Wimplicit-fallthrough=3'; did you mean '-Wimplicit-fallthrough'? [-Wunknown-warning-option]
In file included from /home/yangheechan/FL-dataset-generation-opencv_features2d_TF_top30/work/opencv_features2d_TF_top30/working_env/faster27.swtv/core4/opencv_features2d_TF_top30/modules/features2d/src/fast.avx2.cpp:44:
In file included from /home/yangheechan/FL-dataset-generation-opencv_features2d_TF_top30/work/opencv_features2d_TF_top30/working_env/faster27.swtv/core4/opencv_features2d_TF_top30/modules/features2d/src/precomp.hpp:50:
In file included from /home/yangheechan/FL-dataset-generation-opencv_features2d_TF_top30/work/opencv_features2d_TF_top30/working_env/faster27.swtv/core4/opencv_features2d_TF_top30/modules/core/include/opencv2/core/private.hpp:246:
In file included from /home/yangheechan/FL-dataset-generation-opencv_features2d_TF_top30/work/opencv_features2d_TF_top30/working_env/faster27.swtv/core4/opencv_features2d_TF_top30/build/3rdparty/ippicv/ippicv_lnx/iw/include/iw++/iw.hpp:17:
In file included from /home/yangheechan/FL-dataset-generation-opencv_features2d_TF_top30/work/opencv_features2d_TF_top30/working_env/faster27.swtv/core4/opencv_features2d_TF_top30/build/3rdparty/ippicv/ippicv_lnx/iw/include/iw++/iw_image_color.hpp:17:
/home/yangheechan/FL-dataset-generation-opencv_features2d_TF_top30/work/opencv_features2d_TF_top30/working_env/faster27.swtv/core4/opencv_features2d_TF_top30/build/3rdparty/ippicv/ippicv_lnx/iw/include/iw++/iw_image.hpp:1389:13: warning: 'operator const _IwiTileTransform *' overrides a member function but is not marked 'override' [-Wsuggest-override]
    virtual operator const ::IwiTileTransform*() const { return NULL; }
            ^
/home/yangheechan/FL-dataset-generation-opencv_features2d_TF_top30/work/opencv_features2d_TF_top30/working_env/faster27.swtv/core4/opencv_features2d_TF_top30/build/3rdparty/ippicv/ippicv_lnx/iw/include/iw++/iw_image.hpp:1362:13: note: overridden virtual function is here
    virtual operator const ::IwiTileTransform*() const { return &transformStruct; }
            ^
/home/yangheechan/FL-dataset-generation-opencv_features2d_TF_top30/work/opencv_features2d_TF_top30/working_env/faster27.swtv/core4/opencv_features2d_TF_top30/build/3rdparty/ippicv/ippicv_lnx/iw/include/iw++/iw_image.hpp:1391:19: warning: 'Clone' overrides a member function but is not marked 'override' [-Wsuggest-override]
    virtual void* Clone() const
                  ^
/home/yangheechan/FL-dataset-generation-opencv_features2d_TF_top30/work/opencv_features2d_TF_top30/working_env/faster27.swtv/core4/opencv_features2d_TF_top30/build/3rdparty/ippicv/ippicv_lnx/iw/include/iw++/iw_image.hpp:1359:19: note: overridden virtual function is here
    virtual void* Clone() const = 0;
                  ^
/home/yangheechan/FL-dataset-generation-opencv_features2d_TF_top30/work/opencv_features2d_TF_top30/working_env/faster27.swtv/core4/opencv_features2d_TF_top30/build/3rdparty/ippicv/ippicv_lnx/iw/include/iw++/iw_image.hpp:1398:17: warning: 'GetSrcRoi' overrides a member function but is not marked 'override' [-Wsuggest-override]
    virtual int GetSrcRoi(ipp::IwiRoi, ipp::IwiRoi&) const
                ^
/home/yangheechan/FL-dataset-generation-opencv_features2d_TF_top30/work/opencv_features2d_TF_top30/working_env/faster27.swtv/core4/opencv_features2d_TF_top30/build/3rdparty/ippicv/ippicv_lnx/iw/include/iw++/iw_image.hpp:1356:17: note: overridden virtual function is here
    virtual int GetSrcRoi(ipp::IwiRoi, ipp::IwiRoi&) const = 0;
                ^
4 warnings generated.
4 warnings generated.
warning: unknown warning option '-Wimplicit-fallthrough=3'; did you mean '-Wimplicit-fallthrough'? [-Wunknown-warning-option]
In file included from /home/yangheechan/FL-dataset-generation-opencv_features2d_TF_top30/work/opencv_features2d_TF_top30/working_env/faster27.swtv/core4/opencv_features2d_TF_top30/modules/features2d/src/fast.cpp:44:
In file included from /home/yangheechan/FL-dataset-generation-opencv_features2d_TF_top30/work/opencv_features2d_TF_top30/working_env/faster27.swtv/core4/opencv_features2d_TF_top30/modules/features2d/src/precomp.hpp:50:
In file included from /home/yangheechan/FL-dataset-generation-opencv_features2d_TF_top30/work/opencv_features2d_TF_top30/working_env/faster27.swtv/core4/opencv_features2d_TF_top30/modules/core/include/opencv2/core/private.hpp:246:
In file included from /home/yangheechan/FL-dataset-generation-opencv_features2d_TF_top30/work/opencv_features2d_TF_top30/working_env/faster27.swtv/core4/opencv_features2d_TF_top30/build/3rdparty/ippicv/ippicv_lnx/iw/include/iw++/iw.hpp:17:
In file included from /home/yangheechan/FL-dataset-generation-opencv_features2d_TF_top30/work/opencv_features2d_TF_top30/working_env/faster27.swtv/core4/opencv_features2d_TF_top30/build/3rdparty/ippicv/ippicv_lnx/iw/include/iw++/iw_image_color.hpp:17:
/home/yangheechan/FL-dataset-generation-opencv_features2d_TF_top30/work/opencv_features2d_TF_top30/working_env/faster27.swtv/core4/opencv_features2d_TF_top30/build/3rdparty/ippicv/ippicv_lnx/iw/include/iw++/iw_image.hpp:1389:13: warning: 'operator const _IwiTileTransform *' overrides a member function but is not marked 'override' [-Wsuggest-override]
    virtual operator const ::IwiTileTransform*() const { return NULL; }
            ^
/home/yangheechan/FL-dataset-generation-opencv_features2d_TF_top30/work/opencv_features2d_TF_top30/working_env/faster27.swtv/core4/opencv_features2d_TF_top30/build/3rdparty/ippicv/ippicv_lnx/iw/include/iw++/iw_image.hpp:1362:13: note: overridden virtual function is here
    virtual operator const ::IwiTileTransform*() const { return &transformStruct; }
            ^
/home/yangheechan/FL-dataset-generation-opencv_features2d_TF_top30/work/opencv_features2d_TF_top30/working_env/faster27.swtv/core4/opencv_features2d_TF_top30/build/3rdparty/ippicv/ippicv_lnx/iw/include/iw++/iw_image.hpp:1391:19: warning: 'Clone' overrides a member function but is not marked 'override' [-Wsuggest-override]
    virtual void* Clone() const
                  ^
/home/yangheechan/FL-dataset-generation-opencv_features2d_TF_top30/work/opencv_features2d_TF_top30/working_env/faster27.swtv/core4/opencv_features2d_TF_top30/build/3rdparty/ippicv/ippicv_lnx/iw/include/iw++/iw_image.hpp:1359:19: note: overridden virtual function is here
    virtual void* Clone() const = 0;
                  ^
/home/yangheechan/FL-dataset-generation-opencv_features2d_TF_top30/work/opencv_features2d_TF_top30/working_env/faster27.swtv/core4/opencv_features2d_TF_top30/build/3rdparty/ippicv/ippicv_lnx/iw/include/iw++/iw_image.hpp:1398:17: warning: 'GetSrcRoi' overrides a member function but is not marked 'override' [-Wsuggest-override]
    virtual int GetSrcRoi(ipp::IwiRoi, ipp::IwiRoi&) const
                ^
/home/yangheechan/FL-dataset-generation-opencv_features2d_TF_top30/work/opencv_features2d_TF_top30/working_env/faster27.swtv/core4/opencv_features2d_TF_top30/build/3rdparty/ippicv/ippicv_lnx/iw/include/iw++/iw_image.hpp:1356:17: note: overridden virtual function is here
    virtual int GetSrcRoi(ipp::IwiRoi, ipp::IwiRoi&) const = 0;
                ^
warning: unknown warning option '-Wimplicit-fallthrough=3'; did you mean '-Wimplicit-fallthrough'? [-Wunknown-warning-option]
In file included from /home/yangheechan/FL-dataset-generation-opencv_features2d_TF_top30/work/opencv_features2d_TF_top30/working_env/faster27.swtv/core4/opencv_features2d_TF_top30/modules/features2d/src/fast.cpp:44:
In file included from /home/yangheechan/FL-dataset-generation-opencv_features2d_TF_top30/work/opencv_features2d_TF_top30/working_env/faster27.swtv/core4/opencv_features2d_TF_top30/modules/features2d/src/precomp.hpp:50:
In file included from /home/yangheechan/FL-dataset-generation-opencv_features2d_TF_top30/work/opencv_features2d_TF_top30/working_env/faster27.swtv/core4/opencv_features2d_TF_top30/modules/core/include/opencv2/core/private.hpp:246:
In file included from /home/yangheechan/FL-dataset-generation-opencv_features2d_TF_top30/work/opencv_features2d_TF_top30/working_env/faster27.swtv/core4/opencv_features2d_TF_top30/build/3rdparty/ippicv/ippicv_lnx/iw/include/iw++/iw.hpp:17:
In file included from /home/yangheechan/FL-dataset-generation-opencv_features2d_TF_top30/work/opencv_features2d_TF_top30/working_env/faster27.swtv/core4/opencv_features2d_TF_top30/build/3rdparty/ippicv/ippicv_lnx/iw/include/iw++/iw_image_color.hpp:17:
/home/yangheechan/FL-dataset-generation-opencv_features2d_TF_top30/work/opencv_features2d_TF_top30/working_env/faster27.swtv/core4/opencv_features2d_TF_top30/build/3rdparty/ippicv/ippicv_lnx/iw/include/iw++/iw_image.hpp:1389:13: warning: 'operator const _IwiTileTransform *' overrides a member function but is not marked 'override' [-Wsuggest-override]
    virtual operator const ::IwiTileTransform*() const { return NULL; }
            ^
/home/yangheechan/FL-dataset-generation-opencv_features2d_TF_top30/work/opencv_features2d_TF_top30/working_env/faster27.swtv/core4/opencv_features2d_TF_top30/build/3rdparty/ippicv/ippicv_lnx/iw/include/iw++/iw_image.hpp:1362:13: note: overridden virtual function is here
    virtual operator const ::IwiTileTransform*() const { return &transformStruct; }
            ^
/home/yangheechan/FL-dataset-generation-opencv_features2d_TF_top30/work/opencv_features2d_TF_top30/working_env/faster27.swtv/core4/opencv_features2d_TF_top30/build/3rdparty/ippicv/ippicv_lnx/iw/include/iw++/iw_image.hpp:1391:19: warning: 'Clone' overrides a member function but is not marked 'override' [-Wsuggest-override]
    virtual void* Clone() const
                  ^
/home/yangheechan/FL-dataset-generation-opencv_features2d_TF_top30/work/opencv_features2d_TF_top30/working_env/faster27.swtv/core4/opencv_features2d_TF_top30/build/3rdparty/ippicv/ippicv_lnx/iw/include/iw++/iw_image.hpp:1359:19: note: overridden virtual function is here
    virtual void* Clone() const = 0;
                  ^
/home/yangheechan/FL-dataset-generation-opencv_features2d_TF_top30/work/opencv_features2d_TF_top30/working_env/faster27.swtv/core4/opencv_features2d_TF_top30/build/3rdparty/ippicv/ippicv_lnx/iw/include/iw++/iw_image.hpp:1398:17: warning: 'GetSrcRoi' overrides a member function but is not marked 'override' [-Wsuggest-override]
    virtual int GetSrcRoi(ipp::IwiRoi, ipp::IwiRoi&) const
                ^
/home/yangheechan/FL-dataset-generation-opencv_features2d_TF_top30/work/opencv_features2d_TF_top30/working_env/faster27.swtv/core4/opencv_features2d_TF_top30/build/3rdparty/ippicv/ippicv_lnx/iw/include/iw++/iw_image.hpp:1356:17: note: overridden virtual function is here
    virtual int GetSrcRoi(ipp::IwiRoi, ipp::IwiRoi&) const = 0;
                ^
4 warnings generated.
4 warnings generated.
warning: unknown warning option '-Wimplicit-fallthrough=3'; did you mean '-Wimplicit-fallthrough'? [-Wunknown-warning-option]
In file included from /home/yangheechan/FL-dataset-generation-opencv_features2d_TF_top30/work/opencv_features2d_TF_top30/working_env/faster27.swtv/core4/opencv_features2d_TF_top30/modules/features2d/src/fast_score.cpp:44:
In file included from /home/yangheechan/FL-dataset-generation-opencv_features2d_TF_top30/work/opencv_features2d_TF_top30/working_env/faster27.swtv/core4/opencv_features2d_TF_top30/modules/features2d/src/fast_score.hpp:49:
In file included from /home/yangheechan/FL-dataset-generation-opencv_features2d_TF_top30/work/opencv_features2d_TF_top30/working_env/faster27.swtv/core4/opencv_features2d_TF_top30/modules/features2d/src/precomp.hpp:50:
In file included from /home/yangheechan/FL-dataset-generation-opencv_features2d_TF_top30/work/opencv_features2d_TF_top30/working_env/faster27.swtv/core4/opencv_features2d_TF_top30/modules/core/include/opencv2/core/private.hpp:246:
In file included from /home/yangheechan/FL-dataset-generation-opencv_features2d_TF_top30/work/opencv_features2d_TF_top30/working_env/faster27.swtv/core4/opencv_features2d_TF_top30/build/3rdparty/ippicv/ippicv_lnx/iw/include/iw++/iw.hpp:17:
In file included from /home/yangheechan/FL-dataset-generation-opencv_features2d_TF_top30/work/opencv_features2d_TF_top30/working_env/faster27.swtv/core4/opencv_features2d_TF_top30/build/3rdparty/ippicv/ippicv_lnx/iw/include/iw++/iw_image_color.hpp:17:
/home/yangheechan/FL-dataset-generation-opencv_features2d_TF_top30/work/opencv_features2d_TF_top30/working_env/faster27.swtv/core4/opencv_features2d_TF_top30/build/3rdparty/ippicv/ippicv_lnx/iw/include/iw++/iw_image.hpp:1389:13: warning: 'operator const _IwiTileTransform *' overrides a member function but is not marked 'override' [-Wsuggest-override]
    virtual operator const ::IwiTileTransform*() const { return NULL; }
            ^
/home/yangheechan/FL-dataset-generation-opencv_features2d_TF_top30/work/opencv_features2d_TF_top30/working_env/faster27.swtv/core4/opencv_features2d_TF_top30/build/3rdparty/ippicv/ippicv_lnx/iw/include/iw++/iw_image.hpp:1362:13: note: overridden virtual function is here
    virtual operator const ::IwiTileTransform*() const { return &transformStruct; }
            ^
/home/yangheechan/FL-dataset-generation-opencv_features2d_TF_top30/work/opencv_features2d_TF_top30/working_env/faster27.swtv/core4/opencv_features2d_TF_top30/build/3rdparty/ippicv/ippicv_lnx/iw/include/iw++/iw_image.hpp:1391:19: warning: 'Clone' overrides a member function but is not marked 'override' [-Wsuggest-override]
    virtual void* Clone() const
                  ^
/home/yangheechan/FL-dataset-generation-opencv_features2d_TF_top30/work/opencv_features2d_TF_top30/working_env/faster27.swtv/core4/opencv_features2d_TF_top30/build/3rdparty/ippicv/ippicv_lnx/iw/include/iw++/iw_image.hpp:1359:19: note: overridden virtual function is here
    virtual void* Clone() const = 0;
                  ^
/home/yangheechan/FL-dataset-generation-opencv_features2d_TF_top30/work/opencv_features2d_TF_top30/working_env/faster27.swtv/core4/opencv_features2d_TF_top30/build/3rdparty/ippicv/ippicv_lnx/iw/include/iw++/iw_image.hpp:1398:17: warning: 'GetSrcRoi' overrides a member function but is not marked 'override' [-Wsuggest-override]
    virtual int GetSrcRoi(ipp::IwiRoi, ipp::IwiRoi&) const
                ^
/home/yangheechan/FL-dataset-generation-opencv_features2d_TF_top30/work/opencv_features2d_TF_top30/working_env/faster27.swtv/core4/opencv_features2d_TF_top30/build/3rdparty/ippicv/ippicv_lnx/iw/include/iw++/iw_image.hpp:1356:17: note: overridden virtual function is here
    virtual int GetSrcRoi(ipp::IwiRoi, ipp::IwiRoi&) const = 0;
                ^
warning: unknown warning option '-Wimplicit-fallthrough=3'; did you mean '-Wimplicit-fallthrough'? [-Wunknown-warning-option]
In file included from /home/yangheechan/FL-dataset-generation-opencv_features2d_TF_top30/work/opencv_features2d_TF_top30/working_env/faster27.swtv/core4/opencv_features2d_TF_top30/modules/features2d/src/fast_score.cpp:44:
In file included from /home/yangheechan/FL-dataset-generation-opencv_features2d_TF_top30/work/opencv_features2d_TF_top30/working_env/faster27.swtv/core4/opencv_features2d_TF_top30/modules/features2d/src/fast_score.hpp:49:
In file included from /home/yangheechan/FL-dataset-generation-opencv_features2d_TF_top30/work/opencv_features2d_TF_top30/working_env/faster27.swtv/core4/opencv_features2d_TF_top30/modules/features2d/src/precomp.hpp:50:
In file included from /home/yangheechan/FL-dataset-generation-opencv_features2d_TF_top30/work/opencv_features2d_TF_top30/working_env/faster27.swtv/core4/opencv_features2d_TF_top30/modules/core/include/opencv2/core/private.hpp:246:
In file included from /home/yangheechan/FL-dataset-generation-opencv_features2d_TF_top30/work/opencv_features2d_TF_top30/working_env/faster27.swtv/core4/opencv_features2d_TF_top30/build/3rdparty/ippicv/ippicv_lnx/iw/include/iw++/iw.hpp:17:
In file included from /home/yangheechan/FL-dataset-generation-opencv_features2d_TF_top30/work/opencv_features2d_TF_top30/working_env/faster27.swtv/core4/opencv_features2d_TF_top30/build/3rdparty/ippicv/ippicv_lnx/iw/include/iw++/iw_image_color.hpp:17:
/home/yangheechan/FL-dataset-generation-opencv_features2d_TF_top30/work/opencv_features2d_TF_top30/working_env/faster27.swtv/core4/opencv_features2d_TF_top30/build/3rdparty/ippicv/ippicv_lnx/iw/include/iw++/iw_image.hpp:1389:13: warning: 'operator const _IwiTileTransform *' overrides a member function but is not marked 'override' [-Wsuggest-override]
    virtual operator const ::IwiTileTransform*() const { return NULL; }
            ^
/home/yangheechan/FL-dataset-generation-opencv_features2d_TF_top30/work/opencv_features2d_TF_top30/working_env/faster27.swtv/core4/opencv_features2d_TF_top30/build/3rdparty/ippicv/ippicv_lnx/iw/include/iw++/iw_image.hpp:1362:13: note: overridden virtual function is here
    virtual operator const ::IwiTileTransform*() const { return &transformStruct; }
            ^
/home/yangheechan/FL-dataset-generation-opencv_features2d_TF_top30/work/opencv_features2d_TF_top30/working_env/faster27.swtv/core4/opencv_features2d_TF_top30/build/3rdparty/ippicv/ippicv_lnx/iw/include/iw++/iw_image.hpp:1391:19: warning: 'Clone' overrides a member function but is not marked 'override' [-Wsuggest-override]
    virtual void* Clone() const
                  ^
/home/yangheechan/FL-dataset-generation-opencv_features2d_TF_top30/work/opencv_features2d_TF_top30/working_env/faster27.swtv/core4/opencv_features2d_TF_top30/build/3rdparty/ippicv/ippicv_lnx/iw/include/iw++/iw_image.hpp:1359:19: note: overridden virtual function is here
    virtual void* Clone() const = 0;
                  ^
/home/yangheechan/FL-dataset-generation-opencv_features2d_TF_top30/work/opencv_features2d_TF_top30/working_env/faster27.swtv/core4/opencv_features2d_TF_top30/build/3rdparty/ippicv/ippicv_lnx/iw/include/iw++/iw_image.hpp:1398:17: warning: 'GetSrcRoi' overrides a member function but is not marked 'override' [-Wsuggest-override]
    virtual int GetSrcRoi(ipp::IwiRoi, ipp::IwiRoi&) const
                ^
/home/yangheechan/FL-dataset-generation-opencv_features2d_TF_top30/work/opencv_features2d_TF_top30/working_env/faster27.swtv/core4/opencv_features2d_TF_top30/build/3rdparty/ippicv/ippicv_lnx/iw/include/iw++/iw_image.hpp:1356:17: note: overridden virtual function is here
    virtual int GetSrcRoi(ipp::IwiRoi, ipp::IwiRoi&) const = 0;
                ^
4 warnings generated.
4 warnings generated.
warning: unknown warning option '-Wimplicit-fallthrough=3'; did you mean '-Wimplicit-fallthrough'? [-Wunknown-warning-option]
In file included from /home/yangheechan/FL-dataset-generation-opencv_features2d_TF_top30/work/opencv_features2d_TF_top30/working_env/faster27.swtv/core4/opencv_features2d_TF_top30/modules/features2d/src/kaze/fed.cpp:31:
In file included from /home/yangheechan/FL-dataset-generation-opencv_features2d_TF_top30/work/opencv_features2d_TF_top30/working_env/faster27.swtv/core4/opencv_features2d_TF_top30/modules/features2d/src/kaze/../precomp.hpp:50:
In file included from /home/yangheechan/FL-dataset-generation-opencv_features2d_TF_top30/work/opencv_features2d_TF_top30/working_env/faster27.swtv/core4/opencv_features2d_TF_top30/modules/core/include/opencv2/core/private.hpp:246:
In file included from /home/yangheechan/FL-dataset-generation-opencv_features2d_TF_top30/work/opencv_features2d_TF_top30/working_env/faster27.swtv/core4/opencv_features2d_TF_top30/build/3rdparty/ippicv/ippicv_lnx/iw/include/iw++/iw.hpp:17:
In file included from /home/yangheechan/FL-dataset-generation-opencv_features2d_TF_top30/work/opencv_features2d_TF_top30/working_env/faster27.swtv/core4/opencv_features2d_TF_top30/build/3rdparty/ippicv/ippicv_lnx/iw/include/iw++/iw_image_color.hpp:17:
/home/yangheechan/FL-dataset-generation-opencv_features2d_TF_top30/work/opencv_features2d_TF_top30/working_env/faster27.swtv/core4/opencv_features2d_TF_top30/build/3rdparty/ippicv/ippicv_lnx/iw/include/iw++/iw_image.hpp:1389:13: warning: 'operator const _IwiTileTransform *' overrides a member function but is not marked 'override' [-Wsuggest-override]
    virtual operator const ::IwiTileTransform*() const { return NULL; }
            ^
/home/yangheechan/FL-dataset-generation-opencv_features2d_TF_top30/work/opencv_features2d_TF_top30/working_env/faster27.swtv/core4/opencv_features2d_TF_top30/build/3rdparty/ippicv/ippicv_lnx/iw/include/iw++/iw_image.hpp:1362:13: note: overridden virtual function is here
    virtual operator const ::IwiTileTransform*() const { return &transformStruct; }
            ^
/home/yangheechan/FL-dataset-generation-opencv_features2d_TF_top30/work/opencv_features2d_TF_top30/working_env/faster27.swtv/core4/opencv_features2d_TF_top30/build/3rdparty/ippicv/ippicv_lnx/iw/include/iw++/iw_image.hpp:1391:19: warning: 'Clone' overrides a member function but is not marked 'override' [-Wsuggest-override]
    virtual void* Clone() const
                  ^
/home/yangheechan/FL-dataset-generation-opencv_features2d_TF_top30/work/opencv_features2d_TF_top30/working_env/faster27.swtv/core4/opencv_features2d_TF_top30/build/3rdparty/ippicv/ippicv_lnx/iw/include/iw++/iw_image.hpp:1359:19: note: overridden virtual function is here
    virtual void* Clone() const = 0;
                  ^
/home/yangheechan/FL-dataset-generation-opencv_features2d_TF_top30/work/opencv_features2d_TF_top30/working_env/faster27.swtv/core4/opencv_features2d_TF_top30/build/3rdparty/ippicv/ippicv_lnx/iw/include/iw++/iw_image.hpp:1398:17: warning: 'GetSrcRoi' overrides a member function but is not marked 'override' [-Wsuggest-override]
    virtual int GetSrcRoi(ipp::IwiRoi, ipp::IwiRoi&) const
                ^
/home/yangheechan/FL-dataset-generation-opencv_features2d_TF_top30/work/opencv_features2d_TF_top30/working_env/faster27.swtv/core4/opencv_features2d_TF_top30/build/3rdparty/ippicv/ippicv_lnx/iw/include/iw++/iw_image.hpp:1356:17: note: overridden virtual function is here
    virtual int GetSrcRoi(ipp::IwiRoi, ipp::IwiRoi&) const = 0;
                ^
warning: unknown warning option '-Wimplicit-fallthrough=3'; did you mean '-Wimplicit-fallthrough'? [-Wunknown-warning-option]
In file included from /home/yangheechan/FL-dataset-generation-opencv_features2d_TF_top30/work/opencv_features2d_TF_top30/working_env/faster27.swtv/core4/opencv_features2d_TF_top30/modules/features2d/src/kaze/fed.cpp:31:
In file included from /home/yangheechan/FL-dataset-generation-opencv_features2d_TF_top30/work/opencv_features2d_TF_top30/working_env/faster27.swtv/core4/opencv_features2d_TF_top30/modules/features2d/src/kaze/../precomp.hpp:50:
In file included from /home/yangheechan/FL-dataset-generation-opencv_features2d_TF_top30/work/opencv_features2d_TF_top30/working_env/faster27.swtv/core4/opencv_features2d_TF_top30/modules/core/include/opencv2/core/private.hpp:246:
In file included from /home/yangheechan/FL-dataset-generation-opencv_features2d_TF_top30/work/opencv_features2d_TF_top30/working_env/faster27.swtv/core4/opencv_features2d_TF_top30/build/3rdparty/ippicv/ippicv_lnx/iw/include/iw++/iw.hpp:17:
In file included from /home/yangheechan/FL-dataset-generation-opencv_features2d_TF_top30/work/opencv_features2d_TF_top30/working_env/faster27.swtv/core4/opencv_features2d_TF_top30/build/3rdparty/ippicv/ippicv_lnx/iw/include/iw++/iw_image_color.hpp:17:
/home/yangheechan/FL-dataset-generation-opencv_features2d_TF_top30/work/opencv_features2d_TF_top30/working_env/faster27.swtv/core4/opencv_features2d_TF_top30/build/3rdparty/ippicv/ippicv_lnx/iw/include/iw++/iw_image.hpp:1389:13: warning: 'operator const _IwiTileTransform *' overrides a member function but is not marked 'override' [-Wsuggest-override]
    virtual operator const ::IwiTileTransform*() const { return NULL; }
            ^
/home/yangheechan/FL-dataset-generation-opencv_features2d_TF_top30/work/opencv_features2d_TF_top30/working_env/faster27.swtv/core4/opencv_features2d_TF_top30/build/3rdparty/ippicv/ippicv_lnx/iw/include/iw++/iw_image.hpp:1362:13: note: overridden virtual function is here
    virtual operator const ::IwiTileTransform*() const { return &transformStruct; }
            ^
/home/yangheechan/FL-dataset-generation-opencv_features2d_TF_top30/work/opencv_features2d_TF_top30/working_env/faster27.swtv/core4/opencv_features2d_TF_top30/build/3rdparty/ippicv/ippicv_lnx/iw/include/iw++/iw_image.hpp:1391:19: warning: 'Clone' overrides a member function but is not marked 'override' [-Wsuggest-override]
    virtual void* Clone() const
                  ^
/home/yangheechan/FL-dataset-generation-opencv_features2d_TF_top30/work/opencv_features2d_TF_top30/working_env/faster27.swtv/core4/opencv_features2d_TF_top30/build/3rdparty/ippicv/ippicv_lnx/iw/include/iw++/iw_image.hpp:1359:19: note: overridden virtual function is here
    virtual void* Clone() const = 0;
                  ^
/home/yangheechan/FL-dataset-generation-opencv_features2d_TF_top30/work/opencv_features2d_TF_top30/working_env/faster27.swtv/core4/opencv_features2d_TF_top30/build/3rdparty/ippicv/ippicv_lnx/iw/include/iw++/iw_image.hpp:1398:17: warning: 'GetSrcRoi' overrides a member function but is not marked 'override' [-Wsuggest-override]
    virtual int GetSrcRoi(ipp::IwiRoi, ipp::IwiRoi&) const
                ^
/home/yangheechan/FL-dataset-generation-opencv_features2d_TF_top30/work/opencv_features2d_TF_top30/working_env/faster27.swtv/core4/opencv_features2d_TF_top30/build/3rdparty/ippicv/ippicv_lnx/iw/include/iw++/iw_image.hpp:1356:17: note: overridden virtual function is here
    virtual int GetSrcRoi(ipp::IwiRoi, ipp::IwiRoi&) const = 0;
                ^
4 warnings generated.
4 warnings generated.
warning: unknown warning option '-Wimplicit-fallthrough=3'; did you mean '-Wimplicit-fallthrough'? [-Wunknown-warning-option]
In file included from /home/yangheechan/FL-dataset-generation-opencv_features2d_TF_top30/work/opencv_features2d_TF_top30/working_env/faster27.swtv/core4/opencv_features2d_TF_top30/modules/features2d/src/mser.cpp:46:
In file included from /home/yangheechan/FL-dataset-generation-opencv_features2d_TF_top30/work/opencv_features2d_TF_top30/working_env/faster27.swtv/core4/opencv_features2d_TF_top30/modules/features2d/src/precomp.hpp:50:
In file included from /home/yangheechan/FL-dataset-generation-opencv_features2d_TF_top30/work/opencv_features2d_TF_top30/working_env/faster27.swtv/core4/opencv_features2d_TF_top30/modules/core/include/opencv2/core/private.hpp:246:
In file included from /home/yangheechan/FL-dataset-generation-opencv_features2d_TF_top30/work/opencv_features2d_TF_top30/working_env/faster27.swtv/core4/opencv_features2d_TF_top30/build/3rdparty/ippicv/ippicv_lnx/iw/include/iw++/iw.hpp:17:
In file included from /home/yangheechan/FL-dataset-generation-opencv_features2d_TF_top30/work/opencv_features2d_TF_top30/working_env/faster27.swtv/core4/opencv_features2d_TF_top30/build/3rdparty/ippicv/ippicv_lnx/iw/include/iw++/iw_image_color.hpp:17:
/home/yangheechan/FL-dataset-generation-opencv_features2d_TF_top30/work/opencv_features2d_TF_top30/working_env/faster27.swtv/core4/opencv_features2d_TF_top30/build/3rdparty/ippicv/ippicv_lnx/iw/include/iw++/iw_image.hpp:1389:13: warning: 'operator const _IwiTileTransform *' overrides a member function but is not marked 'override' [-Wsuggest-override]
    virtual operator const ::IwiTileTransform*() const { return NULL; }
            ^
/home/yangheechan/FL-dataset-generation-opencv_features2d_TF_top30/work/opencv_features2d_TF_top30/working_env/faster27.swtv/core4/opencv_features2d_TF_top30/build/3rdparty/ippicv/ippicv_lnx/iw/include/iw++/iw_image.hpp:1362:13: note: overridden virtual function is here
    virtual operator const ::IwiTileTransform*() const { return &transformStruct; }
            ^
/home/yangheechan/FL-dataset-generation-opencv_features2d_TF_top30/work/opencv_features2d_TF_top30/working_env/faster27.swtv/core4/opencv_features2d_TF_top30/build/3rdparty/ippicv/ippicv_lnx/iw/include/iw++/iw_image.hpp:1391:19: warning: 'Clone' overrides a member function but is not marked 'override' [-Wsuggest-override]
    virtual void* Clone() const
                  ^
/home/yangheechan/FL-dataset-generation-opencv_features2d_TF_top30/work/opencv_features2d_TF_top30/working_env/faster27.swtv/core4/opencv_features2d_TF_top30/build/3rdparty/ippicv/ippicv_lnx/iw/include/iw++/iw_image.hpp:1359:19: note: overridden virtual function is here
    virtual void* Clone() const = 0;
                  ^
/home/yangheechan/FL-dataset-generation-opencv_features2d_TF_top30/work/opencv_features2d_TF_top30/working_env/faster27.swtv/core4/opencv_features2d_TF_top30/build/3rdparty/ippicv/ippicv_lnx/iw/include/iw++/iw_image.hpp:1398:17: warning: 'GetSrcRoi' overrides a member function but is not marked 'override' [-Wsuggest-override]
    virtual int GetSrcRoi(ipp::IwiRoi, ipp::IwiRoi&) const
                ^
/home/yangheechan/FL-dataset-generation-opencv_features2d_TF_top30/work/opencv_features2d_TF_top30/working_env/faster27.swtv/core4/opencv_features2d_TF_top30/build/3rdparty/ippicv/ippicv_lnx/iw/include/iw++/iw_image.hpp:1356:17: note: overridden virtual function is here
    virtual int GetSrcRoi(ipp::IwiRoi, ipp::IwiRoi&) const = 0;
                ^
warning: unknown warning option '-Wimplicit-fallthrough=3'; did you mean '-Wimplicit-fallthrough'? [-Wunknown-warning-option]
In file included from /home/yangheechan/FL-dataset-generation-opencv_features2d_TF_top30/work/opencv_features2d_TF_top30/working_env/faster27.swtv/core4/opencv_features2d_TF_top30/modules/features2d/src/mser.cpp:46:
In file included from /home/yangheechan/FL-dataset-generation-opencv_features2d_TF_top30/work/opencv_features2d_TF_top30/working_env/faster27.swtv/core4/opencv_features2d_TF_top30/modules/features2d/src/precomp.hpp:50:
In file included from /home/yangheechan/FL-dataset-generation-opencv_features2d_TF_top30/work/opencv_features2d_TF_top30/working_env/faster27.swtv/core4/opencv_features2d_TF_top30/modules/core/include/opencv2/core/private.hpp:246:
In file included from /home/yangheechan/FL-dataset-generation-opencv_features2d_TF_top30/work/opencv_features2d_TF_top30/working_env/faster27.swtv/core4/opencv_features2d_TF_top30/build/3rdparty/ippicv/ippicv_lnx/iw/include/iw++/iw.hpp:17:
In file included from /home/yangheechan/FL-dataset-generation-opencv_features2d_TF_top30/work/opencv_features2d_TF_top30/working_env/faster27.swtv/core4/opencv_features2d_TF_top30/build/3rdparty/ippicv/ippicv_lnx/iw/include/iw++/iw_image_color.hpp:17:
/home/yangheechan/FL-dataset-generation-opencv_features2d_TF_top30/work/opencv_features2d_TF_top30/working_env/faster27.swtv/core4/opencv_features2d_TF_top30/build/3rdparty/ippicv/ippicv_lnx/iw/include/iw++/iw_image.hpp:1389:13: warning: 'operator const _IwiTileTransform *' overrides a member function but is not marked 'override' [-Wsuggest-override]
    virtual operator const ::IwiTileTransform*() const { return NULL; }
            ^
/home/yangheechan/FL-dataset-generation-opencv_features2d_TF_top30/work/opencv_features2d_TF_top30/working_env/faster27.swtv/core4/opencv_features2d_TF_top30/build/3rdparty/ippicv/ippicv_lnx/iw/include/iw++/iw_image.hpp:1362:13: note: overridden virtual function is here
    virtual operator const ::IwiTileTransform*() const { return &transformStruct; }
            ^
/home/yangheechan/FL-dataset-generation-opencv_features2d_TF_top30/work/opencv_features2d_TF_top30/working_env/faster27.swtv/core4/opencv_features2d_TF_top30/build/3rdparty/ippicv/ippicv_lnx/iw/include/iw++/iw_image.hpp:1391:19: warning: 'Clone' overrides a member function but is not marked 'override' [-Wsuggest-override]
    virtual void* Clone() const
                  ^
/home/yangheechan/FL-dataset-generation-opencv_features2d_TF_top30/work/opencv_features2d_TF_top30/working_env/faster27.swtv/core4/opencv_features2d_TF_top30/build/3rdparty/ippicv/ippicv_lnx/iw/include/iw++/iw_image.hpp:1359:19: note: overridden virtual function is here
    virtual void* Clone() const = 0;
                  ^
/home/yangheechan/FL-dataset-generation-opencv_features2d_TF_top30/work/opencv_features2d_TF_top30/working_env/faster27.swtv/core4/opencv_features2d_TF_top30/build/3rdparty/ippicv/ippicv_lnx/iw/include/iw++/iw_image.hpp:1398:17: warning: 'GetSrcRoi' overrides a member function but is not marked 'override' [-Wsuggest-override]
    virtual int GetSrcRoi(ipp::IwiRoi, ipp::IwiRoi&) const
                ^
/home/yangheechan/FL-dataset-generation-opencv_features2d_TF_top30/work/opencv_features2d_TF_top30/working_env/faster27.swtv/core4/opencv_features2d_TF_top30/build/3rdparty/ippicv/ippicv_lnx/iw/include/iw++/iw_image.hpp:1356:17: note: overridden virtual function is here
    virtual int GetSrcRoi(ipp::IwiRoi, ipp::IwiRoi&) const = 0;
                ^
4 warnings generated.
4 warnings generated.
