
+++++ results for brisk.MUT1689.cpp +++++
+++++ STDOUT +++++
SELECT bug_idx FROM bug_info WHERE subject = %s AND experiment_name = %s AND version = %s ['opencv_features2d_TF_top30', 'TF_top30', 'brisk.MUT1689.cpp']
SELECT target_code_file, buggy_code_file, pre_start_line FROM bug_info WHERE bug_idx = %s [425]
SELECT tc_name, tc_result FROM tc_info WHERE bug_idx = %s [425]
SELECT buggy_file, buggy_function, buggy_lineno FROM bug_info WHERE bug_idx = %s [425]
SELECT line_idx, file, function, lineno FROM line_info WHERE bug_idx = %s ORDER BY line_idx [425]
SELECT tc_name, tc_result, cov_bit_seq FROM tc_info WHERE bug_idx = %s [425]
>> Saving version brisk.MUT1689.cpp to database

+++++ STDERR +++++

+++++ results for fast.MUT289.cpp +++++
+++++ STDOUT +++++
SELECT bug_idx FROM bug_info WHERE subject = %s AND experiment_name = %s AND version = %s ['opencv_features2d_TF_top30', 'TF_top30', 'fast.MUT289.cpp']
SELECT target_code_file, buggy_code_file, pre_start_line FROM bug_info WHERE bug_idx = %s [9]
SELECT tc_name, tc_result FROM tc_info WHERE bug_idx = %s [9]
SELECT buggy_file, buggy_function, buggy_lineno FROM bug_info WHERE bug_idx = %s [9]
SELECT line_idx, file, function, lineno FROM line_info WHERE bug_idx = %s ORDER BY line_idx [9]
SELECT tc_name, tc_result, cov_bit_seq FROM tc_info WHERE bug_idx = %s [9]
>> Saving version fast.MUT289.cpp to database

+++++ STDERR +++++

+++++ results for brisk.MUT647.cpp +++++
+++++ STDOUT +++++
SELECT bug_idx FROM bug_info WHERE subject = %s AND experiment_name = %s AND version = %s ['opencv_features2d_TF_top30', 'TF_top30', 'brisk.MUT647.cpp']
SELECT target_code_file, buggy_code_file, pre_start_line FROM bug_info WHERE bug_idx = %s [708]
SELECT tc_name, tc_result FROM tc_info WHERE bug_idx = %s [708]
SELECT buggy_file, buggy_function, buggy_lineno FROM bug_info WHERE bug_idx = %s [708]
SELECT line_idx, file, function, lineno FROM line_info WHERE bug_idx = %s ORDER BY line_idx [708]
SELECT tc_name, tc_result, cov_bit_seq FROM tc_info WHERE bug_idx = %s [708]
>> Saving version brisk.MUT647.cpp to database

+++++ STDERR +++++

+++++ results for brisk.MUT2318.cpp +++++
+++++ STDOUT +++++
SELECT bug_idx FROM bug_info WHERE subject = %s AND experiment_name = %s AND version = %s ['opencv_features2d_TF_top30', 'TF_top30', 'brisk.MUT2318.cpp']
SELECT target_code_file, buggy_code_file, pre_start_line FROM bug_info WHERE bug_idx = %s [1313]
SELECT tc_name, tc_result FROM tc_info WHERE bug_idx = %s [1313]
SELECT buggy_file, buggy_function, buggy_lineno FROM bug_info WHERE bug_idx = %s [1313]
SELECT line_idx, file, function, lineno FROM line_info WHERE bug_idx = %s ORDER BY line_idx [1313]
SELECT tc_name, tc_result, cov_bit_seq FROM tc_info WHERE bug_idx = %s [1313]
>> Saving version brisk.MUT2318.cpp to database

+++++ STDERR +++++

+++++ results for brisk.MUT382.cpp +++++
+++++ STDOUT +++++
SELECT bug_idx FROM bug_info WHERE subject = %s AND experiment_name = %s AND version = %s ['opencv_features2d_TF_top30', 'TF_top30', 'brisk.MUT382.cpp']
SELECT target_code_file, buggy_code_file, pre_start_line FROM bug_info WHERE bug_idx = %s [1248]
SELECT tc_name, tc_result FROM tc_info WHERE bug_idx = %s [1248]
SELECT buggy_file, buggy_function, buggy_lineno FROM bug_info WHERE bug_idx = %s [1248]
SELECT line_idx, file, function, lineno FROM line_info WHERE bug_idx = %s ORDER BY line_idx [1248]
SELECT tc_name, tc_result, cov_bit_seq FROM tc_info WHERE bug_idx = %s [1248]
>> Saving version brisk.MUT382.cpp to database

+++++ STDERR +++++

+++++ results for fast.MUT502.cpp +++++
+++++ STDOUT +++++
SELECT bug_idx FROM bug_info WHERE subject = %s AND experiment_name = %s AND version = %s ['opencv_features2d_TF_top30', 'TF_top30', 'fast.MUT502.cpp']
SELECT target_code_file, buggy_code_file, pre_start_line FROM bug_info WHERE bug_idx = %s [668]
SELECT tc_name, tc_result FROM tc_info WHERE bug_idx = %s [668]
SELECT buggy_file, buggy_function, buggy_lineno FROM bug_info WHERE bug_idx = %s [668]
SELECT line_idx, file, function, lineno FROM line_info WHERE bug_idx = %s ORDER BY line_idx [668]
SELECT tc_name, tc_result, cov_bit_seq FROM tc_info WHERE bug_idx = %s [668]
>> Saving version fast.MUT502.cpp to database

+++++ STDERR +++++

+++++ results for brisk.MUT1943.cpp +++++
+++++ STDOUT +++++
SELECT bug_idx FROM bug_info WHERE subject = %s AND experiment_name = %s AND version = %s ['opencv_features2d_TF_top30', 'TF_top30', 'brisk.MUT1943.cpp']
SELECT target_code_file, buggy_code_file, pre_start_line FROM bug_info WHERE bug_idx = %s [1534]
SELECT tc_name, tc_result FROM tc_info WHERE bug_idx = %s [1534]
SELECT buggy_file, buggy_function, buggy_lineno FROM bug_info WHERE bug_idx = %s [1534]
SELECT line_idx, file, function, lineno FROM line_info WHERE bug_idx = %s ORDER BY line_idx [1534]
SELECT tc_name, tc_result, cov_bit_seq FROM tc_info WHERE bug_idx = %s [1534]
>> Saving version brisk.MUT1943.cpp to database

+++++ STDERR +++++

+++++ results for brisk.MUT2292.cpp +++++
+++++ STDOUT +++++
SELECT bug_idx FROM bug_info WHERE subject = %s AND experiment_name = %s AND version = %s ['opencv_features2d_TF_top30', 'TF_top30', 'brisk.MUT2292.cpp']
SELECT target_code_file, buggy_code_file, pre_start_line FROM bug_info WHERE bug_idx = %s [1392]
SELECT tc_name, tc_result FROM tc_info WHERE bug_idx = %s [1392]
SELECT buggy_file, buggy_function, buggy_lineno FROM bug_info WHERE bug_idx = %s [1392]
SELECT line_idx, file, function, lineno FROM line_info WHERE bug_idx = %s ORDER BY line_idx [1392]
SELECT tc_name, tc_result, cov_bit_seq FROM tc_info WHERE bug_idx = %s [1392]
>> Saving version brisk.MUT2292.cpp to database

+++++ STDERR +++++

+++++ results for brisk.MUT797.cpp +++++
+++++ STDOUT +++++
SELECT bug_idx FROM bug_info WHERE subject = %s AND experiment_name = %s AND version = %s ['opencv_features2d_TF_top30', 'TF_top30', 'brisk.MUT797.cpp']
SELECT target_code_file, buggy_code_file, pre_start_line FROM bug_info WHERE bug_idx = %s [1710]
SELECT tc_name, tc_result FROM tc_info WHERE bug_idx = %s [1710]
SELECT buggy_file, buggy_function, buggy_lineno FROM bug_info WHERE bug_idx = %s [1710]
SELECT line_idx, file, function, lineno FROM line_info WHERE bug_idx = %s ORDER BY line_idx [1710]
SELECT tc_name, tc_result, cov_bit_seq FROM tc_info WHERE bug_idx = %s [1710]
>> Saving version brisk.MUT797.cpp to database

+++++ STDERR +++++
