
+++++ results for brisk.MUT1638.cpp +++++
+++++ STDOUT +++++
SELECT bug_idx FROM bug_info WHERE subject = %s AND experiment_name = %s AND version = %s ['opencv_features2d_TF_top30', 'TF_top30', 'brisk.MUT1638.cpp']
SELECT target_code_file, buggy_code_file, pre_start_line FROM bug_info WHERE bug_idx = %s [1136]
SELECT tc_name, tc_result FROM tc_info WHERE bug_idx = %s [1136]
SELECT buggy_file, buggy_function, buggy_lineno FROM bug_info WHERE bug_idx = %s [1136]
SELECT line_idx, file, function, lineno FROM line_info WHERE bug_idx = %s ORDER BY line_idx [1136]
SELECT tc_name, tc_result, cov_bit_seq FROM tc_info WHERE bug_idx = %s [1136]
>> Saving version brisk.MUT1638.cpp to database

+++++ STDERR +++++

+++++ results for brisk.MUT522.cpp +++++
+++++ STDOUT +++++
SELECT bug_idx FROM bug_info WHERE subject = %s AND experiment_name = %s AND version = %s ['opencv_features2d_TF_top30', 'TF_top30', 'brisk.MUT522.cpp']
SELECT target_code_file, buggy_code_file, pre_start_line FROM bug_info WHERE bug_idx = %s [1184]
SELECT tc_name, tc_result FROM tc_info WHERE bug_idx = %s [1184]
SELECT buggy_file, buggy_function, buggy_lineno FROM bug_info WHERE bug_idx = %s [1184]
SELECT line_idx, file, function, lineno FROM line_info WHERE bug_idx = %s ORDER BY line_idx [1184]
SELECT tc_name, tc_result, cov_bit_seq FROM tc_info WHERE bug_idx = %s [1184]
>> Saving version brisk.MUT522.cpp to database

+++++ STDERR +++++

+++++ results for brisk.MUT389.cpp +++++
+++++ STDOUT +++++
SELECT bug_idx FROM bug_info WHERE subject = %s AND experiment_name = %s AND version = %s ['opencv_features2d_TF_top30', 'TF_top30', 'brisk.MUT389.cpp']
SELECT target_code_file, buggy_code_file, pre_start_line FROM bug_info WHERE bug_idx = %s [567]
SELECT tc_name, tc_result FROM tc_info WHERE bug_idx = %s [567]
SELECT buggy_file, buggy_function, buggy_lineno FROM bug_info WHERE bug_idx = %s [567]
SELECT line_idx, file, function, lineno FROM line_info WHERE bug_idx = %s ORDER BY line_idx [567]
SELECT tc_name, tc_result, cov_bit_seq FROM tc_info WHERE bug_idx = %s [567]
>> Saving version brisk.MUT389.cpp to database

+++++ STDERR +++++

+++++ results for brisk.MUT1525.cpp +++++
+++++ STDOUT +++++
SELECT bug_idx FROM bug_info WHERE subject = %s AND experiment_name = %s AND version = %s ['opencv_features2d_TF_top30', 'TF_top30', 'brisk.MUT1525.cpp']
SELECT target_code_file, buggy_code_file, pre_start_line FROM bug_info WHERE bug_idx = %s [730]
SELECT tc_name, tc_result FROM tc_info WHERE bug_idx = %s [730]
SELECT buggy_file, buggy_function, buggy_lineno FROM bug_info WHERE bug_idx = %s [730]
SELECT line_idx, file, function, lineno FROM line_info WHERE bug_idx = %s ORDER BY line_idx [730]
SELECT tc_name, tc_result, cov_bit_seq FROM tc_info WHERE bug_idx = %s [730]
>> Saving version brisk.MUT1525.cpp to database

+++++ STDERR +++++

+++++ results for fast.MUT336.cpp +++++
+++++ STDOUT +++++
SELECT bug_idx FROM bug_info WHERE subject = %s AND experiment_name = %s AND version = %s ['opencv_features2d_TF_top30', 'TF_top30', 'fast.MUT336.cpp']
SELECT target_code_file, buggy_code_file, pre_start_line FROM bug_info WHERE bug_idx = %s [1826]
SELECT tc_name, tc_result FROM tc_info WHERE bug_idx = %s [1826]
SELECT buggy_file, buggy_function, buggy_lineno FROM bug_info WHERE bug_idx = %s [1826]
SELECT line_idx, file, function, lineno FROM line_info WHERE bug_idx = %s ORDER BY line_idx [1826]
SELECT tc_name, tc_result, cov_bit_seq FROM tc_info WHERE bug_idx = %s [1826]
>> Saving version fast.MUT336.cpp to database

+++++ STDERR +++++

+++++ results for fast.MUT338.cpp +++++
+++++ STDOUT +++++
SELECT bug_idx FROM bug_info WHERE subject = %s AND experiment_name = %s AND version = %s ['opencv_features2d_TF_top30', 'TF_top30', 'fast.MUT338.cpp']
SELECT target_code_file, buggy_code_file, pre_start_line FROM bug_info WHERE bug_idx = %s [359]
SELECT tc_name, tc_result FROM tc_info WHERE bug_idx = %s [359]
SELECT buggy_file, buggy_function, buggy_lineno FROM bug_info WHERE bug_idx = %s [359]
SELECT line_idx, file, function, lineno FROM line_info WHERE bug_idx = %s ORDER BY line_idx [359]
SELECT tc_name, tc_result, cov_bit_seq FROM tc_info WHERE bug_idx = %s [359]
>> Saving version fast.MUT338.cpp to database

+++++ STDERR +++++

+++++ results for brisk.MUT50.cpp +++++
+++++ STDOUT +++++
SELECT bug_idx FROM bug_info WHERE subject = %s AND experiment_name = %s AND version = %s ['opencv_features2d_TF_top30', 'TF_top30', 'brisk.MUT50.cpp']
SELECT target_code_file, buggy_code_file, pre_start_line FROM bug_info WHERE bug_idx = %s [1935]
SELECT tc_name, tc_result FROM tc_info WHERE bug_idx = %s [1935]
SELECT buggy_file, buggy_function, buggy_lineno FROM bug_info WHERE bug_idx = %s [1935]
SELECT line_idx, file, function, lineno FROM line_info WHERE bug_idx = %s ORDER BY line_idx [1935]
SELECT tc_name, tc_result, cov_bit_seq FROM tc_info WHERE bug_idx = %s [1935]
>> Saving version brisk.MUT50.cpp to database

+++++ STDERR +++++

+++++ results for mser.MUT1276.cpp +++++
+++++ STDOUT +++++
SELECT bug_idx FROM bug_info WHERE subject = %s AND experiment_name = %s AND version = %s ['opencv_features2d_TF_top30', 'TF_top30', 'mser.MUT1276.cpp']
SELECT target_code_file, buggy_code_file, pre_start_line FROM bug_info WHERE bug_idx = %s [51]
SELECT tc_name, tc_result FROM tc_info WHERE bug_idx = %s [51]
SELECT buggy_file, buggy_function, buggy_lineno FROM bug_info WHERE bug_idx = %s [51]
SELECT line_idx, file, function, lineno FROM line_info WHERE bug_idx = %s ORDER BY line_idx [51]
SELECT tc_name, tc_result, cov_bit_seq FROM tc_info WHERE bug_idx = %s [51]
>> Saving version mser.MUT1276.cpp to database

+++++ STDERR +++++

+++++ results for fast.MUT272.cpp +++++
+++++ STDOUT +++++
SELECT bug_idx FROM bug_info WHERE subject = %s AND experiment_name = %s AND version = %s ['opencv_features2d_TF_top30', 'TF_top30', 'fast.MUT272.cpp']
SELECT target_code_file, buggy_code_file, pre_start_line FROM bug_info WHERE bug_idx = %s [1729]
SELECT tc_name, tc_result FROM tc_info WHERE bug_idx = %s [1729]
SELECT buggy_file, buggy_function, buggy_lineno FROM bug_info WHERE bug_idx = %s [1729]
SELECT line_idx, file, function, lineno FROM line_info WHERE bug_idx = %s ORDER BY line_idx [1729]
SELECT tc_name, tc_result, cov_bit_seq FROM tc_info WHERE bug_idx = %s [1729]
>> Saving version fast.MUT272.cpp to database

+++++ STDERR +++++

+++++ results for mser.MUT484.cpp +++++
+++++ STDOUT +++++
SELECT bug_idx FROM bug_info WHERE subject = %s AND experiment_name = %s AND version = %s ['opencv_features2d_TF_top30', 'TF_top30', 'mser.MUT484.cpp']
SELECT target_code_file, buggy_code_file, pre_start_line FROM bug_info WHERE bug_idx = %s [715]
SELECT tc_name, tc_result FROM tc_info WHERE bug_idx = %s [715]
SELECT buggy_file, buggy_function, buggy_lineno FROM bug_info WHERE bug_idx = %s [715]
SELECT line_idx, file, function, lineno FROM line_info WHERE bug_idx = %s ORDER BY line_idx [715]
SELECT tc_name, tc_result, cov_bit_seq FROM tc_info WHERE bug_idx = %s [715]
>> Saving version mser.MUT484.cpp to database

+++++ STDERR +++++
