
+++++ results for brisk.MUT484.cpp +++++
+++++ STDOUT +++++
SELECT bug_idx FROM bug_info WHERE subject = %s AND experiment_name = %s AND version = %s ['opencv_features2d_TF_top30', 'TF_top30', 'brisk.MUT484.cpp']
SELECT target_code_file, buggy_code_file, pre_start_line FROM bug_info WHERE bug_idx = %s [1412]
SELECT tc_name, tc_result FROM tc_info WHERE bug_idx = %s [1412]
SELECT buggy_file, buggy_function, buggy_lineno FROM bug_info WHERE bug_idx = %s [1412]
SELECT line_idx, file, function, lineno FROM line_info WHERE bug_idx = %s ORDER BY line_idx [1412]
SELECT tc_name, tc_result, cov_bit_seq FROM tc_info WHERE bug_idx = %s [1412]
>> Saving version brisk.MUT484.cpp to database

+++++ STDERR +++++

+++++ results for brisk.MUT1060.cpp +++++
+++++ STDOUT +++++
SELECT bug_idx FROM bug_info WHERE subject = %s AND experiment_name = %s AND version = %s ['opencv_features2d_TF_top30', 'TF_top30', 'brisk.MUT1060.cpp']
SELECT target_code_file, buggy_code_file, pre_start_line FROM bug_info WHERE bug_idx = %s [1263]
SELECT tc_name, tc_result FROM tc_info WHERE bug_idx = %s [1263]
SELECT buggy_file, buggy_function, buggy_lineno FROM bug_info WHERE bug_idx = %s [1263]
SELECT line_idx, file, function, lineno FROM line_info WHERE bug_idx = %s ORDER BY line_idx [1263]
SELECT tc_name, tc_result, cov_bit_seq FROM tc_info WHERE bug_idx = %s [1263]
>> Saving version brisk.MUT1060.cpp to database

+++++ STDERR +++++

+++++ results for fast.avx2.MUT122.cpp +++++
+++++ STDOUT +++++
SELECT bug_idx FROM bug_info WHERE subject = %s AND experiment_name = %s AND version = %s ['opencv_features2d_TF_top30', 'TF_top30', 'fast.avx2.MUT122.cpp']
SELECT target_code_file, buggy_code_file, pre_start_line FROM bug_info WHERE bug_idx = %s [1292]
SELECT tc_name, tc_result FROM tc_info WHERE bug_idx = %s [1292]
SELECT buggy_file, buggy_function, buggy_lineno FROM bug_info WHERE bug_idx = %s [1292]
SELECT line_idx, file, function, lineno FROM line_info WHERE bug_idx = %s ORDER BY line_idx [1292]
SELECT tc_name, tc_result, cov_bit_seq FROM tc_info WHERE bug_idx = %s [1292]
>> Saving version fast.avx2.MUT122.cpp to database

+++++ STDERR +++++

+++++ results for brisk.MUT511.cpp +++++
+++++ STDOUT +++++
SELECT bug_idx FROM bug_info WHERE subject = %s AND experiment_name = %s AND version = %s ['opencv_features2d_TF_top30', 'TF_top30', 'brisk.MUT511.cpp']
SELECT target_code_file, buggy_code_file, pre_start_line FROM bug_info WHERE bug_idx = %s [1914]
SELECT tc_name, tc_result FROM tc_info WHERE bug_idx = %s [1914]
SELECT buggy_file, buggy_function, buggy_lineno FROM bug_info WHERE bug_idx = %s [1914]
SELECT line_idx, file, function, lineno FROM line_info WHERE bug_idx = %s ORDER BY line_idx [1914]
SELECT tc_name, tc_result, cov_bit_seq FROM tc_info WHERE bug_idx = %s [1914]
>> Saving version brisk.MUT511.cpp to database

+++++ STDERR +++++

+++++ results for brisk.MUT3202.cpp +++++
+++++ STDOUT +++++
SELECT bug_idx FROM bug_info WHERE subject = %s AND experiment_name = %s AND version = %s ['opencv_features2d_TF_top30', 'TF_top30', 'brisk.MUT3202.cpp']
SELECT target_code_file, buggy_code_file, pre_start_line FROM bug_info WHERE bug_idx = %s [1102]
SELECT tc_name, tc_result FROM tc_info WHERE bug_idx = %s [1102]
SELECT buggy_file, buggy_function, buggy_lineno FROM bug_info WHERE bug_idx = %s [1102]
SELECT line_idx, file, function, lineno FROM line_info WHERE bug_idx = %s ORDER BY line_idx [1102]
SELECT tc_name, tc_result, cov_bit_seq FROM tc_info WHERE bug_idx = %s [1102]
>> Saving version brisk.MUT3202.cpp to database

+++++ STDERR +++++

+++++ results for brisk.MUT1977.cpp +++++
+++++ STDOUT +++++
SELECT bug_idx FROM bug_info WHERE subject = %s AND experiment_name = %s AND version = %s ['opencv_features2d_TF_top30', 'TF_top30', 'brisk.MUT1977.cpp']
SELECT target_code_file, buggy_code_file, pre_start_line FROM bug_info WHERE bug_idx = %s [847]
SELECT tc_name, tc_result FROM tc_info WHERE bug_idx = %s [847]
SELECT buggy_file, buggy_function, buggy_lineno FROM bug_info WHERE bug_idx = %s [847]
SELECT line_idx, file, function, lineno FROM line_info WHERE bug_idx = %s ORDER BY line_idx [847]
SELECT tc_name, tc_result, cov_bit_seq FROM tc_info WHERE bug_idx = %s [847]
>> Saving version brisk.MUT1977.cpp to database

+++++ STDERR +++++

+++++ results for fast.avx2.MUT40.cpp +++++
+++++ STDOUT +++++
SELECT bug_idx FROM bug_info WHERE subject = %s AND experiment_name = %s AND version = %s ['opencv_features2d_TF_top30', 'TF_top30', 'fast.avx2.MUT40.cpp']
SELECT target_code_file, buggy_code_file, pre_start_line FROM bug_info WHERE bug_idx = %s [679]
SELECT tc_name, tc_result FROM tc_info WHERE bug_idx = %s [679]
SELECT buggy_file, buggy_function, buggy_lineno FROM bug_info WHERE bug_idx = %s [679]
SELECT line_idx, file, function, lineno FROM line_info WHERE bug_idx = %s ORDER BY line_idx [679]
SELECT tc_name, tc_result, cov_bit_seq FROM tc_info WHERE bug_idx = %s [679]
>> Saving version fast.avx2.MUT40.cpp to database

+++++ STDERR +++++

+++++ results for fast.avx2.MUT31.cpp +++++
+++++ STDOUT +++++
SELECT bug_idx FROM bug_info WHERE subject = %s AND experiment_name = %s AND version = %s ['opencv_features2d_TF_top30', 'TF_top30', 'fast.avx2.MUT31.cpp']
SELECT target_code_file, buggy_code_file, pre_start_line FROM bug_info WHERE bug_idx = %s [1735]
SELECT tc_name, tc_result FROM tc_info WHERE bug_idx = %s [1735]
SELECT buggy_file, buggy_function, buggy_lineno FROM bug_info WHERE bug_idx = %s [1735]
SELECT line_idx, file, function, lineno FROM line_info WHERE bug_idx = %s ORDER BY line_idx [1735]
SELECT tc_name, tc_result, cov_bit_seq FROM tc_info WHERE bug_idx = %s [1735]
>> Saving version fast.avx2.MUT31.cpp to database

+++++ STDERR +++++

+++++ results for fast.MUT38.cpp +++++
+++++ STDOUT +++++
SELECT bug_idx FROM bug_info WHERE subject = %s AND experiment_name = %s AND version = %s ['opencv_features2d_TF_top30', 'TF_top30', 'fast.MUT38.cpp']
SELECT target_code_file, buggy_code_file, pre_start_line FROM bug_info WHERE bug_idx = %s [1232]
SELECT tc_name, tc_result FROM tc_info WHERE bug_idx = %s [1232]
SELECT buggy_file, buggy_function, buggy_lineno FROM bug_info WHERE bug_idx = %s [1232]
SELECT line_idx, file, function, lineno FROM line_info WHERE bug_idx = %s ORDER BY line_idx [1232]
SELECT tc_name, tc_result, cov_bit_seq FROM tc_info WHERE bug_idx = %s [1232]
>> Saving version fast.MUT38.cpp to database

+++++ STDERR +++++

+++++ results for mser.MUT1002.cpp +++++
+++++ STDOUT +++++
SELECT bug_idx FROM bug_info WHERE subject = %s AND experiment_name = %s AND version = %s ['opencv_features2d_TF_top30', 'TF_top30', 'mser.MUT1002.cpp']
SELECT target_code_file, buggy_code_file, pre_start_line FROM bug_info WHERE bug_idx = %s [674]
SELECT tc_name, tc_result FROM tc_info WHERE bug_idx = %s [674]
SELECT buggy_file, buggy_function, buggy_lineno FROM bug_info WHERE bug_idx = %s [674]
SELECT line_idx, file, function, lineno FROM line_info WHERE bug_idx = %s ORDER BY line_idx [674]
SELECT tc_name, tc_result, cov_bit_seq FROM tc_info WHERE bug_idx = %s [674]
>> Saving version mser.MUT1002.cpp to database

+++++ STDERR +++++
