
+++++ results for brisk.MUT2283.cpp +++++
+++++ STDOUT +++++
SELECT bug_idx FROM bug_info WHERE subject = %s AND experiment_name = %s AND version = %s ['opencv_features2d_TF_top30', 'TF_top30', 'brisk.MUT2283.cpp']
SELECT target_code_file, buggy_code_file, pre_start_line FROM bug_info WHERE bug_idx = %s [1462]
SELECT tc_name, tc_result FROM tc_info WHERE bug_idx = %s [1462]
SELECT buggy_file, buggy_function, buggy_lineno FROM bug_info WHERE bug_idx = %s [1462]
SELECT line_idx, file, function, lineno FROM line_info WHERE bug_idx = %s ORDER BY line_idx [1462]
SELECT tc_name, tc_result, cov_bit_seq FROM tc_info WHERE bug_idx = %s [1462]
>> Saving version brisk.MUT2283.cpp to database

+++++ STDERR +++++

+++++ results for fed.MUT68.cpp +++++
+++++ STDOUT +++++
SELECT bug_idx FROM bug_info WHERE subject = %s AND experiment_name = %s AND version = %s ['opencv_features2d_TF_top30', 'TF_top30', 'fed.MUT68.cpp']
SELECT target_code_file, buggy_code_file, pre_start_line FROM bug_info WHERE bug_idx = %s [61]
SELECT tc_name, tc_result FROM tc_info WHERE bug_idx = %s [61]
SELECT buggy_file, buggy_function, buggy_lineno FROM bug_info WHERE bug_idx = %s [61]
SELECT line_idx, file, function, lineno FROM line_info WHERE bug_idx = %s ORDER BY line_idx [61]
SELECT tc_name, tc_result, cov_bit_seq FROM tc_info WHERE bug_idx = %s [61]
>> Saving version fed.MUT68.cpp to database

+++++ STDERR +++++

+++++ results for brisk.MUT1982.cpp +++++
+++++ STDOUT +++++
SELECT bug_idx FROM bug_info WHERE subject = %s AND experiment_name = %s AND version = %s ['opencv_features2d_TF_top30', 'TF_top30', 'brisk.MUT1982.cpp']
SELECT target_code_file, buggy_code_file, pre_start_line FROM bug_info WHERE bug_idx = %s [1268]
SELECT tc_name, tc_result FROM tc_info WHERE bug_idx = %s [1268]
SELECT buggy_file, buggy_function, buggy_lineno FROM bug_info WHERE bug_idx = %s [1268]
SELECT line_idx, file, function, lineno FROM line_info WHERE bug_idx = %s ORDER BY line_idx [1268]
SELECT tc_name, tc_result, cov_bit_seq FROM tc_info WHERE bug_idx = %s [1268]
>> Saving version brisk.MUT1982.cpp to database

+++++ STDERR +++++

+++++ results for brisk.MUT1477.cpp +++++
+++++ STDOUT +++++
SELECT bug_idx FROM bug_info WHERE subject = %s AND experiment_name = %s AND version = %s ['opencv_features2d_TF_top30', 'TF_top30', 'brisk.MUT1477.cpp']
SELECT target_code_file, buggy_code_file, pre_start_line FROM bug_info WHERE bug_idx = %s [1010]
SELECT tc_name, tc_result FROM tc_info WHERE bug_idx = %s [1010]
SELECT buggy_file, buggy_function, buggy_lineno FROM bug_info WHERE bug_idx = %s [1010]
SELECT line_idx, file, function, lineno FROM line_info WHERE bug_idx = %s ORDER BY line_idx [1010]
SELECT tc_name, tc_result, cov_bit_seq FROM tc_info WHERE bug_idx = %s [1010]
>> Saving version brisk.MUT1477.cpp to database

+++++ STDERR +++++

+++++ results for brisk.MUT645.cpp +++++
+++++ STDOUT +++++
SELECT bug_idx FROM bug_info WHERE subject = %s AND experiment_name = %s AND version = %s ['opencv_features2d_TF_top30', 'TF_top30', 'brisk.MUT645.cpp']
SELECT target_code_file, buggy_code_file, pre_start_line FROM bug_info WHERE bug_idx = %s [1796]
SELECT tc_name, tc_result FROM tc_info WHERE bug_idx = %s [1796]
SELECT buggy_file, buggy_function, buggy_lineno FROM bug_info WHERE bug_idx = %s [1796]
SELECT line_idx, file, function, lineno FROM line_info WHERE bug_idx = %s ORDER BY line_idx [1796]
SELECT tc_name, tc_result, cov_bit_seq FROM tc_info WHERE bug_idx = %s [1796]
>> Saving version brisk.MUT645.cpp to database

+++++ STDERR +++++

+++++ results for fast_score.MUT528.cpp +++++
+++++ STDOUT +++++
SELECT bug_idx FROM bug_info WHERE subject = %s AND experiment_name = %s AND version = %s ['opencv_features2d_TF_top30', 'TF_top30', 'fast_score.MUT528.cpp']
SELECT target_code_file, buggy_code_file, pre_start_line FROM bug_info WHERE bug_idx = %s [247]
SELECT tc_name, tc_result FROM tc_info WHERE bug_idx = %s [247]
SELECT buggy_file, buggy_function, buggy_lineno FROM bug_info WHERE bug_idx = %s [247]
SELECT line_idx, file, function, lineno FROM line_info WHERE bug_idx = %s ORDER BY line_idx [247]
SELECT tc_name, tc_result, cov_bit_seq FROM tc_info WHERE bug_idx = %s [247]
>> Saving version fast_score.MUT528.cpp to database

+++++ STDERR +++++

+++++ results for fast.MUT297.cpp +++++
+++++ STDOUT +++++
SELECT bug_idx FROM bug_info WHERE subject = %s AND experiment_name = %s AND version = %s ['opencv_features2d_TF_top30', 'TF_top30', 'fast.MUT297.cpp']
SELECT target_code_file, buggy_code_file, pre_start_line FROM bug_info WHERE bug_idx = %s [214]
SELECT tc_name, tc_result FROM tc_info WHERE bug_idx = %s [214]
SELECT buggy_file, buggy_function, buggy_lineno FROM bug_info WHERE bug_idx = %s [214]
SELECT line_idx, file, function, lineno FROM line_info WHERE bug_idx = %s ORDER BY line_idx [214]
SELECT tc_name, tc_result, cov_bit_seq FROM tc_info WHERE bug_idx = %s [214]
>> Saving version fast.MUT297.cpp to database

+++++ STDERR +++++

+++++ results for brisk.MUT354.cpp +++++
+++++ STDOUT +++++
SELECT bug_idx FROM bug_info WHERE subject = %s AND experiment_name = %s AND version = %s ['opencv_features2d_TF_top30', 'TF_top30', 'brisk.MUT354.cpp']
SELECT target_code_file, buggy_code_file, pre_start_line FROM bug_info WHERE bug_idx = %s [999]
SELECT tc_name, tc_result FROM tc_info WHERE bug_idx = %s [999]
SELECT buggy_file, buggy_function, buggy_lineno FROM bug_info WHERE bug_idx = %s [999]
SELECT line_idx, file, function, lineno FROM line_info WHERE bug_idx = %s ORDER BY line_idx [999]
SELECT tc_name, tc_result, cov_bit_seq FROM tc_info WHERE bug_idx = %s [999]
>> Saving version brisk.MUT354.cpp to database

+++++ STDERR +++++

+++++ results for brisk.MUT653.cpp +++++
+++++ STDOUT +++++
SELECT bug_idx FROM bug_info WHERE subject = %s AND experiment_name = %s AND version = %s ['opencv_features2d_TF_top30', 'TF_top30', 'brisk.MUT653.cpp']
SELECT target_code_file, buggy_code_file, pre_start_line FROM bug_info WHERE bug_idx = %s [1264]
SELECT tc_name, tc_result FROM tc_info WHERE bug_idx = %s [1264]
SELECT buggy_file, buggy_function, buggy_lineno FROM bug_info WHERE bug_idx = %s [1264]
SELECT line_idx, file, function, lineno FROM line_info WHERE bug_idx = %s ORDER BY line_idx [1264]
SELECT tc_name, tc_result, cov_bit_seq FROM tc_info WHERE bug_idx = %s [1264]
>> Saving version brisk.MUT653.cpp to database

+++++ STDERR +++++
