
+++++ results for fast.MUT142.cpp +++++
+++++ STDOUT +++++
SELECT bug_idx FROM bug_info WHERE subject = %s AND experiment_name = %s AND version = %s ['opencv_features2d_TF_top30', 'TF_top30', 'fast.MUT142.cpp']
SELECT target_code_file, buggy_code_file, pre_start_line FROM bug_info WHERE bug_idx = %s [924]
SELECT tc_name, tc_result FROM tc_info WHERE bug_idx = %s [924]
SELECT buggy_file, buggy_function, buggy_lineno FROM bug_info WHERE bug_idx = %s [924]
SELECT line_idx, file, function, lineno FROM line_info WHERE bug_idx = %s ORDER BY line_idx [924]
SELECT tc_name, tc_result, cov_bit_seq FROM tc_info WHERE bug_idx = %s [924]
>> Saving version fast.MUT142.cpp to database

+++++ STDERR +++++

+++++ results for brisk.MUT507.cpp +++++
+++++ STDOUT +++++
SELECT bug_idx FROM bug_info WHERE subject = %s AND experiment_name = %s AND version = %s ['opencv_features2d_TF_top30', 'TF_top30', 'brisk.MUT507.cpp']
SELECT target_code_file, buggy_code_file, pre_start_line FROM bug_info WHERE bug_idx = %s [74]
SELECT tc_name, tc_result FROM tc_info WHERE bug_idx = %s [74]
SELECT buggy_file, buggy_function, buggy_lineno FROM bug_info WHERE bug_idx = %s [74]
SELECT line_idx, file, function, lineno FROM line_info WHERE bug_idx = %s ORDER BY line_idx [74]
SELECT tc_name, tc_result, cov_bit_seq FROM tc_info WHERE bug_idx = %s [74]
>> Saving version brisk.MUT507.cpp to database

+++++ STDERR +++++

+++++ results for brisk.MUT358.cpp +++++
+++++ STDOUT +++++
SELECT bug_idx FROM bug_info WHERE subject = %s AND experiment_name = %s AND version = %s ['opencv_features2d_TF_top30', 'TF_top30', 'brisk.MUT358.cpp']
SELECT target_code_file, buggy_code_file, pre_start_line FROM bug_info WHERE bug_idx = %s [97]
SELECT tc_name, tc_result FROM tc_info WHERE bug_idx = %s [97]
SELECT buggy_file, buggy_function, buggy_lineno FROM bug_info WHERE bug_idx = %s [97]
SELECT line_idx, file, function, lineno FROM line_info WHERE bug_idx = %s ORDER BY line_idx [97]
SELECT tc_name, tc_result, cov_bit_seq FROM tc_info WHERE bug_idx = %s [97]
>> Saving version brisk.MUT358.cpp to database

+++++ STDERR +++++

+++++ results for brisk.MUT577.cpp +++++
+++++ STDOUT +++++
SELECT bug_idx FROM bug_info WHERE subject = %s AND experiment_name = %s AND version = %s ['opencv_features2d_TF_top30', 'TF_top30', 'brisk.MUT577.cpp']
SELECT target_code_file, buggy_code_file, pre_start_line FROM bug_info WHERE bug_idx = %s [1077]
SELECT tc_name, tc_result FROM tc_info WHERE bug_idx = %s [1077]
SELECT buggy_file, buggy_function, buggy_lineno FROM bug_info WHERE bug_idx = %s [1077]
SELECT line_idx, file, function, lineno FROM line_info WHERE bug_idx = %s ORDER BY line_idx [1077]
SELECT tc_name, tc_result, cov_bit_seq FROM tc_info WHERE bug_idx = %s [1077]
>> Saving version brisk.MUT577.cpp to database

+++++ STDERR +++++

+++++ results for fast.MUT278.cpp +++++
+++++ STDOUT +++++
SELECT bug_idx FROM bug_info WHERE subject = %s AND experiment_name = %s AND version = %s ['opencv_features2d_TF_top30', 'TF_top30', 'fast.MUT278.cpp']
SELECT target_code_file, buggy_code_file, pre_start_line FROM bug_info WHERE bug_idx = %s [207]
SELECT tc_name, tc_result FROM tc_info WHERE bug_idx = %s [207]
SELECT buggy_file, buggy_function, buggy_lineno FROM bug_info WHERE bug_idx = %s [207]
SELECT line_idx, file, function, lineno FROM line_info WHERE bug_idx = %s ORDER BY line_idx [207]
SELECT tc_name, tc_result, cov_bit_seq FROM tc_info WHERE bug_idx = %s [207]
>> Saving version fast.MUT278.cpp to database

+++++ STDERR +++++

+++++ results for brisk.MUT2685.cpp +++++
+++++ STDOUT +++++
SELECT bug_idx FROM bug_info WHERE subject = %s AND experiment_name = %s AND version = %s ['opencv_features2d_TF_top30', 'TF_top30', 'brisk.MUT2685.cpp']
SELECT target_code_file, buggy_code_file, pre_start_line FROM bug_info WHERE bug_idx = %s [1926]
SELECT tc_name, tc_result FROM tc_info WHERE bug_idx = %s [1926]
SELECT buggy_file, buggy_function, buggy_lineno FROM bug_info WHERE bug_idx = %s [1926]
SELECT line_idx, file, function, lineno FROM line_info WHERE bug_idx = %s ORDER BY line_idx [1926]
SELECT tc_name, tc_result, cov_bit_seq FROM tc_info WHERE bug_idx = %s [1926]
>> Saving version brisk.MUT2685.cpp to database

+++++ STDERR +++++

+++++ results for mser.MUT1478.cpp +++++
+++++ STDOUT +++++
SELECT bug_idx FROM bug_info WHERE subject = %s AND experiment_name = %s AND version = %s ['opencv_features2d_TF_top30', 'TF_top30', 'mser.MUT1478.cpp']
SELECT target_code_file, buggy_code_file, pre_start_line FROM bug_info WHERE bug_idx = %s [893]
SELECT tc_name, tc_result FROM tc_info WHERE bug_idx = %s [893]
SELECT buggy_file, buggy_function, buggy_lineno FROM bug_info WHERE bug_idx = %s [893]
SELECT line_idx, file, function, lineno FROM line_info WHERE bug_idx = %s ORDER BY line_idx [893]
SELECT tc_name, tc_result, cov_bit_seq FROM tc_info WHERE bug_idx = %s [893]
>> Saving version mser.MUT1478.cpp to database

+++++ STDERR +++++

+++++ results for brisk.MUT2290.cpp +++++
+++++ STDOUT +++++
SELECT bug_idx FROM bug_info WHERE subject = %s AND experiment_name = %s AND version = %s ['opencv_features2d_TF_top30', 'TF_top30', 'brisk.MUT2290.cpp']
SELECT target_code_file, buggy_code_file, pre_start_line FROM bug_info WHERE bug_idx = %s [1371]
SELECT tc_name, tc_result FROM tc_info WHERE bug_idx = %s [1371]
SELECT buggy_file, buggy_function, buggy_lineno FROM bug_info WHERE bug_idx = %s [1371]
SELECT line_idx, file, function, lineno FROM line_info WHERE bug_idx = %s ORDER BY line_idx [1371]
SELECT tc_name, tc_result, cov_bit_seq FROM tc_info WHERE bug_idx = %s [1371]
>> Saving version brisk.MUT2290.cpp to database

+++++ STDERR +++++

+++++ results for brisk.MUT496.cpp +++++
+++++ STDOUT +++++
SELECT bug_idx FROM bug_info WHERE subject = %s AND experiment_name = %s AND version = %s ['opencv_features2d_TF_top30', 'TF_top30', 'brisk.MUT496.cpp']
SELECT target_code_file, buggy_code_file, pre_start_line FROM bug_info WHERE bug_idx = %s [1629]
SELECT tc_name, tc_result FROM tc_info WHERE bug_idx = %s [1629]
SELECT buggy_file, buggy_function, buggy_lineno FROM bug_info WHERE bug_idx = %s [1629]
SELECT line_idx, file, function, lineno FROM line_info WHERE bug_idx = %s ORDER BY line_idx [1629]
SELECT tc_name, tc_result, cov_bit_seq FROM tc_info WHERE bug_idx = %s [1629]
>> Saving version brisk.MUT496.cpp to database

+++++ STDERR +++++
