
+++++ results for fast.MUT171.cpp +++++
+++++ STDOUT +++++
SELECT bug_idx FROM bug_info WHERE subject = %s AND experiment_name = %s AND version = %s ['opencv_features2d_TF_top30', 'TF_top30', 'fast.MUT171.cpp']
SELECT target_code_file, buggy_code_file, pre_start_line FROM bug_info WHERE bug_idx = %s [169]
SELECT tc_name, tc_result FROM tc_info WHERE bug_idx = %s [169]
SELECT buggy_file, buggy_function, buggy_lineno FROM bug_info WHERE bug_idx = %s [169]
SELECT line_idx, file, function, lineno FROM line_info WHERE bug_idx = %s ORDER BY line_idx [169]
SELECT tc_name, tc_result, cov_bit_seq FROM tc_info WHERE bug_idx = %s [169]
>> Saving version fast.MUT171.cpp to database

+++++ STDERR +++++

+++++ results for brisk.MUT279.cpp +++++
+++++ STDOUT +++++
SELECT bug_idx FROM bug_info WHERE subject = %s AND experiment_name = %s AND version = %s ['opencv_features2d_TF_top30', 'TF_top30', 'brisk.MUT279.cpp']
SELECT target_code_file, buggy_code_file, pre_start_line FROM bug_info WHERE bug_idx = %s [849]
SELECT tc_name, tc_result FROM tc_info WHERE bug_idx = %s [849]
SELECT buggy_file, buggy_function, buggy_lineno FROM bug_info WHERE bug_idx = %s [849]
SELECT line_idx, file, function, lineno FROM line_info WHERE bug_idx = %s ORDER BY line_idx [849]
SELECT tc_name, tc_result, cov_bit_seq FROM tc_info WHERE bug_idx = %s [849]
>> Saving version brisk.MUT279.cpp to database

+++++ STDERR +++++

+++++ results for brisk.MUT1927.cpp +++++
+++++ STDOUT +++++
SELECT bug_idx FROM bug_info WHERE subject = %s AND experiment_name = %s AND version = %s ['opencv_features2d_TF_top30', 'TF_top30', 'brisk.MUT1927.cpp']
SELECT target_code_file, buggy_code_file, pre_start_line FROM bug_info WHERE bug_idx = %s [1778]
SELECT tc_name, tc_result FROM tc_info WHERE bug_idx = %s [1778]
SELECT buggy_file, buggy_function, buggy_lineno FROM bug_info WHERE bug_idx = %s [1778]
SELECT line_idx, file, function, lineno FROM line_info WHERE bug_idx = %s ORDER BY line_idx [1778]
SELECT tc_name, tc_result, cov_bit_seq FROM tc_info WHERE bug_idx = %s [1778]
>> Saving version brisk.MUT1927.cpp to database

+++++ STDERR +++++

+++++ results for fed.MUT82.cpp +++++
+++++ STDOUT +++++
SELECT bug_idx FROM bug_info WHERE subject = %s AND experiment_name = %s AND version = %s ['opencv_features2d_TF_top30', 'TF_top30', 'fed.MUT82.cpp']
SELECT target_code_file, buggy_code_file, pre_start_line FROM bug_info WHERE bug_idx = %s [889]
SELECT tc_name, tc_result FROM tc_info WHERE bug_idx = %s [889]
SELECT buggy_file, buggy_function, buggy_lineno FROM bug_info WHERE bug_idx = %s [889]
SELECT line_idx, file, function, lineno FROM line_info WHERE bug_idx = %s ORDER BY line_idx [889]
SELECT tc_name, tc_result, cov_bit_seq FROM tc_info WHERE bug_idx = %s [889]
>> Saving version fed.MUT82.cpp to database

+++++ STDERR +++++

+++++ results for brisk.MUT481.cpp +++++
+++++ STDOUT +++++
SELECT bug_idx FROM bug_info WHERE subject = %s AND experiment_name = %s AND version = %s ['opencv_features2d_TF_top30', 'TF_top30', 'brisk.MUT481.cpp']
SELECT target_code_file, buggy_code_file, pre_start_line FROM bug_info WHERE bug_idx = %s [123]
SELECT tc_name, tc_result FROM tc_info WHERE bug_idx = %s [123]
SELECT buggy_file, buggy_function, buggy_lineno FROM bug_info WHERE bug_idx = %s [123]
SELECT line_idx, file, function, lineno FROM line_info WHERE bug_idx = %s ORDER BY line_idx [123]
SELECT tc_name, tc_result, cov_bit_seq FROM tc_info WHERE bug_idx = %s [123]
>> Saving version brisk.MUT481.cpp to database

+++++ STDERR +++++

+++++ results for mser.MUT39.cpp +++++
+++++ STDOUT +++++
SELECT bug_idx FROM bug_info WHERE subject = %s AND experiment_name = %s AND version = %s ['opencv_features2d_TF_top30', 'TF_top30', 'mser.MUT39.cpp']
SELECT target_code_file, buggy_code_file, pre_start_line FROM bug_info WHERE bug_idx = %s [40]
SELECT tc_name, tc_result FROM tc_info WHERE bug_idx = %s [40]
SELECT buggy_file, buggy_function, buggy_lineno FROM bug_info WHERE bug_idx = %s [40]
SELECT line_idx, file, function, lineno FROM line_info WHERE bug_idx = %s ORDER BY line_idx [40]
SELECT tc_name, tc_result, cov_bit_seq FROM tc_info WHERE bug_idx = %s [40]
>> Saving version mser.MUT39.cpp to database

+++++ STDERR +++++

+++++ results for mser.MUT1336.cpp +++++
+++++ STDOUT +++++
SELECT bug_idx FROM bug_info WHERE subject = %s AND experiment_name = %s AND version = %s ['opencv_features2d_TF_top30', 'TF_top30', 'mser.MUT1336.cpp']
SELECT target_code_file, buggy_code_file, pre_start_line FROM bug_info WHERE bug_idx = %s [412]
SELECT tc_name, tc_result FROM tc_info WHERE bug_idx = %s [412]
SELECT buggy_file, buggy_function, buggy_lineno FROM bug_info WHERE bug_idx = %s [412]
SELECT line_idx, file, function, lineno FROM line_info WHERE bug_idx = %s ORDER BY line_idx [412]
SELECT tc_name, tc_result, cov_bit_seq FROM tc_info WHERE bug_idx = %s [412]
>> Saving version mser.MUT1336.cpp to database

+++++ STDERR +++++

+++++ results for mser.MUT898.cpp +++++
+++++ STDOUT +++++
SELECT bug_idx FROM bug_info WHERE subject = %s AND experiment_name = %s AND version = %s ['opencv_features2d_TF_top30', 'TF_top30', 'mser.MUT898.cpp']
SELECT target_code_file, buggy_code_file, pre_start_line FROM bug_info WHERE bug_idx = %s [782]
SELECT tc_name, tc_result FROM tc_info WHERE bug_idx = %s [782]
SELECT buggy_file, buggy_function, buggy_lineno FROM bug_info WHERE bug_idx = %s [782]
SELECT line_idx, file, function, lineno FROM line_info WHERE bug_idx = %s ORDER BY line_idx [782]
SELECT tc_name, tc_result, cov_bit_seq FROM tc_info WHERE bug_idx = %s [782]
>> Saving version mser.MUT898.cpp to database

+++++ STDERR +++++

+++++ results for fast.avx2.MUT146.cpp +++++
+++++ STDOUT +++++
SELECT bug_idx FROM bug_info WHERE subject = %s AND experiment_name = %s AND version = %s ['opencv_features2d_TF_top30', 'TF_top30', 'fast.avx2.MUT146.cpp']
SELECT target_code_file, buggy_code_file, pre_start_line FROM bug_info WHERE bug_idx = %s [190]
SELECT tc_name, tc_result FROM tc_info WHERE bug_idx = %s [190]
SELECT buggy_file, buggy_function, buggy_lineno FROM bug_info WHERE bug_idx = %s [190]
SELECT line_idx, file, function, lineno FROM line_info WHERE bug_idx = %s ORDER BY line_idx [190]
SELECT tc_name, tc_result, cov_bit_seq FROM tc_info WHERE bug_idx = %s [190]
>> Saving version fast.avx2.MUT146.cpp to database

+++++ STDERR +++++

+++++ results for mser.MUT1147.cpp +++++
+++++ STDOUT +++++
SELECT bug_idx FROM bug_info WHERE subject = %s AND experiment_name = %s AND version = %s ['opencv_features2d_TF_top30', 'TF_top30', 'mser.MUT1147.cpp']
SELECT target_code_file, buggy_code_file, pre_start_line FROM bug_info WHERE bug_idx = %s [1484]
SELECT tc_name, tc_result FROM tc_info WHERE bug_idx = %s [1484]
SELECT buggy_file, buggy_function, buggy_lineno FROM bug_info WHERE bug_idx = %s [1484]
SELECT line_idx, file, function, lineno FROM line_info WHERE bug_idx = %s ORDER BY line_idx [1484]
SELECT tc_name, tc_result, cov_bit_seq FROM tc_info WHERE bug_idx = %s [1484]
>> Saving version mser.MUT1147.cpp to database

+++++ STDERR +++++
