
+++++ results for brisk.MUT2810.cpp +++++
+++++ STDOUT +++++
SELECT bug_idx FROM bug_info WHERE subject = %s AND experiment_name = %s AND version = %s ['opencv_features2d_TF_top30', 'TF_top30', 'brisk.MUT2810.cpp']
SELECT target_code_file, buggy_code_file, pre_start_line FROM bug_info WHERE bug_idx = %s [877]
SELECT tc_name, tc_result FROM tc_info WHERE bug_idx = %s [877]
SELECT buggy_file, buggy_function, buggy_lineno FROM bug_info WHERE bug_idx = %s [877]
SELECT line_idx, file, function, lineno FROM line_info WHERE bug_idx = %s ORDER BY line_idx [877]
SELECT tc_name, tc_result, cov_bit_seq FROM tc_info WHERE bug_idx = %s [877]
>> Saving version brisk.MUT2810.cpp to database

+++++ STDERR +++++

+++++ results for brisk.MUT1600.cpp +++++
+++++ STDOUT +++++
SELECT bug_idx FROM bug_info WHERE subject = %s AND experiment_name = %s AND version = %s ['opencv_features2d_TF_top30', 'TF_top30', 'brisk.MUT1600.cpp']
SELECT target_code_file, buggy_code_file, pre_start_line FROM bug_info WHERE bug_idx = %s [685]
SELECT tc_name, tc_result FROM tc_info WHERE bug_idx = %s [685]
SELECT buggy_file, buggy_function, buggy_lineno FROM bug_info WHERE bug_idx = %s [685]
SELECT line_idx, file, function, lineno FROM line_info WHERE bug_idx = %s ORDER BY line_idx [685]
SELECT tc_name, tc_result, cov_bit_seq FROM tc_info WHERE bug_idx = %s [685]
>> Saving version brisk.MUT1600.cpp to database

+++++ STDERR +++++

+++++ results for mser.MUT20.cpp +++++
+++++ STDOUT +++++
SELECT bug_idx FROM bug_info WHERE subject = %s AND experiment_name = %s AND version = %s ['opencv_features2d_TF_top30', 'TF_top30', 'mser.MUT20.cpp']
SELECT target_code_file, buggy_code_file, pre_start_line FROM bug_info WHERE bug_idx = %s [774]
SELECT tc_name, tc_result FROM tc_info WHERE bug_idx = %s [774]
SELECT buggy_file, buggy_function, buggy_lineno FROM bug_info WHERE bug_idx = %s [774]
SELECT line_idx, file, function, lineno FROM line_info WHERE bug_idx = %s ORDER BY line_idx [774]
SELECT tc_name, tc_result, cov_bit_seq FROM tc_info WHERE bug_idx = %s [774]
>> Saving version mser.MUT20.cpp to database

+++++ STDERR +++++

+++++ results for brisk.MUT483.cpp +++++
+++++ STDOUT +++++
SELECT bug_idx FROM bug_info WHERE subject = %s AND experiment_name = %s AND version = %s ['opencv_features2d_TF_top30', 'TF_top30', 'brisk.MUT483.cpp']
SELECT target_code_file, buggy_code_file, pre_start_line FROM bug_info WHERE bug_idx = %s [1207]
SELECT tc_name, tc_result FROM tc_info WHERE bug_idx = %s [1207]
SELECT buggy_file, buggy_function, buggy_lineno FROM bug_info WHERE bug_idx = %s [1207]
SELECT line_idx, file, function, lineno FROM line_info WHERE bug_idx = %s ORDER BY line_idx [1207]
SELECT tc_name, tc_result, cov_bit_seq FROM tc_info WHERE bug_idx = %s [1207]
>> Saving version brisk.MUT483.cpp to database

+++++ STDERR +++++

+++++ results for brisk.MUT14.cpp +++++
+++++ STDOUT +++++
SELECT bug_idx FROM bug_info WHERE subject = %s AND experiment_name = %s AND version = %s ['opencv_features2d_TF_top30', 'TF_top30', 'brisk.MUT14.cpp']
SELECT target_code_file, buggy_code_file, pre_start_line FROM bug_info WHERE bug_idx = %s [1420]
SELECT tc_name, tc_result FROM tc_info WHERE bug_idx = %s [1420]
SELECT buggy_file, buggy_function, buggy_lineno FROM bug_info WHERE bug_idx = %s [1420]
SELECT line_idx, file, function, lineno FROM line_info WHERE bug_idx = %s ORDER BY line_idx [1420]
SELECT tc_name, tc_result, cov_bit_seq FROM tc_info WHERE bug_idx = %s [1420]
>> Saving version brisk.MUT14.cpp to database

+++++ STDERR +++++

+++++ results for brisk.MUT2323.cpp +++++
+++++ STDOUT +++++
SELECT bug_idx FROM bug_info WHERE subject = %s AND experiment_name = %s AND version = %s ['opencv_features2d_TF_top30', 'TF_top30', 'brisk.MUT2323.cpp']
SELECT target_code_file, buggy_code_file, pre_start_line FROM bug_info WHERE bug_idx = %s [1214]
SELECT tc_name, tc_result FROM tc_info WHERE bug_idx = %s [1214]
SELECT buggy_file, buggy_function, buggy_lineno FROM bug_info WHERE bug_idx = %s [1214]
SELECT line_idx, file, function, lineno FROM line_info WHERE bug_idx = %s ORDER BY line_idx [1214]
SELECT tc_name, tc_result, cov_bit_seq FROM tc_info WHERE bug_idx = %s [1214]
>> Saving version brisk.MUT2323.cpp to database

+++++ STDERR +++++

+++++ results for fast.MUT226.cpp +++++
+++++ STDOUT +++++
SELECT bug_idx FROM bug_info WHERE subject = %s AND experiment_name = %s AND version = %s ['opencv_features2d_TF_top30', 'TF_top30', 'fast.MUT226.cpp']
SELECT target_code_file, buggy_code_file, pre_start_line FROM bug_info WHERE bug_idx = %s [503]
SELECT tc_name, tc_result FROM tc_info WHERE bug_idx = %s [503]
SELECT buggy_file, buggy_function, buggy_lineno FROM bug_info WHERE bug_idx = %s [503]
SELECT line_idx, file, function, lineno FROM line_info WHERE bug_idx = %s ORDER BY line_idx [503]
SELECT tc_name, tc_result, cov_bit_seq FROM tc_info WHERE bug_idx = %s [503]
>> Saving version fast.MUT226.cpp to database

+++++ STDERR +++++

+++++ results for fast_score.MUT297.cpp +++++
+++++ STDOUT +++++
SELECT bug_idx FROM bug_info WHERE subject = %s AND experiment_name = %s AND version = %s ['opencv_features2d_TF_top30', 'TF_top30', 'fast_score.MUT297.cpp']
SELECT target_code_file, buggy_code_file, pre_start_line FROM bug_info WHERE bug_idx = %s [148]
SELECT tc_name, tc_result FROM tc_info WHERE bug_idx = %s [148]
SELECT buggy_file, buggy_function, buggy_lineno FROM bug_info WHERE bug_idx = %s [148]
SELECT line_idx, file, function, lineno FROM line_info WHERE bug_idx = %s ORDER BY line_idx [148]
SELECT tc_name, tc_result, cov_bit_seq FROM tc_info WHERE bug_idx = %s [148]
>> Saving version fast_score.MUT297.cpp to database

+++++ STDERR +++++

+++++ results for brisk.MUT596.cpp +++++
+++++ STDOUT +++++
SELECT bug_idx FROM bug_info WHERE subject = %s AND experiment_name = %s AND version = %s ['opencv_features2d_TF_top30', 'TF_top30', 'brisk.MUT596.cpp']
SELECT target_code_file, buggy_code_file, pre_start_line FROM bug_info WHERE bug_idx = %s [1594]
SELECT tc_name, tc_result FROM tc_info WHERE bug_idx = %s [1594]
SELECT buggy_file, buggy_function, buggy_lineno FROM bug_info WHERE bug_idx = %s [1594]
SELECT line_idx, file, function, lineno FROM line_info WHERE bug_idx = %s ORDER BY line_idx [1594]
SELECT tc_name, tc_result, cov_bit_seq FROM tc_info WHERE bug_idx = %s [1594]
>> Saving version brisk.MUT596.cpp to database

+++++ STDERR +++++
