
+++++ results for akaze.MUT224.cpp +++++
+++++ STDOUT +++++
Testing version akaze.MUT224.cpp on faster24.swtv::core4
>> Configuring opencv_features2d_TF_bot30 with coverage
>> Building opencv_features2d_TF_bot30
>> Applied patch to akaze.cpp with akaze.MUT224.cpp
>> Building opencv_features2d_TF_bot30
>> Extracted line2function data from kaze.cpp.ii
>> Extracted line2function data from feature2d.cpp.ii
>> Extracted line2function data from keypoint.cpp.ii
>> Extracted line2function data from akaze.cpp.ii
>> Extracted line2function data from matchers.cpp.ii
>> Extracted line2function data from gftt.cpp.ii
>> Reverted akaze.cpp to original from akaze.MUT224.cpp
>> Extracted line2function data saved to line2function.json
>> Applied patch to akaze.cpp with akaze.MUT224.cpp
>> Building opencv_features2d_TF_bot30
TC3.sh on line 186 has count: 1
>> Buggy line 186 is covered by failing TC TC3.sh
TC4.sh on line 186 has count: 1
>> Buggy line 186 is covered by failing TC TC4.sh
TC12.sh on line 186 has count: 2
>> Buggy line 186 is covered by failing TC TC12.sh
TC13.sh on line 186 has count: 2
>> Buggy line 186 is covered by failing TC TC13.sh
TC24.sh on line 186 has count: 1
>> Buggy line 186 is covered by failing TC TC24.sh
TC25.sh on line 186 has count: 1
>> Buggy line 186 is covered by failing TC TC25.sh
TC35.sh on line 186 has count: 2
>> Buggy line 186 is covered by failing TC TC35.sh
TC47.sh on line 186 has count: 1
>> Buggy line 186 is covered by failing TC TC47.sh
TC1.sh on line 186 has count: 0
TC2.sh on line 186 has count: 0
TC5.sh on line 186 has count: 0
TC6.sh on line 186 has count: 0
TC7.sh on line 186 has count: 0
TC8.sh on line 186 has count: 0
TC9.sh on line 186 has count: 0
TC10.sh on line 186 has count: 0
TC11.sh on line 186 has count: 0
TC14.sh on line 186 has count: 0
TC15.sh on line 186 has count: 0
TC16.sh on line 186 has count: 0
TC17.sh on line 186 has count: 0
TC18.sh on line 186 has count: 0
TC19.sh on line 186 has count: 0
TC20.sh on line 186 has count: 0
TC21.sh on line 186 has count: 0
TC22.sh on line 186 has count: 0
TC23.sh on line 186 has count: 0
TC26.sh on line 186 has count: 0
TC27.sh on line 186 has count: 0
TC28.sh on line 186 has count: 0
TC29.sh on line 186 has count: 0
TC30.sh on line 186 has count: 0
TC31.sh on line 186 has count: 0
TC32.sh on line 186 has count: 0
TC33.sh on line 186 has count: 0
TC34.sh on line 186 has count: 0
TC36.sh on line 186 has count: 0
TC37.sh on line 186 has count: 0
TC38.sh on line 186 has count: 0
TC39.sh on line 186 has count: 0
TC40.sh on line 186 has count: 0
TC41.sh on line 186 has count: 0
TC42.sh on line 186 has count: 0
TC43.sh on line 186 has count: 0
TC44.sh on line 186 has count: 0
TC45.sh on line 186 has count: 0
TC46.sh on line 186 has count: 0
TC48.sh on line 186 has count: 0
TC49.sh on line 186 has count: 0
TC50.sh on line 186 has count: 0
TC51.sh on line 186 has count: 0
TC52.sh on line 186 has count: 0
TC53.sh on line 186 has count: 0
TC54.sh on line 186 has count: 0
TC55.sh on line 186 has count: 0
TC56.sh on line 186 has count: 0
TC57.sh on line 186 has count: 0
TC58.sh on line 186 has count: 0
TC59.sh on line 186 has count: 0
TC60.sh on line 186 has count: 0
TC61.sh on line 186 has count: 0
TC62.sh on line 186 has count: 0
initialization on line 186 has count: 0
>> Buggy line 186 is NOT covered by failing TC initialization
Lines executed on initialization saved at lines_executed_at_initialization.txt
>> Reverted akaze.cpp to original from akaze.MUT224.cpp
Failing test case TC3.sh executes buggy line opencv_features2d_TF_bot30/modules/features2d/src/akaze.cpp#AKAZE_Impl::detectAndCompute(cv::InputArray image, cv::InputArray mask, int & keypoints, cv::OutputArray descriptors, _Bool useProvidedKeypoints)#186
Failing test case TC4.sh executes buggy line opencv_features2d_TF_bot30/modules/features2d/src/akaze.cpp#AKAZE_Impl::detectAndCompute(cv::InputArray image, cv::InputArray mask, int & keypoints, cv::OutputArray descriptors, _Bool useProvidedKeypoints)#186
Failing test case TC12.sh executes buggy line opencv_features2d_TF_bot30/modules/features2d/src/akaze.cpp#AKAZE_Impl::detectAndCompute(cv::InputArray image, cv::InputArray mask, int & keypoints, cv::OutputArray descriptors, _Bool useProvidedKeypoints)#186
Failing test case TC13.sh executes buggy line opencv_features2d_TF_bot30/modules/features2d/src/akaze.cpp#AKAZE_Impl::detectAndCompute(cv::InputArray image, cv::InputArray mask, int & keypoints, cv::OutputArray descriptors, _Bool useProvidedKeypoints)#186
Failing test case TC24.sh executes buggy line opencv_features2d_TF_bot30/modules/features2d/src/akaze.cpp#AKAZE_Impl::detectAndCompute(cv::InputArray image, cv::InputArray mask, int & keypoints, cv::OutputArray descriptors, _Bool useProvidedKeypoints)#186
Failing test case TC25.sh executes buggy line opencv_features2d_TF_bot30/modules/features2d/src/akaze.cpp#AKAZE_Impl::detectAndCompute(cv::InputArray image, cv::InputArray mask, int & keypoints, cv::OutputArray descriptors, _Bool useProvidedKeypoints)#186
Failing test case TC35.sh executes buggy line opencv_features2d_TF_bot30/modules/features2d/src/akaze.cpp#AKAZE_Impl::detectAndCompute(cv::InputArray image, cv::InputArray mask, int & keypoints, cv::OutputArray descriptors, _Bool useProvidedKeypoints)#186
Failing test case TC47.sh executes buggy line opencv_features2d_TF_bot30/modules/features2d/src/akaze.cpp#AKAZE_Impl::detectAndCompute(cv::InputArray image, cv::InputArray mask, int & keypoints, cv::OutputArray descriptors, _Bool useProvidedKeypoints)#186
Executed lines by test cases are saved at lines_executed_by_failing_tc.json
Executed lines by test cases are saved at lines_executed_by_passing_tc.json
Executed lines by test cases are saved at lines_executed_by_ccts.json
>> Saving version akaze.MUT224.cpp to database

+++++ STDERR +++++

+++++ results for matchers.MUT509.cpp +++++
+++++ STDOUT +++++
Testing version matchers.MUT509.cpp on faster24.swtv::core4
>> Building opencv_features2d_TF_bot30
>> Applied patch to matchers.cpp with matchers.MUT509.cpp
>> Building opencv_features2d_TF_bot30
>> Extracted line2function data from kaze.cpp.ii
>> Extracted line2function data from feature2d.cpp.ii
>> Extracted line2function data from keypoint.cpp.ii
>> Extracted line2function data from akaze.cpp.ii
>> Extracted line2function data from matchers.cpp.ii
>> Extracted line2function data from gftt.cpp.ii
>> Reverted matchers.cpp to original from matchers.MUT509.cpp
>> Extracted line2function data saved to line2function.json
>> Applied patch to matchers.cpp with matchers.MUT509.cpp
>> Building opencv_features2d_TF_bot30
TC38.sh on line 858 has count: 1
>> Buggy line 858 is covered by failing TC TC38.sh
TC1.sh on line 858 has count: 0
TC2.sh on line 858 has count: 0
TC3.sh on line 858 has count: 0
TC4.sh on line 858 has count: 0
TC5.sh on line 858 has count: 0
TC6.sh on line 858 has count: 0
TC7.sh on line 858 has count: 0
TC8.sh on line 858 has count: 0
TC9.sh on line 858 has count: 0
TC10.sh on line 858 has count: 0
TC11.sh on line 858 has count: 0
TC12.sh on line 858 has count: 0
TC13.sh on line 858 has count: 0
TC14.sh on line 858 has count: 0
TC15.sh on line 858 has count: 0
TC16.sh on line 858 has count: 0
TC17.sh on line 858 has count: 0
TC18.sh on line 858 has count: 0
TC19.sh on line 858 has count: 0
TC20.sh on line 858 has count: 0
TC21.sh on line 858 has count: 0
TC22.sh on line 858 has count: 0
TC23.sh on line 858 has count: 0
TC24.sh on line 858 has count: 0
TC25.sh on line 858 has count: 0
TC26.sh on line 858 has count: 0
TC27.sh on line 858 has count: 0
TC28.sh on line 858 has count: 0
TC29.sh on line 858 has count: 0
TC30.sh on line 858 has count: 0
TC31.sh on line 858 has count: 0
TC32.sh on line 858 has count: 0
TC33.sh on line 858 has count: 0
TC34.sh on line 858 has count: 0
TC35.sh on line 858 has count: 0
TC36.sh on line 858 has count: 0
TC37.sh on line 858 has count: 0
TC39.sh on line 858 has count: 1
TC40.sh on line 858 has count: 0
TC41.sh on line 858 has count: 0
TC42.sh on line 858 has count: 0
TC43.sh on line 858 has count: 0
TC44.sh on line 858 has count: 0
TC45.sh on line 858 has count: 0
TC46.sh on line 858 has count: 0
TC47.sh on line 858 has count: 0
TC48.sh on line 858 has count: 0
TC49.sh on line 858 has count: 0
TC50.sh on line 858 has count: 0
TC51.sh on line 858 has count: 0
TC52.sh on line 858 has count: 0
TC53.sh on line 858 has count: 0
TC54.sh on line 858 has count: 0
TC55.sh on line 858 has count: 0
TC56.sh on line 858 has count: 0
TC57.sh on line 858 has count: 0
TC58.sh on line 858 has count: 0
TC59.sh on line 858 has count: 0
TC60.sh on line 858 has count: 0
TC61.sh on line 858 has count: 0
TC62.sh on line 858 has count: 0
initialization on line 858 has count: 0
>> Buggy line 858 is NOT covered by failing TC initialization
Lines executed on initialization saved at lines_executed_at_initialization.txt
>> Reverted matchers.cpp to original from matchers.MUT509.cpp
>> CCTs are updated in the database
Failing test case TC38.sh executes buggy line opencv_features2d_TF_bot30/modules/features2d/src/matchers.cpp#BFMatcher::knnMatchImpl(cv::InputArray _queryDescriptors, int & matches, int knn, cv::InputArrayOfArrays _masks, _Bool compactResult)#858
Executed lines by test cases are saved at lines_executed_by_failing_tc.json
Executed lines by test cases are saved at lines_executed_by_passing_tc.json
Executed lines by test cases are saved at lines_executed_by_ccts.json
>> Saving version matchers.MUT509.cpp to database
>> Cleaning build for opencv_features2d_TF_bot30

+++++ STDERR +++++
