
+++++ results for parser.MUT17279.c +++++
+++++ STDOUT +++++
Testing version parser.MUT17279.c on faster27.swtv::core6
>> Configuring libxml2_TF_top30 with coverage
>> Building libxml2_TF_top30
>> Applied patch to parser.c with parser.MUT17279.c
>> Building libxml2_TF_top30
TC133.sh on line 14622 has count: 1
Buggy line 14622 is covered by test case TC133.sh
TC135.sh on line 14622 has count: 1
Buggy line 14622 is covered by test case TC135.sh
TC137.sh on line 14622 has count: 1
Buggy line 14622 is covered by test case TC137.sh
TC140.sh on line 14622 has count: 1
Buggy line 14622 is covered by test case TC140.sh
TC144.sh on line 14622 has count: 1
Buggy line 14622 is covered by test case TC144.sh
TC145.sh on line 14622 has count: 1
Buggy line 14622 is covered by test case TC145.sh
TC146.sh on line 14622 has count: 1
Buggy line 14622 is covered by test case TC146.sh
TC147.sh on line 14622 has count: 1
Buggy line 14622 is covered by test case TC147.sh
TC148.sh on line 14622 has count: 1
Buggy line 14622 is covered by test case TC148.sh
TC149.sh on line 14622 has count: 1
Buggy line 14622 is covered by test case TC149.sh
TC152.sh on line 14622 has count: 1
Buggy line 14622 is covered by test case TC152.sh
TC153.sh on line 14622 has count: 1
Buggy line 14622 is covered by test case TC153.sh
TC154.sh on line 14622 has count: 1
Buggy line 14622 is covered by test case TC154.sh
TC192.sh on line 14622 has count: 1
Buggy line 14622 is covered by test case TC192.sh
TC194.sh on line 14622 has count: 1
Buggy line 14622 is covered by test case TC194.sh
TC195.sh on line 14622 has count: 1
Buggy line 14622 is covered by test case TC195.sh
TC207.sh on line 14622 has count: 1
Buggy line 14622 is covered by test case TC207.sh
TC208.sh on line 14622 has count: 1
Buggy line 14622 is covered by test case TC208.sh
TC209.sh on line 14622 has count: 1
Buggy line 14622 is covered by test case TC209.sh
TC212.sh on line 14622 has count: 1
Buggy line 14622 is covered by test case TC212.sh
TC213.sh on line 14622 has count: 1
Buggy line 14622 is covered by test case TC213.sh
TC214.sh on line 14622 has count: 1
Buggy line 14622 is covered by test case TC214.sh
TC216.sh on line 14622 has count: 1
Buggy line 14622 is covered by test case TC216.sh
TC226.sh on line 14622 has count: 1
Buggy line 14622 is covered by test case TC226.sh
TC242.sh on line 14622 has count: 1
Buggy line 14622 is covered by test case TC242.sh
TC251.sh on line 14622 has count: 1
Buggy line 14622 is covered by test case TC251.sh
>> Saving version parser.MUT17279.c to database
>> Reverted parser.c to original from parser.MUT17279.c

+++++ STDERR +++++

+++++ results for parser.MUT5775.c +++++
+++++ STDOUT +++++
Testing version parser.MUT5775.c on faster27.swtv::core6
>> Building libxml2_TF_top30
>> Applied patch to parser.c with parser.MUT5775.c
>> Building libxml2_TF_top30
TC6.sh on line 5116 has count: 2
Buggy line 5116 is covered by test case TC6.sh
TC13.sh on line 5116 has count: 14
Buggy line 5116 is covered by test case TC13.sh
TC19.sh on line 5116 has count: 4
Buggy line 5116 is covered by test case TC19.sh
TC20.sh on line 5116 has count: 4
Buggy line 5116 is covered by test case TC20.sh
TC21.sh on line 5116 has count: 4
Buggy line 5116 is covered by test case TC21.sh
TC25.sh on line 5116 has count: 4
Buggy line 5116 is covered by test case TC25.sh
TC26.sh on line 5116 has count: 4
Buggy line 5116 is covered by test case TC26.sh
TC27.sh on line 5116 has count: 27
Buggy line 5116 is covered by test case TC27.sh
TC28.sh on line 5116 has count: 9
Buggy line 5116 is covered by test case TC28.sh
TC88.sh on line 5116 has count: 2
Buggy line 5116 is covered by test case TC88.sh
TC117.sh on line 5116 has count: 3
Buggy line 5116 is covered by test case TC117.sh
TC119.sh on line 5116 has count: 3
Buggy line 5116 is covered by test case TC119.sh
TC121.sh on line 5116 has count: 2
Buggy line 5116 is covered by test case TC121.sh
TC133.sh on line 5116 has count: 1
Buggy line 5116 is covered by test case TC133.sh
TC140.sh on line 5116 has count: 12
Buggy line 5116 is covered by test case TC140.sh
TC146.sh on line 5116 has count: 3
Buggy line 5116 is covered by test case TC146.sh
TC147.sh on line 5116 has count: 3
Buggy line 5116 is covered by test case TC147.sh
TC148.sh on line 5116 has count: 3
Buggy line 5116 is covered by test case TC148.sh
TC152.sh on line 5116 has count: 3
Buggy line 5116 is covered by test case TC152.sh
TC153.sh on line 5116 has count: 2
Buggy line 5116 is covered by test case TC153.sh
TC154.sh on line 5116 has count: 25
Buggy line 5116 is covered by test case TC154.sh
TC155.sh on line 5116 has count: 8
Buggy line 5116 is covered by test case TC155.sh
TC215.sh on line 5116 has count: 1
Buggy line 5116 is covered by test case TC215.sh
TC244.sh on line 5116 has count: 2
Buggy line 5116 is covered by test case TC244.sh
TC246.sh on line 5116 has count: 2
Buggy line 5116 is covered by test case TC246.sh
TC248.sh on line 5116 has count: 1
Buggy line 5116 is covered by test case TC248.sh
TC260.sh on line 5116 has count: 2
Buggy line 5116 is covered by test case TC260.sh
TC267.sh on line 5116 has count: 24
Buggy line 5116 is covered by test case TC267.sh
TC273.sh on line 5116 has count: 6
Buggy line 5116 is covered by test case TC273.sh
TC274.sh on line 5116 has count: 6
Buggy line 5116 is covered by test case TC274.sh
TC275.sh on line 5116 has count: 6
Buggy line 5116 is covered by test case TC275.sh
TC277.sh on line 5116 has count: 0
Buggy line 5116 is NOT covered by test case TC277.sh
>> Reverted parser.c to original from parser.MUT5775.c

+++++ STDERR +++++

+++++ results for parser.MUT5819.c +++++
+++++ STDOUT +++++
Testing version parser.MUT5819.c on faster27.swtv::core6
>> Building libxml2_TF_top30
>> Applied patch to parser.c with parser.MUT5819.c
>> Building libxml2_TF_top30
TC28.sh on line 5136 has count: 1
Buggy line 5136 is covered by test case TC28.sh
TC155.sh on line 5136 has count: 1
Buggy line 5136 is covered by test case TC155.sh
TC282.sh on line 5136 has count: 1
Buggy line 5136 is covered by test case TC282.sh
TC418.sh on line 5136 has count: 1
Buggy line 5136 is covered by test case TC418.sh
TC455.sh on line 5136 has count: 1
Buggy line 5136 is covered by test case TC455.sh
TC492.sh on line 5136 has count: 1
Buggy line 5136 is covered by test case TC492.sh
TC531.sh on line 5136 has count: 1
Buggy line 5136 is covered by test case TC531.sh
TC571.sh on line 5136 has count: 1
Buggy line 5136 is covered by test case TC571.sh
TC698.sh on line 5136 has count: 1
Buggy line 5136 is covered by test case TC698.sh
TC825.sh on line 5136 has count: 1
Buggy line 5136 is covered by test case TC825.sh
TC952.sh on line 5136 has count: 1
Buggy line 5136 is covered by test case TC952.sh
TC1079.sh on line 5136 has count: 1
Buggy line 5136 is covered by test case TC1079.sh
TC1206.sh on line 5136 has count: 1
Buggy line 5136 is covered by test case TC1206.sh
TC1333.sh on line 5136 has count: 1
Buggy line 5136 is covered by test case TC1333.sh
TC1460.sh on line 5136 has count: 1
Buggy line 5136 is covered by test case TC1460.sh
TC1587.sh on line 5136 has count: 1
Buggy line 5136 is covered by test case TC1587.sh
TC1959.sh on line 5136 has count: 1
Buggy line 5136 is covered by test case TC1959.sh
TC2015.sh on line 5136 has count: 1
Buggy line 5136 is covered by test case TC2015.sh
TC2582.sh on line 5136 has count: 1
Buggy line 5136 is covered by test case TC2582.sh
TC2593.sh on line 5136 has count: 1
Buggy line 5136 is covered by test case TC2593.sh
TC2595.sh on line 5136 has count: 3
Buggy line 5136 is covered by test case TC2595.sh
TC2599.sh on line 5136 has count: 1
Buggy line 5136 is covered by test case TC2599.sh
TC2601.sh on line 5136 has count: 1
Buggy line 5136 is covered by test case TC2601.sh
TC2608.sh on line 5136 has count: 2
Buggy line 5136 is covered by test case TC2608.sh
TC2616.sh on line 5136 has count: 3
Buggy line 5136 is covered by test case TC2616.sh
TC2620.sh on line 5136 has count: 1
Buggy line 5136 is covered by test case TC2620.sh
TC2621.sh on line 5136 has count: 5
Buggy line 5136 is covered by test case TC2621.sh
>> Saving version parser.MUT5819.c to database
>> Reverted parser.c to original from parser.MUT5819.c

+++++ STDERR +++++

+++++ results for relaxng.MUT12767.c +++++
+++++ STDOUT +++++
Testing version relaxng.MUT12767.c on faster27.swtv::core6
>> Building libxml2_TF_top30
>> Applied patch to relaxng.c with relaxng.MUT12767.c
>> Building libxml2_TF_top30
TC2301.sh on line 9357 has count: 1
Buggy line 9357 is covered by test case TC2301.sh
TC2309.sh on line 9357 has count: 76
Buggy line 9357 is covered by test case TC2309.sh
TC2323.sh on line 9357 has count: 2
Buggy line 9357 is covered by test case TC2323.sh
TC2379.sh on line 9357 has count: 2
Buggy line 9357 is covered by test case TC2379.sh
TC2380.sh on line 9357 has count: 6
Buggy line 9357 is covered by test case TC2380.sh
TC2389.sh on line 9357 has count: 3
Buggy line 9357 is covered by test case TC2389.sh
TC2403.sh on line 9357 has count: 1
Buggy line 9357 is covered by test case TC2403.sh
TC2411.sh on line 9357 has count: 76
Buggy line 9357 is covered by test case TC2411.sh
TC2425.sh on line 9357 has count: 2
Buggy line 9357 is covered by test case TC2425.sh
TC2481.sh on line 9357 has count: 2
Buggy line 9357 is covered by test case TC2481.sh
TC2491.sh on line 9357 has count: 3
Buggy line 9357 is covered by test case TC2491.sh
>> Saving version relaxng.MUT12767.c to database
>> Reverted relaxng.c to original from relaxng.MUT12767.c

+++++ STDERR +++++

+++++ results for relaxng.MUT10689.c +++++
+++++ STDOUT +++++
Testing version relaxng.MUT10689.c on faster27.swtv::core6
>> Building libxml2_TF_top30
>> Applied patch to relaxng.c with relaxng.MUT10689.c
>> Building libxml2_TF_top30
TC2395.sh on line 7922 has count: 3
Buggy line 7922 is covered by test case TC2395.sh
TC2415.sh on line 7922 has count: 12
Buggy line 7922 is covered by test case TC2415.sh
TC2432.sh on line 7922 has count: 298
Buggy line 7922 is covered by test case TC2432.sh
>> Saving version relaxng.MUT10689.c to database
>> Reverted relaxng.c to original from relaxng.MUT10689.c

+++++ STDERR +++++

+++++ results for pattern.MUT1772.c +++++
+++++ STDOUT +++++
Testing version pattern.MUT1772.c on faster27.swtv::core6
>> Building libxml2_TF_top30
>> Applied patch to pattern.c with pattern.MUT1772.c
>> Building libxml2_TF_top30
TC2191.sh on line 1852 has count: 16
Buggy line 1852 is covered by test case TC2191.sh
>> Saving version pattern.MUT1772.c to database
>> Reverted pattern.c to original from pattern.MUT1772.c

+++++ STDERR +++++

+++++ results for parser.MUT4760.c +++++
+++++ STDOUT +++++
Testing version parser.MUT4760.c on faster27.swtv::core6
>> Building libxml2_TF_top30
>> Applied patch to parser.c with parser.MUT4760.c
>> Building libxml2_TF_top30
TC51.sh on line 4360 has count: 84
Buggy line 4360 is covered by test case TC51.sh
TC66.sh on line 4360 has count: 28
Buggy line 4360 is covered by test case TC66.sh
TC71.sh on line 4360 has count: 86
Buggy line 4360 is covered by test case TC71.sh
TC72.sh on line 4360 has count: 28
Buggy line 4360 is covered by test case TC72.sh
TC73.sh on line 4360 has count: 28
Buggy line 4360 is covered by test case TC73.sh
TC81.sh on line 4360 has count: 30
Buggy line 4360 is covered by test case TC81.sh
TC108.sh on line 4360 has count: 100
Buggy line 4360 is covered by test case TC108.sh
TC109.sh on line 4360 has count: 100
Buggy line 4360 is covered by test case TC109.sh
TC121.sh on line 4360 has count: 108
Buggy line 4360 is covered by test case TC121.sh
TC123.sh on line 4360 has count: 84
Buggy line 4360 is covered by test case TC123.sh
TC124.sh on line 4360 has count: 104
Buggy line 4360 is covered by test case TC124.sh
TC125.sh on line 4360 has count: 104
Buggy line 4360 is covered by test case TC125.sh
TC178.sh on line 4360 has count: 81
Buggy line 4360 is covered by test case TC178.sh
TC193.sh on line 4360 has count: 25
Buggy line 4360 is covered by test case TC193.sh
TC198.sh on line 4360 has count: 63
Buggy line 4360 is covered by test case TC198.sh
TC199.sh on line 4360 has count: 25
Buggy line 4360 is covered by test case TC199.sh
TC200.sh on line 4360 has count: 25
Buggy line 4360 is covered by test case TC200.sh
TC208.sh on line 4360 has count: 27
Buggy line 4360 is covered by test case TC208.sh
TC235.sh on line 4360 has count: 97
Buggy line 4360 is covered by test case TC235.sh
TC236.sh on line 4360 has count: 97
Buggy line 4360 is covered by test case TC236.sh
TC248.sh on line 4360 has count: 105
Buggy line 4360 is covered by test case TC248.sh
TC250.sh on line 4360 has count: 81
Buggy line 4360 is covered by test case TC250.sh
TC251.sh on line 4360 has count: 101
Buggy line 4360 is covered by test case TC251.sh
TC252.sh on line 4360 has count: 101
Buggy line 4360 is covered by test case TC252.sh
TC305.sh on line 4360 has count: 162
Buggy line 4360 is covered by test case TC305.sh
TC320.sh on line 4360 has count: 50
Buggy line 4360 is covered by test case TC320.sh
TC325.sh on line 4360 has count: 63
Buggy line 4360 is covered by test case TC325.sh
TC326.sh on line 4360 has count: 50
Buggy line 4360 is covered by test case TC326.sh
TC327.sh on line 4360 has count: 50
Buggy line 4360 is covered by test case TC327.sh
TC335.sh on line 4360 has count: 54
Buggy line 4360 is covered by test case TC335.sh
TC362.sh on line 4360 has count: 194
Buggy line 4360 is covered by test case TC362.sh
TC363.sh on line 4360 has count: 194
Buggy line 4360 is covered by test case TC363.sh
TC375.sh on line 4360 has count: 210
Buggy line 4360 is covered by test case TC375.sh
TC377.sh on line 4360 has count: 162
Buggy line 4360 is covered by test case TC377.sh
TC378.sh on line 4360 has count: 202
Buggy line 4360 is covered by test case TC378.sh
TC379.sh on line 4360 has count: 202
Buggy line 4360 is covered by test case TC379.sh
TC414.sh on line 4360 has count: 37
Buggy line 4360 is covered by test case TC414.sh
TC424.sh on line 4360 has count: 25
Buggy line 4360 is covered by test case TC424.sh
TC451.sh on line 4360 has count: 37
Buggy line 4360 is covered by test case TC451.sh
TC461.sh on line 4360 has count: 25
Buggy line 4360 is covered by test case TC461.sh
TC488.sh on line 4360 has count: 37
Buggy line 4360 is covered by test case TC488.sh
TC498.sh on line 4360 has count: 25
Buggy line 4360 is covered by test case TC498.sh
TC741.sh on line 4360 has count: 63
Buggy line 4360 is covered by test case TC741.sh
TC1102.sh on line 4360 has count: 162
Buggy line 4360 is covered by test case TC1102.sh
TC1117.sh on line 4360 has count: 50
Buggy line 4360 is covered by test case TC1117.sh
TC1122.sh on line 4360 has count: 126
Buggy line 4360 is covered by test case TC1122.sh
TC1123.sh on line 4360 has count: 50
Buggy line 4360 is covered by test case TC1123.sh
TC1124.sh on line 4360 has count: 50
Buggy line 4360 is covered by test case TC1124.sh
TC1132.sh on line 4360 has count: 54
Buggy line 4360 is covered by test case TC1132.sh
TC1159.sh on line 4360 has count: 194
Buggy line 4360 is covered by test case TC1159.sh
TC1160.sh on line 4360 has count: 194
Buggy line 4360 is covered by test case TC1160.sh
TC1172.sh on line 4360 has count: 210
Buggy line 4360 is covered by test case TC1172.sh
TC1174.sh on line 4360 has count: 162
Buggy line 4360 is covered by test case TC1174.sh
TC1175.sh on line 4360 has count: 202
Buggy line 4360 is covered by test case TC1175.sh
TC1176.sh on line 4360 has count: 202
Buggy line 4360 is covered by test case TC1176.sh
TC1229.sh on line 4360 has count: 162
Buggy line 4360 is covered by test case TC1229.sh
TC1244.sh on line 4360 has count: 50
Buggy line 4360 is covered by test case TC1244.sh
TC1249.sh on line 4360 has count: 126
Buggy line 4360 is covered by test case TC1249.sh
TC1250.sh on line 4360 has count: 50
Buggy line 4360 is covered by test case TC1250.sh
TC1251.sh on line 4360 has count: 50
Buggy line 4360 is covered by test case TC1251.sh
TC1259.sh on line 4360 has count: 54
Buggy line 4360 is covered by test case TC1259.sh
TC1286.sh on line 4360 has count: 194
Buggy line 4360 is covered by test case TC1286.sh
TC1287.sh on line 4360 has count: 194
Buggy line 4360 is covered by test case TC1287.sh
TC1299.sh on line 4360 has count: 210
Buggy line 4360 is covered by test case TC1299.sh
TC1301.sh on line 4360 has count: 162
Buggy line 4360 is covered by test case TC1301.sh
TC1302.sh on line 4360 has count: 202
Buggy line 4360 is covered by test case TC1302.sh
TC1303.sh on line 4360 has count: 202
Buggy line 4360 is covered by test case TC1303.sh
TC1356.sh on line 4360 has count: 162
Buggy line 4360 is covered by test case TC1356.sh
TC1371.sh on line 4360 has count: 50
Buggy line 4360 is covered by test case TC1371.sh
TC1376.sh on line 4360 has count: 126
Buggy line 4360 is covered by test case TC1376.sh
TC1377.sh on line 4360 has count: 50
Buggy line 4360 is covered by test case TC1377.sh
TC1378.sh on line 4360 has count: 50
Buggy line 4360 is covered by test case TC1378.sh
TC1386.sh on line 4360 has count: 54
Buggy line 4360 is covered by test case TC1386.sh
TC1413.sh on line 4360 has count: 194
Buggy line 4360 is covered by test case TC1413.sh
TC1414.sh on line 4360 has count: 194
Buggy line 4360 is covered by test case TC1414.sh
TC1426.sh on line 4360 has count: 210
Buggy line 4360 is covered by test case TC1426.sh
TC1428.sh on line 4360 has count: 162
Buggy line 4360 is covered by test case TC1428.sh
TC1429.sh on line 4360 has count: 202
Buggy line 4360 is covered by test case TC1429.sh
TC1430.sh on line 4360 has count: 202
Buggy line 4360 is covered by test case TC1430.sh
TC1483.sh on line 4360 has count: 81
Buggy line 4360 is covered by test case TC1483.sh
TC1498.sh on line 4360 has count: 25
Buggy line 4360 is covered by test case TC1498.sh
TC1503.sh on line 4360 has count: 63
Buggy line 4360 is covered by test case TC1503.sh
TC1504.sh on line 4360 has count: 25
Buggy line 4360 is covered by test case TC1504.sh
TC1505.sh on line 4360 has count: 25
Buggy line 4360 is covered by test case TC1505.sh
TC1513.sh on line 4360 has count: 27
Buggy line 4360 is covered by test case TC1513.sh
TC1540.sh on line 4360 has count: 97
Buggy line 4360 is covered by test case TC1540.sh
TC1541.sh on line 4360 has count: 97
Buggy line 4360 is covered by test case TC1541.sh
TC1553.sh on line 4360 has count: 105
Buggy line 4360 is covered by test case TC1553.sh
TC1555.sh on line 4360 has count: 81
Buggy line 4360 is covered by test case TC1555.sh
TC1556.sh on line 4360 has count: 101
Buggy line 4360 is covered by test case TC1556.sh
TC1557.sh on line 4360 has count: 101
Buggy line 4360 is covered by test case TC1557.sh
TC1610.sh on line 4360 has count: 81
Buggy line 4360 is covered by test case TC1610.sh
TC1625.sh on line 4360 has count: 25
Buggy line 4360 is covered by test case TC1625.sh
TC1630.sh on line 4360 has count: 63
Buggy line 4360 is covered by test case TC1630.sh
TC1631.sh on line 4360 has count: 25
Buggy line 4360 is covered by test case TC1631.sh
TC1632.sh on line 4360 has count: 25
Buggy line 4360 is covered by test case TC1632.sh
TC1640.sh on line 4360 has count: 27
Buggy line 4360 is covered by test case TC1640.sh
TC1667.sh on line 4360 has count: 97
Buggy line 4360 is covered by test case TC1667.sh
TC1668.sh on line 4360 has count: 97
Buggy line 4360 is covered by test case TC1668.sh
TC1680.sh on line 4360 has count: 105
Buggy line 4360 is covered by test case TC1680.sh
TC1682.sh on line 4360 has count: 81
Buggy line 4360 is covered by test case TC1682.sh
TC1683.sh on line 4360 has count: 101
Buggy line 4360 is covered by test case TC1683.sh
TC1684.sh on line 4360 has count: 101
Buggy line 4360 is covered by test case TC1684.sh
TC1940.sh on line 4360 has count: 27
Buggy line 4360 is covered by test case TC1940.sh
TC1943.sh on line 4360 has count: 23
Buggy line 4360 is covered by test case TC1943.sh
TC1945.sh on line 4360 has count: 33
Buggy line 4360 is covered by test case TC1945.sh
TC1946.sh on line 4360 has count: 33
Buggy line 4360 is covered by test case TC1946.sh
TC1947.sh on line 4360 has count: 33
Buggy line 4360 is covered by test case TC1947.sh
TC1948.sh on line 4360 has count: 33
Buggy line 4360 is covered by test case TC1948.sh
TC1950.sh on line 4360 has count: 29
Buggy line 4360 is covered by test case TC1950.sh
TC1951.sh on line 4360 has count: 66
Buggy line 4360 is covered by test case TC1951.sh
TC1952.sh on line 4360 has count: 41
Buggy line 4360 is covered by test case TC1952.sh
TC1953.sh on line 4360 has count: 41
Buggy line 4360 is covered by test case TC1953.sh
TC1955.sh on line 4360 has count: 29
Buggy line 4360 is covered by test case TC1955.sh
TC1958.sh on line 4360 has count: 35
Buggy line 4360 is covered by test case TC1958.sh
TC1959.sh on line 4360 has count: 78
Buggy line 4360 is covered by test case TC1959.sh
TC1961.sh on line 4360 has count: 31
Buggy line 4360 is covered by test case TC1961.sh
TC1964.sh on line 4360 has count: 41
Buggy line 4360 is covered by test case TC1964.sh
TC1965.sh on line 4360 has count: 39
Buggy line 4360 is covered by test case TC1965.sh
TC1966.sh on line 4360 has count: 35
Buggy line 4360 is covered by test case TC1966.sh
TC1967.sh on line 4360 has count: 47
Buggy line 4360 is covered by test case TC1967.sh
TC1970.sh on line 4360 has count: 37
Buggy line 4360 is covered by test case TC1970.sh
TC1971.sh on line 4360 has count: 15
Buggy line 4360 is covered by test case TC1971.sh
TC1972.sh on line 4360 has count: 17
Buggy line 4360 is covered by test case TC1972.sh
TC1973.sh on line 4360 has count: 15
Buggy line 4360 is covered by test case TC1973.sh
TC1978.sh on line 4360 has count: 35
Buggy line 4360 is covered by test case TC1978.sh
TC1996.sh on line 4360 has count: 27
Buggy line 4360 is covered by test case TC1996.sh
TC1999.sh on line 4360 has count: 23
Buggy line 4360 is covered by test case TC1999.sh
TC2001.sh on line 4360 has count: 33
Buggy line 4360 is covered by test case TC2001.sh
TC2002.sh on line 4360 has count: 33
Buggy line 4360 is covered by test case TC2002.sh
TC2003.sh on line 4360 has count: 33
Buggy line 4360 is covered by test case TC2003.sh
TC2004.sh on line 4360 has count: 33
Buggy line 4360 is covered by test case TC2004.sh
TC2006.sh on line 4360 has count: 29
Buggy line 4360 is covered by test case TC2006.sh
TC2007.sh on line 4360 has count: 66
Buggy line 4360 is covered by test case TC2007.sh
TC2008.sh on line 4360 has count: 41
Buggy line 4360 is covered by test case TC2008.sh
TC2009.sh on line 4360 has count: 41
Buggy line 4360 is covered by test case TC2009.sh
TC2011.sh on line 4360 has count: 29
Buggy line 4360 is covered by test case TC2011.sh
TC2014.sh on line 4360 has count: 35
Buggy line 4360 is covered by test case TC2014.sh
TC2015.sh on line 4360 has count: 78
Buggy line 4360 is covered by test case TC2015.sh
TC2017.sh on line 4360 has count: 31
Buggy line 4360 is covered by test case TC2017.sh
TC2020.sh on line 4360 has count: 41
Buggy line 4360 is covered by test case TC2020.sh
TC2021.sh on line 4360 has count: 39
Buggy line 4360 is covered by test case TC2021.sh
TC2022.sh on line 4360 has count: 35
Buggy line 4360 is covered by test case TC2022.sh
TC2023.sh on line 4360 has count: 47
Buggy line 4360 is covered by test case TC2023.sh
TC2026.sh on line 4360 has count: 37
Buggy line 4360 is covered by test case TC2026.sh
TC2028.sh on line 4360 has count: 15
Buggy line 4360 is covered by test case TC2028.sh
TC2030.sh on line 4360 has count: 17
Buggy line 4360 is covered by test case TC2030.sh
TC2032.sh on line 4360 has count: 15
Buggy line 4360 is covered by test case TC2032.sh
TC2037.sh on line 4360 has count: 47
Buggy line 4360 is covered by test case TC2037.sh
TC2038.sh on line 4360 has count: 35
Buggy line 4360 is covered by test case TC2038.sh
TC2415.sh on line 4360 has count: 172
Buggy line 4360 is covered by test case TC2415.sh
TC2445.sh on line 4360 has count: 47
Buggy line 4360 is covered by test case TC2445.sh
TC2505.sh on line 4360 has count: 67
Buggy line 4360 is covered by test case TC2505.sh
TC2512.sh on line 4360 has count: 67
Buggy line 4360 is covered by test case TC2512.sh
TC2553.sh on line 4360 has count: 67
Buggy line 4360 is covered by test case TC2553.sh
TC2577.sh on line 4360 has count: 106
Buggy line 4360 is covered by test case TC2577.sh
TC2578.sh on line 4360 has count: 104
Buggy line 4360 is covered by test case TC2578.sh
TC2580.sh on line 4360 has count: 102
Buggy line 4360 is covered by test case TC2580.sh
TC2581.sh on line 4360 has count: 104
Buggy line 4360 is covered by test case TC2581.sh
TC2582.sh on line 4360 has count: 102
Buggy line 4360 is covered by test case TC2582.sh
TC2583.sh on line 4360 has count: 102
Buggy line 4360 is covered by test case TC2583.sh
TC2584.sh on line 4360 has count: 104
Buggy line 4360 is covered by test case TC2584.sh
TC2585.sh on line 4360 has count: 106
Buggy line 4360 is covered by test case TC2585.sh
TC2586.sh on line 4360 has count: 102
Buggy line 4360 is covered by test case TC2586.sh
TC2587.sh on line 4360 has count: 104
Buggy line 4360 is covered by test case TC2587.sh
TC2588.sh on line 4360 has count: 106
Buggy line 4360 is covered by test case TC2588.sh
TC2589.sh on line 4360 has count: 106
Buggy line 4360 is covered by test case TC2589.sh
TC2590.sh on line 4360 has count: 102
Buggy line 4360 is covered by test case TC2590.sh
TC2592.sh on line 4360 has count: 102
Buggy line 4360 is covered by test case TC2592.sh
TC2593.sh on line 4360 has count: 102
Buggy line 4360 is covered by test case TC2593.sh
TC2594.sh on line 4360 has count: 102
Buggy line 4360 is covered by test case TC2594.sh
TC2598.sh on line 4360 has count: 102
Buggy line 4360 is covered by test case TC2598.sh
TC2599.sh on line 4360 has count: 106
Buggy line 4360 is covered by test case TC2599.sh
TC2600.sh on line 4360 has count: 106
Buggy line 4360 is covered by test case TC2600.sh
TC2602.sh on line 4360 has count: 102
Buggy line 4360 is covered by test case TC2602.sh
TC2603.sh on line 4360 has count: 102
Buggy line 4360 is covered by test case TC2603.sh
TC2605.sh on line 4360 has count: 106
Buggy line 4360 is covered by test case TC2605.sh
TC2607.sh on line 4360 has count: 102
Buggy line 4360 is covered by test case TC2607.sh
TC2609.sh on line 4360 has count: 106
Buggy line 4360 is covered by test case TC2609.sh
TC2611.sh on line 4360 has count: 104
Buggy line 4360 is covered by test case TC2611.sh
TC2614.sh on line 4360 has count: 108
Buggy line 4360 is covered by test case TC2614.sh
TC2615.sh on line 4360 has count: 104
Buggy line 4360 is covered by test case TC2615.sh
TC2616.sh on line 4360 has count: 102
Buggy line 4360 is covered by test case TC2616.sh
TC2618.sh on line 4360 has count: 102
Buggy line 4360 is covered by test case TC2618.sh
TC2619.sh on line 4360 has count: 104
Buggy line 4360 is covered by test case TC2619.sh
TC2620.sh on line 4360 has count: 104
Buggy line 4360 is covered by test case TC2620.sh
TC2621.sh on line 4360 has count: 102
Buggy line 4360 is covered by test case TC2621.sh
>> Saving version parser.MUT4760.c to database
>> Reverted parser.c to original from parser.MUT4760.c

+++++ STDERR +++++

+++++ results for c14n.MUT1003.c +++++
+++++ STDOUT +++++
Testing version c14n.MUT1003.c on faster27.swtv::core6
>> Building libxml2_TF_top30
>> Applied patch to c14n.c with c14n.MUT1003.c
>> Building libxml2_TF_top30
TC2503.sh on line 1179 has count: 1
Buggy line 1179 is covered by test case TC2503.sh
TC2504.sh on line 1179 has count: 1
Buggy line 1179 is covered by test case TC2504.sh
TC2505.sh on line 1179 has count: 1
Buggy line 1179 is covered by test case TC2505.sh
TC2507.sh on line 1179 has count: 1
Buggy line 1179 is covered by test case TC2507.sh
TC2510.sh on line 1179 has count: 1
Buggy line 1179 is covered by test case TC2510.sh
TC2511.sh on line 1179 has count: 1
Buggy line 1179 is covered by test case TC2511.sh
TC2512.sh on line 1179 has count: 1
Buggy line 1179 is covered by test case TC2512.sh
TC2514.sh on line 1179 has count: 1
Buggy line 1179 is covered by test case TC2514.sh
TC2515.sh on line 1179 has count: 1
Buggy line 1179 is covered by test case TC2515.sh
TC2516.sh on line 1179 has count: 1
Buggy line 1179 is covered by test case TC2516.sh
TC2517.sh on line 1179 has count: 1
Buggy line 1179 is covered by test case TC2517.sh
TC2518.sh on line 1179 has count: 1
Buggy line 1179 is covered by test case TC2518.sh
TC2519.sh on line 1179 has count: 1
Buggy line 1179 is covered by test case TC2519.sh
TC2520.sh on line 1179 has count: 1
Buggy line 1179 is covered by test case TC2520.sh
TC2521.sh on line 1179 has count: 1
Buggy line 1179 is covered by test case TC2521.sh
TC2522.sh on line 1179 has count: 1
Buggy line 1179 is covered by test case TC2522.sh
TC2523.sh on line 1179 has count: 1
Buggy line 1179 is covered by test case TC2523.sh
TC2524.sh on line 1179 has count: 1
Buggy line 1179 is covered by test case TC2524.sh
TC2525.sh on line 1179 has count: 1
Buggy line 1179 is covered by test case TC2525.sh
TC2526.sh on line 1179 has count: 1
Buggy line 1179 is covered by test case TC2526.sh
TC2527.sh on line 1179 has count: 1
Buggy line 1179 is covered by test case TC2527.sh
>> Saving version c14n.MUT1003.c to database
>> Reverted c14n.c to original from c14n.MUT1003.c
>> Cleaning build for libxml2_TF_top30

+++++ STDERR +++++
