
+++++ results for parser.MUT3367.c +++++
+++++ STDOUT +++++
Testing version parser.MUT3367.c on faster17.swtv::core0
>> Configuring libxml2_TF_top30 with coverage
>> Building libxml2_TF_top30
>> Applied patch to parser.c with parser.MUT3367.c
>> Building libxml2_TF_top30
TC383.sh on line 3335 has count: 1
Buggy line 3335 is covered by test case TC383.sh
TC398.sh on line 3335 has count: 5
Buggy line 3335 is covered by test case TC398.sh
TC417.sh on line 3335 has count: 1
Buggy line 3335 is covered by test case TC417.sh
TC418.sh on line 3335 has count: 4
Buggy line 3335 is covered by test case TC418.sh
TC421.sh on line 3335 has count: 1
Buggy line 3335 is covered by test case TC421.sh
TC429.sh on line 3335 has count: 3
Buggy line 3335 is covered by test case TC429.sh
TC430.sh on line 3335 has count: 3
Buggy line 3335 is covered by test case TC430.sh
TC435.sh on line 3335 has count: 5
Buggy line 3335 is covered by test case TC435.sh
TC454.sh on line 3335 has count: 1
Buggy line 3335 is covered by test case TC454.sh
TC455.sh on line 3335 has count: 4
Buggy line 3335 is covered by test case TC455.sh
TC458.sh on line 3335 has count: 1
Buggy line 3335 is covered by test case TC458.sh
TC466.sh on line 3335 has count: 3
Buggy line 3335 is covered by test case TC466.sh
TC467.sh on line 3335 has count: 3
Buggy line 3335 is covered by test case TC467.sh
TC472.sh on line 3335 has count: 5
Buggy line 3335 is covered by test case TC472.sh
TC491.sh on line 3335 has count: 1
Buggy line 3335 is covered by test case TC491.sh
TC492.sh on line 3335 has count: 4
Buggy line 3335 is covered by test case TC492.sh
TC495.sh on line 3335 has count: 1
Buggy line 3335 is covered by test case TC495.sh
TC503.sh on line 3335 has count: 3
Buggy line 3335 is covered by test case TC503.sh
TC504.sh on line 3335 has count: 3
Buggy line 3335 is covered by test case TC504.sh
TC511.sh on line 3335 has count: 4
Buggy line 3335 is covered by test case TC511.sh
TC530.sh on line 3335 has count: 1
Buggy line 3335 is covered by test case TC530.sh
TC531.sh on line 3335 has count: 2
Buggy line 3335 is covered by test case TC531.sh
TC534.sh on line 3335 has count: 1
Buggy line 3335 is covered by test case TC534.sh
TC542.sh on line 3335 has count: 2
Buggy line 3335 is covered by test case TC542.sh
TC543.sh on line 3335 has count: 2
Buggy line 3335 is covered by test case TC543.sh
TC1941.sh on line 3335 has count: 2
Buggy line 3335 is covered by test case TC1941.sh
TC1942.sh on line 3335 has count: 2
Buggy line 3335 is covered by test case TC1942.sh
TC1997.sh on line 3335 has count: 2
Buggy line 3335 is covered by test case TC1997.sh
TC1998.sh on line 3335 has count: 2
Buggy line 3335 is covered by test case TC1998.sh
TC2027.sh on line 3335 has count: 2
Buggy line 3335 is covered by test case TC2027.sh
TC2029.sh on line 3335 has count: 2
Buggy line 3335 is covered by test case TC2029.sh
TC2031.sh on line 3335 has count: 2
Buggy line 3335 is covered by test case TC2031.sh
>> Saving version parser.MUT3367.c to database
>> Reverted parser.c to original from parser.MUT3367.c

+++++ STDERR +++++

+++++ results for parser.MUT14466.c +++++
+++++ STDOUT +++++
Testing version parser.MUT14466.c on faster17.swtv::core0
>> Building libxml2_TF_top30
>> Applied patch to parser.c with parser.MUT14466.c
>> Building libxml2_TF_top30
TC549.sh on line 12132 has count: 1
Buggy line 12132 is covered by test case TC549.sh
TC676.sh on line 12132 has count: 1
Buggy line 12132 is covered by test case TC676.sh
TC803.sh on line 12132 has count: 1
Buggy line 12132 is covered by test case TC803.sh
TC1438.sh on line 12132 has count: 1
Buggy line 12132 is covered by test case TC1438.sh
TC1563.sh on line 12132 has count: 1
Buggy line 12132 is covered by test case TC1563.sh
TC1565.sh on line 12132 has count: 4
Buggy line 12132 is covered by test case TC1565.sh
TC1681.sh on line 12132 has count: 2
Buggy line 12132 is covered by test case TC1681.sh
TC2432.sh on line 12132 has count: 1
Buggy line 12132 is covered by test case TC2432.sh
>> Saving version parser.MUT14466.c to database
>> Reverted parser.c to original from parser.MUT14466.c

+++++ STDERR +++++

+++++ results for xmlregexp.MUT4874.c +++++
+++++ STDOUT +++++
Testing version xmlregexp.MUT4874.c on faster17.swtv::core0
>> Building libxml2_TF_top30
>> Applied patch to xmlregexp.c with xmlregexp.MUT4874.c
>> Building libxml2_TF_top30
TC1927.sh on line 3575 has count: 1
Buggy line 3575 is covered by test case TC1927.sh
TC1945.sh on line 3575 has count: 2
Buggy line 3575 is covered by test case TC1945.sh
TC1947.sh on line 3575 has count: 2
Buggy line 3575 is covered by test case TC1947.sh
TC1950.sh on line 3575 has count: 4023
Buggy line 3575 is covered by test case TC1950.sh
TC1951.sh on line 3575 has count: 2
Buggy line 3575 is covered by test case TC1951.sh
TC1952.sh on line 3575 has count: 2
Buggy line 3575 is covered by test case TC1952.sh
TC1954.sh on line 3575 has count: 387
Buggy line 3575 is covered by test case TC1954.sh
TC1956.sh on line 3575 has count: 6
Buggy line 3575 is covered by test case TC1956.sh
TC1957.sh on line 3575 has count: 6
Buggy line 3575 is covered by test case TC1957.sh
TC1958.sh on line 3575 has count: 6
Buggy line 3575 is covered by test case TC1958.sh
TC1959.sh on line 3575 has count: 1180
Buggy line 3575 is covered by test case TC1959.sh
TC1963.sh on line 3575 has count: 2
Buggy line 3575 is covered by test case TC1963.sh
TC1964.sh on line 3575 has count: 9
Buggy line 3575 is covered by test case TC1964.sh
TC1968.sh on line 3575 has count: 424
Buggy line 3575 is covered by test case TC1968.sh
TC1969.sh on line 3575 has count: 3
Buggy line 3575 is covered by test case TC1969.sh
TC1976.sh on line 3575 has count: 4
Buggy line 3575 is covered by test case TC1976.sh
TC1977.sh on line 3575 has count: 4
Buggy line 3575 is covered by test case TC1977.sh
TC1978.sh on line 3575 has count: 2476
Buggy line 3575 is covered by test case TC1978.sh
TC1983.sh on line 3575 has count: 2
Buggy line 3575 is covered by test case TC1983.sh
TC1986.sh on line 3575 has count: 3
Buggy line 3575 is covered by test case TC1986.sh
TC1987.sh on line 3575 has count: 3
Buggy line 3575 is covered by test case TC1987.sh
TC1988.sh on line 3575 has count: 14
Buggy line 3575 is covered by test case TC1988.sh
TC1989.sh on line 3575 has count: 3
Buggy line 3575 is covered by test case TC1989.sh
TC2001.sh on line 3575 has count: 1
Buggy line 3575 is covered by test case TC2001.sh
TC2003.sh on line 3575 has count: 1
Buggy line 3575 is covered by test case TC2003.sh
TC2006.sh on line 3575 has count: 4023
Buggy line 3575 is covered by test case TC2006.sh
TC2007.sh on line 3575 has count: 1
Buggy line 3575 is covered by test case TC2007.sh
TC2008.sh on line 3575 has count: 1
Buggy line 3575 is covered by test case TC2008.sh
TC2010.sh on line 3575 has count: 376
Buggy line 3575 is covered by test case TC2010.sh
TC2012.sh on line 3575 has count: 4
Buggy line 3575 is covered by test case TC2012.sh
TC2013.sh on line 3575 has count: 4
Buggy line 3575 is covered by test case TC2013.sh
TC2014.sh on line 3575 has count: 4
Buggy line 3575 is covered by test case TC2014.sh
TC2015.sh on line 3575 has count: 1176
Buggy line 3575 is covered by test case TC2015.sh
TC2019.sh on line 3575 has count: 1
Buggy line 3575 is covered by test case TC2019.sh
TC2020.sh on line 3575 has count: 7
Buggy line 3575 is covered by test case TC2020.sh
TC2024.sh on line 3575 has count: 407
Buggy line 3575 is covered by test case TC2024.sh
TC2025.sh on line 3575 has count: 2
Buggy line 3575 is covered by test case TC2025.sh
TC2035.sh on line 3575 has count: 2
Buggy line 3575 is covered by test case TC2035.sh
TC2036.sh on line 3575 has count: 2
Buggy line 3575 is covered by test case TC2036.sh
TC2037.sh on line 3575 has count: 666
Buggy line 3575 is covered by test case TC2037.sh
TC2038.sh on line 3575 has count: 2476
Buggy line 3575 is covered by test case TC2038.sh
TC2152.sh on line 3575 has count: 15
Buggy line 3575 is covered by test case TC2152.sh
TC2153.sh on line 3575 has count: 22
Buggy line 3575 is covered by test case TC2153.sh
TC2154.sh on line 3575 has count: 22
Buggy line 3575 is covered by test case TC2154.sh
TC2155.sh on line 3575 has count: 2
Buggy line 3575 is covered by test case TC2155.sh
TC2158.sh on line 3575 has count: 2
Buggy line 3575 is covered by test case TC2158.sh
TC2159.sh on line 3575 has count: 48
Buggy line 3575 is covered by test case TC2159.sh
TC2160.sh on line 3575 has count: 48
Buggy line 3575 is covered by test case TC2160.sh
TC2161.sh on line 3575 has count: 30
Buggy line 3575 is covered by test case TC2161.sh
TC2162.sh on line 3575 has count: 102
Buggy line 3575 is covered by test case TC2162.sh
TC2164.sh on line 3575 has count: 4
Buggy line 3575 is covered by test case TC2164.sh
TC2165.sh on line 3575 has count: 8
Buggy line 3575 is covered by test case TC2165.sh
TC2167.sh on line 3575 has count: 5
Buggy line 3575 is covered by test case TC2167.sh
TC2168.sh on line 3575 has count: 14
Buggy line 3575 is covered by test case TC2168.sh
TC2172.sh on line 3575 has count: 6
Buggy line 3575 is covered by test case TC2172.sh
TC2173.sh on line 3575 has count: 6
Buggy line 3575 is covered by test case TC2173.sh
TC2175.sh on line 3575 has count: 2
Buggy line 3575 is covered by test case TC2175.sh
TC2176.sh on line 3575 has count: 2
Buggy line 3575 is covered by test case TC2176.sh
TC2178.sh on line 3575 has count: 2
Buggy line 3575 is covered by test case TC2178.sh
TC2179.sh on line 3575 has count: 2
Buggy line 3575 is covered by test case TC2179.sh
TC2182.sh on line 3575 has count: 2
Buggy line 3575 is covered by test case TC2182.sh
TC2184.sh on line 3575 has count: 24
Buggy line 3575 is covered by test case TC2184.sh
TC2186.sh on line 3575 has count: 2
Buggy line 3575 is covered by test case TC2186.sh
TC2187.sh on line 3575 has count: 2
Buggy line 3575 is covered by test case TC2187.sh
TC2188.sh on line 3575 has count: 2077
Buggy line 3575 is covered by test case TC2188.sh
TC2189.sh on line 3575 has count: 2
Buggy line 3575 is covered by test case TC2189.sh
TC2190.sh on line 3575 has count: 8
Buggy line 3575 is covered by test case TC2190.sh
TC2191.sh on line 3575 has count: 2
Buggy line 3575 is covered by test case TC2191.sh
TC2192.sh on line 3575 has count: 505
Buggy line 3575 is covered by test case TC2192.sh
TC2194.sh on line 3575 has count: 2
Buggy line 3575 is covered by test case TC2194.sh
TC2195.sh on line 3575 has count: 2
Buggy line 3575 is covered by test case TC2195.sh
TC2197.sh on line 3575 has count: 32
Buggy line 3575 is covered by test case TC2197.sh
TC2198.sh on line 3575 has count: 3
Buggy line 3575 is covered by test case TC2198.sh
TC2200.sh on line 3575 has count: 2
Buggy line 3575 is covered by test case TC2200.sh
TC2201.sh on line 3575 has count: 33
Buggy line 3575 is covered by test case TC2201.sh
TC2202.sh on line 3575 has count: 25
Buggy line 3575 is covered by test case TC2202.sh
TC2203.sh on line 3575 has count: 25
Buggy line 3575 is covered by test case TC2203.sh
TC2204.sh on line 3575 has count: 26
Buggy line 3575 is covered by test case TC2204.sh
TC2205.sh on line 3575 has count: 3
Buggy line 3575 is covered by test case TC2205.sh
TC2206.sh on line 3575 has count: 2
Buggy line 3575 is covered by test case TC2206.sh
TC2209.sh on line 3575 has count: 182
Buggy line 3575 is covered by test case TC2209.sh
TC2210.sh on line 3575 has count: 2
Buggy line 3575 is covered by test case TC2210.sh
TC2211.sh on line 3575 has count: 2
Buggy line 3575 is covered by test case TC2211.sh
TC2212.sh on line 3575 has count: 2
Buggy line 3575 is covered by test case TC2212.sh
TC2217.sh on line 3575 has count: 2
Buggy line 3575 is covered by test case TC2217.sh
TC2219.sh on line 3575 has count: 56
Buggy line 3575 is covered by test case TC2219.sh
TC2226.sh on line 3575 has count: 16
Buggy line 3575 is covered by test case TC2226.sh
TC2231.sh on line 3575 has count: 6
Buggy line 3575 is covered by test case TC2231.sh
TC2232.sh on line 3575 has count: 18
Buggy line 3575 is covered by test case TC2232.sh
TC2233.sh on line 3575 has count: 2
Buggy line 3575 is covered by test case TC2233.sh
TC2234.sh on line 3575 has count: 2
Buggy line 3575 is covered by test case TC2234.sh
TC2236.sh on line 3575 has count: 2
Buggy line 3575 is covered by test case TC2236.sh
TC2237.sh on line 3575 has count: 2
Buggy line 3575 is covered by test case TC2237.sh
TC2238.sh on line 3575 has count: 2
Buggy line 3575 is covered by test case TC2238.sh
TC2240.sh on line 3575 has count: 6
Buggy line 3575 is covered by test case TC2240.sh
TC2241.sh on line 3575 has count: 4
Buggy line 3575 is covered by test case TC2241.sh
TC2243.sh on line 3575 has count: 3
Buggy line 3575 is covered by test case TC2243.sh
TC2244.sh on line 3575 has count: 3
Buggy line 3575 is covered by test case TC2244.sh
TC2246.sh on line 3575 has count: 2
Buggy line 3575 is covered by test case TC2246.sh
TC2248.sh on line 3575 has count: 6
Buggy line 3575 is covered by test case TC2248.sh
TC2249.sh on line 3575 has count: 6
Buggy line 3575 is covered by test case TC2249.sh
TC2256.sh on line 3575 has count: 141
Buggy line 3575 is covered by test case TC2256.sh
TC2258.sh on line 3575 has count: 4
Buggy line 3575 is covered by test case TC2258.sh
TC2259.sh on line 3575 has count: 2
Buggy line 3575 is covered by test case TC2259.sh
TC2266.sh on line 3575 has count: 7
Buggy line 3575 is covered by test case TC2266.sh
TC2270.sh on line 3575 has count: 2
Buggy line 3575 is covered by test case TC2270.sh
TC2282.sh on line 3575 has count: 5
Buggy line 3575 is covered by test case TC2282.sh
TC2284.sh on line 3575 has count: 2
Buggy line 3575 is covered by test case TC2284.sh
TC2285.sh on line 3575 has count: 4
Buggy line 3575 is covered by test case TC2285.sh
TC2286.sh on line 3575 has count: 4
Buggy line 3575 is covered by test case TC2286.sh
TC2287.sh on line 3575 has count: 4
Buggy line 3575 is covered by test case TC2287.sh
TC2288.sh on line 3575 has count: 4
Buggy line 3575 is covered by test case TC2288.sh
TC2289.sh on line 3575 has count: 11
Buggy line 3575 is covered by test case TC2289.sh
TC2290.sh on line 3575 has count: 7
Buggy line 3575 is covered by test case TC2290.sh
TC2292.sh on line 3575 has count: 2
Buggy line 3575 is covered by test case TC2292.sh
TC2395.sh on line 3575 has count: 6
Buggy line 3575 is covered by test case TC2395.sh
TC2397.sh on line 3575 has count: 6
Buggy line 3575 is covered by test case TC2397.sh
TC2398.sh on line 3575 has count: 11
Buggy line 3575 is covered by test case TC2398.sh
TC2401.sh on line 3575 has count: 1
Buggy line 3575 is covered by test case TC2401.sh
TC2402.sh on line 3575 has count: 2
Buggy line 3575 is covered by test case TC2402.sh
TC2403.sh on line 3575 has count: 1
Buggy line 3575 is covered by test case TC2403.sh
TC2409.sh on line 3575 has count: 9
Buggy line 3575 is covered by test case TC2409.sh
TC2410.sh on line 3575 has count: 1
Buggy line 3575 is covered by test case TC2410.sh
TC2411.sh on line 3575 has count: 11622
Buggy line 3575 is covered by test case TC2411.sh
TC2415.sh on line 3575 has count: 5234558
Buggy line 3575 is covered by test case TC2415.sh
TC2416.sh on line 3575 has count: 1
Buggy line 3575 is covered by test case TC2416.sh
TC2417.sh on line 3575 has count: 2
Buggy line 3575 is covered by test case TC2417.sh
TC2418.sh on line 3575 has count: 1
Buggy line 3575 is covered by test case TC2418.sh
TC2419.sh on line 3575 has count: 1
Buggy line 3575 is covered by test case TC2419.sh
TC2425.sh on line 3575 has count: 15
Buggy line 3575 is covered by test case TC2425.sh
TC2426.sh on line 3575 has count: 2
Buggy line 3575 is covered by test case TC2426.sh
TC2429.sh on line 3575 has count: 1
Buggy line 3575 is covered by test case TC2429.sh
TC2432.sh on line 3575 has count: 5719984
Buggy line 3575 is covered by test case TC2432.sh
TC2433.sh on line 3575 has count: 2
Buggy line 3575 is covered by test case TC2433.sh
TC2436.sh on line 3575 has count: 2
Buggy line 3575 is covered by test case TC2436.sh
TC2438.sh on line 3575 has count: 2
Buggy line 3575 is covered by test case TC2438.sh
TC2439.sh on line 3575 has count: 2
Buggy line 3575 is covered by test case TC2439.sh
TC2440.sh on line 3575 has count: 2
Buggy line 3575 is covered by test case TC2440.sh
TC2441.sh on line 3575 has count: 2
Buggy line 3575 is covered by test case TC2441.sh
TC2442.sh on line 3575 has count: 3
Buggy line 3575 is covered by test case TC2442.sh
TC2443.sh on line 3575 has count: 3
Buggy line 3575 is covered by test case TC2443.sh
TC2444.sh on line 3575 has count: 2
Buggy line 3575 is covered by test case TC2444.sh
TC2446.sh on line 3575 has count: 3
Buggy line 3575 is covered by test case TC2446.sh
TC2448.sh on line 3575 has count: 1
Buggy line 3575 is covered by test case TC2448.sh
TC2449.sh on line 3575 has count: 2
Buggy line 3575 is covered by test case TC2449.sh
TC2450.sh on line 3575 has count: 16
Buggy line 3575 is covered by test case TC2450.sh
TC2452.sh on line 3575 has count: 4
Buggy line 3575 is covered by test case TC2452.sh
TC2453.sh on line 3575 has count: 4
Buggy line 3575 is covered by test case TC2453.sh
TC2454.sh on line 3575 has count: 4
Buggy line 3575 is covered by test case TC2454.sh
TC2455.sh on line 3575 has count: 4
Buggy line 3575 is covered by test case TC2455.sh
TC2456.sh on line 3575 has count: 6
Buggy line 3575 is covered by test case TC2456.sh
TC2457.sh on line 3575 has count: 2
Buggy line 3575 is covered by test case TC2457.sh
TC2459.sh on line 3575 has count: 2
Buggy line 3575 is covered by test case TC2459.sh
TC2460.sh on line 3575 has count: 2
Buggy line 3575 is covered by test case TC2460.sh
TC2461.sh on line 3575 has count: 8
Buggy line 3575 is covered by test case TC2461.sh
TC2462.sh on line 3575 has count: 1
Buggy line 3575 is covered by test case TC2462.sh
TC2464.sh on line 3575 has count: 5
Buggy line 3575 is covered by test case TC2464.sh
TC2465.sh on line 3575 has count: 1
Buggy line 3575 is covered by test case TC2465.sh
TC2466.sh on line 3575 has count: 4
Buggy line 3575 is covered by test case TC2466.sh
TC2467.sh on line 3575 has count: 4
Buggy line 3575 is covered by test case TC2467.sh
TC2468.sh on line 3575 has count: 728
Buggy line 3575 is covered by test case TC2468.sh
TC2470.sh on line 3575 has count: 1
Buggy line 3575 is covered by test case TC2470.sh
TC2471.sh on line 3575 has count: 2
Buggy line 3575 is covered by test case TC2471.sh
TC2473.sh on line 3575 has count: 1
Buggy line 3575 is covered by test case TC2473.sh
TC2475.sh on line 3575 has count: 5
Buggy line 3575 is covered by test case TC2475.sh
TC2476.sh on line 3575 has count: 12
Buggy line 3575 is covered by test case TC2476.sh
TC2477.sh on line 3575 has count: 1
Buggy line 3575 is covered by test case TC2477.sh
TC2478.sh on line 3575 has count: 4
Buggy line 3575 is covered by test case TC2478.sh
TC2479.sh on line 3575 has count: 4
Buggy line 3575 is covered by test case TC2479.sh
TC2480.sh on line 3575 has count: 5
Buggy line 3575 is covered by test case TC2480.sh
TC2481.sh on line 3575 has count: 4
Buggy line 3575 is covered by test case TC2481.sh
TC2483.sh on line 3575 has count: 1
Buggy line 3575 is covered by test case TC2483.sh
TC2484.sh on line 3575 has count: 39
Buggy line 3575 is covered by test case TC2484.sh
TC2485.sh on line 3575 has count: 251
Buggy line 3575 is covered by test case TC2485.sh
TC2486.sh on line 3575 has count: 2
Buggy line 3575 is covered by test case TC2486.sh
TC2487.sh on line 3575 has count: 2
Buggy line 3575 is covered by test case TC2487.sh
TC2488.sh on line 3575 has count: 6
Buggy line 3575 is covered by test case TC2488.sh
TC2489.sh on line 3575 has count: 3
Buggy line 3575 is covered by test case TC2489.sh
TC2490.sh on line 3575 has count: 3
Buggy line 3575 is covered by test case TC2490.sh
TC2491.sh on line 3575 has count: 3
Buggy line 3575 is covered by test case TC2491.sh
TC2492.sh on line 3575 has count: 3
Buggy line 3575 is covered by test case TC2492.sh
TC2493.sh on line 3575 has count: 251
Buggy line 3575 is covered by test case TC2493.sh
TC2494.sh on line 3575 has count: 251
Buggy line 3575 is covered by test case TC2494.sh
TC2495.sh on line 3575 has count: 301
Buggy line 3575 is covered by test case TC2495.sh
TC2639.sh on line 3575 has count: 3
Buggy line 3575 is covered by test case TC2639.sh
TC2640.sh on line 3575 has count: 6
Buggy line 3575 is covered by test case TC2640.sh
TC2641.sh on line 3575 has count: 8
Buggy line 3575 is covered by test case TC2641.sh
TC2642.sh on line 3575 has count: 6
Buggy line 3575 is covered by test case TC2642.sh
TC2643.sh on line 3575 has count: 3
Buggy line 3575 is covered by test case TC2643.sh
>> Saving version xmlregexp.MUT4874.c to database
>> Reverted xmlregexp.c to original from xmlregexp.MUT4874.c

+++++ STDERR +++++

+++++ results for hash.MUT179.c +++++
+++++ STDOUT +++++
Testing version hash.MUT179.c on faster17.swtv::core0
>> Building libxml2_TF_top30
>> Applied patch to hash.c with hash.MUT179.c
>> Building libxml2_TF_top30
TC2.sh on line 297 has count: 82
Buggy line 297 is covered by test case TC2.sh
TC3.sh on line 297 has count: 69
Buggy line 297 is covered by test case TC3.sh
TC7.sh on line 297 has count: 182
Buggy line 297 is covered by test case TC7.sh
TC9.sh on line 297 has count: 83
Buggy line 297 is covered by test case TC9.sh
TC11.sh on line 297 has count: 65
Buggy line 297 is covered by test case TC11.sh
TC14.sh on line 297 has count: 56
Buggy line 297 is covered by test case TC14.sh
TC17.sh on line 297 has count: 59
Buggy line 297 is covered by test case TC17.sh
TC47.sh on line 297 has count: 64
Buggy line 297 is covered by test case TC47.sh
TC48.sh on line 297 has count: 78
Buggy line 297 is covered by test case TC48.sh
TC52.sh on line 297 has count: 62
Buggy line 297 is covered by test case TC52.sh
TC54.sh on line 297 has count: 56
Buggy line 297 is covered by test case TC54.sh
TC59.sh on line 297 has count: 56
Buggy line 297 is covered by test case TC59.sh
TC60.sh on line 297 has count: 56
Buggy line 297 is covered by test case TC60.sh
TC61.sh on line 297 has count: 56
Buggy line 297 is covered by test case TC61.sh
TC62.sh on line 297 has count: 62
Buggy line 297 is covered by test case TC62.sh
TC63.sh on line 297 has count: 62
Buggy line 297 is covered by test case TC63.sh
TC67.sh on line 297 has count: 79
Buggy line 297 is covered by test case TC67.sh
TC69.sh on line 297 has count: 59
Buggy line 297 is covered by test case TC69.sh
TC71.sh on line 297 has count: 64
Buggy line 297 is covered by test case TC71.sh
TC75.sh on line 297 has count: 60
Buggy line 297 is covered by test case TC75.sh
TC76.sh on line 297 has count: 60
Buggy line 297 is covered by test case TC76.sh
TC77.sh on line 297 has count: 62
Buggy line 297 is covered by test case TC77.sh
TC78.sh on line 297 has count: 58
Buggy line 297 is covered by test case TC78.sh
TC80.sh on line 297 has count: 64
Buggy line 297 is covered by test case TC80.sh
TC84.sh on line 297 has count: 160
Buggy line 297 is covered by test case TC84.sh
TC88.sh on line 297 has count: 93
Buggy line 297 is covered by test case TC88.sh
TC89.sh on line 297 has count: 71
Buggy line 297 is covered by test case TC89.sh
TC92.sh on line 297 has count: 61
Buggy line 297 is covered by test case TC92.sh
TC127.sh on line 297 has count: 56
Buggy line 297 is covered by test case TC127.sh
TC129.sh on line 297 has count: 82
Buggy line 297 is covered by test case TC129.sh
TC130.sh on line 297 has count: 69
Buggy line 297 is covered by test case TC130.sh
TC134.sh on line 297 has count: 116
Buggy line 297 is covered by test case TC134.sh
TC136.sh on line 297 has count: 68
Buggy line 297 is covered by test case TC136.sh
TC138.sh on line 297 has count: 59
Buggy line 297 is covered by test case TC138.sh
TC141.sh on line 297 has count: 56
Buggy line 297 is covered by test case TC141.sh
TC144.sh on line 297 has count: 56
Buggy line 297 is covered by test case TC144.sh
TC174.sh on line 297 has count: 57
Buggy line 297 is covered by test case TC174.sh
TC175.sh on line 297 has count: 69
Buggy line 297 is covered by test case TC175.sh
TC179.sh on line 297 has count: 62
Buggy line 297 is covered by test case TC179.sh
TC181.sh on line 297 has count: 56
Buggy line 297 is covered by test case TC181.sh
TC186.sh on line 297 has count: 56
Buggy line 297 is covered by test case TC186.sh
TC187.sh on line 297 has count: 56
Buggy line 297 is covered by test case TC187.sh
TC188.sh on line 297 has count: 56
Buggy line 297 is covered by test case TC188.sh
TC189.sh on line 297 has count: 62
Buggy line 297 is covered by test case TC189.sh
TC190.sh on line 297 has count: 62
Buggy line 297 is covered by test case TC190.sh
TC194.sh on line 297 has count: 66
Buggy line 297 is covered by test case TC194.sh
TC196.sh on line 297 has count: 59
Buggy line 297 is covered by test case TC196.sh
TC198.sh on line 297 has count: 58
Buggy line 297 is covered by test case TC198.sh
TC202.sh on line 297 has count: 59
Buggy line 297 is covered by test case TC202.sh
TC203.sh on line 297 has count: 59
Buggy line 297 is covered by test case TC203.sh
TC204.sh on line 297 has count: 58
Buggy line 297 is covered by test case TC204.sh
TC205.sh on line 297 has count: 58
Buggy line 297 is covered by test case TC205.sh
TC207.sh on line 297 has count: 64
Buggy line 297 is covered by test case TC207.sh
TC211.sh on line 297 has count: 156
Buggy line 297 is covered by test case TC211.sh
TC215.sh on line 297 has count: 79
Buggy line 297 is covered by test case TC215.sh
TC216.sh on line 297 has count: 63
Buggy line 297 is covered by test case TC216.sh
TC219.sh on line 297 has count: 61
Buggy line 297 is covered by test case TC219.sh
TC254.sh on line 297 has count: 55
Buggy line 297 is covered by test case TC254.sh
TC256.sh on line 297 has count: 82
Buggy line 297 is covered by test case TC256.sh
TC257.sh on line 297 has count: 77
Buggy line 297 is covered by test case TC257.sh
TC261.sh on line 297 has count: 182
Buggy line 297 is covered by test case TC261.sh
TC263.sh on line 297 has count: 84
Buggy line 297 is covered by test case TC263.sh
TC265.sh on line 297 has count: 68
Buggy line 297 is covered by test case TC265.sh
TC268.sh on line 297 has count: 56
Buggy line 297 is covered by test case TC268.sh
TC271.sh on line 297 has count: 60
Buggy line 297 is covered by test case TC271.sh
TC301.sh on line 297 has count: 64
Buggy line 297 is covered by test case TC301.sh
TC302.sh on line 297 has count: 88
Buggy line 297 is covered by test case TC302.sh
TC306.sh on line 297 has count: 74
Buggy line 297 is covered by test case TC306.sh
TC308.sh on line 297 has count: 56
Buggy line 297 is covered by test case TC308.sh
TC313.sh on line 297 has count: 62
Buggy line 297 is covered by test case TC313.sh
TC314.sh on line 297 has count: 62
Buggy line 297 is covered by test case TC314.sh
TC315.sh on line 297 has count: 62
Buggy line 297 is covered by test case TC315.sh
TC316.sh on line 297 has count: 74
Buggy line 297 is covered by test case TC316.sh
TC317.sh on line 297 has count: 74
Buggy line 297 is covered by test case TC317.sh
TC321.sh on line 297 has count: 80
Buggy line 297 is covered by test case TC321.sh
TC323.sh on line 297 has count: 57
Buggy line 297 is covered by test case TC323.sh
TC325.sh on line 297 has count: 64
Buggy line 297 is covered by test case TC325.sh
TC329.sh on line 297 has count: 68
Buggy line 297 is covered by test case TC329.sh
TC330.sh on line 297 has count: 68
Buggy line 297 is covered by test case TC330.sh
TC331.sh on line 297 has count: 64
Buggy line 297 is covered by test case TC331.sh
TC332.sh on line 297 has count: 57
Buggy line 297 is covered by test case TC332.sh
TC334.sh on line 297 has count: 64
Buggy line 297 is covered by test case TC334.sh
TC338.sh on line 297 has count: 262
Buggy line 297 is covered by test case TC338.sh
TC342.sh on line 297 has count: 108
Buggy line 297 is covered by test case TC342.sh
TC343.sh on line 297 has count: 76
Buggy line 297 is covered by test case TC343.sh
TC346.sh on line 297 has count: 59
Buggy line 297 is covered by test case TC346.sh
TC381.sh on line 297 has count: 60
Buggy line 297 is covered by test case TC381.sh
TC398.sh on line 297 has count: 157
Buggy line 297 is covered by test case TC398.sh
TC399.sh on line 297 has count: 55
Buggy line 297 is covered by test case TC399.sh
TC404.sh on line 297 has count: 62
Buggy line 297 is covered by test case TC404.sh
TC411.sh on line 297 has count: 56
Buggy line 297 is covered by test case TC411.sh
TC422.sh on line 297 has count: 1831
Buggy line 297 is covered by test case TC422.sh
TC423.sh on line 297 has count: 70
Buggy line 297 is covered by test case TC423.sh
TC435.sh on line 297 has count: 157
Buggy line 297 is covered by test case TC435.sh
TC436.sh on line 297 has count: 55
Buggy line 297 is covered by test case TC436.sh
TC441.sh on line 297 has count: 62
Buggy line 297 is covered by test case TC441.sh
TC448.sh on line 297 has count: 56
Buggy line 297 is covered by test case TC448.sh
TC459.sh on line 297 has count: 1831
Buggy line 297 is covered by test case TC459.sh
TC460.sh on line 297 has count: 70
Buggy line 297 is covered by test case TC460.sh
TC472.sh on line 297 has count: 157
Buggy line 297 is covered by test case TC472.sh
TC473.sh on line 297 has count: 55
Buggy line 297 is covered by test case TC473.sh
TC478.sh on line 297 has count: 62
Buggy line 297 is covered by test case TC478.sh
TC485.sh on line 297 has count: 56
Buggy line 297 is covered by test case TC485.sh
TC496.sh on line 297 has count: 1829
Buggy line 297 is covered by test case TC496.sh
TC497.sh on line 297 has count: 68
Buggy line 297 is covered by test case TC497.sh
TC511.sh on line 297 has count: 157
Buggy line 297 is covered by test case TC511.sh
TC512.sh on line 297 has count: 55
Buggy line 297 is covered by test case TC512.sh
TC517.sh on line 297 has count: 62
Buggy line 297 is covered by test case TC517.sh
TC524.sh on line 297 has count: 56
Buggy line 297 is covered by test case TC524.sh
TC535.sh on line 297 has count: 1831
Buggy line 297 is covered by test case TC535.sh
TC536.sh on line 297 has count: 70
Buggy line 297 is covered by test case TC536.sh
TC545.sh on line 297 has count: 82
Buggy line 297 is covered by test case TC545.sh
TC546.sh on line 297 has count: 69
Buggy line 297 is covered by test case TC546.sh
TC552.sh on line 297 has count: 68
Buggy line 297 is covered by test case TC552.sh
TC554.sh on line 297 has count: 59
Buggy line 297 is covered by test case TC554.sh
TC557.sh on line 297 has count: 56
Buggy line 297 is covered by test case TC557.sh
TC590.sh on line 297 has count: 57
Buggy line 297 is covered by test case TC590.sh
TC591.sh on line 297 has count: 69
Buggy line 297 is covered by test case TC591.sh
TC597.sh on line 297 has count: 56
Buggy line 297 is covered by test case TC597.sh
TC610.sh on line 297 has count: 66
Buggy line 297 is covered by test case TC610.sh
TC612.sh on line 297 has count: 59
Buggy line 297 is covered by test case TC612.sh
TC621.sh on line 297 has count: 58
Buggy line 297 is covered by test case TC621.sh
TC623.sh on line 297 has count: 56
Buggy line 297 is covered by test case TC623.sh
TC632.sh on line 297 has count: 63
Buggy line 297 is covered by test case TC632.sh
TC635.sh on line 297 has count: 60
Buggy line 297 is covered by test case TC635.sh
TC672.sh on line 297 has count: 82
Buggy line 297 is covered by test case TC672.sh
TC673.sh on line 297 has count: 77
Buggy line 297 is covered by test case TC673.sh
TC679.sh on line 297 has count: 67
Buggy line 297 is covered by test case TC679.sh
TC681.sh on line 297 has count: 59
Buggy line 297 is covered by test case TC681.sh
TC684.sh on line 297 has count: 56
Buggy line 297 is covered by test case TC684.sh
TC717.sh on line 297 has count: 57
Buggy line 297 is covered by test case TC717.sh
TC718.sh on line 297 has count: 69
Buggy line 297 is covered by test case TC718.sh
TC724.sh on line 297 has count: 56
Buggy line 297 is covered by test case TC724.sh
TC737.sh on line 297 has count: 65
Buggy line 297 is covered by test case TC737.sh
TC739.sh on line 297 has count: 57
Buggy line 297 is covered by test case TC739.sh
TC741.sh on line 297 has count: 57
Buggy line 297 is covered by test case TC741.sh
TC748.sh on line 297 has count: 57
Buggy line 297 is covered by test case TC748.sh
TC750.sh on line 297 has count: 56
Buggy line 297 is covered by test case TC750.sh
TC759.sh on line 297 has count: 63
Buggy line 297 is covered by test case TC759.sh
TC762.sh on line 297 has count: 58
Buggy line 297 is covered by test case TC762.sh
TC797.sh on line 297 has count: 55
Buggy line 297 is covered by test case TC797.sh
TC799.sh on line 297 has count: 82
Buggy line 297 is covered by test case TC799.sh
TC800.sh on line 297 has count: 69
Buggy line 297 is covered by test case TC800.sh
TC806.sh on line 297 has count: 68
Buggy line 297 is covered by test case TC806.sh
TC808.sh on line 297 has count: 59
Buggy line 297 is covered by test case TC808.sh
TC811.sh on line 297 has count: 56
Buggy line 297 is covered by test case TC811.sh
TC844.sh on line 297 has count: 57
Buggy line 297 is covered by test case TC844.sh
TC845.sh on line 297 has count: 69
Buggy line 297 is covered by test case TC845.sh
TC851.sh on line 297 has count: 56
Buggy line 297 is covered by test case TC851.sh
TC864.sh on line 297 has count: 66
Buggy line 297 is covered by test case TC864.sh
TC866.sh on line 297 has count: 59
Buggy line 297 is covered by test case TC866.sh
TC875.sh on line 297 has count: 58
Buggy line 297 is covered by test case TC875.sh
TC877.sh on line 297 has count: 56
Buggy line 297 is covered by test case TC877.sh
TC886.sh on line 297 has count: 63
Buggy line 297 is covered by test case TC886.sh
TC889.sh on line 297 has count: 60
Buggy line 297 is covered by test case TC889.sh
TC926.sh on line 297 has count: 82
Buggy line 297 is covered by test case TC926.sh
TC927.sh on line 297 has count: 69
Buggy line 297 is covered by test case TC927.sh
TC933.sh on line 297 has count: 68
Buggy line 297 is covered by test case TC933.sh
TC935.sh on line 297 has count: 59
Buggy line 297 is covered by test case TC935.sh
TC938.sh on line 297 has count: 56
Buggy line 297 is covered by test case TC938.sh
TC971.sh on line 297 has count: 57
Buggy line 297 is covered by test case TC971.sh
TC972.sh on line 297 has count: 69
Buggy line 297 is covered by test case TC972.sh
TC978.sh on line 297 has count: 56
Buggy line 297 is covered by test case TC978.sh
TC991.sh on line 297 has count: 66
Buggy line 297 is covered by test case TC991.sh
TC993.sh on line 297 has count: 59
Buggy line 297 is covered by test case TC993.sh
TC1002.sh on line 297 has count: 58
Buggy line 297 is covered by test case TC1002.sh
TC1004.sh on line 297 has count: 64
Buggy line 297 is covered by test case TC1004.sh
TC1013.sh on line 297 has count: 63
Buggy line 297 is covered by test case TC1013.sh
TC1016.sh on line 297 has count: 61
Buggy line 297 is covered by test case TC1016.sh
TC1053.sh on line 297 has count: 61
Buggy line 297 is covered by test case TC1053.sh
TC1054.sh on line 297 has count: 57
Buggy line 297 is covered by test case TC1054.sh
TC1065.sh on line 297 has count: 56
Buggy line 297 is covered by test case TC1065.sh
TC1068.sh on line 297 has count: 60
Buggy line 297 is covered by test case TC1068.sh
TC1105.sh on line 297 has count: 56
Buggy line 297 is covered by test case TC1105.sh
TC1120.sh on line 297 has count: 57
Buggy line 297 is covered by test case TC1120.sh
TC1122.sh on line 297 has count: 58
Buggy line 297 is covered by test case TC1122.sh
TC1126.sh on line 297 has count: 76
Buggy line 297 is covered by test case TC1126.sh
TC1127.sh on line 297 has count: 76
Buggy line 297 is covered by test case TC1127.sh
TC1129.sh on line 297 has count: 57
Buggy line 297 is covered by test case TC1129.sh
TC1131.sh on line 297 has count: 56
Buggy line 297 is covered by test case TC1131.sh
TC1143.sh on line 297 has count: 58
Buggy line 297 is covered by test case TC1143.sh
TC1178.sh on line 297 has count: 55
Buggy line 297 is covered by test case TC1178.sh
TC1180.sh on line 297 has count: 61
Buggy line 297 is covered by test case TC1180.sh
TC1181.sh on line 297 has count: 57
Buggy line 297 is covered by test case TC1181.sh
TC1185.sh on line 297 has count: 52
Buggy line 297 is covered by test case TC1185.sh
TC1187.sh on line 297 has count: 64
Buggy line 297 is covered by test case TC1187.sh
TC1189.sh on line 297 has count: 56
Buggy line 297 is covered by test case TC1189.sh
TC1192.sh on line 297 has count: 56
Buggy line 297 is covered by test case TC1192.sh
TC1195.sh on line 297 has count: 60
Buggy line 297 is covered by test case TC1195.sh
TC1225.sh on line 297 has count: 56
Buggy line 297 is covered by test case TC1225.sh
TC1226.sh on line 297 has count: 64
Buggy line 297 is covered by test case TC1226.sh
TC1232.sh on line 297 has count: 56
Buggy line 297 is covered by test case TC1232.sh
TC1245.sh on line 297 has count: 62
Buggy line 297 is covered by test case TC1245.sh
TC1247.sh on line 297 has count: 57
Buggy line 297 is covered by test case TC1247.sh
TC1249.sh on line 297 has count: 58
Buggy line 297 is covered by test case TC1249.sh
TC1253.sh on line 297 has count: 76
Buggy line 297 is covered by test case TC1253.sh
TC1254.sh on line 297 has count: 76
Buggy line 297 is covered by test case TC1254.sh
TC1256.sh on line 297 has count: 57
Buggy line 297 is covered by test case TC1256.sh
TC1258.sh on line 297 has count: 56
Buggy line 297 is covered by test case TC1258.sh
TC1267.sh on line 297 has count: 62
Buggy line 297 is covered by test case TC1267.sh
TC1270.sh on line 297 has count: 58
Buggy line 297 is covered by test case TC1270.sh
TC1305.sh on line 297 has count: 55
Buggy line 297 is covered by test case TC1305.sh
TC1307.sh on line 297 has count: 61
Buggy line 297 is covered by test case TC1307.sh
TC1308.sh on line 297 has count: 57
Buggy line 297 is covered by test case TC1308.sh
TC1312.sh on line 297 has count: 52
Buggy line 297 is covered by test case TC1312.sh
TC1314.sh on line 297 has count: 64
Buggy line 297 is covered by test case TC1314.sh
TC1316.sh on line 297 has count: 56
Buggy line 297 is covered by test case TC1316.sh
TC1319.sh on line 297 has count: 56
Buggy line 297 is covered by test case TC1319.sh
TC1322.sh on line 297 has count: 60
Buggy line 297 is covered by test case TC1322.sh
TC1352.sh on line 297 has count: 56
Buggy line 297 is covered by test case TC1352.sh
TC1353.sh on line 297 has count: 64
Buggy line 297 is covered by test case TC1353.sh
TC1359.sh on line 297 has count: 56
Buggy line 297 is covered by test case TC1359.sh
TC1372.sh on line 297 has count: 62
Buggy line 297 is covered by test case TC1372.sh
TC1374.sh on line 297 has count: 57
Buggy line 297 is covered by test case TC1374.sh
TC1376.sh on line 297 has count: 60
Buggy line 297 is covered by test case TC1376.sh
TC1380.sh on line 297 has count: 76
Buggy line 297 is covered by test case TC1380.sh
TC1381.sh on line 297 has count: 76
Buggy line 297 is covered by test case TC1381.sh
TC1383.sh on line 297 has count: 57
Buggy line 297 is covered by test case TC1383.sh
TC1385.sh on line 297 has count: 56
Buggy line 297 is covered by test case TC1385.sh
TC1394.sh on line 297 has count: 62
Buggy line 297 is covered by test case TC1394.sh
TC1397.sh on line 297 has count: 58
Buggy line 297 is covered by test case TC1397.sh
TC1432.sh on line 297 has count: 55
Buggy line 297 is covered by test case TC1432.sh
TC1434.sh on line 297 has count: 82
Buggy line 297 is covered by test case TC1434.sh
TC1435.sh on line 297 has count: 69
Buggy line 297 is covered by test case TC1435.sh
TC1439.sh on line 297 has count: 116
Buggy line 297 is covered by test case TC1439.sh
TC1441.sh on line 297 has count: 68
Buggy line 297 is covered by test case TC1441.sh
TC1443.sh on line 297 has count: 59
Buggy line 297 is covered by test case TC1443.sh
TC1446.sh on line 297 has count: 56
Buggy line 297 is covered by test case TC1446.sh
TC1449.sh on line 297 has count: 56
Buggy line 297 is covered by test case TC1449.sh
TC1479.sh on line 297 has count: 57
Buggy line 297 is covered by test case TC1479.sh
TC1480.sh on line 297 has count: 69
Buggy line 297 is covered by test case TC1480.sh
TC1484.sh on line 297 has count: 62
Buggy line 297 is covered by test case TC1484.sh
TC1486.sh on line 297 has count: 56
Buggy line 297 is covered by test case TC1486.sh
TC1491.sh on line 297 has count: 56
Buggy line 297 is covered by test case TC1491.sh
TC1492.sh on line 297 has count: 56
Buggy line 297 is covered by test case TC1492.sh
TC1493.sh on line 297 has count: 56
Buggy line 297 is covered by test case TC1493.sh
TC1494.sh on line 297 has count: 62
Buggy line 297 is covered by test case TC1494.sh
TC1495.sh on line 297 has count: 62
Buggy line 297 is covered by test case TC1495.sh
TC1499.sh on line 297 has count: 66
Buggy line 297 is covered by test case TC1499.sh
TC1501.sh on line 297 has count: 59
Buggy line 297 is covered by test case TC1501.sh
TC1503.sh on line 297 has count: 58
Buggy line 297 is covered by test case TC1503.sh
TC1507.sh on line 297 has count: 59
Buggy line 297 is covered by test case TC1507.sh
TC1508.sh on line 297 has count: 59
Buggy line 297 is covered by test case TC1508.sh
TC1509.sh on line 297 has count: 58
Buggy line 297 is covered by test case TC1509.sh
TC1510.sh on line 297 has count: 58
Buggy line 297 is covered by test case TC1510.sh
TC1512.sh on line 297 has count: 56
Buggy line 297 is covered by test case TC1512.sh
TC1516.sh on line 297 has count: 156
Buggy line 297 is covered by test case TC1516.sh
TC1520.sh on line 297 has count: 79
Buggy line 297 is covered by test case TC1520.sh
TC1521.sh on line 297 has count: 63
Buggy line 297 is covered by test case TC1521.sh
TC1524.sh on line 297 has count: 60
Buggy line 297 is covered by test case TC1524.sh
TC1559.sh on line 297 has count: 55
Buggy line 297 is covered by test case TC1559.sh
TC1561.sh on line 297 has count: 84
Buggy line 297 is covered by test case TC1561.sh
TC1562.sh on line 297 has count: 69
Buggy line 297 is covered by test case TC1562.sh
TC1566.sh on line 297 has count: 118
Buggy line 297 is covered by test case TC1566.sh
TC1568.sh on line 297 has count: 71
Buggy line 297 is covered by test case TC1568.sh
TC1570.sh on line 297 has count: 59
Buggy line 297 is covered by test case TC1570.sh
TC1573.sh on line 297 has count: 56
Buggy line 297 is covered by test case TC1573.sh
TC1576.sh on line 297 has count: 56
Buggy line 297 is covered by test case TC1576.sh
TC1606.sh on line 297 has count: 57
Buggy line 297 is covered by test case TC1606.sh
TC1607.sh on line 297 has count: 69
Buggy line 297 is covered by test case TC1607.sh
TC1611.sh on line 297 has count: 62
Buggy line 297 is covered by test case TC1611.sh
TC1613.sh on line 297 has count: 56
Buggy line 297 is covered by test case TC1613.sh
TC1618.sh on line 297 has count: 56
Buggy line 297 is covered by test case TC1618.sh
TC1619.sh on line 297 has count: 56
Buggy line 297 is covered by test case TC1619.sh
TC1620.sh on line 297 has count: 56
Buggy line 297 is covered by test case TC1620.sh
TC1621.sh on line 297 has count: 62
Buggy line 297 is covered by test case TC1621.sh
TC1622.sh on line 297 has count: 62
Buggy line 297 is covered by test case TC1622.sh
TC1626.sh on line 297 has count: 70
Buggy line 297 is covered by test case TC1626.sh
TC1628.sh on line 297 has count: 59
Buggy line 297 is covered by test case TC1628.sh
TC1630.sh on line 297 has count: 58
Buggy line 297 is covered by test case TC1630.sh
TC1634.sh on line 297 has count: 59
Buggy line 297 is covered by test case TC1634.sh
TC1635.sh on line 297 has count: 59
Buggy line 297 is covered by test case TC1635.sh
TC1636.sh on line 297 has count: 58
Buggy line 297 is covered by test case TC1636.sh
TC1637.sh on line 297 has count: 58
Buggy line 297 is covered by test case TC1637.sh
TC1639.sh on line 297 has count: 56
Buggy line 297 is covered by test case TC1639.sh
TC1643.sh on line 297 has count: 157
Buggy line 297 is covered by test case TC1643.sh
TC1647.sh on line 297 has count: 81
Buggy line 297 is covered by test case TC1647.sh
TC1648.sh on line 297 has count: 65
Buggy line 297 is covered by test case TC1648.sh
TC1651.sh on line 297 has count: 60
Buggy line 297 is covered by test case TC1651.sh
TC1686.sh on line 297 has count: 55
Buggy line 297 is covered by test case TC1686.sh
TC1704.sh on line 297 has count: 70
Buggy line 297 is covered by test case TC1704.sh
TC1707.sh on line 297 has count: 58
Buggy line 297 is covered by test case TC1707.sh
TC1726.sh on line 297 has count: 56
Buggy line 297 is covered by test case TC1726.sh
TC1727.sh on line 297 has count: 51
Buggy line 297 is covered by test case TC1727.sh
TC1746.sh on line 297 has count: 70
Buggy line 297 is covered by test case TC1746.sh
TC1749.sh on line 297 has count: 58
Buggy line 297 is covered by test case TC1749.sh
TC1768.sh on line 297 has count: 56
Buggy line 297 is covered by test case TC1768.sh
TC1769.sh on line 297 has count: 51
Buggy line 297 is covered by test case TC1769.sh
TC1788.sh on line 297 has count: 70
Buggy line 297 is covered by test case TC1788.sh
TC1791.sh on line 297 has count: 58
Buggy line 297 is covered by test case TC1791.sh
TC1810.sh on line 297 has count: 56
Buggy line 297 is covered by test case TC1810.sh
TC1811.sh on line 297 has count: 51
Buggy line 297 is covered by test case TC1811.sh
TC1923.sh on line 297 has count: 86
Buggy line 297 is covered by test case TC1923.sh
TC1929.sh on line 297 has count: 64
Buggy line 297 is covered by test case TC1929.sh
TC1930.sh on line 297 has count: 65
Buggy line 297 is covered by test case TC1930.sh
TC1931.sh on line 297 has count: 63
Buggy line 297 is covered by test case TC1931.sh
TC1932.sh on line 297 has count: 67
Buggy line 297 is covered by test case TC1932.sh
TC1933.sh on line 297 has count: 63
Buggy line 297 is covered by test case TC1933.sh
TC1935.sh on line 297 has count: 73
Buggy line 297 is covered by test case TC1935.sh
TC1936.sh on line 297 has count: 75
Buggy line 297 is covered by test case TC1936.sh
TC1937.sh on line 297 has count: 68
Buggy line 297 is covered by test case TC1937.sh
TC1938.sh on line 297 has count: 60
Buggy line 297 is covered by test case TC1938.sh
TC1940.sh on line 297 has count: 65
Buggy line 297 is covered by test case TC1940.sh
TC1943.sh on line 297 has count: 67
Buggy line 297 is covered by test case TC1943.sh
TC1944.sh on line 297 has count: 60
Buggy line 297 is covered by test case TC1944.sh
TC1945.sh on line 297 has count: 77
Buggy line 297 is covered by test case TC1945.sh
TC1947.sh on line 297 has count: 66
Buggy line 297 is covered by test case TC1947.sh
TC1950.sh on line 297 has count: 337
Buggy line 297 is covered by test case TC1950.sh
TC1951.sh on line 297 has count: 60
Buggy line 297 is covered by test case TC1951.sh
TC1952.sh on line 297 has count: 61
Buggy line 297 is covered by test case TC1952.sh
TC1954.sh on line 297 has count: 679
Buggy line 297 is covered by test case TC1954.sh
TC1956.sh on line 297 has count: 76
Buggy line 297 is covered by test case TC1956.sh
TC1957.sh on line 297 has count: 79
Buggy line 297 is covered by test case TC1957.sh
TC1958.sh on line 297 has count: 78
Buggy line 297 is covered by test case TC1958.sh
TC1959.sh on line 297 has count: 458
Buggy line 297 is covered by test case TC1959.sh
TC1960.sh on line 297 has count: 75
Buggy line 297 is covered by test case TC1960.sh
TC1961.sh on line 297 has count: 77
Buggy line 297 is covered by test case TC1961.sh
TC1962.sh on line 297 has count: 68
Buggy line 297 is covered by test case TC1962.sh
TC1963.sh on line 297 has count: 83
Buggy line 297 is covered by test case TC1963.sh
TC1964.sh on line 297 has count: 155
Buggy line 297 is covered by test case TC1964.sh
TC1968.sh on line 297 has count: 417
Buggy line 297 is covered by test case TC1968.sh
TC1969.sh on line 297 has count: 67
Buggy line 297 is covered by test case TC1969.sh
TC1971.sh on line 297 has count: 61
Buggy line 297 is covered by test case TC1971.sh
TC1972.sh on line 297 has count: 61
Buggy line 297 is covered by test case TC1972.sh
TC1973.sh on line 297 has count: 61
Buggy line 297 is covered by test case TC1973.sh
TC1974.sh on line 297 has count: 58
Buggy line 297 is covered by test case TC1974.sh
TC1975.sh on line 297 has count: 58
Buggy line 297 is covered by test case TC1975.sh
TC1976.sh on line 297 has count: 58
Buggy line 297 is covered by test case TC1976.sh
TC1977.sh on line 297 has count: 58
Buggy line 297 is covered by test case TC1977.sh
TC1978.sh on line 297 has count: 242
Buggy line 297 is covered by test case TC1978.sh
TC1979.sh on line 297 has count: 87
Buggy line 297 is covered by test case TC1979.sh
TC1985.sh on line 297 has count: 68
Buggy line 297 is covered by test case TC1985.sh
TC1986.sh on line 297 has count: 70
Buggy line 297 is covered by test case TC1986.sh
TC1987.sh on line 297 has count: 66
Buggy line 297 is covered by test case TC1987.sh
TC1988.sh on line 297 has count: 74
Buggy line 297 is covered by test case TC1988.sh
TC1989.sh on line 297 has count: 66
Buggy line 297 is covered by test case TC1989.sh
TC1991.sh on line 297 has count: 80
Buggy line 297 is covered by test case TC1991.sh
TC1992.sh on line 297 has count: 83
Buggy line 297 is covered by test case TC1992.sh
TC1993.sh on line 297 has count: 69
Buggy line 297 is covered by test case TC1993.sh
TC1994.sh on line 297 has count: 61
Buggy line 297 is covered by test case TC1994.sh
TC1996.sh on line 297 has count: 66
Buggy line 297 is covered by test case TC1996.sh
TC1999.sh on line 297 has count: 68
Buggy line 297 is covered by test case TC1999.sh
TC2000.sh on line 297 has count: 61
Buggy line 297 is covered by test case TC2000.sh
TC2001.sh on line 297 has count: 76
Buggy line 297 is covered by test case TC2001.sh
TC2003.sh on line 297 has count: 64
Buggy line 297 is covered by test case TC2003.sh
TC2006.sh on line 297 has count: 337
Buggy line 297 is covered by test case TC2006.sh
TC2007.sh on line 297 has count: 60
Buggy line 297 is covered by test case TC2007.sh
TC2008.sh on line 297 has count: 61
Buggy line 297 is covered by test case TC2008.sh
TC2010.sh on line 297 has count: 558
Buggy line 297 is covered by test case TC2010.sh
TC2012.sh on line 297 has count: 72
Buggy line 297 is covered by test case TC2012.sh
TC2013.sh on line 297 has count: 75
Buggy line 297 is covered by test case TC2013.sh
TC2014.sh on line 297 has count: 74
Buggy line 297 is covered by test case TC2014.sh
TC2015.sh on line 297 has count: 458
Buggy line 297 is covered by test case TC2015.sh
TC2016.sh on line 297 has count: 71
Buggy line 297 is covered by test case TC2016.sh
TC2017.sh on line 297 has count: 73
Buggy line 297 is covered by test case TC2017.sh
TC2018.sh on line 297 has count: 67
Buggy line 297 is covered by test case TC2018.sh
TC2019.sh on line 297 has count: 80
Buggy line 297 is covered by test case TC2019.sh
TC2020.sh on line 297 has count: 125
Buggy line 297 is covered by test case TC2020.sh
TC2024.sh on line 297 has count: 413
Buggy line 297 is covered by test case TC2024.sh
TC2025.sh on line 297 has count: 62
Buggy line 297 is covered by test case TC2025.sh
TC2028.sh on line 297 has count: 60
Buggy line 297 is covered by test case TC2028.sh
TC2030.sh on line 297 has count: 60
Buggy line 297 is covered by test case TC2030.sh
TC2032.sh on line 297 has count: 60
Buggy line 297 is covered by test case TC2032.sh
TC2033.sh on line 297 has count: 58
Buggy line 297 is covered by test case TC2033.sh
TC2034.sh on line 297 has count: 58
Buggy line 297 is covered by test case TC2034.sh
TC2035.sh on line 297 has count: 58
Buggy line 297 is covered by test case TC2035.sh
TC2036.sh on line 297 has count: 58
Buggy line 297 is covered by test case TC2036.sh
TC2037.sh on line 297 has count: 483
Buggy line 297 is covered by test case TC2037.sh
TC2038.sh on line 297 has count: 242
Buggy line 297 is covered by test case TC2038.sh
TC2040.sh on line 297 has count: 93
Buggy line 297 is covered by test case TC2040.sh
TC2057.sh on line 297 has count: 93
Buggy line 297 is covered by test case TC2057.sh
TC2074.sh on line 297 has count: 93
Buggy line 297 is covered by test case TC2074.sh
TC2091.sh on line 297 has count: 93
Buggy line 297 is covered by test case TC2091.sh
TC2114.sh on line 297 has count: 1296
Buggy line 297 is covered by test case TC2114.sh
TC2115.sh on line 297 has count: 768
Buggy line 297 is covered by test case TC2115.sh
TC2116.sh on line 297 has count: 1765
Buggy line 297 is covered by test case TC2116.sh
TC2117.sh on line 297 has count: 1254
Buggy line 297 is covered by test case TC2117.sh
TC2118.sh on line 297 has count: 1282
Buggy line 297 is covered by test case TC2118.sh
TC2119.sh on line 297 has count: 729
Buggy line 297 is covered by test case TC2119.sh
TC2122.sh on line 297 has count: 190
Buggy line 297 is covered by test case TC2122.sh
TC2125.sh on line 297 has count: 186
Buggy line 297 is covered by test case TC2125.sh
TC2126.sh on line 297 has count: 756
Buggy line 297 is covered by test case TC2126.sh
TC2129.sh on line 297 has count: 229
Buggy line 297 is covered by test case TC2129.sh
TC2130.sh on line 297 has count: 430
Buggy line 297 is covered by test case TC2130.sh
TC2132.sh on line 297 has count: 79
Buggy line 297 is covered by test case TC2132.sh
TC2140.sh on line 297 has count: 336
Buggy line 297 is covered by test case TC2140.sh
TC2141.sh on line 297 has count: 78
Buggy line 297 is covered by test case TC2141.sh
TC2142.sh on line 297 has count: 81
Buggy line 297 is covered by test case TC2142.sh
TC2143.sh on line 297 has count: 78
Buggy line 297 is covered by test case TC2143.sh
TC2144.sh on line 297 has count: 78
Buggy line 297 is covered by test case TC2144.sh
TC2145.sh on line 297 has count: 78
Buggy line 297 is covered by test case TC2145.sh
TC2146.sh on line 297 has count: 79
Buggy line 297 is covered by test case TC2146.sh
TC2409.sh on line 297 has count: 59
Buggy line 297 is covered by test case TC2409.sh
TC2503.sh on line 297 has count: 96
Buggy line 297 is covered by test case TC2503.sh
TC2504.sh on line 297 has count: 57
Buggy line 297 is covered by test case TC2504.sh
TC2505.sh on line 297 has count: 60
Buggy line 297 is covered by test case TC2505.sh
TC2507.sh on line 297 has count: 100
Buggy line 297 is covered by test case TC2507.sh
TC2510.sh on line 297 has count: 92
Buggy line 297 is covered by test case TC2510.sh
TC2511.sh on line 297 has count: 57
Buggy line 297 is covered by test case TC2511.sh
TC2512.sh on line 297 has count: 60
Buggy line 297 is covered by test case TC2512.sh
TC2514.sh on line 297 has count: 100
Buggy line 297 is covered by test case TC2514.sh
TC2515.sh on line 297 has count: 128
Buggy line 297 is covered by test case TC2515.sh
TC2516.sh on line 297 has count: 86
Buggy line 297 is covered by test case TC2516.sh
TC2517.sh on line 297 has count: 86
Buggy line 297 is covered by test case TC2517.sh
TC2518.sh on line 297 has count: 87
Buggy line 297 is covered by test case TC2518.sh
TC2519.sh on line 297 has count: 86
Buggy line 297 is covered by test case TC2519.sh
TC2520.sh on line 297 has count: 86
Buggy line 297 is covered by test case TC2520.sh
TC2521.sh on line 297 has count: 86
Buggy line 297 is covered by test case TC2521.sh
TC2522.sh on line 297 has count: 88
Buggy line 297 is covered by test case TC2522.sh
TC2523.sh on line 297 has count: 86
Buggy line 297 is covered by test case TC2523.sh
TC2525.sh on line 297 has count: 149
Buggy line 297 is covered by test case TC2525.sh
TC2526.sh on line 297 has count: 98
Buggy line 297 is covered by test case TC2526.sh
TC2527.sh on line 297 has count: 127
Buggy line 297 is covered by test case TC2527.sh
TC2528.sh on line 297 has count: 128
Buggy line 297 is covered by test case TC2528.sh
TC2529.sh on line 297 has count: 94
Buggy line 297 is covered by test case TC2529.sh
TC2530.sh on line 297 has count: 86
Buggy line 297 is covered by test case TC2530.sh
TC2531.sh on line 297 has count: 89
Buggy line 297 is covered by test case TC2531.sh
TC2532.sh on line 297 has count: 86
Buggy line 297 is covered by test case TC2532.sh
TC2533.sh on line 297 has count: 86
Buggy line 297 is covered by test case TC2533.sh
TC2534.sh on line 297 has count: 88
Buggy line 297 is covered by test case TC2534.sh
TC2535.sh on line 297 has count: 88
Buggy line 297 is covered by test case TC2535.sh
TC2536.sh on line 297 has count: 86
Buggy line 297 is covered by test case TC2536.sh
TC2537.sh on line 297 has count: 128
Buggy line 297 is covered by test case TC2537.sh
TC2538.sh on line 297 has count: 86
Buggy line 297 is covered by test case TC2538.sh
TC2539.sh on line 297 has count: 86
Buggy line 297 is covered by test case TC2539.sh
TC2540.sh on line 297 has count: 87
Buggy line 297 is covered by test case TC2540.sh
TC2541.sh on line 297 has count: 86
Buggy line 297 is covered by test case TC2541.sh
TC2542.sh on line 297 has count: 94
Buggy line 297 is covered by test case TC2542.sh
TC2543.sh on line 297 has count: 94
Buggy line 297 is covered by test case TC2543.sh
TC2544.sh on line 297 has count: 88
Buggy line 297 is covered by test case TC2544.sh
TC2545.sh on line 297 has count: 86
Buggy line 297 is covered by test case TC2545.sh
TC2546.sh on line 297 has count: 127
Buggy line 297 is covered by test case TC2546.sh
TC2547.sh on line 297 has count: 125
Buggy line 297 is covered by test case TC2547.sh
TC2548.sh on line 297 has count: 145
Buggy line 297 is covered by test case TC2548.sh
TC2551.sh on line 297 has count: 98
Buggy line 297 is covered by test case TC2551.sh
TC2552.sh on line 297 has count: 57
Buggy line 297 is covered by test case TC2552.sh
TC2553.sh on line 297 has count: 60
Buggy line 297 is covered by test case TC2553.sh
TC2555.sh on line 297 has count: 100
Buggy line 297 is covered by test case TC2555.sh
TC2556.sh on line 297 has count: 108
Buggy line 297 is covered by test case TC2556.sh
TC2557.sh on line 297 has count: 106
Buggy line 297 is covered by test case TC2557.sh
TC2558.sh on line 297 has count: 106
Buggy line 297 is covered by test case TC2558.sh
TC2559.sh on line 297 has count: 78
Buggy line 297 is covered by test case TC2559.sh
TC2560.sh on line 297 has count: 83
Buggy line 297 is covered by test case TC2560.sh
TC2561.sh on line 297 has count: 143
Buggy line 297 is covered by test case TC2561.sh
TC2562.sh on line 297 has count: 143
Buggy line 297 is covered by test case TC2562.sh
TC2563.sh on line 297 has count: 143
Buggy line 297 is covered by test case TC2563.sh
TC2564.sh on line 297 has count: 143
Buggy line 297 is covered by test case TC2564.sh
TC2565.sh on line 297 has count: 143
Buggy line 297 is covered by test case TC2565.sh
TC2566.sh on line 297 has count: 84
Buggy line 297 is covered by test case TC2566.sh
TC2567.sh on line 297 has count: 126
Buggy line 297 is covered by test case TC2567.sh
TC2568.sh on line 297 has count: 164
Buggy line 297 is covered by test case TC2568.sh
TC2569.sh on line 297 has count: 126
Buggy line 297 is covered by test case TC2569.sh
TC2570.sh on line 297 has count: 126
Buggy line 297 is covered by test case TC2570.sh
TC2571.sh on line 297 has count: 126
Buggy line 297 is covered by test case TC2571.sh
TC2572.sh on line 297 has count: 164
Buggy line 297 is covered by test case TC2572.sh
TC2573.sh on line 297 has count: 126
Buggy line 297 is covered by test case TC2573.sh
TC2574.sh on line 297 has count: 126
Buggy line 297 is covered by test case TC2574.sh
TC2575.sh on line 297 has count: 126
Buggy line 297 is covered by test case TC2575.sh
TC2576.sh on line 297 has count: 164
Buggy line 297 is covered by test case TC2576.sh
>> Saving version hash.MUT179.c to database
>> Reverted hash.c to original from hash.MUT179.c

+++++ STDERR +++++

+++++ results for relaxng.MUT14421.c +++++
+++++ STDOUT +++++
Testing version relaxng.MUT14421.c on faster17.swtv::core0
>> Building libxml2_TF_top30
>> Applied patch to relaxng.c with relaxng.MUT14421.c
>> Building libxml2_TF_top30
Test case TC2478.sh passed
>> Reverted relaxng.c to original from relaxng.MUT14421.c

+++++ STDERR +++++

+++++ results for xmlregexp.MUT52.c +++++
+++++ STDOUT +++++
Testing version xmlregexp.MUT52.c on faster17.swtv::core0
>> Building libxml2_TF_top30
>> Applied patch to xmlregexp.c with xmlregexp.MUT52.c
>> Building libxml2_TF_top30
TC1927.sh on line 442 has count: 1
Buggy line 442 is covered by test case TC1927.sh
TC1930.sh on line 442 has count: 1
Buggy line 442 is covered by test case TC1930.sh
TC1931.sh on line 442 has count: 1
Buggy line 442 is covered by test case TC1931.sh
TC1932.sh on line 442 has count: 1
Buggy line 442 is covered by test case TC1932.sh
TC1945.sh on line 442 has count: 2
Buggy line 442 is covered by test case TC1945.sh
TC1947.sh on line 442 has count: 2
Buggy line 442 is covered by test case TC1947.sh
TC1949.sh on line 442 has count: 2
Buggy line 442 is covered by test case TC1949.sh
TC1950.sh on line 442 has count: 433
Buggy line 442 is covered by test case TC1950.sh
TC1951.sh on line 442 has count: 2
Buggy line 442 is covered by test case TC1951.sh
TC1952.sh on line 442 has count: 2
Buggy line 442 is covered by test case TC1952.sh
TC1954.sh on line 442 has count: 37
Buggy line 442 is covered by test case TC1954.sh
TC1956.sh on line 442 has count: 2
Buggy line 442 is covered by test case TC1956.sh
TC1957.sh on line 442 has count: 2
Buggy line 442 is covered by test case TC1957.sh
TC1958.sh on line 442 has count: 2
Buggy line 442 is covered by test case TC1958.sh
TC1959.sh on line 442 has count: 50
Buggy line 442 is covered by test case TC1959.sh
TC1963.sh on line 442 has count: 2
Buggy line 442 is covered by test case TC1963.sh
TC1964.sh on line 442 has count: 9
Buggy line 442 is covered by test case TC1964.sh
TC1968.sh on line 442 has count: 6
Buggy line 442 is covered by test case TC1968.sh
TC1969.sh on line 442 has count: 2
Buggy line 442 is covered by test case TC1969.sh
TC1976.sh on line 442 has count: 4
Buggy line 442 is covered by test case TC1976.sh
TC1977.sh on line 442 has count: 4
Buggy line 442 is covered by test case TC1977.sh
TC1978.sh on line 442 has count: 112
Buggy line 442 is covered by test case TC1978.sh
TC1983.sh on line 442 has count: 2
Buggy line 442 is covered by test case TC1983.sh
TC1986.sh on line 442 has count: 2
Buggy line 442 is covered by test case TC1986.sh
TC1987.sh on line 442 has count: 2
Buggy line 442 is covered by test case TC1987.sh
TC1988.sh on line 442 has count: 2
Buggy line 442 is covered by test case TC1988.sh
TC2001.sh on line 442 has count: 1
Buggy line 442 is covered by test case TC2001.sh
TC2003.sh on line 442 has count: 1
Buggy line 442 is covered by test case TC2003.sh
TC2005.sh on line 442 has count: 1
Buggy line 442 is covered by test case TC2005.sh
TC2006.sh on line 442 has count: 433
Buggy line 442 is covered by test case TC2006.sh
TC2007.sh on line 442 has count: 1
Buggy line 442 is covered by test case TC2007.sh
TC2008.sh on line 442 has count: 1
Buggy line 442 is covered by test case TC2008.sh
TC2010.sh on line 442 has count: 35
Buggy line 442 is covered by test case TC2010.sh
TC2012.sh on line 442 has count: 1
Buggy line 442 is covered by test case TC2012.sh
TC2013.sh on line 442 has count: 1
Buggy line 442 is covered by test case TC2013.sh
TC2014.sh on line 442 has count: 1
Buggy line 442 is covered by test case TC2014.sh
TC2015.sh on line 442 has count: 48
Buggy line 442 is covered by test case TC2015.sh
TC2019.sh on line 442 has count: 1
Buggy line 442 is covered by test case TC2019.sh
TC2020.sh on line 442 has count: 7
Buggy line 442 is covered by test case TC2020.sh
TC2024.sh on line 442 has count: 3
Buggy line 442 is covered by test case TC2024.sh
TC2025.sh on line 442 has count: 1
Buggy line 442 is covered by test case TC2025.sh
TC2035.sh on line 442 has count: 2
Buggy line 442 is covered by test case TC2035.sh
TC2036.sh on line 442 has count: 2
Buggy line 442 is covered by test case TC2036.sh
TC2037.sh on line 442 has count: 27
Buggy line 442 is covered by test case TC2037.sh
TC2038.sh on line 442 has count: 112
Buggy line 442 is covered by test case TC2038.sh
TC2398.sh on line 442 has count: 15
Buggy line 442 is covered by test case TC2398.sh
TC2442.sh on line 442 has count: 6
Buggy line 442 is covered by test case TC2442.sh
TC2443.sh on line 442 has count: 6
Buggy line 442 is covered by test case TC2443.sh
TC2461.sh on line 442 has count: 4
Buggy line 442 is covered by test case TC2461.sh
TC2491.sh on line 442 has count: 6
Buggy line 442 is covered by test case TC2491.sh
TC2492.sh on line 442 has count: 6
Buggy line 442 is covered by test case TC2492.sh
TC2639.sh on line 442 has count: 1
Buggy line 442 is covered by test case TC2639.sh
TC2640.sh on line 442 has count: 1
Buggy line 442 is covered by test case TC2640.sh
TC2642.sh on line 442 has count: 1
Buggy line 442 is covered by test case TC2642.sh
TC2643.sh on line 442 has count: 1
Buggy line 442 is covered by test case TC2643.sh
>> Saving version xmlregexp.MUT52.c to database
>> Reverted xmlregexp.c to original from xmlregexp.MUT52.c

+++++ STDERR +++++

+++++ results for relaxng.MUT3457.c +++++
+++++ STDOUT +++++
Testing version relaxng.MUT3457.c on faster17.swtv::core0
>> Building libxml2_TF_top30
>> Applied patch to relaxng.c with relaxng.MUT3457.c
>> Building libxml2_TF_top30
TC2409.sh on line 3315 has count: 9
Buggy line 3315 is covered by test case TC2409.sh
>> Saving version relaxng.MUT3457.c to database
>> Reverted relaxng.c to original from relaxng.MUT3457.c

+++++ STDERR +++++

+++++ results for relaxng.MUT396.c +++++
+++++ STDOUT +++++
Testing version relaxng.MUT396.c on faster17.swtv::core0
>> Building libxml2_TF_top30
>> Applied patch to relaxng.c with relaxng.MUT396.c
>> Building libxml2_TF_top30
TC2301.sh on line 930 has count: 3
Buggy line 930 is covered by test case TC2301.sh
TC2303.sh on line 930 has count: 18
Buggy line 930 is covered by test case TC2303.sh
TC2309.sh on line 930 has count: 5
Buggy line 930 is covered by test case TC2309.sh
TC2313.sh on line 930 has count: 348
Buggy line 930 is covered by test case TC2313.sh
TC2321.sh on line 930 has count: 2
Buggy line 930 is covered by test case TC2321.sh
TC2322.sh on line 930 has count: 2
Buggy line 930 is covered by test case TC2322.sh
TC2323.sh on line 930 has count: 59
Buggy line 930 is covered by test case TC2323.sh
TC2329.sh on line 930 has count: 2
Buggy line 930 is covered by test case TC2329.sh
TC2330.sh on line 930 has count: 348
Buggy line 930 is covered by test case TC2330.sh
TC2349.sh on line 930 has count: 3
Buggy line 930 is covered by test case TC2349.sh
TC2379.sh on line 930 has count: 2
Buggy line 930 is covered by test case TC2379.sh
TC2380.sh on line 930 has count: 6
Buggy line 930 is covered by test case TC2380.sh
TC2381.sh on line 930 has count: 2
Buggy line 930 is covered by test case TC2381.sh
TC2387.sh on line 930 has count: 2
Buggy line 930 is covered by test case TC2387.sh
TC2388.sh on line 930 has count: 2
Buggy line 930 is covered by test case TC2388.sh
TC2394.sh on line 930 has count: 18
Buggy line 930 is covered by test case TC2394.sh
TC2403.sh on line 930 has count: 3
Buggy line 930 is covered by test case TC2403.sh
TC2411.sh on line 930 has count: 5
Buggy line 930 is covered by test case TC2411.sh
TC2415.sh on line 930 has count: 348
Buggy line 930 is covered by test case TC2415.sh
TC2425.sh on line 930 has count: 59
Buggy line 930 is covered by test case TC2425.sh
TC2432.sh on line 930 has count: 348
Buggy line 930 is covered by test case TC2432.sh
TC2481.sh on line 930 has count: 4
Buggy line 930 is covered by test case TC2481.sh
TC2482.sh on line 930 has count: 36
Buggy line 930 is covered by test case TC2482.sh
TC2483.sh on line 930 has count: 2
Buggy line 930 is covered by test case TC2483.sh
TC2489.sh on line 930 has count: 4
Buggy line 930 is covered by test case TC2489.sh
TC2490.sh on line 930 has count: 4
Buggy line 930 is covered by test case TC2490.sh
>> Saving version relaxng.MUT396.c to database
>> Reverted relaxng.c to original from relaxng.MUT396.c

+++++ STDERR +++++

+++++ results for relaxng.MUT8920.c +++++
+++++ STDOUT +++++
Testing version relaxng.MUT8920.c on faster17.swtv::core0
>> Building libxml2_TF_top30
>> Applied patch to relaxng.c with relaxng.MUT8920.c
>> Building libxml2_TF_top30
TC2312.sh on line 6727 has count: 2
Buggy line 6727 is covered by test case TC2312.sh
TC2318.sh on line 6727 has count: 9
Buggy line 6727 is covered by test case TC2318.sh
TC2319.sh on line 6727 has count: 10
Buggy line 6727 is covered by test case TC2319.sh
TC2320.sh on line 6727 has count: 11
Buggy line 6727 is covered by test case TC2320.sh
TC2321.sh on line 6727 has count: 16
Buggy line 6727 is covered by test case TC2321.sh
TC2325.sh on line 6727 has count: 5
Buggy line 6727 is covered by test case TC2325.sh
TC2326.sh on line 6727 has count: 5
Buggy line 6727 is covered by test case TC2326.sh
TC2345.sh on line 6727 has count: 8
Buggy line 6727 is covered by test case TC2345.sh
TC2349.sh on line 6727 has count: 33
Buggy line 6727 is covered by test case TC2349.sh
TC2361.sh on line 6727 has count: 1
Buggy line 6727 is covered by test case TC2361.sh
TC2367.sh on line 6727 has count: 15
Buggy line 6727 is covered by test case TC2367.sh
TC2370.sh on line 6727 has count: 4
Buggy line 6727 is covered by test case TC2370.sh
TC2372.sh on line 6727 has count: 2
Buggy line 6727 is covered by test case TC2372.sh
TC2447.sh on line 6727 has count: 8
Buggy line 6727 is covered by test case TC2447.sh
TC2463.sh on line 6727 has count: 1
Buggy line 6727 is covered by test case TC2463.sh
TC2469.sh on line 6727 has count: 15
Buggy line 6727 is covered by test case TC2469.sh
TC2472.sh on line 6727 has count: 4
Buggy line 6727 is covered by test case TC2472.sh
>> Saving version relaxng.MUT8920.c to database
>> Reverted relaxng.c to original from relaxng.MUT8920.c
>> Cleaning build for libxml2_TF_top30

+++++ STDERR +++++
