
+++++ results for parser.MUT4938.c +++++
+++++ STDOUT +++++
Testing version parser.MUT4938.c on faster28.swtv::core4
>> Configuring libxml2_TF_top30 with coverage
>> Building libxml2_TF_top30
>> Applied patch to parser.c with parser.MUT4938.c
>> Building libxml2_TF_top30
TC51.sh on line 4487 has count: 50000
Buggy line 4487 is covered by test case TC51.sh
TC71.sh on line 4487 has count: 50000
Buggy line 4487 is covered by test case TC71.sh
TC81.sh on line 4487 has count: 50000
Buggy line 4487 is covered by test case TC81.sh
TC108.sh on line 4487 has count: 50000
Buggy line 4487 is covered by test case TC108.sh
TC109.sh on line 4487 has count: 50000
Buggy line 4487 is covered by test case TC109.sh
TC121.sh on line 4487 has count: 50000
Buggy line 4487 is covered by test case TC121.sh
TC123.sh on line 4487 has count: 50000
Buggy line 4487 is covered by test case TC123.sh
TC124.sh on line 4487 has count: 50000
Buggy line 4487 is covered by test case TC124.sh
TC125.sh on line 4487 has count: 50000
Buggy line 4487 is covered by test case TC125.sh
TC178.sh on line 4487 has count: 50000
Buggy line 4487 is covered by test case TC178.sh
TC198.sh on line 4487 has count: 50000
Buggy line 4487 is covered by test case TC198.sh
TC208.sh on line 4487 has count: 50000
Buggy line 4487 is covered by test case TC208.sh
TC235.sh on line 4487 has count: 50000
Buggy line 4487 is covered by test case TC235.sh
TC236.sh on line 4487 has count: 50000
Buggy line 4487 is covered by test case TC236.sh
TC248.sh on line 4487 has count: 50000
Buggy line 4487 is covered by test case TC248.sh
TC250.sh on line 4487 has count: 50000
Buggy line 4487 is covered by test case TC250.sh
TC251.sh on line 4487 has count: 50000
Buggy line 4487 is covered by test case TC251.sh
TC252.sh on line 4487 has count: 50000
Buggy line 4487 is covered by test case TC252.sh
TC305.sh on line 4487 has count: 50000
Buggy line 4487 is covered by test case TC305.sh
TC325.sh on line 4487 has count: 50000
Buggy line 4487 is covered by test case TC325.sh
TC335.sh on line 4487 has count: 50000
Buggy line 4487 is covered by test case TC335.sh
TC362.sh on line 4487 has count: 50000
Buggy line 4487 is covered by test case TC362.sh
TC363.sh on line 4487 has count: 50000
Buggy line 4487 is covered by test case TC363.sh
TC375.sh on line 4487 has count: 50000
Buggy line 4487 is covered by test case TC375.sh
TC377.sh on line 4487 has count: 50000
Buggy line 4487 is covered by test case TC377.sh
TC378.sh on line 4487 has count: 50000
Buggy line 4487 is covered by test case TC378.sh
TC379.sh on line 4487 has count: 50000
Buggy line 4487 is covered by test case TC379.sh
TC414.sh on line 4487 has count: 50000
Buggy line 4487 is covered by test case TC414.sh
TC451.sh on line 4487 has count: 50000
Buggy line 4487 is covered by test case TC451.sh
TC488.sh on line 4487 has count: 50000
Buggy line 4487 is covered by test case TC488.sh
TC527.sh on line 4487 has count: 50000
Buggy line 4487 is covered by test case TC527.sh
TC594.sh on line 4487 has count: 50000
Buggy line 4487 is covered by test case TC594.sh
TC614.sh on line 4487 has count: 50000
Buggy line 4487 is covered by test case TC614.sh
TC624.sh on line 4487 has count: 50000
Buggy line 4487 is covered by test case TC624.sh
TC651.sh on line 4487 has count: 50000
Buggy line 4487 is covered by test case TC651.sh
TC652.sh on line 4487 has count: 50000
Buggy line 4487 is covered by test case TC652.sh
TC664.sh on line 4487 has count: 50000
Buggy line 4487 is covered by test case TC664.sh
TC666.sh on line 4487 has count: 50000
Buggy line 4487 is covered by test case TC666.sh
TC667.sh on line 4487 has count: 50000
Buggy line 4487 is covered by test case TC667.sh
TC668.sh on line 4487 has count: 50000
Buggy line 4487 is covered by test case TC668.sh
TC721.sh on line 4487 has count: 50000
Buggy line 4487 is covered by test case TC721.sh
TC741.sh on line 4487 has count: 50000
Buggy line 4487 is covered by test case TC741.sh
TC751.sh on line 4487 has count: 50000
Buggy line 4487 is covered by test case TC751.sh
TC778.sh on line 4487 has count: 50000
Buggy line 4487 is covered by test case TC778.sh
TC779.sh on line 4487 has count: 50000
Buggy line 4487 is covered by test case TC779.sh
TC791.sh on line 4487 has count: 50000
Buggy line 4487 is covered by test case TC791.sh
TC793.sh on line 4487 has count: 50000
Buggy line 4487 is covered by test case TC793.sh
TC794.sh on line 4487 has count: 50000
Buggy line 4487 is covered by test case TC794.sh
TC795.sh on line 4487 has count: 50000
Buggy line 4487 is covered by test case TC795.sh
TC848.sh on line 4487 has count: 50000
Buggy line 4487 is covered by test case TC848.sh
TC868.sh on line 4487 has count: 50000
Buggy line 4487 is covered by test case TC868.sh
TC878.sh on line 4487 has count: 50000
Buggy line 4487 is covered by test case TC878.sh
TC905.sh on line 4487 has count: 50000
Buggy line 4487 is covered by test case TC905.sh
TC906.sh on line 4487 has count: 50000
Buggy line 4487 is covered by test case TC906.sh
TC918.sh on line 4487 has count: 50000
Buggy line 4487 is covered by test case TC918.sh
TC920.sh on line 4487 has count: 50000
Buggy line 4487 is covered by test case TC920.sh
TC921.sh on line 4487 has count: 50000
Buggy line 4487 is covered by test case TC921.sh
TC922.sh on line 4487 has count: 50000
Buggy line 4487 is covered by test case TC922.sh
TC975.sh on line 4487 has count: 50000
Buggy line 4487 is covered by test case TC975.sh
TC995.sh on line 4487 has count: 50000
Buggy line 4487 is covered by test case TC995.sh
TC1005.sh on line 4487 has count: 50000
Buggy line 4487 is covered by test case TC1005.sh
TC1032.sh on line 4487 has count: 50000
Buggy line 4487 is covered by test case TC1032.sh
TC1033.sh on line 4487 has count: 50000
Buggy line 4487 is covered by test case TC1033.sh
TC1045.sh on line 4487 has count: 50000
Buggy line 4487 is covered by test case TC1045.sh
TC1047.sh on line 4487 has count: 50000
Buggy line 4487 is covered by test case TC1047.sh
TC1048.sh on line 4487 has count: 50000
Buggy line 4487 is covered by test case TC1048.sh
TC1049.sh on line 4487 has count: 50000
Buggy line 4487 is covered by test case TC1049.sh
TC1102.sh on line 4487 has count: 50000
Buggy line 4487 is covered by test case TC1102.sh
TC1122.sh on line 4487 has count: 50000
Buggy line 4487 is covered by test case TC1122.sh
TC1132.sh on line 4487 has count: 50000
Buggy line 4487 is covered by test case TC1132.sh
TC1159.sh on line 4487 has count: 50000
Buggy line 4487 is covered by test case TC1159.sh
TC1160.sh on line 4487 has count: 50000
Buggy line 4487 is covered by test case TC1160.sh
TC1172.sh on line 4487 has count: 50000
Buggy line 4487 is covered by test case TC1172.sh
TC1174.sh on line 4487 has count: 50000
Buggy line 4487 is covered by test case TC1174.sh
TC1175.sh on line 4487 has count: 50000
Buggy line 4487 is covered by test case TC1175.sh
TC1176.sh on line 4487 has count: 50000
Buggy line 4487 is covered by test case TC1176.sh
TC1229.sh on line 4487 has count: 50000
Buggy line 4487 is covered by test case TC1229.sh
TC1249.sh on line 4487 has count: 50000
Buggy line 4487 is covered by test case TC1249.sh
TC1259.sh on line 4487 has count: 50000
Buggy line 4487 is covered by test case TC1259.sh
TC1286.sh on line 4487 has count: 50000
Buggy line 4487 is covered by test case TC1286.sh
TC1287.sh on line 4487 has count: 50000
Buggy line 4487 is covered by test case TC1287.sh
TC1299.sh on line 4487 has count: 50000
Buggy line 4487 is covered by test case TC1299.sh
TC1301.sh on line 4487 has count: 50000
Buggy line 4487 is covered by test case TC1301.sh
TC1302.sh on line 4487 has count: 50000
Buggy line 4487 is covered by test case TC1302.sh
TC1303.sh on line 4487 has count: 50000
Buggy line 4487 is covered by test case TC1303.sh
TC1356.sh on line 4487 has count: 50000
Buggy line 4487 is covered by test case TC1356.sh
TC1376.sh on line 4487 has count: 50000
Buggy line 4487 is covered by test case TC1376.sh
TC1386.sh on line 4487 has count: 50000
Buggy line 4487 is covered by test case TC1386.sh
TC1413.sh on line 4487 has count: 50000
Buggy line 4487 is covered by test case TC1413.sh
TC1414.sh on line 4487 has count: 50000
Buggy line 4487 is covered by test case TC1414.sh
TC1426.sh on line 4487 has count: 50000
Buggy line 4487 is covered by test case TC1426.sh
TC1428.sh on line 4487 has count: 50000
Buggy line 4487 is covered by test case TC1428.sh
TC1429.sh on line 4487 has count: 50000
Buggy line 4487 is covered by test case TC1429.sh
TC1430.sh on line 4487 has count: 50000
Buggy line 4487 is covered by test case TC1430.sh
TC1483.sh on line 4487 has count: 50000
Buggy line 4487 is covered by test case TC1483.sh
TC1503.sh on line 4487 has count: 50000
Buggy line 4487 is covered by test case TC1503.sh
TC1513.sh on line 4487 has count: 50000
Buggy line 4487 is covered by test case TC1513.sh
TC1540.sh on line 4487 has count: 50000
Buggy line 4487 is covered by test case TC1540.sh
TC1541.sh on line 4487 has count: 50000
Buggy line 4487 is covered by test case TC1541.sh
TC1553.sh on line 4487 has count: 50000
Buggy line 4487 is covered by test case TC1553.sh
TC1555.sh on line 4487 has count: 50000
Buggy line 4487 is covered by test case TC1555.sh
TC1556.sh on line 4487 has count: 50000
Buggy line 4487 is covered by test case TC1556.sh
TC1557.sh on line 4487 has count: 50000
Buggy line 4487 is covered by test case TC1557.sh
TC1610.sh on line 4487 has count: 50000
Buggy line 4487 is covered by test case TC1610.sh
TC1630.sh on line 4487 has count: 50000
Buggy line 4487 is covered by test case TC1630.sh
TC1640.sh on line 4487 has count: 50000
Buggy line 4487 is covered by test case TC1640.sh
TC1667.sh on line 4487 has count: 50000
Buggy line 4487 is covered by test case TC1667.sh
TC1668.sh on line 4487 has count: 50000
Buggy line 4487 is covered by test case TC1668.sh
TC1680.sh on line 4487 has count: 50000
Buggy line 4487 is covered by test case TC1680.sh
TC1682.sh on line 4487 has count: 50000
Buggy line 4487 is covered by test case TC1682.sh
TC1683.sh on line 4487 has count: 50000
Buggy line 4487 is covered by test case TC1683.sh
TC1684.sh on line 4487 has count: 50000
Buggy line 4487 is covered by test case TC1684.sh
TC1978.sh on line 4487 has count: 50000
Buggy line 4487 is covered by test case TC1978.sh
TC2037.sh on line 4487 has count: 50000
Buggy line 4487 is covered by test case TC2037.sh
TC2038.sh on line 4487 has count: 50000
Buggy line 4487 is covered by test case TC2038.sh
TC2577.sh on line 4487 has count: 50000
Buggy line 4487 is covered by test case TC2577.sh
TC2578.sh on line 4487 has count: 50000
Buggy line 4487 is covered by test case TC2578.sh
TC2580.sh on line 4487 has count: 50000
Buggy line 4487 is covered by test case TC2580.sh
TC2581.sh on line 4487 has count: 50000
Buggy line 4487 is covered by test case TC2581.sh
TC2582.sh on line 4487 has count: 50000
Buggy line 4487 is covered by test case TC2582.sh
TC2584.sh on line 4487 has count: 50000
Buggy line 4487 is covered by test case TC2584.sh
TC2585.sh on line 4487 has count: 50000
Buggy line 4487 is covered by test case TC2585.sh
TC2586.sh on line 4487 has count: 50000
Buggy line 4487 is covered by test case TC2586.sh
TC2587.sh on line 4487 has count: 50000
Buggy line 4487 is covered by test case TC2587.sh
TC2588.sh on line 4487 has count: 50000
Buggy line 4487 is covered by test case TC2588.sh
TC2589.sh on line 4487 has count: 50000
Buggy line 4487 is covered by test case TC2589.sh
TC2590.sh on line 4487 has count: 50000
Buggy line 4487 is covered by test case TC2590.sh
TC2592.sh on line 4487 has count: 50000
Buggy line 4487 is covered by test case TC2592.sh
TC2593.sh on line 4487 has count: 50000
Buggy line 4487 is covered by test case TC2593.sh
TC2594.sh on line 4487 has count: 50000
Buggy line 4487 is covered by test case TC2594.sh
TC2598.sh on line 4487 has count: 50000
Buggy line 4487 is covered by test case TC2598.sh
TC2599.sh on line 4487 has count: 50000
Buggy line 4487 is covered by test case TC2599.sh
TC2600.sh on line 4487 has count: 50000
Buggy line 4487 is covered by test case TC2600.sh
TC2602.sh on line 4487 has count: 50000
Buggy line 4487 is covered by test case TC2602.sh
TC2603.sh on line 4487 has count: 50000
Buggy line 4487 is covered by test case TC2603.sh
TC2605.sh on line 4487 has count: 50000
Buggy line 4487 is covered by test case TC2605.sh
TC2607.sh on line 4487 has count: 50000
Buggy line 4487 is covered by test case TC2607.sh
TC2609.sh on line 4487 has count: 50000
Buggy line 4487 is covered by test case TC2609.sh
TC2611.sh on line 4487 has count: 50000
Buggy line 4487 is covered by test case TC2611.sh
TC2614.sh on line 4487 has count: 50000
Buggy line 4487 is covered by test case TC2614.sh
TC2615.sh on line 4487 has count: 50000
Buggy line 4487 is covered by test case TC2615.sh
TC2616.sh on line 4487 has count: 50000
Buggy line 4487 is covered by test case TC2616.sh
TC2618.sh on line 4487 has count: 50000
Buggy line 4487 is covered by test case TC2618.sh
TC2619.sh on line 4487 has count: 50000
Buggy line 4487 is covered by test case TC2619.sh
TC2620.sh on line 4487 has count: 50000
Buggy line 4487 is covered by test case TC2620.sh
TC2621.sh on line 4487 has count: 50000
Buggy line 4487 is covered by test case TC2621.sh
>> Saving version parser.MUT4938.c to database
>> Reverted parser.c to original from parser.MUT4938.c

+++++ STDERR +++++

+++++ results for xmlregexp.MUT7903.c +++++
+++++ STDOUT +++++
Testing version xmlregexp.MUT7903.c on faster28.swtv::core4
>> Building libxml2_TF_top30
>> Applied patch to xmlregexp.c with xmlregexp.MUT7903.c
>> Building libxml2_TF_top30
TC2159.sh on line 6049 has count: 3
Buggy line 6049 is covered by test case TC2159.sh
TC2160.sh on line 6049 has count: 3
Buggy line 6049 is covered by test case TC2160.sh
>> Saving version xmlregexp.MUT7903.c to database
>> Reverted xmlregexp.c to original from xmlregexp.MUT7903.c

+++++ STDERR +++++

+++++ results for pattern.MUT238.c +++++
+++++ STDOUT +++++
Testing version pattern.MUT238.c on faster28.swtv::core4
>> Building libxml2_TF_top30
>> Applied patch to pattern.c with pattern.MUT238.c
>> Building libxml2_TF_top30
TC2497.sh on line 448 has count: 3
Buggy line 448 is covered by test case TC2497.sh
TC2498.sh on line 448 has count: 23
Buggy line 448 is covered by test case TC2498.sh
TC2499.sh on line 448 has count: 6
Buggy line 448 is covered by test case TC2499.sh
TC2500.sh on line 448 has count: 8
Buggy line 448 is covered by test case TC2500.sh
>> Saving version pattern.MUT238.c to database
>> Reverted pattern.c to original from pattern.MUT238.c

+++++ STDERR +++++

+++++ results for relaxng.MUT2368.c +++++
+++++ STDOUT +++++
Testing version relaxng.MUT2368.c on faster28.swtv::core4
>> Building libxml2_TF_top30
>> Applied patch to relaxng.c with relaxng.MUT2368.c
>> Building libxml2_TF_top30
TC2323.sh on line 2447 has count: 4
Buggy line 2447 is covered by test case TC2323.sh
TC2324.sh on line 2447 has count: 2
Buggy line 2447 is covered by test case TC2324.sh
TC2327.sh on line 2447 has count: 1
Buggy line 2447 is covered by test case TC2327.sh
TC2425.sh on line 2447 has count: 4
Buggy line 2447 is covered by test case TC2425.sh
TC2426.sh on line 2447 has count: 2
Buggy line 2447 is covered by test case TC2426.sh
TC2429.sh on line 2447 has count: 1
Buggy line 2447 is covered by test case TC2429.sh
>> Saving version relaxng.MUT2368.c to database
>> Reverted relaxng.c to original from relaxng.MUT2368.c

+++++ STDERR +++++

+++++ results for relaxng.MUT13819.c +++++
+++++ STDOUT +++++
Testing version relaxng.MUT13819.c on faster28.swtv::core4
>> Building libxml2_TF_top30
>> Applied patch to relaxng.c with relaxng.MUT13819.c
>> Building libxml2_TF_top30
TC2343.sh on line 9991 has count: 48
Buggy line 9991 is covered by test case TC2343.sh
TC2445.sh on line 9991 has count: 48
Buggy line 9991 is covered by test case TC2445.sh
>> Saving version relaxng.MUT13819.c to database
>> Reverted relaxng.c to original from relaxng.MUT13819.c

+++++ STDERR +++++

+++++ results for xmlregexp.MUT1345.c +++++
+++++ STDOUT +++++
Testing version xmlregexp.MUT1345.c on faster28.swtv::core4
>> Building libxml2_TF_top30
>> Applied patch to xmlregexp.c with xmlregexp.MUT1345.c
>> Building libxml2_TF_top30
TC1933.sh on line 1359 has count: 13
Buggy line 1359 is covered by test case TC1933.sh
TC1956.sh on line 1359 has count: 9
Buggy line 1359 is covered by test case TC1956.sh
TC1958.sh on line 1359 has count: 9
Buggy line 1359 is covered by test case TC1958.sh
TC1969.sh on line 1359 has count: 12
Buggy line 1359 is covered by test case TC1969.sh
TC1987.sh on line 1359 has count: 12
Buggy line 1359 is covered by test case TC1987.sh
TC1988.sh on line 1359 has count: 181
Buggy line 1359 is covered by test case TC1988.sh
TC1989.sh on line 1359 has count: 13
Buggy line 1359 is covered by test case TC1989.sh
TC2012.sh on line 1359 has count: 9
Buggy line 1359 is covered by test case TC2012.sh
TC2013.sh on line 1359 has count: 11
Buggy line 1359 is covered by test case TC2013.sh
TC2014.sh on line 1359 has count: 9
Buggy line 1359 is covered by test case TC2014.sh
TC2025.sh on line 1359 has count: 12
Buggy line 1359 is covered by test case TC2025.sh
Test case TC2219.sh passed
>> Reverted xmlregexp.c to original from xmlregexp.MUT1345.c

+++++ STDERR +++++

+++++ results for parser.MUT3629.c +++++
+++++ STDOUT +++++
Testing version parser.MUT3629.c on faster28.swtv::core4
>> Building libxml2_TF_top30
>> Applied patch to parser.c with parser.MUT3629.c
>> Building libxml2_TF_top30
TC1067.sh on line 3455 has count: 0
Buggy line 3455 is NOT covered by test case TC1067.sh
>> Reverted parser.c to original from parser.MUT3629.c

+++++ STDERR +++++

+++++ results for relaxng.MUT297.c +++++
+++++ STDOUT +++++
Testing version relaxng.MUT297.c on faster28.swtv::core4
>> Building libxml2_TF_top30
>> Applied patch to relaxng.c with relaxng.MUT297.c
>> Building libxml2_TF_top30
TC2386.sh on line 851 has count: 1
Buggy line 851 is covered by test case TC2386.sh
TC2488.sh on line 851 has count: 2
Buggy line 851 is covered by test case TC2488.sh
>> Saving version relaxng.MUT297.c to database
>> Reverted relaxng.c to original from relaxng.MUT297.c
>> Cleaning build for libxml2_TF_top30

+++++ STDERR +++++
