
+++++ results for parser.MUT12479.c +++++
+++++ STDOUT +++++
Testing version parser.MUT12479.c on faster20.swtv::core1
>> Configuring libxml2_TF_top30 with coverage
>> Building libxml2_TF_top30
>> Applied patch to parser.c with parser.MUT12479.c
>> Building libxml2_TF_top30
TC3.sh on line 10807 has count: 1
Buggy line 10807 is covered by test case TC3.sh
TC130.sh on line 10807 has count: 1
Buggy line 10807 is covered by test case TC130.sh
TC257.sh on line 10807 has count: 1
Buggy line 10807 is covered by test case TC257.sh
TC546.sh on line 10807 has count: 1
Buggy line 10807 is covered by test case TC546.sh
TC673.sh on line 10807 has count: 1
Buggy line 10807 is covered by test case TC673.sh
TC800.sh on line 10807 has count: 1
Buggy line 10807 is covered by test case TC800.sh
TC927.sh on line 10807 has count: 1
Buggy line 10807 is covered by test case TC927.sh
TC1054.sh on line 10807 has count: 1
Buggy line 10807 is covered by test case TC1054.sh
TC1181.sh on line 10807 has count: 1
Buggy line 10807 is covered by test case TC1181.sh
TC1308.sh on line 10807 has count: 1
Buggy line 10807 is covered by test case TC1308.sh
TC1435.sh on line 10807 has count: 1
Buggy line 10807 is covered by test case TC1435.sh
TC1562.sh on line 10807 has count: 1
Buggy line 10807 is covered by test case TC1562.sh
>> Saving version parser.MUT12479.c to database
>> Reverted parser.c to original from parser.MUT12479.c

+++++ STDERR +++++

+++++ results for xmlregexp.MUT3487.c +++++
+++++ STDOUT +++++
Testing version xmlregexp.MUT3487.c on faster20.swtv::core1
>> Building libxml2_TF_top30
>> Applied patch to xmlregexp.c with xmlregexp.MUT3487.c
>> Building libxml2_TF_top30
TC2323.sh on line 2726 has count: 25
Buggy line 2726 is covered by test case TC2323.sh
TC2425.sh on line 2726 has count: 25
Buggy line 2726 is covered by test case TC2425.sh
TC2625.sh on line 2726 has count: 17
Buggy line 2726 is covered by test case TC2625.sh
TC2631.sh on line 2726 has count: 3
Buggy line 2726 is covered by test case TC2631.sh
TC2632.sh on line 2726 has count: 4
Buggy line 2726 is covered by test case TC2632.sh
>> Saving version xmlregexp.MUT3487.c to database
>> Reverted xmlregexp.c to original from xmlregexp.MUT3487.c

+++++ STDERR +++++

+++++ results for xmlregexp.MUT5010.c +++++
+++++ STDOUT +++++
Testing version xmlregexp.MUT5010.c on faster20.swtv::core1
>> Building libxml2_TF_top30
>> Applied patch to xmlregexp.c with xmlregexp.MUT5010.c
>> Building libxml2_TF_top30
TC1986.sh on line 3675 has count: 2
Buggy line 3675 is covered by test case TC1986.sh
TC2202.sh on line 3675 has count: 8
Buggy line 3675 is covered by test case TC2202.sh
TC2203.sh on line 3675 has count: 8
Buggy line 3675 is covered by test case TC2203.sh
TC2398.sh on line 3675 has count: 1
Buggy line 3675 is covered by test case TC2398.sh
>> Saving version xmlregexp.MUT5010.c to database
>> Reverted xmlregexp.c to original from xmlregexp.MUT5010.c

+++++ STDERR +++++

+++++ results for relaxng.MUT3905.c +++++
+++++ STDOUT +++++
Testing version relaxng.MUT3905.c on faster20.swtv::core1
>> Building libxml2_TF_top30
>> Applied patch to relaxng.c with relaxng.MUT3905.c
>> Building libxml2_TF_top30
TC2425.sh on line 3595 has count: 22
Buggy line 3595 is covered by test case TC2425.sh
TC2426.sh on line 3595 has count: 2
Buggy line 3595 is covered by test case TC2426.sh
TC2429.sh on line 3595 has count: 1
Buggy line 3595 is covered by test case TC2429.sh
>> Saving version relaxng.MUT3905.c to database
>> Reverted relaxng.c to original from relaxng.MUT3905.c

+++++ STDERR +++++

+++++ results for relaxng.MUT12709.c +++++
+++++ STDOUT +++++
Testing version relaxng.MUT12709.c on faster20.swtv::core1
>> Building libxml2_TF_top30
>> Applied patch to relaxng.c with relaxng.MUT12709.c
>> Building libxml2_TF_top30
TC2301.sh on line 9319 has count: 2
Buggy line 9319 is covered by test case TC2301.sh
TC2309.sh on line 9319 has count: 113
Buggy line 9319 is covered by test case TC2309.sh
TC2323.sh on line 9319 has count: 18
Buggy line 9319 is covered by test case TC2323.sh
TC2380.sh on line 9319 has count: 14
Buggy line 9319 is covered by test case TC2380.sh
TC2403.sh on line 9319 has count: 2
Buggy line 9319 is covered by test case TC2403.sh
TC2411.sh on line 9319 has count: 113
Buggy line 9319 is covered by test case TC2411.sh
TC2425.sh on line 9319 has count: 18
Buggy line 9319 is covered by test case TC2425.sh
TC2482.sh on line 9319 has count: 14
Buggy line 9319 is covered by test case TC2482.sh
>> Saving version relaxng.MUT12709.c to database
>> Reverted relaxng.c to original from relaxng.MUT12709.c

+++++ STDERR +++++

+++++ results for parser.MUT8787.c +++++
+++++ STDOUT +++++
Testing version parser.MUT8787.c on faster20.swtv::core1
>> Building libxml2_TF_top30
>> Applied patch to parser.c with parser.MUT8787.c
>> Building libxml2_TF_top30
TC263.sh on line 7614 has count: 2
Buggy line 7614 is covered by test case TC263.sh
TC321.sh on line 7614 has count: 2
Buggy line 7614 is covered by test case TC321.sh
TC325.sh on line 7614 has count: 4
Buggy line 7614 is covered by test case TC325.sh
TC333.sh on line 7614 has count: 2
Buggy line 7614 is covered by test case TC333.sh
TC346.sh on line 7614 has count: 4
Buggy line 7614 is covered by test case TC346.sh
TC380.sh on line 7614 has count: 2
Buggy line 7614 is covered by test case TC380.sh
TC2343.sh on line 7614 has count: 359
Buggy line 7614 is covered by test case TC2343.sh
>> Saving version parser.MUT8787.c to database
>> Reverted parser.c to original from parser.MUT8787.c

+++++ STDERR +++++

+++++ results for xpointer.MUT87.c +++++
+++++ STDOUT +++++
Testing version xpointer.MUT87.c on faster20.swtv::core1
>> Building libxml2_TF_top30
>> Applied patch to xpointer.c with xpointer.MUT87.c
>> Building libxml2_TF_top30
TC2130.sh on line 189 has count: 4
Buggy line 189 is covered by test case TC2130.sh
TC2140.sh on line 189 has count: 4
Buggy line 189 is covered by test case TC2140.sh
>> Saving version xpointer.MUT87.c to database
>> Reverted xpointer.c to original from xpointer.MUT87.c

+++++ STDERR +++++

+++++ results for parser.MUT1346.c +++++
+++++ STDOUT +++++
Testing version parser.MUT1346.c on faster20.swtv::core1
>> Building libxml2_TF_top30
>> Applied patch to parser.c with parser.MUT1346.c
>> Building libxml2_TF_top30
Test case TC2546.sh passed
>> Reverted parser.c to original from parser.MUT1346.c

+++++ STDERR +++++

+++++ results for hash.MUT467.c +++++
+++++ STDOUT +++++
Testing version hash.MUT467.c on faster20.swtv::core1
>> Building libxml2_TF_top30
>> Applied patch to hash.c with hash.MUT467.c
>> Building libxml2_TF_top30
TC1935.sh on line 513 has count: 5
Buggy line 513 is covered by test case TC1935.sh
TC1954.sh on line 513 has count: 38
Buggy line 513 is covered by test case TC1954.sh
TC1960.sh on line 513 has count: 2
Buggy line 513 is covered by test case TC1960.sh
TC1961.sh on line 513 has count: 2
Buggy line 513 is covered by test case TC1961.sh
TC1962.sh on line 513 has count: 3
Buggy line 513 is covered by test case TC1962.sh
TC1963.sh on line 513 has count: 5
Buggy line 513 is covered by test case TC1963.sh
TC1991.sh on line 513 has count: 5
Buggy line 513 is covered by test case TC1991.sh
TC2010.sh on line 513 has count: 38
Buggy line 513 is covered by test case TC2010.sh
TC2016.sh on line 513 has count: 2
Buggy line 513 is covered by test case TC2016.sh
TC2017.sh on line 513 has count: 2
Buggy line 513 is covered by test case TC2017.sh
TC2018.sh on line 513 has count: 3
Buggy line 513 is covered by test case TC2018.sh
TC2019.sh on line 513 has count: 5
Buggy line 513 is covered by test case TC2019.sh
>> Saving version hash.MUT467.c to database
>> Reverted hash.c to original from hash.MUT467.c
>> Cleaning build for libxml2_TF_top30

+++++ STDERR +++++
