
+++++ results for parser.MUT3016.c +++++
+++++ STDOUT +++++
Testing version parser.MUT3016.c on faster36.swtv::core0
>> Configuring libxml2_TF_top30 with coverage
>> Building libxml2_TF_top30
>> Applied patch to parser.c with parser.MUT3016.c
>> Building libxml2_TF_top30
TC9.sh on line 2978 has count: 1
Buggy line 2978 is covered by test case TC9.sh
TC70.sh on line 2978 has count: 2
Buggy line 2978 is covered by test case TC70.sh
TC75.sh on line 2978 has count: 2
Buggy line 2978 is covered by test case TC75.sh
TC76.sh on line 2978 has count: 5
Buggy line 2978 is covered by test case TC76.sh
TC77.sh on line 2978 has count: 2
Buggy line 2978 is covered by test case TC77.sh
TC79.sh on line 2978 has count: 1
Buggy line 2978 is covered by test case TC79.sh
TC80.sh on line 2978 has count: 3
Buggy line 2978 is covered by test case TC80.sh
TC92.sh on line 2978 has count: 2
Buggy line 2978 is covered by test case TC92.sh
TC126.sh on line 2978 has count: 2
Buggy line 2978 is covered by test case TC126.sh
TC127.sh on line 2978 has count: 2
Buggy line 2978 is covered by test case TC127.sh
TC136.sh on line 2978 has count: 1
Buggy line 2978 is covered by test case TC136.sh
TC197.sh on line 2978 has count: 2
Buggy line 2978 is covered by test case TC197.sh
TC202.sh on line 2978 has count: 2
Buggy line 2978 is covered by test case TC202.sh
TC203.sh on line 2978 has count: 5
Buggy line 2978 is covered by test case TC203.sh
TC204.sh on line 2978 has count: 2
Buggy line 2978 is covered by test case TC204.sh
TC206.sh on line 2978 has count: 1
Buggy line 2978 is covered by test case TC206.sh
TC207.sh on line 2978 has count: 3
Buggy line 2978 is covered by test case TC207.sh
TC219.sh on line 2978 has count: 2
Buggy line 2978 is covered by test case TC219.sh
TC253.sh on line 2978 has count: 2
Buggy line 2978 is covered by test case TC253.sh
TC254.sh on line 2978 has count: 2
Buggy line 2978 is covered by test case TC254.sh
TC257.sh on line 2978 has count: 10
Buggy line 2978 is covered by test case TC257.sh
TC263.sh on line 2978 has count: 1
Buggy line 2978 is covered by test case TC263.sh
TC268.sh on line 2978 has count: 152
Buggy line 2978 is covered by test case TC268.sh
TC271.sh on line 2978 has count: 4
Buggy line 2978 is covered by test case TC271.sh
TC308.sh on line 2978 has count: 4
Buggy line 2978 is covered by test case TC308.sh
TC320.sh on line 2978 has count: 2
Buggy line 2978 is covered by test case TC320.sh
TC321.sh on line 2978 has count: 4
Buggy line 2978 is covered by test case TC321.sh
TC323.sh on line 2978 has count: 6
Buggy line 2978 is covered by test case TC323.sh
TC324.sh on line 2978 has count: 2
Buggy line 2978 is covered by test case TC324.sh
TC325.sh on line 2978 has count: 2
Buggy line 2978 is covered by test case TC325.sh
TC326.sh on line 2978 has count: 4
Buggy line 2978 is covered by test case TC326.sh
TC329.sh on line 2978 has count: 4
Buggy line 2978 is covered by test case TC329.sh
TC330.sh on line 2978 has count: 10
Buggy line 2978 is covered by test case TC330.sh
TC331.sh on line 2978 has count: 2
Buggy line 2978 is covered by test case TC331.sh
TC332.sh on line 2978 has count: 4
Buggy line 2978 is covered by test case TC332.sh
TC333.sh on line 2978 has count: 1
Buggy line 2978 is covered by test case TC333.sh
TC334.sh on line 2978 has count: 3
Buggy line 2978 is covered by test case TC334.sh
TC346.sh on line 2978 has count: 2
Buggy line 2978 is covered by test case TC346.sh
TC380.sh on line 2978 has count: 2
Buggy line 2978 is covered by test case TC380.sh
TC381.sh on line 2978 has count: 2
Buggy line 2978 is covered by test case TC381.sh
TC394.sh on line 2978 has count: 1
Buggy line 2978 is covered by test case TC394.sh
TC398.sh on line 2978 has count: 21
Buggy line 2978 is covered by test case TC398.sh
TC399.sh on line 2978 has count: 2
Buggy line 2978 is covered by test case TC399.sh
TC400.sh on line 2978 has count: 1
Buggy line 2978 is covered by test case TC400.sh
TC401.sh on line 2978 has count: 6
Buggy line 2978 is covered by test case TC401.sh
TC423.sh on line 2978 has count: 4
Buggy line 2978 is covered by test case TC423.sh
TC431.sh on line 2978 has count: 1
Buggy line 2978 is covered by test case TC431.sh
TC435.sh on line 2978 has count: 21
Buggy line 2978 is covered by test case TC435.sh
TC436.sh on line 2978 has count: 2
Buggy line 2978 is covered by test case TC436.sh
TC437.sh on line 2978 has count: 1
Buggy line 2978 is covered by test case TC437.sh
TC438.sh on line 2978 has count: 6
Buggy line 2978 is covered by test case TC438.sh
TC460.sh on line 2978 has count: 4
Buggy line 2978 is covered by test case TC460.sh
TC468.sh on line 2978 has count: 1
Buggy line 2978 is covered by test case TC468.sh
TC472.sh on line 2978 has count: 26
Buggy line 2978 is covered by test case TC472.sh
TC473.sh on line 2978 has count: 2
Buggy line 2978 is covered by test case TC473.sh
TC474.sh on line 2978 has count: 1
Buggy line 2978 is covered by test case TC474.sh
TC475.sh on line 2978 has count: 6
Buggy line 2978 is covered by test case TC475.sh
TC497.sh on line 2978 has count: 4
Buggy line 2978 is covered by test case TC497.sh
TC505.sh on line 2978 has count: 1
Buggy line 2978 is covered by test case TC505.sh
TC506.sh on line 2978 has count: 1
Buggy line 2978 is covered by test case TC506.sh
TC507.sh on line 2978 has count: 1
Buggy line 2978 is covered by test case TC507.sh
TC511.sh on line 2978 has count: 21
Buggy line 2978 is covered by test case TC511.sh
TC512.sh on line 2978 has count: 2
Buggy line 2978 is covered by test case TC512.sh
TC513.sh on line 2978 has count: 1
Buggy line 2978 is covered by test case TC513.sh
TC514.sh on line 2978 has count: 6
Buggy line 2978 is covered by test case TC514.sh
TC536.sh on line 2978 has count: 3
Buggy line 2978 is covered by test case TC536.sh
TC552.sh on line 2978 has count: 1
Buggy line 2978 is covered by test case TC552.sh
TC613.sh on line 2978 has count: 2
Buggy line 2978 is covered by test case TC613.sh
TC620.sh on line 2978 has count: 2
Buggy line 2978 is covered by test case TC620.sh
TC622.sh on line 2978 has count: 1
Buggy line 2978 is covered by test case TC622.sh
TC623.sh on line 2978 has count: 3
Buggy line 2978 is covered by test case TC623.sh
TC635.sh on line 2978 has count: 2
Buggy line 2978 is covered by test case TC635.sh
TC669.sh on line 2978 has count: 2
Buggy line 2978 is covered by test case TC669.sh
TC670.sh on line 2978 has count: 2
Buggy line 2978 is covered by test case TC670.sh
TC679.sh on line 2978 has count: 1
Buggy line 2978 is covered by test case TC679.sh
TC684.sh on line 2978 has count: 76
Buggy line 2978 is covered by test case TC684.sh
TC687.sh on line 2978 has count: 2
Buggy line 2978 is covered by test case TC687.sh
TC724.sh on line 2978 has count: 2
Buggy line 2978 is covered by test case TC724.sh
TC736.sh on line 2978 has count: 1
Buggy line 2978 is covered by test case TC736.sh
TC737.sh on line 2978 has count: 2
Buggy line 2978 is covered by test case TC737.sh
TC739.sh on line 2978 has count: 3
Buggy line 2978 is covered by test case TC739.sh
TC740.sh on line 2978 has count: 2
Buggy line 2978 is covered by test case TC740.sh
TC741.sh on line 2978 has count: 1
Buggy line 2978 is covered by test case TC741.sh
TC747.sh on line 2978 has count: 2
Buggy line 2978 is covered by test case TC747.sh
TC748.sh on line 2978 has count: 2
Buggy line 2978 is covered by test case TC748.sh
TC749.sh on line 2978 has count: 1
Buggy line 2978 is covered by test case TC749.sh
TC750.sh on line 2978 has count: 3
Buggy line 2978 is covered by test case TC750.sh
TC762.sh on line 2978 has count: 2
Buggy line 2978 is covered by test case TC762.sh
TC796.sh on line 2978 has count: 2
Buggy line 2978 is covered by test case TC796.sh
TC797.sh on line 2978 has count: 2
Buggy line 2978 is covered by test case TC797.sh
TC806.sh on line 2978 has count: 1
Buggy line 2978 is covered by test case TC806.sh
TC867.sh on line 2978 has count: 2
Buggy line 2978 is covered by test case TC867.sh
TC874.sh on line 2978 has count: 2
Buggy line 2978 is covered by test case TC874.sh
TC876.sh on line 2978 has count: 1
Buggy line 2978 is covered by test case TC876.sh
TC877.sh on line 2978 has count: 3
Buggy line 2978 is covered by test case TC877.sh
TC889.sh on line 2978 has count: 2
Buggy line 2978 is covered by test case TC889.sh
TC923.sh on line 2978 has count: 2
Buggy line 2978 is covered by test case TC923.sh
TC924.sh on line 2978 has count: 2
Buggy line 2978 is covered by test case TC924.sh
TC933.sh on line 2978 has count: 1
Buggy line 2978 is covered by test case TC933.sh
TC994.sh on line 2978 has count: 2
Buggy line 2978 is covered by test case TC994.sh
TC1001.sh on line 2978 has count: 2
Buggy line 2978 is covered by test case TC1001.sh
TC1003.sh on line 2978 has count: 1
Buggy line 2978 is covered by test case TC1003.sh
TC1004.sh on line 2978 has count: 3
Buggy line 2978 is covered by test case TC1004.sh
TC1016.sh on line 2978 has count: 2
Buggy line 2978 is covered by test case TC1016.sh
TC1050.sh on line 2978 has count: 2
Buggy line 2978 is covered by test case TC1050.sh
TC1051.sh on line 2978 has count: 2
Buggy line 2978 is covered by test case TC1051.sh
TC1054.sh on line 2978 has count: 6
Buggy line 2978 is covered by test case TC1054.sh
TC1060.sh on line 2978 has count: 1
Buggy line 2978 is covered by test case TC1060.sh
TC1065.sh on line 2978 has count: 152
Buggy line 2978 is covered by test case TC1065.sh
TC1068.sh on line 2978 has count: 4
Buggy line 2978 is covered by test case TC1068.sh
TC1105.sh on line 2978 has count: 4
Buggy line 2978 is covered by test case TC1105.sh
TC1117.sh on line 2978 has count: 2
Buggy line 2978 is covered by test case TC1117.sh
TC1118.sh on line 2978 has count: 4
Buggy line 2978 is covered by test case TC1118.sh
TC1120.sh on line 2978 has count: 6
Buggy line 2978 is covered by test case TC1120.sh
TC1121.sh on line 2978 has count: 2
Buggy line 2978 is covered by test case TC1121.sh
TC1122.sh on line 2978 has count: 2
Buggy line 2978 is covered by test case TC1122.sh
TC1123.sh on line 2978 has count: 4
Buggy line 2978 is covered by test case TC1123.sh
TC1124.sh on line 2978 has count: 2
Buggy line 2978 is covered by test case TC1124.sh
TC1126.sh on line 2978 has count: 4
Buggy line 2978 is covered by test case TC1126.sh
TC1127.sh on line 2978 has count: 10
Buggy line 2978 is covered by test case TC1127.sh
TC1128.sh on line 2978 has count: 4
Buggy line 2978 is covered by test case TC1128.sh
TC1129.sh on line 2978 has count: 4
Buggy line 2978 is covered by test case TC1129.sh
TC1130.sh on line 2978 has count: 1
Buggy line 2978 is covered by test case TC1130.sh
TC1131.sh on line 2978 has count: 3
Buggy line 2978 is covered by test case TC1131.sh
TC1132.sh on line 2978 has count: 2
Buggy line 2978 is covered by test case TC1132.sh
TC1143.sh on line 2978 has count: 2
Buggy line 2978 is covered by test case TC1143.sh
TC1177.sh on line 2978 has count: 2
Buggy line 2978 is covered by test case TC1177.sh
TC1178.sh on line 2978 has count: 4
Buggy line 2978 is covered by test case TC1178.sh
TC1181.sh on line 2978 has count: 6
Buggy line 2978 is covered by test case TC1181.sh
TC1187.sh on line 2978 has count: 1
Buggy line 2978 is covered by test case TC1187.sh
TC1192.sh on line 2978 has count: 152
Buggy line 2978 is covered by test case TC1192.sh
TC1195.sh on line 2978 has count: 4
Buggy line 2978 is covered by test case TC1195.sh
TC1232.sh on line 2978 has count: 4
Buggy line 2978 is covered by test case TC1232.sh
TC1244.sh on line 2978 has count: 2
Buggy line 2978 is covered by test case TC1244.sh
TC1245.sh on line 2978 has count: 4
Buggy line 2978 is covered by test case TC1245.sh
TC1247.sh on line 2978 has count: 6
Buggy line 2978 is covered by test case TC1247.sh
TC1248.sh on line 2978 has count: 2
Buggy line 2978 is covered by test case TC1248.sh
TC1249.sh on line 2978 has count: 2
Buggy line 2978 is covered by test case TC1249.sh
TC1250.sh on line 2978 has count: 4
Buggy line 2978 is covered by test case TC1250.sh
TC1251.sh on line 2978 has count: 2
Buggy line 2978 is covered by test case TC1251.sh
TC1253.sh on line 2978 has count: 4
Buggy line 2978 is covered by test case TC1253.sh
TC1254.sh on line 2978 has count: 10
Buggy line 2978 is covered by test case TC1254.sh
TC1255.sh on line 2978 has count: 4
Buggy line 2978 is covered by test case TC1255.sh
TC1256.sh on line 2978 has count: 4
Buggy line 2978 is covered by test case TC1256.sh
TC1257.sh on line 2978 has count: 1
Buggy line 2978 is covered by test case TC1257.sh
TC1258.sh on line 2978 has count: 3
Buggy line 2978 is covered by test case TC1258.sh
TC1259.sh on line 2978 has count: 2
Buggy line 2978 is covered by test case TC1259.sh
TC1270.sh on line 2978 has count: 2
Buggy line 2978 is covered by test case TC1270.sh
TC1304.sh on line 2978 has count: 2
Buggy line 2978 is covered by test case TC1304.sh
TC1305.sh on line 2978 has count: 4
Buggy line 2978 is covered by test case TC1305.sh
TC1308.sh on line 2978 has count: 10
Buggy line 2978 is covered by test case TC1308.sh
TC1314.sh on line 2978 has count: 1
Buggy line 2978 is covered by test case TC1314.sh
TC1319.sh on line 2978 has count: 152
Buggy line 2978 is covered by test case TC1319.sh
TC1322.sh on line 2978 has count: 4
Buggy line 2978 is covered by test case TC1322.sh
TC1359.sh on line 2978 has count: 4
Buggy line 2978 is covered by test case TC1359.sh
TC1371.sh on line 2978 has count: 2
Buggy line 2978 is covered by test case TC1371.sh
TC1372.sh on line 2978 has count: 4
Buggy line 2978 is covered by test case TC1372.sh
TC1374.sh on line 2978 has count: 6
Buggy line 2978 is covered by test case TC1374.sh
TC1375.sh on line 2978 has count: 2
Buggy line 2978 is covered by test case TC1375.sh
TC1376.sh on line 2978 has count: 2
Buggy line 2978 is covered by test case TC1376.sh
TC1377.sh on line 2978 has count: 4
Buggy line 2978 is covered by test case TC1377.sh
TC1378.sh on line 2978 has count: 2
Buggy line 2978 is covered by test case TC1378.sh
TC1380.sh on line 2978 has count: 4
Buggy line 2978 is covered by test case TC1380.sh
TC1381.sh on line 2978 has count: 10
Buggy line 2978 is covered by test case TC1381.sh
TC1382.sh on line 2978 has count: 4
Buggy line 2978 is covered by test case TC1382.sh
TC1383.sh on line 2978 has count: 4
Buggy line 2978 is covered by test case TC1383.sh
TC1384.sh on line 2978 has count: 1
Buggy line 2978 is covered by test case TC1384.sh
TC1385.sh on line 2978 has count: 3
Buggy line 2978 is covered by test case TC1385.sh
TC1386.sh on line 2978 has count: 2
Buggy line 2978 is covered by test case TC1386.sh
TC1397.sh on line 2978 has count: 2
Buggy line 2978 is covered by test case TC1397.sh
TC1431.sh on line 2978 has count: 2
Buggy line 2978 is covered by test case TC1431.sh
TC1432.sh on line 2978 has count: 4
Buggy line 2978 is covered by test case TC1432.sh
TC1441.sh on line 2978 has count: 1
Buggy line 2978 is covered by test case TC1441.sh
TC1502.sh on line 2978 has count: 2
Buggy line 2978 is covered by test case TC1502.sh
TC1507.sh on line 2978 has count: 2
Buggy line 2978 is covered by test case TC1507.sh
TC1508.sh on line 2978 has count: 5
Buggy line 2978 is covered by test case TC1508.sh
TC1509.sh on line 2978 has count: 2
Buggy line 2978 is covered by test case TC1509.sh
TC1511.sh on line 2978 has count: 1
Buggy line 2978 is covered by test case TC1511.sh
TC1512.sh on line 2978 has count: 3
Buggy line 2978 is covered by test case TC1512.sh
TC1524.sh on line 2978 has count: 2
Buggy line 2978 is covered by test case TC1524.sh
TC1558.sh on line 2978 has count: 2
Buggy line 2978 is covered by test case TC1558.sh
TC1559.sh on line 2978 has count: 2
Buggy line 2978 is covered by test case TC1559.sh
TC1568.sh on line 2978 has count: 1
Buggy line 2978 is covered by test case TC1568.sh
TC1629.sh on line 2978 has count: 2
Buggy line 2978 is covered by test case TC1629.sh
TC1634.sh on line 2978 has count: 2
Buggy line 2978 is covered by test case TC1634.sh
TC1635.sh on line 2978 has count: 5
Buggy line 2978 is covered by test case TC1635.sh
TC1636.sh on line 2978 has count: 2
Buggy line 2978 is covered by test case TC1636.sh
TC1638.sh on line 2978 has count: 1
Buggy line 2978 is covered by test case TC1638.sh
TC1639.sh on line 2978 has count: 3
Buggy line 2978 is covered by test case TC1639.sh
TC1651.sh on line 2978 has count: 2
Buggy line 2978 is covered by test case TC1651.sh
TC1685.sh on line 2978 has count: 2
Buggy line 2978 is covered by test case TC1685.sh
TC1686.sh on line 2978 has count: 2
Buggy line 2978 is covered by test case TC1686.sh
TC1948.sh on line 2978 has count: 1
Buggy line 2978 is covered by test case TC1948.sh
TC1952.sh on line 2978 has count: 2
Buggy line 2978 is covered by test case TC1952.sh
TC1953.sh on line 2978 has count: 1
Buggy line 2978 is covered by test case TC1953.sh
TC1957.sh on line 2978 has count: 1
Buggy line 2978 is covered by test case TC1957.sh
TC1959.sh on line 2978 has count: 25
Buggy line 2978 is covered by test case TC1959.sh
TC1966.sh on line 2978 has count: 1
Buggy line 2978 is covered by test case TC1966.sh
TC1970.sh on line 2978 has count: 1
Buggy line 2978 is covered by test case TC1970.sh
TC1973.sh on line 2978 has count: 2
Buggy line 2978 is covered by test case TC1973.sh
TC1974.sh on line 2978 has count: 3
Buggy line 2978 is covered by test case TC1974.sh
TC1975.sh on line 2978 has count: 3
Buggy line 2978 is covered by test case TC1975.sh
TC1976.sh on line 2978 has count: 3
Buggy line 2978 is covered by test case TC1976.sh
TC1977.sh on line 2978 has count: 3
Buggy line 2978 is covered by test case TC1977.sh
TC2004.sh on line 2978 has count: 1
Buggy line 2978 is covered by test case TC2004.sh
TC2008.sh on line 2978 has count: 2
Buggy line 2978 is covered by test case TC2008.sh
TC2009.sh on line 2978 has count: 1
Buggy line 2978 is covered by test case TC2009.sh
TC2013.sh on line 2978 has count: 1
Buggy line 2978 is covered by test case TC2013.sh
TC2015.sh on line 2978 has count: 25
Buggy line 2978 is covered by test case TC2015.sh
TC2022.sh on line 2978 has count: 1
Buggy line 2978 is covered by test case TC2022.sh
TC2026.sh on line 2978 has count: 1
Buggy line 2978 is covered by test case TC2026.sh
TC2032.sh on line 2978 has count: 2
Buggy line 2978 is covered by test case TC2032.sh
TC2033.sh on line 2978 has count: 3
Buggy line 2978 is covered by test case TC2033.sh
TC2034.sh on line 2978 has count: 3
Buggy line 2978 is covered by test case TC2034.sh
TC2035.sh on line 2978 has count: 3
Buggy line 2978 is covered by test case TC2035.sh
TC2036.sh on line 2978 has count: 3
Buggy line 2978 is covered by test case TC2036.sh
TC2505.sh on line 2978 has count: 1
Buggy line 2978 is covered by test case TC2505.sh
TC2512.sh on line 2978 has count: 1
Buggy line 2978 is covered by test case TC2512.sh
TC2525.sh on line 2978 has count: 9
Buggy line 2978 is covered by test case TC2525.sh
TC2553.sh on line 2978 has count: 1
Buggy line 2978 is covered by test case TC2553.sh
>> Saving version parser.MUT3016.c to database
>> Reverted parser.c to original from parser.MUT3016.c

+++++ STDERR +++++

+++++ results for parser.MUT819.c +++++
+++++ STDOUT +++++
Testing version parser.MUT819.c on faster36.swtv::core0
>> Building libxml2_TF_top30
>> Applied patch to parser.c with parser.MUT819.c
>> Building libxml2_TF_top30
TC89.sh on line 1070 has count: 4
Buggy line 1070 is covered by test case TC89.sh
TC216.sh on line 1070 has count: 2
Buggy line 1070 is covered by test case TC216.sh
TC343.sh on line 1070 has count: 4
Buggy line 1070 is covered by test case TC343.sh
TC632.sh on line 1070 has count: 2
Buggy line 1070 is covered by test case TC632.sh
TC759.sh on line 1070 has count: 2
Buggy line 1070 is covered by test case TC759.sh
TC886.sh on line 1070 has count: 2
Buggy line 1070 is covered by test case TC886.sh
TC1013.sh on line 1070 has count: 2
Buggy line 1070 is covered by test case TC1013.sh
TC1521.sh on line 1070 has count: 2
Buggy line 1070 is covered by test case TC1521.sh
TC1648.sh on line 1070 has count: 2
Buggy line 1070 is covered by test case TC1648.sh
>> Saving version parser.MUT819.c to database
>> Reverted parser.c to original from parser.MUT819.c

+++++ STDERR +++++

+++++ results for xinclude.MUT1543.c +++++
+++++ STDOUT +++++
Testing version xinclude.MUT1543.c on faster36.swtv::core0
>> Building libxml2_TF_top30
>> Applied patch to xinclude.c with xinclude.MUT1543.c
>> Building libxml2_TF_top30
TC2048.sh on line 1695 has count: 1
Buggy line 1695 is covered by test case TC2048.sh
TC2052.sh on line 1695 has count: 1
Buggy line 1695 is covered by test case TC2052.sh
TC2054.sh on line 1695 has count: 1
Buggy line 1695 is covered by test case TC2054.sh
TC2055.sh on line 1695 has count: 1
Buggy line 1695 is covered by test case TC2055.sh
TC2065.sh on line 1695 has count: 1
Buggy line 1695 is covered by test case TC2065.sh
TC2069.sh on line 1695 has count: 1
Buggy line 1695 is covered by test case TC2069.sh
TC2071.sh on line 1695 has count: 1
Buggy line 1695 is covered by test case TC2071.sh
TC2072.sh on line 1695 has count: 1
Buggy line 1695 is covered by test case TC2072.sh
TC2082.sh on line 1695 has count: 1
Buggy line 1695 is covered by test case TC2082.sh
TC2086.sh on line 1695 has count: 1
Buggy line 1695 is covered by test case TC2086.sh
TC2088.sh on line 1695 has count: 1
Buggy line 1695 is covered by test case TC2088.sh
TC2089.sh on line 1695 has count: 1
Buggy line 1695 is covered by test case TC2089.sh
TC2099.sh on line 1695 has count: 1
Buggy line 1695 is covered by test case TC2099.sh
TC2103.sh on line 1695 has count: 1
Buggy line 1695 is covered by test case TC2103.sh
TC2105.sh on line 1695 has count: 1
Buggy line 1695 is covered by test case TC2105.sh
TC2106.sh on line 1695 has count: 1
Buggy line 1695 is covered by test case TC2106.sh
>> Saving version xinclude.MUT1543.c to database
>> Reverted xinclude.c to original from xinclude.MUT1543.c

+++++ STDERR +++++

+++++ results for relaxng.MUT14060.c +++++
+++++ STDOUT +++++
Testing version relaxng.MUT14060.c on faster36.swtv::core0
>> Building libxml2_TF_top30
>> Applied patch to relaxng.c with relaxng.MUT14060.c
>> Building libxml2_TF_top30
TC2409.sh on line 10129 has count: 6
Buggy line 10129 is covered by test case TC2409.sh
>> Saving version relaxng.MUT14060.c to database
>> Reverted relaxng.c to original from relaxng.MUT14060.c

+++++ STDERR +++++

+++++ results for parser.MUT1923.c +++++
+++++ STDOUT +++++
Testing version parser.MUT1923.c on faster36.swtv::core0
>> Building libxml2_TF_top30
>> Applied patch to parser.c with parser.MUT1923.c
>> Building libxml2_TF_top30
TC2.sh on line 2000 has count: 14
Buggy line 2000 is covered by test case TC2.sh
TC8.sh on line 2000 has count: 6
Buggy line 2000 is covered by test case TC8.sh
TC9.sh on line 2000 has count: 2
Buggy line 2000 is covered by test case TC9.sh
TC10.sh on line 2000 has count: 18
Buggy line 2000 is covered by test case TC10.sh
TC17.sh on line 2000 has count: 2
Buggy line 2000 is covered by test case TC17.sh
TC19.sh on line 2000 has count: 6
Buggy line 2000 is covered by test case TC19.sh
TC20.sh on line 2000 has count: 8
Buggy line 2000 is covered by test case TC20.sh
TC21.sh on line 2000 has count: 10
Buggy line 2000 is covered by test case TC21.sh
TC22.sh on line 2000 has count: 4
Buggy line 2000 is covered by test case TC22.sh
TC23.sh on line 2000 has count: 4
Buggy line 2000 is covered by test case TC23.sh
TC24.sh on line 2000 has count: 4
Buggy line 2000 is covered by test case TC24.sh
TC30.sh on line 2000 has count: 4
Buggy line 2000 is covered by test case TC30.sh
TC33.sh on line 2000 has count: 16
Buggy line 2000 is covered by test case TC33.sh
TC35.sh on line 2000 has count: 6
Buggy line 2000 is covered by test case TC35.sh
TC52.sh on line 2000 has count: 8
Buggy line 2000 is covered by test case TC52.sh
TC59.sh on line 2000 has count: 6
Buggy line 2000 is covered by test case TC59.sh
TC60.sh on line 2000 has count: 8
Buggy line 2000 is covered by test case TC60.sh
TC61.sh on line 2000 has count: 6
Buggy line 2000 is covered by test case TC61.sh
TC62.sh on line 2000 has count: 6
Buggy line 2000 is covered by test case TC62.sh
TC63.sh on line 2000 has count: 6
Buggy line 2000 is covered by test case TC63.sh
TC67.sh on line 2000 has count: 1
Buggy line 2000 is covered by test case TC67.sh
TC69.sh on line 2000 has count: 4
Buggy line 2000 is covered by test case TC69.sh
TC71.sh on line 2000 has count: 4
Buggy line 2000 is covered by test case TC71.sh
TC78.sh on line 2000 has count: 8
Buggy line 2000 is covered by test case TC78.sh
TC79.sh on line 2000 has count: 4
Buggy line 2000 is covered by test case TC79.sh
TC80.sh on line 2000 has count: 4
Buggy line 2000 is covered by test case TC80.sh
TC87.sh on line 2000 has count: 4
Buggy line 2000 is covered by test case TC87.sh
TC88.sh on line 2000 has count: 4
Buggy line 2000 is covered by test case TC88.sh
TC89.sh on line 2000 has count: 4
Buggy line 2000 is covered by test case TC89.sh
TC90.sh on line 2000 has count: 4
Buggy line 2000 is covered by test case TC90.sh
TC91.sh on line 2000 has count: 4
Buggy line 2000 is covered by test case TC91.sh
TC92.sh on line 2000 has count: 1
Buggy line 2000 is covered by test case TC92.sh
TC96.sh on line 2000 has count: 4
Buggy line 2000 is covered by test case TC96.sh
TC97.sh on line 2000 has count: 6
Buggy line 2000 is covered by test case TC97.sh
TC99.sh on line 2000 has count: 4
Buggy line 2000 is covered by test case TC99.sh
TC100.sh on line 2000 has count: 26
Buggy line 2000 is covered by test case TC100.sh
TC101.sh on line 2000 has count: 4
Buggy line 2000 is covered by test case TC101.sh
TC102.sh on line 2000 has count: 4
Buggy line 2000 is covered by test case TC102.sh
TC110.sh on line 2000 has count: 256
Buggy line 2000 is covered by test case TC110.sh
TC122.sh on line 2000 has count: 6
Buggy line 2000 is covered by test case TC122.sh
TC123.sh on line 2000 has count: 10
Buggy line 2000 is covered by test case TC123.sh
TC125.sh on line 2000 has count: 8
Buggy line 2000 is covered by test case TC125.sh
TC126.sh on line 2000 has count: 1
Buggy line 2000 is covered by test case TC126.sh
TC129.sh on line 2000 has count: 7
Buggy line 2000 is covered by test case TC129.sh
TC135.sh on line 2000 has count: 3
Buggy line 2000 is covered by test case TC135.sh
TC136.sh on line 2000 has count: 2
Buggy line 2000 is covered by test case TC136.sh
TC137.sh on line 2000 has count: 9
Buggy line 2000 is covered by test case TC137.sh
TC144.sh on line 2000 has count: 1
Buggy line 2000 is covered by test case TC144.sh
TC146.sh on line 2000 has count: 3
Buggy line 2000 is covered by test case TC146.sh
TC147.sh on line 2000 has count: 4
Buggy line 2000 is covered by test case TC147.sh
TC148.sh on line 2000 has count: 5
Buggy line 2000 is covered by test case TC148.sh
TC149.sh on line 2000 has count: 2
Buggy line 2000 is covered by test case TC149.sh
TC150.sh on line 2000 has count: 2
Buggy line 2000 is covered by test case TC150.sh
TC151.sh on line 2000 has count: 2
Buggy line 2000 is covered by test case TC151.sh
TC157.sh on line 2000 has count: 2
Buggy line 2000 is covered by test case TC157.sh
TC160.sh on line 2000 has count: 8
Buggy line 2000 is covered by test case TC160.sh
TC162.sh on line 2000 has count: 2
Buggy line 2000 is covered by test case TC162.sh
TC164.sh on line 2000 has count: 2
Buggy line 2000 is covered by test case TC164.sh
TC169.sh on line 2000 has count: 2
Buggy line 2000 is covered by test case TC169.sh
TC170.sh on line 2000 has count: 3
Buggy line 2000 is covered by test case TC170.sh
TC176.sh on line 2000 has count: 2
Buggy line 2000 is covered by test case TC176.sh
TC177.sh on line 2000 has count: 2
Buggy line 2000 is covered by test case TC177.sh
TC179.sh on line 2000 has count: 4
Buggy line 2000 is covered by test case TC179.sh
TC186.sh on line 2000 has count: 3
Buggy line 2000 is covered by test case TC186.sh
TC187.sh on line 2000 has count: 4
Buggy line 2000 is covered by test case TC187.sh
TC188.sh on line 2000 has count: 3
Buggy line 2000 is covered by test case TC188.sh
TC189.sh on line 2000 has count: 3
Buggy line 2000 is covered by test case TC189.sh
TC190.sh on line 2000 has count: 3
Buggy line 2000 is covered by test case TC190.sh
TC194.sh on line 2000 has count: 1
Buggy line 2000 is covered by test case TC194.sh
TC196.sh on line 2000 has count: 2
Buggy line 2000 is covered by test case TC196.sh
TC198.sh on line 2000 has count: 2
Buggy line 2000 is covered by test case TC198.sh
TC205.sh on line 2000 has count: 4
Buggy line 2000 is covered by test case TC205.sh
TC206.sh on line 2000 has count: 4
Buggy line 2000 is covered by test case TC206.sh
TC207.sh on line 2000 has count: 2
Buggy line 2000 is covered by test case TC207.sh
TC214.sh on line 2000 has count: 4
Buggy line 2000 is covered by test case TC214.sh
TC215.sh on line 2000 has count: 2
Buggy line 2000 is covered by test case TC215.sh
TC216.sh on line 2000 has count: 2
Buggy line 2000 is covered by test case TC216.sh
TC217.sh on line 2000 has count: 2
Buggy line 2000 is covered by test case TC217.sh
TC218.sh on line 2000 has count: 2
Buggy line 2000 is covered by test case TC218.sh
TC219.sh on line 2000 has count: 1
Buggy line 2000 is covered by test case TC219.sh
TC223.sh on line 2000 has count: 2
Buggy line 2000 is covered by test case TC223.sh
TC224.sh on line 2000 has count: 3
Buggy line 2000 is covered by test case TC224.sh
TC226.sh on line 2000 has count: 1
Buggy line 2000 is covered by test case TC226.sh
TC227.sh on line 2000 has count: 5
Buggy line 2000 is covered by test case TC227.sh
TC228.sh on line 2000 has count: 2
Buggy line 2000 is covered by test case TC228.sh
TC229.sh on line 2000 has count: 2
Buggy line 2000 is covered by test case TC229.sh
TC230.sh on line 2000 has count: 1
Buggy line 2000 is covered by test case TC230.sh
TC231.sh on line 2000 has count: 2
Buggy line 2000 is covered by test case TC231.sh
TC235.sh on line 2000 has count: 1
Buggy line 2000 is covered by test case TC235.sh
TC236.sh on line 2000 has count: 3
Buggy line 2000 is covered by test case TC236.sh
TC237.sh on line 2000 has count: 2
Buggy line 2000 is covered by test case TC237.sh
TC249.sh on line 2000 has count: 3
Buggy line 2000 is covered by test case TC249.sh
TC250.sh on line 2000 has count: 3
Buggy line 2000 is covered by test case TC250.sh
TC252.sh on line 2000 has count: 1
Buggy line 2000 is covered by test case TC252.sh
TC253.sh on line 2000 has count: 1
Buggy line 2000 is covered by test case TC253.sh
TC256.sh on line 2000 has count: 14
Buggy line 2000 is covered by test case TC256.sh
TC262.sh on line 2000 has count: 6
Buggy line 2000 is covered by test case TC262.sh
TC263.sh on line 2000 has count: 2
Buggy line 2000 is covered by test case TC263.sh
TC264.sh on line 2000 has count: 18
Buggy line 2000 is covered by test case TC264.sh
TC271.sh on line 2000 has count: 2
Buggy line 2000 is covered by test case TC271.sh
TC273.sh on line 2000 has count: 6
Buggy line 2000 is covered by test case TC273.sh
TC274.sh on line 2000 has count: 8
Buggy line 2000 is covered by test case TC274.sh
TC275.sh on line 2000 has count: 10
Buggy line 2000 is covered by test case TC275.sh
TC276.sh on line 2000 has count: 4
Buggy line 2000 is covered by test case TC276.sh
TC277.sh on line 2000 has count: 4
Buggy line 2000 is covered by test case TC277.sh
TC278.sh on line 2000 has count: 4
Buggy line 2000 is covered by test case TC278.sh
TC284.sh on line 2000 has count: 4
Buggy line 2000 is covered by test case TC284.sh
TC287.sh on line 2000 has count: 16
Buggy line 2000 is covered by test case TC287.sh
TC289.sh on line 2000 has count: 6
Buggy line 2000 is covered by test case TC289.sh
TC291.sh on line 2000 has count: 6
Buggy line 2000 is covered by test case TC291.sh
TC306.sh on line 2000 has count: 8
Buggy line 2000 is covered by test case TC306.sh
TC313.sh on line 2000 has count: 6
Buggy line 2000 is covered by test case TC313.sh
TC314.sh on line 2000 has count: 8
Buggy line 2000 is covered by test case TC314.sh
TC315.sh on line 2000 has count: 6
Buggy line 2000 is covered by test case TC315.sh
TC316.sh on line 2000 has count: 6
Buggy line 2000 is covered by test case TC316.sh
TC317.sh on line 2000 has count: 6
Buggy line 2000 is covered by test case TC317.sh
TC321.sh on line 2000 has count: 1
Buggy line 2000 is covered by test case TC321.sh
TC323.sh on line 2000 has count: 4
Buggy line 2000 is covered by test case TC323.sh
TC325.sh on line 2000 has count: 1
Buggy line 2000 is covered by test case TC325.sh
TC332.sh on line 2000 has count: 8
Buggy line 2000 is covered by test case TC332.sh
TC333.sh on line 2000 has count: 4
Buggy line 2000 is covered by test case TC333.sh
TC334.sh on line 2000 has count: 4
Buggy line 2000 is covered by test case TC334.sh
TC341.sh on line 2000 has count: 8
Buggy line 2000 is covered by test case TC341.sh
TC342.sh on line 2000 has count: 4
Buggy line 2000 is covered by test case TC342.sh
TC343.sh on line 2000 has count: 4
Buggy line 2000 is covered by test case TC343.sh
TC344.sh on line 2000 has count: 4
Buggy line 2000 is covered by test case TC344.sh
TC345.sh on line 2000 has count: 4
Buggy line 2000 is covered by test case TC345.sh
TC346.sh on line 2000 has count: 1
Buggy line 2000 is covered by test case TC346.sh
TC350.sh on line 2000 has count: 4
Buggy line 2000 is covered by test case TC350.sh
TC351.sh on line 2000 has count: 6
Buggy line 2000 is covered by test case TC351.sh
TC353.sh on line 2000 has count: 4
Buggy line 2000 is covered by test case TC353.sh
TC354.sh on line 2000 has count: 26
Buggy line 2000 is covered by test case TC354.sh
TC355.sh on line 2000 has count: 4
Buggy line 2000 is covered by test case TC355.sh
TC356.sh on line 2000 has count: 4
Buggy line 2000 is covered by test case TC356.sh
TC364.sh on line 2000 has count: 256
Buggy line 2000 is covered by test case TC364.sh
TC376.sh on line 2000 has count: 6
Buggy line 2000 is covered by test case TC376.sh
TC377.sh on line 2000 has count: 10
Buggy line 2000 is covered by test case TC377.sh
TC379.sh on line 2000 has count: 8
Buggy line 2000 is covered by test case TC379.sh
TC380.sh on line 2000 has count: 1
Buggy line 2000 is covered by test case TC380.sh
TC545.sh on line 2000 has count: 7
Buggy line 2000 is covered by test case TC545.sh
TC551.sh on line 2000 has count: 3
Buggy line 2000 is covered by test case TC551.sh
TC552.sh on line 2000 has count: 2
Buggy line 2000 is covered by test case TC552.sh
TC553.sh on line 2000 has count: 9
Buggy line 2000 is covered by test case TC553.sh
TC560.sh on line 2000 has count: 1
Buggy line 2000 is covered by test case TC560.sh
TC562.sh on line 2000 has count: 3
Buggy line 2000 is covered by test case TC562.sh
TC563.sh on line 2000 has count: 4
Buggy line 2000 is covered by test case TC563.sh
TC564.sh on line 2000 has count: 5
Buggy line 2000 is covered by test case TC564.sh
TC565.sh on line 2000 has count: 2
Buggy line 2000 is covered by test case TC565.sh
TC566.sh on line 2000 has count: 2
Buggy line 2000 is covered by test case TC566.sh
TC567.sh on line 2000 has count: 2
Buggy line 2000 is covered by test case TC567.sh
TC573.sh on line 2000 has count: 2
Buggy line 2000 is covered by test case TC573.sh
TC576.sh on line 2000 has count: 8
Buggy line 2000 is covered by test case TC576.sh
TC578.sh on line 2000 has count: 3
Buggy line 2000 is covered by test case TC578.sh
TC580.sh on line 2000 has count: 3
Buggy line 2000 is covered by test case TC580.sh
TC595.sh on line 2000 has count: 4
Buggy line 2000 is covered by test case TC595.sh
TC602.sh on line 2000 has count: 3
Buggy line 2000 is covered by test case TC602.sh
TC603.sh on line 2000 has count: 4
Buggy line 2000 is covered by test case TC603.sh
TC604.sh on line 2000 has count: 3
Buggy line 2000 is covered by test case TC604.sh
TC605.sh on line 2000 has count: 3
Buggy line 2000 is covered by test case TC605.sh
TC606.sh on line 2000 has count: 3
Buggy line 2000 is covered by test case TC606.sh
TC610.sh on line 2000 has count: 1
Buggy line 2000 is covered by test case TC610.sh
TC612.sh on line 2000 has count: 2
Buggy line 2000 is covered by test case TC612.sh
TC614.sh on line 2000 has count: 2
Buggy line 2000 is covered by test case TC614.sh
TC621.sh on line 2000 has count: 4
Buggy line 2000 is covered by test case TC621.sh
TC622.sh on line 2000 has count: 4
Buggy line 2000 is covered by test case TC622.sh
TC623.sh on line 2000 has count: 2
Buggy line 2000 is covered by test case TC623.sh
TC630.sh on line 2000 has count: 4
Buggy line 2000 is covered by test case TC630.sh
TC631.sh on line 2000 has count: 2
Buggy line 2000 is covered by test case TC631.sh
TC632.sh on line 2000 has count: 2
Buggy line 2000 is covered by test case TC632.sh
TC633.sh on line 2000 has count: 2
Buggy line 2000 is covered by test case TC633.sh
TC634.sh on line 2000 has count: 2
Buggy line 2000 is covered by test case TC634.sh
TC635.sh on line 2000 has count: 1
Buggy line 2000 is covered by test case TC635.sh
TC639.sh on line 2000 has count: 2
Buggy line 2000 is covered by test case TC639.sh
TC640.sh on line 2000 has count: 3
Buggy line 2000 is covered by test case TC640.sh
TC642.sh on line 2000 has count: 2
Buggy line 2000 is covered by test case TC642.sh
TC643.sh on line 2000 has count: 13
Buggy line 2000 is covered by test case TC643.sh
TC644.sh on line 2000 has count: 2
Buggy line 2000 is covered by test case TC644.sh
TC645.sh on line 2000 has count: 2
Buggy line 2000 is covered by test case TC645.sh
TC653.sh on line 2000 has count: 256
Buggy line 2000 is covered by test case TC653.sh
TC665.sh on line 2000 has count: 3
Buggy line 2000 is covered by test case TC665.sh
TC666.sh on line 2000 has count: 5
Buggy line 2000 is covered by test case TC666.sh
TC668.sh on line 2000 has count: 4
Buggy line 2000 is covered by test case TC668.sh
TC669.sh on line 2000 has count: 1
Buggy line 2000 is covered by test case TC669.sh
TC672.sh on line 2000 has count: 7
Buggy line 2000 is covered by test case TC672.sh
TC678.sh on line 2000 has count: 3
Buggy line 2000 is covered by test case TC678.sh
TC679.sh on line 2000 has count: 2
Buggy line 2000 is covered by test case TC679.sh
TC680.sh on line 2000 has count: 9
Buggy line 2000 is covered by test case TC680.sh
TC687.sh on line 2000 has count: 1
Buggy line 2000 is covered by test case TC687.sh
TC689.sh on line 2000 has count: 3
Buggy line 2000 is covered by test case TC689.sh
TC690.sh on line 2000 has count: 4
Buggy line 2000 is covered by test case TC690.sh
TC691.sh on line 2000 has count: 5
Buggy line 2000 is covered by test case TC691.sh
TC692.sh on line 2000 has count: 2
Buggy line 2000 is covered by test case TC692.sh
TC693.sh on line 2000 has count: 2
Buggy line 2000 is covered by test case TC693.sh
TC694.sh on line 2000 has count: 2
Buggy line 2000 is covered by test case TC694.sh
TC700.sh on line 2000 has count: 2
Buggy line 2000 is covered by test case TC700.sh
TC703.sh on line 2000 has count: 8
Buggy line 2000 is covered by test case TC703.sh
TC705.sh on line 2000 has count: 3
Buggy line 2000 is covered by test case TC705.sh
TC707.sh on line 2000 has count: 3
Buggy line 2000 is covered by test case TC707.sh
TC722.sh on line 2000 has count: 4
Buggy line 2000 is covered by test case TC722.sh
TC729.sh on line 2000 has count: 3
Buggy line 2000 is covered by test case TC729.sh
TC730.sh on line 2000 has count: 4
Buggy line 2000 is covered by test case TC730.sh
TC731.sh on line 2000 has count: 3
Buggy line 2000 is covered by test case TC731.sh
TC732.sh on line 2000 has count: 3
Buggy line 2000 is covered by test case TC732.sh
TC733.sh on line 2000 has count: 3
Buggy line 2000 is covered by test case TC733.sh
TC737.sh on line 2000 has count: 1
Buggy line 2000 is covered by test case TC737.sh
TC739.sh on line 2000 has count: 2
Buggy line 2000 is covered by test case TC739.sh
TC741.sh on line 2000 has count: 1
Buggy line 2000 is covered by test case TC741.sh
TC748.sh on line 2000 has count: 4
Buggy line 2000 is covered by test case TC748.sh
TC749.sh on line 2000 has count: 4
Buggy line 2000 is covered by test case TC749.sh
TC750.sh on line 2000 has count: 2
Buggy line 2000 is covered by test case TC750.sh
TC757.sh on line 2000 has count: 4
Buggy line 2000 is covered by test case TC757.sh
TC758.sh on line 2000 has count: 2
Buggy line 2000 is covered by test case TC758.sh
TC759.sh on line 2000 has count: 2
Buggy line 2000 is covered by test case TC759.sh
TC760.sh on line 2000 has count: 2
Buggy line 2000 is covered by test case TC760.sh
TC761.sh on line 2000 has count: 2
Buggy line 2000 is covered by test case TC761.sh
TC762.sh on line 2000 has count: 1
Buggy line 2000 is covered by test case TC762.sh
TC766.sh on line 2000 has count: 2
Buggy line 2000 is covered by test case TC766.sh
TC767.sh on line 2000 has count: 3
Buggy line 2000 is covered by test case TC767.sh
TC769.sh on line 2000 has count: 2
Buggy line 2000 is covered by test case TC769.sh
TC770.sh on line 2000 has count: 13
Buggy line 2000 is covered by test case TC770.sh
TC771.sh on line 2000 has count: 2
Buggy line 2000 is covered by test case TC771.sh
TC772.sh on line 2000 has count: 2
Buggy line 2000 is covered by test case TC772.sh
TC780.sh on line 2000 has count: 256
Buggy line 2000 is covered by test case TC780.sh
TC792.sh on line 2000 has count: 3
Buggy line 2000 is covered by test case TC792.sh
TC793.sh on line 2000 has count: 5
Buggy line 2000 is covered by test case TC793.sh
TC795.sh on line 2000 has count: 4
Buggy line 2000 is covered by test case TC795.sh
TC796.sh on line 2000 has count: 1
Buggy line 2000 is covered by test case TC796.sh
TC799.sh on line 2000 has count: 7
Buggy line 2000 is covered by test case TC799.sh
TC805.sh on line 2000 has count: 3
Buggy line 2000 is covered by test case TC805.sh
TC806.sh on line 2000 has count: 2
Buggy line 2000 is covered by test case TC806.sh
TC807.sh on line 2000 has count: 9
Buggy line 2000 is covered by test case TC807.sh
TC814.sh on line 2000 has count: 1
Buggy line 2000 is covered by test case TC814.sh
TC816.sh on line 2000 has count: 3
Buggy line 2000 is covered by test case TC816.sh
TC817.sh on line 2000 has count: 4
Buggy line 2000 is covered by test case TC817.sh
TC818.sh on line 2000 has count: 5
Buggy line 2000 is covered by test case TC818.sh
TC819.sh on line 2000 has count: 2
Buggy line 2000 is covered by test case TC819.sh
TC820.sh on line 2000 has count: 2
Buggy line 2000 is covered by test case TC820.sh
TC821.sh on line 2000 has count: 2
Buggy line 2000 is covered by test case TC821.sh
TC827.sh on line 2000 has count: 2
Buggy line 2000 is covered by test case TC827.sh
TC830.sh on line 2000 has count: 8
Buggy line 2000 is covered by test case TC830.sh
TC832.sh on line 2000 has count: 3
Buggy line 2000 is covered by test case TC832.sh
TC834.sh on line 2000 has count: 3
Buggy line 2000 is covered by test case TC834.sh
TC849.sh on line 2000 has count: 4
Buggy line 2000 is covered by test case TC849.sh
TC856.sh on line 2000 has count: 3
Buggy line 2000 is covered by test case TC856.sh
TC857.sh on line 2000 has count: 4
Buggy line 2000 is covered by test case TC857.sh
TC858.sh on line 2000 has count: 3
Buggy line 2000 is covered by test case TC858.sh
TC859.sh on line 2000 has count: 3
Buggy line 2000 is covered by test case TC859.sh
TC860.sh on line 2000 has count: 3
Buggy line 2000 is covered by test case TC860.sh
TC864.sh on line 2000 has count: 1
Buggy line 2000 is covered by test case TC864.sh
TC866.sh on line 2000 has count: 2
Buggy line 2000 is covered by test case TC866.sh
TC868.sh on line 2000 has count: 2
Buggy line 2000 is covered by test case TC868.sh
TC875.sh on line 2000 has count: 4
Buggy line 2000 is covered by test case TC875.sh
TC876.sh on line 2000 has count: 4
Buggy line 2000 is covered by test case TC876.sh
TC877.sh on line 2000 has count: 2
Buggy line 2000 is covered by test case TC877.sh
TC884.sh on line 2000 has count: 4
Buggy line 2000 is covered by test case TC884.sh
TC885.sh on line 2000 has count: 2
Buggy line 2000 is covered by test case TC885.sh
TC886.sh on line 2000 has count: 2
Buggy line 2000 is covered by test case TC886.sh
TC887.sh on line 2000 has count: 2
Buggy line 2000 is covered by test case TC887.sh
TC888.sh on line 2000 has count: 2
Buggy line 2000 is covered by test case TC888.sh
TC889.sh on line 2000 has count: 1
Buggy line 2000 is covered by test case TC889.sh
TC893.sh on line 2000 has count: 2
Buggy line 2000 is covered by test case TC893.sh
TC894.sh on line 2000 has count: 3
Buggy line 2000 is covered by test case TC894.sh
TC896.sh on line 2000 has count: 2
Buggy line 2000 is covered by test case TC896.sh
TC897.sh on line 2000 has count: 13
Buggy line 2000 is covered by test case TC897.sh
TC898.sh on line 2000 has count: 2
Buggy line 2000 is covered by test case TC898.sh
TC899.sh on line 2000 has count: 2
Buggy line 2000 is covered by test case TC899.sh
TC907.sh on line 2000 has count: 256
Buggy line 2000 is covered by test case TC907.sh
TC919.sh on line 2000 has count: 3
Buggy line 2000 is covered by test case TC919.sh
TC920.sh on line 2000 has count: 5
Buggy line 2000 is covered by test case TC920.sh
TC922.sh on line 2000 has count: 4
Buggy line 2000 is covered by test case TC922.sh
TC923.sh on line 2000 has count: 1
Buggy line 2000 is covered by test case TC923.sh
TC926.sh on line 2000 has count: 7
Buggy line 2000 is covered by test case TC926.sh
TC932.sh on line 2000 has count: 3
Buggy line 2000 is covered by test case TC932.sh
TC933.sh on line 2000 has count: 2
Buggy line 2000 is covered by test case TC933.sh
TC934.sh on line 2000 has count: 9
Buggy line 2000 is covered by test case TC934.sh
TC941.sh on line 2000 has count: 1
Buggy line 2000 is covered by test case TC941.sh
TC943.sh on line 2000 has count: 3
Buggy line 2000 is covered by test case TC943.sh
TC944.sh on line 2000 has count: 4
Buggy line 2000 is covered by test case TC944.sh
TC945.sh on line 2000 has count: 5
Buggy line 2000 is covered by test case TC945.sh
TC946.sh on line 2000 has count: 2
Buggy line 2000 is covered by test case TC946.sh
TC947.sh on line 2000 has count: 2
Buggy line 2000 is covered by test case TC947.sh
TC948.sh on line 2000 has count: 2
Buggy line 2000 is covered by test case TC948.sh
TC954.sh on line 2000 has count: 2
Buggy line 2000 is covered by test case TC954.sh
TC959.sh on line 2000 has count: 3
Buggy line 2000 is covered by test case TC959.sh
TC961.sh on line 2000 has count: 3
Buggy line 2000 is covered by test case TC961.sh
TC976.sh on line 2000 has count: 4
Buggy line 2000 is covered by test case TC976.sh
TC983.sh on line 2000 has count: 3
Buggy line 2000 is covered by test case TC983.sh
TC984.sh on line 2000 has count: 4
Buggy line 2000 is covered by test case TC984.sh
TC985.sh on line 2000 has count: 3
Buggy line 2000 is covered by test case TC985.sh
TC986.sh on line 2000 has count: 3
Buggy line 2000 is covered by test case TC986.sh
TC987.sh on line 2000 has count: 3
Buggy line 2000 is covered by test case TC987.sh
TC991.sh on line 2000 has count: 1
Buggy line 2000 is covered by test case TC991.sh
TC993.sh on line 2000 has count: 2
Buggy line 2000 is covered by test case TC993.sh
TC995.sh on line 2000 has count: 2
Buggy line 2000 is covered by test case TC995.sh
TC1002.sh on line 2000 has count: 4
Buggy line 2000 is covered by test case TC1002.sh
TC1003.sh on line 2000 has count: 4
Buggy line 2000 is covered by test case TC1003.sh
TC1004.sh on line 2000 has count: 2
Buggy line 2000 is covered by test case TC1004.sh
TC1011.sh on line 2000 has count: 4
Buggy line 2000 is covered by test case TC1011.sh
TC1012.sh on line 2000 has count: 2
Buggy line 2000 is covered by test case TC1012.sh
TC1013.sh on line 2000 has count: 2
Buggy line 2000 is covered by test case TC1013.sh
TC1014.sh on line 2000 has count: 2
Buggy line 2000 is covered by test case TC1014.sh
TC1015.sh on line 2000 has count: 2
Buggy line 2000 is covered by test case TC1015.sh
TC1016.sh on line 2000 has count: 1
Buggy line 2000 is covered by test case TC1016.sh
TC1020.sh on line 2000 has count: 2
Buggy line 2000 is covered by test case TC1020.sh
TC1021.sh on line 2000 has count: 3
Buggy line 2000 is covered by test case TC1021.sh
TC1023.sh on line 2000 has count: 2
Buggy line 2000 is covered by test case TC1023.sh
TC1024.sh on line 2000 has count: 13
Buggy line 2000 is covered by test case TC1024.sh
TC1025.sh on line 2000 has count: 2
Buggy line 2000 is covered by test case TC1025.sh
TC1026.sh on line 2000 has count: 2
Buggy line 2000 is covered by test case TC1026.sh
TC1034.sh on line 2000 has count: 256
Buggy line 2000 is covered by test case TC1034.sh
TC1046.sh on line 2000 has count: 3
Buggy line 2000 is covered by test case TC1046.sh
TC1047.sh on line 2000 has count: 5
Buggy line 2000 is covered by test case TC1047.sh
TC1049.sh on line 2000 has count: 4
Buggy line 2000 is covered by test case TC1049.sh
TC1050.sh on line 2000 has count: 1
Buggy line 2000 is covered by test case TC1050.sh
TC1434.sh on line 2000 has count: 7
Buggy line 2000 is covered by test case TC1434.sh
TC1440.sh on line 2000 has count: 3
Buggy line 2000 is covered by test case TC1440.sh
TC1441.sh on line 2000 has count: 2
Buggy line 2000 is covered by test case TC1441.sh
TC1442.sh on line 2000 has count: 9
Buggy line 2000 is covered by test case TC1442.sh
TC1449.sh on line 2000 has count: 1
Buggy line 2000 is covered by test case TC1449.sh
TC1451.sh on line 2000 has count: 3
Buggy line 2000 is covered by test case TC1451.sh
TC1452.sh on line 2000 has count: 4
Buggy line 2000 is covered by test case TC1452.sh
TC1453.sh on line 2000 has count: 5
Buggy line 2000 is covered by test case TC1453.sh
TC1454.sh on line 2000 has count: 2
Buggy line 2000 is covered by test case TC1454.sh
TC1455.sh on line 2000 has count: 2
Buggy line 2000 is covered by test case TC1455.sh
TC1456.sh on line 2000 has count: 2
Buggy line 2000 is covered by test case TC1456.sh
TC1462.sh on line 2000 has count: 2
Buggy line 2000 is covered by test case TC1462.sh
TC1465.sh on line 2000 has count: 8
Buggy line 2000 is covered by test case TC1465.sh
TC1467.sh on line 2000 has count: 3
Buggy line 2000 is covered by test case TC1467.sh
TC1469.sh on line 2000 has count: 3
Buggy line 2000 is covered by test case TC1469.sh
TC1484.sh on line 2000 has count: 4
Buggy line 2000 is covered by test case TC1484.sh
TC1491.sh on line 2000 has count: 3
Buggy line 2000 is covered by test case TC1491.sh
TC1492.sh on line 2000 has count: 4
Buggy line 2000 is covered by test case TC1492.sh
TC1493.sh on line 2000 has count: 3
Buggy line 2000 is covered by test case TC1493.sh
TC1494.sh on line 2000 has count: 3
Buggy line 2000 is covered by test case TC1494.sh
TC1495.sh on line 2000 has count: 3
Buggy line 2000 is covered by test case TC1495.sh
TC1499.sh on line 2000 has count: 1
Buggy line 2000 is covered by test case TC1499.sh
TC1501.sh on line 2000 has count: 2
Buggy line 2000 is covered by test case TC1501.sh
TC1503.sh on line 2000 has count: 2
Buggy line 2000 is covered by test case TC1503.sh
TC1510.sh on line 2000 has count: 4
Buggy line 2000 is covered by test case TC1510.sh
TC1511.sh on line 2000 has count: 4
Buggy line 2000 is covered by test case TC1511.sh
TC1512.sh on line 2000 has count: 2
Buggy line 2000 is covered by test case TC1512.sh
TC1519.sh on line 2000 has count: 4
Buggy line 2000 is covered by test case TC1519.sh
TC1520.sh on line 2000 has count: 2
Buggy line 2000 is covered by test case TC1520.sh
TC1521.sh on line 2000 has count: 2
Buggy line 2000 is covered by test case TC1521.sh
TC1522.sh on line 2000 has count: 2
Buggy line 2000 is covered by test case TC1522.sh
TC1523.sh on line 2000 has count: 2
Buggy line 2000 is covered by test case TC1523.sh
TC1524.sh on line 2000 has count: 1
Buggy line 2000 is covered by test case TC1524.sh
TC1528.sh on line 2000 has count: 2
Buggy line 2000 is covered by test case TC1528.sh
TC1529.sh on line 2000 has count: 3
Buggy line 2000 is covered by test case TC1529.sh
TC1531.sh on line 2000 has count: 2
Buggy line 2000 is covered by test case TC1531.sh
TC1532.sh on line 2000 has count: 13
Buggy line 2000 is covered by test case TC1532.sh
TC1533.sh on line 2000 has count: 2
Buggy line 2000 is covered by test case TC1533.sh
TC1534.sh on line 2000 has count: 2
Buggy line 2000 is covered by test case TC1534.sh
TC1542.sh on line 2000 has count: 256
Buggy line 2000 is covered by test case TC1542.sh
TC1554.sh on line 2000 has count: 3
Buggy line 2000 is covered by test case TC1554.sh
TC1555.sh on line 2000 has count: 5
Buggy line 2000 is covered by test case TC1555.sh
TC1557.sh on line 2000 has count: 4
Buggy line 2000 is covered by test case TC1557.sh
TC1558.sh on line 2000 has count: 1
Buggy line 2000 is covered by test case TC1558.sh
TC1561.sh on line 2000 has count: 7
Buggy line 2000 is covered by test case TC1561.sh
TC1567.sh on line 2000 has count: 3
Buggy line 2000 is covered by test case TC1567.sh
TC1568.sh on line 2000 has count: 2
Buggy line 2000 is covered by test case TC1568.sh
TC1569.sh on line 2000 has count: 2
Buggy line 2000 is covered by test case TC1569.sh
TC1576.sh on line 2000 has count: 1
Buggy line 2000 is covered by test case TC1576.sh
TC1578.sh on line 2000 has count: 3
Buggy line 2000 is covered by test case TC1578.sh
TC1579.sh on line 2000 has count: 4
Buggy line 2000 is covered by test case TC1579.sh
TC1580.sh on line 2000 has count: 5
Buggy line 2000 is covered by test case TC1580.sh
TC1581.sh on line 2000 has count: 2
Buggy line 2000 is covered by test case TC1581.sh
TC1582.sh on line 2000 has count: 2
Buggy line 2000 is covered by test case TC1582.sh
TC1583.sh on line 2000 has count: 2
Buggy line 2000 is covered by test case TC1583.sh
TC1589.sh on line 2000 has count: 2
Buggy line 2000 is covered by test case TC1589.sh
TC1592.sh on line 2000 has count: 8
Buggy line 2000 is covered by test case TC1592.sh
TC1594.sh on line 2000 has count: 3
Buggy line 2000 is covered by test case TC1594.sh
TC1596.sh on line 2000 has count: 3
Buggy line 2000 is covered by test case TC1596.sh
TC1611.sh on line 2000 has count: 2
Buggy line 2000 is covered by test case TC1611.sh
TC1618.sh on line 2000 has count: 3
Buggy line 2000 is covered by test case TC1618.sh
TC1619.sh on line 2000 has count: 2
Buggy line 2000 is covered by test case TC1619.sh
TC1620.sh on line 2000 has count: 2
Buggy line 2000 is covered by test case TC1620.sh
TC1621.sh on line 2000 has count: 2
Buggy line 2000 is covered by test case TC1621.sh
TC1622.sh on line 2000 has count: 2
Buggy line 2000 is covered by test case TC1622.sh
TC1626.sh on line 2000 has count: 1
Buggy line 2000 is covered by test case TC1626.sh
TC1628.sh on line 2000 has count: 2
Buggy line 2000 is covered by test case TC1628.sh
TC1630.sh on line 2000 has count: 2
Buggy line 2000 is covered by test case TC1630.sh
TC1636.sh on line 2000 has count: 1
Buggy line 2000 is covered by test case TC1636.sh
TC1637.sh on line 2000 has count: 4
Buggy line 2000 is covered by test case TC1637.sh
TC1638.sh on line 2000 has count: 4
Buggy line 2000 is covered by test case TC1638.sh
TC1639.sh on line 2000 has count: 2
Buggy line 2000 is covered by test case TC1639.sh
TC1646.sh on line 2000 has count: 4
Buggy line 2000 is covered by test case TC1646.sh
TC1647.sh on line 2000 has count: 2
Buggy line 2000 is covered by test case TC1647.sh
TC1648.sh on line 2000 has count: 2
Buggy line 2000 is covered by test case TC1648.sh
TC1649.sh on line 2000 has count: 2
Buggy line 2000 is covered by test case TC1649.sh
TC1650.sh on line 2000 has count: 2
Buggy line 2000 is covered by test case TC1650.sh
TC1651.sh on line 2000 has count: 1
Buggy line 2000 is covered by test case TC1651.sh
TC1655.sh on line 2000 has count: 2
Buggy line 2000 is covered by test case TC1655.sh
TC1656.sh on line 2000 has count: 3
Buggy line 2000 is covered by test case TC1656.sh
TC1658.sh on line 2000 has count: 2
Buggy line 2000 is covered by test case TC1658.sh
TC1659.sh on line 2000 has count: 4
Buggy line 2000 is covered by test case TC1659.sh
TC1660.sh on line 2000 has count: 2
Buggy line 2000 is covered by test case TC1660.sh
TC1661.sh on line 2000 has count: 2
Buggy line 2000 is covered by test case TC1661.sh
TC1669.sh on line 2000 has count: 256
Buggy line 2000 is covered by test case TC1669.sh
TC1676.sh on line 2000 has count: 1
Buggy line 2000 is covered by test case TC1676.sh
TC1677.sh on line 2000 has count: 1
Buggy line 2000 is covered by test case TC1677.sh
TC1678.sh on line 2000 has count: 1
Buggy line 2000 is covered by test case TC1678.sh
TC1681.sh on line 2000 has count: 3
Buggy line 2000 is covered by test case TC1681.sh
TC1682.sh on line 2000 has count: 2
Buggy line 2000 is covered by test case TC1682.sh
TC1684.sh on line 2000 has count: 4
Buggy line 2000 is covered by test case TC1684.sh
TC1685.sh on line 2000 has count: 1
Buggy line 2000 is covered by test case TC1685.sh
TC1687.sh on line 2000 has count: 3
Buggy line 2000 is covered by test case TC1687.sh
TC1693.sh on line 2000 has count: 0
Buggy line 2000 is NOT covered by test case TC1693.sh
>> Reverted parser.c to original from parser.MUT1923.c

+++++ STDERR +++++

+++++ results for pattern.MUT1279.c +++++
+++++ STDOUT +++++
Testing version pattern.MUT1279.c on faster36.swtv::core0
>> Building libxml2_TF_top30
>> Applied patch to pattern.c with pattern.MUT1279.c
>> Building libxml2_TF_top30
TC2039.sh on line 1496 has count: 1
Buggy line 1496 is covered by test case TC2039.sh
TC2049.sh on line 1496 has count: 1
Buggy line 1496 is covered by test case TC2049.sh
TC2050.sh on line 1496 has count: 1
Buggy line 1496 is covered by test case TC2050.sh
TC2056.sh on line 1496 has count: 1
Buggy line 1496 is covered by test case TC2056.sh
TC2066.sh on line 1496 has count: 1
Buggy line 1496 is covered by test case TC2066.sh
TC2067.sh on line 1496 has count: 1
Buggy line 1496 is covered by test case TC2067.sh
TC2073.sh on line 1496 has count: 1
Buggy line 1496 is covered by test case TC2073.sh
TC2083.sh on line 1496 has count: 1
Buggy line 1496 is covered by test case TC2083.sh
TC2084.sh on line 1496 has count: 1
Buggy line 1496 is covered by test case TC2084.sh
TC2090.sh on line 1496 has count: 1
Buggy line 1496 is covered by test case TC2090.sh
TC2100.sh on line 1496 has count: 1
Buggy line 1496 is covered by test case TC2100.sh
TC2101.sh on line 1496 has count: 1
Buggy line 1496 is covered by test case TC2101.sh
TC2107.sh on line 1496 has count: 3
Buggy line 1496 is covered by test case TC2107.sh
TC2108.sh on line 1496 has count: 2
Buggy line 1496 is covered by test case TC2108.sh
TC2109.sh on line 1496 has count: 2
Buggy line 1496 is covered by test case TC2109.sh
TC2110.sh on line 1496 has count: 2
Buggy line 1496 is covered by test case TC2110.sh
TC2111.sh on line 1496 has count: 101
Buggy line 1496 is covered by test case TC2111.sh
TC2123.sh on line 1496 has count: 11
Buggy line 1496 is covered by test case TC2123.sh
TC2124.sh on line 1496 has count: 7
Buggy line 1496 is covered by test case TC2124.sh
TC2126.sh on line 1496 has count: 6
Buggy line 1496 is covered by test case TC2126.sh
TC2191.sh on line 1496 has count: 3
Buggy line 1496 is covered by test case TC2191.sh
TC2195.sh on line 1496 has count: 6
Buggy line 1496 is covered by test case TC2195.sh
TC2201.sh on line 1496 has count: 8
Buggy line 1496 is covered by test case TC2201.sh
TC2233.sh on line 1496 has count: 5
Buggy line 1496 is covered by test case TC2233.sh
>> Saving version pattern.MUT1279.c to database
>> Reverted pattern.c to original from pattern.MUT1279.c

+++++ STDERR +++++

+++++ results for parser.MUT3448.c +++++
+++++ STDOUT +++++
Testing version parser.MUT3448.c on faster36.swtv::core0
>> Building libxml2_TF_top30
>> Applied patch to parser.c with parser.MUT3448.c
>> Building libxml2_TF_top30
TC85.sh on line 3372 has count: 0
Buggy line 3372 is NOT covered by test case TC85.sh
>> Reverted parser.c to original from parser.MUT3448.c

+++++ STDERR +++++

+++++ results for uri.MUT178.c +++++
+++++ STDOUT +++++
Testing version uri.MUT178.c on faster36.swtv::core0
>> Building libxml2_TF_top30
>> Applied patch to uri.c with uri.MUT178.c
>> Building libxml2_TF_top30
TC2148.sh on line 341 has count: 10
Buggy line 341 is covered by test case TC2148.sh
TC2150.sh on line 341 has count: 8
Buggy line 341 is covered by test case TC2150.sh
>> Saving version uri.MUT178.c to database
>> Reverted uri.c to original from uri.MUT178.c
>> Cleaning build for libxml2_TF_top30

+++++ STDERR +++++
