
+++++ results for parser.MUT10512.c +++++
+++++ STDOUT +++++
Testing version parser.MUT10512.c on faster34.swtv::core1
>> Configuring libxml2_TF_top30 with coverage
>> Building libxml2_TF_top30
>> Applied patch to parser.c with parser.MUT10512.c
>> Building libxml2_TF_top30
TC1.sh on line 9252 has count: 1
Buggy line 9252 is covered by test case TC1.sh
TC2.sh on line 9252 has count: 8
Buggy line 9252 is covered by test case TC2.sh
TC4.sh on line 9252 has count: 1
Buggy line 9252 is covered by test case TC4.sh
TC7.sh on line 9252 has count: 10
Buggy line 9252 is covered by test case TC7.sh
TC8.sh on line 9252 has count: 14
Buggy line 9252 is covered by test case TC8.sh
TC10.sh on line 9252 has count: 12
Buggy line 9252 is covered by test case TC10.sh
TC12.sh on line 9252 has count: 4
Buggy line 9252 is covered by test case TC12.sh
TC16.sh on line 9252 has count: 1
Buggy line 9252 is covered by test case TC16.sh
TC17.sh on line 9252 has count: 2
Buggy line 9252 is covered by test case TC17.sh
TC29.sh on line 9252 has count: 2
Buggy line 9252 is covered by test case TC29.sh
TC30.sh on line 9252 has count: 1
Buggy line 9252 is covered by test case TC30.sh
TC31.sh on line 9252 has count: 1
Buggy line 9252 is covered by test case TC31.sh
TC32.sh on line 9252 has count: 1
Buggy line 9252 is covered by test case TC32.sh
TC33.sh on line 9252 has count: 1
Buggy line 9252 is covered by test case TC33.sh
TC34.sh on line 9252 has count: 2
Buggy line 9252 is covered by test case TC34.sh
TC35.sh on line 9252 has count: 1
Buggy line 9252 is covered by test case TC35.sh
TC36.sh on line 9252 has count: 1
Buggy line 9252 is covered by test case TC36.sh
TC37.sh on line 9252 has count: 1
Buggy line 9252 is covered by test case TC37.sh
TC38.sh on line 9252 has count: 1
Buggy line 9252 is covered by test case TC38.sh
TC39.sh on line 9252 has count: 2
Buggy line 9252 is covered by test case TC39.sh
TC40.sh on line 9252 has count: 2
Buggy line 9252 is covered by test case TC40.sh
TC41.sh on line 9252 has count: 2
Buggy line 9252 is covered by test case TC41.sh
TC42.sh on line 9252 has count: 2
Buggy line 9252 is covered by test case TC42.sh
TC43.sh on line 9252 has count: 1
Buggy line 9252 is covered by test case TC43.sh
TC44.sh on line 9252 has count: 1
Buggy line 9252 is covered by test case TC44.sh
TC45.sh on line 9252 has count: 1
Buggy line 9252 is covered by test case TC45.sh
TC46.sh on line 9252 has count: 1
Buggy line 9252 is covered by test case TC46.sh
TC47.sh on line 9252 has count: 1
Buggy line 9252 is covered by test case TC47.sh
TC48.sh on line 9252 has count: 2
Buggy line 9252 is covered by test case TC48.sh
TC49.sh on line 9252 has count: 70
Buggy line 9252 is covered by test case TC49.sh
TC50.sh on line 9252 has count: 70
Buggy line 9252 is covered by test case TC50.sh
TC53.sh on line 9252 has count: 1
Buggy line 9252 is covered by test case TC53.sh
TC65.sh on line 9252 has count: 1
Buggy line 9252 is covered by test case TC65.sh
TC71.sh on line 9252 has count: 1
Buggy line 9252 is covered by test case TC71.sh
TC88.sh on line 9252 has count: 6
Buggy line 9252 is covered by test case TC88.sh
TC89.sh on line 9252 has count: 2
Buggy line 9252 is covered by test case TC89.sh
TC90.sh on line 9252 has count: 2
Buggy line 9252 is covered by test case TC90.sh
TC91.sh on line 9252 has count: 2
Buggy line 9252 is covered by test case TC91.sh
TC92.sh on line 9252 has count: 4
Buggy line 9252 is covered by test case TC92.sh
TC93.sh on line 9252 has count: 2
Buggy line 9252 is covered by test case TC93.sh
TC94.sh on line 9252 has count: 2
Buggy line 9252 is covered by test case TC94.sh
TC95.sh on line 9252 has count: 4
Buggy line 9252 is covered by test case TC95.sh
TC96.sh on line 9252 has count: 3
Buggy line 9252 is covered by test case TC96.sh
TC97.sh on line 9252 has count: 1
Buggy line 9252 is covered by test case TC97.sh
TC99.sh on line 9252 has count: 5
Buggy line 9252 is covered by test case TC99.sh
TC100.sh on line 9252 has count: 22
Buggy line 9252 is covered by test case TC100.sh
TC103.sh on line 9252 has count: 3
Buggy line 9252 is covered by test case TC103.sh
TC104.sh on line 9252 has count: 9
Buggy line 9252 is covered by test case TC104.sh
TC105.sh on line 9252 has count: 2
Buggy line 9252 is covered by test case TC105.sh
TC108.sh on line 9252 has count: 147
Buggy line 9252 is covered by test case TC108.sh
TC109.sh on line 9252 has count: 37
Buggy line 9252 is covered by test case TC109.sh
TC110.sh on line 9252 has count: 476
Buggy line 9252 is covered by test case TC110.sh
TC116.sh on line 9252 has count: 1
Buggy line 9252 is covered by test case TC116.sh
TC117.sh on line 9252 has count: 2
Buggy line 9252 is covered by test case TC117.sh
TC118.sh on line 9252 has count: 2
Buggy line 9252 is covered by test case TC118.sh
TC119.sh on line 9252 has count: 2
Buggy line 9252 is covered by test case TC119.sh
TC121.sh on line 9252 has count: 28
Buggy line 9252 is covered by test case TC121.sh
TC123.sh on line 9252 has count: 2
Buggy line 9252 is covered by test case TC123.sh
TC124.sh on line 9252 has count: 13
Buggy line 9252 is covered by test case TC124.sh
TC125.sh on line 9252 has count: 1
Buggy line 9252 is covered by test case TC125.sh
TC129.sh on line 9252 has count: 4
Buggy line 9252 is covered by test case TC129.sh
TC133.sh on line 9252 has count: 18443
Buggy line 9252 is covered by test case TC133.sh
TC134.sh on line 9252 has count: 6
Buggy line 9252 is covered by test case TC134.sh
TC135.sh on line 9252 has count: 14
Buggy line 9252 is covered by test case TC135.sh
TC137.sh on line 9252 has count: 12
Buggy line 9252 is covered by test case TC137.sh
TC139.sh on line 9252 has count: 4
Buggy line 9252 is covered by test case TC139.sh
TC143.sh on line 9252 has count: 1
Buggy line 9252 is covered by test case TC143.sh
TC144.sh on line 9252 has count: 2
Buggy line 9252 is covered by test case TC144.sh
TC156.sh on line 9252 has count: 2
Buggy line 9252 is covered by test case TC156.sh
TC157.sh on line 9252 has count: 1
Buggy line 9252 is covered by test case TC157.sh
TC158.sh on line 9252 has count: 1
Buggy line 9252 is covered by test case TC158.sh
TC159.sh on line 9252 has count: 1
Buggy line 9252 is covered by test case TC159.sh
TC160.sh on line 9252 has count: 1
Buggy line 9252 is covered by test case TC160.sh
TC161.sh on line 9252 has count: 2
Buggy line 9252 is covered by test case TC161.sh
TC162.sh on line 9252 has count: 1
Buggy line 9252 is covered by test case TC162.sh
TC163.sh on line 9252 has count: 1
Buggy line 9252 is covered by test case TC163.sh
TC164.sh on line 9252 has count: 1
Buggy line 9252 is covered by test case TC164.sh
TC165.sh on line 9252 has count: 1
Buggy line 9252 is covered by test case TC165.sh
TC166.sh on line 9252 has count: 2
Buggy line 9252 is covered by test case TC166.sh
TC167.sh on line 9252 has count: 2
Buggy line 9252 is covered by test case TC167.sh
TC168.sh on line 9252 has count: 2
Buggy line 9252 is covered by test case TC168.sh
TC169.sh on line 9252 has count: 2
Buggy line 9252 is covered by test case TC169.sh
TC170.sh on line 9252 has count: 1
Buggy line 9252 is covered by test case TC170.sh
TC171.sh on line 9252 has count: 1
Buggy line 9252 is covered by test case TC171.sh
TC172.sh on line 9252 has count: 1
Buggy line 9252 is covered by test case TC172.sh
TC173.sh on line 9252 has count: 1
Buggy line 9252 is covered by test case TC173.sh
TC175.sh on line 9252 has count: 1
Buggy line 9252 is covered by test case TC175.sh
TC176.sh on line 9252 has count: 70
Buggy line 9252 is covered by test case TC176.sh
TC177.sh on line 9252 has count: 70
Buggy line 9252 is covered by test case TC177.sh
TC180.sh on line 9252 has count: 1
Buggy line 9252 is covered by test case TC180.sh
TC192.sh on line 9252 has count: 1
Buggy line 9252 is covered by test case TC192.sh
TC198.sh on line 9252 has count: 1
Buggy line 9252 is covered by test case TC198.sh
TC215.sh on line 9252 has count: 6
Buggy line 9252 is covered by test case TC215.sh
TC216.sh on line 9252 has count: 2
Buggy line 9252 is covered by test case TC216.sh
TC217.sh on line 9252 has count: 2
Buggy line 9252 is covered by test case TC217.sh
TC218.sh on line 9252 has count: 2
Buggy line 9252 is covered by test case TC218.sh
TC219.sh on line 9252 has count: 4
Buggy line 9252 is covered by test case TC219.sh
TC220.sh on line 9252 has count: 2
Buggy line 9252 is covered by test case TC220.sh
TC221.sh on line 9252 has count: 2
Buggy line 9252 is covered by test case TC221.sh
TC222.sh on line 9252 has count: 4
Buggy line 9252 is covered by test case TC222.sh
TC223.sh on line 9252 has count: 3
Buggy line 9252 is covered by test case TC223.sh
TC224.sh on line 9252 has count: 1
Buggy line 9252 is covered by test case TC224.sh
TC226.sh on line 9252 has count: 5
Buggy line 9252 is covered by test case TC226.sh
TC227.sh on line 9252 has count: 22
Buggy line 9252 is covered by test case TC227.sh
TC230.sh on line 9252 has count: 3
Buggy line 9252 is covered by test case TC230.sh
TC231.sh on line 9252 has count: 9
Buggy line 9252 is covered by test case TC231.sh
TC232.sh on line 9252 has count: 2
Buggy line 9252 is covered by test case TC232.sh
TC235.sh on line 9252 has count: 147
Buggy line 9252 is covered by test case TC235.sh
TC236.sh on line 9252 has count: 37
Buggy line 9252 is covered by test case TC236.sh
TC237.sh on line 9252 has count: 472
Buggy line 9252 is covered by test case TC237.sh
TC243.sh on line 9252 has count: 1
Buggy line 9252 is covered by test case TC243.sh
TC244.sh on line 9252 has count: 2
Buggy line 9252 is covered by test case TC244.sh
TC245.sh on line 9252 has count: 2
Buggy line 9252 is covered by test case TC245.sh
TC246.sh on line 9252 has count: 2
Buggy line 9252 is covered by test case TC246.sh
TC248.sh on line 9252 has count: 27
Buggy line 9252 is covered by test case TC248.sh
TC250.sh on line 9252 has count: 2
Buggy line 9252 is covered by test case TC250.sh
TC251.sh on line 9252 has count: 10
Buggy line 9252 is covered by test case TC251.sh
TC256.sh on line 9252 has count: 8
Buggy line 9252 is covered by test case TC256.sh
TC260.sh on line 9252 has count: 0
Buggy line 9252 is NOT covered by test case TC260.sh
>> Reverted parser.c to original from parser.MUT10512.c

+++++ STDERR +++++

+++++ results for parser.MUT7068.c +++++
+++++ STDOUT +++++
Testing version parser.MUT7068.c on faster34.swtv::core1
>> Building libxml2_TF_top30
>> Applied patch to parser.c with parser.MUT7068.c
>> Building libxml2_TF_top30
TC2.sh on line 6198 has count: 2
Buggy line 6198 is covered by test case TC2.sh
TC3.sh on line 6198 has count: 2
Buggy line 6198 is covered by test case TC3.sh
TC7.sh on line 6198 has count: 1
Buggy line 6198 is covered by test case TC7.sh
TC9.sh on line 6198 has count: 1
Buggy line 6198 is covered by test case TC9.sh
TC11.sh on line 6198 has count: 1
Buggy line 6198 is covered by test case TC11.sh
TC47.sh on line 6198 has count: 1
Buggy line 6198 is covered by test case TC47.sh
TC48.sh on line 6198 has count: 3
Buggy line 6198 is covered by test case TC48.sh
TC53.sh on line 6198 has count: 1
Buggy line 6198 is covered by test case TC53.sh
TC67.sh on line 6198 has count: 1
Buggy line 6198 is covered by test case TC67.sh
TC84.sh on line 6198 has count: 10
Buggy line 6198 is covered by test case TC84.sh
TC88.sh on line 6198 has count: 6
Buggy line 6198 is covered by test case TC88.sh
TC89.sh on line 6198 has count: 2
Buggy line 6198 is covered by test case TC89.sh
TC129.sh on line 6198 has count: 2
Buggy line 6198 is covered by test case TC129.sh
TC130.sh on line 6198 has count: 2
Buggy line 6198 is covered by test case TC130.sh
TC134.sh on line 6198 has count: 1
Buggy line 6198 is covered by test case TC134.sh
TC136.sh on line 6198 has count: 1
Buggy line 6198 is covered by test case TC136.sh
TC138.sh on line 6198 has count: 1
Buggy line 6198 is covered by test case TC138.sh
TC174.sh on line 6198 has count: 1
Buggy line 6198 is covered by test case TC174.sh
TC175.sh on line 6198 has count: 3
Buggy line 6198 is covered by test case TC175.sh
TC180.sh on line 6198 has count: 1
Buggy line 6198 is covered by test case TC180.sh
TC194.sh on line 6198 has count: 1
Buggy line 6198 is covered by test case TC194.sh
TC211.sh on line 6198 has count: 10
Buggy line 6198 is covered by test case TC211.sh
TC215.sh on line 6198 has count: 6
Buggy line 6198 is covered by test case TC215.sh
TC216.sh on line 6198 has count: 2
Buggy line 6198 is covered by test case TC216.sh
TC256.sh on line 6198 has count: 2
Buggy line 6198 is covered by test case TC256.sh
TC257.sh on line 6198 has count: 2
Buggy line 6198 is covered by test case TC257.sh
TC261.sh on line 6198 has count: 1
Buggy line 6198 is covered by test case TC261.sh
TC263.sh on line 6198 has count: 1
Buggy line 6198 is covered by test case TC263.sh
TC265.sh on line 6198 has count: 1
Buggy line 6198 is covered by test case TC265.sh
TC301.sh on line 6198 has count: 1
Buggy line 6198 is covered by test case TC301.sh
TC302.sh on line 6198 has count: 3
Buggy line 6198 is covered by test case TC302.sh
TC307.sh on line 6198 has count: 1
Buggy line 6198 is covered by test case TC307.sh
TC321.sh on line 6198 has count: 1
Buggy line 6198 is covered by test case TC321.sh
TC338.sh on line 6198 has count: 10
Buggy line 6198 is covered by test case TC338.sh
TC342.sh on line 6198 has count: 6
Buggy line 6198 is covered by test case TC342.sh
TC343.sh on line 6198 has count: 2
Buggy line 6198 is covered by test case TC343.sh
TC404.sh on line 6198 has count: 2
Buggy line 6198 is covered by test case TC404.sh
TC423.sh on line 6198 has count: 1
Buggy line 6198 is covered by test case TC423.sh
TC441.sh on line 6198 has count: 2
Buggy line 6198 is covered by test case TC441.sh
TC460.sh on line 6198 has count: 1
Buggy line 6198 is covered by test case TC460.sh
TC478.sh on line 6198 has count: 2
Buggy line 6198 is covered by test case TC478.sh
TC497.sh on line 6198 has count: 1
Buggy line 6198 is covered by test case TC497.sh
TC517.sh on line 6198 has count: 2
Buggy line 6198 is covered by test case TC517.sh
TC536.sh on line 6198 has count: 1
Buggy line 6198 is covered by test case TC536.sh
TC545.sh on line 6198 has count: 2
Buggy line 6198 is covered by test case TC545.sh
TC546.sh on line 6198 has count: 2
Buggy line 6198 is covered by test case TC546.sh
TC550.sh on line 6198 has count: 1
Buggy line 6198 is covered by test case TC550.sh
TC552.sh on line 6198 has count: 1
Buggy line 6198 is covered by test case TC552.sh
TC554.sh on line 6198 has count: 1
Buggy line 6198 is covered by test case TC554.sh
TC590.sh on line 6198 has count: 1
Buggy line 6198 is covered by test case TC590.sh
TC591.sh on line 6198 has count: 3
Buggy line 6198 is covered by test case TC591.sh
TC596.sh on line 6198 has count: 1
Buggy line 6198 is covered by test case TC596.sh
TC610.sh on line 6198 has count: 1
Buggy line 6198 is covered by test case TC610.sh
TC627.sh on line 6198 has count: 10
Buggy line 6198 is covered by test case TC627.sh
TC631.sh on line 6198 has count: 6
Buggy line 6198 is covered by test case TC631.sh
TC632.sh on line 6198 has count: 2
Buggy line 6198 is covered by test case TC632.sh
TC672.sh on line 6198 has count: 2
Buggy line 6198 is covered by test case TC672.sh
TC673.sh on line 6198 has count: 2
Buggy line 6198 is covered by test case TC673.sh
TC677.sh on line 6198 has count: 1
Buggy line 6198 is covered by test case TC677.sh
TC679.sh on line 6198 has count: 1
Buggy line 6198 is covered by test case TC679.sh
TC681.sh on line 6198 has count: 1
Buggy line 6198 is covered by test case TC681.sh
TC717.sh on line 6198 has count: 1
Buggy line 6198 is covered by test case TC717.sh
TC718.sh on line 6198 has count: 3
Buggy line 6198 is covered by test case TC718.sh
TC723.sh on line 6198 has count: 1
Buggy line 6198 is covered by test case TC723.sh
TC737.sh on line 6198 has count: 1
Buggy line 6198 is covered by test case TC737.sh
TC754.sh on line 6198 has count: 10
Buggy line 6198 is covered by test case TC754.sh
TC758.sh on line 6198 has count: 6
Buggy line 6198 is covered by test case TC758.sh
TC759.sh on line 6198 has count: 2
Buggy line 6198 is covered by test case TC759.sh
TC799.sh on line 6198 has count: 2
Buggy line 6198 is covered by test case TC799.sh
TC800.sh on line 6198 has count: 2
Buggy line 6198 is covered by test case TC800.sh
TC804.sh on line 6198 has count: 1
Buggy line 6198 is covered by test case TC804.sh
TC806.sh on line 6198 has count: 1
Buggy line 6198 is covered by test case TC806.sh
TC808.sh on line 6198 has count: 1
Buggy line 6198 is covered by test case TC808.sh
TC844.sh on line 6198 has count: 1
Buggy line 6198 is covered by test case TC844.sh
TC845.sh on line 6198 has count: 3
Buggy line 6198 is covered by test case TC845.sh
TC850.sh on line 6198 has count: 1
Buggy line 6198 is covered by test case TC850.sh
TC864.sh on line 6198 has count: 1
Buggy line 6198 is covered by test case TC864.sh
TC881.sh on line 6198 has count: 10
Buggy line 6198 is covered by test case TC881.sh
TC885.sh on line 6198 has count: 6
Buggy line 6198 is covered by test case TC885.sh
TC886.sh on line 6198 has count: 2
Buggy line 6198 is covered by test case TC886.sh
TC926.sh on line 6198 has count: 2
Buggy line 6198 is covered by test case TC926.sh
TC927.sh on line 6198 has count: 2
Buggy line 6198 is covered by test case TC927.sh
TC931.sh on line 6198 has count: 1
Buggy line 6198 is covered by test case TC931.sh
TC933.sh on line 6198 has count: 1
Buggy line 6198 is covered by test case TC933.sh
TC935.sh on line 6198 has count: 1
Buggy line 6198 is covered by test case TC935.sh
TC971.sh on line 6198 has count: 1
Buggy line 6198 is covered by test case TC971.sh
TC972.sh on line 6198 has count: 3
Buggy line 6198 is covered by test case TC972.sh
TC977.sh on line 6198 has count: 1
Buggy line 6198 is covered by test case TC977.sh
TC991.sh on line 6198 has count: 1
Buggy line 6198 is covered by test case TC991.sh
TC1008.sh on line 6198 has count: 10
Buggy line 6198 is covered by test case TC1008.sh
TC1012.sh on line 6198 has count: 6
Buggy line 6198 is covered by test case TC1012.sh
TC1013.sh on line 6198 has count: 2
Buggy line 6198 is covered by test case TC1013.sh
TC1053.sh on line 6198 has count: 2
Buggy line 6198 is covered by test case TC1053.sh
TC1054.sh on line 6198 has count: 2
Buggy line 6198 is covered by test case TC1054.sh
TC1058.sh on line 6198 has count: 1
Buggy line 6198 is covered by test case TC1058.sh
TC1060.sh on line 6198 has count: 1
Buggy line 6198 is covered by test case TC1060.sh
TC1062.sh on line 6198 has count: 1
Buggy line 6198 is covered by test case TC1062.sh
TC1098.sh on line 6198 has count: 1
Buggy line 6198 is covered by test case TC1098.sh
TC1099.sh on line 6198 has count: 3
Buggy line 6198 is covered by test case TC1099.sh
TC1104.sh on line 6198 has count: 1
Buggy line 6198 is covered by test case TC1104.sh
TC1118.sh on line 6198 has count: 1
Buggy line 6198 is covered by test case TC1118.sh
TC1135.sh on line 6198 has count: 10
Buggy line 6198 is covered by test case TC1135.sh
TC1139.sh on line 6198 has count: 6
Buggy line 6198 is covered by test case TC1139.sh
TC1140.sh on line 6198 has count: 2
Buggy line 6198 is covered by test case TC1140.sh
TC1180.sh on line 6198 has count: 2
Buggy line 6198 is covered by test case TC1180.sh
TC1181.sh on line 6198 has count: 2
Buggy line 6198 is covered by test case TC1181.sh
TC1185.sh on line 6198 has count: 1
Buggy line 6198 is covered by test case TC1185.sh
TC1187.sh on line 6198 has count: 1
Buggy line 6198 is covered by test case TC1187.sh
TC1189.sh on line 6198 has count: 1
Buggy line 6198 is covered by test case TC1189.sh
TC1225.sh on line 6198 has count: 1
Buggy line 6198 is covered by test case TC1225.sh
TC1226.sh on line 6198 has count: 3
Buggy line 6198 is covered by test case TC1226.sh
TC1231.sh on line 6198 has count: 1
Buggy line 6198 is covered by test case TC1231.sh
TC1245.sh on line 6198 has count: 1
Buggy line 6198 is covered by test case TC1245.sh
TC1262.sh on line 6198 has count: 10
Buggy line 6198 is covered by test case TC1262.sh
TC1266.sh on line 6198 has count: 6
Buggy line 6198 is covered by test case TC1266.sh
TC1267.sh on line 6198 has count: 2
Buggy line 6198 is covered by test case TC1267.sh
TC1307.sh on line 6198 has count: 2
Buggy line 6198 is covered by test case TC1307.sh
TC1308.sh on line 6198 has count: 2
Buggy line 6198 is covered by test case TC1308.sh
TC1312.sh on line 6198 has count: 1
Buggy line 6198 is covered by test case TC1312.sh
TC1314.sh on line 6198 has count: 1
Buggy line 6198 is covered by test case TC1314.sh
TC1316.sh on line 6198 has count: 1
Buggy line 6198 is covered by test case TC1316.sh
TC1352.sh on line 6198 has count: 1
Buggy line 6198 is covered by test case TC1352.sh
TC1353.sh on line 6198 has count: 3
Buggy line 6198 is covered by test case TC1353.sh
TC1358.sh on line 6198 has count: 1
Buggy line 6198 is covered by test case TC1358.sh
TC1372.sh on line 6198 has count: 1
Buggy line 6198 is covered by test case TC1372.sh
TC1389.sh on line 6198 has count: 10
Buggy line 6198 is covered by test case TC1389.sh
TC1393.sh on line 6198 has count: 6
Buggy line 6198 is covered by test case TC1393.sh
TC1394.sh on line 6198 has count: 2
Buggy line 6198 is covered by test case TC1394.sh
TC1434.sh on line 6198 has count: 2
Buggy line 6198 is covered by test case TC1434.sh
TC1435.sh on line 6198 has count: 2
Buggy line 6198 is covered by test case TC1435.sh
TC1439.sh on line 6198 has count: 1
Buggy line 6198 is covered by test case TC1439.sh
TC1441.sh on line 6198 has count: 1
Buggy line 6198 is covered by test case TC1441.sh
TC1443.sh on line 6198 has count: 1
Buggy line 6198 is covered by test case TC1443.sh
TC1479.sh on line 6198 has count: 1
Buggy line 6198 is covered by test case TC1479.sh
TC1480.sh on line 6198 has count: 3
Buggy line 6198 is covered by test case TC1480.sh
TC1485.sh on line 6198 has count: 1
Buggy line 6198 is covered by test case TC1485.sh
TC1499.sh on line 6198 has count: 1
Buggy line 6198 is covered by test case TC1499.sh
TC1516.sh on line 6198 has count: 10
Buggy line 6198 is covered by test case TC1516.sh
TC1520.sh on line 6198 has count: 6
Buggy line 6198 is covered by test case TC1520.sh
TC1521.sh on line 6198 has count: 2
Buggy line 6198 is covered by test case TC1521.sh
TC1561.sh on line 6198 has count: 2
Buggy line 6198 is covered by test case TC1561.sh
TC1562.sh on line 6198 has count: 2
Buggy line 6198 is covered by test case TC1562.sh
TC1566.sh on line 6198 has count: 1
Buggy line 6198 is covered by test case TC1566.sh
TC1568.sh on line 6198 has count: 1
Buggy line 6198 is covered by test case TC1568.sh
TC1570.sh on line 6198 has count: 1
Buggy line 6198 is covered by test case TC1570.sh
TC1606.sh on line 6198 has count: 1
Buggy line 6198 is covered by test case TC1606.sh
TC1607.sh on line 6198 has count: 3
Buggy line 6198 is covered by test case TC1607.sh
TC1612.sh on line 6198 has count: 1
Buggy line 6198 is covered by test case TC1612.sh
TC1626.sh on line 6198 has count: 1
Buggy line 6198 is covered by test case TC1626.sh
TC1643.sh on line 6198 has count: 10
Buggy line 6198 is covered by test case TC1643.sh
TC1647.sh on line 6198 has count: 6
Buggy line 6198 is covered by test case TC1647.sh
TC1648.sh on line 6198 has count: 2
Buggy line 6198 is covered by test case TC1648.sh
TC1923.sh on line 6198 has count: 6
Buggy line 6198 is covered by test case TC1923.sh
TC1924.sh on line 6198 has count: 1
Buggy line 6198 is covered by test case TC1924.sh
TC1934.sh on line 6198 has count: 1
Buggy line 6198 is covered by test case TC1934.sh
TC1935.sh on line 6198 has count: 2
Buggy line 6198 is covered by test case TC1935.sh
TC1936.sh on line 6198 has count: 2
Buggy line 6198 is covered by test case TC1936.sh
TC1937.sh on line 6198 has count: 3
Buggy line 6198 is covered by test case TC1937.sh
TC1938.sh on line 6198 has count: 2
Buggy line 6198 is covered by test case TC1938.sh
TC1939.sh on line 6198 has count: 2
Buggy line 6198 is covered by test case TC1939.sh
TC1940.sh on line 6198 has count: 1
Buggy line 6198 is covered by test case TC1940.sh
TC1943.sh on line 6198 has count: 1
Buggy line 6198 is covered by test case TC1943.sh
TC1945.sh on line 6198 has count: 3
Buggy line 6198 is covered by test case TC1945.sh
TC1947.sh on line 6198 has count: 1
Buggy line 6198 is covered by test case TC1947.sh
TC1950.sh on line 6198 has count: 235
Buggy line 6198 is covered by test case TC1950.sh
TC1954.sh on line 6198 has count: 20
Buggy line 6198 is covered by test case TC1954.sh
TC1956.sh on line 6198 has count: 2
Buggy line 6198 is covered by test case TC1956.sh
TC1957.sh on line 6198 has count: 2
Buggy line 6198 is covered by test case TC1957.sh
TC1958.sh on line 6198 has count: 2
Buggy line 6198 is covered by test case TC1958.sh
TC1960.sh on line 6198 has count: 3
Buggy line 6198 is covered by test case TC1960.sh
TC1962.sh on line 6198 has count: 2
Buggy line 6198 is covered by test case TC1962.sh
TC1963.sh on line 6198 has count: 3
Buggy line 6198 is covered by test case TC1963.sh
TC1964.sh on line 6198 has count: 1
Buggy line 6198 is covered by test case TC1964.sh
TC1968.sh on line 6198 has count: 1
Buggy line 6198 is covered by test case TC1968.sh
TC1978.sh on line 6198 has count: 255
Buggy line 6198 is covered by test case TC1978.sh
TC1979.sh on line 6198 has count: 6
Buggy line 6198 is covered by test case TC1979.sh
TC1980.sh on line 6198 has count: 1
Buggy line 6198 is covered by test case TC1980.sh
TC1990.sh on line 6198 has count: 1
Buggy line 6198 is covered by test case TC1990.sh
TC1991.sh on line 6198 has count: 2
Buggy line 6198 is covered by test case TC1991.sh
TC1992.sh on line 6198 has count: 2
Buggy line 6198 is covered by test case TC1992.sh
TC1993.sh on line 6198 has count: 3
Buggy line 6198 is covered by test case TC1993.sh
TC1994.sh on line 6198 has count: 2
Buggy line 6198 is covered by test case TC1994.sh
TC1995.sh on line 6198 has count: 2
Buggy line 6198 is covered by test case TC1995.sh
TC1996.sh on line 6198 has count: 1
Buggy line 6198 is covered by test case TC1996.sh
TC1999.sh on line 6198 has count: 1
Buggy line 6198 is covered by test case TC1999.sh
TC2001.sh on line 6198 has count: 3
Buggy line 6198 is covered by test case TC2001.sh
TC2003.sh on line 6198 has count: 1
Buggy line 6198 is covered by test case TC2003.sh
TC2006.sh on line 6198 has count: 235
Buggy line 6198 is covered by test case TC2006.sh
TC2010.sh on line 6198 has count: 20
Buggy line 6198 is covered by test case TC2010.sh
TC2012.sh on line 6198 has count: 2
Buggy line 6198 is covered by test case TC2012.sh
TC2013.sh on line 6198 has count: 2
Buggy line 6198 is covered by test case TC2013.sh
TC2014.sh on line 6198 has count: 2
Buggy line 6198 is covered by test case TC2014.sh
TC2016.sh on line 6198 has count: 3
Buggy line 6198 is covered by test case TC2016.sh
TC2018.sh on line 6198 has count: 2
Buggy line 6198 is covered by test case TC2018.sh
TC2019.sh on line 6198 has count: 3
Buggy line 6198 is covered by test case TC2019.sh
TC2020.sh on line 6198 has count: 1
Buggy line 6198 is covered by test case TC2020.sh
TC2024.sh on line 6198 has count: 1
Buggy line 6198 is covered by test case TC2024.sh
TC2038.sh on line 6198 has count: 255
Buggy line 6198 is covered by test case TC2038.sh
TC2040.sh on line 6198 has count: 1
Buggy line 6198 is covered by test case TC2040.sh
TC2057.sh on line 6198 has count: 1
Buggy line 6198 is covered by test case TC2057.sh
TC2074.sh on line 6198 has count: 1
Buggy line 6198 is covered by test case TC2074.sh
TC2091.sh on line 6198 has count: 1
Buggy line 6198 is covered by test case TC2091.sh
TC2129.sh on line 6198 has count: 4
Buggy line 6198 is covered by test case TC2129.sh
TC2140.sh on line 6198 has count: 4
Buggy line 6198 is covered by test case TC2140.sh
TC2142.sh on line 6198 has count: 1
Buggy line 6198 is covered by test case TC2142.sh
TC2330.sh on line 6198 has count: 3
Buggy line 6198 is covered by test case TC2330.sh
TC2343.sh on line 6198 has count: 235
Buggy line 6198 is covered by test case TC2343.sh
TC2432.sh on line 6198 has count: 3
Buggy line 6198 is covered by test case TC2432.sh
TC2445.sh on line 6198 has count: 235
Buggy line 6198 is covered by test case TC2445.sh
TC2503.sh on line 6198 has count: 1
Buggy line 6198 is covered by test case TC2503.sh
TC2504.sh on line 6198 has count: 1
Buggy line 6198 is covered by test case TC2504.sh
TC2505.sh on line 6198 has count: 1
Buggy line 6198 is covered by test case TC2505.sh
TC2507.sh on line 6198 has count: 2
Buggy line 6198 is covered by test case TC2507.sh
TC2510.sh on line 6198 has count: 1
Buggy line 6198 is covered by test case TC2510.sh
TC2511.sh on line 6198 has count: 1
Buggy line 6198 is covered by test case TC2511.sh
TC2512.sh on line 6198 has count: 1
Buggy line 6198 is covered by test case TC2512.sh
TC2514.sh on line 6198 has count: 2
Buggy line 6198 is covered by test case TC2514.sh
TC2524.sh on line 6198 has count: 1
Buggy line 6198 is covered by test case TC2524.sh
TC2525.sh on line 6198 has count: 1
Buggy line 6198 is covered by test case TC2525.sh
TC2527.sh on line 6198 has count: 1
Buggy line 6198 is covered by test case TC2527.sh
TC2546.sh on line 6198 has count: 1
Buggy line 6198 is covered by test case TC2546.sh
TC2547.sh on line 6198 has count: 1
Buggy line 6198 is covered by test case TC2547.sh
TC2551.sh on line 6198 has count: 1
Buggy line 6198 is covered by test case TC2551.sh
TC2552.sh on line 6198 has count: 1
Buggy line 6198 is covered by test case TC2552.sh
TC2553.sh on line 6198 has count: 1
Buggy line 6198 is covered by test case TC2553.sh
TC2555.sh on line 6198 has count: 2
Buggy line 6198 is covered by test case TC2555.sh
TC2556.sh on line 6198 has count: 2
Buggy line 6198 is covered by test case TC2556.sh
TC2557.sh on line 6198 has count: 2
Buggy line 6198 is covered by test case TC2557.sh
TC2558.sh on line 6198 has count: 2
Buggy line 6198 is covered by test case TC2558.sh
>> Saving version parser.MUT7068.c to database
>> Reverted parser.c to original from parser.MUT7068.c

+++++ STDERR +++++

+++++ results for pattern.MUT388.c +++++
+++++ STDOUT +++++
Testing version pattern.MUT388.c on faster34.swtv::core1
>> Building libxml2_TF_top30
>> Applied patch to pattern.c with pattern.MUT388.c
>> Building libxml2_TF_top30
TC2497.sh on line 539 has count: 51
Buggy line 539 is covered by test case TC2497.sh
TC2498.sh on line 539 has count: 130
Buggy line 539 is covered by test case TC2498.sh
TC2499.sh on line 539 has count: 26
Buggy line 539 is covered by test case TC2499.sh
TC2500.sh on line 539 has count: 14
Buggy line 539 is covered by test case TC2500.sh
>> Saving version pattern.MUT388.c to database
>> Reverted pattern.c to original from pattern.MUT388.c

+++++ STDERR +++++

+++++ results for c14n.MUT1469.c +++++
+++++ STDOUT +++++
Testing version c14n.MUT1469.c on faster34.swtv::core1
>> Building libxml2_TF_top30
>> Applied patch to c14n.c with c14n.MUT1469.c
>> Building libxml2_TF_top30
Buggy line 1597 is NOT covered by test case TC2501.sh
>> Reverted c14n.c to original from c14n.MUT1469.c

+++++ STDERR +++++

+++++ results for parser.MUT12081.c +++++
+++++ STDOUT +++++
Testing version parser.MUT12081.c on faster34.swtv::core1
>> Building libxml2_TF_top30
>> Applied patch to parser.c with parser.MUT12081.c
>> Building libxml2_TF_top30
TC2.sh on line 10433 has count: 6
Buggy line 10433 is covered by test case TC2.sh
TC6.sh on line 10433 has count: 252
Buggy line 10433 is covered by test case TC6.sh
TC7.sh on line 10433 has count: 32
Buggy line 10433 is covered by test case TC7.sh
TC9.sh on line 10433 has count: 2
Buggy line 10433 is covered by test case TC9.sh
TC23.sh on line 10433 has count: 1
Buggy line 10433 is covered by test case TC23.sh
TC24.sh on line 10433 has count: 1
Buggy line 10433 is covered by test case TC24.sh
TC29.sh on line 10433 has count: 2
Buggy line 10433 is covered by test case TC29.sh
TC31.sh on line 10433 has count: 1
Buggy line 10433 is covered by test case TC31.sh
TC35.sh on line 10433 has count: 1
Buggy line 10433 is covered by test case TC35.sh
TC37.sh on line 10433 has count: 1
Buggy line 10433 is covered by test case TC37.sh
TC40.sh on line 10433 has count: 3
Buggy line 10433 is covered by test case TC40.sh
TC41.sh on line 10433 has count: 1
Buggy line 10433 is covered by test case TC41.sh
TC42.sh on line 10433 has count: 2
Buggy line 10433 is covered by test case TC42.sh
TC43.sh on line 10433 has count: 2
Buggy line 10433 is covered by test case TC43.sh
TC49.sh on line 10433 has count: 28
Buggy line 10433 is covered by test case TC49.sh
TC50.sh on line 10433 has count: 28
Buggy line 10433 is covered by test case TC50.sh
TC71.sh on line 10433 has count: 1
Buggy line 10433 is covered by test case TC71.sh
TC79.sh on line 10433 has count: 4
Buggy line 10433 is covered by test case TC79.sh
TC80.sh on line 10433 has count: 1
Buggy line 10433 is covered by test case TC80.sh
TC88.sh on line 10433 has count: 1
Buggy line 10433 is covered by test case TC88.sh
TC89.sh on line 10433 has count: 1
Buggy line 10433 is covered by test case TC89.sh
TC90.sh on line 10433 has count: 1
Buggy line 10433 is covered by test case TC90.sh
TC91.sh on line 10433 has count: 1
Buggy line 10433 is covered by test case TC91.sh
TC96.sh on line 10433 has count: 1
Buggy line 10433 is covered by test case TC96.sh
TC97.sh on line 10433 has count: 2
Buggy line 10433 is covered by test case TC97.sh
TC100.sh on line 10433 has count: 5
Buggy line 10433 is covered by test case TC100.sh
TC101.sh on line 10433 has count: 1
Buggy line 10433 is covered by test case TC101.sh
TC102.sh on line 10433 has count: 1
Buggy line 10433 is covered by test case TC102.sh
TC108.sh on line 10433 has count: 132
Buggy line 10433 is covered by test case TC108.sh
TC109.sh on line 10433 has count: 7
Buggy line 10433 is covered by test case TC109.sh
TC110.sh on line 10433 has count: 240
Buggy line 10433 is covered by test case TC110.sh
TC117.sh on line 10433 has count: 1
Buggy line 10433 is covered by test case TC117.sh
TC118.sh on line 10433 has count: 1
Buggy line 10433 is covered by test case TC118.sh
TC119.sh on line 10433 has count: 1
Buggy line 10433 is covered by test case TC119.sh
TC121.sh on line 10433 has count: 12
Buggy line 10433 is covered by test case TC121.sh
TC122.sh on line 10433 has count: 1
Buggy line 10433 is covered by test case TC122.sh
TC123.sh on line 10433 has count: 1
Buggy line 10433 is covered by test case TC123.sh
TC124.sh on line 10433 has count: 2
Buggy line 10433 is covered by test case TC124.sh
TC129.sh on line 10433 has count: 6
Buggy line 10433 is covered by test case TC129.sh
TC133.sh on line 10433 has count: 252
Buggy line 10433 is covered by test case TC133.sh
TC134.sh on line 10433 has count: 32
Buggy line 10433 is covered by test case TC134.sh
TC136.sh on line 10433 has count: 2
Buggy line 10433 is covered by test case TC136.sh
TC150.sh on line 10433 has count: 1
Buggy line 10433 is covered by test case TC150.sh
TC151.sh on line 10433 has count: 1
Buggy line 10433 is covered by test case TC151.sh
TC156.sh on line 10433 has count: 2
Buggy line 10433 is covered by test case TC156.sh
TC158.sh on line 10433 has count: 1
Buggy line 10433 is covered by test case TC158.sh
TC162.sh on line 10433 has count: 1
Buggy line 10433 is covered by test case TC162.sh
TC164.sh on line 10433 has count: 1
Buggy line 10433 is covered by test case TC164.sh
TC167.sh on line 10433 has count: 3
Buggy line 10433 is covered by test case TC167.sh
TC168.sh on line 10433 has count: 1
Buggy line 10433 is covered by test case TC168.sh
TC169.sh on line 10433 has count: 2
Buggy line 10433 is covered by test case TC169.sh
TC170.sh on line 10433 has count: 2
Buggy line 10433 is covered by test case TC170.sh
TC176.sh on line 10433 has count: 28
Buggy line 10433 is covered by test case TC176.sh
TC177.sh on line 10433 has count: 28
Buggy line 10433 is covered by test case TC177.sh
TC198.sh on line 10433 has count: 1
Buggy line 10433 is covered by test case TC198.sh
TC206.sh on line 10433 has count: 4
Buggy line 10433 is covered by test case TC206.sh
TC207.sh on line 10433 has count: 1
Buggy line 10433 is covered by test case TC207.sh
TC215.sh on line 10433 has count: 1
Buggy line 10433 is covered by test case TC215.sh
TC216.sh on line 10433 has count: 1
Buggy line 10433 is covered by test case TC216.sh
TC217.sh on line 10433 has count: 1
Buggy line 10433 is covered by test case TC217.sh
TC218.sh on line 10433 has count: 1
Buggy line 10433 is covered by test case TC218.sh
TC223.sh on line 10433 has count: 1
Buggy line 10433 is covered by test case TC223.sh
TC224.sh on line 10433 has count: 2
Buggy line 10433 is covered by test case TC224.sh
TC227.sh on line 10433 has count: 5
Buggy line 10433 is covered by test case TC227.sh
TC228.sh on line 10433 has count: 1
Buggy line 10433 is covered by test case TC228.sh
TC229.sh on line 10433 has count: 1
Buggy line 10433 is covered by test case TC229.sh
TC235.sh on line 10433 has count: 132
Buggy line 10433 is covered by test case TC235.sh
TC236.sh on line 10433 has count: 7
Buggy line 10433 is covered by test case TC236.sh
TC237.sh on line 10433 has count: 240
Buggy line 10433 is covered by test case TC237.sh
TC244.sh on line 10433 has count: 1
Buggy line 10433 is covered by test case TC244.sh
TC245.sh on line 10433 has count: 1
Buggy line 10433 is covered by test case TC245.sh
TC246.sh on line 10433 has count: 1
Buggy line 10433 is covered by test case TC246.sh
TC248.sh on line 10433 has count: 12
Buggy line 10433 is covered by test case TC248.sh
TC249.sh on line 10433 has count: 1
Buggy line 10433 is covered by test case TC249.sh
TC250.sh on line 10433 has count: 1
Buggy line 10433 is covered by test case TC250.sh
TC251.sh on line 10433 has count: 2
Buggy line 10433 is covered by test case TC251.sh
TC256.sh on line 10433 has count: 6
Buggy line 10433 is covered by test case TC256.sh
TC260.sh on line 10433 has count: 252
Buggy line 10433 is covered by test case TC260.sh
TC261.sh on line 10433 has count: 32
Buggy line 10433 is covered by test case TC261.sh
TC263.sh on line 10433 has count: 2
Buggy line 10433 is covered by test case TC263.sh
TC277.sh on line 10433 has count: 1
Buggy line 10433 is covered by test case TC277.sh
TC278.sh on line 10433 has count: 1
Buggy line 10433 is covered by test case TC278.sh
TC283.sh on line 10433 has count: 2
Buggy line 10433 is covered by test case TC283.sh
TC285.sh on line 10433 has count: 1
Buggy line 10433 is covered by test case TC285.sh
TC289.sh on line 10433 has count: 1
Buggy line 10433 is covered by test case TC289.sh
TC291.sh on line 10433 has count: 1
Buggy line 10433 is covered by test case TC291.sh
TC294.sh on line 10433 has count: 3
Buggy line 10433 is covered by test case TC294.sh
TC295.sh on line 10433 has count: 1
Buggy line 10433 is covered by test case TC295.sh
TC296.sh on line 10433 has count: 2
Buggy line 10433 is covered by test case TC296.sh
TC297.sh on line 10433 has count: 2
Buggy line 10433 is covered by test case TC297.sh
TC303.sh on line 10433 has count: 28
Buggy line 10433 is covered by test case TC303.sh
TC304.sh on line 10433 has count: 28
Buggy line 10433 is covered by test case TC304.sh
TC325.sh on line 10433 has count: 1
Buggy line 10433 is covered by test case TC325.sh
TC333.sh on line 10433 has count: 4
Buggy line 10433 is covered by test case TC333.sh
TC334.sh on line 10433 has count: 1
Buggy line 10433 is covered by test case TC334.sh
TC342.sh on line 10433 has count: 1
Buggy line 10433 is covered by test case TC342.sh
TC343.sh on line 10433 has count: 1
Buggy line 10433 is covered by test case TC343.sh
TC344.sh on line 10433 has count: 1
Buggy line 10433 is covered by test case TC344.sh
TC345.sh on line 10433 has count: 1
Buggy line 10433 is covered by test case TC345.sh
TC350.sh on line 10433 has count: 1
Buggy line 10433 is covered by test case TC350.sh
TC351.sh on line 10433 has count: 2
Buggy line 10433 is covered by test case TC351.sh
TC354.sh on line 10433 has count: 5
Buggy line 10433 is covered by test case TC354.sh
TC355.sh on line 10433 has count: 1
Buggy line 10433 is covered by test case TC355.sh
TC356.sh on line 10433 has count: 1
Buggy line 10433 is covered by test case TC356.sh
TC362.sh on line 10433 has count: 132
Buggy line 10433 is covered by test case TC362.sh
TC363.sh on line 10433 has count: 7
Buggy line 10433 is covered by test case TC363.sh
TC364.sh on line 10433 has count: 240
Buggy line 10433 is covered by test case TC364.sh
TC371.sh on line 10433 has count: 1
Buggy line 10433 is covered by test case TC371.sh
TC372.sh on line 10433 has count: 1
Buggy line 10433 is covered by test case TC372.sh
TC373.sh on line 10433 has count: 1
Buggy line 10433 is covered by test case TC373.sh
TC375.sh on line 10433 has count: 12
Buggy line 10433 is covered by test case TC375.sh
TC376.sh on line 10433 has count: 1
Buggy line 10433 is covered by test case TC376.sh
TC377.sh on line 10433 has count: 1
Buggy line 10433 is covered by test case TC377.sh
TC378.sh on line 10433 has count: 2
Buggy line 10433 is covered by test case TC378.sh
TC398.sh on line 10433 has count: 3
Buggy line 10433 is covered by test case TC398.sh
TC406.sh on line 10433 has count: 1
Buggy line 10433 is covered by test case TC406.sh
TC407.sh on line 10433 has count: 50
Buggy line 10433 is covered by test case TC407.sh
TC418.sh on line 10433 has count: 1
Buggy line 10433 is covered by test case TC418.sh
TC435.sh on line 10433 has count: 3
Buggy line 10433 is covered by test case TC435.sh
TC443.sh on line 10433 has count: 1
Buggy line 10433 is covered by test case TC443.sh
TC444.sh on line 10433 has count: 50
Buggy line 10433 is covered by test case TC444.sh
TC455.sh on line 10433 has count: 1
Buggy line 10433 is covered by test case TC455.sh
TC472.sh on line 10433 has count: 3
Buggy line 10433 is covered by test case TC472.sh
TC480.sh on line 10433 has count: 1
Buggy line 10433 is covered by test case TC480.sh
TC481.sh on line 10433 has count: 50
Buggy line 10433 is covered by test case TC481.sh
TC492.sh on line 10433 has count: 1
Buggy line 10433 is covered by test case TC492.sh
TC552.sh on line 10433 has count: 1
Buggy line 10433 is covered by test case TC552.sh
TC622.sh on line 10433 has count: 4
Buggy line 10433 is covered by test case TC622.sh
TC679.sh on line 10433 has count: 1
Buggy line 10433 is covered by test case TC679.sh
TC749.sh on line 10433 has count: 4
Buggy line 10433 is covered by test case TC749.sh
TC806.sh on line 10433 has count: 1
Buggy line 10433 is covered by test case TC806.sh
TC876.sh on line 10433 has count: 4
Buggy line 10433 is covered by test case TC876.sh
TC926.sh on line 10433 has count: 6
Buggy line 10433 is covered by test case TC926.sh
TC930.sh on line 10433 has count: 252
Buggy line 10433 is covered by test case TC930.sh
TC931.sh on line 10433 has count: 32
Buggy line 10433 is covered by test case TC931.sh
TC933.sh on line 10433 has count: 2
Buggy line 10433 is covered by test case TC933.sh
TC947.sh on line 10433 has count: 1
Buggy line 10433 is covered by test case TC947.sh
TC948.sh on line 10433 has count: 1
Buggy line 10433 is covered by test case TC948.sh
TC953.sh on line 10433 has count: 2
Buggy line 10433 is covered by test case TC953.sh
TC955.sh on line 10433 has count: 1
Buggy line 10433 is covered by test case TC955.sh
TC959.sh on line 10433 has count: 1
Buggy line 10433 is covered by test case TC959.sh
TC961.sh on line 10433 has count: 1
Buggy line 10433 is covered by test case TC961.sh
TC964.sh on line 10433 has count: 3
Buggy line 10433 is covered by test case TC964.sh
TC965.sh on line 10433 has count: 1
Buggy line 10433 is covered by test case TC965.sh
TC966.sh on line 10433 has count: 2
Buggy line 10433 is covered by test case TC966.sh
TC967.sh on line 10433 has count: 2
Buggy line 10433 is covered by test case TC967.sh
TC973.sh on line 10433 has count: 28
Buggy line 10433 is covered by test case TC973.sh
TC974.sh on line 10433 has count: 28
Buggy line 10433 is covered by test case TC974.sh
TC995.sh on line 10433 has count: 1
Buggy line 10433 is covered by test case TC995.sh
TC1003.sh on line 10433 has count: 4
Buggy line 10433 is covered by test case TC1003.sh
TC1004.sh on line 10433 has count: 1
Buggy line 10433 is covered by test case TC1004.sh
TC1012.sh on line 10433 has count: 1
Buggy line 10433 is covered by test case TC1012.sh
TC1013.sh on line 10433 has count: 1
Buggy line 10433 is covered by test case TC1013.sh
TC1014.sh on line 10433 has count: 1
Buggy line 10433 is covered by test case TC1014.sh
TC1015.sh on line 10433 has count: 1
Buggy line 10433 is covered by test case TC1015.sh
TC1020.sh on line 10433 has count: 1
Buggy line 10433 is covered by test case TC1020.sh
TC1021.sh on line 10433 has count: 2
Buggy line 10433 is covered by test case TC1021.sh
TC1024.sh on line 10433 has count: 5
Buggy line 10433 is covered by test case TC1024.sh
TC1025.sh on line 10433 has count: 1
Buggy line 10433 is covered by test case TC1025.sh
TC1026.sh on line 10433 has count: 1
Buggy line 10433 is covered by test case TC1026.sh
TC1032.sh on line 10433 has count: 132
Buggy line 10433 is covered by test case TC1032.sh
TC1033.sh on line 10433 has count: 7
Buggy line 10433 is covered by test case TC1033.sh
TC1034.sh on line 10433 has count: 240
Buggy line 10433 is covered by test case TC1034.sh
TC1041.sh on line 10433 has count: 1
Buggy line 10433 is covered by test case TC1041.sh
TC1042.sh on line 10433 has count: 1
Buggy line 10433 is covered by test case TC1042.sh
TC1043.sh on line 10433 has count: 1
Buggy line 10433 is covered by test case TC1043.sh
TC1045.sh on line 10433 has count: 12
Buggy line 10433 is covered by test case TC1045.sh
TC1046.sh on line 10433 has count: 1
Buggy line 10433 is covered by test case TC1046.sh
TC1047.sh on line 10433 has count: 1
Buggy line 10433 is covered by test case TC1047.sh
TC1048.sh on line 10433 has count: 2
Buggy line 10433 is covered by test case TC1048.sh
TC1053.sh on line 10433 has count: 6
Buggy line 10433 is covered by test case TC1053.sh
TC1057.sh on line 10433 has count: 252
Buggy line 10433 is covered by test case TC1057.sh
TC1058.sh on line 10433 has count: 32
Buggy line 10433 is covered by test case TC1058.sh
TC1060.sh on line 10433 has count: 2
Buggy line 10433 is covered by test case TC1060.sh
TC1074.sh on line 10433 has count: 1
Buggy line 10433 is covered by test case TC1074.sh
TC1075.sh on line 10433 has count: 1
Buggy line 10433 is covered by test case TC1075.sh
TC1080.sh on line 10433 has count: 2
Buggy line 10433 is covered by test case TC1080.sh
TC1082.sh on line 10433 has count: 1
Buggy line 10433 is covered by test case TC1082.sh
TC1086.sh on line 10433 has count: 1
Buggy line 10433 is covered by test case TC1086.sh
TC1088.sh on line 10433 has count: 1
Buggy line 10433 is covered by test case TC1088.sh
TC1091.sh on line 10433 has count: 3
Buggy line 10433 is covered by test case TC1091.sh
TC1092.sh on line 10433 has count: 1
Buggy line 10433 is covered by test case TC1092.sh
TC1093.sh on line 10433 has count: 2
Buggy line 10433 is covered by test case TC1093.sh
TC1094.sh on line 10433 has count: 2
Buggy line 10433 is covered by test case TC1094.sh
TC1100.sh on line 10433 has count: 28
Buggy line 10433 is covered by test case TC1100.sh
TC1101.sh on line 10433 has count: 28
Buggy line 10433 is covered by test case TC1101.sh
TC1122.sh on line 10433 has count: 1
Buggy line 10433 is covered by test case TC1122.sh
TC1130.sh on line 10433 has count: 4
Buggy line 10433 is covered by test case TC1130.sh
TC1131.sh on line 10433 has count: 1
Buggy line 10433 is covered by test case TC1131.sh
TC1139.sh on line 10433 has count: 1
Buggy line 10433 is covered by test case TC1139.sh
TC1140.sh on line 10433 has count: 1
Buggy line 10433 is covered by test case TC1140.sh
TC1141.sh on line 10433 has count: 1
Buggy line 10433 is covered by test case TC1141.sh
TC1142.sh on line 10433 has count: 1
Buggy line 10433 is covered by test case TC1142.sh
TC1143.sh on line 10433 has count: 1
Buggy line 10433 is covered by test case TC1143.sh
TC1147.sh on line 10433 has count: 1
Buggy line 10433 is covered by test case TC1147.sh
TC1148.sh on line 10433 has count: 2
Buggy line 10433 is covered by test case TC1148.sh
TC1151.sh on line 10433 has count: 5
Buggy line 10433 is covered by test case TC1151.sh
TC1152.sh on line 10433 has count: 1
Buggy line 10433 is covered by test case TC1152.sh
TC1153.sh on line 10433 has count: 1
Buggy line 10433 is covered by test case TC1153.sh
TC1159.sh on line 10433 has count: 132
Buggy line 10433 is covered by test case TC1159.sh
TC1160.sh on line 10433 has count: 7
Buggy line 10433 is covered by test case TC1160.sh
TC1161.sh on line 10433 has count: 240
Buggy line 10433 is covered by test case TC1161.sh
TC1168.sh on line 10433 has count: 1
Buggy line 10433 is covered by test case TC1168.sh
TC1169.sh on line 10433 has count: 1
Buggy line 10433 is covered by test case TC1169.sh
TC1170.sh on line 10433 has count: 1
Buggy line 10433 is covered by test case TC1170.sh
TC1172.sh on line 10433 has count: 12
Buggy line 10433 is covered by test case TC1172.sh
TC1173.sh on line 10433 has count: 1
Buggy line 10433 is covered by test case TC1173.sh
TC1174.sh on line 10433 has count: 1
Buggy line 10433 is covered by test case TC1174.sh
TC1175.sh on line 10433 has count: 2
Buggy line 10433 is covered by test case TC1175.sh
TC1180.sh on line 10433 has count: 6
Buggy line 10433 is covered by test case TC1180.sh
TC1184.sh on line 10433 has count: 252
Buggy line 10433 is covered by test case TC1184.sh
TC1185.sh on line 10433 has count: 32
Buggy line 10433 is covered by test case TC1185.sh
TC1187.sh on line 10433 has count: 2
Buggy line 10433 is covered by test case TC1187.sh
TC1201.sh on line 10433 has count: 1
Buggy line 10433 is covered by test case TC1201.sh
TC1202.sh on line 10433 has count: 1
Buggy line 10433 is covered by test case TC1202.sh
TC1207.sh on line 10433 has count: 2
Buggy line 10433 is covered by test case TC1207.sh
TC1209.sh on line 10433 has count: 1
Buggy line 10433 is covered by test case TC1209.sh
TC1213.sh on line 10433 has count: 1
Buggy line 10433 is covered by test case TC1213.sh
TC1215.sh on line 10433 has count: 1
Buggy line 10433 is covered by test case TC1215.sh
TC1218.sh on line 10433 has count: 3
Buggy line 10433 is covered by test case TC1218.sh
TC1219.sh on line 10433 has count: 1
Buggy line 10433 is covered by test case TC1219.sh
TC1220.sh on line 10433 has count: 2
Buggy line 10433 is covered by test case TC1220.sh
TC1221.sh on line 10433 has count: 2
Buggy line 10433 is covered by test case TC1221.sh
TC1227.sh on line 10433 has count: 28
Buggy line 10433 is covered by test case TC1227.sh
TC1228.sh on line 10433 has count: 28
Buggy line 10433 is covered by test case TC1228.sh
TC1249.sh on line 10433 has count: 1
Buggy line 10433 is covered by test case TC1249.sh
TC1257.sh on line 10433 has count: 4
Buggy line 10433 is covered by test case TC1257.sh
TC1258.sh on line 10433 has count: 1
Buggy line 10433 is covered by test case TC1258.sh
TC1266.sh on line 10433 has count: 1
Buggy line 10433 is covered by test case TC1266.sh
TC1267.sh on line 10433 has count: 1
Buggy line 10433 is covered by test case TC1267.sh
TC1268.sh on line 10433 has count: 1
Buggy line 10433 is covered by test case TC1268.sh
TC1269.sh on line 10433 has count: 1
Buggy line 10433 is covered by test case TC1269.sh
TC1270.sh on line 10433 has count: 1
Buggy line 10433 is covered by test case TC1270.sh
TC1274.sh on line 10433 has count: 1
Buggy line 10433 is covered by test case TC1274.sh
TC1275.sh on line 10433 has count: 2
Buggy line 10433 is covered by test case TC1275.sh
TC1278.sh on line 10433 has count: 5
Buggy line 10433 is covered by test case TC1278.sh
TC1279.sh on line 10433 has count: 1
Buggy line 10433 is covered by test case TC1279.sh
TC1280.sh on line 10433 has count: 1
Buggy line 10433 is covered by test case TC1280.sh
TC1286.sh on line 10433 has count: 132
Buggy line 10433 is covered by test case TC1286.sh
TC1287.sh on line 10433 has count: 7
Buggy line 10433 is covered by test case TC1287.sh
TC1288.sh on line 10433 has count: 240
Buggy line 10433 is covered by test case TC1288.sh
TC1295.sh on line 10433 has count: 1
Buggy line 10433 is covered by test case TC1295.sh
TC1296.sh on line 10433 has count: 1
Buggy line 10433 is covered by test case TC1296.sh
TC1297.sh on line 10433 has count: 1
Buggy line 10433 is covered by test case TC1297.sh
TC1299.sh on line 10433 has count: 12
Buggy line 10433 is covered by test case TC1299.sh
TC1300.sh on line 10433 has count: 1
Buggy line 10433 is covered by test case TC1300.sh
TC1301.sh on line 10433 has count: 1
Buggy line 10433 is covered by test case TC1301.sh
TC1302.sh on line 10433 has count: 2
Buggy line 10433 is covered by test case TC1302.sh
TC1307.sh on line 10433 has count: 6
Buggy line 10433 is covered by test case TC1307.sh
TC1311.sh on line 10433 has count: 252
Buggy line 10433 is covered by test case TC1311.sh
TC1312.sh on line 10433 has count: 32
Buggy line 10433 is covered by test case TC1312.sh
TC1314.sh on line 10433 has count: 2
Buggy line 10433 is covered by test case TC1314.sh
TC1328.sh on line 10433 has count: 1
Buggy line 10433 is covered by test case TC1328.sh
TC1329.sh on line 10433 has count: 1
Buggy line 10433 is covered by test case TC1329.sh
TC1334.sh on line 10433 has count: 2
Buggy line 10433 is covered by test case TC1334.sh
TC1336.sh on line 10433 has count: 1
Buggy line 10433 is covered by test case TC1336.sh
TC1340.sh on line 10433 has count: 1
Buggy line 10433 is covered by test case TC1340.sh
TC1342.sh on line 10433 has count: 1
Buggy line 10433 is covered by test case TC1342.sh
TC1345.sh on line 10433 has count: 3
Buggy line 10433 is covered by test case TC1345.sh
TC1346.sh on line 10433 has count: 1
Buggy line 10433 is covered by test case TC1346.sh
TC1347.sh on line 10433 has count: 2
Buggy line 10433 is covered by test case TC1347.sh
TC1348.sh on line 10433 has count: 2
Buggy line 10433 is covered by test case TC1348.sh
TC1354.sh on line 10433 has count: 28
Buggy line 10433 is covered by test case TC1354.sh
TC1355.sh on line 10433 has count: 28
Buggy line 10433 is covered by test case TC1355.sh
TC1376.sh on line 10433 has count: 1
Buggy line 10433 is covered by test case TC1376.sh
TC1384.sh on line 10433 has count: 4
Buggy line 10433 is covered by test case TC1384.sh
TC1385.sh on line 10433 has count: 1
Buggy line 10433 is covered by test case TC1385.sh
TC1393.sh on line 10433 has count: 1
Buggy line 10433 is covered by test case TC1393.sh
TC1394.sh on line 10433 has count: 1
Buggy line 10433 is covered by test case TC1394.sh
TC1395.sh on line 10433 has count: 1
Buggy line 10433 is covered by test case TC1395.sh
TC1396.sh on line 10433 has count: 1
Buggy line 10433 is covered by test case TC1396.sh
TC1397.sh on line 10433 has count: 1
Buggy line 10433 is covered by test case TC1397.sh
TC1401.sh on line 10433 has count: 1
Buggy line 10433 is covered by test case TC1401.sh
TC1402.sh on line 10433 has count: 2
Buggy line 10433 is covered by test case TC1402.sh
TC1405.sh on line 10433 has count: 5
Buggy line 10433 is covered by test case TC1405.sh
TC1406.sh on line 10433 has count: 1
Buggy line 10433 is covered by test case TC1406.sh
TC1407.sh on line 10433 has count: 1
Buggy line 10433 is covered by test case TC1407.sh
TC1413.sh on line 10433 has count: 132
Buggy line 10433 is covered by test case TC1413.sh
TC1414.sh on line 10433 has count: 7
Buggy line 10433 is covered by test case TC1414.sh
TC1415.sh on line 10433 has count: 240
Buggy line 10433 is covered by test case TC1415.sh
TC1422.sh on line 10433 has count: 1
Buggy line 10433 is covered by test case TC1422.sh
TC1423.sh on line 10433 has count: 1
Buggy line 10433 is covered by test case TC1423.sh
TC1424.sh on line 10433 has count: 1
Buggy line 10433 is covered by test case TC1424.sh
TC1426.sh on line 10433 has count: 12
Buggy line 10433 is covered by test case TC1426.sh
TC1427.sh on line 10433 has count: 1
Buggy line 10433 is covered by test case TC1427.sh
TC1428.sh on line 10433 has count: 1
Buggy line 10433 is covered by test case TC1428.sh
TC1429.sh on line 10433 has count: 2
Buggy line 10433 is covered by test case TC1429.sh
TC1441.sh on line 10433 has count: 1
Buggy line 10433 is covered by test case TC1441.sh
TC1511.sh on line 10433 has count: 4
Buggy line 10433 is covered by test case TC1511.sh
TC1568.sh on line 10433 has count: 1
Buggy line 10433 is covered by test case TC1568.sh
TC1638.sh on line 10433 has count: 4
Buggy line 10433 is covered by test case TC1638.sh
TC1927.sh on line 10433 has count: 1
Buggy line 10433 is covered by test case TC1927.sh
TC1929.sh on line 10433 has count: 1
Buggy line 10433 is covered by test case TC1929.sh
TC1930.sh on line 10433 has count: 1
Buggy line 10433 is covered by test case TC1930.sh
TC1931.sh on line 10433 has count: 1
Buggy line 10433 is covered by test case TC1931.sh
TC1932.sh on line 10433 has count: 6
Buggy line 10433 is covered by test case TC1932.sh
TC1933.sh on line 10433 has count: 1
Buggy line 10433 is covered by test case TC1933.sh
TC1935.sh on line 10433 has count: 1
Buggy line 10433 is covered by test case TC1935.sh
TC1936.sh on line 10433 has count: 1
Buggy line 10433 is covered by test case TC1936.sh
TC1947.sh on line 10433 has count: 1
Buggy line 10433 is covered by test case TC1947.sh
TC1951.sh on line 10433 has count: 1
Buggy line 10433 is covered by test case TC1951.sh
TC1957.sh on line 10433 has count: 1
Buggy line 10433 is covered by test case TC1957.sh
TC1958.sh on line 10433 has count: 1
Buggy line 10433 is covered by test case TC1958.sh
TC2003.sh on line 10433 has count: 1
Buggy line 10433 is covered by test case TC2003.sh
TC2006.sh on line 10433 has count: 68
Buggy line 10433 is covered by test case TC2006.sh
TC2007.sh on line 10433 has count: 1
Buggy line 10433 is covered by test case TC2007.sh
TC2010.sh on line 10433 has count: 28
Buggy line 10433 is covered by test case TC2010.sh
TC2012.sh on line 10433 has count: 3
Buggy line 10433 is covered by test case TC2012.sh
TC2013.sh on line 10433 has count: 3
Buggy line 10433 is covered by test case TC2013.sh
TC2014.sh on line 10433 has count: 3
Buggy line 10433 is covered by test case TC2014.sh
TC2015.sh on line 10433 has count: 17
Buggy line 10433 is covered by test case TC2015.sh
TC2016.sh on line 10433 has count: 2
Buggy line 10433 is covered by test case TC2016.sh
TC2017.sh on line 10433 has count: 2
Buggy line 10433 is covered by test case TC2017.sh
TC2019.sh on line 10433 has count: 1
Buggy line 10433 is covered by test case TC2019.sh
TC2024.sh on line 10433 has count: 1
Buggy line 10433 is covered by test case TC2024.sh
TC2025.sh on line 10433 has count: 4
Buggy line 10433 is covered by test case TC2025.sh
TC2037.sh on line 10433 has count: 40
Buggy line 10433 is covered by test case TC2037.sh
TC2038.sh on line 10433 has count: 3
Buggy line 10433 is covered by test case TC2038.sh
TC2039.sh on line 10433 has count: 1
Buggy line 10433 is covered by test case TC2039.sh
TC2040.sh on line 10433 has count: 3
Buggy line 10433 is covered by test case TC2040.sh
TC2044.sh on line 10433 has count: 1
Buggy line 10433 is covered by test case TC2044.sh
TC2045.sh on line 10433 has count: 16
Buggy line 10433 is covered by test case TC2045.sh
TC2046.sh on line 10433 has count: 1
Buggy line 10433 is covered by test case TC2046.sh
TC2047.sh on line 10433 has count: 1
Buggy line 10433 is covered by test case TC2047.sh
TC2048.sh on line 10433 has count: 1
Buggy line 10433 is covered by test case TC2048.sh
TC2049.sh on line 10433 has count: 1
Buggy line 10433 is covered by test case TC2049.sh
TC2050.sh on line 10433 has count: 1
Buggy line 10433 is covered by test case TC2050.sh
TC2051.sh on line 10433 has count: 1
Buggy line 10433 is covered by test case TC2051.sh
TC2052.sh on line 10433 has count: 1
Buggy line 10433 is covered by test case TC2052.sh
TC2053.sh on line 10433 has count: 1
Buggy line 10433 is covered by test case TC2053.sh
TC2054.sh on line 10433 has count: 1
Buggy line 10433 is covered by test case TC2054.sh
TC2055.sh on line 10433 has count: 1
Buggy line 10433 is covered by test case TC2055.sh
TC2056.sh on line 10433 has count: 1
Buggy line 10433 is covered by test case TC2056.sh
TC2057.sh on line 10433 has count: 3
Buggy line 10433 is covered by test case TC2057.sh
TC2069.sh on line 10433 has count: 1
Buggy line 10433 is covered by test case TC2069.sh
TC2070.sh on line 10433 has count: 1
Buggy line 10433 is covered by test case TC2070.sh
TC2073.sh on line 10433 has count: 1
Buggy line 10433 is covered by test case TC2073.sh
TC2074.sh on line 10433 has count: 3
Buggy line 10433 is covered by test case TC2074.sh
TC2078.sh on line 10433 has count: 1
Buggy line 10433 is covered by test case TC2078.sh
TC2079.sh on line 10433 has count: 16
Buggy line 10433 is covered by test case TC2079.sh
TC2080.sh on line 10433 has count: 1
Buggy line 10433 is covered by test case TC2080.sh
TC2081.sh on line 10433 has count: 1
Buggy line 10433 is covered by test case TC2081.sh
TC2082.sh on line 10433 has count: 1
Buggy line 10433 is covered by test case TC2082.sh
TC2083.sh on line 10433 has count: 1
Buggy line 10433 is covered by test case TC2083.sh
TC2084.sh on line 10433 has count: 1
Buggy line 10433 is covered by test case TC2084.sh
TC2085.sh on line 10433 has count: 1
Buggy line 10433 is covered by test case TC2085.sh
TC2086.sh on line 10433 has count: 1
Buggy line 10433 is covered by test case TC2086.sh
TC2087.sh on line 10433 has count: 1
Buggy line 10433 is covered by test case TC2087.sh
TC2088.sh on line 10433 has count: 1
Buggy line 10433 is covered by test case TC2088.sh
TC2089.sh on line 10433 has count: 1
Buggy line 10433 is covered by test case TC2089.sh
TC2090.sh on line 10433 has count: 1
Buggy line 10433 is covered by test case TC2090.sh
TC2091.sh on line 10433 has count: 3
Buggy line 10433 is covered by test case TC2091.sh
TC2103.sh on line 10433 has count: 1
Buggy line 10433 is covered by test case TC2103.sh
TC2104.sh on line 10433 has count: 1
Buggy line 10433 is covered by test case TC2104.sh
TC2107.sh on line 10433 has count: 3
Buggy line 10433 is covered by test case TC2107.sh
TC2108.sh on line 10433 has count: 2
Buggy line 10433 is covered by test case TC2108.sh
TC2109.sh on line 10433 has count: 2
Buggy line 10433 is covered by test case TC2109.sh
TC2110.sh on line 10433 has count: 2
Buggy line 10433 is covered by test case TC2110.sh
TC2111.sh on line 10433 has count: 102
Buggy line 10433 is covered by test case TC2111.sh
TC2112.sh on line 10433 has count: 3
Buggy line 10433 is covered by test case TC2112.sh
TC2119.sh on line 10433 has count: 1
Buggy line 10433 is covered by test case TC2119.sh
TC2120.sh on line 10433 has count: 1
Buggy line 10433 is covered by test case TC2120.sh
TC2122.sh on line 10433 has count: 5
Buggy line 10433 is covered by test case TC2122.sh
TC2123.sh on line 10433 has count: 3
Buggy line 10433 is covered by test case TC2123.sh
TC2125.sh on line 10433 has count: 3
Buggy line 10433 is covered by test case TC2125.sh
TC2126.sh on line 10433 has count: 1
Buggy line 10433 is covered by test case TC2126.sh
TC2127.sh on line 10433 has count: 1
Buggy line 10433 is covered by test case TC2127.sh
TC2128.sh on line 10433 has count: 2
Buggy line 10433 is covered by test case TC2128.sh
TC2129.sh on line 10433 has count: 1
Buggy line 10433 is covered by test case TC2129.sh
TC2130.sh on line 10433 has count: 1
Buggy line 10433 is covered by test case TC2130.sh
TC2131.sh on line 10433 has count: 1
Buggy line 10433 is covered by test case TC2131.sh
TC2133.sh on line 10433 has count: 5
Buggy line 10433 is covered by test case TC2133.sh
TC2134.sh on line 10433 has count: 3
Buggy line 10433 is covered by test case TC2134.sh
TC2136.sh on line 10433 has count: 3
Buggy line 10433 is covered by test case TC2136.sh
TC2137.sh on line 10433 has count: 1
Buggy line 10433 is covered by test case TC2137.sh
TC2138.sh on line 10433 has count: 1
Buggy line 10433 is covered by test case TC2138.sh
TC2139.sh on line 10433 has count: 2
Buggy line 10433 is covered by test case TC2139.sh
TC2140.sh on line 10433 has count: 1
Buggy line 10433 is covered by test case TC2140.sh
TC2146.sh on line 10433 has count: 2
Buggy line 10433 is covered by test case TC2146.sh
TC2497.sh on line 10433 has count: 24
Buggy line 10433 is covered by test case TC2497.sh
TC2498.sh on line 10433 has count: 162
Buggy line 10433 is covered by test case TC2498.sh
TC2499.sh on line 10433 has count: 50
Buggy line 10433 is covered by test case TC2499.sh
TC2503.sh on line 10433 has count: 4
Buggy line 10433 is covered by test case TC2503.sh
TC2504.sh on line 10433 has count: 2
Buggy line 10433 is covered by test case TC2504.sh
TC2507.sh on line 10433 has count: 1
Buggy line 10433 is covered by test case TC2507.sh
TC2510.sh on line 10433 has count: 4
Buggy line 10433 is covered by test case TC2510.sh
TC2511.sh on line 10433 has count: 2
Buggy line 10433 is covered by test case TC2511.sh
TC2514.sh on line 10433 has count: 1
Buggy line 10433 is covered by test case TC2514.sh
TC2515.sh on line 10433 has count: 1
Buggy line 10433 is covered by test case TC2515.sh
TC2516.sh on line 10433 has count: 1
Buggy line 10433 is covered by test case TC2516.sh
TC2517.sh on line 10433 has count: 1
Buggy line 10433 is covered by test case TC2517.sh
TC2518.sh on line 10433 has count: 1
Buggy line 10433 is covered by test case TC2518.sh
TC2519.sh on line 10433 has count: 1
Buggy line 10433 is covered by test case TC2519.sh
TC2520.sh on line 10433 has count: 1
Buggy line 10433 is covered by test case TC2520.sh
TC2521.sh on line 10433 has count: 1
Buggy line 10433 is covered by test case TC2521.sh
TC2522.sh on line 10433 has count: 1
Buggy line 10433 is covered by test case TC2522.sh
TC2523.sh on line 10433 has count: 1
Buggy line 10433 is covered by test case TC2523.sh
TC2526.sh on line 10433 has count: 1
Buggy line 10433 is covered by test case TC2526.sh
TC2527.sh on line 10433 has count: 4
Buggy line 10433 is covered by test case TC2527.sh
TC2528.sh on line 10433 has count: 1
Buggy line 10433 is covered by test case TC2528.sh
TC2529.sh on line 10433 has count: 1
Buggy line 10433 is covered by test case TC2529.sh
TC2530.sh on line 10433 has count: 1
Buggy line 10433 is covered by test case TC2530.sh
TC2531.sh on line 10433 has count: 1
Buggy line 10433 is covered by test case TC2531.sh
TC2532.sh on line 10433 has count: 1
Buggy line 10433 is covered by test case TC2532.sh
TC2533.sh on line 10433 has count: 1
Buggy line 10433 is covered by test case TC2533.sh
TC2534.sh on line 10433 has count: 1
Buggy line 10433 is covered by test case TC2534.sh
TC2535.sh on line 10433 has count: 1
Buggy line 10433 is covered by test case TC2535.sh
TC2536.sh on line 10433 has count: 1
Buggy line 10433 is covered by test case TC2536.sh
TC2537.sh on line 10433 has count: 1
Buggy line 10433 is covered by test case TC2537.sh
TC2538.sh on line 10433 has count: 1
Buggy line 10433 is covered by test case TC2538.sh
TC2539.sh on line 10433 has count: 1
Buggy line 10433 is covered by test case TC2539.sh
TC2540.sh on line 10433 has count: 1
Buggy line 10433 is covered by test case TC2540.sh
TC2541.sh on line 10433 has count: 1
Buggy line 10433 is covered by test case TC2541.sh
TC2542.sh on line 10433 has count: 1
Buggy line 10433 is covered by test case TC2542.sh
TC2543.sh on line 10433 has count: 1
Buggy line 10433 is covered by test case TC2543.sh
TC2544.sh on line 10433 has count: 1
Buggy line 10433 is covered by test case TC2544.sh
TC2545.sh on line 10433 has count: 1
Buggy line 10433 is covered by test case TC2545.sh
TC2546.sh on line 10433 has count: 4
Buggy line 10433 is covered by test case TC2546.sh
TC2547.sh on line 10433 has count: 4
Buggy line 10433 is covered by test case TC2547.sh
TC2548.sh on line 10433 has count: 4
Buggy line 10433 is covered by test case TC2548.sh
TC2551.sh on line 10433 has count: 4
Buggy line 10433 is covered by test case TC2551.sh
TC2552.sh on line 10433 has count: 2
Buggy line 10433 is covered by test case TC2552.sh
TC2555.sh on line 10433 has count: 1
Buggy line 10433 is covered by test case TC2555.sh
TC2556.sh on line 10433 has count: 1
Buggy line 10433 is covered by test case TC2556.sh
TC2557.sh on line 10433 has count: 1
Buggy line 10433 is covered by test case TC2557.sh
TC2558.sh on line 10433 has count: 1
Buggy line 10433 is covered by test case TC2558.sh
TC2560.sh on line 10433 has count: 4
Buggy line 10433 is covered by test case TC2560.sh
TC2561.sh on line 10433 has count: 4
Buggy line 10433 is covered by test case TC2561.sh
TC2562.sh on line 10433 has count: 4
Buggy line 10433 is covered by test case TC2562.sh
TC2563.sh on line 10433 has count: 4
Buggy line 10433 is covered by test case TC2563.sh
TC2564.sh on line 10433 has count: 4
Buggy line 10433 is covered by test case TC2564.sh
TC2565.sh on line 10433 has count: 4
Buggy line 10433 is covered by test case TC2565.sh
TC2566.sh on line 10433 has count: 4
Buggy line 10433 is covered by test case TC2566.sh
TC2567.sh on line 10433 has count: 3
Buggy line 10433 is covered by test case TC2567.sh
TC2568.sh on line 10433 has count: 3
Buggy line 10433 is covered by test case TC2568.sh
TC2569.sh on line 10433 has count: 3
Buggy line 10433 is covered by test case TC2569.sh
TC2570.sh on line 10433 has count: 3
Buggy line 10433 is covered by test case TC2570.sh
TC2571.sh on line 10433 has count: 3
Buggy line 10433 is covered by test case TC2571.sh
TC2572.sh on line 10433 has count: 3
Buggy line 10433 is covered by test case TC2572.sh
TC2573.sh on line 10433 has count: 3
Buggy line 10433 is covered by test case TC2573.sh
TC2574.sh on line 10433 has count: 3
Buggy line 10433 is covered by test case TC2574.sh
TC2575.sh on line 10433 has count: 3
Buggy line 10433 is covered by test case TC2575.sh
TC2576.sh on line 10433 has count: 3
Buggy line 10433 is covered by test case TC2576.sh
TC2577.sh on line 10433 has count: 4
Buggy line 10433 is covered by test case TC2577.sh
TC2578.sh on line 10433 has count: 1
Buggy line 10433 is covered by test case TC2578.sh
TC2579.sh on line 10433 has count: 1
Buggy line 10433 is covered by test case TC2579.sh
TC2580.sh on line 10433 has count: 1
Buggy line 10433 is covered by test case TC2580.sh
TC2581.sh on line 10433 has count: 1
Buggy line 10433 is covered by test case TC2581.sh
TC2582.sh on line 10433 has count: 2
Buggy line 10433 is covered by test case TC2582.sh
TC2584.sh on line 10433 has count: 1
Buggy line 10433 is covered by test case TC2584.sh
TC2585.sh on line 10433 has count: 3
Buggy line 10433 is covered by test case TC2585.sh
TC2586.sh on line 10433 has count: 3
Buggy line 10433 is covered by test case TC2586.sh
TC2587.sh on line 10433 has count: 4
Buggy line 10433 is covered by test case TC2587.sh
TC2588.sh on line 10433 has count: 2
Buggy line 10433 is covered by test case TC2588.sh
TC2592.sh on line 10433 has count: 3
Buggy line 10433 is covered by test case TC2592.sh
TC2593.sh on line 10433 has count: 7
Buggy line 10433 is covered by test case TC2593.sh
TC2594.sh on line 10433 has count: 1
Buggy line 10433 is covered by test case TC2594.sh
TC2595.sh on line 10433 has count: 1
Buggy line 10433 is covered by test case TC2595.sh
TC2596.sh on line 10433 has count: 1
Buggy line 10433 is covered by test case TC2596.sh
TC2597.sh on line 10433 has count: 1
Buggy line 10433 is covered by test case TC2597.sh
TC2598.sh on line 10433 has count: 3
Buggy line 10433 is covered by test case TC2598.sh
TC2599.sh on line 10433 has count: 1
Buggy line 10433 is covered by test case TC2599.sh
TC2600.sh on line 10433 has count: 2
Buggy line 10433 is covered by test case TC2600.sh
TC2601.sh on line 10433 has count: 4
Buggy line 10433 is covered by test case TC2601.sh
TC2602.sh on line 10433 has count: 4
Buggy line 10433 is covered by test case TC2602.sh
TC2603.sh on line 10433 has count: 1
Buggy line 10433 is covered by test case TC2603.sh
TC2605.sh on line 10433 has count: 1
Buggy line 10433 is covered by test case TC2605.sh
TC2606.sh on line 10433 has count: 1
Buggy line 10433 is covered by test case TC2606.sh
TC2608.sh on line 10433 has count: 2
Buggy line 10433 is covered by test case TC2608.sh
TC2609.sh on line 10433 has count: 2
Buggy line 10433 is covered by test case TC2609.sh
TC2610.sh on line 10433 has count: 1
Buggy line 10433 is covered by test case TC2610.sh
TC2611.sh on line 10433 has count: 1
Buggy line 10433 is covered by test case TC2611.sh
TC2612.sh on line 10433 has count: 4
Buggy line 10433 is covered by test case TC2612.sh
TC2614.sh on line 10433 has count: 2
Buggy line 10433 is covered by test case TC2614.sh
TC2615.sh on line 10433 has count: 13
Buggy line 10433 is covered by test case TC2615.sh
TC2618.sh on line 10433 has count: 4
Buggy line 10433 is covered by test case TC2618.sh
TC2622.sh on line 10433 has count: 1
Buggy line 10433 is covered by test case TC2622.sh
>> Saving version parser.MUT12081.c to database
>> Reverted parser.c to original from parser.MUT12081.c

+++++ STDERR +++++

+++++ results for pattern.MUT1064.c +++++
+++++ STDOUT +++++
Testing version pattern.MUT1064.c on faster34.swtv::core1
>> Building libxml2_TF_top30
>> Applied patch to pattern.c with pattern.MUT1064.c
>> Building libxml2_TF_top30
TC2124.sh on line 1230 has count: 5
Buggy line 1230 is covered by test case TC2124.sh
TC2126.sh on line 1230 has count: 4
Buggy line 1230 is covered by test case TC2126.sh
TC2497.sh on line 1230 has count: 20
Buggy line 1230 is covered by test case TC2497.sh
TC2498.sh on line 1230 has count: 26
Buggy line 1230 is covered by test case TC2498.sh
TC2499.sh on line 1230 has count: 10
Buggy line 1230 is covered by test case TC2499.sh
TC2500.sh on line 1230 has count: 14
Buggy line 1230 is covered by test case TC2500.sh
>> Saving version pattern.MUT1064.c to database
>> Reverted pattern.c to original from pattern.MUT1064.c

+++++ STDERR +++++

+++++ results for parser.MUT15563.c +++++
+++++ STDOUT +++++
Testing version parser.MUT15563.c on faster34.swtv::core1
>> Building libxml2_TF_top30
>> Applied patch to parser.c with parser.MUT15563.c
>> Building libxml2_TF_top30
TC9.sh on line 13029 has count: 2
Buggy line 13029 is covered by test case TC9.sh
TC14.sh on line 13029 has count: 2
Buggy line 13029 is covered by test case TC14.sh
TC17.sh on line 13029 has count: 2
Buggy line 13029 is covered by test case TC17.sh
TC54.sh on line 13029 has count: 2
Buggy line 13029 is covered by test case TC54.sh
TC66.sh on line 13029 has count: 2
Buggy line 13029 is covered by test case TC66.sh
TC67.sh on line 13029 has count: 2
Buggy line 13029 is covered by test case TC67.sh
TC68.sh on line 13029 has count: 2
Buggy line 13029 is covered by test case TC68.sh
TC69.sh on line 13029 has count: 2
Buggy line 13029 is covered by test case TC69.sh
TC71.sh on line 13029 has count: 2
Buggy line 13029 is covered by test case TC71.sh
TC77.sh on line 13029 has count: 2
Buggy line 13029 is covered by test case TC77.sh
TC78.sh on line 13029 has count: 4
Buggy line 13029 is covered by test case TC78.sh
TC79.sh on line 13029 has count: 4
Buggy line 13029 is covered by test case TC79.sh
TC92.sh on line 13029 has count: 8
Buggy line 13029 is covered by test case TC92.sh
TC126.sh on line 13029 has count: 2
Buggy line 13029 is covered by test case TC126.sh
TC127.sh on line 13029 has count: 2
Buggy line 13029 is covered by test case TC127.sh
TC136.sh on line 13029 has count: 1
Buggy line 13029 is covered by test case TC136.sh
TC141.sh on line 13029 has count: 1
Buggy line 13029 is covered by test case TC141.sh
TC144.sh on line 13029 has count: 1
Buggy line 13029 is covered by test case TC144.sh
TC181.sh on line 13029 has count: 1
Buggy line 13029 is covered by test case TC181.sh
TC193.sh on line 13029 has count: 1
Buggy line 13029 is covered by test case TC193.sh
TC194.sh on line 13029 has count: 1
Buggy line 13029 is covered by test case TC194.sh
TC195.sh on line 13029 has count: 1
Buggy line 13029 is covered by test case TC195.sh
TC196.sh on line 13029 has count: 1
Buggy line 13029 is covered by test case TC196.sh
TC198.sh on line 13029 has count: 1
Buggy line 13029 is covered by test case TC198.sh
TC204.sh on line 13029 has count: 1
Buggy line 13029 is covered by test case TC204.sh
TC205.sh on line 13029 has count: 2
Buggy line 13029 is covered by test case TC205.sh
TC206.sh on line 13029 has count: 2
Buggy line 13029 is covered by test case TC206.sh
TC219.sh on line 13029 has count: 4
Buggy line 13029 is covered by test case TC219.sh
TC253.sh on line 13029 has count: 1
Buggy line 13029 is covered by test case TC253.sh
TC254.sh on line 13029 has count: 1
Buggy line 13029 is covered by test case TC254.sh
TC263.sh on line 13029 has count: 2
Buggy line 13029 is covered by test case TC263.sh
TC268.sh on line 13029 has count: 2
Buggy line 13029 is covered by test case TC268.sh
TC271.sh on line 13029 has count: 2
Buggy line 13029 is covered by test case TC271.sh
TC308.sh on line 13029 has count: 2
Buggy line 13029 is covered by test case TC308.sh
TC320.sh on line 13029 has count: 2
Buggy line 13029 is covered by test case TC320.sh
TC321.sh on line 13029 has count: 2
Buggy line 13029 is covered by test case TC321.sh
TC322.sh on line 13029 has count: 2
Buggy line 13029 is covered by test case TC322.sh
TC323.sh on line 13029 has count: 2
Buggy line 13029 is covered by test case TC323.sh
TC325.sh on line 13029 has count: 2
Buggy line 13029 is covered by test case TC325.sh
TC331.sh on line 13029 has count: 2
Buggy line 13029 is covered by test case TC331.sh
TC332.sh on line 13029 has count: 4
Buggy line 13029 is covered by test case TC332.sh
TC333.sh on line 13029 has count: 4
Buggy line 13029 is covered by test case TC333.sh
TC334.sh on line 13029 has count: 16
Buggy line 13029 is covered by test case TC334.sh
TC346.sh on line 13029 has count: 8
Buggy line 13029 is covered by test case TC346.sh
TC380.sh on line 13029 has count: 2
Buggy line 13029 is covered by test case TC380.sh
TC381.sh on line 13029 has count: 2
Buggy line 13029 is covered by test case TC381.sh
TC398.sh on line 13029 has count: 9
Buggy line 13029 is covered by test case TC398.sh
TC435.sh on line 13029 has count: 9
Buggy line 13029 is covered by test case TC435.sh
TC472.sh on line 13029 has count: 9
Buggy line 13029 is covered by test case TC472.sh
TC511.sh on line 13029 has count: 9
Buggy line 13029 is covered by test case TC511.sh
TC552.sh on line 13029 has count: 1
Buggy line 13029 is covered by test case TC552.sh
TC557.sh on line 13029 has count: 1
Buggy line 13029 is covered by test case TC557.sh
TC560.sh on line 13029 has count: 1
Buggy line 13029 is covered by test case TC560.sh
TC597.sh on line 13029 has count: 1
Buggy line 13029 is covered by test case TC597.sh
TC609.sh on line 13029 has count: 1
Buggy line 13029 is covered by test case TC609.sh
TC610.sh on line 13029 has count: 1
Buggy line 13029 is covered by test case TC610.sh
TC611.sh on line 13029 has count: 1
Buggy line 13029 is covered by test case TC611.sh
TC612.sh on line 13029 has count: 1
Buggy line 13029 is covered by test case TC612.sh
TC614.sh on line 13029 has count: 1
Buggy line 13029 is covered by test case TC614.sh
TC620.sh on line 13029 has count: 1
Buggy line 13029 is covered by test case TC620.sh
TC621.sh on line 13029 has count: 2
Buggy line 13029 is covered by test case TC621.sh
TC622.sh on line 13029 has count: 2
Buggy line 13029 is covered by test case TC622.sh
TC635.sh on line 13029 has count: 4
Buggy line 13029 is covered by test case TC635.sh
TC669.sh on line 13029 has count: 1
Buggy line 13029 is covered by test case TC669.sh
TC670.sh on line 13029 has count: 1
Buggy line 13029 is covered by test case TC670.sh
TC679.sh on line 13029 has count: 1
Buggy line 13029 is covered by test case TC679.sh
TC684.sh on line 13029 has count: 1
Buggy line 13029 is covered by test case TC684.sh
TC687.sh on line 13029 has count: 1
Buggy line 13029 is covered by test case TC687.sh
TC724.sh on line 13029 has count: 1
Buggy line 13029 is covered by test case TC724.sh
TC736.sh on line 13029 has count: 1
Buggy line 13029 is covered by test case TC736.sh
TC737.sh on line 13029 has count: 1
Buggy line 13029 is covered by test case TC737.sh
TC738.sh on line 13029 has count: 1
Buggy line 13029 is covered by test case TC738.sh
TC739.sh on line 13029 has count: 1
Buggy line 13029 is covered by test case TC739.sh
TC741.sh on line 13029 has count: 1
Buggy line 13029 is covered by test case TC741.sh
TC747.sh on line 13029 has count: 1
Buggy line 13029 is covered by test case TC747.sh
TC748.sh on line 13029 has count: 2
Buggy line 13029 is covered by test case TC748.sh
TC749.sh on line 13029 has count: 2
Buggy line 13029 is covered by test case TC749.sh
TC750.sh on line 13029 has count: 8
Buggy line 13029 is covered by test case TC750.sh
TC762.sh on line 13029 has count: 4
Buggy line 13029 is covered by test case TC762.sh
TC796.sh on line 13029 has count: 1
Buggy line 13029 is covered by test case TC796.sh
TC797.sh on line 13029 has count: 1
Buggy line 13029 is covered by test case TC797.sh
TC806.sh on line 13029 has count: 1
Buggy line 13029 is covered by test case TC806.sh
TC811.sh on line 13029 has count: 1
Buggy line 13029 is covered by test case TC811.sh
TC814.sh on line 13029 has count: 1
Buggy line 13029 is covered by test case TC814.sh
TC851.sh on line 13029 has count: 1
Buggy line 13029 is covered by test case TC851.sh
TC863.sh on line 13029 has count: 1
Buggy line 13029 is covered by test case TC863.sh
TC864.sh on line 13029 has count: 1
Buggy line 13029 is covered by test case TC864.sh
TC865.sh on line 13029 has count: 1
Buggy line 13029 is covered by test case TC865.sh
TC866.sh on line 13029 has count: 1
Buggy line 13029 is covered by test case TC866.sh
TC868.sh on line 13029 has count: 1
Buggy line 13029 is covered by test case TC868.sh
TC874.sh on line 13029 has count: 1
Buggy line 13029 is covered by test case TC874.sh
TC875.sh on line 13029 has count: 2
Buggy line 13029 is covered by test case TC875.sh
TC876.sh on line 13029 has count: 2
Buggy line 13029 is covered by test case TC876.sh
TC889.sh on line 13029 has count: 4
Buggy line 13029 is covered by test case TC889.sh
TC923.sh on line 13029 has count: 1
Buggy line 13029 is covered by test case TC923.sh
TC924.sh on line 13029 has count: 1
Buggy line 13029 is covered by test case TC924.sh
TC933.sh on line 13029 has count: 1
Buggy line 13029 is covered by test case TC933.sh
TC938.sh on line 13029 has count: 1
Buggy line 13029 is covered by test case TC938.sh
TC941.sh on line 13029 has count: 1
Buggy line 13029 is covered by test case TC941.sh
TC978.sh on line 13029 has count: 1
Buggy line 13029 is covered by test case TC978.sh
TC990.sh on line 13029 has count: 1
Buggy line 13029 is covered by test case TC990.sh
TC991.sh on line 13029 has count: 1
Buggy line 13029 is covered by test case TC991.sh
TC992.sh on line 13029 has count: 1
Buggy line 13029 is covered by test case TC992.sh
TC993.sh on line 13029 has count: 1
Buggy line 13029 is covered by test case TC993.sh
TC995.sh on line 13029 has count: 1
Buggy line 13029 is covered by test case TC995.sh
TC1001.sh on line 13029 has count: 1
Buggy line 13029 is covered by test case TC1001.sh
TC1002.sh on line 13029 has count: 2
Buggy line 13029 is covered by test case TC1002.sh
TC1003.sh on line 13029 has count: 2
Buggy line 13029 is covered by test case TC1003.sh
TC1016.sh on line 13029 has count: 4
Buggy line 13029 is covered by test case TC1016.sh
TC1050.sh on line 13029 has count: 1
Buggy line 13029 is covered by test case TC1050.sh
TC1051.sh on line 13029 has count: 1
Buggy line 13029 is covered by test case TC1051.sh
TC1060.sh on line 13029 has count: 2
Buggy line 13029 is covered by test case TC1060.sh
TC1065.sh on line 13029 has count: 2
Buggy line 13029 is covered by test case TC1065.sh
TC1068.sh on line 13029 has count: 2
Buggy line 13029 is covered by test case TC1068.sh
TC1105.sh on line 13029 has count: 2
Buggy line 13029 is covered by test case TC1105.sh
TC1117.sh on line 13029 has count: 2
Buggy line 13029 is covered by test case TC1117.sh
TC1118.sh on line 13029 has count: 2
Buggy line 13029 is covered by test case TC1118.sh
TC1119.sh on line 13029 has count: 2
Buggy line 13029 is covered by test case TC1119.sh
TC1120.sh on line 13029 has count: 2
Buggy line 13029 is covered by test case TC1120.sh
TC1122.sh on line 13029 has count: 2
Buggy line 13029 is covered by test case TC1122.sh
TC1128.sh on line 13029 has count: 1
Buggy line 13029 is covered by test case TC1128.sh
TC1129.sh on line 13029 has count: 4
Buggy line 13029 is covered by test case TC1129.sh
TC1130.sh on line 13029 has count: 4
Buggy line 13029 is covered by test case TC1130.sh
TC1131.sh on line 13029 has count: 16
Buggy line 13029 is covered by test case TC1131.sh
TC1143.sh on line 13029 has count: 8
Buggy line 13029 is covered by test case TC1143.sh
TC1177.sh on line 13029 has count: 2
Buggy line 13029 is covered by test case TC1177.sh
TC1178.sh on line 13029 has count: 1
Buggy line 13029 is covered by test case TC1178.sh
TC1187.sh on line 13029 has count: 2
Buggy line 13029 is covered by test case TC1187.sh
TC1192.sh on line 13029 has count: 2
Buggy line 13029 is covered by test case TC1192.sh
TC1195.sh on line 13029 has count: 2
Buggy line 13029 is covered by test case TC1195.sh
TC1232.sh on line 13029 has count: 2
Buggy line 13029 is covered by test case TC1232.sh
TC1244.sh on line 13029 has count: 2
Buggy line 13029 is covered by test case TC1244.sh
TC1245.sh on line 13029 has count: 2
Buggy line 13029 is covered by test case TC1245.sh
TC1246.sh on line 13029 has count: 2
Buggy line 13029 is covered by test case TC1246.sh
TC1247.sh on line 13029 has count: 2
Buggy line 13029 is covered by test case TC1247.sh
TC1249.sh on line 13029 has count: 2
Buggy line 13029 is covered by test case TC1249.sh
TC1255.sh on line 13029 has count: 1
Buggy line 13029 is covered by test case TC1255.sh
TC1256.sh on line 13029 has count: 4
Buggy line 13029 is covered by test case TC1256.sh
TC1257.sh on line 13029 has count: 4
Buggy line 13029 is covered by test case TC1257.sh
TC1258.sh on line 13029 has count: 16
Buggy line 13029 is covered by test case TC1258.sh
TC1270.sh on line 13029 has count: 8
Buggy line 13029 is covered by test case TC1270.sh
TC1304.sh on line 13029 has count: 2
Buggy line 13029 is covered by test case TC1304.sh
TC1305.sh on line 13029 has count: 1
Buggy line 13029 is covered by test case TC1305.sh
TC1314.sh on line 13029 has count: 2
Buggy line 13029 is covered by test case TC1314.sh
TC1319.sh on line 13029 has count: 2
Buggy line 13029 is covered by test case TC1319.sh
TC1322.sh on line 13029 has count: 2
Buggy line 13029 is covered by test case TC1322.sh
TC1359.sh on line 13029 has count: 2
Buggy line 13029 is covered by test case TC1359.sh
TC1371.sh on line 13029 has count: 2
Buggy line 13029 is covered by test case TC1371.sh
TC1372.sh on line 13029 has count: 2
Buggy line 13029 is covered by test case TC1372.sh
TC1373.sh on line 13029 has count: 2
Buggy line 13029 is covered by test case TC1373.sh
TC1374.sh on line 13029 has count: 2
Buggy line 13029 is covered by test case TC1374.sh
TC1376.sh on line 13029 has count: 2
Buggy line 13029 is covered by test case TC1376.sh
TC1382.sh on line 13029 has count: 1
Buggy line 13029 is covered by test case TC1382.sh
TC1383.sh on line 13029 has count: 4
Buggy line 13029 is covered by test case TC1383.sh
TC1384.sh on line 13029 has count: 4
Buggy line 13029 is covered by test case TC1384.sh
TC1385.sh on line 13029 has count: 16
Buggy line 13029 is covered by test case TC1385.sh
TC1397.sh on line 13029 has count: 8
Buggy line 13029 is covered by test case TC1397.sh
TC1431.sh on line 13029 has count: 2
Buggy line 13029 is covered by test case TC1431.sh
TC1432.sh on line 13029 has count: 1
Buggy line 13029 is covered by test case TC1432.sh
TC1441.sh on line 13029 has count: 1
Buggy line 13029 is covered by test case TC1441.sh
TC1446.sh on line 13029 has count: 1
Buggy line 13029 is covered by test case TC1446.sh
TC1449.sh on line 13029 has count: 1
Buggy line 13029 is covered by test case TC1449.sh
TC1486.sh on line 13029 has count: 1
Buggy line 13029 is covered by test case TC1486.sh
TC1498.sh on line 13029 has count: 1
Buggy line 13029 is covered by test case TC1498.sh
TC1499.sh on line 13029 has count: 1
Buggy line 13029 is covered by test case TC1499.sh
TC1500.sh on line 13029 has count: 1
Buggy line 13029 is covered by test case TC1500.sh
TC1501.sh on line 13029 has count: 1
Buggy line 13029 is covered by test case TC1501.sh
TC1503.sh on line 13029 has count: 1
Buggy line 13029 is covered by test case TC1503.sh
TC1509.sh on line 13029 has count: 1
Buggy line 13029 is covered by test case TC1509.sh
TC1510.sh on line 13029 has count: 2
Buggy line 13029 is covered by test case TC1510.sh
TC1511.sh on line 13029 has count: 2
Buggy line 13029 is covered by test case TC1511.sh
TC1524.sh on line 13029 has count: 4
Buggy line 13029 is covered by test case TC1524.sh
TC1558.sh on line 13029 has count: 1
Buggy line 13029 is covered by test case TC1558.sh
TC1559.sh on line 13029 has count: 1
Buggy line 13029 is covered by test case TC1559.sh
TC1568.sh on line 13029 has count: 1
Buggy line 13029 is covered by test case TC1568.sh
TC1573.sh on line 13029 has count: 1
Buggy line 13029 is covered by test case TC1573.sh
TC1576.sh on line 13029 has count: 1
Buggy line 13029 is covered by test case TC1576.sh
TC1613.sh on line 13029 has count: 1
Buggy line 13029 is covered by test case TC1613.sh
TC1625.sh on line 13029 has count: 1
Buggy line 13029 is covered by test case TC1625.sh
TC1626.sh on line 13029 has count: 1
Buggy line 13029 is covered by test case TC1626.sh
TC1627.sh on line 13029 has count: 1
Buggy line 13029 is covered by test case TC1627.sh
TC1628.sh on line 13029 has count: 1
Buggy line 13029 is covered by test case TC1628.sh
TC1630.sh on line 13029 has count: 1
Buggy line 13029 is covered by test case TC1630.sh
TC1636.sh on line 13029 has count: 1
Buggy line 13029 is covered by test case TC1636.sh
TC1637.sh on line 13029 has count: 2
Buggy line 13029 is covered by test case TC1637.sh
TC1638.sh on line 13029 has count: 2
Buggy line 13029 is covered by test case TC1638.sh
TC1651.sh on line 13029 has count: 4
Buggy line 13029 is covered by test case TC1651.sh
TC1685.sh on line 13029 has count: 1
Buggy line 13029 is covered by test case TC1685.sh
TC1686.sh on line 13029 has count: 1
Buggy line 13029 is covered by test case TC1686.sh
TC1913.sh on line 13029 has count: 2
Buggy line 13029 is covered by test case TC1913.sh
TC1946.sh on line 13029 has count: 1
Buggy line 13029 is covered by test case TC1946.sh
TC1950.sh on line 13029 has count: 363
Buggy line 13029 is covered by test case TC1950.sh
TC1957.sh on line 13029 has count: 1
Buggy line 13029 is covered by test case TC1957.sh
TC1965.sh on line 13029 has count: 1
Buggy line 13029 is covered by test case TC1965.sh
TC1966.sh on line 13029 has count: 1
Buggy line 13029 is covered by test case TC1966.sh
TC1967.sh on line 13029 has count: 1
Buggy line 13029 is covered by test case TC1967.sh
TC1970.sh on line 13029 has count: 1
Buggy line 13029 is covered by test case TC1970.sh
TC1971.sh on line 13029 has count: 1
Buggy line 13029 is covered by test case TC1971.sh
TC1972.sh on line 13029 has count: 1
Buggy line 13029 is covered by test case TC1972.sh
TC1973.sh on line 13029 has count: 1
Buggy line 13029 is covered by test case TC1973.sh
TC2002.sh on line 13029 has count: 1
Buggy line 13029 is covered by test case TC2002.sh
TC2006.sh on line 13029 has count: 363
Buggy line 13029 is covered by test case TC2006.sh
TC2013.sh on line 13029 has count: 1
Buggy line 13029 is covered by test case TC2013.sh
TC2021.sh on line 13029 has count: 1
Buggy line 13029 is covered by test case TC2021.sh
TC2022.sh on line 13029 has count: 1
Buggy line 13029 is covered by test case TC2022.sh
TC2023.sh on line 13029 has count: 1
Buggy line 13029 is covered by test case TC2023.sh
TC2026.sh on line 13029 has count: 1
Buggy line 13029 is covered by test case TC2026.sh
TC2028.sh on line 13029 has count: 1
Buggy line 13029 is covered by test case TC2028.sh
TC2030.sh on line 13029 has count: 1
Buggy line 13029 is covered by test case TC2030.sh
TC2032.sh on line 13029 has count: 1
Buggy line 13029 is covered by test case TC2032.sh
TC2037.sh on line 13029 has count: 2
Buggy line 13029 is covered by test case TC2037.sh
TC2313.sh on line 13029 has count: 36
Buggy line 13029 is covered by test case TC2313.sh
TC2343.sh on line 13029 has count: 363
Buggy line 13029 is covered by test case TC2343.sh
TC2415.sh on line 13029 has count: 36
Buggy line 13029 is covered by test case TC2415.sh
TC2445.sh on line 13029 has count: 363
Buggy line 13029 is covered by test case TC2445.sh
TC2505.sh on line 13029 has count: 1
Buggy line 13029 is covered by test case TC2505.sh
TC2512.sh on line 13029 has count: 1
Buggy line 13029 is covered by test case TC2512.sh
TC2553.sh on line 13029 has count: 1
Buggy line 13029 is covered by test case TC2553.sh
>> Saving version parser.MUT15563.c to database
>> Reverted parser.c to original from parser.MUT15563.c

+++++ STDERR +++++

+++++ results for xmlregexp.MUT5787.c +++++
+++++ STDOUT +++++
Testing version xmlregexp.MUT5787.c on faster34.swtv::core1
>> Building libxml2_TF_top30
>> Applied patch to xmlregexp.c with xmlregexp.MUT5787.c
>> Building libxml2_TF_top30
TC2166.sh on line 4188 has count: 2
Buggy line 4188 is covered by test case TC2166.sh
TC2168.sh on line 4188 has count: 2
Buggy line 4188 is covered by test case TC2168.sh
TC2169.sh on line 4188 has count: 8
Buggy line 4188 is covered by test case TC2169.sh
TC2172.sh on line 4188 has count: 4
Buggy line 4188 is covered by test case TC2172.sh
TC2173.sh on line 4188 has count: 4
Buggy line 4188 is covered by test case TC2173.sh
TC2204.sh on line 4188 has count: 4
Buggy line 4188 is covered by test case TC2204.sh
>> Saving version xmlregexp.MUT5787.c to database
>> Reverted xmlregexp.c to original from xmlregexp.MUT5787.c
>> Cleaning build for libxml2_TF_top30

+++++ STDERR +++++
