
+++++ results for parser.MUT4604.c +++++
+++++ STDOUT +++++
Testing version parser.MUT4604.c on faster44.swtv::core3
>> Configuring libxml2_TF_top30 with coverage
>> Building libxml2_TF_top30
>> Applied patch to parser.c with parser.MUT4604.c
>> Building libxml2_TF_top30
TC423.sh on line 4196 has count: 1
Buggy line 4196 is covered by test case TC423.sh
TC460.sh on line 4196 has count: 1
Buggy line 4196 is covered by test case TC460.sh
TC536.sh on line 4196 has count: 1
Buggy line 4196 is covered by test case TC536.sh
>> Saving version parser.MUT4604.c to database
>> Reverted parser.c to original from parser.MUT4604.c

+++++ STDERR +++++

+++++ results for xmlregexp.MUT4671.c +++++
+++++ STDOUT +++++
Testing version xmlregexp.MUT4671.c on faster44.swtv::core3
>> Building libxml2_TF_top30
>> Applied patch to xmlregexp.c with xmlregexp.MUT4671.c
>> Building libxml2_TF_top30
TC2492.sh on line 3438 has count: 6
Buggy line 3438 is covered by test case TC2492.sh
TC2493.sh on line 3438 has count: 5
Buggy line 3438 is covered by test case TC2493.sh
TC2494.sh on line 3438 has count: 5
Buggy line 3438 is covered by test case TC2494.sh
TC2495.sh on line 3438 has count: 5
Buggy line 3438 is covered by test case TC2495.sh
TC2639.sh on line 3438 has count: 8
Buggy line 3438 is covered by test case TC2639.sh
TC2640.sh on line 3438 has count: 18
Buggy line 3438 is covered by test case TC2640.sh
TC2641.sh on line 3438 has count: 29
Buggy line 3438 is covered by test case TC2641.sh
TC2642.sh on line 3438 has count: 16
Buggy line 3438 is covered by test case TC2642.sh
TC2643.sh on line 3438 has count: 9
Buggy line 3438 is covered by test case TC2643.sh
TC1930.sh on line 3438 has count: 1
Buggy line 3438 is covered by test case TC1930.sh
TC1931.sh on line 3438 has count: 1
Buggy line 3438 is covered by test case TC1931.sh
TC1932.sh on line 3438 has count: 1
Buggy line 3438 is covered by test case TC1932.sh
TC1949.sh on line 3438 has count: 2
Buggy line 3438 is covered by test case TC1949.sh
TC1986.sh on line 3438 has count: 2
Buggy line 3438 is covered by test case TC1986.sh
TC1987.sh on line 3438 has count: 2
Buggy line 3438 is covered by test case TC1987.sh
TC1988.sh on line 3438 has count: 2
Buggy line 3438 is covered by test case TC1988.sh
TC2005.sh on line 3438 has count: 1
Buggy line 3438 is covered by test case TC2005.sh
TC2152.sh on line 3438 has count: 2
Buggy line 3438 is covered by test case TC2152.sh
TC2153.sh on line 3438 has count: 12
Buggy line 3438 is covered by test case TC2153.sh
TC2154.sh on line 3438 has count: 12
Buggy line 3438 is covered by test case TC2154.sh
TC2155.sh on line 3438 has count: 2
Buggy line 3438 is covered by test case TC2155.sh
TC2158.sh on line 3438 has count: 2
Buggy line 3438 is covered by test case TC2158.sh
TC2159.sh on line 3438 has count: 16
Buggy line 3438 is covered by test case TC2159.sh
TC2160.sh on line 3438 has count: 16
Buggy line 3438 is covered by test case TC2160.sh
TC2161.sh on line 3438 has count: 16
Buggy line 3438 is covered by test case TC2161.sh
TC2162.sh on line 3438 has count: 12
Buggy line 3438 is covered by test case TC2162.sh
TC2164.sh on line 3438 has count: 2
Buggy line 3438 is covered by test case TC2164.sh
TC2165.sh on line 3438 has count: 2
Buggy line 3438 is covered by test case TC2165.sh
TC2166.sh on line 3438 has count: 2
Buggy line 3438 is covered by test case TC2166.sh
TC2168.sh on line 3438 has count: 14
Buggy line 3438 is covered by test case TC2168.sh
TC2169.sh on line 3438 has count: 14
Buggy line 3438 is covered by test case TC2169.sh
TC2170.sh on line 3438 has count: 2
Buggy line 3438 is covered by test case TC2170.sh
TC2171.sh on line 3438 has count: 2
Buggy line 3438 is covered by test case TC2171.sh
TC2172.sh on line 3438 has count: 6
Buggy line 3438 is covered by test case TC2172.sh
TC2173.sh on line 3438 has count: 6
Buggy line 3438 is covered by test case TC2173.sh
TC2174.sh on line 3438 has count: 2
Buggy line 3438 is covered by test case TC2174.sh
TC2175.sh on line 3438 has count: 2
Buggy line 3438 is covered by test case TC2175.sh
TC2176.sh on line 3438 has count: 2
Buggy line 3438 is covered by test case TC2176.sh
TC2178.sh on line 3438 has count: 2
Buggy line 3438 is covered by test case TC2178.sh
TC2179.sh on line 3438 has count: 2
Buggy line 3438 is covered by test case TC2179.sh
TC2182.sh on line 3438 has count: 2
Buggy line 3438 is covered by test case TC2182.sh
TC2184.sh on line 3438 has count: 6
Buggy line 3438 is covered by test case TC2184.sh
TC2186.sh on line 3438 has count: 2
Buggy line 3438 is covered by test case TC2186.sh
TC2187.sh on line 3438 has count: 2
Buggy line 3438 is covered by test case TC2187.sh
TC2188.sh on line 3438 has count: 2
Buggy line 3438 is covered by test case TC2188.sh
TC2189.sh on line 3438 has count: 2
Buggy line 3438 is covered by test case TC2189.sh
TC2190.sh on line 3438 has count: 2
Buggy line 3438 is covered by test case TC2190.sh
TC2191.sh on line 3438 has count: 2
Buggy line 3438 is covered by test case TC2191.sh
TC2192.sh on line 3438 has count: 2
Buggy line 3438 is covered by test case TC2192.sh
TC2194.sh on line 3438 has count: 2
Buggy line 3438 is covered by test case TC2194.sh
TC2195.sh on line 3438 has count: 2
Buggy line 3438 is covered by test case TC2195.sh
TC2197.sh on line 3438 has count: 2
Buggy line 3438 is covered by test case TC2197.sh
TC2198.sh on line 3438 has count: 2
Buggy line 3438 is covered by test case TC2198.sh
TC2199.sh on line 3438 has count: 2
Buggy line 3438 is covered by test case TC2199.sh
TC2200.sh on line 3438 has count: 2
Buggy line 3438 is covered by test case TC2200.sh
TC2201.sh on line 3438 has count: 2
Buggy line 3438 is covered by test case TC2201.sh
TC2202.sh on line 3438 has count: 14
Buggy line 3438 is covered by test case TC2202.sh
TC2203.sh on line 3438 has count: 14
Buggy line 3438 is covered by test case TC2203.sh
TC2204.sh on line 3438 has count: 14
Buggy line 3438 is covered by test case TC2204.sh
TC2205.sh on line 3438 has count: 2
Buggy line 3438 is covered by test case TC2205.sh
TC2206.sh on line 3438 has count: 2
Buggy line 3438 is covered by test case TC2206.sh
TC2209.sh on line 3438 has count: 2
Buggy line 3438 is covered by test case TC2209.sh
TC2210.sh on line 3438 has count: 2
Buggy line 3438 is covered by test case TC2210.sh
TC2211.sh on line 3438 has count: 2
Buggy line 3438 is covered by test case TC2211.sh
TC2212.sh on line 3438 has count: 2
Buggy line 3438 is covered by test case TC2212.sh
TC2217.sh on line 3438 has count: 2
Buggy line 3438 is covered by test case TC2217.sh
TC2219.sh on line 3438 has count: 2
Buggy line 3438 is covered by test case TC2219.sh
TC2220.sh on line 3438 has count: 2
Buggy line 3438 is covered by test case TC2220.sh
TC2226.sh on line 3438 has count: 2
Buggy line 3438 is covered by test case TC2226.sh
TC2228.sh on line 3438 has count: 2
Buggy line 3438 is covered by test case TC2228.sh
TC2231.sh on line 3438 has count: 2
Buggy line 3438 is covered by test case TC2231.sh
TC2232.sh on line 3438 has count: 4
Buggy line 3438 is covered by test case TC2232.sh
TC2233.sh on line 3438 has count: 2
Buggy line 3438 is covered by test case TC2233.sh
TC2234.sh on line 3438 has count: 2
Buggy line 3438 is covered by test case TC2234.sh
TC2236.sh on line 3438 has count: 2
Buggy line 3438 is covered by test case TC2236.sh
TC2237.sh on line 3438 has count: 2
Buggy line 3438 is covered by test case TC2237.sh
TC2238.sh on line 3438 has count: 2
Buggy line 3438 is covered by test case TC2238.sh
TC2240.sh on line 3438 has count: 2
Buggy line 3438 is covered by test case TC2240.sh
TC2241.sh on line 3438 has count: 2
Buggy line 3438 is covered by test case TC2241.sh
TC2243.sh on line 3438 has count: 2
Buggy line 3438 is covered by test case TC2243.sh
TC2244.sh on line 3438 has count: 2
Buggy line 3438 is covered by test case TC2244.sh
TC2246.sh on line 3438 has count: 2
Buggy line 3438 is covered by test case TC2246.sh
TC2248.sh on line 3438 has count: 6
Buggy line 3438 is covered by test case TC2248.sh
TC2249.sh on line 3438 has count: 6
Buggy line 3438 is covered by test case TC2249.sh
TC2250.sh on line 3438 has count: 2
Buggy line 3438 is covered by test case TC2250.sh
TC2251.sh on line 3438 has count: 2
Buggy line 3438 is covered by test case TC2251.sh
TC2256.sh on line 3438 has count: 2
Buggy line 3438 is covered by test case TC2256.sh
TC2258.sh on line 3438 has count: 2
Buggy line 3438 is covered by test case TC2258.sh
TC2259.sh on line 3438 has count: 2
Buggy line 3438 is covered by test case TC2259.sh
TC2266.sh on line 3438 has count: 2
Buggy line 3438 is covered by test case TC2266.sh
TC2269.sh on line 3438 has count: 2
Buggy line 3438 is covered by test case TC2269.sh
TC2270.sh on line 3438 has count: 2
Buggy line 3438 is covered by test case TC2270.sh
TC2282.sh on line 3438 has count: 2
Buggy line 3438 is covered by test case TC2282.sh
TC2284.sh on line 3438 has count: 2
Buggy line 3438 is covered by test case TC2284.sh
TC2285.sh on line 3438 has count: 2
Buggy line 3438 is covered by test case TC2285.sh
TC2286.sh on line 3438 has count: 2
Buggy line 3438 is covered by test case TC2286.sh
TC2287.sh on line 3438 has count: 2
Buggy line 3438 is covered by test case TC2287.sh
TC2288.sh on line 3438 has count: 2
Buggy line 3438 is covered by test case TC2288.sh
TC2289.sh on line 3438 has count: 6
Buggy line 3438 is covered by test case TC2289.sh
TC2290.sh on line 3438 has count: 2
Buggy line 3438 is covered by test case TC2290.sh
TC2292.sh on line 3438 has count: 2
Buggy line 3438 is covered by test case TC2292.sh
TC2395.sh on line 3438 has count: 8
Buggy line 3438 is covered by test case TC2395.sh
TC2397.sh on line 3438 has count: 6
Buggy line 3438 is covered by test case TC2397.sh
TC2398.sh on line 3438 has count: 15
Buggy line 3438 is covered by test case TC2398.sh
TC2401.sh on line 3438 has count: 2
Buggy line 3438 is covered by test case TC2401.sh
TC2402.sh on line 3438 has count: 2
Buggy line 3438 is covered by test case TC2402.sh
TC2403.sh on line 3438 has count: 3
Buggy line 3438 is covered by test case TC2403.sh
TC2409.sh on line 3438 has count: 15
Buggy line 3438 is covered by test case TC2409.sh
TC2410.sh on line 3438 has count: 1
Buggy line 3438 is covered by test case TC2410.sh
TC2411.sh on line 3438 has count: 14650
Buggy line 3438 is covered by test case TC2411.sh
TC2415.sh on line 3438 has count: 965
Buggy line 3438 is covered by test case TC2415.sh
TC2416.sh on line 3438 has count: 2
Buggy line 3438 is covered by test case TC2416.sh
TC2417.sh on line 3438 has count: 3
Buggy line 3438 is covered by test case TC2417.sh
TC2418.sh on line 3438 has count: 1
Buggy line 3438 is covered by test case TC2418.sh
TC2419.sh on line 3438 has count: 1
Buggy line 3438 is covered by test case TC2419.sh
TC2425.sh on line 3438 has count: 19
Buggy line 3438 is covered by test case TC2425.sh
TC2426.sh on line 3438 has count: 2
Buggy line 3438 is covered by test case TC2426.sh
TC2429.sh on line 3438 has count: 1
Buggy line 3438 is covered by test case TC2429.sh
TC2432.sh on line 3438 has count: 2479
Buggy line 3438 is covered by test case TC2432.sh
TC2433.sh on line 3438 has count: 3
Buggy line 3438 is covered by test case TC2433.sh
TC2436.sh on line 3438 has count: 4
Buggy line 3438 is covered by test case TC2436.sh
TC2438.sh on line 3438 has count: 4
Buggy line 3438 is covered by test case TC2438.sh
TC2439.sh on line 3438 has count: 4
Buggy line 3438 is covered by test case TC2439.sh
TC2440.sh on line 3438 has count: 4
Buggy line 3438 is covered by test case TC2440.sh
TC2441.sh on line 3438 has count: 4
Buggy line 3438 is covered by test case TC2441.sh
TC2442.sh on line 3438 has count: 6
Buggy line 3438 is covered by test case TC2442.sh
TC2443.sh on line 3438 has count: 6
Buggy line 3438 is covered by test case TC2443.sh
TC2444.sh on line 3438 has count: 4
Buggy line 3438 is covered by test case TC2444.sh
TC2446.sh on line 3438 has count: 3
Buggy line 3438 is covered by test case TC2446.sh
TC2448.sh on line 3438 has count: 1
Buggy line 3438 is covered by test case TC2448.sh
TC2449.sh on line 3438 has count: 4
Buggy line 3438 is covered by test case TC2449.sh
TC2450.sh on line 3438 has count: 9
Buggy line 3438 is covered by test case TC2450.sh
TC2452.sh on line 3438 has count: 7
Buggy line 3438 is covered by test case TC2452.sh
TC2453.sh on line 3438 has count: 7
Buggy line 3438 is covered by test case TC2453.sh
TC2454.sh on line 3438 has count: 7
Buggy line 3438 is covered by test case TC2454.sh
TC2455.sh on line 3438 has count: 7
Buggy line 3438 is covered by test case TC2455.sh
TC2456.sh on line 3438 has count: 8
Buggy line 3438 is covered by test case TC2456.sh
TC2457.sh on line 3438 has count: 4
Buggy line 3438 is covered by test case TC2457.sh
TC2459.sh on line 3438 has count: 3
Buggy line 3438 is covered by test case TC2459.sh
TC2460.sh on line 3438 has count: 3
Buggy line 3438 is covered by test case TC2460.sh
TC2461.sh on line 3438 has count: 14
Buggy line 3438 is covered by test case TC2461.sh
TC2462.sh on line 3438 has count: 2
Buggy line 3438 is covered by test case TC2462.sh
TC2464.sh on line 3438 has count: 8
Buggy line 3438 is covered by test case TC2464.sh
TC2465.sh on line 3438 has count: 1
Buggy line 3438 is covered by test case TC2465.sh
TC2466.sh on line 3438 has count: 7
Buggy line 3438 is covered by test case TC2466.sh
TC2467.sh on line 3438 has count: 7
Buggy line 3438 is covered by test case TC2467.sh
TC2468.sh on line 3438 has count: 15
Buggy line 3438 is covered by test case TC2468.sh
TC2470.sh on line 3438 has count: 1
Buggy line 3438 is covered by test case TC2470.sh
TC2471.sh on line 3438 has count: 3
Buggy line 3438 is covered by test case TC2471.sh
TC2473.sh on line 3438 has count: 1
Buggy line 3438 is covered by test case TC2473.sh
TC2475.sh on line 3438 has count: 5
Buggy line 3438 is covered by test case TC2475.sh
TC2476.sh on line 3438 has count: 16
Buggy line 3438 is covered by test case TC2476.sh
TC2477.sh on line 3438 has count: 1
Buggy line 3438 is covered by test case TC2477.sh
TC2478.sh on line 3438 has count: 4
Buggy line 3438 is covered by test case TC2478.sh
TC2479.sh on line 3438 has count: 4
Buggy line 3438 is covered by test case TC2479.sh
TC2480.sh on line 3438 has count: 5
Buggy line 3438 is covered by test case TC2480.sh
TC2481.sh on line 3438 has count: 8
Buggy line 3438 is covered by test case TC2481.sh
TC2483.sh on line 3438 has count: 2
Buggy line 3438 is covered by test case TC2483.sh
TC2484.sh on line 3438 has count: 6
Buggy line 3438 is covered by test case TC2484.sh
TC2485.sh on line 3438 has count: 5
Buggy line 3438 is covered by test case TC2485.sh
TC2486.sh on line 3438 has count: 4
Buggy line 3438 is covered by test case TC2486.sh
TC2487.sh on line 3438 has count: 4
Buggy line 3438 is covered by test case TC2487.sh
TC2488.sh on line 3438 has count: 6
Buggy line 3438 is covered by test case TC2488.sh
TC2489.sh on line 3438 has count: 7
Buggy line 3438 is covered by test case TC2489.sh
TC2490.sh on line 3438 has count: 7
Buggy line 3438 is covered by test case TC2490.sh
TC2491.sh on line 3438 has count: 6
Buggy line 3438 is covered by test case TC2491.sh
>> Saving version xmlregexp.MUT4671.c to database
>> Reverted xmlregexp.c to original from xmlregexp.MUT4671.c

+++++ STDERR +++++

+++++ results for xpointer.MUT305.c +++++
+++++ STDOUT +++++
Testing version xpointer.MUT305.c on faster44.swtv::core3
>> Building libxml2_TF_top30
>> Applied patch to xpointer.c with xpointer.MUT305.c
>> Building libxml2_TF_top30
TC2132.sh on line 1042 has count: 1
Buggy line 1042 is covered by test case TC2132.sh
>> Saving version xpointer.MUT305.c to database
>> Reverted xpointer.c to original from xpointer.MUT305.c

+++++ STDERR +++++

+++++ results for relaxng.MUT12146.c +++++
+++++ STDOUT +++++
Testing version relaxng.MUT12146.c on faster44.swtv::core3
>> Building libxml2_TF_top30
>> Applied patch to relaxng.c with relaxng.MUT12146.c
>> Building libxml2_TF_top30
TC2402.sh on line 8967 has count: 1
Buggy line 8967 is covered by test case TC2402.sh
TC2445.sh on line 8967 has count: 28
Buggy line 8967 is covered by test case TC2445.sh
TC2446.sh on line 8967 has count: 4
Buggy line 8967 is covered by test case TC2446.sh
TC2448.sh on line 8967 has count: 2
Buggy line 8967 is covered by test case TC2448.sh
>> Saving version relaxng.MUT12146.c to database
>> Reverted relaxng.c to original from relaxng.MUT12146.c

+++++ STDERR +++++

+++++ results for parser.MUT10541.c +++++
+++++ STDOUT +++++
Testing version parser.MUT10541.c on faster44.swtv::core3
>> Building libxml2_TF_top30
>> Applied patch to parser.c with parser.MUT10541.c
>> Building libxml2_TF_top30
TC1.sh on line 9291 has count: 2
Buggy line 9291 is covered by test case TC1.sh
TC2.sh on line 9291 has count: 24
Buggy line 9291 is covered by test case TC2.sh
TC4.sh on line 9291 has count: 2
Buggy line 9291 is covered by test case TC4.sh
TC5.sh on line 9291 has count: 2
Buggy line 9291 is covered by test case TC5.sh
TC7.sh on line 9291 has count: 64
Buggy line 9291 is covered by test case TC7.sh
TC88.sh on line 9291 has count: 12
Buggy line 9291 is covered by test case TC88.sh
TC108.sh on line 9291 has count: 294
Buggy line 9291 is covered by test case TC108.sh
TC109.sh on line 9291 has count: 74
Buggy line 9291 is covered by test case TC109.sh
TC128.sh on line 9291 has count: 1
Buggy line 9291 is covered by test case TC128.sh
TC129.sh on line 9291 has count: 12
Buggy line 9291 is covered by test case TC129.sh
TC131.sh on line 9291 has count: 1
Buggy line 9291 is covered by test case TC131.sh
TC132.sh on line 9291 has count: 1
Buggy line 9291 is covered by test case TC132.sh
TC134.sh on line 9291 has count: 32
Buggy line 9291 is covered by test case TC134.sh
TC215.sh on line 9291 has count: 6
Buggy line 9291 is covered by test case TC215.sh
TC235.sh on line 9291 has count: 147
Buggy line 9291 is covered by test case TC235.sh
TC236.sh on line 9291 has count: 37
Buggy line 9291 is covered by test case TC236.sh
TC255.sh on line 9291 has count: 2
Buggy line 9291 is covered by test case TC255.sh
TC256.sh on line 9291 has count: 24
Buggy line 9291 is covered by test case TC256.sh
TC258.sh on line 9291 has count: 2
Buggy line 9291 is covered by test case TC258.sh
TC259.sh on line 9291 has count: 2
Buggy line 9291 is covered by test case TC259.sh
TC261.sh on line 9291 has count: 64
Buggy line 9291 is covered by test case TC261.sh
TC342.sh on line 9291 has count: 12
Buggy line 9291 is covered by test case TC342.sh
TC362.sh on line 9291 has count: 294
Buggy line 9291 is covered by test case TC362.sh
TC363.sh on line 9291 has count: 74
Buggy line 9291 is covered by test case TC363.sh
TC1179.sh on line 9291 has count: 1
Buggy line 9291 is covered by test case TC1179.sh
TC1180.sh on line 9291 has count: 12
Buggy line 9291 is covered by test case TC1180.sh
TC1182.sh on line 9291 has count: 1
Buggy line 9291 is covered by test case TC1182.sh
TC1183.sh on line 9291 has count: 1
Buggy line 9291 is covered by test case TC1183.sh
TC1185.sh on line 9291 has count: 32
Buggy line 9291 is covered by test case TC1185.sh
TC1266.sh on line 9291 has count: 6
Buggy line 9291 is covered by test case TC1266.sh
TC1286.sh on line 9291 has count: 147
Buggy line 9291 is covered by test case TC1286.sh
TC1287.sh on line 9291 has count: 37
Buggy line 9291 is covered by test case TC1287.sh
TC1306.sh on line 9291 has count: 1
Buggy line 9291 is covered by test case TC1306.sh
TC1307.sh on line 9291 has count: 12
Buggy line 9291 is covered by test case TC1307.sh
TC1309.sh on line 9291 has count: 1
Buggy line 9291 is covered by test case TC1309.sh
TC1310.sh on line 9291 has count: 1
Buggy line 9291 is covered by test case TC1310.sh
TC1312.sh on line 9291 has count: 32
Buggy line 9291 is covered by test case TC1312.sh
TC1393.sh on line 9291 has count: 6
Buggy line 9291 is covered by test case TC1393.sh
TC1413.sh on line 9291 has count: 147
Buggy line 9291 is covered by test case TC1413.sh
TC1414.sh on line 9291 has count: 37
Buggy line 9291 is covered by test case TC1414.sh
TC1433.sh on line 9291 has count: 1
Buggy line 9291 is covered by test case TC1433.sh
TC1434.sh on line 9291 has count: 12
Buggy line 9291 is covered by test case TC1434.sh
TC1436.sh on line 9291 has count: 1
Buggy line 9291 is covered by test case TC1436.sh
TC1437.sh on line 9291 has count: 1
Buggy line 9291 is covered by test case TC1437.sh
TC1439.sh on line 9291 has count: 32
Buggy line 9291 is covered by test case TC1439.sh
TC1520.sh on line 9291 has count: 6
Buggy line 9291 is covered by test case TC1520.sh
TC1540.sh on line 9291 has count: 147
Buggy line 9291 is covered by test case TC1540.sh
TC1541.sh on line 9291 has count: 37
Buggy line 9291 is covered by test case TC1541.sh
TC1560.sh on line 9291 has count: 1
Buggy line 9291 is covered by test case TC1560.sh
TC1561.sh on line 9291 has count: 12
Buggy line 9291 is covered by test case TC1561.sh
TC1563.sh on line 9291 has count: 1
Buggy line 9291 is covered by test case TC1563.sh
TC1564.sh on line 9291 has count: 1
Buggy line 9291 is covered by test case TC1564.sh
TC1566.sh on line 9291 has count: 32
Buggy line 9291 is covered by test case TC1566.sh
TC1647.sh on line 9291 has count: 6
Buggy line 9291 is covered by test case TC1647.sh
TC1667.sh on line 9291 has count: 147
Buggy line 9291 is covered by test case TC1667.sh
TC1668.sh on line 9291 has count: 37
Buggy line 9291 is covered by test case TC1668.sh
TC2477.sh on line 9291 has count: 10
Buggy line 9291 is covered by test case TC2477.sh
TC2504.sh on line 9291 has count: 3
Buggy line 9291 is covered by test case TC2504.sh
TC2511.sh on line 9291 has count: 3
Buggy line 9291 is covered by test case TC2511.sh
TC2552.sh on line 9291 has count: 3
Buggy line 9291 is covered by test case TC2552.sh
TC2585.sh on line 9291 has count: 18
Buggy line 9291 is covered by test case TC2585.sh
TC2615.sh on line 9291 has count: 50
Buggy line 9291 is covered by test case TC2615.sh
>> Saving version parser.MUT10541.c to database
>> Reverted parser.c to original from parser.MUT10541.c

+++++ STDERR +++++

+++++ results for relaxng.MUT1955.c +++++
+++++ STDOUT +++++
Testing version relaxng.MUT1955.c on faster44.swtv::core3
>> Building libxml2_TF_top30
>> Applied patch to relaxng.c with relaxng.MUT1955.c
>> Building libxml2_TF_top30
Buggy line 2124 is NOT covered by test case TC2398.sh
>> Reverted relaxng.c to original from relaxng.MUT1955.c

+++++ STDERR +++++

+++++ results for relaxng.MUT12801.c +++++
+++++ STDOUT +++++
Testing version relaxng.MUT12801.c on faster44.swtv::core3
>> Building libxml2_TF_top30
>> Applied patch to relaxng.c with relaxng.MUT12801.c
>> Building libxml2_TF_top30
TC2395.sh on line 9390 has count: 1
Buggy line 9390 is covered by test case TC2395.sh
TC2397.sh on line 9390 has count: 3
Buggy line 9390 is covered by test case TC2397.sh
TC2402.sh on line 9390 has count: 2
Buggy line 9390 is covered by test case TC2402.sh
TC2403.sh on line 9390 has count: 2
Buggy line 9390 is covered by test case TC2403.sh
TC2409.sh on line 9390 has count: 9
Buggy line 9390 is covered by test case TC2409.sh
TC2411.sh on line 9390 has count: 76
Buggy line 9390 is covered by test case TC2411.sh
TC2415.sh on line 9390 has count: 814
Buggy line 9390 is covered by test case TC2415.sh
TC2425.sh on line 9390 has count: 2
Buggy line 9390 is covered by test case TC2425.sh
TC2429.sh on line 9390 has count: 1
Buggy line 9390 is covered by test case TC2429.sh
TC2432.sh on line 9390 has count: 1389
Buggy line 9390 is covered by test case TC2432.sh
TC2445.sh on line 9390 has count: 3
Buggy line 9390 is covered by test case TC2445.sh
TC2446.sh on line 9390 has count: 3
Buggy line 9390 is covered by test case TC2446.sh
TC2448.sh on line 9390 has count: 2
Buggy line 9390 is covered by test case TC2448.sh
TC2459.sh on line 9390 has count: 2
Buggy line 9390 is covered by test case TC2459.sh
TC2460.sh on line 9390 has count: 2
Buggy line 9390 is covered by test case TC2460.sh
TC2461.sh on line 9390 has count: 6
Buggy line 9390 is covered by test case TC2461.sh
TC2468.sh on line 9390 has count: 2
Buggy line 9390 is covered by test case TC2468.sh
TC2470.sh on line 9390 has count: 1
Buggy line 9390 is covered by test case TC2470.sh
TC2471.sh on line 9390 has count: 2
Buggy line 9390 is covered by test case TC2471.sh
TC2473.sh on line 9390 has count: 1
Buggy line 9390 is covered by test case TC2473.sh
TC2476.sh on line 9390 has count: 4
Buggy line 9390 is covered by test case TC2476.sh
TC2478.sh on line 9390 has count: 4
Buggy line 9390 is covered by test case TC2478.sh
TC2479.sh on line 9390 has count: 4
Buggy line 9390 is covered by test case TC2479.sh
TC2480.sh on line 9390 has count: 5
Buggy line 9390 is covered by test case TC2480.sh
TC2481.sh on line 9390 has count: 2
Buggy line 9390 is covered by test case TC2481.sh
TC2483.sh on line 9390 has count: 1
Buggy line 9390 is covered by test case TC2483.sh
TC2489.sh on line 9390 has count: 2
Buggy line 9390 is covered by test case TC2489.sh
TC2490.sh on line 9390 has count: 2
Buggy line 9390 is covered by test case TC2490.sh
TC2491.sh on line 9390 has count: 3
Buggy line 9390 is covered by test case TC2491.sh
TC2492.sh on line 9390 has count: 3
Buggy line 9390 is covered by test case TC2492.sh
>> Saving version relaxng.MUT12801.c to database
>> Reverted relaxng.c to original from relaxng.MUT12801.c

+++++ STDERR +++++

+++++ results for relaxng.MUT8613.c +++++
+++++ STDOUT +++++
Testing version relaxng.MUT8613.c on faster44.swtv::core3
>> Building libxml2_TF_top30
>> Applied patch to relaxng.c with relaxng.MUT8613.c
>> Building libxml2_TF_top30
TC2299.sh on line 6472 has count: 1
Buggy line 6472 is covered by test case TC2299.sh
TC2329.sh on line 6472 has count: 1
Buggy line 6472 is covered by test case TC2329.sh
TC2330.sh on line 6472 has count: 2
Buggy line 6472 is covered by test case TC2330.sh
TC2348.sh on line 6472 has count: 1
Buggy line 6472 is covered by test case TC2348.sh
TC2382.sh on line 6472 has count: 1
Buggy line 6472 is covered by test case TC2382.sh
TC2401.sh on line 6472 has count: 1
Buggy line 6472 is covered by test case TC2401.sh
TC2432.sh on line 6472 has count: 2
Buggy line 6472 is covered by test case TC2432.sh
TC2450.sh on line 6472 has count: 1
Buggy line 6472 is covered by test case TC2450.sh
TC2484.sh on line 6472 has count: 1
Buggy line 6472 is covered by test case TC2484.sh
>> Saving version relaxng.MUT8613.c to database
>> Reverted relaxng.c to original from relaxng.MUT8613.c
>> Cleaning build for libxml2_TF_top30

+++++ STDERR +++++
