
+++++ results for parser.MUT12383.c +++++
+++++ STDOUT +++++
Testing version parser.MUT12383.c on faster11.swtv::core1
>> Configuring libxml2_TF_top30 with coverage
>> Building libxml2_TF_top30
>> Applied patch to parser.c with parser.MUT12383.c
>> Building libxml2_TF_top30
TC6.sh on line 10678 has count: 4
Buggy line 10678 is covered by test case TC6.sh
TC8.sh on line 10678 has count: 4
Buggy line 10678 is covered by test case TC8.sh
TC10.sh on line 10678 has count: 9
Buggy line 10678 is covered by test case TC10.sh
TC13.sh on line 10678 has count: 4
Buggy line 10678 is covered by test case TC13.sh
TC19.sh on line 10678 has count: 4
Buggy line 10678 is covered by test case TC19.sh
TC20.sh on line 10678 has count: 4
Buggy line 10678 is covered by test case TC20.sh
TC21.sh on line 10678 has count: 4
Buggy line 10678 is covered by test case TC21.sh
TC22.sh on line 10678 has count: 4
Buggy line 10678 is covered by test case TC22.sh
TC25.sh on line 10678 has count: 9
Buggy line 10678 is covered by test case TC25.sh
TC26.sh on line 10678 has count: 9
Buggy line 10678 is covered by test case TC26.sh
TC27.sh on line 10678 has count: 9
Buggy line 10678 is covered by test case TC27.sh
TC64.sh on line 10678 has count: 7
Buggy line 10678 is covered by test case TC64.sh
TC67.sh on line 10678 has count: 9
Buggy line 10678 is covered by test case TC67.sh
TC68.sh on line 10678 has count: 4
Buggy line 10678 is covered by test case TC68.sh
TC80.sh on line 10678 has count: 9
Buggy line 10678 is covered by test case TC80.sh
TC81.sh on line 10678 has count: 4
Buggy line 10678 is covered by test case TC81.sh
TC82.sh on line 10678 has count: 5
Buggy line 10678 is covered by test case TC82.sh
TC85.sh on line 10678 has count: 9
Buggy line 10678 is covered by test case TC85.sh
TC86.sh on line 10678 has count: 9
Buggy line 10678 is covered by test case TC86.sh
TC87.sh on line 10678 has count: 9
Buggy line 10678 is covered by test case TC87.sh
TC99.sh on line 10678 has count: 7
Buggy line 10678 is covered by test case TC99.sh
TC107.sh on line 10678 has count: 5
Buggy line 10678 is covered by test case TC107.sh
TC111.sh on line 10678 has count: 5
Buggy line 10678 is covered by test case TC111.sh
TC112.sh on line 10678 has count: 5
Buggy line 10678 is covered by test case TC112.sh
TC113.sh on line 10678 has count: 5
Buggy line 10678 is covered by test case TC113.sh
TC114.sh on line 10678 has count: 5
Buggy line 10678 is covered by test case TC114.sh
TC115.sh on line 10678 has count: 4
Buggy line 10678 is covered by test case TC115.sh
TC117.sh on line 10678 has count: 7
Buggy line 10678 is covered by test case TC117.sh
TC118.sh on line 10678 has count: 5
Buggy line 10678 is covered by test case TC118.sh
TC119.sh on line 10678 has count: 7
Buggy line 10678 is covered by test case TC119.sh
TC124.sh on line 10678 has count: 4
Buggy line 10678 is covered by test case TC124.sh
TC133.sh on line 10678 has count: 4
Buggy line 10678 is covered by test case TC133.sh
TC135.sh on line 10678 has count: 4
Buggy line 10678 is covered by test case TC135.sh
TC137.sh on line 10678 has count: 9
Buggy line 10678 is covered by test case TC137.sh
TC140.sh on line 10678 has count: 4
Buggy line 10678 is covered by test case TC140.sh
TC146.sh on line 10678 has count: 4
Buggy line 10678 is covered by test case TC146.sh
TC147.sh on line 10678 has count: 4
Buggy line 10678 is covered by test case TC147.sh
TC148.sh on line 10678 has count: 4
Buggy line 10678 is covered by test case TC148.sh
TC149.sh on line 10678 has count: 4
Buggy line 10678 is covered by test case TC149.sh
TC152.sh on line 10678 has count: 9
Buggy line 10678 is covered by test case TC152.sh
TC153.sh on line 10678 has count: 9
Buggy line 10678 is covered by test case TC153.sh
TC154.sh on line 10678 has count: 9
Buggy line 10678 is covered by test case TC154.sh
TC191.sh on line 10678 has count: 7
Buggy line 10678 is covered by test case TC191.sh
TC194.sh on line 10678 has count: 9
Buggy line 10678 is covered by test case TC194.sh
TC195.sh on line 10678 has count: 4
Buggy line 10678 is covered by test case TC195.sh
TC207.sh on line 10678 has count: 9
Buggy line 10678 is covered by test case TC207.sh
TC208.sh on line 10678 has count: 4
Buggy line 10678 is covered by test case TC208.sh
TC209.sh on line 10678 has count: 5
Buggy line 10678 is covered by test case TC209.sh
TC212.sh on line 10678 has count: 9
Buggy line 10678 is covered by test case TC212.sh
TC213.sh on line 10678 has count: 9
Buggy line 10678 is covered by test case TC213.sh
TC214.sh on line 10678 has count: 9
Buggy line 10678 is covered by test case TC214.sh
TC226.sh on line 10678 has count: 7
Buggy line 10678 is covered by test case TC226.sh
TC234.sh on line 10678 has count: 5
Buggy line 10678 is covered by test case TC234.sh
TC238.sh on line 10678 has count: 5
Buggy line 10678 is covered by test case TC238.sh
TC239.sh on line 10678 has count: 5
Buggy line 10678 is covered by test case TC239.sh
TC240.sh on line 10678 has count: 5
Buggy line 10678 is covered by test case TC240.sh
TC241.sh on line 10678 has count: 5
Buggy line 10678 is covered by test case TC241.sh
TC242.sh on line 10678 has count: 4
Buggy line 10678 is covered by test case TC242.sh
TC244.sh on line 10678 has count: 7
Buggy line 10678 is covered by test case TC244.sh
TC245.sh on line 10678 has count: 5
Buggy line 10678 is covered by test case TC245.sh
TC246.sh on line 10678 has count: 7
Buggy line 10678 is covered by test case TC246.sh
TC251.sh on line 10678 has count: 4
Buggy line 10678 is covered by test case TC251.sh
TC260.sh on line 10678 has count: 4
Buggy line 10678 is covered by test case TC260.sh
TC262.sh on line 10678 has count: 4
Buggy line 10678 is covered by test case TC262.sh
TC264.sh on line 10678 has count: 9
Buggy line 10678 is covered by test case TC264.sh
TC267.sh on line 10678 has count: 4
Buggy line 10678 is covered by test case TC267.sh
TC273.sh on line 10678 has count: 4
Buggy line 10678 is covered by test case TC273.sh
TC274.sh on line 10678 has count: 4
Buggy line 10678 is covered by test case TC274.sh
TC275.sh on line 10678 has count: 4
Buggy line 10678 is covered by test case TC275.sh
TC276.sh on line 10678 has count: 4
Buggy line 10678 is covered by test case TC276.sh
TC279.sh on line 10678 has count: 9
Buggy line 10678 is covered by test case TC279.sh
TC280.sh on line 10678 has count: 9
Buggy line 10678 is covered by test case TC280.sh
TC281.sh on line 10678 has count: 9
Buggy line 10678 is covered by test case TC281.sh
TC318.sh on line 10678 has count: 14
Buggy line 10678 is covered by test case TC318.sh
TC321.sh on line 10678 has count: 9
Buggy line 10678 is covered by test case TC321.sh
TC322.sh on line 10678 has count: 4
Buggy line 10678 is covered by test case TC322.sh
TC325.sh on line 10678 has count: 4
Buggy line 10678 is covered by test case TC325.sh
TC334.sh on line 10678 has count: 9
Buggy line 10678 is covered by test case TC334.sh
TC335.sh on line 10678 has count: 4
Buggy line 10678 is covered by test case TC335.sh
TC336.sh on line 10678 has count: 5
Buggy line 10678 is covered by test case TC336.sh
TC339.sh on line 10678 has count: 9
Buggy line 10678 is covered by test case TC339.sh
TC340.sh on line 10678 has count: 9
Buggy line 10678 is covered by test case TC340.sh
TC341.sh on line 10678 has count: 9
Buggy line 10678 is covered by test case TC341.sh
TC353.sh on line 10678 has count: 7
Buggy line 10678 is covered by test case TC353.sh
TC361.sh on line 10678 has count: 10
Buggy line 10678 is covered by test case TC361.sh
TC365.sh on line 10678 has count: 10
Buggy line 10678 is covered by test case TC365.sh
TC366.sh on line 10678 has count: 10
Buggy line 10678 is covered by test case TC366.sh
TC367.sh on line 10678 has count: 10
Buggy line 10678 is covered by test case TC367.sh
TC368.sh on line 10678 has count: 10
Buggy line 10678 is covered by test case TC368.sh
TC369.sh on line 10678 has count: 4
Buggy line 10678 is covered by test case TC369.sh
TC371.sh on line 10678 has count: 14
Buggy line 10678 is covered by test case TC371.sh
TC372.sh on line 10678 has count: 10
Buggy line 10678 is covered by test case TC372.sh
TC373.sh on line 10678 has count: 14
Buggy line 10678 is covered by test case TC373.sh
TC378.sh on line 10678 has count: 4
Buggy line 10678 is covered by test case TC378.sh
TC398.sh on line 10678 has count: 9
Buggy line 10678 is covered by test case TC398.sh
TC408.sh on line 10678 has count: 4
Buggy line 10678 is covered by test case TC408.sh
TC418.sh on line 10678 has count: 4
Buggy line 10678 is covered by test case TC418.sh
TC435.sh on line 10678 has count: 9
Buggy line 10678 is covered by test case TC435.sh
TC445.sh on line 10678 has count: 4
Buggy line 10678 is covered by test case TC445.sh
TC455.sh on line 10678 has count: 4
Buggy line 10678 is covered by test case TC455.sh
TC472.sh on line 10678 has count: 9
Buggy line 10678 is covered by test case TC472.sh
TC482.sh on line 10678 has count: 4
Buggy line 10678 is covered by test case TC482.sh
TC492.sh on line 10678 has count: 4
Buggy line 10678 is covered by test case TC492.sh
TC511.sh on line 10678 has count: 9
Buggy line 10678 is covered by test case TC511.sh
TC521.sh on line 10678 has count: 4
Buggy line 10678 is covered by test case TC521.sh
TC531.sh on line 10678 has count: 4
Buggy line 10678 is covered by test case TC531.sh
TC549.sh on line 10678 has count: 4
Buggy line 10678 is covered by test case TC549.sh
TC551.sh on line 10678 has count: 4
Buggy line 10678 is covered by test case TC551.sh
TC553.sh on line 10678 has count: 9
Buggy line 10678 is covered by test case TC553.sh
TC556.sh on line 10678 has count: 4
Buggy line 10678 is covered by test case TC556.sh
TC562.sh on line 10678 has count: 4
Buggy line 10678 is covered by test case TC562.sh
TC563.sh on line 10678 has count: 4
Buggy line 10678 is covered by test case TC563.sh
TC564.sh on line 10678 has count: 4
Buggy line 10678 is covered by test case TC564.sh
TC565.sh on line 10678 has count: 4
Buggy line 10678 is covered by test case TC565.sh
TC568.sh on line 10678 has count: 9
Buggy line 10678 is covered by test case TC568.sh
TC569.sh on line 10678 has count: 9
Buggy line 10678 is covered by test case TC569.sh
TC570.sh on line 10678 has count: 9
Buggy line 10678 is covered by test case TC570.sh
TC610.sh on line 10678 has count: 9
Buggy line 10678 is covered by test case TC610.sh
TC611.sh on line 10678 has count: 4
Buggy line 10678 is covered by test case TC611.sh
TC623.sh on line 10678 has count: 9
Buggy line 10678 is covered by test case TC623.sh
TC624.sh on line 10678 has count: 4
Buggy line 10678 is covered by test case TC624.sh
TC625.sh on line 10678 has count: 5
Buggy line 10678 is covered by test case TC625.sh
TC628.sh on line 10678 has count: 9
Buggy line 10678 is covered by test case TC628.sh
TC629.sh on line 10678 has count: 9
Buggy line 10678 is covered by test case TC629.sh
TC630.sh on line 10678 has count: 9
Buggy line 10678 is covered by test case TC630.sh
TC642.sh on line 10678 has count: 7
Buggy line 10678 is covered by test case TC642.sh
TC658.sh on line 10678 has count: 4
Buggy line 10678 is covered by test case TC658.sh
TC667.sh on line 10678 has count: 4
Buggy line 10678 is covered by test case TC667.sh
TC676.sh on line 10678 has count: 4
Buggy line 10678 is covered by test case TC676.sh
TC678.sh on line 10678 has count: 4
Buggy line 10678 is covered by test case TC678.sh
TC680.sh on line 10678 has count: 9
Buggy line 10678 is covered by test case TC680.sh
TC683.sh on line 10678 has count: 4
Buggy line 10678 is covered by test case TC683.sh
TC689.sh on line 10678 has count: 4
Buggy line 10678 is covered by test case TC689.sh
TC690.sh on line 10678 has count: 4
Buggy line 10678 is covered by test case TC690.sh
TC691.sh on line 10678 has count: 4
Buggy line 10678 is covered by test case TC691.sh
TC692.sh on line 10678 has count: 4
Buggy line 10678 is covered by test case TC692.sh
TC695.sh on line 10678 has count: 9
Buggy line 10678 is covered by test case TC695.sh
TC696.sh on line 10678 has count: 9
Buggy line 10678 is covered by test case TC696.sh
TC697.sh on line 10678 has count: 9
Buggy line 10678 is covered by test case TC697.sh
TC737.sh on line 10678 has count: 9
Buggy line 10678 is covered by test case TC737.sh
TC738.sh on line 10678 has count: 4
Buggy line 10678 is covered by test case TC738.sh
TC741.sh on line 10678 has count: 4
Buggy line 10678 is covered by test case TC741.sh
TC750.sh on line 10678 has count: 9
Buggy line 10678 is covered by test case TC750.sh
TC751.sh on line 10678 has count: 4
Buggy line 10678 is covered by test case TC751.sh
TC752.sh on line 10678 has count: 5
Buggy line 10678 is covered by test case TC752.sh
TC755.sh on line 10678 has count: 9
Buggy line 10678 is covered by test case TC755.sh
TC756.sh on line 10678 has count: 9
Buggy line 10678 is covered by test case TC756.sh
TC757.sh on line 10678 has count: 9
Buggy line 10678 is covered by test case TC757.sh
TC769.sh on line 10678 has count: 7
Buggy line 10678 is covered by test case TC769.sh
TC785.sh on line 10678 has count: 4
Buggy line 10678 is covered by test case TC785.sh
TC794.sh on line 10678 has count: 4
Buggy line 10678 is covered by test case TC794.sh
TC803.sh on line 10678 has count: 4
Buggy line 10678 is covered by test case TC803.sh
TC805.sh on line 10678 has count: 4
Buggy line 10678 is covered by test case TC805.sh
TC807.sh on line 10678 has count: 9
Buggy line 10678 is covered by test case TC807.sh
TC810.sh on line 10678 has count: 4
Buggy line 10678 is covered by test case TC810.sh
TC816.sh on line 10678 has count: 4
Buggy line 10678 is covered by test case TC816.sh
TC817.sh on line 10678 has count: 4
Buggy line 10678 is covered by test case TC817.sh
TC818.sh on line 10678 has count: 4
Buggy line 10678 is covered by test case TC818.sh
TC819.sh on line 10678 has count: 4
Buggy line 10678 is covered by test case TC819.sh
TC822.sh on line 10678 has count: 9
Buggy line 10678 is covered by test case TC822.sh
TC823.sh on line 10678 has count: 9
Buggy line 10678 is covered by test case TC823.sh
TC824.sh on line 10678 has count: 9
Buggy line 10678 is covered by test case TC824.sh
TC864.sh on line 10678 has count: 9
Buggy line 10678 is covered by test case TC864.sh
TC865.sh on line 10678 has count: 4
Buggy line 10678 is covered by test case TC865.sh
TC877.sh on line 10678 has count: 9
Buggy line 10678 is covered by test case TC877.sh
TC878.sh on line 10678 has count: 4
Buggy line 10678 is covered by test case TC878.sh
TC879.sh on line 10678 has count: 5
Buggy line 10678 is covered by test case TC879.sh
TC882.sh on line 10678 has count: 9
Buggy line 10678 is covered by test case TC882.sh
TC883.sh on line 10678 has count: 9
Buggy line 10678 is covered by test case TC883.sh
TC884.sh on line 10678 has count: 9
Buggy line 10678 is covered by test case TC884.sh
TC896.sh on line 10678 has count: 7
Buggy line 10678 is covered by test case TC896.sh
TC912.sh on line 10678 has count: 4
Buggy line 10678 is covered by test case TC912.sh
TC921.sh on line 10678 has count: 4
Buggy line 10678 is covered by test case TC921.sh
TC930.sh on line 10678 has count: 4
Buggy line 10678 is covered by test case TC930.sh
TC932.sh on line 10678 has count: 4
Buggy line 10678 is covered by test case TC932.sh
TC934.sh on line 10678 has count: 9
Buggy line 10678 is covered by test case TC934.sh
TC937.sh on line 10678 has count: 4
Buggy line 10678 is covered by test case TC937.sh
TC943.sh on line 10678 has count: 4
Buggy line 10678 is covered by test case TC943.sh
TC944.sh on line 10678 has count: 4
Buggy line 10678 is covered by test case TC944.sh
TC945.sh on line 10678 has count: 4
Buggy line 10678 is covered by test case TC945.sh
TC946.sh on line 10678 has count: 4
Buggy line 10678 is covered by test case TC946.sh
TC949.sh on line 10678 has count: 9
Buggy line 10678 is covered by test case TC949.sh
TC950.sh on line 10678 has count: 9
Buggy line 10678 is covered by test case TC950.sh
TC951.sh on line 10678 has count: 9
Buggy line 10678 is covered by test case TC951.sh
TC991.sh on line 10678 has count: 9
Buggy line 10678 is covered by test case TC991.sh
TC992.sh on line 10678 has count: 4
Buggy line 10678 is covered by test case TC992.sh
TC1004.sh on line 10678 has count: 9
Buggy line 10678 is covered by test case TC1004.sh
TC1005.sh on line 10678 has count: 4
Buggy line 10678 is covered by test case TC1005.sh
TC1006.sh on line 10678 has count: 5
Buggy line 10678 is covered by test case TC1006.sh
TC1009.sh on line 10678 has count: 9
Buggy line 10678 is covered by test case TC1009.sh
TC1010.sh on line 10678 has count: 9
Buggy line 10678 is covered by test case TC1010.sh
TC1011.sh on line 10678 has count: 9
Buggy line 10678 is covered by test case TC1011.sh
TC1023.sh on line 10678 has count: 7
Buggy line 10678 is covered by test case TC1023.sh
TC1039.sh on line 10678 has count: 4
Buggy line 10678 is covered by test case TC1039.sh
TC1048.sh on line 10678 has count: 4
Buggy line 10678 is covered by test case TC1048.sh
TC1057.sh on line 10678 has count: 4
Buggy line 10678 is covered by test case TC1057.sh
TC1059.sh on line 10678 has count: 4
Buggy line 10678 is covered by test case TC1059.sh
TC1061.sh on line 10678 has count: 9
Buggy line 10678 is covered by test case TC1061.sh
TC1064.sh on line 10678 has count: 4
Buggy line 10678 is covered by test case TC1064.sh
TC1070.sh on line 10678 has count: 4
Buggy line 10678 is covered by test case TC1070.sh
TC1071.sh on line 10678 has count: 4
Buggy line 10678 is covered by test case TC1071.sh
TC1072.sh on line 10678 has count: 4
Buggy line 10678 is covered by test case TC1072.sh
TC1073.sh on line 10678 has count: 4
Buggy line 10678 is covered by test case TC1073.sh
TC1076.sh on line 10678 has count: 9
Buggy line 10678 is covered by test case TC1076.sh
TC1077.sh on line 10678 has count: 9
Buggy line 10678 is covered by test case TC1077.sh
TC1078.sh on line 10678 has count: 9
Buggy line 10678 is covered by test case TC1078.sh
TC1118.sh on line 10678 has count: 9
Buggy line 10678 is covered by test case TC1118.sh
TC1119.sh on line 10678 has count: 4
Buggy line 10678 is covered by test case TC1119.sh
TC1131.sh on line 10678 has count: 9
Buggy line 10678 is covered by test case TC1131.sh
TC1132.sh on line 10678 has count: 4
Buggy line 10678 is covered by test case TC1132.sh
TC1133.sh on line 10678 has count: 5
Buggy line 10678 is covered by test case TC1133.sh
TC1136.sh on line 10678 has count: 9
Buggy line 10678 is covered by test case TC1136.sh
TC1137.sh on line 10678 has count: 9
Buggy line 10678 is covered by test case TC1137.sh
TC1138.sh on line 10678 has count: 9
Buggy line 10678 is covered by test case TC1138.sh
TC1150.sh on line 10678 has count: 7
Buggy line 10678 is covered by test case TC1150.sh
TC1158.sh on line 10678 has count: 10
Buggy line 10678 is covered by test case TC1158.sh
TC1162.sh on line 10678 has count: 10
Buggy line 10678 is covered by test case TC1162.sh
TC1163.sh on line 10678 has count: 10
Buggy line 10678 is covered by test case TC1163.sh
TC1164.sh on line 10678 has count: 10
Buggy line 10678 is covered by test case TC1164.sh
TC1165.sh on line 10678 has count: 10
Buggy line 10678 is covered by test case TC1165.sh
TC1166.sh on line 10678 has count: 4
Buggy line 10678 is covered by test case TC1166.sh
TC1168.sh on line 10678 has count: 14
Buggy line 10678 is covered by test case TC1168.sh
TC1169.sh on line 10678 has count: 10
Buggy line 10678 is covered by test case TC1169.sh
TC1170.sh on line 10678 has count: 14
Buggy line 10678 is covered by test case TC1170.sh
TC1175.sh on line 10678 has count: 4
Buggy line 10678 is covered by test case TC1175.sh
TC1184.sh on line 10678 has count: 4
Buggy line 10678 is covered by test case TC1184.sh
TC1186.sh on line 10678 has count: 4
Buggy line 10678 is covered by test case TC1186.sh
TC1188.sh on line 10678 has count: 9
Buggy line 10678 is covered by test case TC1188.sh
TC1191.sh on line 10678 has count: 4
Buggy line 10678 is covered by test case TC1191.sh
TC1197.sh on line 10678 has count: 4
Buggy line 10678 is covered by test case TC1197.sh
TC1198.sh on line 10678 has count: 4
Buggy line 10678 is covered by test case TC1198.sh
TC1199.sh on line 10678 has count: 4
Buggy line 10678 is covered by test case TC1199.sh
TC1200.sh on line 10678 has count: 4
Buggy line 10678 is covered by test case TC1200.sh
TC1203.sh on line 10678 has count: 9
Buggy line 10678 is covered by test case TC1203.sh
TC1204.sh on line 10678 has count: 9
Buggy line 10678 is covered by test case TC1204.sh
TC1205.sh on line 10678 has count: 9
Buggy line 10678 is covered by test case TC1205.sh
TC1245.sh on line 10678 has count: 9
Buggy line 10678 is covered by test case TC1245.sh
TC1246.sh on line 10678 has count: 4
Buggy line 10678 is covered by test case TC1246.sh
TC1258.sh on line 10678 has count: 9
Buggy line 10678 is covered by test case TC1258.sh
TC1259.sh on line 10678 has count: 4
Buggy line 10678 is covered by test case TC1259.sh
TC1260.sh on line 10678 has count: 5
Buggy line 10678 is covered by test case TC1260.sh
TC1263.sh on line 10678 has count: 9
Buggy line 10678 is covered by test case TC1263.sh
TC1264.sh on line 10678 has count: 9
Buggy line 10678 is covered by test case TC1264.sh
TC1265.sh on line 10678 has count: 9
Buggy line 10678 is covered by test case TC1265.sh
TC1277.sh on line 10678 has count: 7
Buggy line 10678 is covered by test case TC1277.sh
TC1285.sh on line 10678 has count: 10
Buggy line 10678 is covered by test case TC1285.sh
TC1289.sh on line 10678 has count: 10
Buggy line 10678 is covered by test case TC1289.sh
TC1290.sh on line 10678 has count: 10
Buggy line 10678 is covered by test case TC1290.sh
TC1291.sh on line 10678 has count: 10
Buggy line 10678 is covered by test case TC1291.sh
TC1292.sh on line 10678 has count: 10
Buggy line 10678 is covered by test case TC1292.sh
TC1293.sh on line 10678 has count: 4
Buggy line 10678 is covered by test case TC1293.sh
TC1295.sh on line 10678 has count: 14
Buggy line 10678 is covered by test case TC1295.sh
TC1296.sh on line 10678 has count: 10
Buggy line 10678 is covered by test case TC1296.sh
TC1297.sh on line 10678 has count: 14
Buggy line 10678 is covered by test case TC1297.sh
TC1302.sh on line 10678 has count: 4
Buggy line 10678 is covered by test case TC1302.sh
TC1311.sh on line 10678 has count: 4
Buggy line 10678 is covered by test case TC1311.sh
TC1313.sh on line 10678 has count: 4
Buggy line 10678 is covered by test case TC1313.sh
TC1315.sh on line 10678 has count: 9
Buggy line 10678 is covered by test case TC1315.sh
TC1318.sh on line 10678 has count: 4
Buggy line 10678 is covered by test case TC1318.sh
TC1324.sh on line 10678 has count: 4
Buggy line 10678 is covered by test case TC1324.sh
TC1325.sh on line 10678 has count: 4
Buggy line 10678 is covered by test case TC1325.sh
TC1326.sh on line 10678 has count: 4
Buggy line 10678 is covered by test case TC1326.sh
TC1327.sh on line 10678 has count: 4
Buggy line 10678 is covered by test case TC1327.sh
TC1330.sh on line 10678 has count: 9
Buggy line 10678 is covered by test case TC1330.sh
TC1331.sh on line 10678 has count: 9
Buggy line 10678 is covered by test case TC1331.sh
TC1332.sh on line 10678 has count: 9
Buggy line 10678 is covered by test case TC1332.sh
TC1372.sh on line 10678 has count: 9
Buggy line 10678 is covered by test case TC1372.sh
TC1373.sh on line 10678 has count: 4
Buggy line 10678 is covered by test case TC1373.sh
TC1376.sh on line 10678 has count: 8
Buggy line 10678 is covered by test case TC1376.sh
TC1385.sh on line 10678 has count: 9
Buggy line 10678 is covered by test case TC1385.sh
TC1386.sh on line 10678 has count: 4
Buggy line 10678 is covered by test case TC1386.sh
TC1387.sh on line 10678 has count: 5
Buggy line 10678 is covered by test case TC1387.sh
TC1390.sh on line 10678 has count: 9
Buggy line 10678 is covered by test case TC1390.sh
TC1391.sh on line 10678 has count: 9
Buggy line 10678 is covered by test case TC1391.sh
TC1392.sh on line 10678 has count: 9
Buggy line 10678 is covered by test case TC1392.sh
TC1404.sh on line 10678 has count: 7
Buggy line 10678 is covered by test case TC1404.sh
TC1412.sh on line 10678 has count: 10
Buggy line 10678 is covered by test case TC1412.sh
TC1416.sh on line 10678 has count: 10
Buggy line 10678 is covered by test case TC1416.sh
TC1417.sh on line 10678 has count: 10
Buggy line 10678 is covered by test case TC1417.sh
TC1418.sh on line 10678 has count: 10
Buggy line 10678 is covered by test case TC1418.sh
TC1419.sh on line 10678 has count: 10
Buggy line 10678 is covered by test case TC1419.sh
TC1420.sh on line 10678 has count: 4
Buggy line 10678 is covered by test case TC1420.sh
TC1422.sh on line 10678 has count: 14
Buggy line 10678 is covered by test case TC1422.sh
TC1423.sh on line 10678 has count: 10
Buggy line 10678 is covered by test case TC1423.sh
TC1424.sh on line 10678 has count: 14
Buggy line 10678 is covered by test case TC1424.sh
TC1429.sh on line 10678 has count: 4
Buggy line 10678 is covered by test case TC1429.sh
TC1438.sh on line 10678 has count: 4
Buggy line 10678 is covered by test case TC1438.sh
TC1440.sh on line 10678 has count: 4
Buggy line 10678 is covered by test case TC1440.sh
TC1442.sh on line 10678 has count: 9
Buggy line 10678 is covered by test case TC1442.sh
TC1445.sh on line 10678 has count: 4
Buggy line 10678 is covered by test case TC1445.sh
TC1451.sh on line 10678 has count: 4
Buggy line 10678 is covered by test case TC1451.sh
TC1452.sh on line 10678 has count: 4
Buggy line 10678 is covered by test case TC1452.sh
TC1453.sh on line 10678 has count: 4
Buggy line 10678 is covered by test case TC1453.sh
TC1454.sh on line 10678 has count: 4
Buggy line 10678 is covered by test case TC1454.sh
TC1457.sh on line 10678 has count: 9
Buggy line 10678 is covered by test case TC1457.sh
TC1458.sh on line 10678 has count: 9
Buggy line 10678 is covered by test case TC1458.sh
TC1459.sh on line 10678 has count: 9
Buggy line 10678 is covered by test case TC1459.sh
TC1496.sh on line 10678 has count: 7
Buggy line 10678 is covered by test case TC1496.sh
TC1499.sh on line 10678 has count: 9
Buggy line 10678 is covered by test case TC1499.sh
TC1500.sh on line 10678 has count: 4
Buggy line 10678 is covered by test case TC1500.sh
TC1512.sh on line 10678 has count: 9
Buggy line 10678 is covered by test case TC1512.sh
TC1513.sh on line 10678 has count: 4
Buggy line 10678 is covered by test case TC1513.sh
TC1514.sh on line 10678 has count: 5
Buggy line 10678 is covered by test case TC1514.sh
TC1517.sh on line 10678 has count: 9
Buggy line 10678 is covered by test case TC1517.sh
TC1518.sh on line 10678 has count: 9
Buggy line 10678 is covered by test case TC1518.sh
TC1519.sh on line 10678 has count: 9
Buggy line 10678 is covered by test case TC1519.sh
TC1531.sh on line 10678 has count: 7
Buggy line 10678 is covered by test case TC1531.sh
TC1539.sh on line 10678 has count: 5
Buggy line 10678 is covered by test case TC1539.sh
TC1543.sh on line 10678 has count: 5
Buggy line 10678 is covered by test case TC1543.sh
TC1544.sh on line 10678 has count: 5
Buggy line 10678 is covered by test case TC1544.sh
TC1545.sh on line 10678 has count: 5
Buggy line 10678 is covered by test case TC1545.sh
TC1546.sh on line 10678 has count: 5
Buggy line 10678 is covered by test case TC1546.sh
TC1547.sh on line 10678 has count: 4
Buggy line 10678 is covered by test case TC1547.sh
TC1549.sh on line 10678 has count: 7
Buggy line 10678 is covered by test case TC1549.sh
TC1550.sh on line 10678 has count: 5
Buggy line 10678 is covered by test case TC1550.sh
TC1551.sh on line 10678 has count: 7
Buggy line 10678 is covered by test case TC1551.sh
TC1556.sh on line 10678 has count: 4
Buggy line 10678 is covered by test case TC1556.sh
TC1565.sh on line 10678 has count: 4
Buggy line 10678 is covered by test case TC1565.sh
TC1567.sh on line 10678 has count: 4
Buggy line 10678 is covered by test case TC1567.sh
TC1569.sh on line 10678 has count: 9
Buggy line 10678 is covered by test case TC1569.sh
TC1572.sh on line 10678 has count: 4
Buggy line 10678 is covered by test case TC1572.sh
TC1578.sh on line 10678 has count: 4
Buggy line 10678 is covered by test case TC1578.sh
TC1579.sh on line 10678 has count: 4
Buggy line 10678 is covered by test case TC1579.sh
TC1580.sh on line 10678 has count: 4
Buggy line 10678 is covered by test case TC1580.sh
TC1581.sh on line 10678 has count: 4
Buggy line 10678 is covered by test case TC1581.sh
TC1584.sh on line 10678 has count: 9
Buggy line 10678 is covered by test case TC1584.sh
TC1585.sh on line 10678 has count: 9
Buggy line 10678 is covered by test case TC1585.sh
TC1586.sh on line 10678 has count: 9
Buggy line 10678 is covered by test case TC1586.sh
TC1623.sh on line 10678 has count: 7
Buggy line 10678 is covered by test case TC1623.sh
TC1626.sh on line 10678 has count: 9
Buggy line 10678 is covered by test case TC1626.sh
TC1627.sh on line 10678 has count: 4
Buggy line 10678 is covered by test case TC1627.sh
TC1639.sh on line 10678 has count: 9
Buggy line 10678 is covered by test case TC1639.sh
TC1640.sh on line 10678 has count: 4
Buggy line 10678 is covered by test case TC1640.sh
TC1641.sh on line 10678 has count: 5
Buggy line 10678 is covered by test case TC1641.sh
TC1644.sh on line 10678 has count: 9
Buggy line 10678 is covered by test case TC1644.sh
TC1645.sh on line 10678 has count: 9
Buggy line 10678 is covered by test case TC1645.sh
TC1646.sh on line 10678 has count: 9
Buggy line 10678 is covered by test case TC1646.sh
TC1658.sh on line 10678 has count: 7
Buggy line 10678 is covered by test case TC1658.sh
TC1666.sh on line 10678 has count: 5
Buggy line 10678 is covered by test case TC1666.sh
TC1670.sh on line 10678 has count: 5
Buggy line 10678 is covered by test case TC1670.sh
TC1671.sh on line 10678 has count: 5
Buggy line 10678 is covered by test case TC1671.sh
TC1672.sh on line 10678 has count: 5
Buggy line 10678 is covered by test case TC1672.sh
TC1673.sh on line 10678 has count: 5
Buggy line 10678 is covered by test case TC1673.sh
TC1674.sh on line 10678 has count: 4
Buggy line 10678 is covered by test case TC1674.sh
TC1676.sh on line 10678 has count: 7
Buggy line 10678 is covered by test case TC1676.sh
TC1677.sh on line 10678 has count: 5
Buggy line 10678 is covered by test case TC1677.sh
TC1678.sh on line 10678 has count: 7
Buggy line 10678 is covered by test case TC1678.sh
TC1683.sh on line 10678 has count: 4
Buggy line 10678 is covered by test case TC1683.sh
TC1946.sh on line 10678 has count: 4
Buggy line 10678 is covered by test case TC1946.sh
TC1950.sh on line 10678 has count: 9
Buggy line 10678 is covered by test case TC1950.sh
TC1951.sh on line 10678 has count: 10
Buggy line 10678 is covered by test case TC1951.sh
TC1959.sh on line 10678 has count: 9
Buggy line 10678 is covered by test case TC1959.sh
TC1961.sh on line 10678 has count: 4
Buggy line 10678 is covered by test case TC1961.sh
TC1964.sh on line 10678 has count: 4
Buggy line 10678 is covered by test case TC1964.sh
TC1965.sh on line 10678 has count: 9
Buggy line 10678 is covered by test case TC1965.sh
TC1967.sh on line 10678 has count: 9
Buggy line 10678 is covered by test case TC1967.sh
TC1968.sh on line 10678 has count: 9
Buggy line 10678 is covered by test case TC1968.sh
TC1978.sh on line 10678 has count: 4
Buggy line 10678 is covered by test case TC1978.sh
TC2002.sh on line 10678 has count: 4
Buggy line 10678 is covered by test case TC2002.sh
TC2006.sh on line 10678 has count: 9
Buggy line 10678 is covered by test case TC2006.sh
TC2007.sh on line 10678 has count: 10
Buggy line 10678 is covered by test case TC2007.sh
TC2015.sh on line 10678 has count: 9
Buggy line 10678 is covered by test case TC2015.sh
TC2017.sh on line 10678 has count: 4
Buggy line 10678 is covered by test case TC2017.sh
TC2020.sh on line 10678 has count: 4
Buggy line 10678 is covered by test case TC2020.sh
TC2021.sh on line 10678 has count: 9
Buggy line 10678 is covered by test case TC2021.sh
TC2023.sh on line 10678 has count: 9
Buggy line 10678 is covered by test case TC2023.sh
TC2024.sh on line 10678 has count: 9
Buggy line 10678 is covered by test case TC2024.sh
TC2038.sh on line 10678 has count: 4
Buggy line 10678 is covered by test case TC2038.sh
TC2039.sh on line 10678 has count: 4
Buggy line 10678 is covered by test case TC2039.sh
TC2053.sh on line 10678 has count: 4
Buggy line 10678 is covered by test case TC2053.sh
TC2054.sh on line 10678 has count: 9
Buggy line 10678 is covered by test case TC2054.sh
TC2056.sh on line 10678 has count: 4
Buggy line 10678 is covered by test case TC2056.sh
TC2070.sh on line 10678 has count: 4
Buggy line 10678 is covered by test case TC2070.sh
TC2071.sh on line 10678 has count: 9
Buggy line 10678 is covered by test case TC2071.sh
TC2073.sh on line 10678 has count: 4
Buggy line 10678 is covered by test case TC2073.sh
TC2087.sh on line 10678 has count: 4
Buggy line 10678 is covered by test case TC2087.sh
TC2088.sh on line 10678 has count: 9
Buggy line 10678 is covered by test case TC2088.sh
TC2090.sh on line 10678 has count: 4
Buggy line 10678 is covered by test case TC2090.sh
TC2104.sh on line 10678 has count: 4
Buggy line 10678 is covered by test case TC2104.sh
TC2105.sh on line 10678 has count: 9
Buggy line 10678 is covered by test case TC2105.sh
TC2152.sh on line 10678 has count: 4
Buggy line 10678 is covered by test case TC2152.sh
TC2164.sh on line 10678 has count: 9
Buggy line 10678 is covered by test case TC2164.sh
TC2165.sh on line 10678 has count: 9
Buggy line 10678 is covered by test case TC2165.sh
TC2166.sh on line 10678 has count: 9
Buggy line 10678 is covered by test case TC2166.sh
TC2197.sh on line 10678 has count: 9
Buggy line 10678 is covered by test case TC2197.sh
TC2199.sh on line 10678 has count: 9
Buggy line 10678 is covered by test case TC2199.sh
TC2205.sh on line 10678 has count: 4
Buggy line 10678 is covered by test case TC2205.sh
TC2223.sh on line 10678 has count: 8
Buggy line 10678 is covered by test case TC2223.sh
TC2256.sh on line 10678 has count: 4
Buggy line 10678 is covered by test case TC2256.sh
TC2343.sh on line 10678 has count: 9
Buggy line 10678 is covered by test case TC2343.sh
TC2445.sh on line 10678 has count: 9
Buggy line 10678 is covered by test case TC2445.sh
TC2506.sh on line 10678 has count: 9
Buggy line 10678 is covered by test case TC2506.sh
TC2513.sh on line 10678 has count: 9
Buggy line 10678 is covered by test case TC2513.sh
TC2554.sh on line 10678 has count: 9
Buggy line 10678 is covered by test case TC2554.sh
TC2559.sh on line 10678 has count: 4
Buggy line 10678 is covered by test case TC2559.sh
TC2560.sh on line 10678 has count: 4
Buggy line 10678 is covered by test case TC2560.sh
TC2561.sh on line 10678 has count: 4
Buggy line 10678 is covered by test case TC2561.sh
TC2562.sh on line 10678 has count: 4
Buggy line 10678 is covered by test case TC2562.sh
TC2563.sh on line 10678 has count: 4
Buggy line 10678 is covered by test case TC2563.sh
TC2564.sh on line 10678 has count: 4
Buggy line 10678 is covered by test case TC2564.sh
TC2565.sh on line 10678 has count: 4
Buggy line 10678 is covered by test case TC2565.sh
TC2566.sh on line 10678 has count: 4
Buggy line 10678 is covered by test case TC2566.sh
TC2567.sh on line 10678 has count: 4
Buggy line 10678 is covered by test case TC2567.sh
TC2568.sh on line 10678 has count: 4
Buggy line 10678 is covered by test case TC2568.sh
TC2569.sh on line 10678 has count: 4
Buggy line 10678 is covered by test case TC2569.sh
TC2570.sh on line 10678 has count: 4
Buggy line 10678 is covered by test case TC2570.sh
TC2571.sh on line 10678 has count: 4
Buggy line 10678 is covered by test case TC2571.sh
TC2572.sh on line 10678 has count: 4
Buggy line 10678 is covered by test case TC2572.sh
TC2573.sh on line 10678 has count: 4
Buggy line 10678 is covered by test case TC2573.sh
TC2574.sh on line 10678 has count: 4
Buggy line 10678 is covered by test case TC2574.sh
TC2575.sh on line 10678 has count: 4
Buggy line 10678 is covered by test case TC2575.sh
TC2576.sh on line 10678 has count: 4
Buggy line 10678 is covered by test case TC2576.sh
>> Saving version parser.MUT12383.c to database
>> Reverted parser.c to original from parser.MUT12383.c

+++++ STDERR +++++

+++++ results for parser.MUT3995.c +++++
+++++ STDOUT +++++
Testing version parser.MUT3995.c on faster11.swtv::core1
>> Building libxml2_TF_top30
>> Applied patch to parser.c with parser.MUT3995.c
>> Building libxml2_TF_top30
TC2037.sh on line 3752 has count: 24
Buggy line 3752 is covered by test case TC2037.sh
TC2038.sh on line 3752 has count: 54
Buggy line 3752 is covered by test case TC2038.sh
TC2343.sh on line 3752 has count: 2
Buggy line 3752 is covered by test case TC2343.sh
TC2445.sh on line 3752 has count: 2
Buggy line 3752 is covered by test case TC2445.sh
TC3.sh on line 3752 has count: 2
Buggy line 3752 is covered by test case TC3.sh
TC14.sh on line 3752 has count: 1
Buggy line 3752 is covered by test case TC14.sh
TC70.sh on line 3752 has count: 1
Buggy line 3752 is covered by test case TC70.sh
TC126.sh on line 3752 has count: 1
Buggy line 3752 is covered by test case TC126.sh
TC130.sh on line 3752 has count: 2
Buggy line 3752 is covered by test case TC130.sh
TC141.sh on line 3752 has count: 1
Buggy line 3752 is covered by test case TC141.sh
TC197.sh on line 3752 has count: 1
Buggy line 3752 is covered by test case TC197.sh
TC253.sh on line 3752 has count: 1
Buggy line 3752 is covered by test case TC253.sh
TC257.sh on line 3752 has count: 2
Buggy line 3752 is covered by test case TC257.sh
TC268.sh on line 3752 has count: 1
Buggy line 3752 is covered by test case TC268.sh
TC324.sh on line 3752 has count: 1
Buggy line 3752 is covered by test case TC324.sh
TC380.sh on line 3752 has count: 1
Buggy line 3752 is covered by test case TC380.sh
TC398.sh on line 3752 has count: 2
Buggy line 3752 is covered by test case TC398.sh
TC435.sh on line 3752 has count: 2
Buggy line 3752 is covered by test case TC435.sh
TC472.sh on line 3752 has count: 2
Buggy line 3752 is covered by test case TC472.sh
TC511.sh on line 3752 has count: 2
Buggy line 3752 is covered by test case TC511.sh
TC546.sh on line 3752 has count: 2
Buggy line 3752 is covered by test case TC546.sh
TC557.sh on line 3752 has count: 1
Buggy line 3752 is covered by test case TC557.sh
TC613.sh on line 3752 has count: 1
Buggy line 3752 is covered by test case TC613.sh
TC669.sh on line 3752 has count: 1
Buggy line 3752 is covered by test case TC669.sh
TC673.sh on line 3752 has count: 2
Buggy line 3752 is covered by test case TC673.sh
TC684.sh on line 3752 has count: 1
Buggy line 3752 is covered by test case TC684.sh
TC740.sh on line 3752 has count: 1
Buggy line 3752 is covered by test case TC740.sh
TC796.sh on line 3752 has count: 1
Buggy line 3752 is covered by test case TC796.sh
TC800.sh on line 3752 has count: 2
Buggy line 3752 is covered by test case TC800.sh
TC811.sh on line 3752 has count: 1
Buggy line 3752 is covered by test case TC811.sh
TC867.sh on line 3752 has count: 1
Buggy line 3752 is covered by test case TC867.sh
TC923.sh on line 3752 has count: 1
Buggy line 3752 is covered by test case TC923.sh
TC927.sh on line 3752 has count: 2
Buggy line 3752 is covered by test case TC927.sh
TC938.sh on line 3752 has count: 1
Buggy line 3752 is covered by test case TC938.sh
TC994.sh on line 3752 has count: 1
Buggy line 3752 is covered by test case TC994.sh
TC1050.sh on line 3752 has count: 1
Buggy line 3752 is covered by test case TC1050.sh
TC1054.sh on line 3752 has count: 2
Buggy line 3752 is covered by test case TC1054.sh
TC1065.sh on line 3752 has count: 1
Buggy line 3752 is covered by test case TC1065.sh
TC1121.sh on line 3752 has count: 1
Buggy line 3752 is covered by test case TC1121.sh
TC1177.sh on line 3752 has count: 1
Buggy line 3752 is covered by test case TC1177.sh
TC1181.sh on line 3752 has count: 2
Buggy line 3752 is covered by test case TC1181.sh
TC1192.sh on line 3752 has count: 1
Buggy line 3752 is covered by test case TC1192.sh
TC1248.sh on line 3752 has count: 1
Buggy line 3752 is covered by test case TC1248.sh
TC1304.sh on line 3752 has count: 1
Buggy line 3752 is covered by test case TC1304.sh
TC1308.sh on line 3752 has count: 2
Buggy line 3752 is covered by test case TC1308.sh
TC1319.sh on line 3752 has count: 1
Buggy line 3752 is covered by test case TC1319.sh
TC1375.sh on line 3752 has count: 1
Buggy line 3752 is covered by test case TC1375.sh
TC1431.sh on line 3752 has count: 1
Buggy line 3752 is covered by test case TC1431.sh
TC1435.sh on line 3752 has count: 2
Buggy line 3752 is covered by test case TC1435.sh
TC1446.sh on line 3752 has count: 1
Buggy line 3752 is covered by test case TC1446.sh
TC1502.sh on line 3752 has count: 1
Buggy line 3752 is covered by test case TC1502.sh
TC1558.sh on line 3752 has count: 1
Buggy line 3752 is covered by test case TC1558.sh
TC1562.sh on line 3752 has count: 2
Buggy line 3752 is covered by test case TC1562.sh
TC1573.sh on line 3752 has count: 1
Buggy line 3752 is covered by test case TC1573.sh
TC1629.sh on line 3752 has count: 1
Buggy line 3752 is covered by test case TC1629.sh
TC1685.sh on line 3752 has count: 1
Buggy line 3752 is covered by test case TC1685.sh
TC1950.sh on line 3752 has count: 2
Buggy line 3752 is covered by test case TC1950.sh
TC1959.sh on line 3752 has count: 1
Buggy line 3752 is covered by test case TC1959.sh
TC1970.sh on line 3752 has count: 2
Buggy line 3752 is covered by test case TC1970.sh
TC1971.sh on line 3752 has count: 4
Buggy line 3752 is covered by test case TC1971.sh
TC1972.sh on line 3752 has count: 4
Buggy line 3752 is covered by test case TC1972.sh
TC1973.sh on line 3752 has count: 4
Buggy line 3752 is covered by test case TC1973.sh
TC1978.sh on line 3752 has count: 54
Buggy line 3752 is covered by test case TC1978.sh
TC2006.sh on line 3752 has count: 2
Buggy line 3752 is covered by test case TC2006.sh
TC2015.sh on line 3752 has count: 1
Buggy line 3752 is covered by test case TC2015.sh
TC2026.sh on line 3752 has count: 2
Buggy line 3752 is covered by test case TC2026.sh
TC2028.sh on line 3752 has count: 4
Buggy line 3752 is covered by test case TC2028.sh
TC2030.sh on line 3752 has count: 4
Buggy line 3752 is covered by test case TC2030.sh
TC2032.sh on line 3752 has count: 4
Buggy line 3752 is covered by test case TC2032.sh
>> Saving version parser.MUT3995.c to database
>> Reverted parser.c to original from parser.MUT3995.c

+++++ STDERR +++++

+++++ results for xmlregexp.MUT6652.c +++++
+++++ STDOUT +++++
Testing version xmlregexp.MUT6652.c on faster11.swtv::core1
>> Building libxml2_TF_top30
>> Applied patch to xmlregexp.c with xmlregexp.MUT6652.c
>> Building libxml2_TF_top30
TC2256.sh on line 4959 has count: 40
Buggy line 4959 is covered by test case TC2256.sh
TC2261.sh on line 4959 has count: 10
Buggy line 4959 is covered by test case TC2261.sh
TC2262.sh on line 4959 has count: 10
Buggy line 4959 is covered by test case TC2262.sh
TC2425.sh on line 4959 has count: 24
Buggy line 4959 is covered by test case TC2425.sh
TC2626.sh on line 4959 has count: 4
Buggy line 4959 is covered by test case TC2626.sh
TC2633.sh on line 4959 has count: 4
Buggy line 4959 is covered by test case TC2633.sh
TC2635.sh on line 4959 has count: 4
Buggy line 4959 is covered by test case TC2635.sh
TC2638.sh on line 4959 has count: 32
Buggy line 4959 is covered by test case TC2638.sh
>> Saving version xmlregexp.MUT6652.c to database
>> Reverted xmlregexp.c to original from xmlregexp.MUT6652.c

+++++ STDERR +++++

+++++ results for c14n.MUT957.c +++++
+++++ STDOUT +++++
Testing version c14n.MUT957.c on faster11.swtv::core1
>> Building libxml2_TF_top30
>> Applied patch to c14n.c with c14n.MUT957.c
>> Building libxml2_TF_top30
TC2556.sh on line 1088 has count: 2
Buggy line 1088 is covered by test case TC2556.sh
TC2557.sh on line 1088 has count: 2
Buggy line 1088 is covered by test case TC2557.sh
TC2558.sh on line 1088 has count: 2
Buggy line 1088 is covered by test case TC2558.sh
TC2559.sh on line 1088 has count: 2
Buggy line 1088 is covered by test case TC2559.sh
TC2560.sh on line 1088 has count: 5
Buggy line 1088 is covered by test case TC2560.sh
TC2561.sh on line 1088 has count: 4
Buggy line 1088 is covered by test case TC2561.sh
TC2562.sh on line 1088 has count: 2
Buggy line 1088 is covered by test case TC2562.sh
TC2563.sh on line 1088 has count: 1
Buggy line 1088 is covered by test case TC2563.sh
TC2564.sh on line 1088 has count: 1
Buggy line 1088 is covered by test case TC2564.sh
TC2565.sh on line 1088 has count: 1
Buggy line 1088 is covered by test case TC2565.sh
TC2566.sh on line 1088 has count: 1
Buggy line 1088 is covered by test case TC2566.sh
>> Saving version c14n.MUT957.c to database
>> Reverted c14n.c to original from c14n.MUT957.c

+++++ STDERR +++++

+++++ results for parser.MUT2243.c +++++
+++++ STDOUT +++++
Testing version parser.MUT2243.c on faster11.swtv::core1
>> Building libxml2_TF_top30
>> Applied patch to parser.c with parser.MUT2243.c
>> Building libxml2_TF_top30
TC77.sh on line 2356 has count: 15
Buggy line 2356 is covered by test case TC77.sh
TC127.sh on line 2356 has count: 19
Buggy line 2356 is covered by test case TC127.sh
TC204.sh on line 2356 has count: 15
Buggy line 2356 is covered by test case TC204.sh
TC254.sh on line 2356 has count: 19
Buggy line 2356 is covered by test case TC254.sh
TC331.sh on line 2356 has count: 15
Buggy line 2356 is covered by test case TC331.sh
TC381.sh on line 2356 has count: 19
Buggy line 2356 is covered by test case TC381.sh
TC399.sh on line 2356 has count: 19
Buggy line 2356 is covered by test case TC399.sh
TC436.sh on line 2356 has count: 19
Buggy line 2356 is covered by test case TC436.sh
TC473.sh on line 2356 has count: 19
Buggy line 2356 is covered by test case TC473.sh
TC506.sh on line 2356 has count: 7
Buggy line 2356 is covered by test case TC506.sh
TC512.sh on line 2356 has count: 19
Buggy line 2356 is covered by test case TC512.sh
TC620.sh on line 2356 has count: 15
Buggy line 2356 is covered by test case TC620.sh
TC670.sh on line 2356 has count: 19
Buggy line 2356 is covered by test case TC670.sh
TC747.sh on line 2356 has count: 15
Buggy line 2356 is covered by test case TC747.sh
TC797.sh on line 2356 has count: 19
Buggy line 2356 is covered by test case TC797.sh
TC874.sh on line 2356 has count: 15
Buggy line 2356 is covered by test case TC874.sh
TC924.sh on line 2356 has count: 19
Buggy line 2356 is covered by test case TC924.sh
TC1001.sh on line 2356 has count: 15
Buggy line 2356 is covered by test case TC1001.sh
TC1051.sh on line 2356 has count: 19
Buggy line 2356 is covered by test case TC1051.sh
TC1128.sh on line 2356 has count: 30
Buggy line 2356 is covered by test case TC1128.sh
TC1178.sh on line 2356 has count: 34
Buggy line 2356 is covered by test case TC1178.sh
TC1255.sh on line 2356 has count: 30
Buggy line 2356 is covered by test case TC1255.sh
TC1305.sh on line 2356 has count: 34
Buggy line 2356 is covered by test case TC1305.sh
TC1382.sh on line 2356 has count: 30
Buggy line 2356 is covered by test case TC1382.sh
TC1432.sh on line 2356 has count: 34
Buggy line 2356 is covered by test case TC1432.sh
TC1509.sh on line 2356 has count: 15
Buggy line 2356 is covered by test case TC1509.sh
TC1559.sh on line 2356 has count: 19
Buggy line 2356 is covered by test case TC1559.sh
TC1636.sh on line 2356 has count: 15
Buggy line 2356 is covered by test case TC1636.sh
TC1686.sh on line 2356 has count: 19
Buggy line 2356 is covered by test case TC1686.sh
TC1950.sh on line 2356 has count: 331
Buggy line 2356 is covered by test case TC1950.sh
TC1952.sh on line 2356 has count: 12
Buggy line 2356 is covered by test case TC1952.sh
TC1953.sh on line 2356 has count: 35
Buggy line 2356 is covered by test case TC1953.sh
TC1955.sh on line 2356 has count: 113
Buggy line 2356 is covered by test case TC1955.sh
TC1959.sh on line 2356 has count: 62
Buggy line 2356 is covered by test case TC1959.sh
TC1965.sh on line 2356 has count: 15
Buggy line 2356 is covered by test case TC1965.sh
TC1966.sh on line 2356 has count: 15
Buggy line 2356 is covered by test case TC1966.sh
TC1971.sh on line 2356 has count: 7
Buggy line 2356 is covered by test case TC1971.sh
TC1972.sh on line 2356 has count: 7
Buggy line 2356 is covered by test case TC1972.sh
TC1973.sh on line 2356 has count: 8
Buggy line 2356 is covered by test case TC1973.sh
TC1976.sh on line 2356 has count: 18
Buggy line 2356 is covered by test case TC1976.sh
TC1977.sh on line 2356 has count: 18
Buggy line 2356 is covered by test case TC1977.sh
TC1978.sh on line 2356 has count: 243
Buggy line 2356 is covered by test case TC1978.sh
TC2006.sh on line 2356 has count: 331
Buggy line 2356 is covered by test case TC2006.sh
TC2008.sh on line 2356 has count: 12
Buggy line 2356 is covered by test case TC2008.sh
TC2009.sh on line 2356 has count: 35
Buggy line 2356 is covered by test case TC2009.sh
TC2011.sh on line 2356 has count: 113
Buggy line 2356 is covered by test case TC2011.sh
TC2015.sh on line 2356 has count: 62
Buggy line 2356 is covered by test case TC2015.sh
TC2021.sh on line 2356 has count: 15
Buggy line 2356 is covered by test case TC2021.sh
TC2022.sh on line 2356 has count: 15
Buggy line 2356 is covered by test case TC2022.sh
TC2028.sh on line 2356 has count: 7
Buggy line 2356 is covered by test case TC2028.sh
TC2030.sh on line 2356 has count: 7
Buggy line 2356 is covered by test case TC2030.sh
TC2032.sh on line 2356 has count: 8
Buggy line 2356 is covered by test case TC2032.sh
TC2035.sh on line 2356 has count: 18
Buggy line 2356 is covered by test case TC2035.sh
TC2036.sh on line 2356 has count: 18
Buggy line 2356 is covered by test case TC2036.sh
TC2037.sh on line 2356 has count: 489
Buggy line 2356 is covered by test case TC2037.sh
TC2038.sh on line 2356 has count: 243
Buggy line 2356 is covered by test case TC2038.sh
TC2343.sh on line 2356 has count: 331
Buggy line 2356 is covered by test case TC2343.sh
TC2445.sh on line 2356 has count: 331
Buggy line 2356 is covered by test case TC2445.sh
>> Saving version parser.MUT2243.c to database
>> Reverted parser.c to original from parser.MUT2243.c

+++++ STDERR +++++

+++++ results for parser.MUT8526.c +++++
+++++ STDOUT +++++
Testing version parser.MUT8526.c on faster11.swtv::core1
>> Building libxml2_TF_top30
>> Applied patch to parser.c with parser.MUT8526.c
>> Building libxml2_TF_top30
TC126.sh on line 7404 has count: 4
Buggy line 7404 is covered by test case TC126.sh
TC253.sh on line 7404 has count: 2
Buggy line 7404 is covered by test case TC253.sh
TC669.sh on line 7404 has count: 2
Buggy line 7404 is covered by test case TC669.sh
TC749.sh on line 7404 has count: 1
Buggy line 7404 is covered by test case TC749.sh
TC923.sh on line 7404 has count: 2
Buggy line 7404 is covered by test case TC923.sh
TC1050.sh on line 7404 has count: 2
Buggy line 7404 is covered by test case TC1050.sh
TC1558.sh on line 7404 has count: 2
Buggy line 7404 is covered by test case TC1558.sh
TC1685.sh on line 7404 has count: 2
Buggy line 7404 is covered by test case TC1685.sh
>> Saving version parser.MUT8526.c to database
>> Reverted parser.c to original from parser.MUT8526.c

+++++ STDERR +++++

+++++ results for relaxng.MUT334.c +++++
+++++ STDOUT +++++
Testing version relaxng.MUT334.c on faster11.swtv::core1
>> Building libxml2_TF_top30
>> Applied patch to relaxng.c with relaxng.MUT334.c
>> Building libxml2_TF_top30
TC2303.sh on line 886 has count: 0
Buggy line 886 is NOT covered by test case TC2303.sh
>> Reverted relaxng.c to original from relaxng.MUT334.c

+++++ STDERR +++++

+++++ results for xmlregexp.MUT501.c +++++
+++++ STDOUT +++++
Testing version xmlregexp.MUT501.c on faster11.swtv::core1
>> Building libxml2_TF_top30
>> Applied patch to xmlregexp.c with xmlregexp.MUT501.c
>> Building libxml2_TF_top30
TC2191.sh on line 733 has count: 1
Buggy line 733 is covered by test case TC2191.sh
TC2243.sh on line 733 has count: 1
Buggy line 733 is covered by test case TC2243.sh
TC2244.sh on line 733 has count: 1
Buggy line 733 is covered by test case TC2244.sh
TC2256.sh on line 733 has count: 25
Buggy line 733 is covered by test case TC2256.sh
TC2258.sh on line 733 has count: 1
Buggy line 733 is covered by test case TC2258.sh
TC2259.sh on line 733 has count: 1
Buggy line 733 is covered by test case TC2259.sh
TC2261.sh on line 733 has count: 5
Buggy line 733 is covered by test case TC2261.sh
TC2262.sh on line 733 has count: 5
Buggy line 733 is covered by test case TC2262.sh
TC2284.sh on line 733 has count: 1
Buggy line 733 is covered by test case TC2284.sh
TC2425.sh on line 733 has count: 23
Buggy line 733 is covered by test case TC2425.sh
TC2426.sh on line 733 has count: 6
Buggy line 733 is covered by test case TC2426.sh
TC2429.sh on line 733 has count: 1
Buggy line 733 is covered by test case TC2429.sh
TC2625.sh on line 733 has count: 106
Buggy line 733 is covered by test case TC2625.sh
TC2626.sh on line 733 has count: 6
Buggy line 733 is covered by test case TC2626.sh
TC2632.sh on line 733 has count: 8
Buggy line 733 is covered by test case TC2632.sh
TC2633.sh on line 733 has count: 3
Buggy line 733 is covered by test case TC2633.sh
TC2635.sh on line 733 has count: 4
Buggy line 733 is covered by test case TC2635.sh
TC2637.sh on line 733 has count: 3
Buggy line 733 is covered by test case TC2637.sh
TC2638.sh on line 733 has count: 32
Buggy line 733 is covered by test case TC2638.sh
>> Saving version xmlregexp.MUT501.c to database
>> Reverted xmlregexp.c to original from xmlregexp.MUT501.c

+++++ STDERR +++++

+++++ results for xmlregexp.MUT4251.c +++++
+++++ STDOUT +++++
Testing version xmlregexp.MUT4251.c on faster11.swtv::core1
>> Building libxml2_TF_top30
>> Applied patch to xmlregexp.c with xmlregexp.MUT4251.c
>> Building libxml2_TF_top30
TC2289.sh on line 3197 has count: 46
Buggy line 3197 is covered by test case TC2289.sh
TC2323.sh on line 3197 has count: 16
Buggy line 3197 is covered by test case TC2323.sh
TC2425.sh on line 3197 has count: 16
Buggy line 3197 is covered by test case TC2425.sh
TC2426.sh on line 3197 has count: 2
Buggy line 3197 is covered by test case TC2426.sh
TC2624.sh on line 3197 has count: 13
Buggy line 3197 is covered by test case TC2624.sh
TC2625.sh on line 3197 has count: 16
Buggy line 3197 is covered by test case TC2625.sh
TC2627.sh on line 3197 has count: 6
Buggy line 3197 is covered by test case TC2627.sh
TC2629.sh on line 3197 has count: 1
Buggy line 3197 is covered by test case TC2629.sh
TC2630.sh on line 3197 has count: 10
Buggy line 3197 is covered by test case TC2630.sh
TC2631.sh on line 3197 has count: 10
Buggy line 3197 is covered by test case TC2631.sh
TC2632.sh on line 3197 has count: 2
Buggy line 3197 is covered by test case TC2632.sh
TC2633.sh on line 3197 has count: 2
Buggy line 3197 is covered by test case TC2633.sh
TC2634.sh on line 3197 has count: 1
Buggy line 3197 is covered by test case TC2634.sh
TC2635.sh on line 3197 has count: 5
Buggy line 3197 is covered by test case TC2635.sh
TC2636.sh on line 3197 has count: 12
Buggy line 3197 is covered by test case TC2636.sh
TC2637.sh on line 3197 has count: 12
Buggy line 3197 is covered by test case TC2637.sh
TC2638.sh on line 3197 has count: 30
Buggy line 3197 is covered by test case TC2638.sh
>> Saving version xmlregexp.MUT4251.c to database
>> Reverted xmlregexp.c to original from xmlregexp.MUT4251.c
>> Cleaning build for libxml2_TF_top30

+++++ STDERR +++++
