
+++++ results for parser.MUT15429.c +++++
+++++ STDOUT +++++
Testing version parser.MUT15429.c on faster40.swtv::core0
>> Configuring libxml2_TF_top30 with coverage
>> Building libxml2_TF_top30
>> Applied patch to parser.c with parser.MUT15429.c
>> Building libxml2_TF_top30
TC1431.sh on line 12958 has count: 2
Buggy line 12958 is covered by test case TC1431.sh
TC1432.sh on line 12958 has count: 1
Buggy line 12958 is covered by test case TC1432.sh
TC1441.sh on line 12958 has count: 1
Buggy line 12958 is covered by test case TC1441.sh
TC1446.sh on line 12958 has count: 1
Buggy line 12958 is covered by test case TC1446.sh
TC1449.sh on line 12958 has count: 1
Buggy line 12958 is covered by test case TC1449.sh
TC1486.sh on line 12958 has count: 1
Buggy line 12958 is covered by test case TC1486.sh
TC1498.sh on line 12958 has count: 1
Buggy line 12958 is covered by test case TC1498.sh
TC1499.sh on line 12958 has count: 1
Buggy line 12958 is covered by test case TC1499.sh
TC1500.sh on line 12958 has count: 1
Buggy line 12958 is covered by test case TC1500.sh
TC1501.sh on line 12958 has count: 1
Buggy line 12958 is covered by test case TC1501.sh
TC1503.sh on line 12958 has count: 1
Buggy line 12958 is covered by test case TC1503.sh
TC1509.sh on line 12958 has count: 1
Buggy line 12958 is covered by test case TC1509.sh
TC1510.sh on line 12958 has count: 2
Buggy line 12958 is covered by test case TC1510.sh
TC1511.sh on line 12958 has count: 2
Buggy line 12958 is covered by test case TC1511.sh
TC1524.sh on line 12958 has count: 4
Buggy line 12958 is covered by test case TC1524.sh
TC1558.sh on line 12958 has count: 1
Buggy line 12958 is covered by test case TC1558.sh
TC1559.sh on line 12958 has count: 1
Buggy line 12958 is covered by test case TC1559.sh
TC1568.sh on line 12958 has count: 1
Buggy line 12958 is covered by test case TC1568.sh
TC1573.sh on line 12958 has count: 1
Buggy line 12958 is covered by test case TC1573.sh
TC1576.sh on line 12958 has count: 1
Buggy line 12958 is covered by test case TC1576.sh
TC1613.sh on line 12958 has count: 1
Buggy line 12958 is covered by test case TC1613.sh
TC1625.sh on line 12958 has count: 1
Buggy line 12958 is covered by test case TC1625.sh
TC1626.sh on line 12958 has count: 1
Buggy line 12958 is covered by test case TC1626.sh
TC1627.sh on line 12958 has count: 1
Buggy line 12958 is covered by test case TC1627.sh
TC1628.sh on line 12958 has count: 1
Buggy line 12958 is covered by test case TC1628.sh
TC1630.sh on line 12958 has count: 1
Buggy line 12958 is covered by test case TC1630.sh
TC1636.sh on line 12958 has count: 1
Buggy line 12958 is covered by test case TC1636.sh
TC1637.sh on line 12958 has count: 2
Buggy line 12958 is covered by test case TC1637.sh
TC1638.sh on line 12958 has count: 2
Buggy line 12958 is covered by test case TC1638.sh
TC1651.sh on line 12958 has count: 4
Buggy line 12958 is covered by test case TC1651.sh
TC1685.sh on line 12958 has count: 1
Buggy line 12958 is covered by test case TC1685.sh
TC1686.sh on line 12958 has count: 1
Buggy line 12958 is covered by test case TC1686.sh
TC1913.sh on line 12958 has count: 2
Buggy line 12958 is covered by test case TC1913.sh
TC1946.sh on line 12958 has count: 1
Buggy line 12958 is covered by test case TC1946.sh
TC1950.sh on line 12958 has count: 363
Buggy line 12958 is covered by test case TC1950.sh
TC1957.sh on line 12958 has count: 1
Buggy line 12958 is covered by test case TC1957.sh
TC1965.sh on line 12958 has count: 1
Buggy line 12958 is covered by test case TC1965.sh
TC1966.sh on line 12958 has count: 1
Buggy line 12958 is covered by test case TC1966.sh
TC1967.sh on line 12958 has count: 1
Buggy line 12958 is covered by test case TC1967.sh
TC1970.sh on line 12958 has count: 1
Buggy line 12958 is covered by test case TC1970.sh
TC1971.sh on line 12958 has count: 1
Buggy line 12958 is covered by test case TC1971.sh
TC1972.sh on line 12958 has count: 1
Buggy line 12958 is covered by test case TC1972.sh
TC1973.sh on line 12958 has count: 1
Buggy line 12958 is covered by test case TC1973.sh
TC2002.sh on line 12958 has count: 1
Buggy line 12958 is covered by test case TC2002.sh
TC2006.sh on line 12958 has count: 363
Buggy line 12958 is covered by test case TC2006.sh
TC2013.sh on line 12958 has count: 1
Buggy line 12958 is covered by test case TC2013.sh
TC2021.sh on line 12958 has count: 1
Buggy line 12958 is covered by test case TC2021.sh
TC2022.sh on line 12958 has count: 1
Buggy line 12958 is covered by test case TC2022.sh
TC2023.sh on line 12958 has count: 1
Buggy line 12958 is covered by test case TC2023.sh
TC2026.sh on line 12958 has count: 1
Buggy line 12958 is covered by test case TC2026.sh
TC2028.sh on line 12958 has count: 1
Buggy line 12958 is covered by test case TC2028.sh
TC2030.sh on line 12958 has count: 1
Buggy line 12958 is covered by test case TC2030.sh
TC2032.sh on line 12958 has count: 1
Buggy line 12958 is covered by test case TC2032.sh
TC2037.sh on line 12958 has count: 2
Buggy line 12958 is covered by test case TC2037.sh
TC2313.sh on line 12958 has count: 36
Buggy line 12958 is covered by test case TC2313.sh
TC2343.sh on line 12958 has count: 363
Buggy line 12958 is covered by test case TC2343.sh
TC2415.sh on line 12958 has count: 36
Buggy line 12958 is covered by test case TC2415.sh
TC2445.sh on line 12958 has count: 363
Buggy line 12958 is covered by test case TC2445.sh
TC2505.sh on line 12958 has count: 1
Buggy line 12958 is covered by test case TC2505.sh
TC2512.sh on line 12958 has count: 1
Buggy line 12958 is covered by test case TC2512.sh
TC2553.sh on line 12958 has count: 1
Buggy line 12958 is covered by test case TC2553.sh
TC9.sh on line 12958 has count: 2
Buggy line 12958 is covered by test case TC9.sh
TC14.sh on line 12958 has count: 2
Buggy line 12958 is covered by test case TC14.sh
TC17.sh on line 12958 has count: 2
Buggy line 12958 is covered by test case TC17.sh
TC54.sh on line 12958 has count: 2
Buggy line 12958 is covered by test case TC54.sh
TC66.sh on line 12958 has count: 2
Buggy line 12958 is covered by test case TC66.sh
TC67.sh on line 12958 has count: 2
Buggy line 12958 is covered by test case TC67.sh
TC68.sh on line 12958 has count: 2
Buggy line 12958 is covered by test case TC68.sh
TC69.sh on line 12958 has count: 2
Buggy line 12958 is covered by test case TC69.sh
TC71.sh on line 12958 has count: 2
Buggy line 12958 is covered by test case TC71.sh
TC77.sh on line 12958 has count: 2
Buggy line 12958 is covered by test case TC77.sh
TC78.sh on line 12958 has count: 4
Buggy line 12958 is covered by test case TC78.sh
TC79.sh on line 12958 has count: 4
Buggy line 12958 is covered by test case TC79.sh
TC92.sh on line 12958 has count: 8
Buggy line 12958 is covered by test case TC92.sh
TC126.sh on line 12958 has count: 2
Buggy line 12958 is covered by test case TC126.sh
TC127.sh on line 12958 has count: 2
Buggy line 12958 is covered by test case TC127.sh
TC136.sh on line 12958 has count: 1
Buggy line 12958 is covered by test case TC136.sh
TC141.sh on line 12958 has count: 1
Buggy line 12958 is covered by test case TC141.sh
TC144.sh on line 12958 has count: 1
Buggy line 12958 is covered by test case TC144.sh
TC181.sh on line 12958 has count: 1
Buggy line 12958 is covered by test case TC181.sh
TC193.sh on line 12958 has count: 1
Buggy line 12958 is covered by test case TC193.sh
TC194.sh on line 12958 has count: 1
Buggy line 12958 is covered by test case TC194.sh
TC195.sh on line 12958 has count: 1
Buggy line 12958 is covered by test case TC195.sh
TC196.sh on line 12958 has count: 1
Buggy line 12958 is covered by test case TC196.sh
TC198.sh on line 12958 has count: 1
Buggy line 12958 is covered by test case TC198.sh
TC204.sh on line 12958 has count: 1
Buggy line 12958 is covered by test case TC204.sh
TC205.sh on line 12958 has count: 2
Buggy line 12958 is covered by test case TC205.sh
TC206.sh on line 12958 has count: 2
Buggy line 12958 is covered by test case TC206.sh
TC219.sh on line 12958 has count: 4
Buggy line 12958 is covered by test case TC219.sh
TC253.sh on line 12958 has count: 1
Buggy line 12958 is covered by test case TC253.sh
TC254.sh on line 12958 has count: 1
Buggy line 12958 is covered by test case TC254.sh
TC263.sh on line 12958 has count: 2
Buggy line 12958 is covered by test case TC263.sh
TC268.sh on line 12958 has count: 2
Buggy line 12958 is covered by test case TC268.sh
TC271.sh on line 12958 has count: 2
Buggy line 12958 is covered by test case TC271.sh
TC308.sh on line 12958 has count: 2
Buggy line 12958 is covered by test case TC308.sh
TC320.sh on line 12958 has count: 2
Buggy line 12958 is covered by test case TC320.sh
TC321.sh on line 12958 has count: 2
Buggy line 12958 is covered by test case TC321.sh
TC322.sh on line 12958 has count: 2
Buggy line 12958 is covered by test case TC322.sh
TC323.sh on line 12958 has count: 2
Buggy line 12958 is covered by test case TC323.sh
TC325.sh on line 12958 has count: 2
Buggy line 12958 is covered by test case TC325.sh
TC331.sh on line 12958 has count: 2
Buggy line 12958 is covered by test case TC331.sh
TC332.sh on line 12958 has count: 4
Buggy line 12958 is covered by test case TC332.sh
TC333.sh on line 12958 has count: 4
Buggy line 12958 is covered by test case TC333.sh
TC334.sh on line 12958 has count: 16
Buggy line 12958 is covered by test case TC334.sh
TC346.sh on line 12958 has count: 8
Buggy line 12958 is covered by test case TC346.sh
TC380.sh on line 12958 has count: 2
Buggy line 12958 is covered by test case TC380.sh
TC381.sh on line 12958 has count: 2
Buggy line 12958 is covered by test case TC381.sh
TC398.sh on line 12958 has count: 9
Buggy line 12958 is covered by test case TC398.sh
TC435.sh on line 12958 has count: 9
Buggy line 12958 is covered by test case TC435.sh
TC472.sh on line 12958 has count: 9
Buggy line 12958 is covered by test case TC472.sh
TC511.sh on line 12958 has count: 9
Buggy line 12958 is covered by test case TC511.sh
TC552.sh on line 12958 has count: 1
Buggy line 12958 is covered by test case TC552.sh
TC557.sh on line 12958 has count: 1
Buggy line 12958 is covered by test case TC557.sh
TC560.sh on line 12958 has count: 1
Buggy line 12958 is covered by test case TC560.sh
TC597.sh on line 12958 has count: 1
Buggy line 12958 is covered by test case TC597.sh
TC609.sh on line 12958 has count: 1
Buggy line 12958 is covered by test case TC609.sh
TC610.sh on line 12958 has count: 1
Buggy line 12958 is covered by test case TC610.sh
TC611.sh on line 12958 has count: 1
Buggy line 12958 is covered by test case TC611.sh
TC612.sh on line 12958 has count: 1
Buggy line 12958 is covered by test case TC612.sh
TC614.sh on line 12958 has count: 1
Buggy line 12958 is covered by test case TC614.sh
TC620.sh on line 12958 has count: 1
Buggy line 12958 is covered by test case TC620.sh
TC621.sh on line 12958 has count: 2
Buggy line 12958 is covered by test case TC621.sh
TC622.sh on line 12958 has count: 2
Buggy line 12958 is covered by test case TC622.sh
TC635.sh on line 12958 has count: 4
Buggy line 12958 is covered by test case TC635.sh
TC669.sh on line 12958 has count: 1
Buggy line 12958 is covered by test case TC669.sh
TC670.sh on line 12958 has count: 1
Buggy line 12958 is covered by test case TC670.sh
TC679.sh on line 12958 has count: 1
Buggy line 12958 is covered by test case TC679.sh
TC684.sh on line 12958 has count: 1
Buggy line 12958 is covered by test case TC684.sh
TC687.sh on line 12958 has count: 1
Buggy line 12958 is covered by test case TC687.sh
TC724.sh on line 12958 has count: 1
Buggy line 12958 is covered by test case TC724.sh
TC736.sh on line 12958 has count: 1
Buggy line 12958 is covered by test case TC736.sh
TC737.sh on line 12958 has count: 1
Buggy line 12958 is covered by test case TC737.sh
TC738.sh on line 12958 has count: 1
Buggy line 12958 is covered by test case TC738.sh
TC739.sh on line 12958 has count: 1
Buggy line 12958 is covered by test case TC739.sh
TC741.sh on line 12958 has count: 1
Buggy line 12958 is covered by test case TC741.sh
TC747.sh on line 12958 has count: 1
Buggy line 12958 is covered by test case TC747.sh
TC748.sh on line 12958 has count: 2
Buggy line 12958 is covered by test case TC748.sh
TC749.sh on line 12958 has count: 2
Buggy line 12958 is covered by test case TC749.sh
TC750.sh on line 12958 has count: 8
Buggy line 12958 is covered by test case TC750.sh
TC762.sh on line 12958 has count: 4
Buggy line 12958 is covered by test case TC762.sh
TC796.sh on line 12958 has count: 1
Buggy line 12958 is covered by test case TC796.sh
TC797.sh on line 12958 has count: 1
Buggy line 12958 is covered by test case TC797.sh
TC806.sh on line 12958 has count: 1
Buggy line 12958 is covered by test case TC806.sh
TC811.sh on line 12958 has count: 1
Buggy line 12958 is covered by test case TC811.sh
TC814.sh on line 12958 has count: 1
Buggy line 12958 is covered by test case TC814.sh
TC851.sh on line 12958 has count: 1
Buggy line 12958 is covered by test case TC851.sh
TC863.sh on line 12958 has count: 1
Buggy line 12958 is covered by test case TC863.sh
TC864.sh on line 12958 has count: 1
Buggy line 12958 is covered by test case TC864.sh
TC865.sh on line 12958 has count: 1
Buggy line 12958 is covered by test case TC865.sh
TC866.sh on line 12958 has count: 1
Buggy line 12958 is covered by test case TC866.sh
TC868.sh on line 12958 has count: 1
Buggy line 12958 is covered by test case TC868.sh
TC874.sh on line 12958 has count: 1
Buggy line 12958 is covered by test case TC874.sh
TC875.sh on line 12958 has count: 2
Buggy line 12958 is covered by test case TC875.sh
TC876.sh on line 12958 has count: 2
Buggy line 12958 is covered by test case TC876.sh
TC889.sh on line 12958 has count: 4
Buggy line 12958 is covered by test case TC889.sh
TC923.sh on line 12958 has count: 1
Buggy line 12958 is covered by test case TC923.sh
TC924.sh on line 12958 has count: 1
Buggy line 12958 is covered by test case TC924.sh
TC933.sh on line 12958 has count: 1
Buggy line 12958 is covered by test case TC933.sh
TC938.sh on line 12958 has count: 1
Buggy line 12958 is covered by test case TC938.sh
TC941.sh on line 12958 has count: 1
Buggy line 12958 is covered by test case TC941.sh
TC978.sh on line 12958 has count: 1
Buggy line 12958 is covered by test case TC978.sh
TC990.sh on line 12958 has count: 1
Buggy line 12958 is covered by test case TC990.sh
TC991.sh on line 12958 has count: 1
Buggy line 12958 is covered by test case TC991.sh
TC992.sh on line 12958 has count: 1
Buggy line 12958 is covered by test case TC992.sh
TC993.sh on line 12958 has count: 1
Buggy line 12958 is covered by test case TC993.sh
TC995.sh on line 12958 has count: 1
Buggy line 12958 is covered by test case TC995.sh
TC1001.sh on line 12958 has count: 1
Buggy line 12958 is covered by test case TC1001.sh
TC1002.sh on line 12958 has count: 2
Buggy line 12958 is covered by test case TC1002.sh
TC1003.sh on line 12958 has count: 2
Buggy line 12958 is covered by test case TC1003.sh
TC1016.sh on line 12958 has count: 4
Buggy line 12958 is covered by test case TC1016.sh
TC1050.sh on line 12958 has count: 1
Buggy line 12958 is covered by test case TC1050.sh
TC1051.sh on line 12958 has count: 1
Buggy line 12958 is covered by test case TC1051.sh
TC1060.sh on line 12958 has count: 2
Buggy line 12958 is covered by test case TC1060.sh
TC1065.sh on line 12958 has count: 2
Buggy line 12958 is covered by test case TC1065.sh
TC1068.sh on line 12958 has count: 2
Buggy line 12958 is covered by test case TC1068.sh
TC1105.sh on line 12958 has count: 2
Buggy line 12958 is covered by test case TC1105.sh
TC1117.sh on line 12958 has count: 2
Buggy line 12958 is covered by test case TC1117.sh
TC1118.sh on line 12958 has count: 2
Buggy line 12958 is covered by test case TC1118.sh
TC1119.sh on line 12958 has count: 2
Buggy line 12958 is covered by test case TC1119.sh
TC1120.sh on line 12958 has count: 2
Buggy line 12958 is covered by test case TC1120.sh
TC1122.sh on line 12958 has count: 2
Buggy line 12958 is covered by test case TC1122.sh
TC1128.sh on line 12958 has count: 1
Buggy line 12958 is covered by test case TC1128.sh
TC1129.sh on line 12958 has count: 4
Buggy line 12958 is covered by test case TC1129.sh
TC1130.sh on line 12958 has count: 4
Buggy line 12958 is covered by test case TC1130.sh
TC1131.sh on line 12958 has count: 16
Buggy line 12958 is covered by test case TC1131.sh
TC1143.sh on line 12958 has count: 8
Buggy line 12958 is covered by test case TC1143.sh
TC1177.sh on line 12958 has count: 2
Buggy line 12958 is covered by test case TC1177.sh
TC1178.sh on line 12958 has count: 1
Buggy line 12958 is covered by test case TC1178.sh
TC1187.sh on line 12958 has count: 2
Buggy line 12958 is covered by test case TC1187.sh
TC1192.sh on line 12958 has count: 2
Buggy line 12958 is covered by test case TC1192.sh
TC1195.sh on line 12958 has count: 2
Buggy line 12958 is covered by test case TC1195.sh
TC1232.sh on line 12958 has count: 2
Buggy line 12958 is covered by test case TC1232.sh
TC1244.sh on line 12958 has count: 2
Buggy line 12958 is covered by test case TC1244.sh
TC1245.sh on line 12958 has count: 2
Buggy line 12958 is covered by test case TC1245.sh
TC1246.sh on line 12958 has count: 2
Buggy line 12958 is covered by test case TC1246.sh
TC1247.sh on line 12958 has count: 2
Buggy line 12958 is covered by test case TC1247.sh
TC1249.sh on line 12958 has count: 2
Buggy line 12958 is covered by test case TC1249.sh
TC1255.sh on line 12958 has count: 1
Buggy line 12958 is covered by test case TC1255.sh
TC1256.sh on line 12958 has count: 4
Buggy line 12958 is covered by test case TC1256.sh
TC1257.sh on line 12958 has count: 4
Buggy line 12958 is covered by test case TC1257.sh
TC1258.sh on line 12958 has count: 16
Buggy line 12958 is covered by test case TC1258.sh
TC1270.sh on line 12958 has count: 8
Buggy line 12958 is covered by test case TC1270.sh
TC1304.sh on line 12958 has count: 2
Buggy line 12958 is covered by test case TC1304.sh
TC1305.sh on line 12958 has count: 1
Buggy line 12958 is covered by test case TC1305.sh
TC1314.sh on line 12958 has count: 2
Buggy line 12958 is covered by test case TC1314.sh
TC1319.sh on line 12958 has count: 2
Buggy line 12958 is covered by test case TC1319.sh
TC1322.sh on line 12958 has count: 2
Buggy line 12958 is covered by test case TC1322.sh
TC1359.sh on line 12958 has count: 2
Buggy line 12958 is covered by test case TC1359.sh
TC1371.sh on line 12958 has count: 2
Buggy line 12958 is covered by test case TC1371.sh
TC1372.sh on line 12958 has count: 2
Buggy line 12958 is covered by test case TC1372.sh
TC1373.sh on line 12958 has count: 2
Buggy line 12958 is covered by test case TC1373.sh
TC1374.sh on line 12958 has count: 2
Buggy line 12958 is covered by test case TC1374.sh
TC1376.sh on line 12958 has count: 2
Buggy line 12958 is covered by test case TC1376.sh
TC1382.sh on line 12958 has count: 1
Buggy line 12958 is covered by test case TC1382.sh
TC1383.sh on line 12958 has count: 4
Buggy line 12958 is covered by test case TC1383.sh
TC1384.sh on line 12958 has count: 4
Buggy line 12958 is covered by test case TC1384.sh
TC1385.sh on line 12958 has count: 16
Buggy line 12958 is covered by test case TC1385.sh
TC1397.sh on line 12958 has count: 8
Buggy line 12958 is covered by test case TC1397.sh
>> Saving version parser.MUT15429.c to database
>> Reverted parser.c to original from parser.MUT15429.c

+++++ STDERR +++++

+++++ results for xmlregexp.MUT4541.c +++++
+++++ STDOUT +++++
Testing version xmlregexp.MUT4541.c on faster40.swtv::core0
>> Building libxml2_TF_top30
>> Applied patch to xmlregexp.c with xmlregexp.MUT4541.c
>> Building libxml2_TF_top30
TC2425.sh on line 3350 has count: 251
Buggy line 3350 is covered by test case TC2425.sh
TC2625.sh on line 3350 has count: 495
Buggy line 3350 is covered by test case TC2625.sh
TC2631.sh on line 3350 has count: 571
Buggy line 3350 is covered by test case TC2631.sh
TC2632.sh on line 3350 has count: 20
Buggy line 3350 is covered by test case TC2632.sh
TC2634.sh on line 3350 has count: 6
Buggy line 3350 is covered by test case TC2634.sh
TC2636.sh on line 3350 has count: 25
Buggy line 3350 is covered by test case TC2636.sh
TC2637.sh on line 3350 has count: 652
Buggy line 3350 is covered by test case TC2637.sh
>> Saving version xmlregexp.MUT4541.c to database
>> Reverted xmlregexp.c to original from xmlregexp.MUT4541.c

+++++ STDERR +++++

+++++ results for c14n.MUT450.c +++++
+++++ STDOUT +++++
Testing version c14n.MUT450.c on faster40.swtv::core0
>> Building libxml2_TF_top30
>> Applied patch to c14n.c with c14n.MUT450.c
>> Building libxml2_TF_top30
TC2523.sh on line 613 has count: 6
Buggy line 613 is covered by test case TC2523.sh
>> Saving version c14n.MUT450.c to database
>> Reverted c14n.c to original from c14n.MUT450.c

+++++ STDERR +++++

+++++ results for relaxng.MUT13041.c +++++
+++++ STDOUT +++++
Testing version relaxng.MUT13041.c on faster40.swtv::core0
>> Building libxml2_TF_top30
>> Applied patch to relaxng.c with relaxng.MUT13041.c
>> Building libxml2_TF_top30
TC2446.sh on line 9549 has count: 4
Buggy line 9549 is covered by test case TC2446.sh
>> Saving version relaxng.MUT13041.c to database
>> Reverted relaxng.c to original from relaxng.MUT13041.c

+++++ STDERR +++++

+++++ results for parser.MUT1851.c +++++
+++++ STDOUT +++++
Testing version parser.MUT1851.c on faster40.swtv::core0
>> Building libxml2_TF_top30
>> Applied patch to parser.c with parser.MUT1851.c
>> Building libxml2_TF_top30
TC77.sh on line 1938 has count: 5
Buggy line 1938 is covered by test case TC77.sh
TC204.sh on line 1938 has count: 3
Buggy line 1938 is covered by test case TC204.sh
TC331.sh on line 1938 has count: 6
Buggy line 1938 is covered by test case TC331.sh
TC394.sh on line 1938 has count: 2
Buggy line 1938 is covered by test case TC394.sh
TC399.sh on line 1938 has count: 3
Buggy line 1938 is covered by test case TC399.sh
TC400.sh on line 1938 has count: 2
Buggy line 1938 is covered by test case TC400.sh
TC401.sh on line 1938 has count: 2
Buggy line 1938 is covered by test case TC401.sh
TC431.sh on line 1938 has count: 2
Buggy line 1938 is covered by test case TC431.sh
TC436.sh on line 1938 has count: 3
Buggy line 1938 is covered by test case TC436.sh
TC437.sh on line 1938 has count: 2
Buggy line 1938 is covered by test case TC437.sh
TC438.sh on line 1938 has count: 2
Buggy line 1938 is covered by test case TC438.sh
TC468.sh on line 1938 has count: 2
Buggy line 1938 is covered by test case TC468.sh
TC473.sh on line 1938 has count: 3
Buggy line 1938 is covered by test case TC473.sh
TC474.sh on line 1938 has count: 2
Buggy line 1938 is covered by test case TC474.sh
TC475.sh on line 1938 has count: 2
Buggy line 1938 is covered by test case TC475.sh
TC505.sh on line 1938 has count: 2
Buggy line 1938 is covered by test case TC505.sh
TC506.sh on line 1938 has count: 2
Buggy line 1938 is covered by test case TC506.sh
TC507.sh on line 1938 has count: 2
Buggy line 1938 is covered by test case TC507.sh
TC512.sh on line 1938 has count: 3
Buggy line 1938 is covered by test case TC512.sh
TC513.sh on line 1938 has count: 2
Buggy line 1938 is covered by test case TC513.sh
TC514.sh on line 1938 has count: 2
Buggy line 1938 is covered by test case TC514.sh
TC620.sh on line 1938 has count: 3
Buggy line 1938 is covered by test case TC620.sh
TC747.sh on line 1938 has count: 3
Buggy line 1938 is covered by test case TC747.sh
TC874.sh on line 1938 has count: 3
Buggy line 1938 is covered by test case TC874.sh
TC1001.sh on line 1938 has count: 3
Buggy line 1938 is covered by test case TC1001.sh
TC1128.sh on line 1938 has count: 4
Buggy line 1938 is covered by test case TC1128.sh
TC1255.sh on line 1938 has count: 4
Buggy line 1938 is covered by test case TC1255.sh
TC1382.sh on line 1938 has count: 4
Buggy line 1938 is covered by test case TC1382.sh
TC1509.sh on line 1938 has count: 3
Buggy line 1938 is covered by test case TC1509.sh
TC1636.sh on line 1938 has count: 3
Buggy line 1938 is covered by test case TC1636.sh
TC1955.sh on line 1938 has count: 2
Buggy line 1938 is covered by test case TC1955.sh
TC1965.sh on line 1938 has count: 3
Buggy line 1938 is covered by test case TC1965.sh
TC1974.sh on line 1938 has count: 2
Buggy line 1938 is covered by test case TC1974.sh
TC1975.sh on line 1938 has count: 2
Buggy line 1938 is covered by test case TC1975.sh
TC2011.sh on line 1938 has count: 2
Buggy line 1938 is covered by test case TC2011.sh
TC2021.sh on line 1938 has count: 3
Buggy line 1938 is covered by test case TC2021.sh
TC2033.sh on line 1938 has count: 2
Buggy line 1938 is covered by test case TC2033.sh
TC2034.sh on line 1938 has count: 2
Buggy line 1938 is covered by test case TC2034.sh
>> Saving version parser.MUT1851.c to database
>> Reverted parser.c to original from parser.MUT1851.c

+++++ STDERR +++++

+++++ results for xmlregexp.MUT4914.c +++++
+++++ STDOUT +++++
Testing version xmlregexp.MUT4914.c on faster40.swtv::core0
>> Building libxml2_TF_top30
>> Applied patch to xmlregexp.c with xmlregexp.MUT4914.c
>> Building libxml2_TF_top30
TC1930.sh on line 3597 has count: 1
Buggy line 3597 is covered by test case TC1930.sh
TC1931.sh on line 3597 has count: 1
Buggy line 3597 is covered by test case TC1931.sh
TC1932.sh on line 3597 has count: 8
Buggy line 3597 is covered by test case TC1932.sh
TC1950.sh on line 3597 has count: 2809
Buggy line 3597 is covered by test case TC1950.sh
TC1954.sh on line 3597 has count: 225
Buggy line 3597 is covered by test case TC1954.sh
TC1956.sh on line 3597 has count: 3
Buggy line 3597 is covered by test case TC1956.sh
TC1957.sh on line 3597 has count: 3
Buggy line 3597 is covered by test case TC1957.sh
TC1958.sh on line 3597 has count: 3
Buggy line 3597 is covered by test case TC1958.sh
TC1959.sh on line 3597 has count: 996
Buggy line 3597 is covered by test case TC1959.sh
TC1968.sh on line 3597 has count: 397
Buggy line 3597 is covered by test case TC1968.sh
TC1969.sh on line 3597 has count: 3
Buggy line 3597 is covered by test case TC1969.sh
TC1978.sh on line 3597 has count: 1706
Buggy line 3597 is covered by test case TC1978.sh
TC1986.sh on line 3597 has count: 4
Buggy line 3597 is covered by test case TC1986.sh
TC1987.sh on line 3597 has count: 2
Buggy line 3597 is covered by test case TC1987.sh
TC1988.sh on line 3597 has count: 18
Buggy line 3597 is covered by test case TC1988.sh
TC2006.sh on line 3597 has count: 2191
Buggy line 3597 is covered by test case TC2006.sh
TC2010.sh on line 3597 has count: 94
Buggy line 3597 is covered by test case TC2010.sh
TC2012.sh on line 3597 has count: 2
Buggy line 3597 is covered by test case TC2012.sh
TC2013.sh on line 3597 has count: 2
Buggy line 3597 is covered by test case TC2013.sh
TC2014.sh on line 3597 has count: 2
Buggy line 3597 is covered by test case TC2014.sh
TC2015.sh on line 3597 has count: 833
Buggy line 3597 is covered by test case TC2015.sh
TC2024.sh on line 3597 has count: 390
Buggy line 3597 is covered by test case TC2024.sh
TC2025.sh on line 3597 has count: 1
Buggy line 3597 is covered by test case TC2025.sh
TC2037.sh on line 3597 has count: 604
Buggy line 3597 is covered by test case TC2037.sh
TC2038.sh on line 3597 has count: 1617
Buggy line 3597 is covered by test case TC2038.sh
TC2168.sh on line 3597 has count: 12
Buggy line 3597 is covered by test case TC2168.sh
TC2169.sh on line 3597 has count: 12
Buggy line 3597 is covered by test case TC2169.sh
TC2170.sh on line 3597 has count: 4
Buggy line 3597 is covered by test case TC2170.sh
TC2171.sh on line 3597 has count: 4
Buggy line 3597 is covered by test case TC2171.sh
TC2172.sh on line 3597 has count: 2
Buggy line 3597 is covered by test case TC2172.sh
TC2173.sh on line 3597 has count: 2
Buggy line 3597 is covered by test case TC2173.sh
TC2411.sh on line 3597 has count: 1467
Buggy line 3597 is covered by test case TC2411.sh
TC2639.sh on line 3597 has count: 1
Buggy line 3597 is covered by test case TC2639.sh
>> Saving version xmlregexp.MUT4914.c to database
>> Reverted xmlregexp.c to original from xmlregexp.MUT4914.c

+++++ STDERR +++++

+++++ results for xmlregexp.MUT4860.c +++++
+++++ STDOUT +++++
Testing version xmlregexp.MUT4860.c on faster40.swtv::core0
>> Building libxml2_TF_top30
>> Applied patch to xmlregexp.c with xmlregexp.MUT4860.c
>> Building libxml2_TF_top30
TC1989.sh on line 3554 has count: 2
Buggy line 3554 is covered by test case TC1989.sh
TC2152.sh on line 3554 has count: 12
Buggy line 3554 is covered by test case TC2152.sh
TC2153.sh on line 3554 has count: 22
Buggy line 3554 is covered by test case TC2153.sh
TC2154.sh on line 3554 has count: 22
Buggy line 3554 is covered by test case TC2154.sh
TC2159.sh on line 3554 has count: 34
Buggy line 3554 is covered by test case TC2159.sh
TC2160.sh on line 3554 has count: 34
Buggy line 3554 is covered by test case TC2160.sh
TC2161.sh on line 3554 has count: 32
Buggy line 3554 is covered by test case TC2161.sh
TC2164.sh on line 3554 has count: 6
Buggy line 3554 is covered by test case TC2164.sh
TC2165.sh on line 3554 has count: 6
Buggy line 3554 is covered by test case TC2165.sh
TC2168.sh on line 3554 has count: 50
Buggy line 3554 is covered by test case TC2168.sh
TC2184.sh on line 3554 has count: 24
Buggy line 3554 is covered by test case TC2184.sh
TC2190.sh on line 3554 has count: 6
Buggy line 3554 is covered by test case TC2190.sh
TC2192.sh on line 3554 has count: 130
Buggy line 3554 is covered by test case TC2192.sh
TC2194.sh on line 3554 has count: 38
Buggy line 3554 is covered by test case TC2194.sh
TC2198.sh on line 3554 has count: 146
Buggy line 3554 is covered by test case TC2198.sh
TC2204.sh on line 3554 has count: 26
Buggy line 3554 is covered by test case TC2204.sh
TC2209.sh on line 3554 has count: 48
Buggy line 3554 is covered by test case TC2209.sh
TC2219.sh on line 3554 has count: 20
Buggy line 3554 is covered by test case TC2219.sh
TC2232.sh on line 3554 has count: 48
Buggy line 3554 is covered by test case TC2232.sh
TC2248.sh on line 3554 has count: 6
Buggy line 3554 is covered by test case TC2248.sh
TC2249.sh on line 3554 has count: 6
Buggy line 3554 is covered by test case TC2249.sh
TC2269.sh on line 3554 has count: 4
Buggy line 3554 is covered by test case TC2269.sh
TC2270.sh on line 3554 has count: 12
Buggy line 3554 is covered by test case TC2270.sh
>> Saving version xmlregexp.MUT4860.c to database
>> Reverted xmlregexp.c to original from xmlregexp.MUT4860.c

+++++ STDERR +++++

+++++ results for relaxng.MUT7734.c +++++
+++++ STDOUT +++++
Testing version relaxng.MUT7734.c on faster40.swtv::core0
>> Building libxml2_TF_top30
>> Applied patch to relaxng.c with relaxng.MUT7734.c
>> Building libxml2_TF_top30
TC2301.sh on line 6008 has count: 4
Buggy line 6008 is covered by test case TC2301.sh
TC2303.sh on line 6008 has count: 10
Buggy line 6008 is covered by test case TC2303.sh
TC2309.sh on line 6008 has count: 3
Buggy line 6008 is covered by test case TC2309.sh
TC2313.sh on line 6008 has count: 188
Buggy line 6008 is covered by test case TC2313.sh
TC2322.sh on line 6008 has count: 1
Buggy line 6008 is covered by test case TC2322.sh
TC2323.sh on line 6008 has count: 49
Buggy line 6008 is covered by test case TC2323.sh
TC2329.sh on line 6008 has count: 1
Buggy line 6008 is covered by test case TC2329.sh
TC2330.sh on line 6008 has count: 188
Buggy line 6008 is covered by test case TC2330.sh
TC2349.sh on line 6008 has count: 3
Buggy line 6008 is covered by test case TC2349.sh
TC2379.sh on line 6008 has count: 1
Buggy line 6008 is covered by test case TC2379.sh
TC2380.sh on line 6008 has count: 1
Buggy line 6008 is covered by test case TC2380.sh
TC2381.sh on line 6008 has count: 1
Buggy line 6008 is covered by test case TC2381.sh
TC2387.sh on line 6008 has count: 1
Buggy line 6008 is covered by test case TC2387.sh
TC2388.sh on line 6008 has count: 1
Buggy line 6008 is covered by test case TC2388.sh
TC2389.sh on line 6008 has count: 1
Buggy line 6008 is covered by test case TC2389.sh
TC2394.sh on line 6008 has count: 10
Buggy line 6008 is covered by test case TC2394.sh
TC2395.sh on line 6008 has count: 4
Buggy line 6008 is covered by test case TC2395.sh
TC2403.sh on line 6008 has count: 4
Buggy line 6008 is covered by test case TC2403.sh
TC2409.sh on line 6008 has count: 18
Buggy line 6008 is covered by test case TC2409.sh
TC2411.sh on line 6008 has count: 3
Buggy line 6008 is covered by test case TC2411.sh
TC2415.sh on line 6008 has count: 188
Buggy line 6008 is covered by test case TC2415.sh
TC2425.sh on line 6008 has count: 49
Buggy line 6008 is covered by test case TC2425.sh
TC2432.sh on line 6008 has count: 188
Buggy line 6008 is covered by test case TC2432.sh
TC2433.sh on line 6008 has count: 1
Buggy line 6008 is covered by test case TC2433.sh
TC2436.sh on line 6008 has count: 1
Buggy line 6008 is covered by test case TC2436.sh
TC2438.sh on line 6008 has count: 1
Buggy line 6008 is covered by test case TC2438.sh
TC2439.sh on line 6008 has count: 1
Buggy line 6008 is covered by test case TC2439.sh
TC2440.sh on line 6008 has count: 1
Buggy line 6008 is covered by test case TC2440.sh
TC2441.sh on line 6008 has count: 1
Buggy line 6008 is covered by test case TC2441.sh
TC2444.sh on line 6008 has count: 1
Buggy line 6008 is covered by test case TC2444.sh
TC2449.sh on line 6008 has count: 1
Buggy line 6008 is covered by test case TC2449.sh
TC2452.sh on line 6008 has count: 1
Buggy line 6008 is covered by test case TC2452.sh
TC2453.sh on line 6008 has count: 1
Buggy line 6008 is covered by test case TC2453.sh
TC2454.sh on line 6008 has count: 1
Buggy line 6008 is covered by test case TC2454.sh
TC2455.sh on line 6008 has count: 1
Buggy line 6008 is covered by test case TC2455.sh
TC2456.sh on line 6008 has count: 1
Buggy line 6008 is covered by test case TC2456.sh
TC2460.sh on line 6008 has count: 1
Buggy line 6008 is covered by test case TC2460.sh
TC2464.sh on line 6008 has count: 1
Buggy line 6008 is covered by test case TC2464.sh
TC2471.sh on line 6008 has count: 1
Buggy line 6008 is covered by test case TC2471.sh
TC2476.sh on line 6008 has count: 4
Buggy line 6008 is covered by test case TC2476.sh
TC2481.sh on line 6008 has count: 2
Buggy line 6008 is covered by test case TC2481.sh
TC2482.sh on line 6008 has count: 6
Buggy line 6008 is covered by test case TC2482.sh
TC2483.sh on line 6008 has count: 1
Buggy line 6008 is covered by test case TC2483.sh
TC2484.sh on line 6008 has count: 1
Buggy line 6008 is covered by test case TC2484.sh
TC2488.sh on line 6008 has count: 4
Buggy line 6008 is covered by test case TC2488.sh
TC2489.sh on line 6008 has count: 2
Buggy line 6008 is covered by test case TC2489.sh
TC2490.sh on line 6008 has count: 2
Buggy line 6008 is covered by test case TC2490.sh
TC2491.sh on line 6008 has count: 3
Buggy line 6008 is covered by test case TC2491.sh
TC2492.sh on line 6008 has count: 3
Buggy line 6008 is covered by test case TC2492.sh
>> Saving version relaxng.MUT7734.c to database
>> Reverted relaxng.c to original from relaxng.MUT7734.c
>> Cleaning build for libxml2_TF_top30

+++++ STDERR +++++
