
+++++ results for parser.MUT13102.c +++++
+++++ STDOUT +++++
Testing version parser.MUT13102.c on faster24.swtv::core2
>> Configuring libxml2_TF_top30 with coverage
>> Building libxml2_TF_top30
>> Applied patch to parser.c with parser.MUT13102.c
>> Building libxml2_TF_top30
TC1561.sh on line 11368 has count: 498
Buggy line 11368 is covered by test case TC1561.sh
TC1562.sh on line 11368 has count: 318
Buggy line 11368 is covered by test case TC1562.sh
TC1564.sh on line 11368 has count: 59
Buggy line 11368 is covered by test case TC1564.sh
TC1565.sh on line 11368 has count: 356719
Buggy line 11368 is covered by test case TC1565.sh
TC1566.sh on line 11368 has count: 1115
Buggy line 11368 is covered by test case TC1566.sh
TC1567.sh on line 11368 has count: 1138
Buggy line 11368 is covered by test case TC1567.sh
TC1569.sh on line 11368 has count: 698
Buggy line 11368 is covered by test case TC1569.sh
TC1570.sh on line 11368 has count: 85
Buggy line 11368 is covered by test case TC1570.sh
TC1572.sh on line 11368 has count: 483
Buggy line 11368 is covered by test case TC1572.sh
TC1577.sh on line 11368 has count: 56
Buggy line 11368 is covered by test case TC1577.sh
TC1578.sh on line 11368 has count: 2452
Buggy line 11368 is covered by test case TC1578.sh
TC1579.sh on line 11368 has count: 3674
Buggy line 11368 is covered by test case TC1579.sh
TC1580.sh on line 11368 has count: 4897
Buggy line 11368 is covered by test case TC1580.sh
TC1581.sh on line 11368 has count: 91
Buggy line 11368 is covered by test case TC1581.sh
TC1582.sh on line 11368 has count: 66
Buggy line 11368 is covered by test case TC1582.sh
TC1583.sh on line 11368 has count: 42
Buggy line 11368 is covered by test case TC1583.sh
TC1587.sh on line 11368 has count: 38
Buggy line 11368 is covered by test case TC1587.sh
TC1588.sh on line 11368 has count: 731
Buggy line 11368 is covered by test case TC1588.sh
TC1589.sh on line 11368 has count: 124
Buggy line 11368 is covered by test case TC1589.sh
TC1590.sh on line 11368 has count: 516
Buggy line 11368 is covered by test case TC1590.sh
TC1591.sh on line 11368 has count: 101
Buggy line 11368 is covered by test case TC1591.sh
TC1592.sh on line 11368 has count: 438
Buggy line 11368 is covered by test case TC1592.sh
TC1593.sh on line 11368 has count: 612
Buggy line 11368 is covered by test case TC1593.sh
TC1594.sh on line 11368 has count: 114
Buggy line 11368 is covered by test case TC1594.sh
TC1595.sh on line 11368 has count: 634
Buggy line 11368 is covered by test case TC1595.sh
TC1596.sh on line 11368 has count: 114
Buggy line 11368 is covered by test case TC1596.sh
TC1597.sh on line 11368 has count: 487
Buggy line 11368 is covered by test case TC1597.sh
TC1598.sh on line 11368 has count: 648
Buggy line 11368 is covered by test case TC1598.sh
TC1599.sh on line 11368 has count: 480
Buggy line 11368 is covered by test case TC1599.sh
TC1600.sh on line 11368 has count: 379
Buggy line 11368 is covered by test case TC1600.sh
TC1601.sh on line 11368 has count: 481
Buggy line 11368 is covered by test case TC1601.sh
TC1602.sh on line 11368 has count: 534
Buggy line 11368 is covered by test case TC1602.sh
TC1603.sh on line 11368 has count: 552
Buggy line 11368 is covered by test case TC1603.sh
TC1604.sh on line 11368 has count: 548
Buggy line 11368 is covered by test case TC1604.sh
TC1605.sh on line 11368 has count: 653
Buggy line 11368 is covered by test case TC1605.sh
TC1606.sh on line 11368 has count: 103
Buggy line 11368 is covered by test case TC1606.sh
TC1607.sh on line 11368 has count: 160
Buggy line 11368 is covered by test case TC1607.sh
TC1608.sh on line 11368 has count: 3254
Buggy line 11368 is covered by test case TC1608.sh
TC1609.sh on line 11368 has count: 3254
Buggy line 11368 is covered by test case TC1609.sh
TC1610.sh on line 11368 has count: 124
Buggy line 11368 is covered by test case TC1610.sh
TC1611.sh on line 11368 has count: 195
Buggy line 11368 is covered by test case TC1611.sh
TC1612.sh on line 11368 has count: 85
Buggy line 11368 is covered by test case TC1612.sh
TC1614.sh on line 11368 has count: 67
Buggy line 11368 is covered by test case TC1614.sh
TC1615.sh on line 11368 has count: 73
Buggy line 11368 is covered by test case TC1615.sh
TC1616.sh on line 11368 has count: 68
Buggy line 11368 is covered by test case TC1616.sh
TC1617.sh on line 11368 has count: 37
Buggy line 11368 is covered by test case TC1617.sh
TC1618.sh on line 11368 has count: 140
Buggy line 11368 is covered by test case TC1618.sh
TC1619.sh on line 11368 has count: 137
Buggy line 11368 is covered by test case TC1619.sh
TC1620.sh on line 11368 has count: 130
Buggy line 11368 is covered by test case TC1620.sh
TC1621.sh on line 11368 has count: 188
Buggy line 11368 is covered by test case TC1621.sh
TC1622.sh on line 11368 has count: 186
Buggy line 11368 is covered by test case TC1622.sh
TC1624.sh on line 11368 has count: 63
Buggy line 11368 is covered by test case TC1624.sh
TC1629.sh on line 11368 has count: 67
Buggy line 11368 is covered by test case TC1629.sh
TC1631.sh on line 11368 has count: 164
Buggy line 11368 is covered by test case TC1631.sh
TC1632.sh on line 11368 has count: 141
Buggy line 11368 is covered by test case TC1632.sh
TC1633.sh on line 11368 has count: 94
Buggy line 11368 is covered by test case TC1633.sh
TC1634.sh on line 11368 has count: 155
Buggy line 11368 is covered by test case TC1634.sh
TC1635.sh on line 11368 has count: 177
Buggy line 11368 is covered by test case TC1635.sh
TC1640.sh on line 11368 has count: 102
Buggy line 11368 is covered by test case TC1640.sh
TC1641.sh on line 11368 has count: 191
Buggy line 11368 is covered by test case TC1641.sh
TC1642.sh on line 11368 has count: 54
Buggy line 11368 is covered by test case TC1642.sh
TC1643.sh on line 11368 has count: 11156
Buggy line 11368 is covered by test case TC1643.sh
TC1644.sh on line 11368 has count: 14
Buggy line 11368 is covered by test case TC1644.sh
TC1645.sh on line 11368 has count: 6045
Buggy line 11368 is covered by test case TC1645.sh
TC1646.sh on line 11368 has count: 344
Buggy line 11368 is covered by test case TC1646.sh
TC1647.sh on line 11368 has count: 403
Buggy line 11368 is covered by test case TC1647.sh
TC1648.sh on line 11368 has count: 168
Buggy line 11368 is covered by test case TC1648.sh
TC1649.sh on line 11368 has count: 246
Buggy line 11368 is covered by test case TC1649.sh
TC1650.sh on line 11368 has count: 117
Buggy line 11368 is covered by test case TC1650.sh
TC1655.sh on line 11368 has count: 108
Buggy line 11368 is covered by test case TC1655.sh
TC1656.sh on line 11368 has count: 50
Buggy line 11368 is covered by test case TC1656.sh
TC1658.sh on line 11368 has count: 259
Buggy line 11368 is covered by test case TC1658.sh
TC1659.sh on line 11368 has count: 800
Buggy line 11368 is covered by test case TC1659.sh
TC1660.sh on line 11368 has count: 64
Buggy line 11368 is covered by test case TC1660.sh
TC1661.sh on line 11368 has count: 41
Buggy line 11368 is covered by test case TC1661.sh
TC1662.sh on line 11368 has count: 2857
Buggy line 11368 is covered by test case TC1662.sh
TC1663.sh on line 11368 has count: 74928
Buggy line 11368 is covered by test case TC1663.sh
TC1664.sh on line 11368 has count: 1841
Buggy line 11368 is covered by test case TC1664.sh
TC1665.sh on line 11368 has count: 3671
Buggy line 11368 is covered by test case TC1665.sh
TC1666.sh on line 11368 has count: 10288
Buggy line 11368 is covered by test case TC1666.sh
TC1667.sh on line 11368 has count: 21045
Buggy line 11368 is covered by test case TC1667.sh
TC1668.sh on line 11368 has count: 1938
Buggy line 11368 is covered by test case TC1668.sh
TC1669.sh on line 11368 has count: 99311
Buggy line 11368 is covered by test case TC1669.sh
TC1670.sh on line 11368 has count: 4126
Buggy line 11368 is covered by test case TC1670.sh
TC1671.sh on line 11368 has count: 4120
Buggy line 11368 is covered by test case TC1671.sh
TC1672.sh on line 11368 has count: 4126
Buggy line 11368 is covered by test case TC1672.sh
TC1673.sh on line 11368 has count: 4120
Buggy line 11368 is covered by test case TC1673.sh
TC1674.sh on line 11368 has count: 22
Buggy line 11368 is covered by test case TC1674.sh
TC1675.sh on line 11368 has count: 38895
Buggy line 11368 is covered by test case TC1675.sh
TC1676.sh on line 11368 has count: 138
Buggy line 11368 is covered by test case TC1676.sh
TC1677.sh on line 11368 has count: 136
Buggy line 11368 is covered by test case TC1677.sh
TC1678.sh on line 11368 has count: 138
Buggy line 11368 is covered by test case TC1678.sh
TC1680.sh on line 11368 has count: 976
Buggy line 11368 is covered by test case TC1680.sh
TC1681.sh on line 11368 has count: 36
Buggy line 11368 is covered by test case TC1681.sh
TC1682.sh on line 11368 has count: 228
Buggy line 11368 is covered by test case TC1682.sh
TC1683.sh on line 11368 has count: 757
Buggy line 11368 is covered by test case TC1683.sh
TC1684.sh on line 11368 has count: 165
Buggy line 11368 is covered by test case TC1684.sh
TC1978.sh on line 11368 has count: 81
Buggy line 11368 is covered by test case TC1978.sh
>> Saving version parser.MUT13102.c to database
>> Reverted parser.c to original from parser.MUT13102.c

+++++ STDERR +++++

+++++ results for parser.MUT7346.c +++++
+++++ STDOUT +++++
Testing version parser.MUT7346.c on faster24.swtv::core2
>> Building libxml2_TF_top30
>> Applied patch to parser.c with parser.MUT7346.c
>> Building libxml2_TF_top30
TC2.sh on line 6420 has count: 1
Buggy line 6420 is covered by test case TC2.sh
TC9.sh on line 6420 has count: 1
Buggy line 6420 is covered by test case TC9.sh
TC52.sh on line 6420 has count: 1
Buggy line 6420 is covered by test case TC52.sh
TC60.sh on line 6420 has count: 1
Buggy line 6420 is covered by test case TC60.sh
TC61.sh on line 6420 has count: 1
Buggy line 6420 is covered by test case TC61.sh
TC62.sh on line 6420 has count: 1
Buggy line 6420 is covered by test case TC62.sh
TC63.sh on line 6420 has count: 1
Buggy line 6420 is covered by test case TC63.sh
TC67.sh on line 6420 has count: 1
Buggy line 6420 is covered by test case TC67.sh
TC77.sh on line 6420 has count: 1
Buggy line 6420 is covered by test case TC77.sh
TC84.sh on line 6420 has count: 1
Buggy line 6420 is covered by test case TC84.sh
TC129.sh on line 6420 has count: 1
Buggy line 6420 is covered by test case TC129.sh
TC136.sh on line 6420 has count: 1
Buggy line 6420 is covered by test case TC136.sh
TC179.sh on line 6420 has count: 1
Buggy line 6420 is covered by test case TC179.sh
TC187.sh on line 6420 has count: 1
Buggy line 6420 is covered by test case TC187.sh
TC188.sh on line 6420 has count: 1
Buggy line 6420 is covered by test case TC188.sh
TC189.sh on line 6420 has count: 1
Buggy line 6420 is covered by test case TC189.sh
TC190.sh on line 6420 has count: 1
Buggy line 6420 is covered by test case TC190.sh
TC194.sh on line 6420 has count: 1
Buggy line 6420 is covered by test case TC194.sh
TC204.sh on line 6420 has count: 1
Buggy line 6420 is covered by test case TC204.sh
TC211.sh on line 6420 has count: 1
Buggy line 6420 is covered by test case TC211.sh
TC256.sh on line 6420 has count: 2
Buggy line 6420 is covered by test case TC256.sh
TC263.sh on line 6420 has count: 2
Buggy line 6420 is covered by test case TC263.sh
TC306.sh on line 6420 has count: 2
Buggy line 6420 is covered by test case TC306.sh
TC314.sh on line 6420 has count: 2
Buggy line 6420 is covered by test case TC314.sh
TC315.sh on line 6420 has count: 2
Buggy line 6420 is covered by test case TC315.sh
TC316.sh on line 6420 has count: 2
Buggy line 6420 is covered by test case TC316.sh
TC317.sh on line 6420 has count: 2
Buggy line 6420 is covered by test case TC317.sh
TC321.sh on line 6420 has count: 2
Buggy line 6420 is covered by test case TC321.sh
TC331.sh on line 6420 has count: 2
Buggy line 6420 is covered by test case TC331.sh
TC338.sh on line 6420 has count: 2
Buggy line 6420 is covered by test case TC338.sh
TC400.sh on line 6420 has count: 1
Buggy line 6420 is covered by test case TC400.sh
TC411.sh on line 6420 has count: 1
Buggy line 6420 is covered by test case TC411.sh
TC422.sh on line 6420 has count: 1
Buggy line 6420 is covered by test case TC422.sh
TC437.sh on line 6420 has count: 1
Buggy line 6420 is covered by test case TC437.sh
TC448.sh on line 6420 has count: 1
Buggy line 6420 is covered by test case TC448.sh
TC459.sh on line 6420 has count: 1
Buggy line 6420 is covered by test case TC459.sh
TC474.sh on line 6420 has count: 1
Buggy line 6420 is covered by test case TC474.sh
TC485.sh on line 6420 has count: 1
Buggy line 6420 is covered by test case TC485.sh
TC496.sh on line 6420 has count: 1
Buggy line 6420 is covered by test case TC496.sh
TC513.sh on line 6420 has count: 1
Buggy line 6420 is covered by test case TC513.sh
TC524.sh on line 6420 has count: 1
Buggy line 6420 is covered by test case TC524.sh
TC535.sh on line 6420 has count: 1
Buggy line 6420 is covered by test case TC535.sh
TC545.sh on line 6420 has count: 1
Buggy line 6420 is covered by test case TC545.sh
TC552.sh on line 6420 has count: 1
Buggy line 6420 is covered by test case TC552.sh
TC595.sh on line 6420 has count: 1
Buggy line 6420 is covered by test case TC595.sh
TC603.sh on line 6420 has count: 1
Buggy line 6420 is covered by test case TC603.sh
TC604.sh on line 6420 has count: 1
Buggy line 6420 is covered by test case TC604.sh
TC605.sh on line 6420 has count: 1
Buggy line 6420 is covered by test case TC605.sh
TC606.sh on line 6420 has count: 1
Buggy line 6420 is covered by test case TC606.sh
TC610.sh on line 6420 has count: 1
Buggy line 6420 is covered by test case TC610.sh
TC620.sh on line 6420 has count: 1
Buggy line 6420 is covered by test case TC620.sh
TC627.sh on line 6420 has count: 1
Buggy line 6420 is covered by test case TC627.sh
TC672.sh on line 6420 has count: 1
Buggy line 6420 is covered by test case TC672.sh
TC679.sh on line 6420 has count: 1
Buggy line 6420 is covered by test case TC679.sh
TC722.sh on line 6420 has count: 1
Buggy line 6420 is covered by test case TC722.sh
TC730.sh on line 6420 has count: 1
Buggy line 6420 is covered by test case TC730.sh
TC731.sh on line 6420 has count: 1
Buggy line 6420 is covered by test case TC731.sh
TC732.sh on line 6420 has count: 1
Buggy line 6420 is covered by test case TC732.sh
TC733.sh on line 6420 has count: 1
Buggy line 6420 is covered by test case TC733.sh
TC737.sh on line 6420 has count: 1
Buggy line 6420 is covered by test case TC737.sh
TC747.sh on line 6420 has count: 1
Buggy line 6420 is covered by test case TC747.sh
TC754.sh on line 6420 has count: 1
Buggy line 6420 is covered by test case TC754.sh
TC799.sh on line 6420 has count: 1
Buggy line 6420 is covered by test case TC799.sh
TC806.sh on line 6420 has count: 1
Buggy line 6420 is covered by test case TC806.sh
TC849.sh on line 6420 has count: 1
Buggy line 6420 is covered by test case TC849.sh
TC857.sh on line 6420 has count: 1
Buggy line 6420 is covered by test case TC857.sh
TC858.sh on line 6420 has count: 1
Buggy line 6420 is covered by test case TC858.sh
TC859.sh on line 6420 has count: 1
Buggy line 6420 is covered by test case TC859.sh
TC860.sh on line 6420 has count: 1
Buggy line 6420 is covered by test case TC860.sh
TC864.sh on line 6420 has count: 1
Buggy line 6420 is covered by test case TC864.sh
TC874.sh on line 6420 has count: 1
Buggy line 6420 is covered by test case TC874.sh
TC881.sh on line 6420 has count: 1
Buggy line 6420 is covered by test case TC881.sh
TC926.sh on line 6420 has count: 1
Buggy line 6420 is covered by test case TC926.sh
TC933.sh on line 6420 has count: 1
Buggy line 6420 is covered by test case TC933.sh
TC976.sh on line 6420 has count: 1
Buggy line 6420 is covered by test case TC976.sh
TC984.sh on line 6420 has count: 1
Buggy line 6420 is covered by test case TC984.sh
TC985.sh on line 6420 has count: 1
Buggy line 6420 is covered by test case TC985.sh
TC986.sh on line 6420 has count: 1
Buggy line 6420 is covered by test case TC986.sh
TC987.sh on line 6420 has count: 1
Buggy line 6420 is covered by test case TC987.sh
TC991.sh on line 6420 has count: 1
Buggy line 6420 is covered by test case TC991.sh
TC1001.sh on line 6420 has count: 1
Buggy line 6420 is covered by test case TC1001.sh
TC1008.sh on line 6420 has count: 1
Buggy line 6420 is covered by test case TC1008.sh
TC1053.sh on line 6420 has count: 2
Buggy line 6420 is covered by test case TC1053.sh
TC1060.sh on line 6420 has count: 2
Buggy line 6420 is covered by test case TC1060.sh
TC1103.sh on line 6420 has count: 2
Buggy line 6420 is covered by test case TC1103.sh
TC1111.sh on line 6420 has count: 2
Buggy line 6420 is covered by test case TC1111.sh
TC1112.sh on line 6420 has count: 2
Buggy line 6420 is covered by test case TC1112.sh
TC1113.sh on line 6420 has count: 2
Buggy line 6420 is covered by test case TC1113.sh
TC1114.sh on line 6420 has count: 2
Buggy line 6420 is covered by test case TC1114.sh
TC1118.sh on line 6420 has count: 2
Buggy line 6420 is covered by test case TC1118.sh
TC1128.sh on line 6420 has count: 1
Buggy line 6420 is covered by test case TC1128.sh
TC1135.sh on line 6420 has count: 2
Buggy line 6420 is covered by test case TC1135.sh
TC1180.sh on line 6420 has count: 2
Buggy line 6420 is covered by test case TC1180.sh
TC1187.sh on line 6420 has count: 2
Buggy line 6420 is covered by test case TC1187.sh
TC1230.sh on line 6420 has count: 2
Buggy line 6420 is covered by test case TC1230.sh
TC1238.sh on line 6420 has count: 2
Buggy line 6420 is covered by test case TC1238.sh
TC1239.sh on line 6420 has count: 2
Buggy line 6420 is covered by test case TC1239.sh
TC1240.sh on line 6420 has count: 2
Buggy line 6420 is covered by test case TC1240.sh
TC1241.sh on line 6420 has count: 2
Buggy line 6420 is covered by test case TC1241.sh
TC1245.sh on line 6420 has count: 2
Buggy line 6420 is covered by test case TC1245.sh
TC1255.sh on line 6420 has count: 1
Buggy line 6420 is covered by test case TC1255.sh
TC1262.sh on line 6420 has count: 2
Buggy line 6420 is covered by test case TC1262.sh
TC1307.sh on line 6420 has count: 2
Buggy line 6420 is covered by test case TC1307.sh
TC1314.sh on line 6420 has count: 2
Buggy line 6420 is covered by test case TC1314.sh
TC1357.sh on line 6420 has count: 2
Buggy line 6420 is covered by test case TC1357.sh
TC1365.sh on line 6420 has count: 2
Buggy line 6420 is covered by test case TC1365.sh
TC1366.sh on line 6420 has count: 2
Buggy line 6420 is covered by test case TC1366.sh
TC1367.sh on line 6420 has count: 2
Buggy line 6420 is covered by test case TC1367.sh
TC1368.sh on line 6420 has count: 2
Buggy line 6420 is covered by test case TC1368.sh
TC1372.sh on line 6420 has count: 2
Buggy line 6420 is covered by test case TC1372.sh
TC1382.sh on line 6420 has count: 1
Buggy line 6420 is covered by test case TC1382.sh
TC1389.sh on line 6420 has count: 2
Buggy line 6420 is covered by test case TC1389.sh
TC1434.sh on line 6420 has count: 1
Buggy line 6420 is covered by test case TC1434.sh
TC1441.sh on line 6420 has count: 1
Buggy line 6420 is covered by test case TC1441.sh
TC1484.sh on line 6420 has count: 1
Buggy line 6420 is covered by test case TC1484.sh
TC1492.sh on line 6420 has count: 1
Buggy line 6420 is covered by test case TC1492.sh
TC1493.sh on line 6420 has count: 1
Buggy line 6420 is covered by test case TC1493.sh
TC1494.sh on line 6420 has count: 1
Buggy line 6420 is covered by test case TC1494.sh
TC1495.sh on line 6420 has count: 1
Buggy line 6420 is covered by test case TC1495.sh
TC1499.sh on line 6420 has count: 1
Buggy line 6420 is covered by test case TC1499.sh
TC1509.sh on line 6420 has count: 1
Buggy line 6420 is covered by test case TC1509.sh
TC1516.sh on line 6420 has count: 1
Buggy line 6420 is covered by test case TC1516.sh
TC1561.sh on line 6420 has count: 1
Buggy line 6420 is covered by test case TC1561.sh
TC1568.sh on line 6420 has count: 1
Buggy line 6420 is covered by test case TC1568.sh
TC1611.sh on line 6420 has count: 1
Buggy line 6420 is covered by test case TC1611.sh
TC1619.sh on line 6420 has count: 1
Buggy line 6420 is covered by test case TC1619.sh
TC1620.sh on line 6420 has count: 1
Buggy line 6420 is covered by test case TC1620.sh
TC1621.sh on line 6420 has count: 1
Buggy line 6420 is covered by test case TC1621.sh
TC1622.sh on line 6420 has count: 1
Buggy line 6420 is covered by test case TC1622.sh
TC1626.sh on line 6420 has count: 1
Buggy line 6420 is covered by test case TC1626.sh
TC1636.sh on line 6420 has count: 1
Buggy line 6420 is covered by test case TC1636.sh
TC1643.sh on line 6420 has count: 1
Buggy line 6420 is covered by test case TC1643.sh
TC1897.sh on line 6420 has count: 1
Buggy line 6420 is covered by test case TC1897.sh
TC1898.sh on line 6420 has count: 1
Buggy line 6420 is covered by test case TC1898.sh
TC1900.sh on line 6420 has count: 1
Buggy line 6420 is covered by test case TC1900.sh
TC1901.sh on line 6420 has count: 1
Buggy line 6420 is covered by test case TC1901.sh
TC1902.sh on line 6420 has count: 1
Buggy line 6420 is covered by test case TC1902.sh
TC1903.sh on line 6420 has count: 1
Buggy line 6420 is covered by test case TC1903.sh
TC1904.sh on line 6420 has count: 1
Buggy line 6420 is covered by test case TC1904.sh
TC1905.sh on line 6420 has count: 1
Buggy line 6420 is covered by test case TC1905.sh
TC1906.sh on line 6420 has count: 1
Buggy line 6420 is covered by test case TC1906.sh
TC1907.sh on line 6420 has count: 1
Buggy line 6420 is covered by test case TC1907.sh
TC1908.sh on line 6420 has count: 1
Buggy line 6420 is covered by test case TC1908.sh
TC1909.sh on line 6420 has count: 1
Buggy line 6420 is covered by test case TC1909.sh
TC1911.sh on line 6420 has count: 1
Buggy line 6420 is covered by test case TC1911.sh
TC1912.sh on line 6420 has count: 1
Buggy line 6420 is covered by test case TC1912.sh
TC1913.sh on line 6420 has count: 1
Buggy line 6420 is covered by test case TC1913.sh
TC1914.sh on line 6420 has count: 1
Buggy line 6420 is covered by test case TC1914.sh
TC1915.sh on line 6420 has count: 1
Buggy line 6420 is covered by test case TC1915.sh
TC1917.sh on line 6420 has count: 1
Buggy line 6420 is covered by test case TC1917.sh
TC1918.sh on line 6420 has count: 1
Buggy line 6420 is covered by test case TC1918.sh
TC1919.sh on line 6420 has count: 1
Buggy line 6420 is covered by test case TC1919.sh
TC1920.sh on line 6420 has count: 1
Buggy line 6420 is covered by test case TC1920.sh
TC1921.sh on line 6420 has count: 1
Buggy line 6420 is covered by test case TC1921.sh
TC1922.sh on line 6420 has count: 1
Buggy line 6420 is covered by test case TC1922.sh
TC1927.sh on line 6420 has count: 1
Buggy line 6420 is covered by test case TC1927.sh
TC1930.sh on line 6420 has count: 1
Buggy line 6420 is covered by test case TC1930.sh
TC1931.sh on line 6420 has count: 1
Buggy line 6420 is covered by test case TC1931.sh
TC1932.sh on line 6420 has count: 1
Buggy line 6420 is covered by test case TC1932.sh
TC1933.sh on line 6420 has count: 1
Buggy line 6420 is covered by test case TC1933.sh
TC1945.sh on line 6420 has count: 1
Buggy line 6420 is covered by test case TC1945.sh
TC1947.sh on line 6420 has count: 1
Buggy line 6420 is covered by test case TC1947.sh
TC1949.sh on line 6420 has count: 1
Buggy line 6420 is covered by test case TC1949.sh
TC1950.sh on line 6420 has count: 1
Buggy line 6420 is covered by test case TC1950.sh
TC1951.sh on line 6420 has count: 1
Buggy line 6420 is covered by test case TC1951.sh
TC1952.sh on line 6420 has count: 1
Buggy line 6420 is covered by test case TC1952.sh
TC1954.sh on line 6420 has count: 1
Buggy line 6420 is covered by test case TC1954.sh
TC1956.sh on line 6420 has count: 1
Buggy line 6420 is covered by test case TC1956.sh
TC1957.sh on line 6420 has count: 1
Buggy line 6420 is covered by test case TC1957.sh
TC1958.sh on line 6420 has count: 1
Buggy line 6420 is covered by test case TC1958.sh
TC1959.sh on line 6420 has count: 1
Buggy line 6420 is covered by test case TC1959.sh
TC1963.sh on line 6420 has count: 1
Buggy line 6420 is covered by test case TC1963.sh
TC1964.sh on line 6420 has count: 1
Buggy line 6420 is covered by test case TC1964.sh
TC1968.sh on line 6420 has count: 1
Buggy line 6420 is covered by test case TC1968.sh
TC1969.sh on line 6420 has count: 1
Buggy line 6420 is covered by test case TC1969.sh
TC1976.sh on line 6420 has count: 1
Buggy line 6420 is covered by test case TC1976.sh
TC1977.sh on line 6420 has count: 1
Buggy line 6420 is covered by test case TC1977.sh
TC1978.sh on line 6420 has count: 1
Buggy line 6420 is covered by test case TC1978.sh
TC1983.sh on line 6420 has count: 1
Buggy line 6420 is covered by test case TC1983.sh
TC1986.sh on line 6420 has count: 1
Buggy line 6420 is covered by test case TC1986.sh
TC1987.sh on line 6420 has count: 1
Buggy line 6420 is covered by test case TC1987.sh
TC1988.sh on line 6420 has count: 1
Buggy line 6420 is covered by test case TC1988.sh
TC1989.sh on line 6420 has count: 1
Buggy line 6420 is covered by test case TC1989.sh
TC2001.sh on line 6420 has count: 1
Buggy line 6420 is covered by test case TC2001.sh
TC2003.sh on line 6420 has count: 1
Buggy line 6420 is covered by test case TC2003.sh
TC2005.sh on line 6420 has count: 1
Buggy line 6420 is covered by test case TC2005.sh
TC2006.sh on line 6420 has count: 1
Buggy line 6420 is covered by test case TC2006.sh
TC2007.sh on line 6420 has count: 1
Buggy line 6420 is covered by test case TC2007.sh
TC2008.sh on line 6420 has count: 1
Buggy line 6420 is covered by test case TC2008.sh
TC2010.sh on line 6420 has count: 1
Buggy line 6420 is covered by test case TC2010.sh
TC2012.sh on line 6420 has count: 1
Buggy line 6420 is covered by test case TC2012.sh
TC2013.sh on line 6420 has count: 1
Buggy line 6420 is covered by test case TC2013.sh
TC2014.sh on line 6420 has count: 1
Buggy line 6420 is covered by test case TC2014.sh
TC2015.sh on line 6420 has count: 1
Buggy line 6420 is covered by test case TC2015.sh
TC2019.sh on line 6420 has count: 1
Buggy line 6420 is covered by test case TC2019.sh
TC2020.sh on line 6420 has count: 1
Buggy line 6420 is covered by test case TC2020.sh
TC2024.sh on line 6420 has count: 1
Buggy line 6420 is covered by test case TC2024.sh
TC2025.sh on line 6420 has count: 1
Buggy line 6420 is covered by test case TC2025.sh
TC2035.sh on line 6420 has count: 1
Buggy line 6420 is covered by test case TC2035.sh
TC2036.sh on line 6420 has count: 1
Buggy line 6420 is covered by test case TC2036.sh
TC2037.sh on line 6420 has count: 1
Buggy line 6420 is covered by test case TC2037.sh
TC2038.sh on line 6420 has count: 1
Buggy line 6420 is covered by test case TC2038.sh
TC2040.sh on line 6420 has count: 1
Buggy line 6420 is covered by test case TC2040.sh
TC2057.sh on line 6420 has count: 1
Buggy line 6420 is covered by test case TC2057.sh
TC2074.sh on line 6420 has count: 1
Buggy line 6420 is covered by test case TC2074.sh
TC2091.sh on line 6420 has count: 1
Buggy line 6420 is covered by test case TC2091.sh
TC2129.sh on line 6420 has count: 1
Buggy line 6420 is covered by test case TC2129.sh
TC2140.sh on line 6420 has count: 1
Buggy line 6420 is covered by test case TC2140.sh
TC2343.sh on line 6420 has count: 1
Buggy line 6420 is covered by test case TC2343.sh
TC2445.sh on line 6420 has count: 1
Buggy line 6420 is covered by test case TC2445.sh
>> Saving version parser.MUT7346.c to database
>> Reverted parser.c to original from parser.MUT7346.c

+++++ STDERR +++++

+++++ results for uri.MUT1992.c +++++
+++++ STDOUT +++++
Testing version uri.MUT1992.c on faster24.swtv::core2
>> Building libxml2_TF_top30
>> Applied patch to uri.c with uri.MUT1992.c
>> Building libxml2_TF_top30
TC1694.sh on line 1711 has count: 1
Buggy line 1711 is covered by test case TC1694.sh
TC1700.sh on line 1711 has count: 1
Buggy line 1711 is covered by test case TC1700.sh
TC1701.sh on line 1711 has count: 1
Buggy line 1711 is covered by test case TC1701.sh
TC1702.sh on line 1711 has count: 1
Buggy line 1711 is covered by test case TC1702.sh
TC1703.sh on line 1711 has count: 3
Buggy line 1711 is covered by test case TC1703.sh
TC1704.sh on line 1711 has count: 233
Buggy line 1711 is covered by test case TC1704.sh
TC1707.sh on line 1711 has count: 28
Buggy line 1711 is covered by test case TC1707.sh
TC1714.sh on line 1711 has count: 1
Buggy line 1711 is covered by test case TC1714.sh
TC1715.sh on line 1711 has count: 2
Buggy line 1711 is covered by test case TC1715.sh
TC1724.sh on line 1711 has count: 17
Buggy line 1711 is covered by test case TC1724.sh
TC1725.sh on line 1711 has count: 13
Buggy line 1711 is covered by test case TC1725.sh
TC1726.sh on line 1711 has count: 16
Buggy line 1711 is covered by test case TC1726.sh
TC1727.sh on line 1711 has count: 131
Buggy line 1711 is covered by test case TC1727.sh
TC1736.sh on line 1711 has count: 1
Buggy line 1711 is covered by test case TC1736.sh
TC1742.sh on line 1711 has count: 1
Buggy line 1711 is covered by test case TC1742.sh
TC1743.sh on line 1711 has count: 1
Buggy line 1711 is covered by test case TC1743.sh
TC1744.sh on line 1711 has count: 1
Buggy line 1711 is covered by test case TC1744.sh
TC1745.sh on line 1711 has count: 3
Buggy line 1711 is covered by test case TC1745.sh
TC1746.sh on line 1711 has count: 233
Buggy line 1711 is covered by test case TC1746.sh
TC1749.sh on line 1711 has count: 28
Buggy line 1711 is covered by test case TC1749.sh
TC1756.sh on line 1711 has count: 1
Buggy line 1711 is covered by test case TC1756.sh
TC1757.sh on line 1711 has count: 2
Buggy line 1711 is covered by test case TC1757.sh
TC1766.sh on line 1711 has count: 17
Buggy line 1711 is covered by test case TC1766.sh
TC1767.sh on line 1711 has count: 13
Buggy line 1711 is covered by test case TC1767.sh
TC1768.sh on line 1711 has count: 16
Buggy line 1711 is covered by test case TC1768.sh
TC1769.sh on line 1711 has count: 131
Buggy line 1711 is covered by test case TC1769.sh
TC1778.sh on line 1711 has count: 1
Buggy line 1711 is covered by test case TC1778.sh
TC1784.sh on line 1711 has count: 1
Buggy line 1711 is covered by test case TC1784.sh
TC1785.sh on line 1711 has count: 1
Buggy line 1711 is covered by test case TC1785.sh
TC1786.sh on line 1711 has count: 1
Buggy line 1711 is covered by test case TC1786.sh
TC1787.sh on line 1711 has count: 3
Buggy line 1711 is covered by test case TC1787.sh
TC1788.sh on line 1711 has count: 233
Buggy line 1711 is covered by test case TC1788.sh
TC1791.sh on line 1711 has count: 28
Buggy line 1711 is covered by test case TC1791.sh
TC1798.sh on line 1711 has count: 1
Buggy line 1711 is covered by test case TC1798.sh
TC1799.sh on line 1711 has count: 2
Buggy line 1711 is covered by test case TC1799.sh
TC1808.sh on line 1711 has count: 17
Buggy line 1711 is covered by test case TC1808.sh
TC1809.sh on line 1711 has count: 13
Buggy line 1711 is covered by test case TC1809.sh
TC1810.sh on line 1711 has count: 16
Buggy line 1711 is covered by test case TC1810.sh
TC1811.sh on line 1711 has count: 131
Buggy line 1711 is covered by test case TC1811.sh
TC1820.sh on line 1711 has count: 1
Buggy line 1711 is covered by test case TC1820.sh
TC1826.sh on line 1711 has count: 1
Buggy line 1711 is covered by test case TC1826.sh
TC1827.sh on line 1711 has count: 1
Buggy line 1711 is covered by test case TC1827.sh
TC1828.sh on line 1711 has count: 1
Buggy line 1711 is covered by test case TC1828.sh
TC1829.sh on line 1711 has count: 3
Buggy line 1711 is covered by test case TC1829.sh
TC1830.sh on line 1711 has count: 233
Buggy line 1711 is covered by test case TC1830.sh
TC1833.sh on line 1711 has count: 28
Buggy line 1711 is covered by test case TC1833.sh
TC1840.sh on line 1711 has count: 1
Buggy line 1711 is covered by test case TC1840.sh
TC1841.sh on line 1711 has count: 2
Buggy line 1711 is covered by test case TC1841.sh
TC1850.sh on line 1711 has count: 17
Buggy line 1711 is covered by test case TC1850.sh
TC1851.sh on line 1711 has count: 13
Buggy line 1711 is covered by test case TC1851.sh
TC1852.sh on line 1711 has count: 16
Buggy line 1711 is covered by test case TC1852.sh
TC1853.sh on line 1711 has count: 131
Buggy line 1711 is covered by test case TC1853.sh
TC2039.sh on line 1711 has count: 1
Buggy line 1711 is covered by test case TC2039.sh
TC2040.sh on line 1711 has count: 1
Buggy line 1711 is covered by test case TC2040.sh
TC2043.sh on line 1711 has count: 1
Buggy line 1711 is covered by test case TC2043.sh
TC2047.sh on line 1711 has count: 1
Buggy line 1711 is covered by test case TC2047.sh
TC2049.sh on line 1711 has count: 1
Buggy line 1711 is covered by test case TC2049.sh
TC2050.sh on line 1711 has count: 1
Buggy line 1711 is covered by test case TC2050.sh
TC2052.sh on line 1711 has count: 1
Buggy line 1711 is covered by test case TC2052.sh
TC2056.sh on line 1711 has count: 1
Buggy line 1711 is covered by test case TC2056.sh
TC2057.sh on line 1711 has count: 1
Buggy line 1711 is covered by test case TC2057.sh
TC2060.sh on line 1711 has count: 1
Buggy line 1711 is covered by test case TC2060.sh
TC2064.sh on line 1711 has count: 1
Buggy line 1711 is covered by test case TC2064.sh
TC2066.sh on line 1711 has count: 1
Buggy line 1711 is covered by test case TC2066.sh
TC2067.sh on line 1711 has count: 1
Buggy line 1711 is covered by test case TC2067.sh
TC2069.sh on line 1711 has count: 1
Buggy line 1711 is covered by test case TC2069.sh
TC2073.sh on line 1711 has count: 1
Buggy line 1711 is covered by test case TC2073.sh
TC2074.sh on line 1711 has count: 1
Buggy line 1711 is covered by test case TC2074.sh
TC2077.sh on line 1711 has count: 1
Buggy line 1711 is covered by test case TC2077.sh
TC2081.sh on line 1711 has count: 1
Buggy line 1711 is covered by test case TC2081.sh
TC2083.sh on line 1711 has count: 1
Buggy line 1711 is covered by test case TC2083.sh
TC2084.sh on line 1711 has count: 1
Buggy line 1711 is covered by test case TC2084.sh
TC2086.sh on line 1711 has count: 1
Buggy line 1711 is covered by test case TC2086.sh
TC2090.sh on line 1711 has count: 1
Buggy line 1711 is covered by test case TC2090.sh
TC2091.sh on line 1711 has count: 1
Buggy line 1711 is covered by test case TC2091.sh
TC2094.sh on line 1711 has count: 1
Buggy line 1711 is covered by test case TC2094.sh
TC2098.sh on line 1711 has count: 1
Buggy line 1711 is covered by test case TC2098.sh
TC2100.sh on line 1711 has count: 1
Buggy line 1711 is covered by test case TC2100.sh
TC2101.sh on line 1711 has count: 1
Buggy line 1711 is covered by test case TC2101.sh
TC2103.sh on line 1711 has count: 1
Buggy line 1711 is covered by test case TC2103.sh
TC2151.sh on line 1711 has count: 9
Buggy line 1711 is covered by test case TC2151.sh
TC2301.sh on line 1711 has count: 3
Buggy line 1711 is covered by test case TC2301.sh
TC2303.sh on line 1711 has count: 12
Buggy line 1711 is covered by test case TC2303.sh
TC2308.sh on line 1711 has count: 1
Buggy line 1711 is covered by test case TC2308.sh
TC2313.sh on line 1711 has count: 93
Buggy line 1711 is covered by test case TC2313.sh
TC2323.sh on line 1711 has count: 22
Buggy line 1711 is covered by test case TC2323.sh
TC2324.sh on line 1711 has count: 1
Buggy line 1711 is covered by test case TC2324.sh
TC2327.sh on line 1711 has count: 1
Buggy line 1711 is covered by test case TC2327.sh
TC2330.sh on line 1711 has count: 95
Buggy line 1711 is covered by test case TC2330.sh
TC2368.sh on line 1711 has count: 1
Buggy line 1711 is covered by test case TC2368.sh
TC2369.sh on line 1711 has count: 2
Buggy line 1711 is covered by test case TC2369.sh
TC2376.sh on line 1711 has count: 2
Buggy line 1711 is covered by test case TC2376.sh
TC2377.sh on line 1711 has count: 1
Buggy line 1711 is covered by test case TC2377.sh
TC2378.sh on line 1711 has count: 2
Buggy line 1711 is covered by test case TC2378.sh
TC2394.sh on line 1711 has count: 12
Buggy line 1711 is covered by test case TC2394.sh
TC2403.sh on line 1711 has count: 3
Buggy line 1711 is covered by test case TC2403.sh
TC2410.sh on line 1711 has count: 1
Buggy line 1711 is covered by test case TC2410.sh
TC2415.sh on line 1711 has count: 93
Buggy line 1711 is covered by test case TC2415.sh
TC2425.sh on line 1711 has count: 22
Buggy line 1711 is covered by test case TC2425.sh
TC2426.sh on line 1711 has count: 2
Buggy line 1711 is covered by test case TC2426.sh
TC2429.sh on line 1711 has count: 1
Buggy line 1711 is covered by test case TC2429.sh
TC2432.sh on line 1711 has count: 95
Buggy line 1711 is covered by test case TC2432.sh
TC2470.sh on line 1711 has count: 1
Buggy line 1711 is covered by test case TC2470.sh
TC2471.sh on line 1711 has count: 2
Buggy line 1711 is covered by test case TC2471.sh
TC2478.sh on line 1711 has count: 8
Buggy line 1711 is covered by test case TC2478.sh
TC2479.sh on line 1711 has count: 4
Buggy line 1711 is covered by test case TC2479.sh
TC2480.sh on line 1711 has count: 10
Buggy line 1711 is covered by test case TC2480.sh
>> Saving version uri.MUT1992.c to database
>> Reverted uri.c to original from uri.MUT1992.c

+++++ STDERR +++++

+++++ results for xinclude.MUT1193.c +++++
+++++ STDOUT +++++
Testing version xinclude.MUT1193.c on faster24.swtv::core2
>> Building libxml2_TF_top30
>> Applied patch to xinclude.c with xinclude.MUT1193.c
>> Building libxml2_TF_top30
TC2039.sh on line 1409 has count: 2
Buggy line 1409 is covered by test case TC2039.sh
TC2049.sh on line 1409 has count: 1
Buggy line 1409 is covered by test case TC2049.sh
TC2050.sh on line 1409 has count: 1
Buggy line 1409 is covered by test case TC2050.sh
TC2053.sh on line 1409 has count: 2
Buggy line 1409 is covered by test case TC2053.sh
TC2056.sh on line 1409 has count: 2
Buggy line 1409 is covered by test case TC2056.sh
TC2066.sh on line 1409 has count: 1
Buggy line 1409 is covered by test case TC2066.sh
TC2067.sh on line 1409 has count: 1
Buggy line 1409 is covered by test case TC2067.sh
TC2070.sh on line 1409 has count: 2
Buggy line 1409 is covered by test case TC2070.sh
TC2073.sh on line 1409 has count: 2
Buggy line 1409 is covered by test case TC2073.sh
TC2083.sh on line 1409 has count: 1
Buggy line 1409 is covered by test case TC2083.sh
TC2084.sh on line 1409 has count: 1
Buggy line 1409 is covered by test case TC2084.sh
TC2087.sh on line 1409 has count: 2
Buggy line 1409 is covered by test case TC2087.sh
TC2090.sh on line 1409 has count: 2
Buggy line 1409 is covered by test case TC2090.sh
TC2100.sh on line 1409 has count: 1
Buggy line 1409 is covered by test case TC2100.sh
TC2101.sh on line 1409 has count: 1
Buggy line 1409 is covered by test case TC2101.sh
TC2104.sh on line 1409 has count: 2
Buggy line 1409 is covered by test case TC2104.sh
TC2107.sh on line 1409 has count: 3
Buggy line 1409 is covered by test case TC2107.sh
TC2108.sh on line 1409 has count: 2
Buggy line 1409 is covered by test case TC2108.sh
TC2109.sh on line 1409 has count: 2
Buggy line 1409 is covered by test case TC2109.sh
TC2110.sh on line 1409 has count: 2
Buggy line 1409 is covered by test case TC2110.sh
TC2111.sh on line 1409 has count: 101
Buggy line 1409 is covered by test case TC2111.sh
TC2112.sh on line 1409 has count: 1
Buggy line 1409 is covered by test case TC2112.sh
>> Saving version xinclude.MUT1193.c to database
>> Reverted xinclude.c to original from xinclude.MUT1193.c

+++++ STDERR +++++

+++++ results for pattern.MUT1860.c +++++
+++++ STDOUT +++++
Testing version pattern.MUT1860.c on faster24.swtv::core2
>> Building libxml2_TF_top30
>> Applied patch to pattern.c with pattern.MUT1860.c
>> Building libxml2_TF_top30
TC2124.sh on line 1921 has count: 6
Buggy line 1921 is covered by test case TC2124.sh
TC2498.sh on line 1921 has count: 38
Buggy line 1921 is covered by test case TC2498.sh
TC2499.sh on line 1921 has count: 6
Buggy line 1921 is covered by test case TC2499.sh
TC2500.sh on line 1921 has count: 2
Buggy line 1921 is covered by test case TC2500.sh
>> Saving version pattern.MUT1860.c to database
>> Reverted pattern.c to original from pattern.MUT1860.c

+++++ STDERR +++++

+++++ results for pattern.MUT1949.c +++++
+++++ STDOUT +++++
Testing version pattern.MUT1949.c on faster24.swtv::core2
>> Building libxml2_TF_top30
>> Applied patch to pattern.c with pattern.MUT1949.c
>> Building libxml2_TF_top30
TC2124.sh on line 1989 has count: 2
Buggy line 1989 is covered by test case TC2124.sh
>> Saving version pattern.MUT1949.c to database
>> Reverted pattern.c to original from pattern.MUT1949.c

+++++ STDERR +++++

+++++ results for relaxng.MUT11953.c +++++
+++++ STDOUT +++++
Testing version relaxng.MUT11953.c on faster24.swtv::core2
>> Building libxml2_TF_top30
>> Applied patch to relaxng.c with relaxng.MUT11953.c
>> Building libxml2_TF_top30
TC2446.sh on line 8863 has count: 6
Buggy line 8863 is covered by test case TC2446.sh
TC2448.sh on line 8863 has count: 3
Buggy line 8863 is covered by test case TC2448.sh
>> Saving version relaxng.MUT11953.c to database
>> Reverted relaxng.c to original from relaxng.MUT11953.c

+++++ STDERR +++++

+++++ results for xmlregexp.MUT1999.c +++++
+++++ STDOUT +++++
Testing version xmlregexp.MUT1999.c on faster24.swtv::core2
>> Building libxml2_TF_top30
>> Applied patch to xmlregexp.c with xmlregexp.MUT1999.c
>> Building libxml2_TF_top30
TC1932.sh on line 1849 has count: 4
Buggy line 1849 is covered by test case TC1932.sh
TC1950.sh on line 1849 has count: 205
Buggy line 1849 is covered by test case TC1950.sh
TC1954.sh on line 1849 has count: 15
Buggy line 1849 is covered by test case TC1954.sh
TC1956.sh on line 1849 has count: 2
Buggy line 1849 is covered by test case TC1956.sh
TC1957.sh on line 1849 has count: 2
Buggy line 1849 is covered by test case TC1957.sh
TC1958.sh on line 1849 has count: 2
Buggy line 1849 is covered by test case TC1958.sh
TC1959.sh on line 1849 has count: 50
Buggy line 1849 is covered by test case TC1959.sh
TC1964.sh on line 1849 has count: 6
Buggy line 1849 is covered by test case TC1964.sh
TC1968.sh on line 1849 has count: 21
Buggy line 1849 is covered by test case TC1968.sh
TC1969.sh on line 1849 has count: 2
Buggy line 1849 is covered by test case TC1969.sh
TC1978.sh on line 1849 has count: 152
Buggy line 1849 is covered by test case TC1978.sh
TC1986.sh on line 1849 has count: 1
Buggy line 1849 is covered by test case TC1986.sh
TC1988.sh on line 1849 has count: 4
Buggy line 1849 is covered by test case TC1988.sh
TC2006.sh on line 1849 has count: 205
Buggy line 1849 is covered by test case TC2006.sh
TC2010.sh on line 1849 has count: 15
Buggy line 1849 is covered by test case TC2010.sh
TC2012.sh on line 1849 has count: 2
Buggy line 1849 is covered by test case TC2012.sh
TC2013.sh on line 1849 has count: 2
Buggy line 1849 is covered by test case TC2013.sh
TC2014.sh on line 1849 has count: 2
Buggy line 1849 is covered by test case TC2014.sh
TC2015.sh on line 1849 has count: 50
Buggy line 1849 is covered by test case TC2015.sh
TC2020.sh on line 1849 has count: 6
Buggy line 1849 is covered by test case TC2020.sh
TC2024.sh on line 1849 has count: 21
Buggy line 1849 is covered by test case TC2024.sh
TC2025.sh on line 1849 has count: 2
Buggy line 1849 is covered by test case TC2025.sh
TC2037.sh on line 1849 has count: 67
Buggy line 1849 is covered by test case TC2037.sh
TC2038.sh on line 1849 has count: 152
Buggy line 1849 is covered by test case TC2038.sh
TC2153.sh on line 1849 has count: 3
Buggy line 1849 is covered by test case TC2153.sh
TC2154.sh on line 1849 has count: 3
Buggy line 1849 is covered by test case TC2154.sh
TC2184.sh on line 1849 has count: 3
Buggy line 1849 is covered by test case TC2184.sh
TC2189.sh on line 1849 has count: 1
Buggy line 1849 is covered by test case TC2189.sh
TC2192.sh on line 1849 has count: 56
Buggy line 1849 is covered by test case TC2192.sh
TC2194.sh on line 1849 has count: 2
Buggy line 1849 is covered by test case TC2194.sh
TC2197.sh on line 1849 has count: 2
Buggy line 1849 is covered by test case TC2197.sh
TC2201.sh on line 1849 has count: 8
Buggy line 1849 is covered by test case TC2201.sh
TC2202.sh on line 1849 has count: 2
Buggy line 1849 is covered by test case TC2202.sh
TC2203.sh on line 1849 has count: 2
Buggy line 1849 is covered by test case TC2203.sh
TC2204.sh on line 1849 has count: 2
Buggy line 1849 is covered by test case TC2204.sh
TC2209.sh on line 1849 has count: 13
Buggy line 1849 is covered by test case TC2209.sh
TC2219.sh on line 1849 has count: 7
Buggy line 1849 is covered by test case TC2219.sh
TC2223.sh on line 1849 has count: 3
Buggy line 1849 is covered by test case TC2223.sh
TC2228.sh on line 1849 has count: 2
Buggy line 1849 is covered by test case TC2228.sh
TC2231.sh on line 1849 has count: 2
Buggy line 1849 is covered by test case TC2231.sh
TC2232.sh on line 1849 has count: 3
Buggy line 1849 is covered by test case TC2232.sh
TC2256.sh on line 1849 has count: 23
Buggy line 1849 is covered by test case TC2256.sh
TC2269.sh on line 1849 has count: 4
Buggy line 1849 is covered by test case TC2269.sh
TC2270.sh on line 1849 has count: 1
Buggy line 1849 is covered by test case TC2270.sh
TC2282.sh on line 1849 has count: 4
Buggy line 1849 is covered by test case TC2282.sh
TC2403.sh on line 1849 has count: 1
Buggy line 1849 is covered by test case TC2403.sh
TC2411.sh on line 1849 has count: 7
Buggy line 1849 is covered by test case TC2411.sh
TC2415.sh on line 1849 has count: 14485
Buggy line 1849 is covered by test case TC2415.sh
TC2417.sh on line 1849 has count: 2
Buggy line 1849 is covered by test case TC2417.sh
TC2425.sh on line 1849 has count: 10
Buggy line 1849 is covered by test case TC2425.sh
TC2426.sh on line 1849 has count: 12
Buggy line 1849 is covered by test case TC2426.sh
TC2432.sh on line 1849 has count: 15284
Buggy line 1849 is covered by test case TC2432.sh
TC2436.sh on line 1849 has count: 1
Buggy line 1849 is covered by test case TC2436.sh
TC2438.sh on line 1849 has count: 1
Buggy line 1849 is covered by test case TC2438.sh
TC2439.sh on line 1849 has count: 1
Buggy line 1849 is covered by test case TC2439.sh
TC2440.sh on line 1849 has count: 1
Buggy line 1849 is covered by test case TC2440.sh
TC2441.sh on line 1849 has count: 1
Buggy line 1849 is covered by test case TC2441.sh
TC2442.sh on line 1849 has count: 3
Buggy line 1849 is covered by test case TC2442.sh
TC2443.sh on line 1849 has count: 3
Buggy line 1849 is covered by test case TC2443.sh
TC2444.sh on line 1849 has count: 1
Buggy line 1849 is covered by test case TC2444.sh
TC2449.sh on line 1849 has count: 1
Buggy line 1849 is covered by test case TC2449.sh
TC2450.sh on line 1849 has count: 14
Buggy line 1849 is covered by test case TC2450.sh
TC2452.sh on line 1849 has count: 1
Buggy line 1849 is covered by test case TC2452.sh
TC2453.sh on line 1849 has count: 1
Buggy line 1849 is covered by test case TC2453.sh
TC2454.sh on line 1849 has count: 1
Buggy line 1849 is covered by test case TC2454.sh
TC2455.sh on line 1849 has count: 1
Buggy line 1849 is covered by test case TC2455.sh
TC2456.sh on line 1849 has count: 2
Buggy line 1849 is covered by test case TC2456.sh
TC2457.sh on line 1849 has count: 2
Buggy line 1849 is covered by test case TC2457.sh
TC2459.sh on line 1849 has count: 1
Buggy line 1849 is covered by test case TC2459.sh
TC2460.sh on line 1849 has count: 1
Buggy line 1849 is covered by test case TC2460.sh
TC2461.sh on line 1849 has count: 2
Buggy line 1849 is covered by test case TC2461.sh
TC2462.sh on line 1849 has count: 1
Buggy line 1849 is covered by test case TC2462.sh
TC2464.sh on line 1849 has count: 1
Buggy line 1849 is covered by test case TC2464.sh
TC2466.sh on line 1849 has count: 1
Buggy line 1849 is covered by test case TC2466.sh
TC2467.sh on line 1849 has count: 1
Buggy line 1849 is covered by test case TC2467.sh
TC2468.sh on line 1849 has count: 168
Buggy line 1849 is covered by test case TC2468.sh
TC2481.sh on line 1849 has count: 2
Buggy line 1849 is covered by test case TC2481.sh
TC2484.sh on line 1849 has count: 16
Buggy line 1849 is covered by test case TC2484.sh
TC2485.sh on line 1849 has count: 46
Buggy line 1849 is covered by test case TC2485.sh
TC2486.sh on line 1849 has count: 1
Buggy line 1849 is covered by test case TC2486.sh
TC2487.sh on line 1849 has count: 1
Buggy line 1849 is covered by test case TC2487.sh
TC2491.sh on line 1849 has count: 3
Buggy line 1849 is covered by test case TC2491.sh
TC2492.sh on line 1849 has count: 3
Buggy line 1849 is covered by test case TC2492.sh
TC2493.sh on line 1849 has count: 46
Buggy line 1849 is covered by test case TC2493.sh
TC2494.sh on line 1849 has count: 46
Buggy line 1849 is covered by test case TC2494.sh
TC2495.sh on line 1849 has count: 46
Buggy line 1849 is covered by test case TC2495.sh
TC2624.sh on line 1849 has count: 10
Buggy line 1849 is covered by test case TC2624.sh
TC2625.sh on line 1849 has count: 263
Buggy line 1849 is covered by test case TC2625.sh
TC2626.sh on line 1849 has count: 6
Buggy line 1849 is covered by test case TC2626.sh
TC2627.sh on line 1849 has count: 6
Buggy line 1849 is covered by test case TC2627.sh
TC2630.sh on line 1849 has count: 16
Buggy line 1849 is covered by test case TC2630.sh
TC2631.sh on line 1849 has count: 3
Buggy line 1849 is covered by test case TC2631.sh
TC2632.sh on line 1849 has count: 7
Buggy line 1849 is covered by test case TC2632.sh
TC2634.sh on line 1849 has count: 2
Buggy line 1849 is covered by test case TC2634.sh
TC2636.sh on line 1849 has count: 2
Buggy line 1849 is covered by test case TC2636.sh
TC2638.sh on line 1849 has count: 76
Buggy line 1849 is covered by test case TC2638.sh
>> Saving version xmlregexp.MUT1999.c to database
>> Reverted xmlregexp.c to original from xmlregexp.MUT1999.c

+++++ STDERR +++++

+++++ results for parser.MUT14363.c +++++
+++++ STDOUT +++++
Testing version parser.MUT14363.c on faster24.swtv::core2
>> Building libxml2_TF_top30
>> Applied patch to parser.c with parser.MUT14363.c
>> Building libxml2_TF_top30
TC511.sh on line 12068 has count: 1
Buggy line 12068 is covered by test case TC511.sh
TC517.sh on line 12068 has count: 1
Buggy line 12068 is covered by test case TC517.sh
TC523.sh on line 12068 has count: 1
Buggy line 12068 is covered by test case TC523.sh
TC526.sh on line 12068 has count: 1
Buggy line 12068 is covered by test case TC526.sh
TC527.sh on line 12068 has count: 1
Buggy line 12068 is covered by test case TC527.sh
TC535.sh on line 12068 has count: 1
Buggy line 12068 is covered by test case TC535.sh
TC536.sh on line 12068 has count: 1
Buggy line 12068 is covered by test case TC536.sh
TC537.sh on line 12068 has count: 1
Buggy line 12068 is covered by test case TC537.sh
TC545.sh on line 12068 has count: 1
Buggy line 12068 is covered by test case TC545.sh
TC546.sh on line 12068 has count: 1
Buggy line 12068 is covered by test case TC546.sh
TC550.sh on line 12068 has count: 1
Buggy line 12068 is covered by test case TC550.sh
TC552.sh on line 12068 has count: 1
Buggy line 12068 is covered by test case TC552.sh
TC554.sh on line 12068 has count: 1
Buggy line 12068 is covered by test case TC554.sh
TC557.sh on line 12068 has count: 1
Buggy line 12068 is covered by test case TC557.sh
TC560.sh on line 12068 has count: 1
Buggy line 12068 is covered by test case TC560.sh
TC571.sh on line 12068 has count: 1
Buggy line 12068 is covered by test case TC571.sh
TC590.sh on line 12068 has count: 1
Buggy line 12068 is covered by test case TC590.sh
TC591.sh on line 12068 has count: 1
Buggy line 12068 is covered by test case TC591.sh
TC595.sh on line 12068 has count: 1
Buggy line 12068 is covered by test case TC595.sh
TC596.sh on line 12068 has count: 1
Buggy line 12068 is covered by test case TC596.sh
TC597.sh on line 12068 has count: 1
Buggy line 12068 is covered by test case TC597.sh
TC598.sh on line 12068 has count: 1
Buggy line 12068 is covered by test case TC598.sh
TC599.sh on line 12068 has count: 1
Buggy line 12068 is covered by test case TC599.sh
TC600.sh on line 12068 has count: 1
Buggy line 12068 is covered by test case TC600.sh
TC601.sh on line 12068 has count: 1
Buggy line 12068 is covered by test case TC601.sh
TC602.sh on line 12068 has count: 1
Buggy line 12068 is covered by test case TC602.sh
TC603.sh on line 12068 has count: 1
Buggy line 12068 is covered by test case TC603.sh
TC604.sh on line 12068 has count: 1
Buggy line 12068 is covered by test case TC604.sh
TC605.sh on line 12068 has count: 1
Buggy line 12068 is covered by test case TC605.sh
TC606.sh on line 12068 has count: 1
Buggy line 12068 is covered by test case TC606.sh
TC609.sh on line 12068 has count: 1
Buggy line 12068 is covered by test case TC609.sh
TC610.sh on line 12068 has count: 1
Buggy line 12068 is covered by test case TC610.sh
TC611.sh on line 12068 has count: 1
Buggy line 12068 is covered by test case TC611.sh
TC612.sh on line 12068 has count: 1
Buggy line 12068 is covered by test case TC612.sh
TC613.sh on line 12068 has count: 1
Buggy line 12068 is covered by test case TC613.sh
TC614.sh on line 12068 has count: 1
Buggy line 12068 is covered by test case TC614.sh
TC615.sh on line 12068 has count: 1
Buggy line 12068 is covered by test case TC615.sh
TC616.sh on line 12068 has count: 1
Buggy line 12068 is covered by test case TC616.sh
TC618.sh on line 12068 has count: 1
Buggy line 12068 is covered by test case TC618.sh
TC619.sh on line 12068 has count: 1
Buggy line 12068 is covered by test case TC619.sh
TC620.sh on line 12068 has count: 1
Buggy line 12068 is covered by test case TC620.sh
TC621.sh on line 12068 has count: 1
Buggy line 12068 is covered by test case TC621.sh
TC622.sh on line 12068 has count: 1
Buggy line 12068 is covered by test case TC622.sh
TC623.sh on line 12068 has count: 1
Buggy line 12068 is covered by test case TC623.sh
TC624.sh on line 12068 has count: 1
Buggy line 12068 is covered by test case TC624.sh
TC626.sh on line 12068 has count: 1
Buggy line 12068 is covered by test case TC626.sh
TC627.sh on line 12068 has count: 1
Buggy line 12068 is covered by test case TC627.sh
TC631.sh on line 12068 has count: 1
Buggy line 12068 is covered by test case TC631.sh
TC632.sh on line 12068 has count: 1
Buggy line 12068 is covered by test case TC632.sh
TC635.sh on line 12068 has count: 1
Buggy line 12068 is covered by test case TC635.sh
TC669.sh on line 12068 has count: 1
Buggy line 12068 is covered by test case TC669.sh
TC670.sh on line 12068 has count: 1
Buggy line 12068 is covered by test case TC670.sh
TC672.sh on line 12068 has count: 1
Buggy line 12068 is covered by test case TC672.sh
TC673.sh on line 12068 has count: 1
Buggy line 12068 is covered by test case TC673.sh
TC677.sh on line 12068 has count: 1
Buggy line 12068 is covered by test case TC677.sh
TC679.sh on line 12068 has count: 1
Buggy line 12068 is covered by test case TC679.sh
TC681.sh on line 12068 has count: 1
Buggy line 12068 is covered by test case TC681.sh
TC684.sh on line 12068 has count: 1
Buggy line 12068 is covered by test case TC684.sh
TC687.sh on line 12068 has count: 1
Buggy line 12068 is covered by test case TC687.sh
TC698.sh on line 12068 has count: 1
Buggy line 12068 is covered by test case TC698.sh
TC717.sh on line 12068 has count: 1
Buggy line 12068 is covered by test case TC717.sh
TC718.sh on line 12068 has count: 1
Buggy line 12068 is covered by test case TC718.sh
TC722.sh on line 12068 has count: 1
Buggy line 12068 is covered by test case TC722.sh
TC723.sh on line 12068 has count: 1
Buggy line 12068 is covered by test case TC723.sh
TC724.sh on line 12068 has count: 1
Buggy line 12068 is covered by test case TC724.sh
TC725.sh on line 12068 has count: 1
Buggy line 12068 is covered by test case TC725.sh
TC726.sh on line 12068 has count: 1
Buggy line 12068 is covered by test case TC726.sh
TC727.sh on line 12068 has count: 1
Buggy line 12068 is covered by test case TC727.sh
TC728.sh on line 12068 has count: 1
Buggy line 12068 is covered by test case TC728.sh
TC729.sh on line 12068 has count: 1
Buggy line 12068 is covered by test case TC729.sh
TC730.sh on line 12068 has count: 1
Buggy line 12068 is covered by test case TC730.sh
TC731.sh on line 12068 has count: 1
Buggy line 12068 is covered by test case TC731.sh
TC732.sh on line 12068 has count: 1
Buggy line 12068 is covered by test case TC732.sh
TC733.sh on line 12068 has count: 1
Buggy line 12068 is covered by test case TC733.sh
TC736.sh on line 12068 has count: 1
Buggy line 12068 is covered by test case TC736.sh
TC737.sh on line 12068 has count: 1
Buggy line 12068 is covered by test case TC737.sh
TC738.sh on line 12068 has count: 1
Buggy line 12068 is covered by test case TC738.sh
TC739.sh on line 12068 has count: 1
Buggy line 12068 is covered by test case TC739.sh
TC740.sh on line 12068 has count: 1
Buggy line 12068 is covered by test case TC740.sh
TC741.sh on line 12068 has count: 1
Buggy line 12068 is covered by test case TC741.sh
TC742.sh on line 12068 has count: 1
Buggy line 12068 is covered by test case TC742.sh
TC743.sh on line 12068 has count: 1
Buggy line 12068 is covered by test case TC743.sh
TC745.sh on line 12068 has count: 1
Buggy line 12068 is covered by test case TC745.sh
TC746.sh on line 12068 has count: 1
Buggy line 12068 is covered by test case TC746.sh
TC747.sh on line 12068 has count: 1
Buggy line 12068 is covered by test case TC747.sh
TC748.sh on line 12068 has count: 1
Buggy line 12068 is covered by test case TC748.sh
TC749.sh on line 12068 has count: 1
Buggy line 12068 is covered by test case TC749.sh
TC750.sh on line 12068 has count: 1
Buggy line 12068 is covered by test case TC750.sh
TC751.sh on line 12068 has count: 1
Buggy line 12068 is covered by test case TC751.sh
TC753.sh on line 12068 has count: 1
Buggy line 12068 is covered by test case TC753.sh
TC754.sh on line 12068 has count: 1
Buggy line 12068 is covered by test case TC754.sh
TC758.sh on line 12068 has count: 1
Buggy line 12068 is covered by test case TC758.sh
TC759.sh on line 12068 has count: 1
Buggy line 12068 is covered by test case TC759.sh
TC762.sh on line 12068 has count: 1
Buggy line 12068 is covered by test case TC762.sh
TC796.sh on line 12068 has count: 1
Buggy line 12068 is covered by test case TC796.sh
TC797.sh on line 12068 has count: 1
Buggy line 12068 is covered by test case TC797.sh
TC799.sh on line 12068 has count: 1
Buggy line 12068 is covered by test case TC799.sh
TC800.sh on line 12068 has count: 1
Buggy line 12068 is covered by test case TC800.sh
TC804.sh on line 12068 has count: 1
Buggy line 12068 is covered by test case TC804.sh
TC806.sh on line 12068 has count: 1
Buggy line 12068 is covered by test case TC806.sh
TC808.sh on line 12068 has count: 1
Buggy line 12068 is covered by test case TC808.sh
TC811.sh on line 12068 has count: 1
Buggy line 12068 is covered by test case TC811.sh
TC814.sh on line 12068 has count: 1
Buggy line 12068 is covered by test case TC814.sh
TC825.sh on line 12068 has count: 1
Buggy line 12068 is covered by test case TC825.sh
TC844.sh on line 12068 has count: 1
Buggy line 12068 is covered by test case TC844.sh
TC845.sh on line 12068 has count: 1
Buggy line 12068 is covered by test case TC845.sh
TC849.sh on line 12068 has count: 1
Buggy line 12068 is covered by test case TC849.sh
TC850.sh on line 12068 has count: 1
Buggy line 12068 is covered by test case TC850.sh
TC851.sh on line 12068 has count: 1
Buggy line 12068 is covered by test case TC851.sh
TC852.sh on line 12068 has count: 1
Buggy line 12068 is covered by test case TC852.sh
TC853.sh on line 12068 has count: 1
Buggy line 12068 is covered by test case TC853.sh
TC854.sh on line 12068 has count: 1
Buggy line 12068 is covered by test case TC854.sh
TC855.sh on line 12068 has count: 1
Buggy line 12068 is covered by test case TC855.sh
TC856.sh on line 12068 has count: 1
Buggy line 12068 is covered by test case TC856.sh
TC857.sh on line 12068 has count: 1
Buggy line 12068 is covered by test case TC857.sh
TC858.sh on line 12068 has count: 1
Buggy line 12068 is covered by test case TC858.sh
TC859.sh on line 12068 has count: 1
Buggy line 12068 is covered by test case TC859.sh
TC860.sh on line 12068 has count: 1
Buggy line 12068 is covered by test case TC860.sh
TC863.sh on line 12068 has count: 1
Buggy line 12068 is covered by test case TC863.sh
TC864.sh on line 12068 has count: 1
Buggy line 12068 is covered by test case TC864.sh
TC865.sh on line 12068 has count: 1
Buggy line 12068 is covered by test case TC865.sh
TC866.sh on line 12068 has count: 1
Buggy line 12068 is covered by test case TC866.sh
TC867.sh on line 12068 has count: 1
Buggy line 12068 is covered by test case TC867.sh
TC868.sh on line 12068 has count: 1
Buggy line 12068 is covered by test case TC868.sh
TC869.sh on line 12068 has count: 1
Buggy line 12068 is covered by test case TC869.sh
TC870.sh on line 12068 has count: 1
Buggy line 12068 is covered by test case TC870.sh
TC872.sh on line 12068 has count: 1
Buggy line 12068 is covered by test case TC872.sh
TC873.sh on line 12068 has count: 1
Buggy line 12068 is covered by test case TC873.sh
TC874.sh on line 12068 has count: 1
Buggy line 12068 is covered by test case TC874.sh
TC875.sh on line 12068 has count: 1
Buggy line 12068 is covered by test case TC875.sh
TC876.sh on line 12068 has count: 1
Buggy line 12068 is covered by test case TC876.sh
TC877.sh on line 12068 has count: 1
Buggy line 12068 is covered by test case TC877.sh
TC878.sh on line 12068 has count: 1
Buggy line 12068 is covered by test case TC878.sh
TC880.sh on line 12068 has count: 1
Buggy line 12068 is covered by test case TC880.sh
TC881.sh on line 12068 has count: 1
Buggy line 12068 is covered by test case TC881.sh
TC885.sh on line 12068 has count: 1
Buggy line 12068 is covered by test case TC885.sh
TC886.sh on line 12068 has count: 1
Buggy line 12068 is covered by test case TC886.sh
TC889.sh on line 12068 has count: 1
Buggy line 12068 is covered by test case TC889.sh
TC923.sh on line 12068 has count: 1
Buggy line 12068 is covered by test case TC923.sh
TC924.sh on line 12068 has count: 1
Buggy line 12068 is covered by test case TC924.sh
TC1434.sh on line 12068 has count: 1
Buggy line 12068 is covered by test case TC1434.sh
TC1435.sh on line 12068 has count: 1
Buggy line 12068 is covered by test case TC1435.sh
TC1439.sh on line 12068 has count: 1
Buggy line 12068 is covered by test case TC1439.sh
TC1441.sh on line 12068 has count: 1
Buggy line 12068 is covered by test case TC1441.sh
TC1443.sh on line 12068 has count: 1
Buggy line 12068 is covered by test case TC1443.sh
TC1446.sh on line 12068 has count: 1
Buggy line 12068 is covered by test case TC1446.sh
TC1449.sh on line 12068 has count: 1
Buggy line 12068 is covered by test case TC1449.sh
TC1460.sh on line 12068 has count: 1
Buggy line 12068 is covered by test case TC1460.sh
TC1479.sh on line 12068 has count: 1
Buggy line 12068 is covered by test case TC1479.sh
TC1480.sh on line 12068 has count: 1
Buggy line 12068 is covered by test case TC1480.sh
TC1484.sh on line 12068 has count: 1
Buggy line 12068 is covered by test case TC1484.sh
TC1485.sh on line 12068 has count: 1
Buggy line 12068 is covered by test case TC1485.sh
TC1486.sh on line 12068 has count: 1
Buggy line 12068 is covered by test case TC1486.sh
TC1487.sh on line 12068 has count: 1
Buggy line 12068 is covered by test case TC1487.sh
TC1488.sh on line 12068 has count: 1
Buggy line 12068 is covered by test case TC1488.sh
TC1489.sh on line 12068 has count: 1
Buggy line 12068 is covered by test case TC1489.sh
TC1490.sh on line 12068 has count: 1
Buggy line 12068 is covered by test case TC1490.sh
TC1491.sh on line 12068 has count: 1
Buggy line 12068 is covered by test case TC1491.sh
TC1492.sh on line 12068 has count: 1
Buggy line 12068 is covered by test case TC1492.sh
TC1493.sh on line 12068 has count: 1
Buggy line 12068 is covered by test case TC1493.sh
TC1494.sh on line 12068 has count: 1
Buggy line 12068 is covered by test case TC1494.sh
TC1495.sh on line 12068 has count: 1
Buggy line 12068 is covered by test case TC1495.sh
TC1498.sh on line 12068 has count: 1
Buggy line 12068 is covered by test case TC1498.sh
TC1499.sh on line 12068 has count: 1
Buggy line 12068 is covered by test case TC1499.sh
TC1500.sh on line 12068 has count: 1
Buggy line 12068 is covered by test case TC1500.sh
TC1501.sh on line 12068 has count: 1
Buggy line 12068 is covered by test case TC1501.sh
TC1502.sh on line 12068 has count: 1
Buggy line 12068 is covered by test case TC1502.sh
TC1503.sh on line 12068 has count: 1
Buggy line 12068 is covered by test case TC1503.sh
TC1504.sh on line 12068 has count: 1
Buggy line 12068 is covered by test case TC1504.sh
TC1505.sh on line 12068 has count: 1
Buggy line 12068 is covered by test case TC1505.sh
TC1507.sh on line 12068 has count: 1
Buggy line 12068 is covered by test case TC1507.sh
TC1508.sh on line 12068 has count: 1
Buggy line 12068 is covered by test case TC1508.sh
TC1509.sh on line 12068 has count: 1
Buggy line 12068 is covered by test case TC1509.sh
TC1510.sh on line 12068 has count: 1
Buggy line 12068 is covered by test case TC1510.sh
TC1511.sh on line 12068 has count: 1
Buggy line 12068 is covered by test case TC1511.sh
TC1512.sh on line 12068 has count: 1
Buggy line 12068 is covered by test case TC1512.sh
TC1513.sh on line 12068 has count: 1
Buggy line 12068 is covered by test case TC1513.sh
TC1515.sh on line 12068 has count: 1
Buggy line 12068 is covered by test case TC1515.sh
TC1516.sh on line 12068 has count: 1
Buggy line 12068 is covered by test case TC1516.sh
TC1520.sh on line 12068 has count: 1
Buggy line 12068 is covered by test case TC1520.sh
TC1521.sh on line 12068 has count: 1
Buggy line 12068 is covered by test case TC1521.sh
TC1524.sh on line 12068 has count: 1
Buggy line 12068 is covered by test case TC1524.sh
TC1558.sh on line 12068 has count: 1
Buggy line 12068 is covered by test case TC1558.sh
TC1559.sh on line 12068 has count: 1
Buggy line 12068 is covered by test case TC1559.sh
TC1561.sh on line 12068 has count: 1
Buggy line 12068 is covered by test case TC1561.sh
TC1562.sh on line 12068 has count: 1
Buggy line 12068 is covered by test case TC1562.sh
TC1566.sh on line 12068 has count: 1
Buggy line 12068 is covered by test case TC1566.sh
TC1568.sh on line 12068 has count: 1
Buggy line 12068 is covered by test case TC1568.sh
TC1570.sh on line 12068 has count: 1
Buggy line 12068 is covered by test case TC1570.sh
TC1573.sh on line 12068 has count: 1
Buggy line 12068 is covered by test case TC1573.sh
TC1576.sh on line 12068 has count: 1
Buggy line 12068 is covered by test case TC1576.sh
TC1587.sh on line 12068 has count: 1
Buggy line 12068 is covered by test case TC1587.sh
TC1606.sh on line 12068 has count: 1
Buggy line 12068 is covered by test case TC1606.sh
TC1607.sh on line 12068 has count: 1
Buggy line 12068 is covered by test case TC1607.sh
TC1611.sh on line 12068 has count: 1
Buggy line 12068 is covered by test case TC1611.sh
TC1612.sh on line 12068 has count: 1
Buggy line 12068 is covered by test case TC1612.sh
TC1613.sh on line 12068 has count: 1
Buggy line 12068 is covered by test case TC1613.sh
TC1614.sh on line 12068 has count: 1
Buggy line 12068 is covered by test case TC1614.sh
TC1615.sh on line 12068 has count: 1
Buggy line 12068 is covered by test case TC1615.sh
TC1616.sh on line 12068 has count: 1
Buggy line 12068 is covered by test case TC1616.sh
TC1617.sh on line 12068 has count: 1
Buggy line 12068 is covered by test case TC1617.sh
TC1618.sh on line 12068 has count: 1
Buggy line 12068 is covered by test case TC1618.sh
TC1619.sh on line 12068 has count: 1
Buggy line 12068 is covered by test case TC1619.sh
TC1620.sh on line 12068 has count: 1
Buggy line 12068 is covered by test case TC1620.sh
TC1621.sh on line 12068 has count: 1
Buggy line 12068 is covered by test case TC1621.sh
TC1622.sh on line 12068 has count: 1
Buggy line 12068 is covered by test case TC1622.sh
TC1625.sh on line 12068 has count: 1
Buggy line 12068 is covered by test case TC1625.sh
TC1626.sh on line 12068 has count: 1
Buggy line 12068 is covered by test case TC1626.sh
TC1627.sh on line 12068 has count: 1
Buggy line 12068 is covered by test case TC1627.sh
TC1628.sh on line 12068 has count: 1
Buggy line 12068 is covered by test case TC1628.sh
TC1629.sh on line 12068 has count: 1
Buggy line 12068 is covered by test case TC1629.sh
TC1630.sh on line 12068 has count: 1
Buggy line 12068 is covered by test case TC1630.sh
TC1631.sh on line 12068 has count: 1
Buggy line 12068 is covered by test case TC1631.sh
TC1632.sh on line 12068 has count: 1
Buggy line 12068 is covered by test case TC1632.sh
TC1634.sh on line 12068 has count: 1
Buggy line 12068 is covered by test case TC1634.sh
TC1635.sh on line 12068 has count: 1
Buggy line 12068 is covered by test case TC1635.sh
TC1636.sh on line 12068 has count: 1
Buggy line 12068 is covered by test case TC1636.sh
TC1637.sh on line 12068 has count: 1
Buggy line 12068 is covered by test case TC1637.sh
TC1638.sh on line 12068 has count: 1
Buggy line 12068 is covered by test case TC1638.sh
TC1639.sh on line 12068 has count: 1
Buggy line 12068 is covered by test case TC1639.sh
TC1640.sh on line 12068 has count: 1
Buggy line 12068 is covered by test case TC1640.sh
TC1642.sh on line 12068 has count: 1
Buggy line 12068 is covered by test case TC1642.sh
TC1643.sh on line 12068 has count: 1
Buggy line 12068 is covered by test case TC1643.sh
TC1647.sh on line 12068 has count: 1
Buggy line 12068 is covered by test case TC1647.sh
TC1648.sh on line 12068 has count: 1
Buggy line 12068 is covered by test case TC1648.sh
TC1651.sh on line 12068 has count: 1
Buggy line 12068 is covered by test case TC1651.sh
TC1685.sh on line 12068 has count: 1
Buggy line 12068 is covered by test case TC1685.sh
TC1686.sh on line 12068 has count: 1
Buggy line 12068 is covered by test case TC1686.sh
TC1947.sh on line 12068 has count: 1
Buggy line 12068 is covered by test case TC1947.sh
TC1949.sh on line 12068 has count: 1
Buggy line 12068 is covered by test case TC1949.sh
TC1950.sh on line 12068 has count: 1
Buggy line 12068 is covered by test case TC1950.sh
TC1951.sh on line 12068 has count: 1
Buggy line 12068 is covered by test case TC1951.sh
TC1952.sh on line 12068 has count: 1
Buggy line 12068 is covered by test case TC1952.sh
TC1954.sh on line 12068 has count: 1
Buggy line 12068 is covered by test case TC1954.sh
TC1955.sh on line 12068 has count: 1
Buggy line 12068 is covered by test case TC1955.sh
TC1956.sh on line 12068 has count: 1
Buggy line 12068 is covered by test case TC1956.sh
TC1957.sh on line 12068 has count: 1
Buggy line 12068 is covered by test case TC1957.sh
TC1958.sh on line 12068 has count: 1
Buggy line 12068 is covered by test case TC1958.sh
TC1959.sh on line 12068 has count: 1
Buggy line 12068 is covered by test case TC1959.sh
TC1960.sh on line 12068 has count: 1
Buggy line 12068 is covered by test case TC1960.sh
TC1962.sh on line 12068 has count: 1
Buggy line 12068 is covered by test case TC1962.sh
TC1963.sh on line 12068 has count: 1
Buggy line 12068 is covered by test case TC1963.sh
TC1965.sh on line 12068 has count: 1
Buggy line 12068 is covered by test case TC1965.sh
TC1968.sh on line 12068 has count: 1
Buggy line 12068 is covered by test case TC1968.sh
TC1969.sh on line 12068 has count: 1
Buggy line 12068 is covered by test case TC1969.sh
TC1976.sh on line 12068 has count: 1
Buggy line 12068 is covered by test case TC1976.sh
TC1977.sh on line 12068 has count: 1
Buggy line 12068 is covered by test case TC1977.sh
TC1978.sh on line 12068 has count: 1
Buggy line 12068 is covered by test case TC1978.sh
TC1979.sh on line 12068 has count: 1
Buggy line 12068 is covered by test case TC1979.sh
TC1980.sh on line 12068 has count: 1
Buggy line 12068 is covered by test case TC1980.sh
TC1981.sh on line 12068 has count: 1
Buggy line 12068 is covered by test case TC1981.sh
TC1982.sh on line 12068 has count: 1
Buggy line 12068 is covered by test case TC1982.sh
TC1983.sh on line 12068 has count: 1
Buggy line 12068 is covered by test case TC1983.sh
TC1984.sh on line 12068 has count: 1
Buggy line 12068 is covered by test case TC1984.sh
TC1985.sh on line 12068 has count: 1
Buggy line 12068 is covered by test case TC1985.sh
TC1986.sh on line 12068 has count: 1
Buggy line 12068 is covered by test case TC1986.sh
TC1987.sh on line 12068 has count: 1
Buggy line 12068 is covered by test case TC1987.sh
TC1988.sh on line 12068 has count: 1
Buggy line 12068 is covered by test case TC1988.sh
TC1989.sh on line 12068 has count: 1
Buggy line 12068 is covered by test case TC1989.sh
TC1990.sh on line 12068 has count: 1
Buggy line 12068 is covered by test case TC1990.sh
TC1991.sh on line 12068 has count: 1
Buggy line 12068 is covered by test case TC1991.sh
TC1992.sh on line 12068 has count: 1
Buggy line 12068 is covered by test case TC1992.sh
TC1993.sh on line 12068 has count: 1
Buggy line 12068 is covered by test case TC1993.sh
TC1994.sh on line 12068 has count: 1
Buggy line 12068 is covered by test case TC1994.sh
TC1995.sh on line 12068 has count: 1
Buggy line 12068 is covered by test case TC1995.sh
TC1996.sh on line 12068 has count: 1
Buggy line 12068 is covered by test case TC1996.sh
TC1999.sh on line 12068 has count: 1
Buggy line 12068 is covered by test case TC1999.sh
TC2000.sh on line 12068 has count: 1
Buggy line 12068 is covered by test case TC2000.sh
TC2057.sh on line 12068 has count: 1
Buggy line 12068 is covered by test case TC2057.sh
TC2091.sh on line 12068 has count: 1
Buggy line 12068 is covered by test case TC2091.sh
TC2415.sh on line 12068 has count: 1
Buggy line 12068 is covered by test case TC2415.sh
TC2432.sh on line 12068 has count: 1
Buggy line 12068 is covered by test case TC2432.sh
TC2445.sh on line 12068 has count: 1
Buggy line 12068 is covered by test case TC2445.sh
>> Saving version parser.MUT14363.c to database
>> Reverted parser.c to original from parser.MUT14363.c
>> Cleaning build for libxml2_TF_top30

+++++ STDERR +++++
