
+++++ results for parser.MUT7886.c +++++
+++++ STDOUT +++++
Testing version parser.MUT7886.c on faster44.swtv::core6
>> Configuring libxml2_TF_top30 with coverage
>> Building libxml2_TF_top30
>> Applied patch to parser.c with parser.MUT7886.c
>> Building libxml2_TF_top30
TC2.sh on line 6801 has count: 1
Buggy line 6801 is covered by test case TC2.sh
TC9.sh on line 6801 has count: 1
Buggy line 6801 is covered by test case TC9.sh
TC11.sh on line 6801 has count: 1
Buggy line 6801 is covered by test case TC11.sh
TC52.sh on line 6801 has count: 1
Buggy line 6801 is covered by test case TC52.sh
TC53.sh on line 6801 has count: 1
Buggy line 6801 is covered by test case TC53.sh
TC56.sh on line 6801 has count: 1
Buggy line 6801 is covered by test case TC56.sh
TC59.sh on line 6801 has count: 1
Buggy line 6801 is covered by test case TC59.sh
TC60.sh on line 6801 has count: 1
Buggy line 6801 is covered by test case TC60.sh
TC61.sh on line 6801 has count: 1
Buggy line 6801 is covered by test case TC61.sh
TC62.sh on line 6801 has count: 1
Buggy line 6801 is covered by test case TC62.sh
TC63.sh on line 6801 has count: 1
Buggy line 6801 is covered by test case TC63.sh
TC67.sh on line 6801 has count: 1
Buggy line 6801 is covered by test case TC67.sh
TC77.sh on line 6801 has count: 1
Buggy line 6801 is covered by test case TC77.sh
TC84.sh on line 6801 has count: 1
Buggy line 6801 is covered by test case TC84.sh
TC127.sh on line 6801 has count: 1
Buggy line 6801 is covered by test case TC127.sh
TC129.sh on line 6801 has count: 1
Buggy line 6801 is covered by test case TC129.sh
TC136.sh on line 6801 has count: 1
Buggy line 6801 is covered by test case TC136.sh
TC138.sh on line 6801 has count: 1
Buggy line 6801 is covered by test case TC138.sh
TC179.sh on line 6801 has count: 1
Buggy line 6801 is covered by test case TC179.sh
TC180.sh on line 6801 has count: 1
Buggy line 6801 is covered by test case TC180.sh
TC183.sh on line 6801 has count: 1
Buggy line 6801 is covered by test case TC183.sh
TC186.sh on line 6801 has count: 1
Buggy line 6801 is covered by test case TC186.sh
TC187.sh on line 6801 has count: 1
Buggy line 6801 is covered by test case TC187.sh
TC188.sh on line 6801 has count: 1
Buggy line 6801 is covered by test case TC188.sh
TC189.sh on line 6801 has count: 1
Buggy line 6801 is covered by test case TC189.sh
TC190.sh on line 6801 has count: 1
Buggy line 6801 is covered by test case TC190.sh
TC194.sh on line 6801 has count: 1
Buggy line 6801 is covered by test case TC194.sh
TC204.sh on line 6801 has count: 1
Buggy line 6801 is covered by test case TC204.sh
TC211.sh on line 6801 has count: 1
Buggy line 6801 is covered by test case TC211.sh
TC254.sh on line 6801 has count: 1
Buggy line 6801 is covered by test case TC254.sh
TC256.sh on line 6801 has count: 1
Buggy line 6801 is covered by test case TC256.sh
TC263.sh on line 6801 has count: 1
Buggy line 6801 is covered by test case TC263.sh
TC265.sh on line 6801 has count: 1
Buggy line 6801 is covered by test case TC265.sh
TC306.sh on line 6801 has count: 1
Buggy line 6801 is covered by test case TC306.sh
TC307.sh on line 6801 has count: 1
Buggy line 6801 is covered by test case TC307.sh
TC310.sh on line 6801 has count: 1
Buggy line 6801 is covered by test case TC310.sh
TC313.sh on line 6801 has count: 1
Buggy line 6801 is covered by test case TC313.sh
TC314.sh on line 6801 has count: 1
Buggy line 6801 is covered by test case TC314.sh
TC315.sh on line 6801 has count: 1
Buggy line 6801 is covered by test case TC315.sh
TC316.sh on line 6801 has count: 1
Buggy line 6801 is covered by test case TC316.sh
TC317.sh on line 6801 has count: 1
Buggy line 6801 is covered by test case TC317.sh
TC321.sh on line 6801 has count: 1
Buggy line 6801 is covered by test case TC321.sh
TC331.sh on line 6801 has count: 1
Buggy line 6801 is covered by test case TC331.sh
TC338.sh on line 6801 has count: 1
Buggy line 6801 is covered by test case TC338.sh
TC381.sh on line 6801 has count: 1
Buggy line 6801 is covered by test case TC381.sh
TC399.sh on line 6801 has count: 1
Buggy line 6801 is covered by test case TC399.sh
TC400.sh on line 6801 has count: 1
Buggy line 6801 is covered by test case TC400.sh
TC404.sh on line 6801 has count: 1
Buggy line 6801 is covered by test case TC404.sh
TC411.sh on line 6801 has count: 1
Buggy line 6801 is covered by test case TC411.sh
TC422.sh on line 6801 has count: 1
Buggy line 6801 is covered by test case TC422.sh
TC436.sh on line 6801 has count: 1
Buggy line 6801 is covered by test case TC436.sh
TC437.sh on line 6801 has count: 1
Buggy line 6801 is covered by test case TC437.sh
TC441.sh on line 6801 has count: 1
Buggy line 6801 is covered by test case TC441.sh
TC448.sh on line 6801 has count: 1
Buggy line 6801 is covered by test case TC448.sh
TC459.sh on line 6801 has count: 1
Buggy line 6801 is covered by test case TC459.sh
TC473.sh on line 6801 has count: 1
Buggy line 6801 is covered by test case TC473.sh
TC474.sh on line 6801 has count: 1
Buggy line 6801 is covered by test case TC474.sh
TC478.sh on line 6801 has count: 1
Buggy line 6801 is covered by test case TC478.sh
TC485.sh on line 6801 has count: 1
Buggy line 6801 is covered by test case TC485.sh
TC496.sh on line 6801 has count: 1
Buggy line 6801 is covered by test case TC496.sh
TC512.sh on line 6801 has count: 1
Buggy line 6801 is covered by test case TC512.sh
TC513.sh on line 6801 has count: 1
Buggy line 6801 is covered by test case TC513.sh
TC517.sh on line 6801 has count: 1
Buggy line 6801 is covered by test case TC517.sh
TC524.sh on line 6801 has count: 1
Buggy line 6801 is covered by test case TC524.sh
TC535.sh on line 6801 has count: 1
Buggy line 6801 is covered by test case TC535.sh
TC545.sh on line 6801 has count: 1
Buggy line 6801 is covered by test case TC545.sh
TC552.sh on line 6801 has count: 1
Buggy line 6801 is covered by test case TC552.sh
TC554.sh on line 6801 has count: 1
Buggy line 6801 is covered by test case TC554.sh
TC595.sh on line 6801 has count: 1
Buggy line 6801 is covered by test case TC595.sh
TC596.sh on line 6801 has count: 1
Buggy line 6801 is covered by test case TC596.sh
TC599.sh on line 6801 has count: 1
Buggy line 6801 is covered by test case TC599.sh
TC602.sh on line 6801 has count: 1
Buggy line 6801 is covered by test case TC602.sh
TC603.sh on line 6801 has count: 1
Buggy line 6801 is covered by test case TC603.sh
TC604.sh on line 6801 has count: 1
Buggy line 6801 is covered by test case TC604.sh
TC605.sh on line 6801 has count: 1
Buggy line 6801 is covered by test case TC605.sh
TC606.sh on line 6801 has count: 1
Buggy line 6801 is covered by test case TC606.sh
TC610.sh on line 6801 has count: 1
Buggy line 6801 is covered by test case TC610.sh
TC620.sh on line 6801 has count: 1
Buggy line 6801 is covered by test case TC620.sh
TC627.sh on line 6801 has count: 1
Buggy line 6801 is covered by test case TC627.sh
TC670.sh on line 6801 has count: 1
Buggy line 6801 is covered by test case TC670.sh
TC672.sh on line 6801 has count: 1
Buggy line 6801 is covered by test case TC672.sh
TC679.sh on line 6801 has count: 1
Buggy line 6801 is covered by test case TC679.sh
TC681.sh on line 6801 has count: 1
Buggy line 6801 is covered by test case TC681.sh
TC722.sh on line 6801 has count: 1
Buggy line 6801 is covered by test case TC722.sh
TC723.sh on line 6801 has count: 1
Buggy line 6801 is covered by test case TC723.sh
TC726.sh on line 6801 has count: 1
Buggy line 6801 is covered by test case TC726.sh
TC729.sh on line 6801 has count: 1
Buggy line 6801 is covered by test case TC729.sh
TC730.sh on line 6801 has count: 1
Buggy line 6801 is covered by test case TC730.sh
TC731.sh on line 6801 has count: 1
Buggy line 6801 is covered by test case TC731.sh
TC732.sh on line 6801 has count: 1
Buggy line 6801 is covered by test case TC732.sh
TC733.sh on line 6801 has count: 1
Buggy line 6801 is covered by test case TC733.sh
TC737.sh on line 6801 has count: 1
Buggy line 6801 is covered by test case TC737.sh
TC747.sh on line 6801 has count: 1
Buggy line 6801 is covered by test case TC747.sh
TC754.sh on line 6801 has count: 1
Buggy line 6801 is covered by test case TC754.sh
TC797.sh on line 6801 has count: 1
Buggy line 6801 is covered by test case TC797.sh
TC799.sh on line 6801 has count: 1
Buggy line 6801 is covered by test case TC799.sh
TC806.sh on line 6801 has count: 1
Buggy line 6801 is covered by test case TC806.sh
TC808.sh on line 6801 has count: 1
Buggy line 6801 is covered by test case TC808.sh
TC849.sh on line 6801 has count: 1
Buggy line 6801 is covered by test case TC849.sh
TC850.sh on line 6801 has count: 1
Buggy line 6801 is covered by test case TC850.sh
TC853.sh on line 6801 has count: 1
Buggy line 6801 is covered by test case TC853.sh
TC856.sh on line 6801 has count: 1
Buggy line 6801 is covered by test case TC856.sh
TC857.sh on line 6801 has count: 1
Buggy line 6801 is covered by test case TC857.sh
TC858.sh on line 6801 has count: 1
Buggy line 6801 is covered by test case TC858.sh
TC859.sh on line 6801 has count: 1
Buggy line 6801 is covered by test case TC859.sh
TC860.sh on line 6801 has count: 1
Buggy line 6801 is covered by test case TC860.sh
TC864.sh on line 6801 has count: 1
Buggy line 6801 is covered by test case TC864.sh
TC874.sh on line 6801 has count: 1
Buggy line 6801 is covered by test case TC874.sh
TC881.sh on line 6801 has count: 1
Buggy line 6801 is covered by test case TC881.sh
TC924.sh on line 6801 has count: 1
Buggy line 6801 is covered by test case TC924.sh
TC926.sh on line 6801 has count: 1
Buggy line 6801 is covered by test case TC926.sh
TC933.sh on line 6801 has count: 1
Buggy line 6801 is covered by test case TC933.sh
TC935.sh on line 6801 has count: 1
Buggy line 6801 is covered by test case TC935.sh
TC976.sh on line 6801 has count: 1
Buggy line 6801 is covered by test case TC976.sh
TC977.sh on line 6801 has count: 1
Buggy line 6801 is covered by test case TC977.sh
TC980.sh on line 6801 has count: 1
Buggy line 6801 is covered by test case TC980.sh
TC983.sh on line 6801 has count: 1
Buggy line 6801 is covered by test case TC983.sh
TC984.sh on line 6801 has count: 1
Buggy line 6801 is covered by test case TC984.sh
TC985.sh on line 6801 has count: 1
Buggy line 6801 is covered by test case TC985.sh
TC986.sh on line 6801 has count: 1
Buggy line 6801 is covered by test case TC986.sh
TC987.sh on line 6801 has count: 1
Buggy line 6801 is covered by test case TC987.sh
TC991.sh on line 6801 has count: 1
Buggy line 6801 is covered by test case TC991.sh
TC1001.sh on line 6801 has count: 1
Buggy line 6801 is covered by test case TC1001.sh
TC1008.sh on line 6801 has count: 1
Buggy line 6801 is covered by test case TC1008.sh
TC1051.sh on line 6801 has count: 1
Buggy line 6801 is covered by test case TC1051.sh
TC1053.sh on line 6801 has count: 1
Buggy line 6801 is covered by test case TC1053.sh
TC1060.sh on line 6801 has count: 1
Buggy line 6801 is covered by test case TC1060.sh
TC1062.sh on line 6801 has count: 1
Buggy line 6801 is covered by test case TC1062.sh
TC1103.sh on line 6801 has count: 1
Buggy line 6801 is covered by test case TC1103.sh
TC1104.sh on line 6801 has count: 1
Buggy line 6801 is covered by test case TC1104.sh
TC1107.sh on line 6801 has count: 1
Buggy line 6801 is covered by test case TC1107.sh
TC1110.sh on line 6801 has count: 1
Buggy line 6801 is covered by test case TC1110.sh
TC1111.sh on line 6801 has count: 1
Buggy line 6801 is covered by test case TC1111.sh
TC1112.sh on line 6801 has count: 1
Buggy line 6801 is covered by test case TC1112.sh
TC1113.sh on line 6801 has count: 1
Buggy line 6801 is covered by test case TC1113.sh
TC1114.sh on line 6801 has count: 1
Buggy line 6801 is covered by test case TC1114.sh
TC1118.sh on line 6801 has count: 1
Buggy line 6801 is covered by test case TC1118.sh
TC1128.sh on line 6801 has count: 1
Buggy line 6801 is covered by test case TC1128.sh
TC1135.sh on line 6801 has count: 1
Buggy line 6801 is covered by test case TC1135.sh
TC1178.sh on line 6801 has count: 1
Buggy line 6801 is covered by test case TC1178.sh
TC1180.sh on line 6801 has count: 1
Buggy line 6801 is covered by test case TC1180.sh
TC1187.sh on line 6801 has count: 1
Buggy line 6801 is covered by test case TC1187.sh
TC1189.sh on line 6801 has count: 1
Buggy line 6801 is covered by test case TC1189.sh
TC1230.sh on line 6801 has count: 1
Buggy line 6801 is covered by test case TC1230.sh
TC1231.sh on line 6801 has count: 1
Buggy line 6801 is covered by test case TC1231.sh
TC1234.sh on line 6801 has count: 1
Buggy line 6801 is covered by test case TC1234.sh
TC1237.sh on line 6801 has count: 1
Buggy line 6801 is covered by test case TC1237.sh
TC1238.sh on line 6801 has count: 1
Buggy line 6801 is covered by test case TC1238.sh
TC1239.sh on line 6801 has count: 1
Buggy line 6801 is covered by test case TC1239.sh
TC1240.sh on line 6801 has count: 1
Buggy line 6801 is covered by test case TC1240.sh
TC1241.sh on line 6801 has count: 1
Buggy line 6801 is covered by test case TC1241.sh
TC1245.sh on line 6801 has count: 1
Buggy line 6801 is covered by test case TC1245.sh
TC1255.sh on line 6801 has count: 1
Buggy line 6801 is covered by test case TC1255.sh
TC1262.sh on line 6801 has count: 1
Buggy line 6801 is covered by test case TC1262.sh
TC1305.sh on line 6801 has count: 1
Buggy line 6801 is covered by test case TC1305.sh
TC1307.sh on line 6801 has count: 1
Buggy line 6801 is covered by test case TC1307.sh
TC1314.sh on line 6801 has count: 1
Buggy line 6801 is covered by test case TC1314.sh
TC1316.sh on line 6801 has count: 1
Buggy line 6801 is covered by test case TC1316.sh
TC1357.sh on line 6801 has count: 1
Buggy line 6801 is covered by test case TC1357.sh
TC1358.sh on line 6801 has count: 1
Buggy line 6801 is covered by test case TC1358.sh
TC1361.sh on line 6801 has count: 1
Buggy line 6801 is covered by test case TC1361.sh
TC1364.sh on line 6801 has count: 1
Buggy line 6801 is covered by test case TC1364.sh
TC1365.sh on line 6801 has count: 1
Buggy line 6801 is covered by test case TC1365.sh
TC1366.sh on line 6801 has count: 1
Buggy line 6801 is covered by test case TC1366.sh
TC1367.sh on line 6801 has count: 1
Buggy line 6801 is covered by test case TC1367.sh
TC1368.sh on line 6801 has count: 1
Buggy line 6801 is covered by test case TC1368.sh
TC1372.sh on line 6801 has count: 1
Buggy line 6801 is covered by test case TC1372.sh
TC1382.sh on line 6801 has count: 1
Buggy line 6801 is covered by test case TC1382.sh
TC1389.sh on line 6801 has count: 1
Buggy line 6801 is covered by test case TC1389.sh
TC1432.sh on line 6801 has count: 1
Buggy line 6801 is covered by test case TC1432.sh
TC1434.sh on line 6801 has count: 1
Buggy line 6801 is covered by test case TC1434.sh
TC1441.sh on line 6801 has count: 1
Buggy line 6801 is covered by test case TC1441.sh
TC1443.sh on line 6801 has count: 1
Buggy line 6801 is covered by test case TC1443.sh
TC1484.sh on line 6801 has count: 1
Buggy line 6801 is covered by test case TC1484.sh
TC1485.sh on line 6801 has count: 1
Buggy line 6801 is covered by test case TC1485.sh
TC1488.sh on line 6801 has count: 1
Buggy line 6801 is covered by test case TC1488.sh
TC1491.sh on line 6801 has count: 1
Buggy line 6801 is covered by test case TC1491.sh
TC1492.sh on line 6801 has count: 1
Buggy line 6801 is covered by test case TC1492.sh
TC1493.sh on line 6801 has count: 1
Buggy line 6801 is covered by test case TC1493.sh
TC1494.sh on line 6801 has count: 1
Buggy line 6801 is covered by test case TC1494.sh
TC1495.sh on line 6801 has count: 1
Buggy line 6801 is covered by test case TC1495.sh
TC1499.sh on line 6801 has count: 1
Buggy line 6801 is covered by test case TC1499.sh
TC1509.sh on line 6801 has count: 1
Buggy line 6801 is covered by test case TC1509.sh
TC1516.sh on line 6801 has count: 1
Buggy line 6801 is covered by test case TC1516.sh
TC1559.sh on line 6801 has count: 1
Buggy line 6801 is covered by test case TC1559.sh
TC1561.sh on line 6801 has count: 1
Buggy line 6801 is covered by test case TC1561.sh
TC1568.sh on line 6801 has count: 1
Buggy line 6801 is covered by test case TC1568.sh
TC1570.sh on line 6801 has count: 1
Buggy line 6801 is covered by test case TC1570.sh
TC1611.sh on line 6801 has count: 1
Buggy line 6801 is covered by test case TC1611.sh
TC1612.sh on line 6801 has count: 1
Buggy line 6801 is covered by test case TC1612.sh
TC1615.sh on line 6801 has count: 1
Buggy line 6801 is covered by test case TC1615.sh
TC1618.sh on line 6801 has count: 1
Buggy line 6801 is covered by test case TC1618.sh
TC1619.sh on line 6801 has count: 1
Buggy line 6801 is covered by test case TC1619.sh
TC1620.sh on line 6801 has count: 1
Buggy line 6801 is covered by test case TC1620.sh
TC1621.sh on line 6801 has count: 1
Buggy line 6801 is covered by test case TC1621.sh
TC1622.sh on line 6801 has count: 1
Buggy line 6801 is covered by test case TC1622.sh
TC1626.sh on line 6801 has count: 1
Buggy line 6801 is covered by test case TC1626.sh
TC1636.sh on line 6801 has count: 1
Buggy line 6801 is covered by test case TC1636.sh
TC1643.sh on line 6801 has count: 1
Buggy line 6801 is covered by test case TC1643.sh
TC1686.sh on line 6801 has count: 1
Buggy line 6801 is covered by test case TC1686.sh
TC1923.sh on line 6801 has count: 1
Buggy line 6801 is covered by test case TC1923.sh
TC1925.sh on line 6801 has count: 1
Buggy line 6801 is covered by test case TC1925.sh
TC1927.sh on line 6801 has count: 1
Buggy line 6801 is covered by test case TC1927.sh
TC1929.sh on line 6801 has count: 1
Buggy line 6801 is covered by test case TC1929.sh
TC1930.sh on line 6801 has count: 1
Buggy line 6801 is covered by test case TC1930.sh
TC1931.sh on line 6801 has count: 1
Buggy line 6801 is covered by test case TC1931.sh
TC1932.sh on line 6801 has count: 1
Buggy line 6801 is covered by test case TC1932.sh
TC1933.sh on line 6801 has count: 1
Buggy line 6801 is covered by test case TC1933.sh
TC1934.sh on line 6801 has count: 1
Buggy line 6801 is covered by test case TC1934.sh
TC1935.sh on line 6801 has count: 1
Buggy line 6801 is covered by test case TC1935.sh
TC1936.sh on line 6801 has count: 1
Buggy line 6801 is covered by test case TC1936.sh
TC1938.sh on line 6801 has count: 1
Buggy line 6801 is covered by test case TC1938.sh
TC1939.sh on line 6801 has count: 1
Buggy line 6801 is covered by test case TC1939.sh
TC1940.sh on line 6801 has count: 1
Buggy line 6801 is covered by test case TC1940.sh
TC1943.sh on line 6801 has count: 1
Buggy line 6801 is covered by test case TC1943.sh
TC1944.sh on line 6801 has count: 1
Buggy line 6801 is covered by test case TC1944.sh
TC1945.sh on line 6801 has count: 1
Buggy line 6801 is covered by test case TC1945.sh
TC1946.sh on line 6801 has count: 1
Buggy line 6801 is covered by test case TC1946.sh
TC1947.sh on line 6801 has count: 1
Buggy line 6801 is covered by test case TC1947.sh
TC1949.sh on line 6801 has count: 1
Buggy line 6801 is covered by test case TC1949.sh
TC1950.sh on line 6801 has count: 1
Buggy line 6801 is covered by test case TC1950.sh
TC1951.sh on line 6801 has count: 1
Buggy line 6801 is covered by test case TC1951.sh
TC1952.sh on line 6801 has count: 1
Buggy line 6801 is covered by test case TC1952.sh
TC1954.sh on line 6801 has count: 1
Buggy line 6801 is covered by test case TC1954.sh
TC1955.sh on line 6801 has count: 1
Buggy line 6801 is covered by test case TC1955.sh
TC1956.sh on line 6801 has count: 1
Buggy line 6801 is covered by test case TC1956.sh
TC1957.sh on line 6801 has count: 1
Buggy line 6801 is covered by test case TC1957.sh
TC1958.sh on line 6801 has count: 1
Buggy line 6801 is covered by test case TC1958.sh
TC1959.sh on line 6801 has count: 1
Buggy line 6801 is covered by test case TC1959.sh
TC1960.sh on line 6801 has count: 1
Buggy line 6801 is covered by test case TC1960.sh
TC1961.sh on line 6801 has count: 1
Buggy line 6801 is covered by test case TC1961.sh
TC1963.sh on line 6801 has count: 1
Buggy line 6801 is covered by test case TC1963.sh
TC1964.sh on line 6801 has count: 1
Buggy line 6801 is covered by test case TC1964.sh
TC1965.sh on line 6801 has count: 1
Buggy line 6801 is covered by test case TC1965.sh
TC1966.sh on line 6801 has count: 1
Buggy line 6801 is covered by test case TC1966.sh
TC1967.sh on line 6801 has count: 1
Buggy line 6801 is covered by test case TC1967.sh
TC1968.sh on line 6801 has count: 1
Buggy line 6801 is covered by test case TC1968.sh
TC1969.sh on line 6801 has count: 1
Buggy line 6801 is covered by test case TC1969.sh
TC1970.sh on line 6801 has count: 1
Buggy line 6801 is covered by test case TC1970.sh
TC1971.sh on line 6801 has count: 1
Buggy line 6801 is covered by test case TC1971.sh
TC1972.sh on line 6801 has count: 1
Buggy line 6801 is covered by test case TC1972.sh
TC1973.sh on line 6801 has count: 1
Buggy line 6801 is covered by test case TC1973.sh
TC1976.sh on line 6801 has count: 1
Buggy line 6801 is covered by test case TC1976.sh
TC1977.sh on line 6801 has count: 1
Buggy line 6801 is covered by test case TC1977.sh
TC1978.sh on line 6801 has count: 1
Buggy line 6801 is covered by test case TC1978.sh
TC1979.sh on line 6801 has count: 1
Buggy line 6801 is covered by test case TC1979.sh
TC1981.sh on line 6801 has count: 1
Buggy line 6801 is covered by test case TC1981.sh
TC1983.sh on line 6801 has count: 1
Buggy line 6801 is covered by test case TC1983.sh
TC1985.sh on line 6801 has count: 1
Buggy line 6801 is covered by test case TC1985.sh
TC1986.sh on line 6801 has count: 1
Buggy line 6801 is covered by test case TC1986.sh
TC1987.sh on line 6801 has count: 1
Buggy line 6801 is covered by test case TC1987.sh
TC1988.sh on line 6801 has count: 1
Buggy line 6801 is covered by test case TC1988.sh
TC1989.sh on line 6801 has count: 1
Buggy line 6801 is covered by test case TC1989.sh
TC1990.sh on line 6801 has count: 1
Buggy line 6801 is covered by test case TC1990.sh
TC1991.sh on line 6801 has count: 1
Buggy line 6801 is covered by test case TC1991.sh
TC1992.sh on line 6801 has count: 1
Buggy line 6801 is covered by test case TC1992.sh
TC1994.sh on line 6801 has count: 1
Buggy line 6801 is covered by test case TC1994.sh
TC1995.sh on line 6801 has count: 1
Buggy line 6801 is covered by test case TC1995.sh
TC1996.sh on line 6801 has count: 1
Buggy line 6801 is covered by test case TC1996.sh
TC1999.sh on line 6801 has count: 1
Buggy line 6801 is covered by test case TC1999.sh
TC2000.sh on line 6801 has count: 1
Buggy line 6801 is covered by test case TC2000.sh
TC2001.sh on line 6801 has count: 1
Buggy line 6801 is covered by test case TC2001.sh
TC2002.sh on line 6801 has count: 1
Buggy line 6801 is covered by test case TC2002.sh
TC2003.sh on line 6801 has count: 1
Buggy line 6801 is covered by test case TC2003.sh
TC2005.sh on line 6801 has count: 1
Buggy line 6801 is covered by test case TC2005.sh
TC2006.sh on line 6801 has count: 1
Buggy line 6801 is covered by test case TC2006.sh
TC2007.sh on line 6801 has count: 1
Buggy line 6801 is covered by test case TC2007.sh
TC2008.sh on line 6801 has count: 1
Buggy line 6801 is covered by test case TC2008.sh
TC2010.sh on line 6801 has count: 1
Buggy line 6801 is covered by test case TC2010.sh
TC2011.sh on line 6801 has count: 1
Buggy line 6801 is covered by test case TC2011.sh
TC2012.sh on line 6801 has count: 1
Buggy line 6801 is covered by test case TC2012.sh
TC2013.sh on line 6801 has count: 1
Buggy line 6801 is covered by test case TC2013.sh
TC2014.sh on line 6801 has count: 1
Buggy line 6801 is covered by test case TC2014.sh
TC2015.sh on line 6801 has count: 1
Buggy line 6801 is covered by test case TC2015.sh
TC2016.sh on line 6801 has count: 1
Buggy line 6801 is covered by test case TC2016.sh
TC2017.sh on line 6801 has count: 1
Buggy line 6801 is covered by test case TC2017.sh
TC2019.sh on line 6801 has count: 1
Buggy line 6801 is covered by test case TC2019.sh
TC2020.sh on line 6801 has count: 1
Buggy line 6801 is covered by test case TC2020.sh
TC2021.sh on line 6801 has count: 1
Buggy line 6801 is covered by test case TC2021.sh
TC2022.sh on line 6801 has count: 1
Buggy line 6801 is covered by test case TC2022.sh
TC2023.sh on line 6801 has count: 1
Buggy line 6801 is covered by test case TC2023.sh
TC2024.sh on line 6801 has count: 1
Buggy line 6801 is covered by test case TC2024.sh
TC2025.sh on line 6801 has count: 1
Buggy line 6801 is covered by test case TC2025.sh
TC2026.sh on line 6801 has count: 1
Buggy line 6801 is covered by test case TC2026.sh
TC2028.sh on line 6801 has count: 1
Buggy line 6801 is covered by test case TC2028.sh
TC2030.sh on line 6801 has count: 1
Buggy line 6801 is covered by test case TC2030.sh
TC2032.sh on line 6801 has count: 1
Buggy line 6801 is covered by test case TC2032.sh
TC2035.sh on line 6801 has count: 1
Buggy line 6801 is covered by test case TC2035.sh
TC2036.sh on line 6801 has count: 1
Buggy line 6801 is covered by test case TC2036.sh
TC2037.sh on line 6801 has count: 1
Buggy line 6801 is covered by test case TC2037.sh
TC2038.sh on line 6801 has count: 1
Buggy line 6801 is covered by test case TC2038.sh
TC2040.sh on line 6801 has count: 1
Buggy line 6801 is covered by test case TC2040.sh
TC2057.sh on line 6801 has count: 1
Buggy line 6801 is covered by test case TC2057.sh
TC2074.sh on line 6801 has count: 1
Buggy line 6801 is covered by test case TC2074.sh
TC2091.sh on line 6801 has count: 1
Buggy line 6801 is covered by test case TC2091.sh
TC2129.sh on line 6801 has count: 1
Buggy line 6801 is covered by test case TC2129.sh
TC2140.sh on line 6801 has count: 1
Buggy line 6801 is covered by test case TC2140.sh
TC2343.sh on line 6801 has count: 1
Buggy line 6801 is covered by test case TC2343.sh
TC2445.sh on line 6801 has count: 1
Buggy line 6801 is covered by test case TC2445.sh
>> Saving version parser.MUT7886.c to database
>> Reverted parser.c to original from parser.MUT7886.c

+++++ STDERR +++++

+++++ results for xmlregexp.MUT413.c +++++
+++++ STDOUT +++++
Testing version xmlregexp.MUT413.c on faster44.swtv::core6
>> Building libxml2_TF_top30
>> Applied patch to xmlregexp.c with xmlregexp.MUT413.c
>> Building libxml2_TF_top30
TC1897.sh on line 658 has count: 1
Buggy line 658 is covered by test case TC1897.sh
TC1898.sh on line 658 has count: 1
Buggy line 658 is covered by test case TC1898.sh
TC1900.sh on line 658 has count: 1
Buggy line 658 is covered by test case TC1900.sh
TC1901.sh on line 658 has count: 1
Buggy line 658 is covered by test case TC1901.sh
TC1902.sh on line 658 has count: 1
Buggy line 658 is covered by test case TC1902.sh
TC1903.sh on line 658 has count: 1
Buggy line 658 is covered by test case TC1903.sh
TC1904.sh on line 658 has count: 1
Buggy line 658 is covered by test case TC1904.sh
TC1905.sh on line 658 has count: 1
Buggy line 658 is covered by test case TC1905.sh
TC1906.sh on line 658 has count: 1
Buggy line 658 is covered by test case TC1906.sh
TC1907.sh on line 658 has count: 1
Buggy line 658 is covered by test case TC1907.sh
TC1908.sh on line 658 has count: 1
Buggy line 658 is covered by test case TC1908.sh
TC1909.sh on line 658 has count: 1
Buggy line 658 is covered by test case TC1909.sh
TC1911.sh on line 658 has count: 1
Buggy line 658 is covered by test case TC1911.sh
TC1912.sh on line 658 has count: 1
Buggy line 658 is covered by test case TC1912.sh
TC1913.sh on line 658 has count: 1
Buggy line 658 is covered by test case TC1913.sh
TC1914.sh on line 658 has count: 1
Buggy line 658 is covered by test case TC1914.sh
TC1915.sh on line 658 has count: 1
Buggy line 658 is covered by test case TC1915.sh
TC1917.sh on line 658 has count: 1
Buggy line 658 is covered by test case TC1917.sh
TC1918.sh on line 658 has count: 1
Buggy line 658 is covered by test case TC1918.sh
TC1919.sh on line 658 has count: 1
Buggy line 658 is covered by test case TC1919.sh
TC1920.sh on line 658 has count: 1
Buggy line 658 is covered by test case TC1920.sh
TC1921.sh on line 658 has count: 1
Buggy line 658 is covered by test case TC1921.sh
TC1922.sh on line 658 has count: 1
Buggy line 658 is covered by test case TC1922.sh
TC1927.sh on line 658 has count: 1
Buggy line 658 is covered by test case TC1927.sh
TC1930.sh on line 658 has count: 1
Buggy line 658 is covered by test case TC1930.sh
TC1931.sh on line 658 has count: 1
Buggy line 658 is covered by test case TC1931.sh
TC1932.sh on line 658 has count: 1
Buggy line 658 is covered by test case TC1932.sh
TC1945.sh on line 658 has count: 1
Buggy line 658 is covered by test case TC1945.sh
TC1947.sh on line 658 has count: 1
Buggy line 658 is covered by test case TC1947.sh
TC1949.sh on line 658 has count: 1
Buggy line 658 is covered by test case TC1949.sh
TC1950.sh on line 658 has count: 39
Buggy line 658 is covered by test case TC1950.sh
TC1951.sh on line 658 has count: 1
Buggy line 658 is covered by test case TC1951.sh
TC1952.sh on line 658 has count: 1
Buggy line 658 is covered by test case TC1952.sh
TC1954.sh on line 658 has count: 7
Buggy line 658 is covered by test case TC1954.sh
TC1956.sh on line 658 has count: 1
Buggy line 658 is covered by test case TC1956.sh
TC1957.sh on line 658 has count: 1
Buggy line 658 is covered by test case TC1957.sh
TC1958.sh on line 658 has count: 1
Buggy line 658 is covered by test case TC1958.sh
TC1959.sh on line 658 has count: 14
Buggy line 658 is covered by test case TC1959.sh
TC1963.sh on line 658 has count: 1
Buggy line 658 is covered by test case TC1963.sh
TC1964.sh on line 658 has count: 6
Buggy line 658 is covered by test case TC1964.sh
TC1968.sh on line 658 has count: 3
Buggy line 658 is covered by test case TC1968.sh
TC1969.sh on line 658 has count: 1
Buggy line 658 is covered by test case TC1969.sh
TC1976.sh on line 658 has count: 2
Buggy line 658 is covered by test case TC1976.sh
TC1977.sh on line 658 has count: 2
Buggy line 658 is covered by test case TC1977.sh
TC1978.sh on line 658 has count: 28
Buggy line 658 is covered by test case TC1978.sh
TC1983.sh on line 658 has count: 1
Buggy line 658 is covered by test case TC1983.sh
TC1986.sh on line 658 has count: 1
Buggy line 658 is covered by test case TC1986.sh
TC1987.sh on line 658 has count: 1
Buggy line 658 is covered by test case TC1987.sh
TC1988.sh on line 658 has count: 1
Buggy line 658 is covered by test case TC1988.sh
TC2001.sh on line 658 has count: 1
Buggy line 658 is covered by test case TC2001.sh
TC2003.sh on line 658 has count: 1
Buggy line 658 is covered by test case TC2003.sh
TC2005.sh on line 658 has count: 1
Buggy line 658 is covered by test case TC2005.sh
TC2006.sh on line 658 has count: 39
Buggy line 658 is covered by test case TC2006.sh
TC2007.sh on line 658 has count: 1
Buggy line 658 is covered by test case TC2007.sh
TC2008.sh on line 658 has count: 1
Buggy line 658 is covered by test case TC2008.sh
TC2010.sh on line 658 has count: 7
Buggy line 658 is covered by test case TC2010.sh
TC2012.sh on line 658 has count: 1
Buggy line 658 is covered by test case TC2012.sh
TC2013.sh on line 658 has count: 1
Buggy line 658 is covered by test case TC2013.sh
TC2014.sh on line 658 has count: 1
Buggy line 658 is covered by test case TC2014.sh
TC2015.sh on line 658 has count: 14
Buggy line 658 is covered by test case TC2015.sh
TC2019.sh on line 658 has count: 1
Buggy line 658 is covered by test case TC2019.sh
TC2020.sh on line 658 has count: 6
Buggy line 658 is covered by test case TC2020.sh
TC2024.sh on line 658 has count: 3
Buggy line 658 is covered by test case TC2024.sh
TC2025.sh on line 658 has count: 1
Buggy line 658 is covered by test case TC2025.sh
TC2035.sh on line 658 has count: 2
Buggy line 658 is covered by test case TC2035.sh
TC2036.sh on line 658 has count: 2
Buggy line 658 is covered by test case TC2036.sh
TC2037.sh on line 658 has count: 6
Buggy line 658 is covered by test case TC2037.sh
TC2038.sh on line 658 has count: 28
Buggy line 658 is covered by test case TC2038.sh
TC2155.sh on line 658 has count: 1
Buggy line 658 is covered by test case TC2155.sh
TC2167.sh on line 658 has count: 1
Buggy line 658 is covered by test case TC2167.sh
TC2175.sh on line 658 has count: 1
Buggy line 658 is covered by test case TC2175.sh
TC2176.sh on line 658 has count: 1
Buggy line 658 is covered by test case TC2176.sh
TC2178.sh on line 658 has count: 1
Buggy line 658 is covered by test case TC2178.sh
TC2179.sh on line 658 has count: 1
Buggy line 658 is covered by test case TC2179.sh
TC2182.sh on line 658 has count: 2
Buggy line 658 is covered by test case TC2182.sh
TC2187.sh on line 658 has count: 1
Buggy line 658 is covered by test case TC2187.sh
TC2188.sh on line 658 has count: 7
Buggy line 658 is covered by test case TC2188.sh
TC2189.sh on line 658 has count: 3
Buggy line 658 is covered by test case TC2189.sh
TC2190.sh on line 658 has count: 1
Buggy line 658 is covered by test case TC2190.sh
TC2191.sh on line 658 has count: 2
Buggy line 658 is covered by test case TC2191.sh
TC2192.sh on line 658 has count: 3
Buggy line 658 is covered by test case TC2192.sh
TC2195.sh on line 658 has count: 3
Buggy line 658 is covered by test case TC2195.sh
TC2197.sh on line 658 has count: 1
Buggy line 658 is covered by test case TC2197.sh
TC2198.sh on line 658 has count: 2
Buggy line 658 is covered by test case TC2198.sh
TC2199.sh on line 658 has count: 1
Buggy line 658 is covered by test case TC2199.sh
TC2200.sh on line 658 has count: 3
Buggy line 658 is covered by test case TC2200.sh
TC2201.sh on line 658 has count: 6
Buggy line 658 is covered by test case TC2201.sh
TC2202.sh on line 658 has count: 1
Buggy line 658 is covered by test case TC2202.sh
TC2203.sh on line 658 has count: 1
Buggy line 658 is covered by test case TC2203.sh
TC2205.sh on line 658 has count: 3
Buggy line 658 is covered by test case TC2205.sh
TC2206.sh on line 658 has count: 1
Buggy line 658 is covered by test case TC2206.sh
TC2210.sh on line 658 has count: 1
Buggy line 658 is covered by test case TC2210.sh
TC2211.sh on line 658 has count: 1
Buggy line 658 is covered by test case TC2211.sh
TC2212.sh on line 658 has count: 1
Buggy line 658 is covered by test case TC2212.sh
TC2217.sh on line 658 has count: 1
Buggy line 658 is covered by test case TC2217.sh
TC2226.sh on line 658 has count: 2
Buggy line 658 is covered by test case TC2226.sh
TC2231.sh on line 658 has count: 1
Buggy line 658 is covered by test case TC2231.sh
TC2233.sh on line 658 has count: 2
Buggy line 658 is covered by test case TC2233.sh
TC2234.sh on line 658 has count: 1
Buggy line 658 is covered by test case TC2234.sh
TC2236.sh on line 658 has count: 2
Buggy line 658 is covered by test case TC2236.sh
TC2237.sh on line 658 has count: 2
Buggy line 658 is covered by test case TC2237.sh
TC2238.sh on line 658 has count: 2
Buggy line 658 is covered by test case TC2238.sh
TC2240.sh on line 658 has count: 2
Buggy line 658 is covered by test case TC2240.sh
TC2243.sh on line 658 has count: 1
Buggy line 658 is covered by test case TC2243.sh
TC2244.sh on line 658 has count: 1
Buggy line 658 is covered by test case TC2244.sh
TC2246.sh on line 658 has count: 1
Buggy line 658 is covered by test case TC2246.sh
TC2256.sh on line 658 has count: 10
Buggy line 658 is covered by test case TC2256.sh
TC2258.sh on line 658 has count: 4
Buggy line 658 is covered by test case TC2258.sh
TC2259.sh on line 658 has count: 4
Buggy line 658 is covered by test case TC2259.sh
TC2266.sh on line 658 has count: 2
Buggy line 658 is covered by test case TC2266.sh
TC2270.sh on line 658 has count: 5
Buggy line 658 is covered by test case TC2270.sh
TC2282.sh on line 658 has count: 1
Buggy line 658 is covered by test case TC2282.sh
TC2284.sh on line 658 has count: 1
Buggy line 658 is covered by test case TC2284.sh
TC2285.sh on line 658 has count: 4
Buggy line 658 is covered by test case TC2285.sh
TC2286.sh on line 658 has count: 4
Buggy line 658 is covered by test case TC2286.sh
TC2287.sh on line 658 has count: 4
Buggy line 658 is covered by test case TC2287.sh
TC2288.sh on line 658 has count: 4
Buggy line 658 is covered by test case TC2288.sh
TC2289.sh on line 658 has count: 6
Buggy line 658 is covered by test case TC2289.sh
TC2290.sh on line 658 has count: 6
Buggy line 658 is covered by test case TC2290.sh
TC2292.sh on line 658 has count: 1
Buggy line 658 is covered by test case TC2292.sh
TC2293.sh on line 658 has count: 7
Buggy line 658 is covered by test case TC2293.sh
TC2294.sh on line 658 has count: 2
Buggy line 658 is covered by test case TC2294.sh
TC2295.sh on line 658 has count: 1
Buggy line 658 is covered by test case TC2295.sh
TC2296.sh on line 658 has count: 3
Buggy line 658 is covered by test case TC2296.sh
TC2298.sh on line 658 has count: 2
Buggy line 658 is covered by test case TC2298.sh
TC2299.sh on line 658 has count: 3
Buggy line 658 is covered by test case TC2299.sh
TC2300.sh on line 658 has count: 1
Buggy line 658 is covered by test case TC2300.sh
TC2301.sh on line 658 has count: 3
Buggy line 658 is covered by test case TC2301.sh
TC2302.sh on line 658 has count: 5
Buggy line 658 is covered by test case TC2302.sh
TC2303.sh on line 658 has count: 2
Buggy line 658 is covered by test case TC2303.sh
TC2304.sh on line 658 has count: 1
Buggy line 658 is covered by test case TC2304.sh
TC2307.sh on line 658 has count: 1
Buggy line 658 is covered by test case TC2307.sh
TC2308.sh on line 658 has count: 1
Buggy line 658 is covered by test case TC2308.sh
TC2309.sh on line 658 has count: 12
Buggy line 658 is covered by test case TC2309.sh
TC2310.sh on line 658 has count: 2
Buggy line 658 is covered by test case TC2310.sh
TC2311.sh on line 658 has count: 2
Buggy line 658 is covered by test case TC2311.sh
TC2313.sh on line 658 has count: 182
Buggy line 658 is covered by test case TC2313.sh
TC2314.sh on line 658 has count: 3
Buggy line 658 is covered by test case TC2314.sh
TC2315.sh on line 658 has count: 3
Buggy line 658 is covered by test case TC2315.sh
TC2316.sh on line 658 has count: 1
Buggy line 658 is covered by test case TC2316.sh
TC2317.sh on line 658 has count: 1
Buggy line 658 is covered by test case TC2317.sh
TC2322.sh on line 658 has count: 1
Buggy line 658 is covered by test case TC2322.sh
TC2323.sh on line 658 has count: 1
Buggy line 658 is covered by test case TC2323.sh
TC2324.sh on line 658 has count: 1
Buggy line 658 is covered by test case TC2324.sh
TC2327.sh on line 658 has count: 1
Buggy line 658 is covered by test case TC2327.sh
TC2328.sh on line 658 has count: 10
Buggy line 658 is covered by test case TC2328.sh
TC2329.sh on line 658 has count: 1
Buggy line 658 is covered by test case TC2329.sh
TC2330.sh on line 658 has count: 200
Buggy line 658 is covered by test case TC2330.sh
TC2331.sh on line 658 has count: 2
Buggy line 658 is covered by test case TC2331.sh
TC2332.sh on line 658 has count: 3
Buggy line 658 is covered by test case TC2332.sh
TC2333.sh on line 658 has count: 1
Buggy line 658 is covered by test case TC2333.sh
TC2334.sh on line 658 has count: 5
Buggy line 658 is covered by test case TC2334.sh
TC2335.sh on line 658 has count: 1
Buggy line 658 is covered by test case TC2335.sh
TC2336.sh on line 658 has count: 5
Buggy line 658 is covered by test case TC2336.sh
TC2337.sh on line 658 has count: 5
Buggy line 658 is covered by test case TC2337.sh
TC2338.sh on line 658 has count: 5
Buggy line 658 is covered by test case TC2338.sh
TC2339.sh on line 658 has count: 5
Buggy line 658 is covered by test case TC2339.sh
TC2340.sh on line 658 has count: 2
Buggy line 658 is covered by test case TC2340.sh
TC2341.sh on line 658 has count: 2
Buggy line 658 is covered by test case TC2341.sh
TC2342.sh on line 658 has count: 5
Buggy line 658 is covered by test case TC2342.sh
TC2344.sh on line 658 has count: 2
Buggy line 658 is covered by test case TC2344.sh
TC2346.sh on line 658 has count: 1
Buggy line 658 is covered by test case TC2346.sh
TC2347.sh on line 658 has count: 5
Buggy line 658 is covered by test case TC2347.sh
TC2348.sh on line 658 has count: 7
Buggy line 658 is covered by test case TC2348.sh
TC2350.sh on line 658 has count: 5
Buggy line 658 is covered by test case TC2350.sh
TC2351.sh on line 658 has count: 5
Buggy line 658 is covered by test case TC2351.sh
TC2352.sh on line 658 has count: 6
Buggy line 658 is covered by test case TC2352.sh
TC2353.sh on line 658 has count: 5
Buggy line 658 is covered by test case TC2353.sh
TC2354.sh on line 658 has count: 8
Buggy line 658 is covered by test case TC2354.sh
TC2355.sh on line 658 has count: 2
Buggy line 658 is covered by test case TC2355.sh
TC2356.sh on line 658 has count: 4
Buggy line 658 is covered by test case TC2356.sh
TC2357.sh on line 658 has count: 2
Buggy line 658 is covered by test case TC2357.sh
TC2358.sh on line 658 has count: 2
Buggy line 658 is covered by test case TC2358.sh
TC2359.sh on line 658 has count: 2
Buggy line 658 is covered by test case TC2359.sh
TC2360.sh on line 658 has count: 2
Buggy line 658 is covered by test case TC2360.sh
TC2362.sh on line 658 has count: 5
Buggy line 658 is covered by test case TC2362.sh
TC2363.sh on line 658 has count: 1
Buggy line 658 is covered by test case TC2363.sh
TC2364.sh on line 658 has count: 5
Buggy line 658 is covered by test case TC2364.sh
TC2365.sh on line 658 has count: 5
Buggy line 658 is covered by test case TC2365.sh
TC2366.sh on line 658 has count: 5
Buggy line 658 is covered by test case TC2366.sh
TC2368.sh on line 658 has count: 1
Buggy line 658 is covered by test case TC2368.sh
TC2369.sh on line 658 has count: 2
Buggy line 658 is covered by test case TC2369.sh
TC2371.sh on line 658 has count: 1
Buggy line 658 is covered by test case TC2371.sh
TC2373.sh on line 658 has count: 1
Buggy line 658 is covered by test case TC2373.sh
TC2374.sh on line 658 has count: 4
Buggy line 658 is covered by test case TC2374.sh
TC2375.sh on line 658 has count: 1
Buggy line 658 is covered by test case TC2375.sh
TC2376.sh on line 658 has count: 1
Buggy line 658 is covered by test case TC2376.sh
TC2377.sh on line 658 has count: 1
Buggy line 658 is covered by test case TC2377.sh
TC2378.sh on line 658 has count: 1
Buggy line 658 is covered by test case TC2378.sh
TC2379.sh on line 658 has count: 2
Buggy line 658 is covered by test case TC2379.sh
TC2380.sh on line 658 has count: 1
Buggy line 658 is covered by test case TC2380.sh
TC2381.sh on line 658 has count: 1
Buggy line 658 is covered by test case TC2381.sh
TC2382.sh on line 658 has count: 8
Buggy line 658 is covered by test case TC2382.sh
TC2383.sh on line 658 has count: 7
Buggy line 658 is covered by test case TC2383.sh
TC2384.sh on line 658 has count: 5
Buggy line 658 is covered by test case TC2384.sh
TC2385.sh on line 658 has count: 5
Buggy line 658 is covered by test case TC2385.sh
TC2386.sh on line 658 has count: 6
Buggy line 658 is covered by test case TC2386.sh
TC2387.sh on line 658 has count: 1
Buggy line 658 is covered by test case TC2387.sh
TC2388.sh on line 658 has count: 1
Buggy line 658 is covered by test case TC2388.sh
TC2389.sh on line 658 has count: 2
Buggy line 658 is covered by test case TC2389.sh
TC2390.sh on line 658 has count: 2
Buggy line 658 is covered by test case TC2390.sh
TC2391.sh on line 658 has count: 7
Buggy line 658 is covered by test case TC2391.sh
TC2392.sh on line 658 has count: 7
Buggy line 658 is covered by test case TC2392.sh
TC2393.sh on line 658 has count: 7
Buggy line 658 is covered by test case TC2393.sh
TC2394.sh on line 658 has count: 2
Buggy line 658 is covered by test case TC2394.sh
TC2395.sh on line 658 has count: 7
Buggy line 658 is covered by test case TC2395.sh
TC2396.sh on line 658 has count: 6
Buggy line 658 is covered by test case TC2396.sh
TC2397.sh on line 658 has count: 3
Buggy line 658 is covered by test case TC2397.sh
TC2398.sh on line 658 has count: 15
Buggy line 658 is covered by test case TC2398.sh
TC2401.sh on line 658 has count: 3
Buggy line 658 is covered by test case TC2401.sh
TC2402.sh on line 658 has count: 2
Buggy line 658 is covered by test case TC2402.sh
TC2403.sh on line 658 has count: 3
Buggy line 658 is covered by test case TC2403.sh
TC2409.sh on line 658 has count: 9
Buggy line 658 is covered by test case TC2409.sh
TC2410.sh on line 658 has count: 1
Buggy line 658 is covered by test case TC2410.sh
TC2411.sh on line 658 has count: 12
Buggy line 658 is covered by test case TC2411.sh
TC2415.sh on line 658 has count: 182
Buggy line 658 is covered by test case TC2415.sh
TC2416.sh on line 658 has count: 3
Buggy line 658 is covered by test case TC2416.sh
TC2417.sh on line 658 has count: 6
Buggy line 658 is covered by test case TC2417.sh
TC2418.sh on line 658 has count: 1
Buggy line 658 is covered by test case TC2418.sh
TC2419.sh on line 658 has count: 1
Buggy line 658 is covered by test case TC2419.sh
TC2425.sh on line 658 has count: 1
Buggy line 658 is covered by test case TC2425.sh
TC2426.sh on line 658 has count: 2
Buggy line 658 is covered by test case TC2426.sh
TC2429.sh on line 658 has count: 1
Buggy line 658 is covered by test case TC2429.sh
TC2432.sh on line 658 has count: 200
Buggy line 658 is covered by test case TC2432.sh
TC2433.sh on line 658 has count: 2
Buggy line 658 is covered by test case TC2433.sh
TC2435.sh on line 658 has count: 6
Buggy line 658 is covered by test case TC2435.sh
TC2436.sh on line 658 has count: 5
Buggy line 658 is covered by test case TC2436.sh
TC2437.sh on line 658 has count: 4
Buggy line 658 is covered by test case TC2437.sh
TC2438.sh on line 658 has count: 5
Buggy line 658 is covered by test case TC2438.sh
TC2439.sh on line 658 has count: 5
Buggy line 658 is covered by test case TC2439.sh
TC2440.sh on line 658 has count: 5
Buggy line 658 is covered by test case TC2440.sh
TC2441.sh on line 658 has count: 5
Buggy line 658 is covered by test case TC2441.sh
TC2442.sh on line 658 has count: 6
Buggy line 658 is covered by test case TC2442.sh
TC2443.sh on line 658 has count: 6
Buggy line 658 is covered by test case TC2443.sh
TC2444.sh on line 658 has count: 5
Buggy line 658 is covered by test case TC2444.sh
TC2446.sh on line 658 has count: 6
Buggy line 658 is covered by test case TC2446.sh
TC2448.sh on line 658 has count: 1
Buggy line 658 is covered by test case TC2448.sh
TC2449.sh on line 658 has count: 5
Buggy line 658 is covered by test case TC2449.sh
TC2450.sh on line 658 has count: 7
Buggy line 658 is covered by test case TC2450.sh
TC2452.sh on line 658 has count: 5
Buggy line 658 is covered by test case TC2452.sh
TC2453.sh on line 658 has count: 5
Buggy line 658 is covered by test case TC2453.sh
TC2454.sh on line 658 has count: 6
Buggy line 658 is covered by test case TC2454.sh
TC2455.sh on line 658 has count: 5
Buggy line 658 is covered by test case TC2455.sh
TC2456.sh on line 658 has count: 8
Buggy line 658 is covered by test case TC2456.sh
TC2457.sh on line 658 has count: 4
Buggy line 658 is covered by test case TC2457.sh
TC2458.sh on line 658 has count: 4
Buggy line 658 is covered by test case TC2458.sh
TC2459.sh on line 658 has count: 2
Buggy line 658 is covered by test case TC2459.sh
TC2460.sh on line 658 has count: 2
Buggy line 658 is covered by test case TC2460.sh
TC2461.sh on line 658 has count: 4
Buggy line 658 is covered by test case TC2461.sh
TC2462.sh on line 658 has count: 2
Buggy line 658 is covered by test case TC2462.sh
TC2464.sh on line 658 has count: 5
Buggy line 658 is covered by test case TC2464.sh
TC2465.sh on line 658 has count: 1
Buggy line 658 is covered by test case TC2465.sh
TC2466.sh on line 658 has count: 5
Buggy line 658 is covered by test case TC2466.sh
TC2467.sh on line 658 has count: 5
Buggy line 658 is covered by test case TC2467.sh
TC2468.sh on line 658 has count: 30
Buggy line 658 is covered by test case TC2468.sh
TC2470.sh on line 658 has count: 1
Buggy line 658 is covered by test case TC2470.sh
TC2471.sh on line 658 has count: 2
Buggy line 658 is covered by test case TC2471.sh
TC2473.sh on line 658 has count: 1
Buggy line 658 is covered by test case TC2473.sh
TC2475.sh on line 658 has count: 5
Buggy line 658 is covered by test case TC2475.sh
TC2476.sh on line 658 has count: 16
Buggy line 658 is covered by test case TC2476.sh
TC2477.sh on line 658 has count: 1
Buggy line 658 is covered by test case TC2477.sh
TC2478.sh on line 658 has count: 4
Buggy line 658 is covered by test case TC2478.sh
TC2479.sh on line 658 has count: 4
Buggy line 658 is covered by test case TC2479.sh
TC2480.sh on line 658 has count: 5
Buggy line 658 is covered by test case TC2480.sh
TC2481.sh on line 658 has count: 4
Buggy line 658 is covered by test case TC2481.sh
TC2482.sh on line 658 has count: 6
Buggy line 658 is covered by test case TC2482.sh
TC2483.sh on line 658 has count: 1
Buggy line 658 is covered by test case TC2483.sh
TC2484.sh on line 658 has count: 8
Buggy line 658 is covered by test case TC2484.sh
TC2485.sh on line 658 has count: 7
Buggy line 658 is covered by test case TC2485.sh
TC2486.sh on line 658 has count: 5
Buggy line 658 is covered by test case TC2486.sh
TC2487.sh on line 658 has count: 5
Buggy line 658 is covered by test case TC2487.sh
TC2488.sh on line 658 has count: 12
Buggy line 658 is covered by test case TC2488.sh
TC2489.sh on line 658 has count: 2
Buggy line 658 is covered by test case TC2489.sh
TC2490.sh on line 658 has count: 2
Buggy line 658 is covered by test case TC2490.sh
TC2491.sh on line 658 has count: 6
Buggy line 658 is covered by test case TC2491.sh
TC2492.sh on line 658 has count: 6
Buggy line 658 is covered by test case TC2492.sh
TC2493.sh on line 658 has count: 7
Buggy line 658 is covered by test case TC2493.sh
TC2494.sh on line 658 has count: 7
Buggy line 658 is covered by test case TC2494.sh
TC2495.sh on line 658 has count: 7
Buggy line 658 is covered by test case TC2495.sh
TC2639.sh on line 658 has count: 1
Buggy line 658 is covered by test case TC2639.sh
TC2640.sh on line 658 has count: 1
Buggy line 658 is covered by test case TC2640.sh
TC2642.sh on line 658 has count: 1
Buggy line 658 is covered by test case TC2642.sh
TC2643.sh on line 658 has count: 1
Buggy line 658 is covered by test case TC2643.sh
>> Saving version xmlregexp.MUT413.c to database
>> Reverted xmlregexp.c to original from xmlregexp.MUT413.c

+++++ STDERR +++++

+++++ results for c14n.MUT294.c +++++
+++++ STDOUT +++++
Testing version c14n.MUT294.c on faster44.swtv::core6
>> Building libxml2_TF_top30
>> Applied patch to c14n.c with c14n.MUT294.c
>> Building libxml2_TF_top30
TC2503.sh on line 398 has count: 3
Buggy line 398 is covered by test case TC2503.sh
TC2510.sh on line 398 has count: 3
Buggy line 398 is covered by test case TC2510.sh
TC2526.sh on line 398 has count: 1
Buggy line 398 is covered by test case TC2526.sh
TC2527.sh on line 398 has count: 3
Buggy line 398 is covered by test case TC2527.sh
TC2546.sh on line 398 has count: 1
Buggy line 398 is covered by test case TC2546.sh
TC2547.sh on line 398 has count: 4
Buggy line 398 is covered by test case TC2547.sh
TC2551.sh on line 398 has count: 3
Buggy line 398 is covered by test case TC2551.sh
>> Saving version c14n.MUT294.c to database
>> Reverted c14n.c to original from c14n.MUT294.c

+++++ STDERR +++++

+++++ results for relaxng.MUT13043.c +++++
+++++ STDOUT +++++
Testing version relaxng.MUT13043.c on faster44.swtv::core6
>> Building libxml2_TF_top30
>> Applied patch to relaxng.c with relaxng.MUT13043.c
>> Building libxml2_TF_top30
TC2446.sh on line 9549 has count: 4
Buggy line 9549 is covered by test case TC2446.sh
>> Saving version relaxng.MUT13043.c to database
>> Reverted relaxng.c to original from relaxng.MUT13043.c

+++++ STDERR +++++

+++++ results for parser.MUT2573.c +++++
+++++ STDOUT +++++
Testing version parser.MUT2573.c on faster44.swtv::core6
>> Building libxml2_TF_top30
>> Applied patch to parser.c with parser.MUT2573.c
>> Building libxml2_TF_top30
TC2.sh on line 2618 has count: 3
Buggy line 2618 is covered by test case TC2.sh
TC129.sh on line 2618 has count: 3
Buggy line 2618 is covered by test case TC129.sh
TC256.sh on line 2618 has count: 3
Buggy line 2618 is covered by test case TC256.sh
TC545.sh on line 2618 has count: 3
Buggy line 2618 is covered by test case TC545.sh
TC672.sh on line 2618 has count: 3
Buggy line 2618 is covered by test case TC672.sh
TC799.sh on line 2618 has count: 3
Buggy line 2618 is covered by test case TC799.sh
TC926.sh on line 2618 has count: 3
Buggy line 2618 is covered by test case TC926.sh
TC1053.sh on line 2618 has count: 3
Buggy line 2618 is covered by test case TC1053.sh
TC1180.sh on line 2618 has count: 3
Buggy line 2618 is covered by test case TC1180.sh
TC1307.sh on line 2618 has count: 3
Buggy line 2618 is covered by test case TC1307.sh
TC1434.sh on line 2618 has count: 3
Buggy line 2618 is covered by test case TC1434.sh
TC1561.sh on line 2618 has count: 3
Buggy line 2618 is covered by test case TC1561.sh
TC2313.sh on line 2618 has count: 1
Buggy line 2618 is covered by test case TC2313.sh
TC2415.sh on line 2618 has count: 1
Buggy line 2618 is covered by test case TC2415.sh
>> Saving version parser.MUT2573.c to database
>> Reverted parser.c to original from parser.MUT2573.c

+++++ STDERR +++++

+++++ results for xinclude.MUT136.c +++++
+++++ STDOUT +++++
Testing version xinclude.MUT136.c on faster44.swtv::core6
>> Building libxml2_TF_top30
>> Applied patch to xinclude.c with xinclude.MUT136.c
>> Building libxml2_TF_top30
TC2039.sh on line 290 has count: 1
Buggy line 290 is covered by test case TC2039.sh
TC2040.sh on line 290 has count: 1
Buggy line 290 is covered by test case TC2040.sh
TC2041.sh on line 290 has count: 1
Buggy line 290 is covered by test case TC2041.sh
TC2042.sh on line 290 has count: 1
Buggy line 290 is covered by test case TC2042.sh
TC2043.sh on line 290 has count: 1
Buggy line 290 is covered by test case TC2043.sh
TC2044.sh on line 290 has count: 1
Buggy line 290 is covered by test case TC2044.sh
TC2045.sh on line 290 has count: 1
Buggy line 290 is covered by test case TC2045.sh
TC2046.sh on line 290 has count: 1
Buggy line 290 is covered by test case TC2046.sh
TC2047.sh on line 290 has count: 1
Buggy line 290 is covered by test case TC2047.sh
TC2048.sh on line 290 has count: 1
Buggy line 290 is covered by test case TC2048.sh
TC2049.sh on line 290 has count: 1
Buggy line 290 is covered by test case TC2049.sh
TC2050.sh on line 290 has count: 1
Buggy line 290 is covered by test case TC2050.sh
TC2051.sh on line 290 has count: 1
Buggy line 290 is covered by test case TC2051.sh
TC2052.sh on line 290 has count: 1
Buggy line 290 is covered by test case TC2052.sh
TC2053.sh on line 290 has count: 1
Buggy line 290 is covered by test case TC2053.sh
TC2054.sh on line 290 has count: 1
Buggy line 290 is covered by test case TC2054.sh
TC2055.sh on line 290 has count: 1
Buggy line 290 is covered by test case TC2055.sh
TC2056.sh on line 290 has count: 1
Buggy line 290 is covered by test case TC2056.sh
TC2057.sh on line 290 has count: 1
Buggy line 290 is covered by test case TC2057.sh
TC2058.sh on line 290 has count: 2
Buggy line 290 is covered by test case TC2058.sh
TC2059.sh on line 290 has count: 4
Buggy line 290 is covered by test case TC2059.sh
TC2060.sh on line 290 has count: 4
Buggy line 290 is covered by test case TC2060.sh
TC2061.sh on line 290 has count: 3
Buggy line 290 is covered by test case TC2061.sh
TC2062.sh on line 290 has count: 32
Buggy line 290 is covered by test case TC2062.sh
TC2063.sh on line 290 has count: 4
Buggy line 290 is covered by test case TC2063.sh
TC2064.sh on line 290 has count: 1
Buggy line 290 is covered by test case TC2064.sh
TC2065.sh on line 290 has count: 1
Buggy line 290 is covered by test case TC2065.sh
TC2066.sh on line 290 has count: 1
Buggy line 290 is covered by test case TC2066.sh
TC2067.sh on line 290 has count: 1
Buggy line 290 is covered by test case TC2067.sh
TC2068.sh on line 290 has count: 1
Buggy line 290 is covered by test case TC2068.sh
TC2069.sh on line 290 has count: 1
Buggy line 290 is covered by test case TC2069.sh
TC2070.sh on line 290 has count: 1
Buggy line 290 is covered by test case TC2070.sh
TC2071.sh on line 290 has count: 1
Buggy line 290 is covered by test case TC2071.sh
TC2072.sh on line 290 has count: 1
Buggy line 290 is covered by test case TC2072.sh
TC2073.sh on line 290 has count: 1
Buggy line 290 is covered by test case TC2073.sh
TC2074.sh on line 290 has count: 1
Buggy line 290 is covered by test case TC2074.sh
TC2075.sh on line 290 has count: 1
Buggy line 290 is covered by test case TC2075.sh
TC2076.sh on line 290 has count: 1
Buggy line 290 is covered by test case TC2076.sh
TC2077.sh on line 290 has count: 1
Buggy line 290 is covered by test case TC2077.sh
TC2078.sh on line 290 has count: 1
Buggy line 290 is covered by test case TC2078.sh
TC2079.sh on line 290 has count: 1
Buggy line 290 is covered by test case TC2079.sh
TC2080.sh on line 290 has count: 1
Buggy line 290 is covered by test case TC2080.sh
TC2081.sh on line 290 has count: 1
Buggy line 290 is covered by test case TC2081.sh
TC2082.sh on line 290 has count: 1
Buggy line 290 is covered by test case TC2082.sh
TC2083.sh on line 290 has count: 1
Buggy line 290 is covered by test case TC2083.sh
TC2084.sh on line 290 has count: 1
Buggy line 290 is covered by test case TC2084.sh
TC2085.sh on line 290 has count: 1
Buggy line 290 is covered by test case TC2085.sh
TC2086.sh on line 290 has count: 1
Buggy line 290 is covered by test case TC2086.sh
TC2087.sh on line 290 has count: 1
Buggy line 290 is covered by test case TC2087.sh
TC2088.sh on line 290 has count: 1
Buggy line 290 is covered by test case TC2088.sh
TC2089.sh on line 290 has count: 1
Buggy line 290 is covered by test case TC2089.sh
TC2090.sh on line 290 has count: 1
Buggy line 290 is covered by test case TC2090.sh
TC2091.sh on line 290 has count: 1
Buggy line 290 is covered by test case TC2091.sh
TC2092.sh on line 290 has count: 2
Buggy line 290 is covered by test case TC2092.sh
TC2093.sh on line 290 has count: 4
Buggy line 290 is covered by test case TC2093.sh
TC2094.sh on line 290 has count: 4
Buggy line 290 is covered by test case TC2094.sh
TC2095.sh on line 290 has count: 3
Buggy line 290 is covered by test case TC2095.sh
TC2096.sh on line 290 has count: 32
Buggy line 290 is covered by test case TC2096.sh
TC2097.sh on line 290 has count: 4
Buggy line 290 is covered by test case TC2097.sh
TC2098.sh on line 290 has count: 1
Buggy line 290 is covered by test case TC2098.sh
TC2099.sh on line 290 has count: 1
Buggy line 290 is covered by test case TC2099.sh
TC2100.sh on line 290 has count: 1
Buggy line 290 is covered by test case TC2100.sh
TC2101.sh on line 290 has count: 1
Buggy line 290 is covered by test case TC2101.sh
TC2102.sh on line 290 has count: 1
Buggy line 290 is covered by test case TC2102.sh
TC2103.sh on line 290 has count: 1
Buggy line 290 is covered by test case TC2103.sh
TC2104.sh on line 290 has count: 1
Buggy line 290 is covered by test case TC2104.sh
TC2105.sh on line 290 has count: 1
Buggy line 290 is covered by test case TC2105.sh
TC2106.sh on line 290 has count: 1
Buggy line 290 is covered by test case TC2106.sh
TC2107.sh on line 290 has count: 1
Buggy line 290 is covered by test case TC2107.sh
TC2108.sh on line 290 has count: 1
Buggy line 290 is covered by test case TC2108.sh
TC2109.sh on line 290 has count: 1
Buggy line 290 is covered by test case TC2109.sh
TC2110.sh on line 290 has count: 1
Buggy line 290 is covered by test case TC2110.sh
TC2111.sh on line 290 has count: 1
Buggy line 290 is covered by test case TC2111.sh
TC2112.sh on line 290 has count: 1
Buggy line 290 is covered by test case TC2112.sh
>> Saving version xinclude.MUT136.c to database
>> Reverted xinclude.c to original from xinclude.MUT136.c

+++++ STDERR +++++

+++++ results for uri.MUT1493.c +++++
+++++ STDOUT +++++
Testing version uri.MUT1493.c on faster44.swtv::core6
>> Building libxml2_TF_top30
>> Applied patch to uri.c with uri.MUT1493.c
>> Building libxml2_TF_top30
TC2051.sh on line 1311 has count: 241
Buggy line 1311 is covered by test case TC2051.sh
TC2068.sh on line 1311 has count: 177
Buggy line 1311 is covered by test case TC2068.sh
TC2085.sh on line 1311 has count: 17
Buggy line 1311 is covered by test case TC2085.sh
TC2102.sh on line 1311 has count: 403
Buggy line 1311 is covered by test case TC2102.sh
TC2150.sh on line 1311 has count: 1752
Buggy line 1311 is covered by test case TC2150.sh
>> Saving version uri.MUT1493.c to database
>> Reverted uri.c to original from uri.MUT1493.c

+++++ STDERR +++++

+++++ results for parser.MUT6708.c +++++
+++++ STDOUT +++++
Testing version parser.MUT6708.c on faster44.swtv::core6
>> Building libxml2_TF_top30
>> Applied patch to parser.c with parser.MUT6708.c
>> Building libxml2_TF_top30
TC9.sh on line 5848 has count: 1
Buggy line 5848 is covered by test case TC9.sh
TC11.sh on line 5848 has count: 1
Buggy line 5848 is covered by test case TC11.sh
TC47.sh on line 5848 has count: 1
Buggy line 5848 is covered by test case TC47.sh
TC48.sh on line 5848 has count: 1
Buggy line 5848 is covered by test case TC48.sh
TC67.sh on line 5848 has count: 1
Buggy line 5848 is covered by test case TC67.sh
TC89.sh on line 5848 has count: 1
Buggy line 5848 is covered by test case TC89.sh
TC136.sh on line 5848 has count: 1
Buggy line 5848 is covered by test case TC136.sh
TC138.sh on line 5848 has count: 1
Buggy line 5848 is covered by test case TC138.sh
TC174.sh on line 5848 has count: 1
Buggy line 5848 is covered by test case TC174.sh
TC175.sh on line 5848 has count: 1
Buggy line 5848 is covered by test case TC175.sh
TC194.sh on line 5848 has count: 1
Buggy line 5848 is covered by test case TC194.sh
TC216.sh on line 5848 has count: 1
Buggy line 5848 is covered by test case TC216.sh
TC263.sh on line 5848 has count: 1
Buggy line 5848 is covered by test case TC263.sh
TC265.sh on line 5848 has count: 1
Buggy line 5848 is covered by test case TC265.sh
TC301.sh on line 5848 has count: 1
Buggy line 5848 is covered by test case TC301.sh
TC302.sh on line 5848 has count: 1
Buggy line 5848 is covered by test case TC302.sh
TC321.sh on line 5848 has count: 1
Buggy line 5848 is covered by test case TC321.sh
TC343.sh on line 5848 has count: 1
Buggy line 5848 is covered by test case TC343.sh
TC404.sh on line 5848 has count: 1
Buggy line 5848 is covered by test case TC404.sh
TC422.sh on line 5848 has count: 1
Buggy line 5848 is covered by test case TC422.sh
TC423.sh on line 5848 has count: 1
Buggy line 5848 is covered by test case TC423.sh
TC441.sh on line 5848 has count: 1
Buggy line 5848 is covered by test case TC441.sh
TC459.sh on line 5848 has count: 1
Buggy line 5848 is covered by test case TC459.sh
TC460.sh on line 5848 has count: 1
Buggy line 5848 is covered by test case TC460.sh
TC478.sh on line 5848 has count: 1
Buggy line 5848 is covered by test case TC478.sh
TC496.sh on line 5848 has count: 1
Buggy line 5848 is covered by test case TC496.sh
TC497.sh on line 5848 has count: 1
Buggy line 5848 is covered by test case TC497.sh
TC517.sh on line 5848 has count: 1
Buggy line 5848 is covered by test case TC517.sh
TC535.sh on line 5848 has count: 1
Buggy line 5848 is covered by test case TC535.sh
TC536.sh on line 5848 has count: 1
Buggy line 5848 is covered by test case TC536.sh
TC552.sh on line 5848 has count: 1
Buggy line 5848 is covered by test case TC552.sh
TC554.sh on line 5848 has count: 1
Buggy line 5848 is covered by test case TC554.sh
TC590.sh on line 5848 has count: 1
Buggy line 5848 is covered by test case TC590.sh
TC591.sh on line 5848 has count: 1
Buggy line 5848 is covered by test case TC591.sh
TC610.sh on line 5848 has count: 1
Buggy line 5848 is covered by test case TC610.sh
TC632.sh on line 5848 has count: 1
Buggy line 5848 is covered by test case TC632.sh
TC679.sh on line 5848 has count: 1
Buggy line 5848 is covered by test case TC679.sh
TC681.sh on line 5848 has count: 1
Buggy line 5848 is covered by test case TC681.sh
TC717.sh on line 5848 has count: 1
Buggy line 5848 is covered by test case TC717.sh
TC718.sh on line 5848 has count: 1
Buggy line 5848 is covered by test case TC718.sh
TC737.sh on line 5848 has count: 1
Buggy line 5848 is covered by test case TC737.sh
TC759.sh on line 5848 has count: 1
Buggy line 5848 is covered by test case TC759.sh
TC806.sh on line 5848 has count: 1
Buggy line 5848 is covered by test case TC806.sh
TC808.sh on line 5848 has count: 1
Buggy line 5848 is covered by test case TC808.sh
TC844.sh on line 5848 has count: 1
Buggy line 5848 is covered by test case TC844.sh
TC845.sh on line 5848 has count: 1
Buggy line 5848 is covered by test case TC845.sh
TC864.sh on line 5848 has count: 1
Buggy line 5848 is covered by test case TC864.sh
TC886.sh on line 5848 has count: 1
Buggy line 5848 is covered by test case TC886.sh
TC933.sh on line 5848 has count: 1
Buggy line 5848 is covered by test case TC933.sh
TC935.sh on line 5848 has count: 1
Buggy line 5848 is covered by test case TC935.sh
TC971.sh on line 5848 has count: 1
Buggy line 5848 is covered by test case TC971.sh
TC972.sh on line 5848 has count: 1
Buggy line 5848 is covered by test case TC972.sh
TC991.sh on line 5848 has count: 1
Buggy line 5848 is covered by test case TC991.sh
TC1013.sh on line 5848 has count: 1
Buggy line 5848 is covered by test case TC1013.sh
TC1060.sh on line 5848 has count: 1
Buggy line 5848 is covered by test case TC1060.sh
TC1062.sh on line 5848 has count: 1
Buggy line 5848 is covered by test case TC1062.sh
TC1098.sh on line 5848 has count: 1
Buggy line 5848 is covered by test case TC1098.sh
TC1099.sh on line 5848 has count: 1
Buggy line 5848 is covered by test case TC1099.sh
TC1118.sh on line 5848 has count: 1
Buggy line 5848 is covered by test case TC1118.sh
TC1140.sh on line 5848 has count: 1
Buggy line 5848 is covered by test case TC1140.sh
TC1187.sh on line 5848 has count: 1
Buggy line 5848 is covered by test case TC1187.sh
TC1189.sh on line 5848 has count: 1
Buggy line 5848 is covered by test case TC1189.sh
TC1225.sh on line 5848 has count: 1
Buggy line 5848 is covered by test case TC1225.sh
TC1226.sh on line 5848 has count: 1
Buggy line 5848 is covered by test case TC1226.sh
TC1245.sh on line 5848 has count: 1
Buggy line 5848 is covered by test case TC1245.sh
TC1267.sh on line 5848 has count: 1
Buggy line 5848 is covered by test case TC1267.sh
TC1314.sh on line 5848 has count: 1
Buggy line 5848 is covered by test case TC1314.sh
TC1316.sh on line 5848 has count: 1
Buggy line 5848 is covered by test case TC1316.sh
TC1352.sh on line 5848 has count: 1
Buggy line 5848 is covered by test case TC1352.sh
TC1353.sh on line 5848 has count: 1
Buggy line 5848 is covered by test case TC1353.sh
TC1372.sh on line 5848 has count: 1
Buggy line 5848 is covered by test case TC1372.sh
TC1394.sh on line 5848 has count: 1
Buggy line 5848 is covered by test case TC1394.sh
TC1441.sh on line 5848 has count: 1
Buggy line 5848 is covered by test case TC1441.sh
TC1443.sh on line 5848 has count: 1
Buggy line 5848 is covered by test case TC1443.sh
TC1479.sh on line 5848 has count: 1
Buggy line 5848 is covered by test case TC1479.sh
TC1480.sh on line 5848 has count: 1
Buggy line 5848 is covered by test case TC1480.sh
TC1499.sh on line 5848 has count: 1
Buggy line 5848 is covered by test case TC1499.sh
TC1521.sh on line 5848 has count: 1
Buggy line 5848 is covered by test case TC1521.sh
TC1568.sh on line 5848 has count: 1
Buggy line 5848 is covered by test case TC1568.sh
TC1570.sh on line 5848 has count: 1
Buggy line 5848 is covered by test case TC1570.sh
TC1606.sh on line 5848 has count: 1
Buggy line 5848 is covered by test case TC1606.sh
TC1607.sh on line 5848 has count: 1
Buggy line 5848 is covered by test case TC1607.sh
TC1626.sh on line 5848 has count: 1
Buggy line 5848 is covered by test case TC1626.sh
TC1648.sh on line 5848 has count: 1
Buggy line 5848 is covered by test case TC1648.sh
TC1923.sh on line 5848 has count: 1
Buggy line 5848 is covered by test case TC1923.sh
TC1937.sh on line 5848 has count: 1
Buggy line 5848 is covered by test case TC1937.sh
TC1945.sh on line 5848 has count: 1
Buggy line 5848 is covered by test case TC1945.sh
TC1950.sh on line 5848 has count: 1
Buggy line 5848 is covered by test case TC1950.sh
TC1954.sh on line 5848 has count: 1
Buggy line 5848 is covered by test case TC1954.sh
TC1959.sh on line 5848 has count: 1
Buggy line 5848 is covered by test case TC1959.sh
TC1961.sh on line 5848 has count: 1
Buggy line 5848 is covered by test case TC1961.sh
TC1962.sh on line 5848 has count: 1
Buggy line 5848 is covered by test case TC1962.sh
TC1963.sh on line 5848 has count: 1
Buggy line 5848 is covered by test case TC1963.sh
TC1978.sh on line 5848 has count: 1
Buggy line 5848 is covered by test case TC1978.sh
TC1979.sh on line 5848 has count: 1
Buggy line 5848 is covered by test case TC1979.sh
TC1993.sh on line 5848 has count: 1
Buggy line 5848 is covered by test case TC1993.sh
TC2001.sh on line 5848 has count: 1
Buggy line 5848 is covered by test case TC2001.sh
TC2006.sh on line 5848 has count: 1
Buggy line 5848 is covered by test case TC2006.sh
TC2010.sh on line 5848 has count: 1
Buggy line 5848 is covered by test case TC2010.sh
TC2015.sh on line 5848 has count: 1
Buggy line 5848 is covered by test case TC2015.sh
TC2017.sh on line 5848 has count: 1
Buggy line 5848 is covered by test case TC2017.sh
TC2018.sh on line 5848 has count: 1
Buggy line 5848 is covered by test case TC2018.sh
TC2019.sh on line 5848 has count: 1
Buggy line 5848 is covered by test case TC2019.sh
TC2037.sh on line 5848 has count: 1
Buggy line 5848 is covered by test case TC2037.sh
TC2038.sh on line 5848 has count: 1
Buggy line 5848 is covered by test case TC2038.sh
TC2343.sh on line 5848 has count: 1
Buggy line 5848 is covered by test case TC2343.sh
TC2445.sh on line 5848 has count: 1
Buggy line 5848 is covered by test case TC2445.sh
TC2503.sh on line 5848 has count: 1
Buggy line 5848 is covered by test case TC2503.sh
TC2507.sh on line 5848 has count: 1
Buggy line 5848 is covered by test case TC2507.sh
TC2510.sh on line 5848 has count: 1
Buggy line 5848 is covered by test case TC2510.sh
TC2514.sh on line 5848 has count: 1
Buggy line 5848 is covered by test case TC2514.sh
TC2527.sh on line 5848 has count: 1
Buggy line 5848 is covered by test case TC2527.sh
TC2546.sh on line 5848 has count: 1
Buggy line 5848 is covered by test case TC2546.sh
TC2547.sh on line 5848 has count: 1
Buggy line 5848 is covered by test case TC2547.sh
TC2551.sh on line 5848 has count: 1
Buggy line 5848 is covered by test case TC2551.sh
TC2555.sh on line 5848 has count: 1
Buggy line 5848 is covered by test case TC2555.sh
TC2556.sh on line 5848 has count: 1
Buggy line 5848 is covered by test case TC2556.sh
TC2557.sh on line 5848 has count: 1
Buggy line 5848 is covered by test case TC2557.sh
TC2558.sh on line 5848 has count: 1
Buggy line 5848 is covered by test case TC2558.sh
>> Saving version parser.MUT6708.c to database
>> Reverted parser.c to original from parser.MUT6708.c
>> Cleaning build for libxml2_TF_top30

+++++ STDERR +++++
