
+++++ results for parser.MUT14269.c +++++
+++++ STDOUT +++++
Testing version parser.MUT14269.c on faster37.swtv::core3
>> Configuring libxml2_TF_top30 with coverage
>> Building libxml2_TF_top30
>> Applied patch to parser.c with parser.MUT14269.c
>> Building libxml2_TF_top30
TC507.sh on line 12020 has count: 1
Buggy line 12020 is covered by test case TC507.sh
TC511.sh on line 12020 has count: 1
Buggy line 12020 is covered by test case TC511.sh
TC512.sh on line 12020 has count: 1
Buggy line 12020 is covered by test case TC512.sh
TC513.sh on line 12020 has count: 1
Buggy line 12020 is covered by test case TC513.sh
TC514.sh on line 12020 has count: 1
Buggy line 12020 is covered by test case TC514.sh
TC517.sh on line 12020 has count: 1
Buggy line 12020 is covered by test case TC517.sh
TC523.sh on line 12020 has count: 1
Buggy line 12020 is covered by test case TC523.sh
TC524.sh on line 12020 has count: 1
Buggy line 12020 is covered by test case TC524.sh
TC526.sh on line 12020 has count: 1
Buggy line 12020 is covered by test case TC526.sh
TC527.sh on line 12020 has count: 1
Buggy line 12020 is covered by test case TC527.sh
TC535.sh on line 12020 has count: 1
Buggy line 12020 is covered by test case TC535.sh
TC536.sh on line 12020 has count: 1
Buggy line 12020 is covered by test case TC536.sh
TC537.sh on line 12020 has count: 1
Buggy line 12020 is covered by test case TC537.sh
TC545.sh on line 12020 has count: 1
Buggy line 12020 is covered by test case TC545.sh
TC546.sh on line 12020 has count: 1
Buggy line 12020 is covered by test case TC546.sh
TC550.sh on line 12020 has count: 1
Buggy line 12020 is covered by test case TC550.sh
TC552.sh on line 12020 has count: 1
Buggy line 12020 is covered by test case TC552.sh
TC554.sh on line 12020 has count: 1
Buggy line 12020 is covered by test case TC554.sh
TC557.sh on line 12020 has count: 1
Buggy line 12020 is covered by test case TC557.sh
TC560.sh on line 12020 has count: 1
Buggy line 12020 is covered by test case TC560.sh
TC571.sh on line 12020 has count: 1
Buggy line 12020 is covered by test case TC571.sh
TC590.sh on line 12020 has count: 1
Buggy line 12020 is covered by test case TC590.sh
TC591.sh on line 12020 has count: 1
Buggy line 12020 is covered by test case TC591.sh
TC595.sh on line 12020 has count: 1
Buggy line 12020 is covered by test case TC595.sh
TC596.sh on line 12020 has count: 1
Buggy line 12020 is covered by test case TC596.sh
TC597.sh on line 12020 has count: 1
Buggy line 12020 is covered by test case TC597.sh
TC598.sh on line 12020 has count: 1
Buggy line 12020 is covered by test case TC598.sh
TC599.sh on line 12020 has count: 1
Buggy line 12020 is covered by test case TC599.sh
TC600.sh on line 12020 has count: 1
Buggy line 12020 is covered by test case TC600.sh
TC601.sh on line 12020 has count: 1
Buggy line 12020 is covered by test case TC601.sh
TC602.sh on line 12020 has count: 1
Buggy line 12020 is covered by test case TC602.sh
TC603.sh on line 12020 has count: 1
Buggy line 12020 is covered by test case TC603.sh
TC604.sh on line 12020 has count: 1
Buggy line 12020 is covered by test case TC604.sh
TC605.sh on line 12020 has count: 1
Buggy line 12020 is covered by test case TC605.sh
TC606.sh on line 12020 has count: 1
Buggy line 12020 is covered by test case TC606.sh
TC609.sh on line 12020 has count: 1
Buggy line 12020 is covered by test case TC609.sh
TC610.sh on line 12020 has count: 1
Buggy line 12020 is covered by test case TC610.sh
TC611.sh on line 12020 has count: 1
Buggy line 12020 is covered by test case TC611.sh
TC612.sh on line 12020 has count: 1
Buggy line 12020 is covered by test case TC612.sh
TC613.sh on line 12020 has count: 1
Buggy line 12020 is covered by test case TC613.sh
TC614.sh on line 12020 has count: 1
Buggy line 12020 is covered by test case TC614.sh
TC615.sh on line 12020 has count: 1
Buggy line 12020 is covered by test case TC615.sh
TC616.sh on line 12020 has count: 1
Buggy line 12020 is covered by test case TC616.sh
TC618.sh on line 12020 has count: 1
Buggy line 12020 is covered by test case TC618.sh
TC619.sh on line 12020 has count: 1
Buggy line 12020 is covered by test case TC619.sh
TC620.sh on line 12020 has count: 1
Buggy line 12020 is covered by test case TC620.sh
TC621.sh on line 12020 has count: 1
Buggy line 12020 is covered by test case TC621.sh
TC622.sh on line 12020 has count: 1
Buggy line 12020 is covered by test case TC622.sh
TC623.sh on line 12020 has count: 1
Buggy line 12020 is covered by test case TC623.sh
TC624.sh on line 12020 has count: 1
Buggy line 12020 is covered by test case TC624.sh
TC626.sh on line 12020 has count: 1
Buggy line 12020 is covered by test case TC626.sh
TC627.sh on line 12020 has count: 1
Buggy line 12020 is covered by test case TC627.sh
TC631.sh on line 12020 has count: 1
Buggy line 12020 is covered by test case TC631.sh
TC632.sh on line 12020 has count: 1
Buggy line 12020 is covered by test case TC632.sh
TC635.sh on line 12020 has count: 1
Buggy line 12020 is covered by test case TC635.sh
TC669.sh on line 12020 has count: 1
Buggy line 12020 is covered by test case TC669.sh
TC670.sh on line 12020 has count: 1
Buggy line 12020 is covered by test case TC670.sh
TC672.sh on line 12020 has count: 1
Buggy line 12020 is covered by test case TC672.sh
TC673.sh on line 12020 has count: 1
Buggy line 12020 is covered by test case TC673.sh
TC677.sh on line 12020 has count: 1
Buggy line 12020 is covered by test case TC677.sh
TC679.sh on line 12020 has count: 1
Buggy line 12020 is covered by test case TC679.sh
TC681.sh on line 12020 has count: 1
Buggy line 12020 is covered by test case TC681.sh
TC684.sh on line 12020 has count: 1
Buggy line 12020 is covered by test case TC684.sh
TC687.sh on line 12020 has count: 1
Buggy line 12020 is covered by test case TC687.sh
TC698.sh on line 12020 has count: 1
Buggy line 12020 is covered by test case TC698.sh
TC717.sh on line 12020 has count: 1
Buggy line 12020 is covered by test case TC717.sh
TC718.sh on line 12020 has count: 1
Buggy line 12020 is covered by test case TC718.sh
TC722.sh on line 12020 has count: 1
Buggy line 12020 is covered by test case TC722.sh
TC723.sh on line 12020 has count: 1
Buggy line 12020 is covered by test case TC723.sh
TC724.sh on line 12020 has count: 1
Buggy line 12020 is covered by test case TC724.sh
TC725.sh on line 12020 has count: 1
Buggy line 12020 is covered by test case TC725.sh
TC726.sh on line 12020 has count: 1
Buggy line 12020 is covered by test case TC726.sh
TC727.sh on line 12020 has count: 1
Buggy line 12020 is covered by test case TC727.sh
TC728.sh on line 12020 has count: 1
Buggy line 12020 is covered by test case TC728.sh
TC729.sh on line 12020 has count: 1
Buggy line 12020 is covered by test case TC729.sh
TC730.sh on line 12020 has count: 1
Buggy line 12020 is covered by test case TC730.sh
TC731.sh on line 12020 has count: 1
Buggy line 12020 is covered by test case TC731.sh
TC732.sh on line 12020 has count: 1
Buggy line 12020 is covered by test case TC732.sh
TC733.sh on line 12020 has count: 1
Buggy line 12020 is covered by test case TC733.sh
TC736.sh on line 12020 has count: 1
Buggy line 12020 is covered by test case TC736.sh
TC737.sh on line 12020 has count: 1
Buggy line 12020 is covered by test case TC737.sh
TC738.sh on line 12020 has count: 1
Buggy line 12020 is covered by test case TC738.sh
TC739.sh on line 12020 has count: 1
Buggy line 12020 is covered by test case TC739.sh
TC740.sh on line 12020 has count: 1
Buggy line 12020 is covered by test case TC740.sh
TC741.sh on line 12020 has count: 1
Buggy line 12020 is covered by test case TC741.sh
TC742.sh on line 12020 has count: 1
Buggy line 12020 is covered by test case TC742.sh
TC743.sh on line 12020 has count: 1
Buggy line 12020 is covered by test case TC743.sh
TC745.sh on line 12020 has count: 1
Buggy line 12020 is covered by test case TC745.sh
TC746.sh on line 12020 has count: 1
Buggy line 12020 is covered by test case TC746.sh
TC747.sh on line 12020 has count: 1
Buggy line 12020 is covered by test case TC747.sh
TC748.sh on line 12020 has count: 1
Buggy line 12020 is covered by test case TC748.sh
TC749.sh on line 12020 has count: 1
Buggy line 12020 is covered by test case TC749.sh
TC750.sh on line 12020 has count: 1
Buggy line 12020 is covered by test case TC750.sh
TC751.sh on line 12020 has count: 1
Buggy line 12020 is covered by test case TC751.sh
TC753.sh on line 12020 has count: 1
Buggy line 12020 is covered by test case TC753.sh
TC754.sh on line 12020 has count: 1
Buggy line 12020 is covered by test case TC754.sh
TC758.sh on line 12020 has count: 1
Buggy line 12020 is covered by test case TC758.sh
TC759.sh on line 12020 has count: 1
Buggy line 12020 is covered by test case TC759.sh
TC762.sh on line 12020 has count: 1
Buggy line 12020 is covered by test case TC762.sh
TC796.sh on line 12020 has count: 1
Buggy line 12020 is covered by test case TC796.sh
TC797.sh on line 12020 has count: 1
Buggy line 12020 is covered by test case TC797.sh
TC799.sh on line 12020 has count: 1
Buggy line 12020 is covered by test case TC799.sh
TC800.sh on line 12020 has count: 1
Buggy line 12020 is covered by test case TC800.sh
TC804.sh on line 12020 has count: 1
Buggy line 12020 is covered by test case TC804.sh
TC806.sh on line 12020 has count: 1
Buggy line 12020 is covered by test case TC806.sh
TC808.sh on line 12020 has count: 1
Buggy line 12020 is covered by test case TC808.sh
TC811.sh on line 12020 has count: 1
Buggy line 12020 is covered by test case TC811.sh
TC814.sh on line 12020 has count: 1
Buggy line 12020 is covered by test case TC814.sh
TC825.sh on line 12020 has count: 1
Buggy line 12020 is covered by test case TC825.sh
TC844.sh on line 12020 has count: 1
Buggy line 12020 is covered by test case TC844.sh
TC845.sh on line 12020 has count: 1
Buggy line 12020 is covered by test case TC845.sh
TC849.sh on line 12020 has count: 1
Buggy line 12020 is covered by test case TC849.sh
TC850.sh on line 12020 has count: 1
Buggy line 12020 is covered by test case TC850.sh
TC851.sh on line 12020 has count: 1
Buggy line 12020 is covered by test case TC851.sh
TC852.sh on line 12020 has count: 1
Buggy line 12020 is covered by test case TC852.sh
TC853.sh on line 12020 has count: 1
Buggy line 12020 is covered by test case TC853.sh
TC854.sh on line 12020 has count: 1
Buggy line 12020 is covered by test case TC854.sh
TC855.sh on line 12020 has count: 1
Buggy line 12020 is covered by test case TC855.sh
TC856.sh on line 12020 has count: 1
Buggy line 12020 is covered by test case TC856.sh
TC857.sh on line 12020 has count: 1
Buggy line 12020 is covered by test case TC857.sh
TC858.sh on line 12020 has count: 1
Buggy line 12020 is covered by test case TC858.sh
TC859.sh on line 12020 has count: 1
Buggy line 12020 is covered by test case TC859.sh
TC860.sh on line 12020 has count: 1
Buggy line 12020 is covered by test case TC860.sh
TC863.sh on line 12020 has count: 1
Buggy line 12020 is covered by test case TC863.sh
TC864.sh on line 12020 has count: 1
Buggy line 12020 is covered by test case TC864.sh
TC865.sh on line 12020 has count: 1
Buggy line 12020 is covered by test case TC865.sh
TC866.sh on line 12020 has count: 1
Buggy line 12020 is covered by test case TC866.sh
TC867.sh on line 12020 has count: 1
Buggy line 12020 is covered by test case TC867.sh
TC868.sh on line 12020 has count: 1
Buggy line 12020 is covered by test case TC868.sh
TC869.sh on line 12020 has count: 1
Buggy line 12020 is covered by test case TC869.sh
TC870.sh on line 12020 has count: 1
Buggy line 12020 is covered by test case TC870.sh
TC872.sh on line 12020 has count: 1
Buggy line 12020 is covered by test case TC872.sh
TC873.sh on line 12020 has count: 1
Buggy line 12020 is covered by test case TC873.sh
TC874.sh on line 12020 has count: 1
Buggy line 12020 is covered by test case TC874.sh
TC875.sh on line 12020 has count: 1
Buggy line 12020 is covered by test case TC875.sh
TC876.sh on line 12020 has count: 1
Buggy line 12020 is covered by test case TC876.sh
TC877.sh on line 12020 has count: 1
Buggy line 12020 is covered by test case TC877.sh
TC878.sh on line 12020 has count: 1
Buggy line 12020 is covered by test case TC878.sh
TC880.sh on line 12020 has count: 1
Buggy line 12020 is covered by test case TC880.sh
TC881.sh on line 12020 has count: 1
Buggy line 12020 is covered by test case TC881.sh
TC885.sh on line 12020 has count: 1
Buggy line 12020 is covered by test case TC885.sh
TC886.sh on line 12020 has count: 1
Buggy line 12020 is covered by test case TC886.sh
TC889.sh on line 12020 has count: 1
Buggy line 12020 is covered by test case TC889.sh
TC923.sh on line 12020 has count: 1
Buggy line 12020 is covered by test case TC923.sh
TC924.sh on line 12020 has count: 1
Buggy line 12020 is covered by test case TC924.sh
TC1434.sh on line 12020 has count: 1
Buggy line 12020 is covered by test case TC1434.sh
TC1435.sh on line 12020 has count: 1
Buggy line 12020 is covered by test case TC1435.sh
TC1439.sh on line 12020 has count: 1
Buggy line 12020 is covered by test case TC1439.sh
TC1441.sh on line 12020 has count: 1
Buggy line 12020 is covered by test case TC1441.sh
TC1443.sh on line 12020 has count: 1
Buggy line 12020 is covered by test case TC1443.sh
TC1446.sh on line 12020 has count: 1
Buggy line 12020 is covered by test case TC1446.sh
TC1449.sh on line 12020 has count: 1
Buggy line 12020 is covered by test case TC1449.sh
TC1460.sh on line 12020 has count: 1
Buggy line 12020 is covered by test case TC1460.sh
TC1479.sh on line 12020 has count: 1
Buggy line 12020 is covered by test case TC1479.sh
TC1480.sh on line 12020 has count: 1
Buggy line 12020 is covered by test case TC1480.sh
TC1484.sh on line 12020 has count: 1
Buggy line 12020 is covered by test case TC1484.sh
TC1485.sh on line 12020 has count: 1
Buggy line 12020 is covered by test case TC1485.sh
TC1486.sh on line 12020 has count: 1
Buggy line 12020 is covered by test case TC1486.sh
TC1487.sh on line 12020 has count: 1
Buggy line 12020 is covered by test case TC1487.sh
TC1488.sh on line 12020 has count: 1
Buggy line 12020 is covered by test case TC1488.sh
TC1489.sh on line 12020 has count: 1
Buggy line 12020 is covered by test case TC1489.sh
TC1490.sh on line 12020 has count: 1
Buggy line 12020 is covered by test case TC1490.sh
TC1491.sh on line 12020 has count: 1
Buggy line 12020 is covered by test case TC1491.sh
TC1492.sh on line 12020 has count: 1
Buggy line 12020 is covered by test case TC1492.sh
TC1493.sh on line 12020 has count: 1
Buggy line 12020 is covered by test case TC1493.sh
TC1494.sh on line 12020 has count: 1
Buggy line 12020 is covered by test case TC1494.sh
TC1495.sh on line 12020 has count: 1
Buggy line 12020 is covered by test case TC1495.sh
TC1498.sh on line 12020 has count: 1
Buggy line 12020 is covered by test case TC1498.sh
TC1499.sh on line 12020 has count: 1
Buggy line 12020 is covered by test case TC1499.sh
TC1500.sh on line 12020 has count: 1
Buggy line 12020 is covered by test case TC1500.sh
TC1501.sh on line 12020 has count: 1
Buggy line 12020 is covered by test case TC1501.sh
TC1502.sh on line 12020 has count: 1
Buggy line 12020 is covered by test case TC1502.sh
TC1503.sh on line 12020 has count: 1
Buggy line 12020 is covered by test case TC1503.sh
TC1504.sh on line 12020 has count: 1
Buggy line 12020 is covered by test case TC1504.sh
TC1505.sh on line 12020 has count: 1
Buggy line 12020 is covered by test case TC1505.sh
TC1507.sh on line 12020 has count: 1
Buggy line 12020 is covered by test case TC1507.sh
TC1508.sh on line 12020 has count: 1
Buggy line 12020 is covered by test case TC1508.sh
TC1509.sh on line 12020 has count: 1
Buggy line 12020 is covered by test case TC1509.sh
TC1510.sh on line 12020 has count: 1
Buggy line 12020 is covered by test case TC1510.sh
TC1511.sh on line 12020 has count: 1
Buggy line 12020 is covered by test case TC1511.sh
TC1512.sh on line 12020 has count: 1
Buggy line 12020 is covered by test case TC1512.sh
TC1513.sh on line 12020 has count: 1
Buggy line 12020 is covered by test case TC1513.sh
TC1515.sh on line 12020 has count: 1
Buggy line 12020 is covered by test case TC1515.sh
TC1516.sh on line 12020 has count: 1
Buggy line 12020 is covered by test case TC1516.sh
TC1520.sh on line 12020 has count: 1
Buggy line 12020 is covered by test case TC1520.sh
TC1521.sh on line 12020 has count: 1
Buggy line 12020 is covered by test case TC1521.sh
TC1524.sh on line 12020 has count: 1
Buggy line 12020 is covered by test case TC1524.sh
TC1558.sh on line 12020 has count: 1
Buggy line 12020 is covered by test case TC1558.sh
TC1559.sh on line 12020 has count: 1
Buggy line 12020 is covered by test case TC1559.sh
TC1561.sh on line 12020 has count: 1
Buggy line 12020 is covered by test case TC1561.sh
TC1562.sh on line 12020 has count: 1
Buggy line 12020 is covered by test case TC1562.sh
TC1566.sh on line 12020 has count: 1
Buggy line 12020 is covered by test case TC1566.sh
TC1568.sh on line 12020 has count: 1
Buggy line 12020 is covered by test case TC1568.sh
TC1570.sh on line 12020 has count: 1
Buggy line 12020 is covered by test case TC1570.sh
TC1573.sh on line 12020 has count: 1
Buggy line 12020 is covered by test case TC1573.sh
TC1576.sh on line 12020 has count: 1
Buggy line 12020 is covered by test case TC1576.sh
TC1587.sh on line 12020 has count: 1
Buggy line 12020 is covered by test case TC1587.sh
TC1606.sh on line 12020 has count: 1
Buggy line 12020 is covered by test case TC1606.sh
TC1607.sh on line 12020 has count: 1
Buggy line 12020 is covered by test case TC1607.sh
TC1611.sh on line 12020 has count: 1
Buggy line 12020 is covered by test case TC1611.sh
TC1612.sh on line 12020 has count: 1
Buggy line 12020 is covered by test case TC1612.sh
TC1613.sh on line 12020 has count: 1
Buggy line 12020 is covered by test case TC1613.sh
TC1614.sh on line 12020 has count: 1
Buggy line 12020 is covered by test case TC1614.sh
TC1615.sh on line 12020 has count: 1
Buggy line 12020 is covered by test case TC1615.sh
TC1616.sh on line 12020 has count: 1
Buggy line 12020 is covered by test case TC1616.sh
TC1617.sh on line 12020 has count: 1
Buggy line 12020 is covered by test case TC1617.sh
TC1618.sh on line 12020 has count: 1
Buggy line 12020 is covered by test case TC1618.sh
TC1619.sh on line 12020 has count: 1
Buggy line 12020 is covered by test case TC1619.sh
TC1620.sh on line 12020 has count: 1
Buggy line 12020 is covered by test case TC1620.sh
TC1621.sh on line 12020 has count: 1
Buggy line 12020 is covered by test case TC1621.sh
TC1622.sh on line 12020 has count: 1
Buggy line 12020 is covered by test case TC1622.sh
TC1625.sh on line 12020 has count: 1
Buggy line 12020 is covered by test case TC1625.sh
TC1626.sh on line 12020 has count: 1
Buggy line 12020 is covered by test case TC1626.sh
TC1627.sh on line 12020 has count: 1
Buggy line 12020 is covered by test case TC1627.sh
TC1628.sh on line 12020 has count: 1
Buggy line 12020 is covered by test case TC1628.sh
TC1629.sh on line 12020 has count: 1
Buggy line 12020 is covered by test case TC1629.sh
TC1630.sh on line 12020 has count: 1
Buggy line 12020 is covered by test case TC1630.sh
TC1631.sh on line 12020 has count: 1
Buggy line 12020 is covered by test case TC1631.sh
TC1632.sh on line 12020 has count: 1
Buggy line 12020 is covered by test case TC1632.sh
TC1634.sh on line 12020 has count: 1
Buggy line 12020 is covered by test case TC1634.sh
TC1635.sh on line 12020 has count: 1
Buggy line 12020 is covered by test case TC1635.sh
TC1636.sh on line 12020 has count: 1
Buggy line 12020 is covered by test case TC1636.sh
TC1637.sh on line 12020 has count: 1
Buggy line 12020 is covered by test case TC1637.sh
TC1638.sh on line 12020 has count: 1
Buggy line 12020 is covered by test case TC1638.sh
TC1639.sh on line 12020 has count: 1
Buggy line 12020 is covered by test case TC1639.sh
TC1640.sh on line 12020 has count: 1
Buggy line 12020 is covered by test case TC1640.sh
TC1642.sh on line 12020 has count: 1
Buggy line 12020 is covered by test case TC1642.sh
TC1643.sh on line 12020 has count: 1
Buggy line 12020 is covered by test case TC1643.sh
TC1647.sh on line 12020 has count: 1
Buggy line 12020 is covered by test case TC1647.sh
TC1648.sh on line 12020 has count: 1
Buggy line 12020 is covered by test case TC1648.sh
TC1651.sh on line 12020 has count: 1
Buggy line 12020 is covered by test case TC1651.sh
TC1685.sh on line 12020 has count: 1
Buggy line 12020 is covered by test case TC1685.sh
TC1686.sh on line 12020 has count: 1
Buggy line 12020 is covered by test case TC1686.sh
TC1947.sh on line 12020 has count: 1
Buggy line 12020 is covered by test case TC1947.sh
TC1949.sh on line 12020 has count: 1
Buggy line 12020 is covered by test case TC1949.sh
TC1950.sh on line 12020 has count: 1
Buggy line 12020 is covered by test case TC1950.sh
TC1951.sh on line 12020 has count: 1
Buggy line 12020 is covered by test case TC1951.sh
TC1952.sh on line 12020 has count: 1
Buggy line 12020 is covered by test case TC1952.sh
TC1954.sh on line 12020 has count: 1
Buggy line 12020 is covered by test case TC1954.sh
TC1955.sh on line 12020 has count: 1
Buggy line 12020 is covered by test case TC1955.sh
TC1956.sh on line 12020 has count: 1
Buggy line 12020 is covered by test case TC1956.sh
TC1957.sh on line 12020 has count: 1
Buggy line 12020 is covered by test case TC1957.sh
TC1958.sh on line 12020 has count: 1
Buggy line 12020 is covered by test case TC1958.sh
TC1959.sh on line 12020 has count: 1
Buggy line 12020 is covered by test case TC1959.sh
TC1960.sh on line 12020 has count: 1
Buggy line 12020 is covered by test case TC1960.sh
TC1962.sh on line 12020 has count: 1
Buggy line 12020 is covered by test case TC1962.sh
TC1963.sh on line 12020 has count: 1
Buggy line 12020 is covered by test case TC1963.sh
TC1965.sh on line 12020 has count: 1
Buggy line 12020 is covered by test case TC1965.sh
TC1968.sh on line 12020 has count: 1
Buggy line 12020 is covered by test case TC1968.sh
TC1969.sh on line 12020 has count: 1
Buggy line 12020 is covered by test case TC1969.sh
TC1974.sh on line 12020 has count: 1
Buggy line 12020 is covered by test case TC1974.sh
TC1975.sh on line 12020 has count: 1
Buggy line 12020 is covered by test case TC1975.sh
TC1976.sh on line 12020 has count: 1
Buggy line 12020 is covered by test case TC1976.sh
TC1977.sh on line 12020 has count: 1
Buggy line 12020 is covered by test case TC1977.sh
TC1978.sh on line 12020 has count: 1
Buggy line 12020 is covered by test case TC1978.sh
TC1979.sh on line 12020 has count: 1
Buggy line 12020 is covered by test case TC1979.sh
TC1980.sh on line 12020 has count: 1
Buggy line 12020 is covered by test case TC1980.sh
TC1981.sh on line 12020 has count: 1
Buggy line 12020 is covered by test case TC1981.sh
TC1982.sh on line 12020 has count: 1
Buggy line 12020 is covered by test case TC1982.sh
TC1983.sh on line 12020 has count: 1
Buggy line 12020 is covered by test case TC1983.sh
TC1984.sh on line 12020 has count: 1
Buggy line 12020 is covered by test case TC1984.sh
TC1985.sh on line 12020 has count: 1
Buggy line 12020 is covered by test case TC1985.sh
TC1986.sh on line 12020 has count: 1
Buggy line 12020 is covered by test case TC1986.sh
TC1987.sh on line 12020 has count: 1
Buggy line 12020 is covered by test case TC1987.sh
TC1988.sh on line 12020 has count: 1
Buggy line 12020 is covered by test case TC1988.sh
TC1989.sh on line 12020 has count: 1
Buggy line 12020 is covered by test case TC1989.sh
TC1990.sh on line 12020 has count: 1
Buggy line 12020 is covered by test case TC1990.sh
TC1991.sh on line 12020 has count: 1
Buggy line 12020 is covered by test case TC1991.sh
TC1992.sh on line 12020 has count: 1
Buggy line 12020 is covered by test case TC1992.sh
TC1993.sh on line 12020 has count: 1
Buggy line 12020 is covered by test case TC1993.sh
TC1994.sh on line 12020 has count: 1
Buggy line 12020 is covered by test case TC1994.sh
TC1995.sh on line 12020 has count: 1
Buggy line 12020 is covered by test case TC1995.sh
TC1996.sh on line 12020 has count: 1
Buggy line 12020 is covered by test case TC1996.sh
TC1999.sh on line 12020 has count: 1
Buggy line 12020 is covered by test case TC1999.sh
TC2000.sh on line 12020 has count: 1
Buggy line 12020 is covered by test case TC2000.sh
TC2057.sh on line 12020 has count: 1
Buggy line 12020 is covered by test case TC2057.sh
TC2091.sh on line 12020 has count: 1
Buggy line 12020 is covered by test case TC2091.sh
TC2415.sh on line 12020 has count: 1
Buggy line 12020 is covered by test case TC2415.sh
TC2432.sh on line 12020 has count: 1
Buggy line 12020 is covered by test case TC2432.sh
TC2445.sh on line 12020 has count: 1
Buggy line 12020 is covered by test case TC2445.sh
>> Saving version parser.MUT14269.c to database
>> Reverted parser.c to original from parser.MUT14269.c

+++++ STDERR +++++

+++++ results for xmlregexp.MUT7621.c +++++
+++++ STDOUT +++++
Testing version xmlregexp.MUT7621.c on faster37.swtv::core3
>> Building libxml2_TF_top30
>> Applied patch to xmlregexp.c with xmlregexp.MUT7621.c
>> Building libxml2_TF_top30
TC2166.sh on line 5807 has count: 3
Buggy line 5807 is covered by test case TC2166.sh
TC2171.sh on line 5807 has count: 1
Buggy line 5807 is covered by test case TC2171.sh
TC2172.sh on line 5807 has count: 1
Buggy line 5807 is covered by test case TC2172.sh
>> Saving version xmlregexp.MUT7621.c to database
>> Reverted xmlregexp.c to original from xmlregexp.MUT7621.c

+++++ STDERR +++++

+++++ results for xinclude.MUT1042.c +++++
+++++ STDOUT +++++
Testing version xinclude.MUT1042.c on faster37.swtv::core3
>> Building libxml2_TF_top30
>> Applied patch to xinclude.c with xinclude.MUT1042.c
>> Building libxml2_TF_top30
TC2039.sh on line 1276 has count: 2
Buggy line 1276 is covered by test case TC2039.sh
TC2053.sh on line 1276 has count: 1
Buggy line 1276 is covered by test case TC2053.sh
TC2056.sh on line 1276 has count: 2
Buggy line 1276 is covered by test case TC2056.sh
TC2070.sh on line 1276 has count: 1
Buggy line 1276 is covered by test case TC2070.sh
TC2073.sh on line 1276 has count: 2
Buggy line 1276 is covered by test case TC2073.sh
TC2087.sh on line 1276 has count: 1
Buggy line 1276 is covered by test case TC2087.sh
TC2090.sh on line 1276 has count: 2
Buggy line 1276 is covered by test case TC2090.sh
TC2104.sh on line 1276 has count: 1
Buggy line 1276 is covered by test case TC2104.sh
TC2107.sh on line 1276 has count: 3
Buggy line 1276 is covered by test case TC2107.sh
TC2108.sh on line 1276 has count: 2
Buggy line 1276 is covered by test case TC2108.sh
TC2109.sh on line 1276 has count: 2
Buggy line 1276 is covered by test case TC2109.sh
TC2110.sh on line 1276 has count: 2
Buggy line 1276 is covered by test case TC2110.sh
TC2111.sh on line 1276 has count: 101
Buggy line 1276 is covered by test case TC2111.sh
TC2112.sh on line 1276 has count: 1
Buggy line 1276 is covered by test case TC2112.sh
>> Saving version xinclude.MUT1042.c to database
>> Reverted xinclude.c to original from xinclude.MUT1042.c

+++++ STDERR +++++

+++++ results for relaxng.MUT9395.c +++++
+++++ STDOUT +++++
Testing version relaxng.MUT9395.c on faster37.swtv::core3
>> Building libxml2_TF_top30
>> Applied patch to relaxng.c with relaxng.MUT9395.c
>> Building libxml2_TF_top30
TC2299.sh on line 6984 has count: 1
Buggy line 6984 is covered by test case TC2299.sh
TC2329.sh on line 6984 has count: 1
Buggy line 6984 is covered by test case TC2329.sh
TC2382.sh on line 6984 has count: 1
Buggy line 6984 is covered by test case TC2382.sh
TC2386.sh on line 6984 has count: 2
Buggy line 6984 is covered by test case TC2386.sh
TC2401.sh on line 6984 has count: 1
Buggy line 6984 is covered by test case TC2401.sh
TC2484.sh on line 6984 has count: 1
Buggy line 6984 is covered by test case TC2484.sh
TC2488.sh on line 6984 has count: 4
Buggy line 6984 is covered by test case TC2488.sh
>> Saving version relaxng.MUT9395.c to database
>> Reverted relaxng.c to original from relaxng.MUT9395.c

+++++ STDERR +++++

+++++ results for parser.MUT15522.c +++++
+++++ STDOUT +++++
Testing version parser.MUT15522.c on faster37.swtv::core3
>> Building libxml2_TF_top30
>> Applied patch to parser.c with parser.MUT15522.c
>> Building libxml2_TF_top30
TC9.sh on line 13012 has count: 2
Buggy line 13012 is covered by test case TC9.sh
TC14.sh on line 13012 has count: 2
Buggy line 13012 is covered by test case TC14.sh
TC17.sh on line 13012 has count: 2
Buggy line 13012 is covered by test case TC17.sh
TC54.sh on line 13012 has count: 2
Buggy line 13012 is covered by test case TC54.sh
TC66.sh on line 13012 has count: 2
Buggy line 13012 is covered by test case TC66.sh
TC67.sh on line 13012 has count: 2
Buggy line 13012 is covered by test case TC67.sh
TC68.sh on line 13012 has count: 2
Buggy line 13012 is covered by test case TC68.sh
TC69.sh on line 13012 has count: 2
Buggy line 13012 is covered by test case TC69.sh
TC71.sh on line 13012 has count: 2
Buggy line 13012 is covered by test case TC71.sh
TC77.sh on line 13012 has count: 2
Buggy line 13012 is covered by test case TC77.sh
TC78.sh on line 13012 has count: 4
Buggy line 13012 is covered by test case TC78.sh
TC79.sh on line 13012 has count: 4
Buggy line 13012 is covered by test case TC79.sh
TC92.sh on line 13012 has count: 8
Buggy line 13012 is covered by test case TC92.sh
TC126.sh on line 13012 has count: 2
Buggy line 13012 is covered by test case TC126.sh
TC127.sh on line 13012 has count: 2
Buggy line 13012 is covered by test case TC127.sh
TC136.sh on line 13012 has count: 1
Buggy line 13012 is covered by test case TC136.sh
TC141.sh on line 13012 has count: 1
Buggy line 13012 is covered by test case TC141.sh
TC144.sh on line 13012 has count: 1
Buggy line 13012 is covered by test case TC144.sh
TC181.sh on line 13012 has count: 1
Buggy line 13012 is covered by test case TC181.sh
TC193.sh on line 13012 has count: 1
Buggy line 13012 is covered by test case TC193.sh
TC194.sh on line 13012 has count: 1
Buggy line 13012 is covered by test case TC194.sh
TC195.sh on line 13012 has count: 1
Buggy line 13012 is covered by test case TC195.sh
TC196.sh on line 13012 has count: 1
Buggy line 13012 is covered by test case TC196.sh
TC198.sh on line 13012 has count: 1
Buggy line 13012 is covered by test case TC198.sh
TC204.sh on line 13012 has count: 1
Buggy line 13012 is covered by test case TC204.sh
TC205.sh on line 13012 has count: 2
Buggy line 13012 is covered by test case TC205.sh
TC206.sh on line 13012 has count: 2
Buggy line 13012 is covered by test case TC206.sh
TC219.sh on line 13012 has count: 4
Buggy line 13012 is covered by test case TC219.sh
TC253.sh on line 13012 has count: 1
Buggy line 13012 is covered by test case TC253.sh
TC254.sh on line 13012 has count: 1
Buggy line 13012 is covered by test case TC254.sh
TC263.sh on line 13012 has count: 2
Buggy line 13012 is covered by test case TC263.sh
TC268.sh on line 13012 has count: 2
Buggy line 13012 is covered by test case TC268.sh
TC271.sh on line 13012 has count: 2
Buggy line 13012 is covered by test case TC271.sh
TC308.sh on line 13012 has count: 2
Buggy line 13012 is covered by test case TC308.sh
TC320.sh on line 13012 has count: 2
Buggy line 13012 is covered by test case TC320.sh
TC321.sh on line 13012 has count: 2
Buggy line 13012 is covered by test case TC321.sh
TC322.sh on line 13012 has count: 2
Buggy line 13012 is covered by test case TC322.sh
TC323.sh on line 13012 has count: 2
Buggy line 13012 is covered by test case TC323.sh
TC325.sh on line 13012 has count: 2
Buggy line 13012 is covered by test case TC325.sh
TC331.sh on line 13012 has count: 2
Buggy line 13012 is covered by test case TC331.sh
TC332.sh on line 13012 has count: 4
Buggy line 13012 is covered by test case TC332.sh
TC333.sh on line 13012 has count: 4
Buggy line 13012 is covered by test case TC333.sh
TC334.sh on line 13012 has count: 16
Buggy line 13012 is covered by test case TC334.sh
TC346.sh on line 13012 has count: 8
Buggy line 13012 is covered by test case TC346.sh
TC380.sh on line 13012 has count: 2
Buggy line 13012 is covered by test case TC380.sh
TC381.sh on line 13012 has count: 2
Buggy line 13012 is covered by test case TC381.sh
TC398.sh on line 13012 has count: 9
Buggy line 13012 is covered by test case TC398.sh
TC435.sh on line 13012 has count: 9
Buggy line 13012 is covered by test case TC435.sh
TC472.sh on line 13012 has count: 9
Buggy line 13012 is covered by test case TC472.sh
TC511.sh on line 13012 has count: 9
Buggy line 13012 is covered by test case TC511.sh
TC552.sh on line 13012 has count: 1
Buggy line 13012 is covered by test case TC552.sh
TC557.sh on line 13012 has count: 1
Buggy line 13012 is covered by test case TC557.sh
TC560.sh on line 13012 has count: 1
Buggy line 13012 is covered by test case TC560.sh
TC597.sh on line 13012 has count: 1
Buggy line 13012 is covered by test case TC597.sh
TC609.sh on line 13012 has count: 1
Buggy line 13012 is covered by test case TC609.sh
TC610.sh on line 13012 has count: 1
Buggy line 13012 is covered by test case TC610.sh
TC611.sh on line 13012 has count: 1
Buggy line 13012 is covered by test case TC611.sh
TC612.sh on line 13012 has count: 1
Buggy line 13012 is covered by test case TC612.sh
TC614.sh on line 13012 has count: 1
Buggy line 13012 is covered by test case TC614.sh
TC620.sh on line 13012 has count: 1
Buggy line 13012 is covered by test case TC620.sh
TC621.sh on line 13012 has count: 2
Buggy line 13012 is covered by test case TC621.sh
TC622.sh on line 13012 has count: 2
Buggy line 13012 is covered by test case TC622.sh
TC635.sh on line 13012 has count: 4
Buggy line 13012 is covered by test case TC635.sh
TC669.sh on line 13012 has count: 1
Buggy line 13012 is covered by test case TC669.sh
TC670.sh on line 13012 has count: 1
Buggy line 13012 is covered by test case TC670.sh
TC679.sh on line 13012 has count: 1
Buggy line 13012 is covered by test case TC679.sh
TC684.sh on line 13012 has count: 1
Buggy line 13012 is covered by test case TC684.sh
TC687.sh on line 13012 has count: 1
Buggy line 13012 is covered by test case TC687.sh
TC724.sh on line 13012 has count: 1
Buggy line 13012 is covered by test case TC724.sh
TC736.sh on line 13012 has count: 1
Buggy line 13012 is covered by test case TC736.sh
TC737.sh on line 13012 has count: 1
Buggy line 13012 is covered by test case TC737.sh
TC738.sh on line 13012 has count: 1
Buggy line 13012 is covered by test case TC738.sh
TC739.sh on line 13012 has count: 1
Buggy line 13012 is covered by test case TC739.sh
TC741.sh on line 13012 has count: 1
Buggy line 13012 is covered by test case TC741.sh
TC747.sh on line 13012 has count: 1
Buggy line 13012 is covered by test case TC747.sh
TC748.sh on line 13012 has count: 2
Buggy line 13012 is covered by test case TC748.sh
TC749.sh on line 13012 has count: 2
Buggy line 13012 is covered by test case TC749.sh
TC750.sh on line 13012 has count: 8
Buggy line 13012 is covered by test case TC750.sh
TC762.sh on line 13012 has count: 4
Buggy line 13012 is covered by test case TC762.sh
TC796.sh on line 13012 has count: 1
Buggy line 13012 is covered by test case TC796.sh
TC797.sh on line 13012 has count: 1
Buggy line 13012 is covered by test case TC797.sh
TC806.sh on line 13012 has count: 1
Buggy line 13012 is covered by test case TC806.sh
TC811.sh on line 13012 has count: 1
Buggy line 13012 is covered by test case TC811.sh
TC814.sh on line 13012 has count: 1
Buggy line 13012 is covered by test case TC814.sh
TC851.sh on line 13012 has count: 1
Buggy line 13012 is covered by test case TC851.sh
TC863.sh on line 13012 has count: 1
Buggy line 13012 is covered by test case TC863.sh
TC864.sh on line 13012 has count: 1
Buggy line 13012 is covered by test case TC864.sh
TC865.sh on line 13012 has count: 1
Buggy line 13012 is covered by test case TC865.sh
TC866.sh on line 13012 has count: 1
Buggy line 13012 is covered by test case TC866.sh
TC868.sh on line 13012 has count: 1
Buggy line 13012 is covered by test case TC868.sh
TC874.sh on line 13012 has count: 1
Buggy line 13012 is covered by test case TC874.sh
TC875.sh on line 13012 has count: 2
Buggy line 13012 is covered by test case TC875.sh
TC876.sh on line 13012 has count: 2
Buggy line 13012 is covered by test case TC876.sh
TC889.sh on line 13012 has count: 4
Buggy line 13012 is covered by test case TC889.sh
TC923.sh on line 13012 has count: 1
Buggy line 13012 is covered by test case TC923.sh
TC924.sh on line 13012 has count: 1
Buggy line 13012 is covered by test case TC924.sh
TC933.sh on line 13012 has count: 1
Buggy line 13012 is covered by test case TC933.sh
TC938.sh on line 13012 has count: 1
Buggy line 13012 is covered by test case TC938.sh
TC941.sh on line 13012 has count: 1
Buggy line 13012 is covered by test case TC941.sh
TC978.sh on line 13012 has count: 1
Buggy line 13012 is covered by test case TC978.sh
TC990.sh on line 13012 has count: 1
Buggy line 13012 is covered by test case TC990.sh
TC991.sh on line 13012 has count: 1
Buggy line 13012 is covered by test case TC991.sh
TC992.sh on line 13012 has count: 1
Buggy line 13012 is covered by test case TC992.sh
TC993.sh on line 13012 has count: 1
Buggy line 13012 is covered by test case TC993.sh
TC995.sh on line 13012 has count: 1
Buggy line 13012 is covered by test case TC995.sh
TC1001.sh on line 13012 has count: 1
Buggy line 13012 is covered by test case TC1001.sh
TC1002.sh on line 13012 has count: 2
Buggy line 13012 is covered by test case TC1002.sh
TC1003.sh on line 13012 has count: 2
Buggy line 13012 is covered by test case TC1003.sh
TC1016.sh on line 13012 has count: 4
Buggy line 13012 is covered by test case TC1016.sh
TC1050.sh on line 13012 has count: 1
Buggy line 13012 is covered by test case TC1050.sh
TC1051.sh on line 13012 has count: 1
Buggy line 13012 is covered by test case TC1051.sh
TC1060.sh on line 13012 has count: 2
Buggy line 13012 is covered by test case TC1060.sh
TC1065.sh on line 13012 has count: 2
Buggy line 13012 is covered by test case TC1065.sh
TC1068.sh on line 13012 has count: 2
Buggy line 13012 is covered by test case TC1068.sh
TC1105.sh on line 13012 has count: 2
Buggy line 13012 is covered by test case TC1105.sh
TC1117.sh on line 13012 has count: 2
Buggy line 13012 is covered by test case TC1117.sh
TC1118.sh on line 13012 has count: 2
Buggy line 13012 is covered by test case TC1118.sh
TC1119.sh on line 13012 has count: 2
Buggy line 13012 is covered by test case TC1119.sh
TC1120.sh on line 13012 has count: 2
Buggy line 13012 is covered by test case TC1120.sh
TC1122.sh on line 13012 has count: 2
Buggy line 13012 is covered by test case TC1122.sh
TC1128.sh on line 13012 has count: 1
Buggy line 13012 is covered by test case TC1128.sh
TC1129.sh on line 13012 has count: 4
Buggy line 13012 is covered by test case TC1129.sh
TC1130.sh on line 13012 has count: 4
Buggy line 13012 is covered by test case TC1130.sh
TC1131.sh on line 13012 has count: 16
Buggy line 13012 is covered by test case TC1131.sh
TC1143.sh on line 13012 has count: 8
Buggy line 13012 is covered by test case TC1143.sh
TC1177.sh on line 13012 has count: 2
Buggy line 13012 is covered by test case TC1177.sh
TC1178.sh on line 13012 has count: 1
Buggy line 13012 is covered by test case TC1178.sh
TC1187.sh on line 13012 has count: 2
Buggy line 13012 is covered by test case TC1187.sh
TC1192.sh on line 13012 has count: 2
Buggy line 13012 is covered by test case TC1192.sh
TC1195.sh on line 13012 has count: 2
Buggy line 13012 is covered by test case TC1195.sh
TC1232.sh on line 13012 has count: 2
Buggy line 13012 is covered by test case TC1232.sh
TC1244.sh on line 13012 has count: 2
Buggy line 13012 is covered by test case TC1244.sh
TC1245.sh on line 13012 has count: 2
Buggy line 13012 is covered by test case TC1245.sh
TC1246.sh on line 13012 has count: 2
Buggy line 13012 is covered by test case TC1246.sh
TC1247.sh on line 13012 has count: 2
Buggy line 13012 is covered by test case TC1247.sh
TC1249.sh on line 13012 has count: 2
Buggy line 13012 is covered by test case TC1249.sh
TC1255.sh on line 13012 has count: 1
Buggy line 13012 is covered by test case TC1255.sh
TC1256.sh on line 13012 has count: 4
Buggy line 13012 is covered by test case TC1256.sh
TC1257.sh on line 13012 has count: 4
Buggy line 13012 is covered by test case TC1257.sh
TC1258.sh on line 13012 has count: 16
Buggy line 13012 is covered by test case TC1258.sh
TC1270.sh on line 13012 has count: 8
Buggy line 13012 is covered by test case TC1270.sh
TC1304.sh on line 13012 has count: 2
Buggy line 13012 is covered by test case TC1304.sh
TC1305.sh on line 13012 has count: 1
Buggy line 13012 is covered by test case TC1305.sh
TC1314.sh on line 13012 has count: 2
Buggy line 13012 is covered by test case TC1314.sh
TC1319.sh on line 13012 has count: 2
Buggy line 13012 is covered by test case TC1319.sh
TC1322.sh on line 13012 has count: 2
Buggy line 13012 is covered by test case TC1322.sh
TC1359.sh on line 13012 has count: 2
Buggy line 13012 is covered by test case TC1359.sh
TC1371.sh on line 13012 has count: 2
Buggy line 13012 is covered by test case TC1371.sh
TC1372.sh on line 13012 has count: 2
Buggy line 13012 is covered by test case TC1372.sh
TC1373.sh on line 13012 has count: 2
Buggy line 13012 is covered by test case TC1373.sh
TC1374.sh on line 13012 has count: 2
Buggy line 13012 is covered by test case TC1374.sh
TC1376.sh on line 13012 has count: 2
Buggy line 13012 is covered by test case TC1376.sh
TC1382.sh on line 13012 has count: 1
Buggy line 13012 is covered by test case TC1382.sh
TC1383.sh on line 13012 has count: 4
Buggy line 13012 is covered by test case TC1383.sh
TC1384.sh on line 13012 has count: 4
Buggy line 13012 is covered by test case TC1384.sh
TC1385.sh on line 13012 has count: 16
Buggy line 13012 is covered by test case TC1385.sh
TC1397.sh on line 13012 has count: 8
Buggy line 13012 is covered by test case TC1397.sh
TC1431.sh on line 13012 has count: 2
Buggy line 13012 is covered by test case TC1431.sh
TC1432.sh on line 13012 has count: 1
Buggy line 13012 is covered by test case TC1432.sh
TC1441.sh on line 13012 has count: 1
Buggy line 13012 is covered by test case TC1441.sh
TC1446.sh on line 13012 has count: 1
Buggy line 13012 is covered by test case TC1446.sh
TC1449.sh on line 13012 has count: 1
Buggy line 13012 is covered by test case TC1449.sh
TC1486.sh on line 13012 has count: 1
Buggy line 13012 is covered by test case TC1486.sh
TC1498.sh on line 13012 has count: 1
Buggy line 13012 is covered by test case TC1498.sh
TC1499.sh on line 13012 has count: 1
Buggy line 13012 is covered by test case TC1499.sh
TC1500.sh on line 13012 has count: 1
Buggy line 13012 is covered by test case TC1500.sh
TC1501.sh on line 13012 has count: 1
Buggy line 13012 is covered by test case TC1501.sh
TC1503.sh on line 13012 has count: 1
Buggy line 13012 is covered by test case TC1503.sh
TC1509.sh on line 13012 has count: 1
Buggy line 13012 is covered by test case TC1509.sh
TC1510.sh on line 13012 has count: 2
Buggy line 13012 is covered by test case TC1510.sh
TC1511.sh on line 13012 has count: 2
Buggy line 13012 is covered by test case TC1511.sh
TC1524.sh on line 13012 has count: 4
Buggy line 13012 is covered by test case TC1524.sh
TC1558.sh on line 13012 has count: 1
Buggy line 13012 is covered by test case TC1558.sh
TC1559.sh on line 13012 has count: 1
Buggy line 13012 is covered by test case TC1559.sh
TC1568.sh on line 13012 has count: 1
Buggy line 13012 is covered by test case TC1568.sh
TC1573.sh on line 13012 has count: 1
Buggy line 13012 is covered by test case TC1573.sh
TC1576.sh on line 13012 has count: 1
Buggy line 13012 is covered by test case TC1576.sh
TC1613.sh on line 13012 has count: 1
Buggy line 13012 is covered by test case TC1613.sh
TC1625.sh on line 13012 has count: 1
Buggy line 13012 is covered by test case TC1625.sh
TC1626.sh on line 13012 has count: 1
Buggy line 13012 is covered by test case TC1626.sh
TC1627.sh on line 13012 has count: 1
Buggy line 13012 is covered by test case TC1627.sh
TC1628.sh on line 13012 has count: 1
Buggy line 13012 is covered by test case TC1628.sh
TC1630.sh on line 13012 has count: 1
Buggy line 13012 is covered by test case TC1630.sh
TC1636.sh on line 13012 has count: 1
Buggy line 13012 is covered by test case TC1636.sh
TC1637.sh on line 13012 has count: 2
Buggy line 13012 is covered by test case TC1637.sh
TC1638.sh on line 13012 has count: 2
Buggy line 13012 is covered by test case TC1638.sh
TC1651.sh on line 13012 has count: 4
Buggy line 13012 is covered by test case TC1651.sh
TC1685.sh on line 13012 has count: 1
Buggy line 13012 is covered by test case TC1685.sh
TC1686.sh on line 13012 has count: 1
Buggy line 13012 is covered by test case TC1686.sh
TC1913.sh on line 13012 has count: 2
Buggy line 13012 is covered by test case TC1913.sh
TC1946.sh on line 13012 has count: 1
Buggy line 13012 is covered by test case TC1946.sh
TC1950.sh on line 13012 has count: 363
Buggy line 13012 is covered by test case TC1950.sh
TC1957.sh on line 13012 has count: 1
Buggy line 13012 is covered by test case TC1957.sh
TC1965.sh on line 13012 has count: 1
Buggy line 13012 is covered by test case TC1965.sh
TC1966.sh on line 13012 has count: 1
Buggy line 13012 is covered by test case TC1966.sh
TC1967.sh on line 13012 has count: 1
Buggy line 13012 is covered by test case TC1967.sh
TC1970.sh on line 13012 has count: 1
Buggy line 13012 is covered by test case TC1970.sh
TC1971.sh on line 13012 has count: 1
Buggy line 13012 is covered by test case TC1971.sh
TC1972.sh on line 13012 has count: 1
Buggy line 13012 is covered by test case TC1972.sh
TC1973.sh on line 13012 has count: 1
Buggy line 13012 is covered by test case TC1973.sh
TC2002.sh on line 13012 has count: 1
Buggy line 13012 is covered by test case TC2002.sh
TC2006.sh on line 13012 has count: 363
Buggy line 13012 is covered by test case TC2006.sh
TC2013.sh on line 13012 has count: 1
Buggy line 13012 is covered by test case TC2013.sh
TC2021.sh on line 13012 has count: 1
Buggy line 13012 is covered by test case TC2021.sh
TC2022.sh on line 13012 has count: 1
Buggy line 13012 is covered by test case TC2022.sh
TC2023.sh on line 13012 has count: 1
Buggy line 13012 is covered by test case TC2023.sh
TC2026.sh on line 13012 has count: 1
Buggy line 13012 is covered by test case TC2026.sh
TC2028.sh on line 13012 has count: 1
Buggy line 13012 is covered by test case TC2028.sh
TC2030.sh on line 13012 has count: 1
Buggy line 13012 is covered by test case TC2030.sh
TC2032.sh on line 13012 has count: 1
Buggy line 13012 is covered by test case TC2032.sh
TC2037.sh on line 13012 has count: 2
Buggy line 13012 is covered by test case TC2037.sh
TC2313.sh on line 13012 has count: 36
Buggy line 13012 is covered by test case TC2313.sh
TC2343.sh on line 13012 has count: 363
Buggy line 13012 is covered by test case TC2343.sh
TC2415.sh on line 13012 has count: 36
Buggy line 13012 is covered by test case TC2415.sh
TC2445.sh on line 13012 has count: 363
Buggy line 13012 is covered by test case TC2445.sh
TC2505.sh on line 13012 has count: 1
Buggy line 13012 is covered by test case TC2505.sh
TC2512.sh on line 13012 has count: 1
Buggy line 13012 is covered by test case TC2512.sh
TC2553.sh on line 13012 has count: 1
Buggy line 13012 is covered by test case TC2553.sh
>> Saving version parser.MUT15522.c to database
>> Reverted parser.c to original from parser.MUT15522.c

+++++ STDERR +++++

+++++ results for uri.MUT808.c +++++
+++++ STDOUT +++++
Testing version uri.MUT808.c on faster37.swtv::core3
>> Building libxml2_TF_top30
>> Applied patch to uri.c with uri.MUT808.c
>> Building libxml2_TF_top30
TC2150.sh on line 882 has count: 21
Buggy line 882 is covered by test case TC2150.sh
TC2151.sh on line 882 has count: 18
Buggy line 882 is covered by test case TC2151.sh
>> Saving version uri.MUT808.c to database
>> Reverted uri.c to original from uri.MUT808.c

+++++ STDERR +++++

+++++ results for parser.MUT10661.c +++++
+++++ STDOUT +++++
Testing version parser.MUT10661.c on faster37.swtv::core3
>> Building libxml2_TF_top30
>> Applied patch to parser.c with parser.MUT10661.c
>> Building libxml2_TF_top30
TC1273.sh on line 9379 has count: 1
Buggy line 9379 is covered by test case TC1273.sh
TC1400.sh on line 9379 has count: 1
Buggy line 9379 is covered by test case TC1400.sh
>> Saving version parser.MUT10661.c to database
>> Reverted parser.c to original from parser.MUT10661.c

+++++ STDERR +++++

+++++ results for parser.MUT8176.c +++++
+++++ STDOUT +++++
Testing version parser.MUT8176.c on faster37.swtv::core3
>> Building libxml2_TF_top30
>> Applied patch to parser.c with parser.MUT8176.c
>> Building libxml2_TF_top30
TC126.sh on line 7056 has count: 1
Buggy line 7056 is covered by test case TC126.sh
TC129.sh on line 7056 has count: 7
Buggy line 7056 is covered by test case TC129.sh
TC130.sh on line 7056 has count: 4
Buggy line 7056 is covered by test case TC130.sh
TC134.sh on line 7056 has count: 1
Buggy line 7056 is covered by test case TC134.sh
TC136.sh on line 7056 has count: 4
Buggy line 7056 is covered by test case TC136.sh
TC138.sh on line 7056 has count: 2
Buggy line 7056 is covered by test case TC138.sh
TC141.sh on line 7056 has count: 2
Buggy line 7056 is covered by test case TC141.sh
TC144.sh on line 7056 has count: 3
Buggy line 7056 is covered by test case TC144.sh
TC155.sh on line 7056 has count: 1
Buggy line 7056 is covered by test case TC155.sh
TC174.sh on line 7056 has count: 2
Buggy line 7056 is covered by test case TC174.sh
TC175.sh on line 7056 has count: 2
Buggy line 7056 is covered by test case TC175.sh
TC179.sh on line 7056 has count: 5
Buggy line 7056 is covered by test case TC179.sh
TC180.sh on line 7056 has count: 2
Buggy line 7056 is covered by test case TC180.sh
TC181.sh on line 7056 has count: 2
Buggy line 7056 is covered by test case TC181.sh
TC182.sh on line 7056 has count: 1
Buggy line 7056 is covered by test case TC182.sh
TC183.sh on line 7056 has count: 1
Buggy line 7056 is covered by test case TC183.sh
TC184.sh on line 7056 has count: 1
Buggy line 7056 is covered by test case TC184.sh
TC185.sh on line 7056 has count: 1
Buggy line 7056 is covered by test case TC185.sh
TC186.sh on line 7056 has count: 3
Buggy line 7056 is covered by test case TC186.sh
TC187.sh on line 7056 has count: 3
Buggy line 7056 is covered by test case TC187.sh
TC188.sh on line 7056 has count: 3
Buggy line 7056 is covered by test case TC188.sh
TC189.sh on line 7056 has count: 5
Buggy line 7056 is covered by test case TC189.sh
TC190.sh on line 7056 has count: 5
Buggy line 7056 is covered by test case TC190.sh
TC193.sh on line 7056 has count: 1
Buggy line 7056 is covered by test case TC193.sh
TC194.sh on line 7056 has count: 4
Buggy line 7056 is covered by test case TC194.sh
TC195.sh on line 7056 has count: 1
Buggy line 7056 is covered by test case TC195.sh
TC196.sh on line 7056 has count: 2
Buggy line 7056 is covered by test case TC196.sh
TC197.sh on line 7056 has count: 1
Buggy line 7056 is covered by test case TC197.sh
TC198.sh on line 7056 has count: 3
Buggy line 7056 is covered by test case TC198.sh
TC199.sh on line 7056 has count: 1
Buggy line 7056 is covered by test case TC199.sh
TC200.sh on line 7056 has count: 1
Buggy line 7056 is covered by test case TC200.sh
TC202.sh on line 7056 has count: 5
Buggy line 7056 is covered by test case TC202.sh
TC203.sh on line 7056 has count: 5
Buggy line 7056 is covered by test case TC203.sh
TC205.sh on line 7056 has count: 2
Buggy line 7056 is covered by test case TC205.sh
TC206.sh on line 7056 has count: 1
Buggy line 7056 is covered by test case TC206.sh
TC207.sh on line 7056 has count: 2
Buggy line 7056 is covered by test case TC207.sh
TC208.sh on line 7056 has count: 1
Buggy line 7056 is covered by test case TC208.sh
TC210.sh on line 7056 has count: 2
Buggy line 7056 is covered by test case TC210.sh
TC211.sh on line 7056 has count: 68
Buggy line 7056 is covered by test case TC211.sh
TC215.sh on line 7056 has count: 6
Buggy line 7056 is covered by test case TC215.sh
TC216.sh on line 7056 has count: 2
Buggy line 7056 is covered by test case TC216.sh
TC219.sh on line 7056 has count: 2
Buggy line 7056 is covered by test case TC219.sh
TC253.sh on line 7056 has count: 1
Buggy line 7056 is covered by test case TC253.sh
TC268.sh on line 7056 has count: 2
Buggy line 7056 is covered by test case TC268.sh
TC271.sh on line 7056 has count: 3
Buggy line 7056 is covered by test case TC271.sh
TC301.sh on line 7056 has count: 2
Buggy line 7056 is covered by test case TC301.sh
TC302.sh on line 7056 has count: 2
Buggy line 7056 is covered by test case TC302.sh
TC306.sh on line 7056 has count: 5
Buggy line 7056 is covered by test case TC306.sh
TC307.sh on line 7056 has count: 2
Buggy line 7056 is covered by test case TC307.sh
TC308.sh on line 7056 has count: 2
Buggy line 7056 is covered by test case TC308.sh
TC309.sh on line 7056 has count: 1
Buggy line 7056 is covered by test case TC309.sh
TC310.sh on line 7056 has count: 1
Buggy line 7056 is covered by test case TC310.sh
TC311.sh on line 7056 has count: 1
Buggy line 7056 is covered by test case TC311.sh
TC312.sh on line 7056 has count: 1
Buggy line 7056 is covered by test case TC312.sh
TC313.sh on line 7056 has count: 3
Buggy line 7056 is covered by test case TC313.sh
TC314.sh on line 7056 has count: 3
Buggy line 7056 is covered by test case TC314.sh
TC315.sh on line 7056 has count: 3
Buggy line 7056 is covered by test case TC315.sh
TC316.sh on line 7056 has count: 5
Buggy line 7056 is covered by test case TC316.sh
TC317.sh on line 7056 has count: 5
Buggy line 7056 is covered by test case TC317.sh
TC320.sh on line 7056 has count: 1
Buggy line 7056 is covered by test case TC320.sh
TC321.sh on line 7056 has count: 4
Buggy line 7056 is covered by test case TC321.sh
TC322.sh on line 7056 has count: 1
Buggy line 7056 is covered by test case TC322.sh
TC323.sh on line 7056 has count: 2
Buggy line 7056 is covered by test case TC323.sh
TC324.sh on line 7056 has count: 1
Buggy line 7056 is covered by test case TC324.sh
TC325.sh on line 7056 has count: 3
Buggy line 7056 is covered by test case TC325.sh
TC326.sh on line 7056 has count: 1
Buggy line 7056 is covered by test case TC326.sh
TC327.sh on line 7056 has count: 1
Buggy line 7056 is covered by test case TC327.sh
TC329.sh on line 7056 has count: 5
Buggy line 7056 is covered by test case TC329.sh
TC330.sh on line 7056 has count: 5
Buggy line 7056 is covered by test case TC330.sh
TC332.sh on line 7056 has count: 2
Buggy line 7056 is covered by test case TC332.sh
TC333.sh on line 7056 has count: 1
Buggy line 7056 is covered by test case TC333.sh
TC334.sh on line 7056 has count: 2
Buggy line 7056 is covered by test case TC334.sh
TC335.sh on line 7056 has count: 1
Buggy line 7056 is covered by test case TC335.sh
TC337.sh on line 7056 has count: 2
Buggy line 7056 is covered by test case TC337.sh
TC338.sh on line 7056 has count: 68
Buggy line 7056 is covered by test case TC338.sh
TC342.sh on line 7056 has count: 6
Buggy line 7056 is covered by test case TC342.sh
TC343.sh on line 7056 has count: 2
Buggy line 7056 is covered by test case TC343.sh
TC346.sh on line 7056 has count: 2
Buggy line 7056 is covered by test case TC346.sh
TC380.sh on line 7056 has count: 1
Buggy line 7056 is covered by test case TC380.sh
TC404.sh on line 7056 has count: 3
Buggy line 7056 is covered by test case TC404.sh
TC410.sh on line 7056 has count: 1
Buggy line 7056 is covered by test case TC410.sh
TC413.sh on line 7056 has count: 1
Buggy line 7056 is covered by test case TC413.sh
TC414.sh on line 7056 has count: 1
Buggy line 7056 is covered by test case TC414.sh
TC422.sh on line 7056 has count: 3
Buggy line 7056 is covered by test case TC422.sh
TC423.sh on line 7056 has count: 3
Buggy line 7056 is covered by test case TC423.sh
TC424.sh on line 7056 has count: 1
Buggy line 7056 is covered by test case TC424.sh
TC468.sh on line 7056 has count: 1
Buggy line 7056 is covered by test case TC468.sh
TC472.sh on line 7056 has count: 28
Buggy line 7056 is covered by test case TC472.sh
TC474.sh on line 7056 has count: 4
Buggy line 7056 is covered by test case TC474.sh
TC475.sh on line 7056 has count: 1
Buggy line 7056 is covered by test case TC475.sh
TC478.sh on line 7056 has count: 3
Buggy line 7056 is covered by test case TC478.sh
TC484.sh on line 7056 has count: 1
Buggy line 7056 is covered by test case TC484.sh
TC487.sh on line 7056 has count: 1
Buggy line 7056 is covered by test case TC487.sh
TC488.sh on line 7056 has count: 1
Buggy line 7056 is covered by test case TC488.sh
TC496.sh on line 7056 has count: 3
Buggy line 7056 is covered by test case TC496.sh
TC497.sh on line 7056 has count: 3
Buggy line 7056 is covered by test case TC497.sh
TC498.sh on line 7056 has count: 1
Buggy line 7056 is covered by test case TC498.sh
TC535.sh on line 7056 has count: 0
Buggy line 7056 is NOT covered by test case TC535.sh
>> Reverted parser.c to original from parser.MUT8176.c
>> Cleaning build for libxml2_TF_top30

+++++ STDERR +++++
