
+++++ results for parser.MUT6509.c +++++
+++++ STDOUT +++++
Testing version parser.MUT6509.c on faster39.swtv::core4
>> Configuring libxml2_TF_top30 with coverage
>> Building libxml2_TF_top30
>> Applied patch to parser.c with parser.MUT6509.c
>> Building libxml2_TF_top30
TC71.sh on line 5681 has count: 4
Buggy line 5681 is covered by test case TC71.sh
TC198.sh on line 5681 has count: 2
Buggy line 5681 is covered by test case TC198.sh
TC325.sh on line 5681 has count: 4
Buggy line 5681 is covered by test case TC325.sh
TC414.sh on line 5681 has count: 1
Buggy line 5681 is covered by test case TC414.sh
TC424.sh on line 5681 has count: 1
Buggy line 5681 is covered by test case TC424.sh
TC451.sh on line 5681 has count: 1
Buggy line 5681 is covered by test case TC451.sh
TC461.sh on line 5681 has count: 1
Buggy line 5681 is covered by test case TC461.sh
TC488.sh on line 5681 has count: 1
Buggy line 5681 is covered by test case TC488.sh
TC498.sh on line 5681 has count: 1
Buggy line 5681 is covered by test case TC498.sh
TC527.sh on line 5681 has count: 1
Buggy line 5681 is covered by test case TC527.sh
TC537.sh on line 5681 has count: 1
Buggy line 5681 is covered by test case TC537.sh
TC614.sh on line 5681 has count: 2
Buggy line 5681 is covered by test case TC614.sh
TC741.sh on line 5681 has count: 2
Buggy line 5681 is covered by test case TC741.sh
TC868.sh on line 5681 has count: 2
Buggy line 5681 is covered by test case TC868.sh
TC995.sh on line 5681 has count: 2
Buggy line 5681 is covered by test case TC995.sh
TC1122.sh on line 5681 has count: 4
Buggy line 5681 is covered by test case TC1122.sh
TC1249.sh on line 5681 has count: 4
Buggy line 5681 is covered by test case TC1249.sh
TC1376.sh on line 5681 has count: 4
Buggy line 5681 is covered by test case TC1376.sh
TC1503.sh on line 5681 has count: 2
Buggy line 5681 is covered by test case TC1503.sh
TC1630.sh on line 5681 has count: 2
Buggy line 5681 is covered by test case TC1630.sh
TC1947.sh on line 5681 has count: 1
Buggy line 5681 is covered by test case TC1947.sh
TC1951.sh on line 5681 has count: 2
Buggy line 5681 is covered by test case TC1951.sh
TC1958.sh on line 5681 has count: 1
Buggy line 5681 is covered by test case TC1958.sh
TC2003.sh on line 5681 has count: 1
Buggy line 5681 is covered by test case TC2003.sh
TC2007.sh on line 5681 has count: 2
Buggy line 5681 is covered by test case TC2007.sh
TC2014.sh on line 5681 has count: 1
Buggy line 5681 is covered by test case TC2014.sh
TC2313.sh on line 5681 has count: 2
Buggy line 5681 is covered by test case TC2313.sh
TC2415.sh on line 5681 has count: 2
Buggy line 5681 is covered by test case TC2415.sh
TC2505.sh on line 5681 has count: 2
Buggy line 5681 is covered by test case TC2505.sh
TC2512.sh on line 5681 has count: 2
Buggy line 5681 is covered by test case TC2512.sh
TC2553.sh on line 5681 has count: 2
Buggy line 5681 is covered by test case TC2553.sh
>> Saving version parser.MUT6509.c to database
>> Reverted parser.c to original from parser.MUT6509.c

+++++ STDERR +++++

+++++ results for xmlregexp.MUT7011.c +++++
+++++ STDOUT +++++
Testing version xmlregexp.MUT7011.c on faster39.swtv::core4
>> Building libxml2_TF_top30
>> Applied patch to xmlregexp.c with xmlregexp.MUT7011.c
>> Building libxml2_TF_top30
TC2625.sh on line 5244 has count: 104
Buggy line 5244 is covered by test case TC2625.sh
TC2626.sh on line 5244 has count: 3
Buggy line 5244 is covered by test case TC2626.sh
TC2627.sh on line 5244 has count: 3
Buggy line 5244 is covered by test case TC2627.sh
TC2630.sh on line 5244 has count: 6
Buggy line 5244 is covered by test case TC2630.sh
TC2256.sh on line 5244 has count: 11
Buggy line 5244 is covered by test case TC2256.sh
TC2425.sh on line 5244 has count: 9
Buggy line 5244 is covered by test case TC2425.sh
TC2426.sh on line 5244 has count: 4
Buggy line 5244 is covered by test case TC2426.sh
TC2624.sh on line 5244 has count: 2
Buggy line 5244 is covered by test case TC2624.sh
TC2631.sh on line 5244 has count: 3
Buggy line 5244 is covered by test case TC2631.sh
TC2632.sh on line 5244 has count: 4
Buggy line 5244 is covered by test case TC2632.sh
TC2634.sh on line 5244 has count: 2
Buggy line 5244 is covered by test case TC2634.sh
TC2636.sh on line 5244 has count: 1
Buggy line 5244 is covered by test case TC2636.sh
TC2637.sh on line 5244 has count: 3
Buggy line 5244 is covered by test case TC2637.sh
TC2638.sh on line 5244 has count: 58
Buggy line 5244 is covered by test case TC2638.sh
>> Saving version xmlregexp.MUT7011.c to database
>> Reverted xmlregexp.c to original from xmlregexp.MUT7011.c

+++++ STDERR +++++

+++++ results for pattern.MUT359.c +++++
+++++ STDOUT +++++
Testing version pattern.MUT359.c on faster39.swtv::core4
>> Building libxml2_TF_top30
>> Applied patch to pattern.c with pattern.MUT359.c
>> Building libxml2_TF_top30
TC2497.sh on line 525 has count: 62
Buggy line 525 is covered by test case TC2497.sh
TC2498.sh on line 525 has count: 168
Buggy line 525 is covered by test case TC2498.sh
TC2499.sh on line 525 has count: 53
Buggy line 525 is covered by test case TC2499.sh
TC2500.sh on line 525 has count: 28
Buggy line 525 is covered by test case TC2500.sh
>> Saving version pattern.MUT359.c to database
>> Reverted pattern.c to original from pattern.MUT359.c

+++++ STDERR +++++

+++++ results for relaxng.MUT14549.c +++++
+++++ STDOUT +++++
Testing version relaxng.MUT14549.c on faster39.swtv::core4
>> Building libxml2_TF_top30
>> Applied patch to relaxng.c with relaxng.MUT14549.c
>> Building libxml2_TF_top30
TC2309.sh on line 10431 has count: 79
Buggy line 10431 is covered by test case TC2309.sh
TC2411.sh on line 10431 has count: 79
Buggy line 10431 is covered by test case TC2411.sh
>> Saving version relaxng.MUT14549.c to database
>> Reverted relaxng.c to original from relaxng.MUT14549.c

+++++ STDERR +++++

+++++ results for parser.MUT10128.c +++++
+++++ STDOUT +++++
Testing version parser.MUT10128.c on faster39.swtv::core4
>> Building libxml2_TF_top30
>> Applied patch to parser.c with parser.MUT10128.c
>> Building libxml2_TF_top30
TC398.sh on line 8947 has count: 116
Buggy line 8947 is covered by test case TC398.sh
TC417.sh on line 8947 has count: 1
Buggy line 8947 is covered by test case TC417.sh
TC418.sh on line 8947 has count: 6
Buggy line 8947 is covered by test case TC418.sh
TC421.sh on line 8947 has count: 1
Buggy line 8947 is covered by test case TC421.sh
TC429.sh on line 8947 has count: 4
Buggy line 8947 is covered by test case TC429.sh
TC430.sh on line 8947 has count: 4
Buggy line 8947 is covered by test case TC430.sh
TC435.sh on line 8947 has count: 116
Buggy line 8947 is covered by test case TC435.sh
TC454.sh on line 8947 has count: 1
Buggy line 8947 is covered by test case TC454.sh
TC455.sh on line 8947 has count: 6
Buggy line 8947 is covered by test case TC455.sh
TC458.sh on line 8947 has count: 1
Buggy line 8947 is covered by test case TC458.sh
TC466.sh on line 8947 has count: 4
Buggy line 8947 is covered by test case TC466.sh
TC467.sh on line 8947 has count: 4
Buggy line 8947 is covered by test case TC467.sh
TC472.sh on line 8947 has count: 116
Buggy line 8947 is covered by test case TC472.sh
TC491.sh on line 8947 has count: 1
Buggy line 8947 is covered by test case TC491.sh
TC492.sh on line 8947 has count: 6
Buggy line 8947 is covered by test case TC492.sh
TC495.sh on line 8947 has count: 1
Buggy line 8947 is covered by test case TC495.sh
TC503.sh on line 8947 has count: 4
Buggy line 8947 is covered by test case TC503.sh
TC504.sh on line 8947 has count: 4
Buggy line 8947 is covered by test case TC504.sh
TC511.sh on line 8947 has count: 84
Buggy line 8947 is covered by test case TC511.sh
TC530.sh on line 8947 has count: 1
Buggy line 8947 is covered by test case TC530.sh
TC531.sh on line 8947 has count: 4
Buggy line 8947 is covered by test case TC531.sh
TC534.sh on line 8947 has count: 1
Buggy line 8947 is covered by test case TC534.sh
TC542.sh on line 8947 has count: 3
Buggy line 8947 is covered by test case TC542.sh
TC543.sh on line 8947 has count: 3
Buggy line 8947 is covered by test case TC543.sh
TC1941.sh on line 8947 has count: 2
Buggy line 8947 is covered by test case TC1941.sh
TC1942.sh on line 8947 has count: 2
Buggy line 8947 is covered by test case TC1942.sh
TC1997.sh on line 8947 has count: 2
Buggy line 8947 is covered by test case TC1997.sh
TC1998.sh on line 8947 has count: 2
Buggy line 8947 is covered by test case TC1998.sh
TC2027.sh on line 8947 has count: 2
Buggy line 8947 is covered by test case TC2027.sh
TC2029.sh on line 8947 has count: 2
Buggy line 8947 is covered by test case TC2029.sh
TC2031.sh on line 8947 has count: 2
Buggy line 8947 is covered by test case TC2031.sh
>> Saving version parser.MUT10128.c to database
>> Reverted parser.c to original from parser.MUT10128.c

+++++ STDERR +++++

+++++ results for c14n.MUT617.c +++++
+++++ STDOUT +++++
Testing version c14n.MUT617.c on faster39.swtv::core4
>> Building libxml2_TF_top30
>> Applied patch to c14n.c with c14n.MUT617.c
>> Building libxml2_TF_top30
TC2546.sh on line 782 has count: 1
Buggy line 782 is covered by test case TC2546.sh
TC2547.sh on line 782 has count: 1
Buggy line 782 is covered by test case TC2547.sh
>> Saving version c14n.MUT617.c to database
>> Reverted c14n.c to original from c14n.MUT617.c

+++++ STDERR +++++

+++++ results for xmlregexp.MUT5387.c +++++
+++++ STDOUT +++++
Testing version xmlregexp.MUT5387.c on faster39.swtv::core4
>> Building libxml2_TF_top30
>> Applied patch to xmlregexp.c with xmlregexp.MUT5387.c
>> Building libxml2_TF_top30
TC2153.sh on line 3911 has count: 14
Buggy line 3911 is covered by test case TC2153.sh
TC2154.sh on line 3911 has count: 14
Buggy line 3911 is covered by test case TC2154.sh
TC2159.sh on line 3911 has count: 34
Buggy line 3911 is covered by test case TC2159.sh
TC2160.sh on line 3911 has count: 34
Buggy line 3911 is covered by test case TC2160.sh
TC2161.sh on line 3911 has count: 26
Buggy line 3911 is covered by test case TC2161.sh
TC2162.sh on line 3911 has count: 26
Buggy line 3911 is covered by test case TC2162.sh
TC2168.sh on line 3911 has count: 46
Buggy line 3911 is covered by test case TC2168.sh
TC2169.sh on line 3911 has count: 46
Buggy line 3911 is covered by test case TC2169.sh
TC2191.sh on line 3911 has count: 4
Buggy line 3911 is covered by test case TC2191.sh
TC2194.sh on line 3911 has count: 74
Buggy line 3911 is covered by test case TC2194.sh
TC2204.sh on line 3911 has count: 14
Buggy line 3911 is covered by test case TC2204.sh
TC2248.sh on line 3911 has count: 8
Buggy line 3911 is covered by test case TC2248.sh
TC2249.sh on line 3911 has count: 8
Buggy line 3911 is covered by test case TC2249.sh
>> Saving version xmlregexp.MUT5387.c to database
>> Reverted xmlregexp.c to original from xmlregexp.MUT5387.c

+++++ STDERR +++++

+++++ results for xmlregexp.MUT3523.c +++++
+++++ STDOUT +++++
Testing version xmlregexp.MUT3523.c on faster39.swtv::core4
>> Building libxml2_TF_top30
>> Applied patch to xmlregexp.c with xmlregexp.MUT3523.c
>> Building libxml2_TF_top30
TC2256.sh on line 2777 has count: 968
Buggy line 2777 is covered by test case TC2256.sh
>> Saving version xmlregexp.MUT3523.c to database
>> Reverted xmlregexp.c to original from xmlregexp.MUT3523.c
>> Cleaning build for libxml2_TF_top30

+++++ STDERR +++++
