
+++++ results for parser.MUT13721.c +++++
+++++ STDOUT +++++
Testing version parser.MUT13721.c on faster25.swtv::core4
>> Configuring libxml2_TF_top30 with coverage
>> Building libxml2_TF_top30
>> Applied patch to parser.c with parser.MUT13721.c
>> Building libxml2_TF_top30
TC511.sh on line 11721 has count: 1
Buggy line 11721 is covered by test case TC511.sh
TC530.sh on line 11721 has count: 1
Buggy line 11721 is covered by test case TC530.sh
TC531.sh on line 11721 has count: 1
Buggy line 11721 is covered by test case TC531.sh
TC534.sh on line 11721 has count: 1
Buggy line 11721 is covered by test case TC534.sh
TC542.sh on line 11721 has count: 1
Buggy line 11721 is covered by test case TC542.sh
TC543.sh on line 11721 has count: 1
Buggy line 11721 is covered by test case TC543.sh
TC1997.sh on line 11721 has count: 1
Buggy line 11721 is covered by test case TC1997.sh
TC1998.sh on line 11721 has count: 1
Buggy line 11721 is covered by test case TC1998.sh
>> Saving version parser.MUT13721.c to database
>> Reverted parser.c to original from parser.MUT13721.c

+++++ STDERR +++++

+++++ results for xmlregexp.MUT2015.c +++++
+++++ STDOUT +++++
Testing version xmlregexp.MUT2015.c on faster25.swtv::core4
>> Building libxml2_TF_top30
>> Applied patch to xmlregexp.c with xmlregexp.MUT2015.c
>> Building libxml2_TF_top30
Buggy line 1855 is NOT covered by test case TC1950.sh
>> Reverted xmlregexp.c to original from xmlregexp.MUT2015.c

+++++ STDERR +++++

+++++ results for relaxng.MUT11388.c +++++
+++++ STDOUT +++++
Testing version relaxng.MUT11388.c on faster25.swtv::core4
>> Building libxml2_TF_top30
>> Applied patch to relaxng.c with relaxng.MUT11388.c
>> Building libxml2_TF_top30
TC2426.sh on line 8499 has count: 1
Buggy line 8499 is covered by test case TC2426.sh
TC2478.sh on line 8499 has count: 8
Buggy line 8499 is covered by test case TC2478.sh
TC2479.sh on line 8499 has count: 6
Buggy line 8499 is covered by test case TC2479.sh
TC2480.sh on line 8499 has count: 20
Buggy line 8499 is covered by test case TC2480.sh
>> Saving version relaxng.MUT11388.c to database
>> Reverted relaxng.c to original from relaxng.MUT11388.c

+++++ STDERR +++++

+++++ results for relaxng.MUT7654.c +++++
+++++ STDOUT +++++
Testing version relaxng.MUT7654.c on faster25.swtv::core4
>> Building libxml2_TF_top30
>> Applied patch to relaxng.c with relaxng.MUT7654.c
>> Building libxml2_TF_top30
TC2491.sh on line 5955 has count: 3
Buggy line 5955 is covered by test case TC2491.sh
TC2492.sh on line 5955 has count: 3
Buggy line 5955 is covered by test case TC2492.sh
>> Saving version relaxng.MUT7654.c to database
>> Reverted relaxng.c to original from relaxng.MUT7654.c

+++++ STDERR +++++

+++++ results for relaxng.MUT11158.c +++++
+++++ STDOUT +++++
Testing version relaxng.MUT11158.c on faster25.swtv::core4
>> Building libxml2_TF_top30
>> Applied patch to relaxng.c with relaxng.MUT11158.c
>> Building libxml2_TF_top30
TC2445.sh on line 8309 has count: 3
Buggy line 8309 is covered by test case TC2445.sh
>> Saving version relaxng.MUT11158.c to database
>> Reverted relaxng.c to original from relaxng.MUT11158.c

+++++ STDERR +++++

+++++ results for uri.MUT507.c +++++
+++++ STDOUT +++++
Testing version uri.MUT507.c on faster25.swtv::core4
>> Building libxml2_TF_top30
>> Applied patch to uri.c with uri.MUT507.c
>> Building libxml2_TF_top30
TC414.sh on line 640 has count: 2
Buggy line 640 is covered by test case TC414.sh
TC451.sh on line 640 has count: 2
Buggy line 640 is covered by test case TC451.sh
TC488.sh on line 640 has count: 2
Buggy line 640 is covered by test case TC488.sh
TC527.sh on line 640 has count: 2
Buggy line 640 is covered by test case TC527.sh
TC2149.sh on line 640 has count: 2
Buggy line 640 is covered by test case TC2149.sh
TC2150.sh on line 640 has count: 3
Buggy line 640 is covered by test case TC2150.sh
TC2561.sh on line 640 has count: 1
Buggy line 640 is covered by test case TC2561.sh
TC2562.sh on line 640 has count: 1
Buggy line 640 is covered by test case TC2562.sh
TC2563.sh on line 640 has count: 1
Buggy line 640 is covered by test case TC2563.sh
TC2564.sh on line 640 has count: 1
Buggy line 640 is covered by test case TC2564.sh
>> Saving version uri.MUT507.c to database
>> Reverted uri.c to original from uri.MUT507.c

+++++ STDERR +++++

+++++ results for parser.MUT4217.c +++++
+++++ STDOUT +++++
Testing version parser.MUT4217.c on faster25.swtv::core4
>> Building libxml2_TF_top30
>> Applied patch to parser.c with parser.MUT4217.c
>> Building libxml2_TF_top30
TC1380.sh on line 3933 has count: 249
Buggy line 3933 is covered by test case TC1380.sh
TC1381.sh on line 3933 has count: 293
Buggy line 3933 is covered by test case TC1381.sh
TC1382.sh on line 3933 has count: 313
Buggy line 3933 is covered by test case TC1382.sh
TC2.sh on line 3933 has count: 697
Buggy line 3933 is covered by test case TC2.sh
TC3.sh on line 3933 has count: 331
Buggy line 3933 is covered by test case TC3.sh
TC9.sh on line 3933 has count: 87
Buggy line 3933 is covered by test case TC9.sh
TC14.sh on line 3933 has count: 8065
Buggy line 3933 is covered by test case TC14.sh
TC17.sh on line 3933 has count: 313
Buggy line 3933 is covered by test case TC17.sh
TC54.sh on line 3933 has count: 139
Buggy line 3933 is covered by test case TC54.sh
TC66.sh on line 3933 has count: 117
Buggy line 3933 is covered by test case TC66.sh
TC67.sh on line 3933 has count: 271
Buggy line 3933 is covered by test case TC67.sh
TC68.sh on line 3933 has count: 53
Buggy line 3933 is covered by test case TC68.sh
TC69.sh on line 3933 has count: 169
Buggy line 3933 is covered by test case TC69.sh
TC70.sh on line 3933 has count: 69
Buggy line 3933 is covered by test case TC70.sh
TC71.sh on line 3933 has count: 461
Buggy line 3933 is covered by test case TC71.sh
TC72.sh on line 3933 has count: 225
Buggy line 3933 is covered by test case TC72.sh
TC73.sh on line 3933 has count: 179
Buggy line 3933 is covered by test case TC73.sh
TC75.sh on line 3933 has count: 249
Buggy line 3933 is covered by test case TC75.sh
TC76.sh on line 3933 has count: 293
Buggy line 3933 is covered by test case TC76.sh
TC77.sh on line 3933 has count: 313
Buggy line 3933 is covered by test case TC77.sh
TC78.sh on line 3933 has count: 303
Buggy line 3933 is covered by test case TC78.sh
TC79.sh on line 3933 has count: 6513
Buggy line 3933 is covered by test case TC79.sh
TC80.sh on line 3933 has count: 445
Buggy line 3933 is covered by test case TC80.sh
TC81.sh on line 3933 has count: 57
Buggy line 3933 is covered by test case TC81.sh
TC92.sh on line 3933 has count: 363
Buggy line 3933 is covered by test case TC92.sh
TC126.sh on line 3933 has count: 281
Buggy line 3933 is covered by test case TC126.sh
TC127.sh on line 3933 has count: 237
Buggy line 3933 is covered by test case TC127.sh
TC129.sh on line 3933 has count: 697
Buggy line 3933 is covered by test case TC129.sh
TC130.sh on line 3933 has count: 331
Buggy line 3933 is covered by test case TC130.sh
TC136.sh on line 3933 has count: 87
Buggy line 3933 is covered by test case TC136.sh
TC141.sh on line 3933 has count: 8065
Buggy line 3933 is covered by test case TC141.sh
TC144.sh on line 3933 has count: 313
Buggy line 3933 is covered by test case TC144.sh
TC181.sh on line 3933 has count: 139
Buggy line 3933 is covered by test case TC181.sh
TC193.sh on line 3933 has count: 117
Buggy line 3933 is covered by test case TC193.sh
TC194.sh on line 3933 has count: 271
Buggy line 3933 is covered by test case TC194.sh
TC195.sh on line 3933 has count: 53
Buggy line 3933 is covered by test case TC195.sh
TC196.sh on line 3933 has count: 169
Buggy line 3933 is covered by test case TC196.sh
TC197.sh on line 3933 has count: 69
Buggy line 3933 is covered by test case TC197.sh
TC198.sh on line 3933 has count: 461
Buggy line 3933 is covered by test case TC198.sh
TC199.sh on line 3933 has count: 225
Buggy line 3933 is covered by test case TC199.sh
TC200.sh on line 3933 has count: 179
Buggy line 3933 is covered by test case TC200.sh
TC202.sh on line 3933 has count: 249
Buggy line 3933 is covered by test case TC202.sh
TC203.sh on line 3933 has count: 293
Buggy line 3933 is covered by test case TC203.sh
TC204.sh on line 3933 has count: 313
Buggy line 3933 is covered by test case TC204.sh
TC205.sh on line 3933 has count: 303
Buggy line 3933 is covered by test case TC205.sh
TC206.sh on line 3933 has count: 6513
Buggy line 3933 is covered by test case TC206.sh
TC207.sh on line 3933 has count: 445
Buggy line 3933 is covered by test case TC207.sh
TC208.sh on line 3933 has count: 57
Buggy line 3933 is covered by test case TC208.sh
TC219.sh on line 3933 has count: 363
Buggy line 3933 is covered by test case TC219.sh
TC253.sh on line 3933 has count: 281
Buggy line 3933 is covered by test case TC253.sh
TC254.sh on line 3933 has count: 237
Buggy line 3933 is covered by test case TC254.sh
TC256.sh on line 3933 has count: 697
Buggy line 3933 is covered by test case TC256.sh
TC257.sh on line 3933 has count: 331
Buggy line 3933 is covered by test case TC257.sh
TC263.sh on line 3933 has count: 87
Buggy line 3933 is covered by test case TC263.sh
TC268.sh on line 3933 has count: 8065
Buggy line 3933 is covered by test case TC268.sh
TC271.sh on line 3933 has count: 313
Buggy line 3933 is covered by test case TC271.sh
TC308.sh on line 3933 has count: 139
Buggy line 3933 is covered by test case TC308.sh
TC320.sh on line 3933 has count: 117
Buggy line 3933 is covered by test case TC320.sh
TC321.sh on line 3933 has count: 271
Buggy line 3933 is covered by test case TC321.sh
TC322.sh on line 3933 has count: 53
Buggy line 3933 is covered by test case TC322.sh
TC323.sh on line 3933 has count: 169
Buggy line 3933 is covered by test case TC323.sh
TC324.sh on line 3933 has count: 69
Buggy line 3933 is covered by test case TC324.sh
TC325.sh on line 3933 has count: 461
Buggy line 3933 is covered by test case TC325.sh
TC326.sh on line 3933 has count: 225
Buggy line 3933 is covered by test case TC326.sh
TC327.sh on line 3933 has count: 179
Buggy line 3933 is covered by test case TC327.sh
TC329.sh on line 3933 has count: 249
Buggy line 3933 is covered by test case TC329.sh
TC330.sh on line 3933 has count: 293
Buggy line 3933 is covered by test case TC330.sh
TC331.sh on line 3933 has count: 313
Buggy line 3933 is covered by test case TC331.sh
TC332.sh on line 3933 has count: 303
Buggy line 3933 is covered by test case TC332.sh
TC333.sh on line 3933 has count: 6513
Buggy line 3933 is covered by test case TC333.sh
TC334.sh on line 3933 has count: 445
Buggy line 3933 is covered by test case TC334.sh
TC335.sh on line 3933 has count: 57
Buggy line 3933 is covered by test case TC335.sh
TC346.sh on line 3933 has count: 363
Buggy line 3933 is covered by test case TC346.sh
TC380.sh on line 3933 has count: 281
Buggy line 3933 is covered by test case TC380.sh
TC381.sh on line 3933 has count: 237
Buggy line 3933 is covered by test case TC381.sh
TC394.sh on line 3933 has count: 81
Buggy line 3933 is covered by test case TC394.sh
TC398.sh on line 3933 has count: 27385
Buggy line 3933 is covered by test case TC398.sh
TC399.sh on line 3933 has count: 309
Buggy line 3933 is covered by test case TC399.sh
TC400.sh on line 3933 has count: 115
Buggy line 3933 is covered by test case TC400.sh
TC401.sh on line 3933 has count: 513
Buggy line 3933 is covered by test case TC401.sh
TC413.sh on line 3933 has count: 23
Buggy line 3933 is covered by test case TC413.sh
TC423.sh on line 3933 has count: 143
Buggy line 3933 is covered by test case TC423.sh
TC431.sh on line 3933 has count: 81
Buggy line 3933 is covered by test case TC431.sh
TC435.sh on line 3933 has count: 27385
Buggy line 3933 is covered by test case TC435.sh
TC436.sh on line 3933 has count: 309
Buggy line 3933 is covered by test case TC436.sh
TC437.sh on line 3933 has count: 115
Buggy line 3933 is covered by test case TC437.sh
TC438.sh on line 3933 has count: 513
Buggy line 3933 is covered by test case TC438.sh
TC450.sh on line 3933 has count: 23
Buggy line 3933 is covered by test case TC450.sh
TC460.sh on line 3933 has count: 143
Buggy line 3933 is covered by test case TC460.sh
TC468.sh on line 3933 has count: 81
Buggy line 3933 is covered by test case TC468.sh
TC472.sh on line 3933 has count: 27385
Buggy line 3933 is covered by test case TC472.sh
TC473.sh on line 3933 has count: 309
Buggy line 3933 is covered by test case TC473.sh
TC474.sh on line 3933 has count: 115
Buggy line 3933 is covered by test case TC474.sh
TC475.sh on line 3933 has count: 513
Buggy line 3933 is covered by test case TC475.sh
TC487.sh on line 3933 has count: 23
Buggy line 3933 is covered by test case TC487.sh
TC497.sh on line 3933 has count: 143
Buggy line 3933 is covered by test case TC497.sh
TC505.sh on line 3933 has count: 27
Buggy line 3933 is covered by test case TC505.sh
TC506.sh on line 3933 has count: 63
Buggy line 3933 is covered by test case TC506.sh
TC507.sh on line 3933 has count: 81
Buggy line 3933 is covered by test case TC507.sh
TC511.sh on line 3933 has count: 2337
Buggy line 3933 is covered by test case TC511.sh
TC512.sh on line 3933 has count: 309
Buggy line 3933 is covered by test case TC512.sh
TC513.sh on line 3933 has count: 115
Buggy line 3933 is covered by test case TC513.sh
TC514.sh on line 3933 has count: 513
Buggy line 3933 is covered by test case TC514.sh
TC526.sh on line 3933 has count: 23
Buggy line 3933 is covered by test case TC526.sh
TC536.sh on line 3933 has count: 143
Buggy line 3933 is covered by test case TC536.sh
TC545.sh on line 3933 has count: 697
Buggy line 3933 is covered by test case TC545.sh
TC546.sh on line 3933 has count: 331
Buggy line 3933 is covered by test case TC546.sh
TC552.sh on line 3933 has count: 87
Buggy line 3933 is covered by test case TC552.sh
TC557.sh on line 3933 has count: 8065
Buggy line 3933 is covered by test case TC557.sh
TC560.sh on line 3933 has count: 313
Buggy line 3933 is covered by test case TC560.sh
TC597.sh on line 3933 has count: 139
Buggy line 3933 is covered by test case TC597.sh
TC609.sh on line 3933 has count: 117
Buggy line 3933 is covered by test case TC609.sh
TC610.sh on line 3933 has count: 271
Buggy line 3933 is covered by test case TC610.sh
TC611.sh on line 3933 has count: 53
Buggy line 3933 is covered by test case TC611.sh
TC612.sh on line 3933 has count: 169
Buggy line 3933 is covered by test case TC612.sh
TC613.sh on line 3933 has count: 69
Buggy line 3933 is covered by test case TC613.sh
TC614.sh on line 3933 has count: 461
Buggy line 3933 is covered by test case TC614.sh
TC615.sh on line 3933 has count: 225
Buggy line 3933 is covered by test case TC615.sh
TC616.sh on line 3933 has count: 179
Buggy line 3933 is covered by test case TC616.sh
TC618.sh on line 3933 has count: 249
Buggy line 3933 is covered by test case TC618.sh
TC619.sh on line 3933 has count: 293
Buggy line 3933 is covered by test case TC619.sh
TC620.sh on line 3933 has count: 313
Buggy line 3933 is covered by test case TC620.sh
TC621.sh on line 3933 has count: 303
Buggy line 3933 is covered by test case TC621.sh
TC622.sh on line 3933 has count: 947
Buggy line 3933 is covered by test case TC622.sh
TC623.sh on line 3933 has count: 445
Buggy line 3933 is covered by test case TC623.sh
TC624.sh on line 3933 has count: 57
Buggy line 3933 is covered by test case TC624.sh
TC635.sh on line 3933 has count: 363
Buggy line 3933 is covered by test case TC635.sh
TC669.sh on line 3933 has count: 281
Buggy line 3933 is covered by test case TC669.sh
TC670.sh on line 3933 has count: 237
Buggy line 3933 is covered by test case TC670.sh
TC672.sh on line 3933 has count: 697
Buggy line 3933 is covered by test case TC672.sh
TC673.sh on line 3933 has count: 331
Buggy line 3933 is covered by test case TC673.sh
TC679.sh on line 3933 has count: 87
Buggy line 3933 is covered by test case TC679.sh
TC684.sh on line 3933 has count: 8065
Buggy line 3933 is covered by test case TC684.sh
TC687.sh on line 3933 has count: 313
Buggy line 3933 is covered by test case TC687.sh
TC724.sh on line 3933 has count: 139
Buggy line 3933 is covered by test case TC724.sh
TC736.sh on line 3933 has count: 117
Buggy line 3933 is covered by test case TC736.sh
TC737.sh on line 3933 has count: 271
Buggy line 3933 is covered by test case TC737.sh
TC738.sh on line 3933 has count: 53
Buggy line 3933 is covered by test case TC738.sh
TC739.sh on line 3933 has count: 169
Buggy line 3933 is covered by test case TC739.sh
TC740.sh on line 3933 has count: 69
Buggy line 3933 is covered by test case TC740.sh
TC741.sh on line 3933 has count: 461
Buggy line 3933 is covered by test case TC741.sh
TC742.sh on line 3933 has count: 225
Buggy line 3933 is covered by test case TC742.sh
TC743.sh on line 3933 has count: 179
Buggy line 3933 is covered by test case TC743.sh
TC745.sh on line 3933 has count: 249
Buggy line 3933 is covered by test case TC745.sh
TC746.sh on line 3933 has count: 293
Buggy line 3933 is covered by test case TC746.sh
TC747.sh on line 3933 has count: 313
Buggy line 3933 is covered by test case TC747.sh
TC748.sh on line 3933 has count: 303
Buggy line 3933 is covered by test case TC748.sh
TC749.sh on line 3933 has count: 947
Buggy line 3933 is covered by test case TC749.sh
TC750.sh on line 3933 has count: 445
Buggy line 3933 is covered by test case TC750.sh
TC751.sh on line 3933 has count: 57
Buggy line 3933 is covered by test case TC751.sh
TC762.sh on line 3933 has count: 363
Buggy line 3933 is covered by test case TC762.sh
TC796.sh on line 3933 has count: 281
Buggy line 3933 is covered by test case TC796.sh
TC797.sh on line 3933 has count: 237
Buggy line 3933 is covered by test case TC797.sh
TC799.sh on line 3933 has count: 697
Buggy line 3933 is covered by test case TC799.sh
TC800.sh on line 3933 has count: 331
Buggy line 3933 is covered by test case TC800.sh
TC806.sh on line 3933 has count: 87
Buggy line 3933 is covered by test case TC806.sh
TC811.sh on line 3933 has count: 8065
Buggy line 3933 is covered by test case TC811.sh
TC814.sh on line 3933 has count: 313
Buggy line 3933 is covered by test case TC814.sh
TC851.sh on line 3933 has count: 139
Buggy line 3933 is covered by test case TC851.sh
TC863.sh on line 3933 has count: 117
Buggy line 3933 is covered by test case TC863.sh
TC864.sh on line 3933 has count: 271
Buggy line 3933 is covered by test case TC864.sh
TC865.sh on line 3933 has count: 53
Buggy line 3933 is covered by test case TC865.sh
TC866.sh on line 3933 has count: 169
Buggy line 3933 is covered by test case TC866.sh
TC867.sh on line 3933 has count: 69
Buggy line 3933 is covered by test case TC867.sh
TC868.sh on line 3933 has count: 461
Buggy line 3933 is covered by test case TC868.sh
TC869.sh on line 3933 has count: 225
Buggy line 3933 is covered by test case TC869.sh
TC870.sh on line 3933 has count: 179
Buggy line 3933 is covered by test case TC870.sh
TC872.sh on line 3933 has count: 249
Buggy line 3933 is covered by test case TC872.sh
TC873.sh on line 3933 has count: 293
Buggy line 3933 is covered by test case TC873.sh
TC874.sh on line 3933 has count: 313
Buggy line 3933 is covered by test case TC874.sh
TC875.sh on line 3933 has count: 303
Buggy line 3933 is covered by test case TC875.sh
TC876.sh on line 3933 has count: 947
Buggy line 3933 is covered by test case TC876.sh
TC877.sh on line 3933 has count: 445
Buggy line 3933 is covered by test case TC877.sh
TC878.sh on line 3933 has count: 57
Buggy line 3933 is covered by test case TC878.sh
TC889.sh on line 3933 has count: 363
Buggy line 3933 is covered by test case TC889.sh
TC923.sh on line 3933 has count: 281
Buggy line 3933 is covered by test case TC923.sh
TC924.sh on line 3933 has count: 237
Buggy line 3933 is covered by test case TC924.sh
TC926.sh on line 3933 has count: 697
Buggy line 3933 is covered by test case TC926.sh
TC927.sh on line 3933 has count: 331
Buggy line 3933 is covered by test case TC927.sh
TC933.sh on line 3933 has count: 87
Buggy line 3933 is covered by test case TC933.sh
TC938.sh on line 3933 has count: 8065
Buggy line 3933 is covered by test case TC938.sh
TC941.sh on line 3933 has count: 313
Buggy line 3933 is covered by test case TC941.sh
TC978.sh on line 3933 has count: 139
Buggy line 3933 is covered by test case TC978.sh
TC990.sh on line 3933 has count: 117
Buggy line 3933 is covered by test case TC990.sh
TC991.sh on line 3933 has count: 271
Buggy line 3933 is covered by test case TC991.sh
TC992.sh on line 3933 has count: 53
Buggy line 3933 is covered by test case TC992.sh
TC993.sh on line 3933 has count: 169
Buggy line 3933 is covered by test case TC993.sh
TC994.sh on line 3933 has count: 69
Buggy line 3933 is covered by test case TC994.sh
TC995.sh on line 3933 has count: 461
Buggy line 3933 is covered by test case TC995.sh
TC996.sh on line 3933 has count: 225
Buggy line 3933 is covered by test case TC996.sh
TC997.sh on line 3933 has count: 179
Buggy line 3933 is covered by test case TC997.sh
TC999.sh on line 3933 has count: 249
Buggy line 3933 is covered by test case TC999.sh
TC1000.sh on line 3933 has count: 293
Buggy line 3933 is covered by test case TC1000.sh
TC1001.sh on line 3933 has count: 313
Buggy line 3933 is covered by test case TC1001.sh
TC1002.sh on line 3933 has count: 303
Buggy line 3933 is covered by test case TC1002.sh
TC1003.sh on line 3933 has count: 6513
Buggy line 3933 is covered by test case TC1003.sh
TC1004.sh on line 3933 has count: 445
Buggy line 3933 is covered by test case TC1004.sh
TC1005.sh on line 3933 has count: 57
Buggy line 3933 is covered by test case TC1005.sh
TC1016.sh on line 3933 has count: 363
Buggy line 3933 is covered by test case TC1016.sh
TC1050.sh on line 3933 has count: 281
Buggy line 3933 is covered by test case TC1050.sh
TC1051.sh on line 3933 has count: 237
Buggy line 3933 is covered by test case TC1051.sh
TC1053.sh on line 3933 has count: 697
Buggy line 3933 is covered by test case TC1053.sh
TC1054.sh on line 3933 has count: 331
Buggy line 3933 is covered by test case TC1054.sh
TC1060.sh on line 3933 has count: 87
Buggy line 3933 is covered by test case TC1060.sh
TC1065.sh on line 3933 has count: 8065
Buggy line 3933 is covered by test case TC1065.sh
TC1068.sh on line 3933 has count: 313
Buggy line 3933 is covered by test case TC1068.sh
TC1105.sh on line 3933 has count: 139
Buggy line 3933 is covered by test case TC1105.sh
TC1117.sh on line 3933 has count: 117
Buggy line 3933 is covered by test case TC1117.sh
TC1118.sh on line 3933 has count: 271
Buggy line 3933 is covered by test case TC1118.sh
TC1119.sh on line 3933 has count: 53
Buggy line 3933 is covered by test case TC1119.sh
TC1120.sh on line 3933 has count: 169
Buggy line 3933 is covered by test case TC1120.sh
TC1121.sh on line 3933 has count: 69
Buggy line 3933 is covered by test case TC1121.sh
TC1122.sh on line 3933 has count: 461
Buggy line 3933 is covered by test case TC1122.sh
TC1123.sh on line 3933 has count: 225
Buggy line 3933 is covered by test case TC1123.sh
TC1124.sh on line 3933 has count: 179
Buggy line 3933 is covered by test case TC1124.sh
TC1126.sh on line 3933 has count: 249
Buggy line 3933 is covered by test case TC1126.sh
TC1127.sh on line 3933 has count: 293
Buggy line 3933 is covered by test case TC1127.sh
TC1128.sh on line 3933 has count: 313
Buggy line 3933 is covered by test case TC1128.sh
TC1129.sh on line 3933 has count: 303
Buggy line 3933 is covered by test case TC1129.sh
TC1130.sh on line 3933 has count: 6513
Buggy line 3933 is covered by test case TC1130.sh
TC1131.sh on line 3933 has count: 445
Buggy line 3933 is covered by test case TC1131.sh
TC1132.sh on line 3933 has count: 57
Buggy line 3933 is covered by test case TC1132.sh
TC1143.sh on line 3933 has count: 363
Buggy line 3933 is covered by test case TC1143.sh
TC1177.sh on line 3933 has count: 281
Buggy line 3933 is covered by test case TC1177.sh
TC1178.sh on line 3933 has count: 237
Buggy line 3933 is covered by test case TC1178.sh
TC1180.sh on line 3933 has count: 697
Buggy line 3933 is covered by test case TC1180.sh
TC1181.sh on line 3933 has count: 331
Buggy line 3933 is covered by test case TC1181.sh
TC1187.sh on line 3933 has count: 87
Buggy line 3933 is covered by test case TC1187.sh
TC1192.sh on line 3933 has count: 8065
Buggy line 3933 is covered by test case TC1192.sh
TC1195.sh on line 3933 has count: 313
Buggy line 3933 is covered by test case TC1195.sh
TC1232.sh on line 3933 has count: 139
Buggy line 3933 is covered by test case TC1232.sh
TC1244.sh on line 3933 has count: 117
Buggy line 3933 is covered by test case TC1244.sh
TC1245.sh on line 3933 has count: 271
Buggy line 3933 is covered by test case TC1245.sh
TC1246.sh on line 3933 has count: 53
Buggy line 3933 is covered by test case TC1246.sh
TC1247.sh on line 3933 has count: 169
Buggy line 3933 is covered by test case TC1247.sh
TC1248.sh on line 3933 has count: 69
Buggy line 3933 is covered by test case TC1248.sh
TC1249.sh on line 3933 has count: 461
Buggy line 3933 is covered by test case TC1249.sh
TC1250.sh on line 3933 has count: 225
Buggy line 3933 is covered by test case TC1250.sh
TC1251.sh on line 3933 has count: 179
Buggy line 3933 is covered by test case TC1251.sh
TC1253.sh on line 3933 has count: 249
Buggy line 3933 is covered by test case TC1253.sh
TC1254.sh on line 3933 has count: 293
Buggy line 3933 is covered by test case TC1254.sh
TC1255.sh on line 3933 has count: 313
Buggy line 3933 is covered by test case TC1255.sh
TC1256.sh on line 3933 has count: 303
Buggy line 3933 is covered by test case TC1256.sh
TC1257.sh on line 3933 has count: 6513
Buggy line 3933 is covered by test case TC1257.sh
TC1258.sh on line 3933 has count: 445
Buggy line 3933 is covered by test case TC1258.sh
TC1259.sh on line 3933 has count: 57
Buggy line 3933 is covered by test case TC1259.sh
TC1270.sh on line 3933 has count: 363
Buggy line 3933 is covered by test case TC1270.sh
TC1304.sh on line 3933 has count: 281
Buggy line 3933 is covered by test case TC1304.sh
TC1305.sh on line 3933 has count: 237
Buggy line 3933 is covered by test case TC1305.sh
TC1307.sh on line 3933 has count: 697
Buggy line 3933 is covered by test case TC1307.sh
TC1308.sh on line 3933 has count: 331
Buggy line 3933 is covered by test case TC1308.sh
TC1314.sh on line 3933 has count: 87
Buggy line 3933 is covered by test case TC1314.sh
TC1319.sh on line 3933 has count: 8065
Buggy line 3933 is covered by test case TC1319.sh
TC1322.sh on line 3933 has count: 313
Buggy line 3933 is covered by test case TC1322.sh
TC1359.sh on line 3933 has count: 139
Buggy line 3933 is covered by test case TC1359.sh
TC1371.sh on line 3933 has count: 117
Buggy line 3933 is covered by test case TC1371.sh
TC1372.sh on line 3933 has count: 271
Buggy line 3933 is covered by test case TC1372.sh
TC1373.sh on line 3933 has count: 53
Buggy line 3933 is covered by test case TC1373.sh
TC1374.sh on line 3933 has count: 169
Buggy line 3933 is covered by test case TC1374.sh
TC1375.sh on line 3933 has count: 69
Buggy line 3933 is covered by test case TC1375.sh
TC1376.sh on line 3933 has count: 461
Buggy line 3933 is covered by test case TC1376.sh
TC1377.sh on line 3933 has count: 225
Buggy line 3933 is covered by test case TC1377.sh
TC1378.sh on line 3933 has count: 179
Buggy line 3933 is covered by test case TC1378.sh
TC1383.sh on line 3933 has count: 303
Buggy line 3933 is covered by test case TC1383.sh
TC1384.sh on line 3933 has count: 6513
Buggy line 3933 is covered by test case TC1384.sh
TC1385.sh on line 3933 has count: 445
Buggy line 3933 is covered by test case TC1385.sh
TC1386.sh on line 3933 has count: 57
Buggy line 3933 is covered by test case TC1386.sh
TC1397.sh on line 3933 has count: 363
Buggy line 3933 is covered by test case TC1397.sh
TC1431.sh on line 3933 has count: 281
Buggy line 3933 is covered by test case TC1431.sh
TC1432.sh on line 3933 has count: 237
Buggy line 3933 is covered by test case TC1432.sh
TC1434.sh on line 3933 has count: 697
Buggy line 3933 is covered by test case TC1434.sh
TC1435.sh on line 3933 has count: 331
Buggy line 3933 is covered by test case TC1435.sh
TC1441.sh on line 3933 has count: 87
Buggy line 3933 is covered by test case TC1441.sh
TC1446.sh on line 3933 has count: 8065
Buggy line 3933 is covered by test case TC1446.sh
TC1449.sh on line 3933 has count: 313
Buggy line 3933 is covered by test case TC1449.sh
TC1486.sh on line 3933 has count: 139
Buggy line 3933 is covered by test case TC1486.sh
TC1498.sh on line 3933 has count: 117
Buggy line 3933 is covered by test case TC1498.sh
TC1499.sh on line 3933 has count: 271
Buggy line 3933 is covered by test case TC1499.sh
TC1500.sh on line 3933 has count: 53
Buggy line 3933 is covered by test case TC1500.sh
TC1501.sh on line 3933 has count: 169
Buggy line 3933 is covered by test case TC1501.sh
TC1502.sh on line 3933 has count: 69
Buggy line 3933 is covered by test case TC1502.sh
TC1503.sh on line 3933 has count: 461
Buggy line 3933 is covered by test case TC1503.sh
TC1504.sh on line 3933 has count: 225
Buggy line 3933 is covered by test case TC1504.sh
TC1505.sh on line 3933 has count: 179
Buggy line 3933 is covered by test case TC1505.sh
TC1507.sh on line 3933 has count: 249
Buggy line 3933 is covered by test case TC1507.sh
TC1508.sh on line 3933 has count: 293
Buggy line 3933 is covered by test case TC1508.sh
TC1509.sh on line 3933 has count: 313
Buggy line 3933 is covered by test case TC1509.sh
TC1510.sh on line 3933 has count: 303
Buggy line 3933 is covered by test case TC1510.sh
TC1511.sh on line 3933 has count: 1955
Buggy line 3933 is covered by test case TC1511.sh
TC1512.sh on line 3933 has count: 445
Buggy line 3933 is covered by test case TC1512.sh
TC1513.sh on line 3933 has count: 57
Buggy line 3933 is covered by test case TC1513.sh
TC1524.sh on line 3933 has count: 363
Buggy line 3933 is covered by test case TC1524.sh
TC1558.sh on line 3933 has count: 281
Buggy line 3933 is covered by test case TC1558.sh
TC1559.sh on line 3933 has count: 237
Buggy line 3933 is covered by test case TC1559.sh
TC1561.sh on line 3933 has count: 107
Buggy line 3933 is covered by test case TC1561.sh
TC1562.sh on line 3933 has count: 109
Buggy line 3933 is covered by test case TC1562.sh
TC1568.sh on line 3933 has count: 23
Buggy line 3933 is covered by test case TC1568.sh
TC1573.sh on line 3933 has count: 8019
Buggy line 3933 is covered by test case TC1573.sh
TC1576.sh on line 3933 has count: 93
Buggy line 3933 is covered by test case TC1576.sh
TC1613.sh on line 3933 has count: 93
Buggy line 3933 is covered by test case TC1613.sh
TC1625.sh on line 3933 has count: 61
Buggy line 3933 is covered by test case TC1625.sh
TC1626.sh on line 3933 has count: 69
Buggy line 3933 is covered by test case TC1626.sh
TC1627.sh on line 3933 has count: 19
Buggy line 3933 is covered by test case TC1627.sh
TC1628.sh on line 3933 has count: 53
Buggy line 3933 is covered by test case TC1628.sh
TC1629.sh on line 3933 has count: 19
Buggy line 3933 is covered by test case TC1629.sh
TC1630.sh on line 3933 has count: 249
Buggy line 3933 is covered by test case TC1630.sh
TC1631.sh on line 3933 has count: 61
Buggy line 3933 is covered by test case TC1631.sh
TC1632.sh on line 3933 has count: 61
Buggy line 3933 is covered by test case TC1632.sh
TC1634.sh on line 3933 has count: 237
Buggy line 3933 is covered by test case TC1634.sh
TC1635.sh on line 3933 has count: 281
Buggy line 3933 is covered by test case TC1635.sh
TC1636.sh on line 3933 has count: 205
Buggy line 3933 is covered by test case TC1636.sh
TC1637.sh on line 3933 has count: 69
Buggy line 3933 is covered by test case TC1637.sh
TC1638.sh on line 3933 has count: 47
Buggy line 3933 is covered by test case TC1638.sh
TC1639.sh on line 3933 has count: 69
Buggy line 3933 is covered by test case TC1639.sh
TC1640.sh on line 3933 has count: 31
Buggy line 3933 is covered by test case TC1640.sh
TC1651.sh on line 3933 has count: 81
Buggy line 3933 is covered by test case TC1651.sh
TC1685.sh on line 3933 has count: 237
Buggy line 3933 is covered by test case TC1685.sh
TC1686.sh on line 3933 has count: 139
Buggy line 3933 is covered by test case TC1686.sh
TC1946.sh on line 3933 has count: 171
Buggy line 3933 is covered by test case TC1946.sh
TC1948.sh on line 3933 has count: 29
Buggy line 3933 is covered by test case TC1948.sh
TC1950.sh on line 3933 has count: 2337
Buggy line 3933 is covered by test case TC1950.sh
TC1952.sh on line 3933 has count: 155
Buggy line 3933 is covered by test case TC1952.sh
TC1953.sh on line 3933 has count: 625
Buggy line 3933 is covered by test case TC1953.sh
TC1957.sh on line 3933 has count: 151
Buggy line 3933 is covered by test case TC1957.sh
TC1959.sh on line 3933 has count: 30963
Buggy line 3933 is covered by test case TC1959.sh
TC1965.sh on line 3933 has count: 11
Buggy line 3933 is covered by test case TC1965.sh
TC1966.sh on line 3933 has count: 59
Buggy line 3933 is covered by test case TC1966.sh
TC1967.sh on line 3933 has count: 13
Buggy line 3933 is covered by test case TC1967.sh
TC1968.sh on line 3933 has count: 10823
Buggy line 3933 is covered by test case TC1968.sh
TC1970.sh on line 3933 has count: 51
Buggy line 3933 is covered by test case TC1970.sh
TC1971.sh on line 3933 has count: 167
Buggy line 3933 is covered by test case TC1971.sh
TC1972.sh on line 3933 has count: 163
Buggy line 3933 is covered by test case TC1972.sh
TC1973.sh on line 3933 has count: 151
Buggy line 3933 is covered by test case TC1973.sh
TC1974.sh on line 3933 has count: 437
Buggy line 3933 is covered by test case TC1974.sh
TC1975.sh on line 3933 has count: 433
Buggy line 3933 is covered by test case TC1975.sh
TC1976.sh on line 3933 has count: 443
Buggy line 3933 is covered by test case TC1976.sh
TC1977.sh on line 3933 has count: 439
Buggy line 3933 is covered by test case TC1977.sh
TC1978.sh on line 3933 has count: 715
Buggy line 3933 is covered by test case TC1978.sh
TC2002.sh on line 3933 has count: 171
Buggy line 3933 is covered by test case TC2002.sh
TC2004.sh on line 3933 has count: 29
Buggy line 3933 is covered by test case TC2004.sh
TC2006.sh on line 3933 has count: 309713
Buggy line 3933 is covered by test case TC2006.sh
TC2008.sh on line 3933 has count: 155
Buggy line 3933 is covered by test case TC2008.sh
TC2009.sh on line 3933 has count: 625
Buggy line 3933 is covered by test case TC2009.sh
TC2013.sh on line 3933 has count: 151
Buggy line 3933 is covered by test case TC2013.sh
TC2015.sh on line 3933 has count: 30963
Buggy line 3933 is covered by test case TC2015.sh
TC2021.sh on line 3933 has count: 11
Buggy line 3933 is covered by test case TC2021.sh
TC2022.sh on line 3933 has count: 59
Buggy line 3933 is covered by test case TC2022.sh
TC2023.sh on line 3933 has count: 13
Buggy line 3933 is covered by test case TC2023.sh
TC2024.sh on line 3933 has count: 10823
Buggy line 3933 is covered by test case TC2024.sh
TC2026.sh on line 3933 has count: 51
Buggy line 3933 is covered by test case TC2026.sh
TC2028.sh on line 3933 has count: 167
Buggy line 3933 is covered by test case TC2028.sh
TC2030.sh on line 3933 has count: 163
Buggy line 3933 is covered by test case TC2030.sh
TC2032.sh on line 3933 has count: 151
Buggy line 3933 is covered by test case TC2032.sh
TC2033.sh on line 3933 has count: 437
Buggy line 3933 is covered by test case TC2033.sh
TC2034.sh on line 3933 has count: 433
Buggy line 3933 is covered by test case TC2034.sh
TC2035.sh on line 3933 has count: 443
Buggy line 3933 is covered by test case TC2035.sh
TC2036.sh on line 3933 has count: 439
Buggy line 3933 is covered by test case TC2036.sh
TC2037.sh on line 3933 has count: 22257
Buggy line 3933 is covered by test case TC2037.sh
TC2038.sh on line 3933 has count: 79591
Buggy line 3933 is covered by test case TC2038.sh
TC2313.sh on line 3933 has count: 328887
Buggy line 3933 is covered by test case TC2313.sh
TC2343.sh on line 3933 has count: 309713
Buggy line 3933 is covered by test case TC2343.sh
TC2415.sh on line 3933 has count: 877
Buggy line 3933 is covered by test case TC2415.sh
TC2445.sh on line 3933 has count: 2319
Buggy line 3933 is covered by test case TC2445.sh
TC2505.sh on line 3933 has count: 467
Buggy line 3933 is covered by test case TC2505.sh
TC2512.sh on line 3933 has count: 467
Buggy line 3933 is covered by test case TC2512.sh
TC2524.sh on line 3933 has count: 667
Buggy line 3933 is covered by test case TC2524.sh
TC2525.sh on line 3933 has count: 4375
Buggy line 3933 is covered by test case TC2525.sh
TC2553.sh on line 3933 has count: 467
Buggy line 3933 is covered by test case TC2553.sh
>> Saving version parser.MUT4217.c to database
>> Reverted parser.c to original from parser.MUT4217.c

+++++ STDERR +++++

+++++ results for relaxng.MUT4182.c +++++
+++++ STDOUT +++++
Testing version relaxng.MUT4182.c on faster25.swtv::core4
>> Building libxml2_TF_top30
>> Applied patch to relaxng.c with relaxng.MUT4182.c
>> Building libxml2_TF_top30
TC2447.sh on line 3789 has count: 1
Buggy line 3789 is covered by test case TC2447.sh
>> Saving version relaxng.MUT4182.c to database
>> Reverted relaxng.c to original from relaxng.MUT4182.c
>> Cleaning build for libxml2_TF_top30

+++++ STDERR +++++
