
+++++ results for parser.MUT14337.c +++++
+++++ STDOUT +++++
Testing version parser.MUT14337.c on faster39.swtv::core7
>> Configuring libxml2_TF_top30 with coverage
>> Building libxml2_TF_top30
>> Applied patch to parser.c with parser.MUT14337.c
>> Building libxml2_TF_top30
Buggy line 12057 is NOT covered by test case TC507.sh
>> Reverted parser.c to original from parser.MUT14337.c

+++++ STDERR +++++

+++++ results for xmlregexp.MUT7084.c +++++
+++++ STDOUT +++++
Testing version xmlregexp.MUT7084.c on faster39.swtv::core7
>> Building libxml2_TF_top30
>> Applied patch to xmlregexp.c with xmlregexp.MUT7084.c
>> Building libxml2_TF_top30
TC2191.sh on line 5303 has count: 2
Buggy line 5303 is covered by test case TC2191.sh
TC2260.sh on line 5303 has count: 2
Buggy line 5303 is covered by test case TC2260.sh
TC2261.sh on line 5303 has count: 2
Buggy line 5303 is covered by test case TC2261.sh
TC2262.sh on line 5303 has count: 2
Buggy line 5303 is covered by test case TC2262.sh
TC2425.sh on line 5303 has count: 8
Buggy line 5303 is covered by test case TC2425.sh
TC2426.sh on line 5303 has count: 4
Buggy line 5303 is covered by test case TC2426.sh
TC2429.sh on line 5303 has count: 2
Buggy line 5303 is covered by test case TC2429.sh
TC2624.sh on line 5303 has count: 4
Buggy line 5303 is covered by test case TC2624.sh
TC2625.sh on line 5303 has count: 10
Buggy line 5303 is covered by test case TC2625.sh
TC2626.sh on line 5303 has count: 6
Buggy line 5303 is covered by test case TC2626.sh
TC2627.sh on line 5303 has count: 2
Buggy line 5303 is covered by test case TC2627.sh
TC2630.sh on line 5303 has count: 10
Buggy line 5303 is covered by test case TC2630.sh
TC2631.sh on line 5303 has count: 12
Buggy line 5303 is covered by test case TC2631.sh
TC2632.sh on line 5303 has count: 6
Buggy line 5303 is covered by test case TC2632.sh
TC2633.sh on line 5303 has count: 2
Buggy line 5303 is covered by test case TC2633.sh
TC2634.sh on line 5303 has count: 4
Buggy line 5303 is covered by test case TC2634.sh
TC2635.sh on line 5303 has count: 2
Buggy line 5303 is covered by test case TC2635.sh
TC2636.sh on line 5303 has count: 4
Buggy line 5303 is covered by test case TC2636.sh
TC2637.sh on line 5303 has count: 16
Buggy line 5303 is covered by test case TC2637.sh
TC2638.sh on line 5303 has count: 4
Buggy line 5303 is covered by test case TC2638.sh
>> Saving version xmlregexp.MUT7084.c to database
>> Reverted xmlregexp.c to original from xmlregexp.MUT7084.c

+++++ STDERR +++++

+++++ results for pattern.MUT2123.c +++++
+++++ STDOUT +++++
Testing version pattern.MUT2123.c on faster39.swtv::core7
>> Building libxml2_TF_top30
>> Applied patch to pattern.c with pattern.MUT2123.c
>> Building libxml2_TF_top30
TC2123.sh on line 2200 has count: 14
Buggy line 2200 is covered by test case TC2123.sh
TC2126.sh on line 2200 has count: 20
Buggy line 2200 is covered by test case TC2126.sh
TC2195.sh on line 2200 has count: 40
Buggy line 2200 is covered by test case TC2195.sh
TC2201.sh on line 2200 has count: 60
Buggy line 2200 is covered by test case TC2201.sh
TC2498.sh on line 2200 has count: 286
Buggy line 2200 is covered by test case TC2498.sh
TC2499.sh on line 2200 has count: 110
Buggy line 2200 is covered by test case TC2499.sh
>> Saving version pattern.MUT2123.c to database
>> Reverted pattern.c to original from pattern.MUT2123.c

+++++ STDERR +++++

+++++ results for pattern.MUT898.c +++++
+++++ STDOUT +++++
Testing version pattern.MUT898.c on faster39.swtv::core7
>> Building libxml2_TF_top30
>> Applied patch to pattern.c with pattern.MUT898.c
>> Building libxml2_TF_top30
TC2497.sh on line 1051 has count: 10
Buggy line 1051 is covered by test case TC2497.sh
TC2498.sh on line 1051 has count: 66
Buggy line 1051 is covered by test case TC2498.sh
TC2499.sh on line 1051 has count: 22
Buggy line 1051 is covered by test case TC2499.sh
TC2500.sh on line 1051 has count: 24
Buggy line 1051 is covered by test case TC2500.sh
>> Saving version pattern.MUT898.c to database
>> Reverted pattern.c to original from pattern.MUT898.c

+++++ STDERR +++++

+++++ results for parser.MUT6572.c +++++
+++++ STDOUT +++++
Testing version parser.MUT6572.c on faster39.swtv::core7
>> Building libxml2_TF_top30
>> Applied patch to parser.c with parser.MUT6572.c
>> Building libxml2_TF_top30
TC1376.sh on line 5728 has count: 1
Buggy line 5728 is covered by test case TC1376.sh
>> Saving version parser.MUT6572.c to database
>> Reverted parser.c to original from parser.MUT6572.c

+++++ STDERR +++++

+++++ results for pattern.MUT1715.c +++++
+++++ STDOUT +++++
Testing version pattern.MUT1715.c on faster39.swtv::core7
>> Building libxml2_TF_top30
>> Applied patch to pattern.c with pattern.MUT1715.c
>> Building libxml2_TF_top30
Buggy line 1807 is NOT covered by test case TC2039.sh
>> Reverted pattern.c to original from pattern.MUT1715.c

+++++ STDERR +++++

+++++ results for parser.MUT862.c +++++
+++++ STDOUT +++++
Testing version parser.MUT862.c on faster39.swtv::core7
>> Building libxml2_TF_top30
>> Applied patch to parser.c with parser.MUT862.c
>> Building libxml2_TF_top30
TC48.sh on line 1095 has count: 4
Buggy line 1095 is covered by test case TC48.sh
TC89.sh on line 1095 has count: 2
Buggy line 1095 is covered by test case TC89.sh
TC175.sh on line 1095 has count: 2
Buggy line 1095 is covered by test case TC175.sh
TC216.sh on line 1095 has count: 1
Buggy line 1095 is covered by test case TC216.sh
TC302.sh on line 1095 has count: 4
Buggy line 1095 is covered by test case TC302.sh
TC343.sh on line 1095 has count: 2
Buggy line 1095 is covered by test case TC343.sh
TC1226.sh on line 1095 has count: 2
Buggy line 1095 is covered by test case TC1226.sh
TC1267.sh on line 1095 has count: 1
Buggy line 1095 is covered by test case TC1267.sh
TC1353.sh on line 1095 has count: 2
Buggy line 1095 is covered by test case TC1353.sh
TC1394.sh on line 1095 has count: 1
Buggy line 1095 is covered by test case TC1394.sh
TC1480.sh on line 1095 has count: 2
Buggy line 1095 is covered by test case TC1480.sh
TC1521.sh on line 1095 has count: 1
Buggy line 1095 is covered by test case TC1521.sh
TC1607.sh on line 1095 has count: 2
Buggy line 1095 is covered by test case TC1607.sh
TC1648.sh on line 1095 has count: 1
Buggy line 1095 is covered by test case TC1648.sh
TC1945.sh on line 1095 has count: 2
Buggy line 1095 is covered by test case TC1945.sh
TC1950.sh on line 1095 has count: 3
Buggy line 1095 is covered by test case TC1950.sh
TC1954.sh on line 1095 has count: 1
Buggy line 1095 is covered by test case TC1954.sh
TC1962.sh on line 1095 has count: 2
Buggy line 1095 is covered by test case TC1962.sh
TC1963.sh on line 1095 has count: 2
Buggy line 1095 is covered by test case TC1963.sh
TC1978.sh on line 1095 has count: 11
Buggy line 1095 is covered by test case TC1978.sh
TC2001.sh on line 1095 has count: 2
Buggy line 1095 is covered by test case TC2001.sh
TC2006.sh on line 1095 has count: 3
Buggy line 1095 is covered by test case TC2006.sh
TC2010.sh on line 1095 has count: 1
Buggy line 1095 is covered by test case TC2010.sh
TC2018.sh on line 1095 has count: 2
Buggy line 1095 is covered by test case TC2018.sh
TC2019.sh on line 1095 has count: 2
Buggy line 1095 is covered by test case TC2019.sh
TC2037.sh on line 1095 has count: 3
Buggy line 1095 is covered by test case TC2037.sh
TC2038.sh on line 1095 has count: 11
Buggy line 1095 is covered by test case TC2038.sh
TC2445.sh on line 1095 has count: 3
Buggy line 1095 is covered by test case TC2445.sh
TC2507.sh on line 1095 has count: 1
Buggy line 1095 is covered by test case TC2507.sh
TC2514.sh on line 1095 has count: 1
Buggy line 1095 is covered by test case TC2514.sh
TC2555.sh on line 1095 has count: 1
Buggy line 1095 is covered by test case TC2555.sh
TC2556.sh on line 1095 has count: 1
Buggy line 1095 is covered by test case TC2556.sh
TC2557.sh on line 1095 has count: 1
Buggy line 1095 is covered by test case TC2557.sh
TC2558.sh on line 1095 has count: 1
Buggy line 1095 is covered by test case TC2558.sh
>> Saving version parser.MUT862.c to database
>> Reverted parser.c to original from parser.MUT862.c

+++++ STDERR +++++

+++++ results for parser.MUT10876.c +++++
+++++ STDOUT +++++
Testing version parser.MUT10876.c on faster39.swtv::core7
>> Building libxml2_TF_top30
>> Applied patch to parser.c with parser.MUT10876.c
>> Building libxml2_TF_top30
TC2443.sh on line 9587 has count: 4
Buggy line 9587 is covered by test case TC2443.sh
TC2444.sh on line 9587 has count: 2
Buggy line 9587 is covered by test case TC2444.sh
TC2445.sh on line 9587 has count: 4
Buggy line 9587 is covered by test case TC2445.sh
TC2446.sh on line 9587 has count: 6
Buggy line 9587 is covered by test case TC2446.sh
TC2448.sh on line 9587 has count: 1
Buggy line 9587 is covered by test case TC2448.sh
TC2449.sh on line 9587 has count: 1
Buggy line 9587 is covered by test case TC2449.sh
TC2450.sh on line 9587 has count: 2
Buggy line 9587 is covered by test case TC2450.sh
TC384.sh on line 9587 has count: 2
Buggy line 9587 is covered by test case TC384.sh
TC397.sh on line 9587 has count: 1
Buggy line 9587 is covered by test case TC397.sh
TC406.sh on line 9587 has count: 1
Buggy line 9587 is covered by test case TC406.sh
TC434.sh on line 9587 has count: 1
Buggy line 9587 is covered by test case TC434.sh
TC443.sh on line 9587 has count: 1
Buggy line 9587 is covered by test case TC443.sh
TC471.sh on line 9587 has count: 1
Buggy line 9587 is covered by test case TC471.sh
TC480.sh on line 9587 has count: 1
Buggy line 9587 is covered by test case TC480.sh
TC510.sh on line 9587 has count: 1
Buggy line 9587 is covered by test case TC510.sh
TC519.sh on line 9587 has count: 1
Buggy line 9587 is covered by test case TC519.sh
TC1186.sh on line 9587 has count: 1
Buggy line 9587 is covered by test case TC1186.sh
TC1243.sh on line 9587 has count: 1
Buggy line 9587 is covered by test case TC1243.sh
TC1267.sh on line 9587 has count: 1
Buggy line 9587 is covered by test case TC1267.sh
TC1268.sh on line 9587 has count: 1
Buggy line 9587 is covered by test case TC1268.sh
TC1270.sh on line 9587 has count: 2
Buggy line 9587 is covered by test case TC1270.sh
TC1274.sh on line 9587 has count: 1
Buggy line 9587 is covered by test case TC1274.sh
TC1275.sh on line 9587 has count: 1
Buggy line 9587 is covered by test case TC1275.sh
TC1277.sh on line 9587 has count: 2
Buggy line 9587 is covered by test case TC1277.sh
TC1283.sh on line 9587 has count: 1
Buggy line 9587 is covered by test case TC1283.sh
TC1313.sh on line 9587 has count: 1
Buggy line 9587 is covered by test case TC1313.sh
TC1370.sh on line 9587 has count: 1
Buggy line 9587 is covered by test case TC1370.sh
TC1394.sh on line 9587 has count: 1
Buggy line 9587 is covered by test case TC1394.sh
TC1395.sh on line 9587 has count: 1
Buggy line 9587 is covered by test case TC1395.sh
TC1397.sh on line 9587 has count: 2
Buggy line 9587 is covered by test case TC1397.sh
TC1401.sh on line 9587 has count: 1
Buggy line 9587 is covered by test case TC1401.sh
TC1402.sh on line 9587 has count: 1
Buggy line 9587 is covered by test case TC1402.sh
TC1404.sh on line 9587 has count: 2
Buggy line 9587 is covered by test case TC1404.sh
TC1410.sh on line 9587 has count: 1
Buggy line 9587 is covered by test case TC1410.sh
TC1937.sh on line 9587 has count: 1
Buggy line 9587 is covered by test case TC1937.sh
TC1993.sh on line 9587 has count: 1
Buggy line 9587 is covered by test case TC1993.sh
TC2037.sh on line 9587 has count: 1
Buggy line 9587 is covered by test case TC2037.sh
TC2155.sh on line 9587 has count: 6
Buggy line 9587 is covered by test case TC2155.sh
TC2156.sh on line 9587 has count: 5
Buggy line 9587 is covered by test case TC2156.sh
TC2162.sh on line 9587 has count: 12
Buggy line 9587 is covered by test case TC2162.sh
TC2168.sh on line 9587 has count: 72
Buggy line 9587 is covered by test case TC2168.sh
TC2169.sh on line 9587 has count: 72
Buggy line 9587 is covered by test case TC2169.sh
TC2175.sh on line 9587 has count: 2
Buggy line 9587 is covered by test case TC2175.sh
TC2176.sh on line 9587 has count: 2
Buggy line 9587 is covered by test case TC2176.sh
TC2177.sh on line 9587 has count: 3
Buggy line 9587 is covered by test case TC2177.sh
TC2178.sh on line 9587 has count: 2
Buggy line 9587 is covered by test case TC2178.sh
TC2179.sh on line 9587 has count: 2
Buggy line 9587 is covered by test case TC2179.sh
TC2182.sh on line 9587 has count: 2
Buggy line 9587 is covered by test case TC2182.sh
TC2185.sh on line 9587 has count: 3
Buggy line 9587 is covered by test case TC2185.sh
TC2187.sh on line 9587 has count: 2
Buggy line 9587 is covered by test case TC2187.sh
TC2188.sh on line 9587 has count: 4
Buggy line 9587 is covered by test case TC2188.sh
TC2189.sh on line 9587 has count: 1
Buggy line 9587 is covered by test case TC2189.sh
TC2190.sh on line 9587 has count: 2
Buggy line 9587 is covered by test case TC2190.sh
TC2193.sh on line 9587 has count: 2
Buggy line 9587 is covered by test case TC2193.sh
TC2194.sh on line 9587 has count: 2
Buggy line 9587 is covered by test case TC2194.sh
TC2196.sh on line 9587 has count: 3
Buggy line 9587 is covered by test case TC2196.sh
TC2197.sh on line 9587 has count: 3
Buggy line 9587 is covered by test case TC2197.sh
TC2201.sh on line 9587 has count: 2
Buggy line 9587 is covered by test case TC2201.sh
TC2206.sh on line 9587 has count: 3
Buggy line 9587 is covered by test case TC2206.sh
TC2207.sh on line 9587 has count: 3
Buggy line 9587 is covered by test case TC2207.sh
TC2208.sh on line 9587 has count: 2
Buggy line 9587 is covered by test case TC2208.sh
TC2214.sh on line 9587 has count: 3
Buggy line 9587 is covered by test case TC2214.sh
TC2228.sh on line 9587 has count: 3
Buggy line 9587 is covered by test case TC2228.sh
TC2229.sh on line 9587 has count: 2
Buggy line 9587 is covered by test case TC2229.sh
TC2230.sh on line 9587 has count: 3
Buggy line 9587 is covered by test case TC2230.sh
TC2233.sh on line 9587 has count: 2
Buggy line 9587 is covered by test case TC2233.sh
TC2234.sh on line 9587 has count: 4
Buggy line 9587 is covered by test case TC2234.sh
TC2241.sh on line 9587 has count: 1
Buggy line 9587 is covered by test case TC2241.sh
TC2252.sh on line 9587 has count: 2
Buggy line 9587 is covered by test case TC2252.sh
TC2253.sh on line 9587 has count: 2
Buggy line 9587 is covered by test case TC2253.sh
TC2254.sh on line 9587 has count: 3
Buggy line 9587 is covered by test case TC2254.sh
TC2255.sh on line 9587 has count: 1
Buggy line 9587 is covered by test case TC2255.sh
TC2256.sh on line 9587 has count: 2
Buggy line 9587 is covered by test case TC2256.sh
TC2260.sh on line 9587 has count: 3
Buggy line 9587 is covered by test case TC2260.sh
TC2269.sh on line 9587 has count: 1
Buggy line 9587 is covered by test case TC2269.sh
TC2283.sh on line 9587 has count: 2
Buggy line 9587 is covered by test case TC2283.sh
TC2284.sh on line 9587 has count: 3
Buggy line 9587 is covered by test case TC2284.sh
TC2291.sh on line 9587 has count: 3
Buggy line 9587 is covered by test case TC2291.sh
TC2292.sh on line 9587 has count: 3
Buggy line 9587 is covered by test case TC2292.sh
TC2395.sh on line 9587 has count: 1
Buggy line 9587 is covered by test case TC2395.sh
TC2397.sh on line 9587 has count: 3
Buggy line 9587 is covered by test case TC2397.sh
TC2398.sh on line 9587 has count: 5
Buggy line 9587 is covered by test case TC2398.sh
TC2399.sh on line 9587 has count: 5
Buggy line 9587 is covered by test case TC2399.sh
TC2401.sh on line 9587 has count: 2
Buggy line 9587 is covered by test case TC2401.sh
TC2402.sh on line 9587 has count: 2
Buggy line 9587 is covered by test case TC2402.sh
TC2403.sh on line 9587 has count: 1
Buggy line 9587 is covered by test case TC2403.sh
TC2407.sh on line 9587 has count: 1
Buggy line 9587 is covered by test case TC2407.sh
TC2408.sh on line 9587 has count: 1
Buggy line 9587 is covered by test case TC2408.sh
TC2409.sh on line 9587 has count: 9
Buggy line 9587 is covered by test case TC2409.sh
TC2410.sh on line 9587 has count: 1
Buggy line 9587 is covered by test case TC2410.sh
TC2411.sh on line 9587 has count: 1
Buggy line 9587 is covered by test case TC2411.sh
TC2415.sh on line 9587 has count: 1
Buggy line 9587 is covered by test case TC2415.sh
TC2416.sh on line 9587 has count: 1
Buggy line 9587 is covered by test case TC2416.sh
TC2417.sh on line 9587 has count: 2
Buggy line 9587 is covered by test case TC2417.sh
TC2418.sh on line 9587 has count: 2
Buggy line 9587 is covered by test case TC2418.sh
TC2419.sh on line 9587 has count: 3
Buggy line 9587 is covered by test case TC2419.sh
TC2425.sh on line 9587 has count: 1
Buggy line 9587 is covered by test case TC2425.sh
TC2426.sh on line 9587 has count: 2
Buggy line 9587 is covered by test case TC2426.sh
TC2429.sh on line 9587 has count: 1
Buggy line 9587 is covered by test case TC2429.sh
TC2432.sh on line 9587 has count: 4
Buggy line 9587 is covered by test case TC2432.sh
TC2433.sh on line 9587 has count: 1
Buggy line 9587 is covered by test case TC2433.sh
TC2436.sh on line 9587 has count: 2
Buggy line 9587 is covered by test case TC2436.sh
TC2438.sh on line 9587 has count: 1
Buggy line 9587 is covered by test case TC2438.sh
TC2439.sh on line 9587 has count: 1
Buggy line 9587 is covered by test case TC2439.sh
TC2440.sh on line 9587 has count: 2
Buggy line 9587 is covered by test case TC2440.sh
TC2441.sh on line 9587 has count: 2
Buggy line 9587 is covered by test case TC2441.sh
TC2442.sh on line 9587 has count: 4
Buggy line 9587 is covered by test case TC2442.sh
TC2452.sh on line 9587 has count: 1
Buggy line 9587 is covered by test case TC2452.sh
TC2453.sh on line 9587 has count: 1
Buggy line 9587 is covered by test case TC2453.sh
TC2454.sh on line 9587 has count: 1
Buggy line 9587 is covered by test case TC2454.sh
TC2456.sh on line 9587 has count: 1
Buggy line 9587 is covered by test case TC2456.sh
TC2457.sh on line 9587 has count: 2
Buggy line 9587 is covered by test case TC2457.sh
TC2459.sh on line 9587 has count: 1
Buggy line 9587 is covered by test case TC2459.sh
TC2460.sh on line 9587 has count: 1
Buggy line 9587 is covered by test case TC2460.sh
TC2461.sh on line 9587 has count: 2
Buggy line 9587 is covered by test case TC2461.sh
TC2462.sh on line 9587 has count: 1
Buggy line 9587 is covered by test case TC2462.sh
TC2464.sh on line 9587 has count: 1
Buggy line 9587 is covered by test case TC2464.sh
TC2465.sh on line 9587 has count: 1
Buggy line 9587 is covered by test case TC2465.sh
TC2466.sh on line 9587 has count: 1
Buggy line 9587 is covered by test case TC2466.sh
TC2467.sh on line 9587 has count: 1
Buggy line 9587 is covered by test case TC2467.sh
TC2468.sh on line 9587 has count: 6
Buggy line 9587 is covered by test case TC2468.sh
TC2470.sh on line 9587 has count: 1
Buggy line 9587 is covered by test case TC2470.sh
TC2471.sh on line 9587 has count: 1
Buggy line 9587 is covered by test case TC2471.sh
TC2473.sh on line 9587 has count: 1
Buggy line 9587 is covered by test case TC2473.sh
TC2475.sh on line 9587 has count: 5
Buggy line 9587 is covered by test case TC2475.sh
TC2476.sh on line 9587 has count: 4
Buggy line 9587 is covered by test case TC2476.sh
TC2477.sh on line 9587 has count: 1
Buggy line 9587 is covered by test case TC2477.sh
TC2478.sh on line 9587 has count: 4
Buggy line 9587 is covered by test case TC2478.sh
TC2479.sh on line 9587 has count: 4
Buggy line 9587 is covered by test case TC2479.sh
TC2480.sh on line 9587 has count: 5
Buggy line 9587 is covered by test case TC2480.sh
TC2481.sh on line 9587 has count: 2
Buggy line 9587 is covered by test case TC2481.sh
TC2483.sh on line 9587 has count: 1
Buggy line 9587 is covered by test case TC2483.sh
TC2484.sh on line 9587 has count: 2
Buggy line 9587 is covered by test case TC2484.sh
TC2485.sh on line 9587 has count: 2
Buggy line 9587 is covered by test case TC2485.sh
TC2486.sh on line 9587 has count: 2
Buggy line 9587 is covered by test case TC2486.sh
TC2487.sh on line 9587 has count: 1
Buggy line 9587 is covered by test case TC2487.sh
TC2488.sh on line 9587 has count: 6
Buggy line 9587 is covered by test case TC2488.sh
TC2489.sh on line 9587 has count: 2
Buggy line 9587 is covered by test case TC2489.sh
TC2490.sh on line 9587 has count: 2
Buggy line 9587 is covered by test case TC2490.sh
TC2491.sh on line 9587 has count: 3
Buggy line 9587 is covered by test case TC2491.sh
TC2492.sh on line 9587 has count: 3
Buggy line 9587 is covered by test case TC2492.sh
TC2493.sh on line 9587 has count: 2
Buggy line 9587 is covered by test case TC2493.sh
TC2494.sh on line 9587 has count: 1
Buggy line 9587 is covered by test case TC2494.sh
TC2495.sh on line 9587 has count: 1
Buggy line 9587 is covered by test case TC2495.sh
>> Saving version parser.MUT10876.c to database
>> Reverted parser.c to original from parser.MUT10876.c
>> Cleaning build for libxml2_TF_top30

+++++ STDERR +++++
