
+++++ results for parser.MUT5577.c +++++
+++++ STDOUT +++++
Testing version parser.MUT5577.c on faster27.swtv::core1
>> Configuring libxml2_TF_top30 with coverage
>> Building libxml2_TF_top30
>> Applied patch to parser.c with parser.MUT5577.c
>> Building libxml2_TF_top30
TC26.sh on line 4982 has count: 9999965
Buggy line 4982 is covered by test case TC26.sh
TC153.sh on line 4982 has count: 9999965
Buggy line 4982 is covered by test case TC153.sh
TC280.sh on line 4982 has count: 9999965
Buggy line 4982 is covered by test case TC280.sh
TC398.sh on line 4982 has count: 9999983
Buggy line 4982 is covered by test case TC398.sh
TC435.sh on line 4982 has count: 9999983
Buggy line 4982 is covered by test case TC435.sh
TC472.sh on line 4982 has count: 9999983
Buggy line 4982 is covered by test case TC472.sh
TC511.sh on line 4982 has count: 9999983
Buggy line 4982 is covered by test case TC511.sh
TC569.sh on line 4982 has count: 9999965
Buggy line 4982 is covered by test case TC569.sh
TC696.sh on line 4982 has count: 9999965
Buggy line 4982 is covered by test case TC696.sh
TC823.sh on line 4982 has count: 9999965
Buggy line 4982 is covered by test case TC823.sh
TC950.sh on line 4982 has count: 9999965
Buggy line 4982 is covered by test case TC950.sh
TC1077.sh on line 4982 has count: 9999965
Buggy line 4982 is covered by test case TC1077.sh
TC1204.sh on line 4982 has count: 9999965
Buggy line 4982 is covered by test case TC1204.sh
TC1331.sh on line 4982 has count: 9999965
Buggy line 4982 is covered by test case TC1331.sh
TC1458.sh on line 4982 has count: 9999965
Buggy line 4982 is covered by test case TC1458.sh
TC1585.sh on line 4982 has count: 9999965
Buggy line 4982 is covered by test case TC1585.sh
TC1950.sh on line 4982 has count: 9999983
Buggy line 4982 is covered by test case TC1950.sh
TC2006.sh on line 4982 has count: 9999983
Buggy line 4982 is covered by test case TC2006.sh
TC2343.sh on line 4982 has count: 9999983
Buggy line 4982 is covered by test case TC2343.sh
TC2445.sh on line 4982 has count: 9999983
Buggy line 4982 is covered by test case TC2445.sh
>> Saving version parser.MUT5577.c to database
>> Reverted parser.c to original from parser.MUT5577.c

+++++ STDERR +++++

+++++ results for parser.MUT1418.c +++++
+++++ STDOUT +++++
Testing version parser.MUT1418.c on faster27.swtv::core1
>> Building libxml2_TF_top30
>> Applied patch to parser.c with parser.MUT1418.c
>> Building libxml2_TF_top30
TC8.sh on line 1611 has count: 0
Buggy line 1611 is NOT covered by test case TC8.sh
>> Reverted parser.c to original from parser.MUT1418.c

+++++ STDERR +++++

+++++ results for uri.MUT1947.c +++++
+++++ STDOUT +++++
Testing version uri.MUT1947.c on faster27.swtv::core1
>> Building libxml2_TF_top30
>> Applied patch to uri.c with uri.MUT1947.c
>> Building libxml2_TF_top30
TC1.sh on line 1671 has count: 11
Buggy line 1671 is covered by test case TC1.sh
TC2.sh on line 1671 has count: 13
Buggy line 1671 is covered by test case TC2.sh
TC3.sh on line 1671 has count: 11
Buggy line 1671 is covered by test case TC3.sh
TC4.sh on line 1671 has count: 11
Buggy line 1671 is covered by test case TC4.sh
TC5.sh on line 1671 has count: 11
Buggy line 1671 is covered by test case TC5.sh
TC6.sh on line 1671 has count: 11
Buggy line 1671 is covered by test case TC6.sh
TC7.sh on line 1671 has count: 13
Buggy line 1671 is covered by test case TC7.sh
TC8.sh on line 1671 has count: 21
Buggy line 1671 is covered by test case TC8.sh
TC9.sh on line 1671 has count: 13
Buggy line 1671 is covered by test case TC9.sh
TC10.sh on line 1671 has count: 19
Buggy line 1671 is covered by test case TC10.sh
TC11.sh on line 1671 has count: 13
Buggy line 1671 is covered by test case TC11.sh
TC12.sh on line 1671 has count: 11
Buggy line 1671 is covered by test case TC12.sh
TC13.sh on line 1671 has count: 11
Buggy line 1671 is covered by test case TC13.sh
TC14.sh on line 1671 has count: 13
Buggy line 1671 is covered by test case TC14.sh
TC15.sh on line 1671 has count: 11
Buggy line 1671 is covered by test case TC15.sh
TC16.sh on line 1671 has count: 13
Buggy line 1671 is covered by test case TC16.sh
TC17.sh on line 1671 has count: 13
Buggy line 1671 is covered by test case TC17.sh
TC18.sh on line 1671 has count: 11
Buggy line 1671 is covered by test case TC18.sh
TC19.sh on line 1671 has count: 11
Buggy line 1671 is covered by test case TC19.sh
TC20.sh on line 1671 has count: 11
Buggy line 1671 is covered by test case TC20.sh
TC21.sh on line 1671 has count: 11
Buggy line 1671 is covered by test case TC21.sh
TC22.sh on line 1671 has count: 13
Buggy line 1671 is covered by test case TC22.sh
TC23.sh on line 1671 has count: 11
Buggy line 1671 is covered by test case TC23.sh
TC24.sh on line 1671 has count: 11
Buggy line 1671 is covered by test case TC24.sh
TC25.sh on line 1671 has count: 13
Buggy line 1671 is covered by test case TC25.sh
TC26.sh on line 1671 has count: 13
Buggy line 1671 is covered by test case TC26.sh
TC27.sh on line 1671 has count: 13
Buggy line 1671 is covered by test case TC27.sh
TC28.sh on line 1671 has count: 13
Buggy line 1671 is covered by test case TC28.sh
TC29.sh on line 1671 has count: 15
Buggy line 1671 is covered by test case TC29.sh
TC30.sh on line 1671 has count: 13
Buggy line 1671 is covered by test case TC30.sh
TC31.sh on line 1671 has count: 13
Buggy line 1671 is covered by test case TC31.sh
TC32.sh on line 1671 has count: 13
Buggy line 1671 is covered by test case TC32.sh
TC33.sh on line 1671 has count: 13
Buggy line 1671 is covered by test case TC33.sh
TC34.sh on line 1671 has count: 15
Buggy line 1671 is covered by test case TC34.sh
TC35.sh on line 1671 has count: 13
Buggy line 1671 is covered by test case TC35.sh
TC36.sh on line 1671 has count: 13
Buggy line 1671 is covered by test case TC36.sh
TC37.sh on line 1671 has count: 13
Buggy line 1671 is covered by test case TC37.sh
TC38.sh on line 1671 has count: 13
Buggy line 1671 is covered by test case TC38.sh
TC39.sh on line 1671 has count: 15
Buggy line 1671 is covered by test case TC39.sh
TC40.sh on line 1671 has count: 15
Buggy line 1671 is covered by test case TC40.sh
TC41.sh on line 1671 has count: 15
Buggy line 1671 is covered by test case TC41.sh
TC42.sh on line 1671 has count: 15
Buggy line 1671 is covered by test case TC42.sh
TC43.sh on line 1671 has count: 13
Buggy line 1671 is covered by test case TC43.sh
TC44.sh on line 1671 has count: 13
Buggy line 1671 is covered by test case TC44.sh
TC45.sh on line 1671 has count: 13
Buggy line 1671 is covered by test case TC45.sh
TC46.sh on line 1671 has count: 13
Buggy line 1671 is covered by test case TC46.sh
TC47.sh on line 1671 has count: 15
Buggy line 1671 is covered by test case TC47.sh
TC48.sh on line 1671 has count: 11
Buggy line 1671 is covered by test case TC48.sh
TC49.sh on line 1671 has count: 13
Buggy line 1671 is covered by test case TC49.sh
TC50.sh on line 1671 has count: 13
Buggy line 1671 is covered by test case TC50.sh
TC51.sh on line 1671 has count: 11
Buggy line 1671 is covered by test case TC51.sh
TC52.sh on line 1671 has count: 11
Buggy line 1671 is covered by test case TC52.sh
TC53.sh on line 1671 has count: 11
Buggy line 1671 is covered by test case TC53.sh
TC54.sh on line 1671 has count: 14
Buggy line 1671 is covered by test case TC54.sh
TC55.sh on line 1671 has count: 13
Buggy line 1671 is covered by test case TC55.sh
TC56.sh on line 1671 has count: 11
Buggy line 1671 is covered by test case TC56.sh
TC57.sh on line 1671 has count: 11
Buggy line 1671 is covered by test case TC57.sh
TC58.sh on line 1671 has count: 11
Buggy line 1671 is covered by test case TC58.sh
TC59.sh on line 1671 has count: 11
Buggy line 1671 is covered by test case TC59.sh
TC60.sh on line 1671 has count: 11
Buggy line 1671 is covered by test case TC60.sh
TC61.sh on line 1671 has count: 11
Buggy line 1671 is covered by test case TC61.sh
TC62.sh on line 1671 has count: 11
Buggy line 1671 is covered by test case TC62.sh
TC63.sh on line 1671 has count: 11
Buggy line 1671 is covered by test case TC63.sh
TC64.sh on line 1671 has count: 13
Buggy line 1671 is covered by test case TC64.sh
TC65.sh on line 1671 has count: 13
Buggy line 1671 is covered by test case TC65.sh
TC66.sh on line 1671 has count: 11
Buggy line 1671 is covered by test case TC66.sh
TC67.sh on line 1671 has count: 11
Buggy line 1671 is covered by test case TC67.sh
TC68.sh on line 1671 has count: 13
Buggy line 1671 is covered by test case TC68.sh
TC69.sh on line 1671 has count: 11
Buggy line 1671 is covered by test case TC69.sh
TC70.sh on line 1671 has count: 11
Buggy line 1671 is covered by test case TC70.sh
TC71.sh on line 1671 has count: 17
Buggy line 1671 is covered by test case TC71.sh
TC72.sh on line 1671 has count: 11
Buggy line 1671 is covered by test case TC72.sh
TC73.sh on line 1671 has count: 13
Buggy line 1671 is covered by test case TC73.sh
TC74.sh on line 1671 has count: 13
Buggy line 1671 is covered by test case TC74.sh
TC75.sh on line 1671 has count: 13
Buggy line 1671 is covered by test case TC75.sh
TC76.sh on line 1671 has count: 11
Buggy line 1671 is covered by test case TC76.sh
TC77.sh on line 1671 has count: 13
Buggy line 1671 is covered by test case TC77.sh
TC78.sh on line 1671 has count: 13
Buggy line 1671 is covered by test case TC78.sh
TC79.sh on line 1671 has count: 13
Buggy line 1671 is covered by test case TC79.sh
TC80.sh on line 1671 has count: 11
Buggy line 1671 is covered by test case TC80.sh
TC81.sh on line 1671 has count: 13
Buggy line 1671 is covered by test case TC81.sh
TC82.sh on line 1671 has count: 11
Buggy line 1671 is covered by test case TC82.sh
TC83.sh on line 1671 has count: 13
Buggy line 1671 is covered by test case TC83.sh
TC84.sh on line 1671 has count: 13
Buggy line 1671 is covered by test case TC84.sh
TC85.sh on line 1671 has count: 11
Buggy line 1671 is covered by test case TC85.sh
TC86.sh on line 1671 has count: 11
Buggy line 1671 is covered by test case TC86.sh
TC87.sh on line 1671 has count: 11
Buggy line 1671 is covered by test case TC87.sh
TC88.sh on line 1671 has count: 11
Buggy line 1671 is covered by test case TC88.sh
TC89.sh on line 1671 has count: 15
Buggy line 1671 is covered by test case TC89.sh
TC90.sh on line 1671 has count: 21
Buggy line 1671 is covered by test case TC90.sh
TC91.sh on line 1671 has count: 17
Buggy line 1671 is covered by test case TC91.sh
TC92.sh on line 1671 has count: 21
Buggy line 1671 is covered by test case TC92.sh
TC93.sh on line 1671 has count: 17
Buggy line 1671 is covered by test case TC93.sh
TC94.sh on line 1671 has count: 17
Buggy line 1671 is covered by test case TC94.sh
TC95.sh on line 1671 has count: 15
Buggy line 1671 is covered by test case TC95.sh
TC96.sh on line 1671 has count: 19
Buggy line 1671 is covered by test case TC96.sh
TC97.sh on line 1671 has count: 16
Buggy line 1671 is covered by test case TC97.sh
TC98.sh on line 1671 has count: 15
Buggy line 1671 is covered by test case TC98.sh
TC99.sh on line 1671 has count: 19
Buggy line 1671 is covered by test case TC99.sh
TC100.sh on line 1671 has count: 16
Buggy line 1671 is covered by test case TC100.sh
TC101.sh on line 1671 has count: 11
Buggy line 1671 is covered by test case TC101.sh
TC102.sh on line 1671 has count: 11
Buggy line 1671 is covered by test case TC102.sh
TC103.sh on line 1671 has count: 15
Buggy line 1671 is covered by test case TC103.sh
TC104.sh on line 1671 has count: 15
Buggy line 1671 is covered by test case TC104.sh
TC105.sh on line 1671 has count: 21
Buggy line 1671 is covered by test case TC105.sh
TC106.sh on line 1671 has count: 13
Buggy line 1671 is covered by test case TC106.sh
TC107.sh on line 1671 has count: 13
Buggy line 1671 is covered by test case TC107.sh
TC108.sh on line 1671 has count: 11
Buggy line 1671 is covered by test case TC108.sh
TC109.sh on line 1671 has count: 13
Buggy line 1671 is covered by test case TC109.sh
TC110.sh on line 1671 has count: 13
Buggy line 1671 is covered by test case TC110.sh
TC111.sh on line 1671 has count: 11
Buggy line 1671 is covered by test case TC111.sh
TC112.sh on line 1671 has count: 11
Buggy line 1671 is covered by test case TC112.sh
TC113.sh on line 1671 has count: 11
Buggy line 1671 is covered by test case TC113.sh
TC114.sh on line 1671 has count: 11
Buggy line 1671 is covered by test case TC114.sh
TC115.sh on line 1671 has count: 11
Buggy line 1671 is covered by test case TC115.sh
TC116.sh on line 1671 has count: 11
Buggy line 1671 is covered by test case TC116.sh
TC117.sh on line 1671 has count: 11
Buggy line 1671 is covered by test case TC117.sh
TC118.sh on line 1671 has count: 11
Buggy line 1671 is covered by test case TC118.sh
TC119.sh on line 1671 has count: 11
Buggy line 1671 is covered by test case TC119.sh
TC120.sh on line 1671 has count: 11
Buggy line 1671 is covered by test case TC120.sh
TC121.sh on line 1671 has count: 11
Buggy line 1671 is covered by test case TC121.sh
TC122.sh on line 1671 has count: 11
Buggy line 1671 is covered by test case TC122.sh
TC123.sh on line 1671 has count: 11
Buggy line 1671 is covered by test case TC123.sh
TC124.sh on line 1671 has count: 11
Buggy line 1671 is covered by test case TC124.sh
TC125.sh on line 1671 has count: 16
Buggy line 1671 is covered by test case TC125.sh
TC126.sh on line 1671 has count: 11
Buggy line 1671 is covered by test case TC126.sh
TC127.sh on line 1671 has count: 11
Buggy line 1671 is covered by test case TC127.sh
TC255.sh on line 1671 has count: 8
Buggy line 1671 is covered by test case TC255.sh
TC256.sh on line 1671 has count: 8
Buggy line 1671 is covered by test case TC256.sh
TC257.sh on line 1671 has count: 8
Buggy line 1671 is covered by test case TC257.sh
TC258.sh on line 1671 has count: 8
Buggy line 1671 is covered by test case TC258.sh
TC259.sh on line 1671 has count: 8
Buggy line 1671 is covered by test case TC259.sh
TC260.sh on line 1671 has count: 8
Buggy line 1671 is covered by test case TC260.sh
TC261.sh on line 1671 has count: 8
Buggy line 1671 is covered by test case TC261.sh
TC262.sh on line 1671 has count: 16
Buggy line 1671 is covered by test case TC262.sh
TC263.sh on line 1671 has count: 8
Buggy line 1671 is covered by test case TC263.sh
TC264.sh on line 1671 has count: 20
Buggy line 1671 is covered by test case TC264.sh
TC265.sh on line 1671 has count: 8
Buggy line 1671 is covered by test case TC265.sh
TC266.sh on line 1671 has count: 8
Buggy line 1671 is covered by test case TC266.sh
TC267.sh on line 1671 has count: 8
Buggy line 1671 is covered by test case TC267.sh
TC268.sh on line 1671 has count: 8
Buggy line 1671 is covered by test case TC268.sh
TC269.sh on line 1671 has count: 8
Buggy line 1671 is covered by test case TC269.sh
TC270.sh on line 1671 has count: 12
Buggy line 1671 is covered by test case TC270.sh
TC271.sh on line 1671 has count: 8
Buggy line 1671 is covered by test case TC271.sh
TC272.sh on line 1671 has count: 8
Buggy line 1671 is covered by test case TC272.sh
TC273.sh on line 1671 has count: 8
Buggy line 1671 is covered by test case TC273.sh
TC274.sh on line 1671 has count: 8
Buggy line 1671 is covered by test case TC274.sh
TC275.sh on line 1671 has count: 8
Buggy line 1671 is covered by test case TC275.sh
TC276.sh on line 1671 has count: 8
Buggy line 1671 is covered by test case TC276.sh
TC277.sh on line 1671 has count: 8
Buggy line 1671 is covered by test case TC277.sh
TC278.sh on line 1671 has count: 8
Buggy line 1671 is covered by test case TC278.sh
TC279.sh on line 1671 has count: 8
Buggy line 1671 is covered by test case TC279.sh
TC280.sh on line 1671 has count: 8
Buggy line 1671 is covered by test case TC280.sh
TC281.sh on line 1671 has count: 8
Buggy line 1671 is covered by test case TC281.sh
TC282.sh on line 1671 has count: 8
Buggy line 1671 is covered by test case TC282.sh
TC283.sh on line 1671 has count: 16
Buggy line 1671 is covered by test case TC283.sh
TC284.sh on line 1671 has count: 12
Buggy line 1671 is covered by test case TC284.sh
TC2021.sh on line 1671 has count: 12
Buggy line 1671 is covered by test case TC2021.sh
TC285.sh on line 1671 has count: 12
Buggy line 1671 is covered by test case TC285.sh
Test case TC286.sh passed
>> Reverted uri.c to original from uri.MUT1947.c

+++++ STDERR +++++

+++++ results for c14n.MUT481.c +++++
+++++ STDOUT +++++
Testing version c14n.MUT481.c on faster27.swtv::core1
>> Building libxml2_TF_top30
>> Applied patch to c14n.c with c14n.MUT481.c
>> Building libxml2_TF_top30
TC2503.sh on line 632 has count: 20
Buggy line 632 is covered by test case TC2503.sh
TC2507.sh on line 632 has count: 14
Buggy line 632 is covered by test case TC2507.sh
TC2510.sh on line 632 has count: 20
Buggy line 632 is covered by test case TC2510.sh
TC2514.sh on line 632 has count: 14
Buggy line 632 is covered by test case TC2514.sh
TC2515.sh on line 632 has count: 30
Buggy line 632 is covered by test case TC2515.sh
TC2516.sh on line 632 has count: 30
Buggy line 632 is covered by test case TC2516.sh
TC2517.sh on line 632 has count: 30
Buggy line 632 is covered by test case TC2517.sh
TC2518.sh on line 632 has count: 30
Buggy line 632 is covered by test case TC2518.sh
TC2521.sh on line 632 has count: 30
Buggy line 632 is covered by test case TC2521.sh
TC2522.sh on line 632 has count: 30
Buggy line 632 is covered by test case TC2522.sh
TC2523.sh on line 632 has count: 30
Buggy line 632 is covered by test case TC2523.sh
TC2525.sh on line 632 has count: 8
Buggy line 632 is covered by test case TC2525.sh
TC2526.sh on line 632 has count: 12
Buggy line 632 is covered by test case TC2526.sh
TC2527.sh on line 632 has count: 40
Buggy line 632 is covered by test case TC2527.sh
TC2551.sh on line 632 has count: 20
Buggy line 632 is covered by test case TC2551.sh
TC2555.sh on line 632 has count: 14
Buggy line 632 is covered by test case TC2555.sh
TC2556.sh on line 632 has count: 14
Buggy line 632 is covered by test case TC2556.sh
TC2557.sh on line 632 has count: 14
Buggy line 632 is covered by test case TC2557.sh
TC2558.sh on line 632 has count: 14
Buggy line 632 is covered by test case TC2558.sh
TC2560.sh on line 632 has count: 30
Buggy line 632 is covered by test case TC2560.sh
TC2561.sh on line 632 has count: 30
Buggy line 632 is covered by test case TC2561.sh
TC2562.sh on line 632 has count: 30
Buggy line 632 is covered by test case TC2562.sh
TC2563.sh on line 632 has count: 30
Buggy line 632 is covered by test case TC2563.sh
TC2564.sh on line 632 has count: 30
Buggy line 632 is covered by test case TC2564.sh
TC2565.sh on line 632 has count: 30
Buggy line 632 is covered by test case TC2565.sh
TC2566.sh on line 632 has count: 30
Buggy line 632 is covered by test case TC2566.sh
TC2567.sh on line 632 has count: 24
Buggy line 632 is covered by test case TC2567.sh
TC2568.sh on line 632 has count: 24
Buggy line 632 is covered by test case TC2568.sh
TC2569.sh on line 632 has count: 24
Buggy line 632 is covered by test case TC2569.sh
TC2570.sh on line 632 has count: 24
Buggy line 632 is covered by test case TC2570.sh
TC2571.sh on line 632 has count: 24
Buggy line 632 is covered by test case TC2571.sh
TC2572.sh on line 632 has count: 24
Buggy line 632 is covered by test case TC2572.sh
TC2573.sh on line 632 has count: 24
Buggy line 632 is covered by test case TC2573.sh
TC2574.sh on line 632 has count: 24
Buggy line 632 is covered by test case TC2574.sh
TC2575.sh on line 632 has count: 24
Buggy line 632 is covered by test case TC2575.sh
TC2576.sh on line 632 has count: 24
Buggy line 632 is covered by test case TC2576.sh
>> Saving version c14n.MUT481.c to database
>> Reverted c14n.c to original from c14n.MUT481.c

+++++ STDERR +++++

+++++ results for c14n.MUT2109.c +++++
+++++ STDOUT +++++
Testing version c14n.MUT2109.c on faster27.swtv::core1
>> Building libxml2_TF_top30
>> Applied patch to c14n.c with c14n.MUT2109.c
>> Building libxml2_TF_top30
TC2501.sh on line 2222 has count: 5
Buggy line 2222 is covered by test case TC2501.sh
TC2502.sh on line 2222 has count: 11
Buggy line 2222 is covered by test case TC2502.sh
TC2503.sh on line 2222 has count: 22
Buggy line 2222 is covered by test case TC2503.sh
TC2504.sh on line 2222 has count: 14
Buggy line 2222 is covered by test case TC2504.sh
TC2505.sh on line 2222 has count: 3
Buggy line 2222 is covered by test case TC2505.sh
TC2506.sh on line 2222 has count: 1
Buggy line 2222 is covered by test case TC2506.sh
TC2507.sh on line 2222 has count: 2
Buggy line 2222 is covered by test case TC2507.sh
TC2508.sh on line 2222 has count: 2
Buggy line 2222 is covered by test case TC2508.sh
TC2509.sh on line 2222 has count: 11
Buggy line 2222 is covered by test case TC2509.sh
TC2510.sh on line 2222 has count: 22
Buggy line 2222 is covered by test case TC2510.sh
TC2511.sh on line 2222 has count: 14
Buggy line 2222 is covered by test case TC2511.sh
TC2512.sh on line 2222 has count: 2
Buggy line 2222 is covered by test case TC2512.sh
TC2513.sh on line 2222 has count: 1
Buggy line 2222 is covered by test case TC2513.sh
TC2514.sh on line 2222 has count: 2
Buggy line 2222 is covered by test case TC2514.sh
TC2515.sh on line 2222 has count: 9
Buggy line 2222 is covered by test case TC2515.sh
TC2516.sh on line 2222 has count: 9
Buggy line 2222 is covered by test case TC2516.sh
TC2517.sh on line 2222 has count: 9
Buggy line 2222 is covered by test case TC2517.sh
TC2518.sh on line 2222 has count: 11
Buggy line 2222 is covered by test case TC2518.sh
TC2519.sh on line 2222 has count: 9
Buggy line 2222 is covered by test case TC2519.sh
TC2520.sh on line 2222 has count: 9
Buggy line 2222 is covered by test case TC2520.sh
TC2523.sh on line 2222 has count: 9
Buggy line 2222 is covered by test case TC2523.sh
TC2524.sh on line 2222 has count: 1
Buggy line 2222 is covered by test case TC2524.sh
TC2525.sh on line 2222 has count: 11
Buggy line 2222 is covered by test case TC2525.sh
TC2526.sh on line 2222 has count: 3
Buggy line 2222 is covered by test case TC2526.sh
TC2527.sh on line 2222 has count: 10
Buggy line 2222 is covered by test case TC2527.sh
TC2528.sh on line 2222 has count: 8
Buggy line 2222 is covered by test case TC2528.sh
TC2529.sh on line 2222 has count: 8
Buggy line 2222 is covered by test case TC2529.sh
TC2530.sh on line 2222 has count: 8
Buggy line 2222 is covered by test case TC2530.sh
TC2531.sh on line 2222 has count: 8
Buggy line 2222 is covered by test case TC2531.sh
TC2532.sh on line 2222 has count: 8
Buggy line 2222 is covered by test case TC2532.sh
TC2533.sh on line 2222 has count: 8
Buggy line 2222 is covered by test case TC2533.sh
TC2536.sh on line 2222 has count: 8
Buggy line 2222 is covered by test case TC2536.sh
TC2537.sh on line 2222 has count: 8
Buggy line 2222 is covered by test case TC2537.sh
TC2538.sh on line 2222 has count: 8
Buggy line 2222 is covered by test case TC2538.sh
TC2539.sh on line 2222 has count: 8
Buggy line 2222 is covered by test case TC2539.sh
TC2540.sh on line 2222 has count: 8
Buggy line 2222 is covered by test case TC2540.sh
TC2541.sh on line 2222 has count: 8
Buggy line 2222 is covered by test case TC2541.sh
TC2542.sh on line 2222 has count: 8
Buggy line 2222 is covered by test case TC2542.sh
TC2545.sh on line 2222 has count: 8
Buggy line 2222 is covered by test case TC2545.sh
TC2546.sh on line 2222 has count: 9
Buggy line 2222 is covered by test case TC2546.sh
TC2547.sh on line 2222 has count: 9
Buggy line 2222 is covered by test case TC2547.sh
TC2548.sh on line 2222 has count: 16
Buggy line 2222 is covered by test case TC2548.sh
TC2549.sh on line 2222 has count: 2
Buggy line 2222 is covered by test case TC2549.sh
TC2550.sh on line 2222 has count: 11
Buggy line 2222 is covered by test case TC2550.sh
TC2551.sh on line 2222 has count: 22
Buggy line 2222 is covered by test case TC2551.sh
TC2552.sh on line 2222 has count: 14
Buggy line 2222 is covered by test case TC2552.sh
TC2553.sh on line 2222 has count: 2
Buggy line 2222 is covered by test case TC2553.sh
TC2554.sh on line 2222 has count: 1
Buggy line 2222 is covered by test case TC2554.sh
TC2555.sh on line 2222 has count: 2
Buggy line 2222 is covered by test case TC2555.sh
TC2556.sh on line 2222 has count: 4
Buggy line 2222 is covered by test case TC2556.sh
TC2557.sh on line 2222 has count: 4
Buggy line 2222 is covered by test case TC2557.sh
TC2558.sh on line 2222 has count: 4
Buggy line 2222 is covered by test case TC2558.sh
TC2559.sh on line 2222 has count: 3
Buggy line 2222 is covered by test case TC2559.sh
TC2560.sh on line 2222 has count: 20
Buggy line 2222 is covered by test case TC2560.sh
TC2561.sh on line 2222 has count: 12
Buggy line 2222 is covered by test case TC2561.sh
TC2562.sh on line 2222 has count: 4
Buggy line 2222 is covered by test case TC2562.sh
TC2563.sh on line 2222 has count: 1
Buggy line 2222 is covered by test case TC2563.sh
TC2564.sh on line 2222 has count: 1
Buggy line 2222 is covered by test case TC2564.sh
TC2565.sh on line 2222 has count: 4
Buggy line 2222 is covered by test case TC2565.sh
TC2566.sh on line 2222 has count: 8
Buggy line 2222 is covered by test case TC2566.sh
TC2567.sh on line 2222 has count: 9
Buggy line 2222 is covered by test case TC2567.sh
TC2568.sh on line 2222 has count: 5
Buggy line 2222 is covered by test case TC2568.sh
TC2569.sh on line 2222 has count: 9
Buggy line 2222 is covered by test case TC2569.sh
TC2570.sh on line 2222 has count: 2
Buggy line 2222 is covered by test case TC2570.sh
TC2571.sh on line 2222 has count: 3
Buggy line 2222 is covered by test case TC2571.sh
TC2572.sh on line 2222 has count: 7
Buggy line 2222 is covered by test case TC2572.sh
TC2573.sh on line 2222 has count: 9
Buggy line 2222 is covered by test case TC2573.sh
TC2574.sh on line 2222 has count: 2
Buggy line 2222 is covered by test case TC2574.sh
TC2575.sh on line 2222 has count: 3
Buggy line 2222 is covered by test case TC2575.sh
TC2576.sh on line 2222 has count: 7
Buggy line 2222 is covered by test case TC2576.sh
>> Saving version c14n.MUT2109.c to database
>> Reverted c14n.c to original from c14n.MUT2109.c

+++++ STDERR +++++

+++++ results for uri.MUT2539.c +++++
+++++ STDOUT +++++
Testing version uri.MUT2539.c on faster27.swtv::core1
>> Building libxml2_TF_top30
>> Applied patch to uri.c with uri.MUT2539.c
>> Building libxml2_TF_top30
TC325.sh on line 2100 has count: 6
Buggy line 2100 is covered by test case TC325.sh
TC498.sh on line 2100 has count: 4
Buggy line 2100 is covered by test case TC498.sh
TC741.sh on line 2100 has count: 6
Buggy line 2100 is covered by test case TC741.sh
TC1376.sh on line 2100 has count: 12
Buggy line 2100 is covered by test case TC1376.sh
TC1940.sh on line 2100 has count: 4
Buggy line 2100 is covered by test case TC1940.sh
TC1943.sh on line 2100 has count: 4
Buggy line 2100 is covered by test case TC1943.sh
TC1945.sh on line 2100 has count: 4
Buggy line 2100 is covered by test case TC1945.sh
TC1946.sh on line 2100 has count: 4
Buggy line 2100 is covered by test case TC1946.sh
TC1947.sh on line 2100 has count: 4
Buggy line 2100 is covered by test case TC1947.sh
TC1948.sh on line 2100 has count: 4
Buggy line 2100 is covered by test case TC1948.sh
TC1951.sh on line 2100 has count: 8
Buggy line 2100 is covered by test case TC1951.sh
TC1952.sh on line 2100 has count: 4
Buggy line 2100 is covered by test case TC1952.sh
TC1953.sh on line 2100 has count: 4
Buggy line 2100 is covered by test case TC1953.sh
TC1955.sh on line 2100 has count: 4
Buggy line 2100 is covered by test case TC1955.sh
TC1958.sh on line 2100 has count: 4
Buggy line 2100 is covered by test case TC1958.sh
TC1959.sh on line 2100 has count: 4
Buggy line 2100 is covered by test case TC1959.sh
TC1961.sh on line 2100 has count: 4
Buggy line 2100 is covered by test case TC1961.sh
TC1964.sh on line 2100 has count: 4
Buggy line 2100 is covered by test case TC1964.sh
TC1965.sh on line 2100 has count: 4
Buggy line 2100 is covered by test case TC1965.sh
TC1966.sh on line 2100 has count: 4
Buggy line 2100 is covered by test case TC1966.sh
TC1967.sh on line 2100 has count: 4
Buggy line 2100 is covered by test case TC1967.sh
TC1970.sh on line 2100 has count: 4
Buggy line 2100 is covered by test case TC1970.sh
TC1971.sh on line 2100 has count: 4
Buggy line 2100 is covered by test case TC1971.sh
TC1972.sh on line 2100 has count: 4
Buggy line 2100 is covered by test case TC1972.sh
TC1973.sh on line 2100 has count: 4
Buggy line 2100 is covered by test case TC1973.sh
TC1978.sh on line 2100 has count: 4
Buggy line 2100 is covered by test case TC1978.sh
TC1996.sh on line 2100 has count: 4
Buggy line 2100 is covered by test case TC1996.sh
TC1999.sh on line 2100 has count: 4
Buggy line 2100 is covered by test case TC1999.sh
TC2001.sh on line 2100 has count: 4
Buggy line 2100 is covered by test case TC2001.sh
TC2002.sh on line 2100 has count: 4
Buggy line 2100 is covered by test case TC2002.sh
TC2003.sh on line 2100 has count: 4
Buggy line 2100 is covered by test case TC2003.sh
TC2004.sh on line 2100 has count: 4
Buggy line 2100 is covered by test case TC2004.sh
TC2007.sh on line 2100 has count: 8
Buggy line 2100 is covered by test case TC2007.sh
TC2008.sh on line 2100 has count: 4
Buggy line 2100 is covered by test case TC2008.sh
TC2009.sh on line 2100 has count: 4
Buggy line 2100 is covered by test case TC2009.sh
TC2011.sh on line 2100 has count: 4
Buggy line 2100 is covered by test case TC2011.sh
TC2014.sh on line 2100 has count: 4
Buggy line 2100 is covered by test case TC2014.sh
TC2015.sh on line 2100 has count: 4
Buggy line 2100 is covered by test case TC2015.sh
TC2017.sh on line 2100 has count: 4
Buggy line 2100 is covered by test case TC2017.sh
TC2020.sh on line 2100 has count: 4
Buggy line 2100 is covered by test case TC2020.sh
TC2021.sh on line 2100 has count: 4
Buggy line 2100 is covered by test case TC2021.sh
TC2022.sh on line 2100 has count: 4
Buggy line 2100 is covered by test case TC2022.sh
TC2023.sh on line 2100 has count: 4
Buggy line 2100 is covered by test case TC2023.sh
TC2026.sh on line 2100 has count: 4
Buggy line 2100 is covered by test case TC2026.sh
TC2028.sh on line 2100 has count: 4
Buggy line 2100 is covered by test case TC2028.sh
TC2030.sh on line 2100 has count: 4
Buggy line 2100 is covered by test case TC2030.sh
TC2032.sh on line 2100 has count: 4
Buggy line 2100 is covered by test case TC2032.sh
TC2037.sh on line 2100 has count: 4
Buggy line 2100 is covered by test case TC2037.sh
TC2038.sh on line 2100 has count: 4
Buggy line 2100 is covered by test case TC2038.sh
TC2039.sh on line 2100 has count: 20
Buggy line 2100 is covered by test case TC2039.sh
TC2043.sh on line 2100 has count: 0
Buggy line 2100 is NOT covered by test case TC2043.sh
>> Reverted uri.c to original from uri.MUT2539.c

+++++ STDERR +++++

+++++ results for c14n.MUT321.c +++++
+++++ STDOUT +++++
Testing version c14n.MUT321.c on faster27.swtv::core1
>> Building libxml2_TF_top30
>> Applied patch to c14n.c with c14n.MUT321.c
>> Building libxml2_TF_top30
TC2547.sh on line 433 has count: 0
Buggy line 433 is NOT covered by test case TC2547.sh
>> Reverted c14n.c to original from c14n.MUT321.c

+++++ STDERR +++++

+++++ results for relaxng.MUT11959.c +++++
+++++ STDOUT +++++
Testing version relaxng.MUT11959.c on faster27.swtv::core1
>> Building libxml2_TF_top30
>> Applied patch to relaxng.c with relaxng.MUT11959.c
>> Building libxml2_TF_top30
Buggy line 8865 is NOT covered by test case TC2446.sh
>> Reverted relaxng.c to original from relaxng.MUT11959.c
>> Cleaning build for libxml2_TF_top30

+++++ STDERR +++++
