Initialized working directory: /ssd_home/yangheechan/FL-Dataset-Generating-Tool/work/opencv_imgproc_TF_top30
Remained versions: 232
Per file count: 9
opencv_imgproc_TF_top30/modules/imgproc/src/intelligent_scissors.cpp: 34
opencv_imgproc_TF_top30/modules/imgproc/src/emd_new.cpp: 42
opencv_imgproc_TF_top30/modules/imgproc/src/color_yuv.dispatch.cpp: 7
opencv_imgproc_TF_top30/modules/imgproc/src/rotcalipers.cpp: 27
opencv_imgproc_TF_top30/modules/imgproc/src/templmatch.cpp: 48
opencv_imgproc_TF_top30/modules/imgproc/src/contours_new.cpp: 22
opencv_imgproc_TF_top30/modules/imgproc/src/intersection.cpp: 19
opencv_imgproc_TF_top30/modules/imgproc/src/contours_common.cpp: 11
opencv_imgproc_TF_top30/modules/imgproc/src/contours_approx.cpp: 22

include_bug_idx: 232
opencv_imgproc_TF_top30/modules/imgproc/src/intelligent_scissors.cpp: 34
opencv_imgproc_TF_top30/modules/imgproc/src/emd_new.cpp: 42
opencv_imgproc_TF_top30/modules/imgproc/src/color_yuv.dispatch.cpp: 7
opencv_imgproc_TF_top30/modules/imgproc/src/rotcalipers.cpp: 27
opencv_imgproc_TF_top30/modules/imgproc/src/templmatch.cpp: 48
opencv_imgproc_TF_top30/modules/imgproc/src/contours_new.cpp: 22
opencv_imgproc_TF_top30/modules/imgproc/src/intersection.cpp: 19
opencv_imgproc_TF_top30/modules/imgproc/src/contours_common.cpp: 11
opencv_imgproc_TF_top30/modules/imgproc/src/contours_approx.cpp: 22
>> MBFL extraction on 232 of buggy versions <<
Number of tasks (assigned_works): 232
Number of tasks (works): 232
Number of tasks (repo): 232
Number of tasks (configurations): 29
Number of tasks (src): 29
Number of tasks (tools): 29
Number of tasks (configurations): 29
Batch ID: batch_0
Batch size: 8
Batch ID: batch_0
Batch size: 8
Batch ID: batch_0
Batch size: 8
Batch ID: batch_0
Batch size: 8
Batch ID: batch_0
Batch size: 8
Batch ID: batch_0
Batch size: 8
Batch ID: batch_0
Batch size: 8
Batch ID: batch_0
Batch size: 8
Batch ID: batch_0
Batch size: 8
Batch ID: batch_0
Batch size: 8
Batch ID: batch_0
Batch size: 8
Batch ID: batch_0
Batch size: 8
Batch ID: batch_0
Batch size: 8
Batch ID: batch_0
Batch size: 8
Batch ID: batch_0
Batch size: 8
Batch ID: batch_0
Batch size: 8
Batch ID: batch_0
Batch size: 8
Batch ID: batch_0
Batch size: 8
Batch ID: batch_0
Batch size: 8
Batch ID: batch_0
Batch size: 8
Batch ID: batch_0
Batch size: 8
Batch ID: batch_0
Batch size: 8
Batch ID: batch_0
Batch size: 8
Batch ID: batch_0
Batch size: 8
Batch ID: batch_0
Batch size: 8
Batch ID: batch_0
Batch size: 8
Batch ID: batch_0
Batch size: 8
Batch ID: batch_0
Batch size: 8
Batch ID: batch_0
Batch size: 8
Testing on faster11.swtv::core5
Testing on faster48.swtv::core5
Testing on faster7.swtv::core2
Testing on faster47.swtv::core1
Testing on faster39.swtv::core3
Testing on faster28.swtv::core3
Testing on faster51.swtv::core3
Testing on faster48.swtv::core6
Testing on faster50.swtv::core5
Testing on faster47.swtv::core5
Testing on faster15.swtv::core5
Testing on faster11.swtv::core0
Testing on faster19.swtv::core6
Testing on faster24.swtv::core6
Testing on faster24.swtv::core2
Testing on faster36.swtv::core5
Testing on faster11.swtv::core6
Testing on faster11.swtv::core3
Testing on faster28.swtv::core5
Testing on faster34.swtv::core7
Testing on faster29.swtv::core1
Testing on faster11.swtv::core7
Testing on faster36.swtv::core7
Testing on faster7.swtv::core7
Testing on faster11.swtv::core1
Testing on faster39.swtv::core2
Testing on faster11.swtv::core4
Testing on faster36.swtv::core6
Testing on faster50.swtv::core1
Testing on faster51.swtv::core2
Testing on faster27.swtv::core3
Testing on faster51.swtv::core1
Testing on faster36.swtv::core0
Testing on faster36.swtv::core2
Testing on faster46.swtv::core3
Testing on faster40.swtv::core6
Testing on faster51.swtv::core6
Testing on faster51.swtv::core7
Testing on faster46.swtv::core1
Testing on faster11.swtv::core2
batch_0-faster11.swtv : Job Process-653:6 has been finished: ['faster11.swtv', 'core5', '/home/yangheechan/', PosixPath('/ssd_home/yangheechan/FL-Dataset-Generating-Tool/out/opencv_imgproc_TF_top30/prerequisite_data/color_yuv.dispatch.MUT92.cpp')]
batch_0-faster11.swtv : Job Process-653:1 has been finished: ['faster11.swtv', 'core0', '/home/yangheechan/', PosixPath('/ssd_home/yangheechan/FL-Dataset-Generating-Tool/out/opencv_imgproc_TF_top30/prerequisite_data/contours_new.MUT1051.cpp')]
batch_0-faster11.swtv : Job Process-653:7 has been finished: ['faster11.swtv', 'core6', '/home/yangheechan/', PosixPath('/ssd_home/yangheechan/FL-Dataset-Generating-Tool/out/opencv_imgproc_TF_top30/prerequisite_data/intersection.MUT128.cpp')]
batch_0-faster11.swtv : Job Process-653:4 has been finished: ['faster11.swtv', 'core3', '/home/yangheechan/', PosixPath('/ssd_home/yangheechan/FL-Dataset-Generating-Tool/out/opencv_imgproc_TF_top30/prerequisite_data/rotcalipers.MUT36.cpp')]
batch_0-faster11.swtv : Job Process-653:8 has been finished: ['faster11.swtv', 'core7', '/home/yangheechan/', PosixPath('/ssd_home/yangheechan/FL-Dataset-Generating-Tool/out/opencv_imgproc_TF_top30/prerequisite_data/intelligent_scissors.MUT275.cpp')]
batch_0-faster11.swtv : Job Process-653:2 has been finished: ['faster11.swtv', 'core1', '/home/yangheechan/', PosixPath('/ssd_home/yangheechan/FL-Dataset-Generating-Tool/out/opencv_imgproc_TF_top30/prerequisite_data/intelligent_scissors.MUT385.cpp')]
batch_0-faster11.swtv : Job Process-653:5 has been finished: ['faster11.swtv', 'core4', '/home/yangheechan/', PosixPath('/ssd_home/yangheechan/FL-Dataset-Generating-Tool/out/opencv_imgproc_TF_top30/prerequisite_data/contours_new.MUT1038.cpp')]
>> ENTERING TERMINATION PHASE for batch_0 of faster11.swtv <<
batch_0-faster11.swtv - 7 finished jobs with 1 leftover, threshold: 6.4
batch_0-faster11.swtv : Job Process-653:3 has been finished: ['faster11.swtv', 'core2', '/home/yangheechan/', PosixPath('/ssd_home/yangheechan/FL-Dataset-Generating-Tool/out/opencv_imgproc_TF_top30/prerequisite_data/emd_new.MUT956.cpp')]
Testing on faster45.swtv::core6
Testing on faster7.swtv::core3
Testing on faster50.swtv::core6
Testing on faster50.swtv::core7
Testing on faster36.swtv::core3
Testing on faster51.swtv::core4
Testing on faster15.swtv::core2
Testing on faster27.swtv::core4
Testing on faster32.swtv::core0
Testing on faster19.swtv::core4
Testing on faster27.swtv::core1
Testing on faster27.swtv::core7
Testing on faster46.swtv::core2
Testing on faster38.swtv::core0
Testing on faster25.swtv::core7
Testing on faster44.swtv::core0
Testing on faster25.swtv::core3
Testing on faster28.swtv::core7
Testing on faster37.swtv::core5
Testing on faster8.swtv::core2
Testing on faster40.swtv::core3
Testing on faster40.swtv::core4
Testing on faster39.swtv::core7
Testing on faster36.swtv::core4
Testing on faster51.swtv::core0
Testing on faster14.swtv::core4
Testing on faster14.swtv::core7
Testing on faster15.swtv::core4
Testing on faster27.swtv::core2
Testing on faster29.swtv::core4
Testing on faster48.swtv::core3
Testing on faster48.swtv::core2
Testing on faster32.swtv::core3
Testing on faster15.swtv::core1
Testing on faster47.swtv::core0
Testing on faster25.swtv::core1
Testing on faster32.swtv::core5
Testing on faster47.swtv::core2
Testing on faster25.swtv::core0
Testing on faster26.swtv::core1
Testing on faster50.swtv::core2
Testing on faster7.swtv::core0
Testing on faster39.swtv::core6
Testing on faster37.swtv::core0
Testing on faster32.swtv::core4
Testing on faster45.swtv::core7
Testing on faster32.swtv::core7
Testing on faster27.swtv::core0
Testing on faster38.swtv::core7
Testing on faster8.swtv::core3
Testing on faster38.swtv::core1
Testing on faster20.swtv::core0
Testing on faster23.swtv::core1
Testing on faster20.swtv::core7
Testing on faster26.swtv::core0
Testing on faster26.swtv::core4
Testing on faster46.swtv::core7
Testing on faster48.swtv::core0
Testing on faster40.swtv::core7
Testing on faster36.swtv::core1
batch_0-faster36.swtv : Job Process-667:6 has been finished: ['faster36.swtv', 'core5', '/home/yangheechan/', PosixPath('/ssd_home/yangheechan/FL-Dataset-Generating-Tool/out/opencv_imgproc_TF_top30/prerequisite_data/rotcalipers.MUT132.cpp')]
batch_0-faster36.swtv : Job Process-667:8 has been finished: ['faster36.swtv', 'core7', '/home/yangheechan/', PosixPath('/ssd_home/yangheechan/FL-Dataset-Generating-Tool/out/opencv_imgproc_TF_top30/prerequisite_data/contours_new.MUT750.cpp')]
batch_0-faster36.swtv : Job Process-667:7 has been finished: ['faster36.swtv', 'core6', '/home/yangheechan/', PosixPath('/ssd_home/yangheechan/FL-Dataset-Generating-Tool/out/opencv_imgproc_TF_top30/prerequisite_data/intersection.MUT376.cpp')]
batch_0-faster36.swtv : Job Process-667:1 has been finished: ['faster36.swtv', 'core0', '/home/yangheechan/', PosixPath('/ssd_home/yangheechan/FL-Dataset-Generating-Tool/out/opencv_imgproc_TF_top30/prerequisite_data/templmatch.MUT336.cpp')]
batch_0-faster36.swtv : Job Process-667:3 has been finished: ['faster36.swtv', 'core2', '/home/yangheechan/', PosixPath('/ssd_home/yangheechan/FL-Dataset-Generating-Tool/out/opencv_imgproc_TF_top30/prerequisite_data/rotcalipers.MUT262.cpp')]
batch_0-faster36.swtv : Job Process-667:4 has been finished: ['faster36.swtv', 'core3', '/home/yangheechan/', PosixPath('/ssd_home/yangheechan/FL-Dataset-Generating-Tool/out/opencv_imgproc_TF_top30/prerequisite_data/templmatch.MUT280.cpp')]
batch_0-faster36.swtv : Job Process-667:5 has been finished: ['faster36.swtv', 'core4', '/home/yangheechan/', PosixPath('/ssd_home/yangheechan/FL-Dataset-Generating-Tool/out/opencv_imgproc_TF_top30/prerequisite_data/contours_new.MUT847.cpp')]
>> ENTERING TERMINATION PHASE for batch_0 of faster36.swtv <<
batch_0-faster36.swtv - 7 finished jobs with 1 leftover, threshold: 6.4
batch_0-faster36.swtv : Job Process-667:2 has been finished: ['faster36.swtv', 'core1', '/home/yangheechan/', PosixPath('/ssd_home/yangheechan/FL-Dataset-Generating-Tool/out/opencv_imgproc_TF_top30/prerequisite_data/contours_approx.MUT9.cpp')]
Testing on faster51.swtv::core5
batch_0-faster51.swtv : Job Process-679:4 has been finished: ['faster51.swtv', 'core3', '/home/yangheechan/', PosixPath('/ssd_home/yangheechan/FL-Dataset-Generating-Tool/out/opencv_imgproc_TF_top30/prerequisite_data/color_yuv.dispatch.MUT133.cpp')]
batch_0-faster51.swtv : Job Process-679:3 has been finished: ['faster51.swtv', 'core2', '/home/yangheechan/', PosixPath('/ssd_home/yangheechan/FL-Dataset-Generating-Tool/out/opencv_imgproc_TF_top30/prerequisite_data/intersection.MUT73.cpp')]
batch_0-faster51.swtv : Job Process-679:2 has been finished: ['faster51.swtv', 'core1', '/home/yangheechan/', PosixPath('/ssd_home/yangheechan/FL-Dataset-Generating-Tool/out/opencv_imgproc_TF_top30/prerequisite_data/intelligent_scissors.MUT106.cpp')]
batch_0-faster51.swtv : Job Process-679:7 has been finished: ['faster51.swtv', 'core6', '/home/yangheechan/', PosixPath('/ssd_home/yangheechan/FL-Dataset-Generating-Tool/out/opencv_imgproc_TF_top30/prerequisite_data/templmatch.MUT344.cpp')]
batch_0-faster51.swtv : Job Process-679:8 has been finished: ['faster51.swtv', 'core7', '/home/yangheechan/', PosixPath('/ssd_home/yangheechan/FL-Dataset-Generating-Tool/out/opencv_imgproc_TF_top30/prerequisite_data/rotcalipers.MUT16.cpp')]
batch_0-faster51.swtv : Job Process-679:5 has been finished: ['faster51.swtv', 'core4', '/home/yangheechan/', PosixPath('/ssd_home/yangheechan/FL-Dataset-Generating-Tool/out/opencv_imgproc_TF_top30/prerequisite_data/templmatch.MUT370.cpp')]
batch_0-faster51.swtv : Job Process-679:1 has been finished: ['faster51.swtv', 'core0', '/home/yangheechan/', PosixPath('/ssd_home/yangheechan/FL-Dataset-Generating-Tool/out/opencv_imgproc_TF_top30/prerequisite_data/templmatch.MUT1354.cpp')]
>> ENTERING TERMINATION PHASE for batch_0 of faster51.swtv <<
batch_0-faster51.swtv - 7 finished jobs with 1 leftover, threshold: 6.4
batch_0-faster51.swtv : Job Process-679:6 has been finished: ['faster51.swtv', 'core5', '/home/yangheechan/', PosixPath('/ssd_home/yangheechan/FL-Dataset-Generating-Tool/out/opencv_imgproc_TF_top30/prerequisite_data/templmatch.MUT170.cpp')]
Testing on faster40.swtv::core2
Testing on faster47.swtv::core3
Testing on faster40.swtv::core1
Testing on faster15.swtv::core3
Testing on faster24.swtv::core3
Testing on faster45.swtv::core3
Testing on faster39.swtv::core4
Testing on faster45.swtv::core4
Testing on faster38.swtv::core5
Testing on faster38.swtv::core4
Testing on faster37.swtv::core7
Testing on faster37.swtv::core6
Testing on faster47.swtv::core6
Testing on faster24.swtv::core1
Testing on faster7.swtv::core6
Testing on faster50.swtv::core4
Testing on faster27.swtv::core6
Testing on faster37.swtv::core1
Testing on faster20.swtv::core4
Testing on faster25.swtv::core6
Testing on faster25.swtv::core5
Testing on faster42.swtv::core7
Testing on faster39.swtv::core5
Testing on faster27.swtv::core5
batch_0-faster27.swtv : Job Process-662:4 has been finished: ['faster27.swtv', 'core3', '/home/yangheechan/', PosixPath('/ssd_home/yangheechan/FL-Dataset-Generating-Tool/out/opencv_imgproc_TF_top30/prerequisite_data/templmatch.MUT42.cpp')]
batch_0-faster27.swtv : Job Process-662:5 has been finished: ['faster27.swtv', 'core4', '/home/yangheechan/', PosixPath('/ssd_home/yangheechan/FL-Dataset-Generating-Tool/out/opencv_imgproc_TF_top30/prerequisite_data/templmatch.MUT91.cpp')]
batch_0-faster27.swtv : Job Process-662:2 has been finished: ['faster27.swtv', 'core1', '/home/yangheechan/', PosixPath('/ssd_home/yangheechan/FL-Dataset-Generating-Tool/out/opencv_imgproc_TF_top30/prerequisite_data/intersection.MUT535.cpp')]
batch_0-faster27.swtv : Job Process-662:8 has been finished: ['faster27.swtv', 'core7', '/home/yangheechan/', PosixPath('/ssd_home/yangheechan/FL-Dataset-Generating-Tool/out/opencv_imgproc_TF_top30/prerequisite_data/intersection.MUT280.cpp')]
batch_0-faster27.swtv : Job Process-662:3 has been finished: ['faster27.swtv', 'core2', '/home/yangheechan/', PosixPath('/ssd_home/yangheechan/FL-Dataset-Generating-Tool/out/opencv_imgproc_TF_top30/prerequisite_data/rotcalipers.MUT431.cpp')]
batch_0-faster27.swtv : Job Process-662:1 has been finished: ['faster27.swtv', 'core0', '/home/yangheechan/', PosixPath('/ssd_home/yangheechan/FL-Dataset-Generating-Tool/out/opencv_imgproc_TF_top30/prerequisite_data/templmatch.MUT725.cpp')]
batch_0-faster27.swtv : Job Process-662:7 has been finished: ['faster27.swtv', 'core6', '/home/yangheechan/', PosixPath('/ssd_home/yangheechan/FL-Dataset-Generating-Tool/out/opencv_imgproc_TF_top30/prerequisite_data/templmatch.MUT1077.cpp')]
>> ENTERING TERMINATION PHASE for batch_0 of faster27.swtv <<
batch_0-faster27.swtv - 7 finished jobs with 1 leftover, threshold: 6.4
batch_0-faster27.swtv : Job Process-662:6 has been finished: ['faster27.swtv', 'core5', '/home/yangheechan/', PosixPath('/ssd_home/yangheechan/FL-Dataset-Generating-Tool/out/opencv_imgproc_TF_top30/prerequisite_data/contours_common.MUT59.cpp')]
Testing on faster19.swtv::core1
Testing on faster28.swtv::core4
Testing on faster50.swtv::core3
Testing on faster44.swtv::core5
Testing on faster39.swtv::core0
Testing on faster48.swtv::core1
Testing on faster42.swtv::core0
Testing on faster15.swtv::core0
Testing on faster15.swtv::core6
Testing on faster7.swtv::core1
Testing on faster47.swtv::core4
Testing on faster40.swtv::core5
Testing on faster37.swtv::core3
Testing on faster29.swtv::core6
Testing on faster34.swtv::core6
Testing on faster15.swtv::core7
batch_0-faster15.swtv : Job Process-655:6 has been finished: ['faster15.swtv', 'core5', '/home/yangheechan/', PosixPath('/ssd_home/yangheechan/FL-Dataset-Generating-Tool/out/opencv_imgproc_TF_top30/prerequisite_data/color_yuv.dispatch.MUT10.cpp')]
batch_0-faster15.swtv : Job Process-655:3 has been finished: ['faster15.swtv', 'core2', '/home/yangheechan/', PosixPath('/ssd_home/yangheechan/FL-Dataset-Generating-Tool/out/opencv_imgproc_TF_top30/prerequisite_data/intersection.MUT405.cpp')]
batch_0-faster15.swtv : Job Process-655:5 has been finished: ['faster15.swtv', 'core4', '/home/yangheechan/', PosixPath('/ssd_home/yangheechan/FL-Dataset-Generating-Tool/out/opencv_imgproc_TF_top30/prerequisite_data/rotcalipers.MUT633.cpp')]
batch_0-faster15.swtv : Job Process-655:2 has been finished: ['faster15.swtv', 'core1', '/home/yangheechan/', PosixPath('/ssd_home/yangheechan/FL-Dataset-Generating-Tool/out/opencv_imgproc_TF_top30/prerequisite_data/emd_new.MUT246.cpp')]
batch_0-faster15.swtv : Job Process-655:4 has been finished: ['faster15.swtv', 'core3', '/home/yangheechan/', PosixPath('/ssd_home/yangheechan/FL-Dataset-Generating-Tool/out/opencv_imgproc_TF_top30/prerequisite_data/emd_new.MUT1539.cpp')]
batch_0-faster15.swtv : Job Process-655:1 has been finished: ['faster15.swtv', 'core0', '/home/yangheechan/', PosixPath('/ssd_home/yangheechan/FL-Dataset-Generating-Tool/out/opencv_imgproc_TF_top30/prerequisite_data/contours_common.MUT109.cpp')]
batch_0-faster15.swtv : Job Process-655:7 has been finished: ['faster15.swtv', 'core6', '/home/yangheechan/', PosixPath('/ssd_home/yangheechan/FL-Dataset-Generating-Tool/out/opencv_imgproc_TF_top30/prerequisite_data/templmatch.MUT1114.cpp')]
>> ENTERING TERMINATION PHASE for batch_0 of faster15.swtv <<
batch_0-faster15.swtv - 7 finished jobs with 1 leftover, threshold: 6.4
batch_0-faster15.swtv : Job Process-655:8 has been finished: ['faster15.swtv', 'core7', '/home/yangheechan/', PosixPath('/ssd_home/yangheechan/FL-Dataset-Generating-Tool/out/opencv_imgproc_TF_top30/prerequisite_data/contours_new.MUT376.cpp')]
Testing on faster26.swtv::core7
Testing on faster26.swtv::core3
Testing on faster37.swtv::core2
Testing on faster26.swtv::core5
Testing on faster40.swtv::core0
batch_0-faster40.swtv : Job Process-671:7 has been finished: ['faster40.swtv', 'core6', '/home/yangheechan/', PosixPath('/ssd_home/yangheechan/FL-Dataset-Generating-Tool/out/opencv_imgproc_TF_top30/prerequisite_data/intersection.MUT81.cpp')]
batch_0-faster40.swtv : Job Process-671:4 has been finished: ['faster40.swtv', 'core3', '/home/yangheechan/', PosixPath('/ssd_home/yangheechan/FL-Dataset-Generating-Tool/out/opencv_imgproc_TF_top30/prerequisite_data/rotcalipers.MUT456.cpp')]
batch_0-faster40.swtv : Job Process-671:5 has been finished: ['faster40.swtv', 'core4', '/home/yangheechan/', PosixPath('/ssd_home/yangheechan/FL-Dataset-Generating-Tool/out/opencv_imgproc_TF_top30/prerequisite_data/rotcalipers.MUT443.cpp')]
batch_0-faster40.swtv : Job Process-671:8 has been finished: ['faster40.swtv', 'core7', '/home/yangheechan/', PosixPath('/ssd_home/yangheechan/FL-Dataset-Generating-Tool/out/opencv_imgproc_TF_top30/prerequisite_data/intelligent_scissors.MUT795.cpp')]
batch_0-faster40.swtv : Job Process-671:3 has been finished: ['faster40.swtv', 'core2', '/home/yangheechan/', PosixPath('/ssd_home/yangheechan/FL-Dataset-Generating-Tool/out/opencv_imgproc_TF_top30/prerequisite_data/intelligent_scissors.MUT342.cpp')]
batch_0-faster40.swtv : Job Process-671:2 has been finished: ['faster40.swtv', 'core1', '/home/yangheechan/', PosixPath('/ssd_home/yangheechan/FL-Dataset-Generating-Tool/out/opencv_imgproc_TF_top30/prerequisite_data/intelligent_scissors.MUT469.cpp')]
batch_0-faster40.swtv : Job Process-671:6 has been finished: ['faster40.swtv', 'core5', '/home/yangheechan/', PosixPath('/ssd_home/yangheechan/FL-Dataset-Generating-Tool/out/opencv_imgproc_TF_top30/prerequisite_data/templmatch.MUT216.cpp')]
>> ENTERING TERMINATION PHASE for batch_0 of faster40.swtv <<
batch_0-faster40.swtv - 7 finished jobs with 1 leftover, threshold: 6.4
batch_0-faster40.swtv : Job Process-671:1 has been finished: ['faster40.swtv', 'core0', '/home/yangheechan/', PosixPath('/ssd_home/yangheechan/FL-Dataset-Generating-Tool/out/opencv_imgproc_TF_top30/prerequisite_data/contours_approx.MUT278.cpp')]
Testing on faster19.swtv::core2
Testing on faster39.swtv::core1
batch_0-faster39.swtv : Job Process-670:4 has been finished: ['faster39.swtv', 'core3', '/home/yangheechan/', PosixPath('/ssd_home/yangheechan/FL-Dataset-Generating-Tool/out/opencv_imgproc_TF_top30/prerequisite_data/color_yuv.dispatch.MUT40.cpp')]
batch_0-faster39.swtv : Job Process-670:3 has been finished: ['faster39.swtv', 'core2', '/home/yangheechan/', PosixPath('/ssd_home/yangheechan/FL-Dataset-Generating-Tool/out/opencv_imgproc_TF_top30/prerequisite_data/intersection.MUT142.cpp')]
batch_0-faster39.swtv : Job Process-670:8 has been finished: ['faster39.swtv', 'core7', '/home/yangheechan/', PosixPath('/ssd_home/yangheechan/FL-Dataset-Generating-Tool/out/opencv_imgproc_TF_top30/prerequisite_data/templmatch.MUT546.cpp')]
batch_0-faster39.swtv : Job Process-670:7 has been finished: ['faster39.swtv', 'core6', '/home/yangheechan/', PosixPath('/ssd_home/yangheechan/FL-Dataset-Generating-Tool/out/opencv_imgproc_TF_top30/prerequisite_data/intelligent_scissors.MUT524.cpp')]
batch_0-faster39.swtv : Job Process-670:5 has been finished: ['faster39.swtv', 'core4', '/home/yangheechan/', PosixPath('/ssd_home/yangheechan/FL-Dataset-Generating-Tool/out/opencv_imgproc_TF_top30/prerequisite_data/contours_new.MUT437.cpp')]
batch_0-faster39.swtv : Job Process-670:6 has been finished: ['faster39.swtv', 'core5', '/home/yangheechan/', PosixPath('/ssd_home/yangheechan/FL-Dataset-Generating-Tool/out/opencv_imgproc_TF_top30/prerequisite_data/emd_new.MUT1783.cpp')]
batch_0-faster39.swtv : Job Process-670:1 has been finished: ['faster39.swtv', 'core0', '/home/yangheechan/', PosixPath('/ssd_home/yangheechan/FL-Dataset-Generating-Tool/out/opencv_imgproc_TF_top30/prerequisite_data/emd_new.MUT850.cpp')]
>> ENTERING TERMINATION PHASE for batch_0 of faster39.swtv <<
batch_0-faster39.swtv - 7 finished jobs with 1 leftover, threshold: 6.4
batch_0-faster39.swtv : Job Process-670:2 has been finished: ['faster39.swtv', 'core1', '/home/yangheechan/', PosixPath('/ssd_home/yangheechan/FL-Dataset-Generating-Tool/out/opencv_imgproc_TF_top30/prerequisite_data/contours_common.MUT23.cpp')]
Testing on faster32.swtv::core1
Testing on faster7.swtv::core5
Testing on faster50.swtv::core0
batch_0-faster50.swtv : Job Process-678:6 has been finished: ['faster50.swtv', 'core5', '/home/yangheechan/', PosixPath('/ssd_home/yangheechan/FL-Dataset-Generating-Tool/out/opencv_imgproc_TF_top30/prerequisite_data/intelligent_scissors.MUT956.cpp')]
batch_0-faster50.swtv : Job Process-678:2 has been finished: ['faster50.swtv', 'core1', '/home/yangheechan/', PosixPath('/ssd_home/yangheechan/FL-Dataset-Generating-Tool/out/opencv_imgproc_TF_top30/prerequisite_data/intersection.MUT173.cpp')]
batch_0-faster50.swtv : Job Process-678:7 has been finished: ['faster50.swtv', 'core6', '/home/yangheechan/', PosixPath('/ssd_home/yangheechan/FL-Dataset-Generating-Tool/out/opencv_imgproc_TF_top30/prerequisite_data/rotcalipers.MUT542.cpp')]
batch_0-faster50.swtv : Job Process-678:8 has been finished: ['faster50.swtv', 'core7', '/home/yangheechan/', PosixPath('/ssd_home/yangheechan/FL-Dataset-Generating-Tool/out/opencv_imgproc_TF_top30/prerequisite_data/rotcalipers.MUT361.cpp')]
batch_0-faster50.swtv : Job Process-678:3 has been finished: ['faster50.swtv', 'core2', '/home/yangheechan/', PosixPath('/ssd_home/yangheechan/FL-Dataset-Generating-Tool/out/opencv_imgproc_TF_top30/prerequisite_data/intelligent_scissors.MUT404.cpp')]
batch_0-faster50.swtv : Job Process-678:5 has been finished: ['faster50.swtv', 'core4', '/home/yangheechan/', PosixPath('/ssd_home/yangheechan/FL-Dataset-Generating-Tool/out/opencv_imgproc_TF_top30/prerequisite_data/templmatch.MUT971.cpp')]
batch_0-faster50.swtv : Job Process-678:4 has been finished: ['faster50.swtv', 'core3', '/home/yangheechan/', PosixPath('/ssd_home/yangheechan/FL-Dataset-Generating-Tool/out/opencv_imgproc_TF_top30/prerequisite_data/contours_approx.MUT239.cpp')]
>> ENTERING TERMINATION PHASE for batch_0 of faster50.swtv <<
batch_0-faster50.swtv - 7 finished jobs with 1 leftover, threshold: 6.4
batch_0-faster50.swtv : Job Process-678:1 has been finished: ['faster50.swtv', 'core0', '/home/yangheechan/', PosixPath('/ssd_home/yangheechan/FL-Dataset-Generating-Tool/out/opencv_imgproc_TF_top30/prerequisite_data/emd_new.MUT1293.cpp')]
Testing on faster46.swtv::core6
Testing on faster25.swtv::core2
Testing on faster48.swtv::core4
Testing on faster46.swtv::core5
Testing on faster47.swtv::core7
batch_0-faster47.swtv : Job Process-676:2 has been finished: ['faster47.swtv', 'core1', '/home/yangheechan/', PosixPath('/ssd_home/yangheechan/FL-Dataset-Generating-Tool/out/opencv_imgproc_TF_top30/prerequisite_data/templmatch.MUT1347.cpp')]
batch_0-faster47.swtv : Job Process-676:6 has been finished: ['faster47.swtv', 'core5', '/home/yangheechan/', PosixPath('/ssd_home/yangheechan/FL-Dataset-Generating-Tool/out/opencv_imgproc_TF_top30/prerequisite_data/emd_new.MUT1877.cpp')]
batch_0-faster47.swtv : Job Process-676:1 has been finished: ['faster47.swtv', 'core0', '/home/yangheechan/', PosixPath('/ssd_home/yangheechan/FL-Dataset-Generating-Tool/out/opencv_imgproc_TF_top30/prerequisite_data/intelligent_scissors.MUT384.cpp')]
batch_0-faster47.swtv : Job Process-676:3 has been finished: ['faster47.swtv', 'core2', '/home/yangheechan/', PosixPath('/ssd_home/yangheechan/FL-Dataset-Generating-Tool/out/opencv_imgproc_TF_top30/prerequisite_data/intelligent_scissors.MUT120.cpp')]
batch_0-faster47.swtv : Job Process-676:4 has been finished: ['faster47.swtv', 'core3', '/home/yangheechan/', PosixPath('/ssd_home/yangheechan/FL-Dataset-Generating-Tool/out/opencv_imgproc_TF_top30/prerequisite_data/templmatch.MUT1049.cpp')]
batch_0-faster47.swtv : Job Process-676:7 has been finished: ['faster47.swtv', 'core6', '/home/yangheechan/', PosixPath('/ssd_home/yangheechan/FL-Dataset-Generating-Tool/out/opencv_imgproc_TF_top30/prerequisite_data/contours_common.MUT39.cpp')]
batch_0-faster47.swtv : Job Process-676:5 has been finished: ['faster47.swtv', 'core4', '/home/yangheechan/', PosixPath('/ssd_home/yangheechan/FL-Dataset-Generating-Tool/out/opencv_imgproc_TF_top30/prerequisite_data/contours_approx.MUT289.cpp')]
>> ENTERING TERMINATION PHASE for batch_0 of faster47.swtv <<
batch_0-faster47.swtv - 7 finished jobs with 1 leftover, threshold: 6.4
batch_0-faster47.swtv : Job Process-676:8 has been finished: ['faster47.swtv', 'core7', '/home/yangheechan/', PosixPath('/ssd_home/yangheechan/FL-Dataset-Generating-Tool/out/opencv_imgproc_TF_top30/prerequisite_data/emd_new.MUT1475.cpp')]
Testing on faster48.swtv::core7
batch_0-faster48.swtv : Job Process-677:6 has been finished: ['faster48.swtv', 'core5', '/home/yangheechan/', PosixPath('/ssd_home/yangheechan/FL-Dataset-Generating-Tool/out/opencv_imgproc_TF_top30/prerequisite_data/intersection.MUT558.cpp')]
batch_0-faster48.swtv : Job Process-677:7 has been finished: ['faster48.swtv', 'core6', '/home/yangheechan/', PosixPath('/ssd_home/yangheechan/FL-Dataset-Generating-Tool/out/opencv_imgproc_TF_top30/prerequisite_data/color_yuv.dispatch.MUT153.cpp')]
batch_0-faster48.swtv : Job Process-677:4 has been finished: ['faster48.swtv', 'core3', '/home/yangheechan/', PosixPath('/ssd_home/yangheechan/FL-Dataset-Generating-Tool/out/opencv_imgproc_TF_top30/prerequisite_data/intelligent_scissors.MUT701.cpp')]
batch_0-faster48.swtv : Job Process-677:3 has been finished: ['faster48.swtv', 'core2', '/home/yangheechan/', PosixPath('/ssd_home/yangheechan/FL-Dataset-Generating-Tool/out/opencv_imgproc_TF_top30/prerequisite_data/contours_new.MUT966.cpp')]
batch_0-faster48.swtv : Job Process-677:1 has been finished: ['faster48.swtv', 'core0', '/home/yangheechan/', PosixPath('/ssd_home/yangheechan/FL-Dataset-Generating-Tool/out/opencv_imgproc_TF_top30/prerequisite_data/contours_approx.MUT510.cpp')]
batch_0-faster48.swtv : Job Process-677:2 has been finished: ['faster48.swtv', 'core1', '/home/yangheechan/', PosixPath('/ssd_home/yangheechan/FL-Dataset-Generating-Tool/out/opencv_imgproc_TF_top30/prerequisite_data/templmatch.MUT206.cpp')]
batch_0-faster48.swtv : Job Process-677:5 has been finished: ['faster48.swtv', 'core4', '/home/yangheechan/', PosixPath('/ssd_home/yangheechan/FL-Dataset-Generating-Tool/out/opencv_imgproc_TF_top30/prerequisite_data/emd_new.MUT1283.cpp')]
>> ENTERING TERMINATION PHASE for batch_0 of faster48.swtv <<
batch_0-faster48.swtv - 7 finished jobs with 1 leftover, threshold: 6.4
batch_0-faster48.swtv : Job Process-677:8 has been finished: ['faster48.swtv', 'core7', '/home/yangheechan/', PosixPath('/ssd_home/yangheechan/FL-Dataset-Generating-Tool/out/opencv_imgproc_TF_top30/prerequisite_data/emd_new.MUT538.cpp')]
Testing on faster7.swtv::core4
batch_0-faster7.swtv : Job Process-651:3 has been finished: ['faster7.swtv', 'core2', '/home/yangheechan/', PosixPath('/ssd_home/yangheechan/FL-Dataset-Generating-Tool/out/opencv_imgproc_TF_top30/prerequisite_data/color_yuv.dispatch.MUT98.cpp')]
batch_0-faster7.swtv : Job Process-651:8 has been finished: ['faster7.swtv', 'core7', '/home/yangheechan/', PosixPath('/ssd_home/yangheechan/FL-Dataset-Generating-Tool/out/opencv_imgproc_TF_top30/prerequisite_data/templmatch.MUT98.cpp')]
batch_0-faster7.swtv : Job Process-651:4 has been finished: ['faster7.swtv', 'core3', '/home/yangheechan/', PosixPath('/ssd_home/yangheechan/FL-Dataset-Generating-Tool/out/opencv_imgproc_TF_top30/prerequisite_data/rotcalipers.MUT434.cpp')]
batch_0-faster7.swtv : Job Process-651:1 has been finished: ['faster7.swtv', 'core0', '/home/yangheechan/', PosixPath('/ssd_home/yangheechan/FL-Dataset-Generating-Tool/out/opencv_imgproc_TF_top30/prerequisite_data/intelligent_scissors.MUT122.cpp')]
batch_0-faster7.swtv : Job Process-651:7 has been finished: ['faster7.swtv', 'core6', '/home/yangheechan/', PosixPath('/ssd_home/yangheechan/FL-Dataset-Generating-Tool/out/opencv_imgproc_TF_top30/prerequisite_data/templmatch.MUT855.cpp')]
batch_0-faster7.swtv : Job Process-651:2 has been finished: ['faster7.swtv', 'core1', '/home/yangheechan/', PosixPath('/ssd_home/yangheechan/FL-Dataset-Generating-Tool/out/opencv_imgproc_TF_top30/prerequisite_data/emd_new.MUT730.cpp')]
batch_0-faster7.swtv : Job Process-651:6 has been finished: ['faster7.swtv', 'core5', '/home/yangheechan/', PosixPath('/ssd_home/yangheechan/FL-Dataset-Generating-Tool/out/opencv_imgproc_TF_top30/prerequisite_data/emd_new.MUT1200.cpp')]
>> ENTERING TERMINATION PHASE for batch_0 of faster7.swtv <<
batch_0-faster7.swtv - 7 finished jobs with 1 leftover, threshold: 6.4
batch_0-faster7.swtv : Job Process-651:5 has been finished: ['faster7.swtv', 'core4', '/home/yangheechan/', PosixPath('/ssd_home/yangheechan/FL-Dataset-Generating-Tool/out/opencv_imgproc_TF_top30/prerequisite_data/emd_new.MUT151.cpp')]
Testing on faster23.swtv::core5
Testing on faster37.swtv::core4
batch_0-faster37.swtv : Job Process-668:6 has been finished: ['faster37.swtv', 'core5', '/home/yangheechan/', PosixPath('/ssd_home/yangheechan/FL-Dataset-Generating-Tool/out/opencv_imgproc_TF_top30/prerequisite_data/rotcalipers.MUT243.cpp')]
batch_0-faster37.swtv : Job Process-668:1 has been finished: ['faster37.swtv', 'core0', '/home/yangheechan/', PosixPath('/ssd_home/yangheechan/FL-Dataset-Generating-Tool/out/opencv_imgproc_TF_top30/prerequisite_data/templmatch.MUT704.cpp')]
batch_0-faster37.swtv : Job Process-668:8 has been finished: ['faster37.swtv', 'core7', '/home/yangheechan/', PosixPath('/ssd_home/yangheechan/FL-Dataset-Generating-Tool/out/opencv_imgproc_TF_top30/prerequisite_data/intelligent_scissors.MUT623.cpp')]
batch_0-faster37.swtv : Job Process-668:7 has been finished: ['faster37.swtv', 'core6', '/home/yangheechan/', PosixPath('/ssd_home/yangheechan/FL-Dataset-Generating-Tool/out/opencv_imgproc_TF_top30/prerequisite_data/intelligent_scissors.MUT732.cpp')]
batch_0-faster37.swtv : Job Process-668:2 has been finished: ['faster37.swtv', 'core1', '/home/yangheechan/', PosixPath('/ssd_home/yangheechan/FL-Dataset-Generating-Tool/out/opencv_imgproc_TF_top30/prerequisite_data/templmatch.MUT822.cpp')]
batch_0-faster37.swtv : Job Process-668:4 has been finished: ['faster37.swtv', 'core3', '/home/yangheechan/', PosixPath('/ssd_home/yangheechan/FL-Dataset-Generating-Tool/out/opencv_imgproc_TF_top30/prerequisite_data/templmatch.MUT817.cpp')]
batch_0-faster37.swtv : Job Process-668:3 has been finished: ['faster37.swtv', 'core2', '/home/yangheechan/', PosixPath('/ssd_home/yangheechan/FL-Dataset-Generating-Tool/out/opencv_imgproc_TF_top30/prerequisite_data/contours_new.MUT561.cpp')]
>> ENTERING TERMINATION PHASE for batch_0 of faster37.swtv <<
batch_0-faster37.swtv - 7 finished jobs with 1 leftover, threshold: 6.4
batch_0-faster37.swtv : Job Process-668:5 has been finished: ['faster37.swtv', 'core4', '/home/yangheechan/', PosixPath('/ssd_home/yangheechan/FL-Dataset-Generating-Tool/out/opencv_imgproc_TF_top30/prerequisite_data/templmatch.MUT431.cpp')]
Testing on faster23.swtv::core7
Testing on faster38.swtv::core6
Testing on faster32.swtv::core2
Testing on faster32.swtv::core6
batch_0-faster32.swtv : Job Process-665:1 has been finished: ['faster32.swtv', 'core0', '/home/yangheechan/', PosixPath('/ssd_home/yangheechan/FL-Dataset-Generating-Tool/out/opencv_imgproc_TF_top30/prerequisite_data/templmatch.MUT184.cpp')]
batch_0-faster32.swtv : Job Process-665:4 has been finished: ['faster32.swtv', 'core3', '/home/yangheechan/', PosixPath('/ssd_home/yangheechan/FL-Dataset-Generating-Tool/out/opencv_imgproc_TF_top30/prerequisite_data/intersection.MUT180.cpp')]
batch_0-faster32.swtv : Job Process-665:6 has been finished: ['faster32.swtv', 'core5', '/home/yangheechan/', PosixPath('/ssd_home/yangheechan/FL-Dataset-Generating-Tool/out/opencv_imgproc_TF_top30/prerequisite_data/rotcalipers.MUT285.cpp')]
batch_0-faster32.swtv : Job Process-665:5 has been finished: ['faster32.swtv', 'core4', '/home/yangheechan/', PosixPath('/ssd_home/yangheechan/FL-Dataset-Generating-Tool/out/opencv_imgproc_TF_top30/prerequisite_data/rotcalipers.MUT651.cpp')]
batch_0-faster32.swtv : Job Process-665:8 has been finished: ['faster32.swtv', 'core7', '/home/yangheechan/', PosixPath('/ssd_home/yangheechan/FL-Dataset-Generating-Tool/out/opencv_imgproc_TF_top30/prerequisite_data/rotcalipers.MUT514.cpp')]
batch_0-faster32.swtv : Job Process-665:2 has been finished: ['faster32.swtv', 'core1', '/home/yangheechan/', PosixPath('/ssd_home/yangheechan/FL-Dataset-Generating-Tool/out/opencv_imgproc_TF_top30/prerequisite_data/contours_common.MUT102.cpp')]
batch_0-faster32.swtv : Job Process-665:3 has been finished: ['faster32.swtv', 'core2', '/home/yangheechan/', PosixPath('/ssd_home/yangheechan/FL-Dataset-Generating-Tool/out/opencv_imgproc_TF_top30/prerequisite_data/contours_approx.MUT305.cpp')]
>> ENTERING TERMINATION PHASE for batch_0 of faster32.swtv <<
batch_0-faster32.swtv - 7 finished jobs with 1 leftover, threshold: 6.4
batch_0-faster32.swtv : Job Process-665:7 has been finished: ['faster32.swtv', 'core6', '/home/yangheechan/', PosixPath('/ssd_home/yangheechan/FL-Dataset-Generating-Tool/out/opencv_imgproc_TF_top30/prerequisite_data/contours_approx.MUT272.cpp')]
Testing on faster38.swtv::core2
Testing on faster25.swtv::core4
batch_0-faster25.swtv : Job Process-660:8 has been finished: ['faster25.swtv', 'core7', '/home/yangheechan/', PosixPath('/ssd_home/yangheechan/FL-Dataset-Generating-Tool/out/opencv_imgproc_TF_top30/prerequisite_data/intersection.MUT138.cpp')]
batch_0-faster25.swtv : Job Process-660:4 has been finished: ['faster25.swtv', 'core3', '/home/yangheechan/', PosixPath('/ssd_home/yangheechan/FL-Dataset-Generating-Tool/out/opencv_imgproc_TF_top30/prerequisite_data/intersection.MUT131.cpp')]
batch_0-faster25.swtv : Job Process-660:2 has been finished: ['faster25.swtv', 'core1', '/home/yangheechan/', PosixPath('/ssd_home/yangheechan/FL-Dataset-Generating-Tool/out/opencv_imgproc_TF_top30/prerequisite_data/rotcalipers.MUT1.cpp')]
batch_0-faster25.swtv : Job Process-660:1 has been finished: ['faster25.swtv', 'core0', '/home/yangheechan/', PosixPath('/ssd_home/yangheechan/FL-Dataset-Generating-Tool/out/opencv_imgproc_TF_top30/prerequisite_data/rotcalipers.MUT112.cpp')]
batch_0-faster25.swtv : Job Process-660:7 has been finished: ['faster25.swtv', 'core6', '/home/yangheechan/', PosixPath('/ssd_home/yangheechan/FL-Dataset-Generating-Tool/out/opencv_imgproc_TF_top30/prerequisite_data/intelligent_scissors.MUT835.cpp')]
batch_0-faster25.swtv : Job Process-660:6 has been finished: ['faster25.swtv', 'core5', '/home/yangheechan/', PosixPath('/ssd_home/yangheechan/FL-Dataset-Generating-Tool/out/opencv_imgproc_TF_top30/prerequisite_data/intelligent_scissors.MUT842.cpp')]
batch_0-faster25.swtv : Job Process-660:3 has been finished: ['faster25.swtv', 'core2', '/home/yangheechan/', PosixPath('/ssd_home/yangheechan/FL-Dataset-Generating-Tool/out/opencv_imgproc_TF_top30/prerequisite_data/contours_new.MUT1092.cpp')]
>> ENTERING TERMINATION PHASE for batch_0 of faster25.swtv <<
batch_0-faster25.swtv - 7 finished jobs with 1 leftover, threshold: 6.4
batch_0-faster25.swtv : Job Process-660:5 has been finished: ['faster25.swtv', 'core4', '/home/yangheechan/', PosixPath('/ssd_home/yangheechan/FL-Dataset-Generating-Tool/out/opencv_imgproc_TF_top30/prerequisite_data/contours_approx.MUT615.cpp')]
Testing on faster42.swtv::core1
Testing on faster19.swtv::core7
Testing on faster45.swtv::core5
Testing on faster42.swtv::core3
Testing on faster19.swtv::core3
Testing on faster46.swtv::core0
Testing on faster34.swtv::core4
Testing on faster34.swtv::core2
Testing on faster42.swtv::core4
Testing on faster20.swtv::core1
Testing on faster8.swtv::core5
Testing on faster46.swtv::core4
batch_0-faster46.swtv : Job Process-675:4 has been finished: ['faster46.swtv', 'core3', '/home/yangheechan/', PosixPath('/ssd_home/yangheechan/FL-Dataset-Generating-Tool/out/opencv_imgproc_TF_top30/prerequisite_data/intersection.MUT593.cpp')]
batch_0-faster46.swtv : Job Process-675:2 has been finished: ['faster46.swtv', 'core1', '/home/yangheechan/', PosixPath('/ssd_home/yangheechan/FL-Dataset-Generating-Tool/out/opencv_imgproc_TF_top30/prerequisite_data/templmatch.MUT684.cpp')]
batch_0-faster46.swtv : Job Process-675:3 has been finished: ['faster46.swtv', 'core2', '/home/yangheechan/', PosixPath('/ssd_home/yangheechan/FL-Dataset-Generating-Tool/out/opencv_imgproc_TF_top30/prerequisite_data/rotcalipers.MUT441.cpp')]
batch_0-faster46.swtv : Job Process-675:8 has been finished: ['faster46.swtv', 'core7', '/home/yangheechan/', PosixPath('/ssd_home/yangheechan/FL-Dataset-Generating-Tool/out/opencv_imgproc_TF_top30/prerequisite_data/intelligent_scissors.MUT377.cpp')]
batch_0-faster46.swtv : Job Process-675:7 has been finished: ['faster46.swtv', 'core6', '/home/yangheechan/', PosixPath('/ssd_home/yangheechan/FL-Dataset-Generating-Tool/out/opencv_imgproc_TF_top30/prerequisite_data/contours_approx.MUT535.cpp')]
batch_0-faster46.swtv : Job Process-675:6 has been finished: ['faster46.swtv', 'core5', '/home/yangheechan/', PosixPath('/ssd_home/yangheechan/FL-Dataset-Generating-Tool/out/opencv_imgproc_TF_top30/prerequisite_data/contours_approx.MUT257.cpp')]
batch_0-faster46.swtv : Job Process-675:1 has been finished: ['faster46.swtv', 'core0', '/home/yangheechan/', PosixPath('/ssd_home/yangheechan/FL-Dataset-Generating-Tool/out/opencv_imgproc_TF_top30/prerequisite_data/contours_new.MUT572.cpp')]
>> ENTERING TERMINATION PHASE for batch_0 of faster46.swtv <<
batch_0-faster46.swtv - 7 finished jobs with 1 leftover, threshold: 6.4
batch_0-faster46.swtv : Job Process-675:5 has been finished: ['faster46.swtv', 'core4', '/home/yangheechan/', PosixPath('/ssd_home/yangheechan/FL-Dataset-Generating-Tool/out/opencv_imgproc_TF_top30/prerequisite_data/emd_new.MUT395.cpp')]
Testing on faster24.swtv::core4
Testing on faster26.swtv::core2
Testing on faster14.swtv::core1
Testing on faster8.swtv::core4
Testing on faster14.swtv::core2
Testing on faster24.swtv::core0
Testing on faster28.swtv::core6
Testing on faster45.swtv::core1
Testing on faster19.swtv::core0
Testing on faster38.swtv::core3
batch_0-faster38.swtv : Job Process-669:1 has been finished: ['faster38.swtv', 'core0', '/home/yangheechan/', PosixPath('/ssd_home/yangheechan/FL-Dataset-Generating-Tool/out/opencv_imgproc_TF_top30/prerequisite_data/intersection.MUT269.cpp')]
batch_0-faster38.swtv : Job Process-669:8 has been finished: ['faster38.swtv', 'core7', '/home/yangheechan/', PosixPath('/ssd_home/yangheechan/FL-Dataset-Generating-Tool/out/opencv_imgproc_TF_top30/prerequisite_data/templmatch.MUT470.cpp')]
batch_0-faster38.swtv : Job Process-669:2 has been finished: ['faster38.swtv', 'core1', '/home/yangheechan/', PosixPath('/ssd_home/yangheechan/FL-Dataset-Generating-Tool/out/opencv_imgproc_TF_top30/prerequisite_data/templmatch.MUT481.cpp')]
batch_0-faster38.swtv : Job Process-669:6 has been finished: ['faster38.swtv', 'core5', '/home/yangheechan/', PosixPath('/ssd_home/yangheechan/FL-Dataset-Generating-Tool/out/opencv_imgproc_TF_top30/prerequisite_data/intelligent_scissors.MUT449.cpp')]
batch_0-faster38.swtv : Job Process-669:5 has been finished: ['faster38.swtv', 'core4', '/home/yangheechan/', PosixPath('/ssd_home/yangheechan/FL-Dataset-Generating-Tool/out/opencv_imgproc_TF_top30/prerequisite_data/intelligent_scissors.MUT328.cpp')]
batch_0-faster38.swtv : Job Process-669:7 has been finished: ['faster38.swtv', 'core6', '/home/yangheechan/', PosixPath('/ssd_home/yangheechan/FL-Dataset-Generating-Tool/out/opencv_imgproc_TF_top30/prerequisite_data/contours_approx.MUT26.cpp')]
batch_0-faster38.swtv : Job Process-669:3 has been finished: ['faster38.swtv', 'core2', '/home/yangheechan/', PosixPath('/ssd_home/yangheechan/FL-Dataset-Generating-Tool/out/opencv_imgproc_TF_top30/prerequisite_data/contours_new.MUT1018.cpp')]
>> ENTERING TERMINATION PHASE for batch_0 of faster38.swtv <<
batch_0-faster38.swtv - 7 finished jobs with 1 leftover, threshold: 6.4
batch_0-faster38.swtv : Job Process-669:4 has been finished: ['faster38.swtv', 'core3', '/home/yangheechan/', PosixPath('/ssd_home/yangheechan/FL-Dataset-Generating-Tool/out/opencv_imgproc_TF_top30/prerequisite_data/emd_new.MUT383.cpp')]
Testing on faster19.swtv::core5
batch_0-faster19.swtv : Job Process-656:7 has been finished: ['faster19.swtv', 'core6', '/home/yangheechan/', PosixPath('/ssd_home/yangheechan/FL-Dataset-Generating-Tool/out/opencv_imgproc_TF_top30/prerequisite_data/contours_new.MUT1160.cpp')]
batch_0-faster19.swtv : Job Process-656:5 has been finished: ['faster19.swtv', 'core4', '/home/yangheechan/', PosixPath('/ssd_home/yangheechan/FL-Dataset-Generating-Tool/out/opencv_imgproc_TF_top30/prerequisite_data/intersection.MUT150.cpp')]
batch_0-faster19.swtv : Job Process-656:2 has been finished: ['faster19.swtv', 'core1', '/home/yangheechan/', PosixPath('/ssd_home/yangheechan/FL-Dataset-Generating-Tool/out/opencv_imgproc_TF_top30/prerequisite_data/contours_approx.MUT146.cpp')]
batch_0-faster19.swtv : Job Process-656:3 has been finished: ['faster19.swtv', 'core2', '/home/yangheechan/', PosixPath('/ssd_home/yangheechan/FL-Dataset-Generating-Tool/out/opencv_imgproc_TF_top30/prerequisite_data/templmatch.MUT996.cpp')]
batch_0-faster19.swtv : Job Process-656:8 has been finished: ['faster19.swtv', 'core7', '/home/yangheechan/', PosixPath('/ssd_home/yangheechan/FL-Dataset-Generating-Tool/out/opencv_imgproc_TF_top30/prerequisite_data/contours_common.MUT98.cpp')]
batch_0-faster19.swtv : Job Process-656:4 has been finished: ['faster19.swtv', 'core3', '/home/yangheechan/', PosixPath('/ssd_home/yangheechan/FL-Dataset-Generating-Tool/out/opencv_imgproc_TF_top30/prerequisite_data/templmatch.MUT692.cpp')]
batch_0-faster19.swtv : Job Process-656:1 has been finished: ['faster19.swtv', 'core0', '/home/yangheechan/', PosixPath('/ssd_home/yangheechan/FL-Dataset-Generating-Tool/out/opencv_imgproc_TF_top30/prerequisite_data/contours_approx.MUT36.cpp')]
>> ENTERING TERMINATION PHASE for batch_0 of faster19.swtv <<
batch_0-faster19.swtv - 7 finished jobs with 1 leftover, threshold: 6.4
batch_0-faster19.swtv : Job Process-656:6 has been finished: ['faster19.swtv', 'core5', '/home/yangheechan/', PosixPath('/ssd_home/yangheechan/FL-Dataset-Generating-Tool/out/opencv_imgproc_TF_top30/prerequisite_data/contours_approx.MUT481.cpp')]
Testing on faster26.swtv::core6
batch_0-faster26.swtv : Job Process-661:2 has been finished: ['faster26.swtv', 'core1', '/home/yangheechan/', PosixPath('/ssd_home/yangheechan/FL-Dataset-Generating-Tool/out/opencv_imgproc_TF_top30/prerequisite_data/rotcalipers.MUT18.cpp')]
batch_0-faster26.swtv : Job Process-661:1 has been finished: ['faster26.swtv', 'core0', '/home/yangheechan/', PosixPath('/ssd_home/yangheechan/FL-Dataset-Generating-Tool/out/opencv_imgproc_TF_top30/prerequisite_data/rotcalipers.MUT726.cpp')]
batch_0-faster26.swtv : Job Process-661:5 has been finished: ['faster26.swtv', 'core4', '/home/yangheechan/', PosixPath('/ssd_home/yangheechan/FL-Dataset-Generating-Tool/out/opencv_imgproc_TF_top30/prerequisite_data/rotcalipers.MUT485.cpp')]
batch_0-faster26.swtv : Job Process-661:8 has been finished: ['faster26.swtv', 'core7', '/home/yangheechan/', PosixPath('/ssd_home/yangheechan/FL-Dataset-Generating-Tool/out/opencv_imgproc_TF_top30/prerequisite_data/intelligent_scissors.MUT637.cpp')]
batch_0-faster26.swtv : Job Process-661:4 has been finished: ['faster26.swtv', 'core3', '/home/yangheechan/', PosixPath('/ssd_home/yangheechan/FL-Dataset-Generating-Tool/out/opencv_imgproc_TF_top30/prerequisite_data/intelligent_scissors.MUT751.cpp')]
batch_0-faster26.swtv : Job Process-661:6 has been finished: ['faster26.swtv', 'core5', '/home/yangheechan/', PosixPath('/ssd_home/yangheechan/FL-Dataset-Generating-Tool/out/opencv_imgproc_TF_top30/prerequisite_data/intelligent_scissors.MUT33.cpp')]
batch_0-faster26.swtv : Job Process-661:3 has been finished: ['faster26.swtv', 'core2', '/home/yangheechan/', PosixPath('/ssd_home/yangheechan/FL-Dataset-Generating-Tool/out/opencv_imgproc_TF_top30/prerequisite_data/templmatch.MUT295.cpp')]
>> ENTERING TERMINATION PHASE for batch_0 of faster26.swtv <<
batch_0-faster26.swtv - 7 finished jobs with 1 leftover, threshold: 6.4
batch_0-faster26.swtv : Job Process-661:7 has been finished: ['faster26.swtv', 'core6', '/home/yangheechan/', PosixPath('/ssd_home/yangheechan/FL-Dataset-Generating-Tool/out/opencv_imgproc_TF_top30/prerequisite_data/contours_approx.MUT262.cpp')]
Testing on faster8.swtv::core6
Testing on faster45.swtv::core0
Testing on faster23.swtv::core4
Testing on faster42.swtv::core5
Testing on faster8.swtv::core7
Testing on faster42.swtv::core6
Testing on faster8.swtv::core1
Testing on faster45.swtv::core2
batch_0-faster45.swtv : Job Process-674:7 has been finished: ['faster45.swtv', 'core6', '/home/yangheechan/', PosixPath('/ssd_home/yangheechan/FL-Dataset-Generating-Tool/out/opencv_imgproc_TF_top30/prerequisite_data/intersection.MUT550.cpp')]
batch_0-faster45.swtv : Job Process-674:8 has been finished: ['faster45.swtv', 'core7', '/home/yangheechan/', PosixPath('/ssd_home/yangheechan/FL-Dataset-Generating-Tool/out/opencv_imgproc_TF_top30/prerequisite_data/templmatch.MUT515.cpp')]
batch_0-faster45.swtv : Job Process-674:4 has been finished: ['faster45.swtv', 'core3', '/home/yangheechan/', PosixPath('/ssd_home/yangheechan/FL-Dataset-Generating-Tool/out/opencv_imgproc_TF_top30/prerequisite_data/intelligent_scissors.MUT668.cpp')]
batch_0-faster45.swtv : Job Process-674:5 has been finished: ['faster45.swtv', 'core4', '/home/yangheechan/', PosixPath('/ssd_home/yangheechan/FL-Dataset-Generating-Tool/out/opencv_imgproc_TF_top30/prerequisite_data/intelligent_scissors.MUT731.cpp')]
batch_0-faster45.swtv : Job Process-674:6 has been finished: ['faster45.swtv', 'core5', '/home/yangheechan/', PosixPath('/ssd_home/yangheechan/FL-Dataset-Generating-Tool/out/opencv_imgproc_TF_top30/prerequisite_data/contours_approx.MUT122.cpp')]
batch_0-faster45.swtv : Job Process-674:2 has been finished: ['faster45.swtv', 'core1', '/home/yangheechan/', PosixPath('/ssd_home/yangheechan/FL-Dataset-Generating-Tool/out/opencv_imgproc_TF_top30/prerequisite_data/emd_new.MUT1205.cpp')]
batch_0-faster45.swtv : Job Process-674:1 has been finished: ['faster45.swtv', 'core0', '/home/yangheechan/', PosixPath('/ssd_home/yangheechan/FL-Dataset-Generating-Tool/out/opencv_imgproc_TF_top30/prerequisite_data/contours_common.MUT86.cpp')]
>> ENTERING TERMINATION PHASE for batch_0 of faster45.swtv <<
batch_0-faster45.swtv - 7 finished jobs with 1 leftover, threshold: 6.4
batch_0-faster45.swtv : Job Process-674:3 has been finished: ['faster45.swtv', 'core2', '/home/yangheechan/', PosixPath('/ssd_home/yangheechan/FL-Dataset-Generating-Tool/out/opencv_imgproc_TF_top30/prerequisite_data/emd_new.MUT1003.cpp')]
Testing on faster28.swtv::core0
Testing on faster44.swtv::core1
Testing on faster24.swtv::core5
Testing on faster44.swtv::core6
Testing on faster24.swtv::core7
batch_0-faster24.swtv : Job Process-659:7 has been finished: ['faster24.swtv', 'core6', '/home/yangheechan/', PosixPath('/ssd_home/yangheechan/FL-Dataset-Generating-Tool/out/opencv_imgproc_TF_top30/prerequisite_data/templmatch.MUT573.cpp')]
batch_0-faster24.swtv : Job Process-659:3 has been finished: ['faster24.swtv', 'core2', '/home/yangheechan/', PosixPath('/ssd_home/yangheechan/FL-Dataset-Generating-Tool/out/opencv_imgproc_TF_top30/prerequisite_data/intelligent_scissors.MUT296.cpp')]
batch_0-faster24.swtv : Job Process-659:4 has been finished: ['faster24.swtv', 'core3', '/home/yangheechan/', PosixPath('/ssd_home/yangheechan/FL-Dataset-Generating-Tool/out/opencv_imgproc_TF_top30/prerequisite_data/intelligent_scissors.MUT845.cpp')]
batch_0-faster24.swtv : Job Process-659:2 has been finished: ['faster24.swtv', 'core1', '/home/yangheechan/', PosixPath('/ssd_home/yangheechan/FL-Dataset-Generating-Tool/out/opencv_imgproc_TF_top30/prerequisite_data/intelligent_scissors.MUT771.cpp')]
batch_0-faster24.swtv : Job Process-659:5 has been finished: ['faster24.swtv', 'core4', '/home/yangheechan/', PosixPath('/ssd_home/yangheechan/FL-Dataset-Generating-Tool/out/opencv_imgproc_TF_top30/prerequisite_data/contours_approx.MUT429.cpp')]
batch_0-faster24.swtv : Job Process-659:1 has been finished: ['faster24.swtv', 'core0', '/home/yangheechan/', PosixPath('/ssd_home/yangheechan/FL-Dataset-Generating-Tool/out/opencv_imgproc_TF_top30/prerequisite_data/contours_approx.MUT571.cpp')]
batch_0-faster24.swtv : Job Process-659:6 has been finished: ['faster24.swtv', 'core5', '/home/yangheechan/', PosixPath('/ssd_home/yangheechan/FL-Dataset-Generating-Tool/out/opencv_imgproc_TF_top30/prerequisite_data/emd_new.MUT647.cpp')]
>> ENTERING TERMINATION PHASE for batch_0 of faster24.swtv <<
batch_0-faster24.swtv - 7 finished jobs with 1 leftover, threshold: 6.4
batch_0-faster24.swtv : Job Process-659:8 has been finished: ['faster24.swtv', 'core7', '/home/yangheechan/', PosixPath('/ssd_home/yangheechan/FL-Dataset-Generating-Tool/out/opencv_imgproc_TF_top30/prerequisite_data/emd_new.MUT633.cpp')]
Testing on faster28.swtv::core2
Testing on faster44.swtv::core3
Testing on faster44.swtv::core4
Testing on faster34.swtv::core0
Testing on faster14.swtv::core6
Testing on faster20.swtv::core5
Testing on faster28.swtv::core1
batch_0-faster28.swtv : Job Process-663:4 has been finished: ['faster28.swtv', 'core3', '/home/yangheechan/', PosixPath('/ssd_home/yangheechan/FL-Dataset-Generating-Tool/out/opencv_imgproc_TF_top30/prerequisite_data/color_yuv.dispatch.MUT144.cpp')]
batch_0-faster28.swtv : Job Process-663:6 has been finished: ['faster28.swtv', 'core5', '/home/yangheechan/', PosixPath('/ssd_home/yangheechan/FL-Dataset-Generating-Tool/out/opencv_imgproc_TF_top30/prerequisite_data/emd_new.MUT221.cpp')]
batch_0-faster28.swtv : Job Process-663:8 has been finished: ['faster28.swtv', 'core7', '/home/yangheechan/', PosixPath('/ssd_home/yangheechan/FL-Dataset-Generating-Tool/out/opencv_imgproc_TF_top30/prerequisite_data/rotcalipers.MUT305.cpp')]
batch_0-faster28.swtv : Job Process-663:5 has been finished: ['faster28.swtv', 'core4', '/home/yangheechan/', PosixPath('/ssd_home/yangheechan/FL-Dataset-Generating-Tool/out/opencv_imgproc_TF_top30/prerequisite_data/contours_new.MUT651.cpp')]
batch_0-faster28.swtv : Job Process-663:7 has been finished: ['faster28.swtv', 'core6', '/home/yangheechan/', PosixPath('/ssd_home/yangheechan/FL-Dataset-Generating-Tool/out/opencv_imgproc_TF_top30/prerequisite_data/contours_approx.MUT600.cpp')]
batch_0-faster28.swtv : Job Process-663:1 has been finished: ['faster28.swtv', 'core0', '/home/yangheechan/', PosixPath('/ssd_home/yangheechan/FL-Dataset-Generating-Tool/out/opencv_imgproc_TF_top30/prerequisite_data/emd_new.MUT1166.cpp')]
batch_0-faster28.swtv : Job Process-663:3 has been finished: ['faster28.swtv', 'core2', '/home/yangheechan/', PosixPath('/ssd_home/yangheechan/FL-Dataset-Generating-Tool/out/opencv_imgproc_TF_top30/prerequisite_data/contours_common.MUT10.cpp')]
>> ENTERING TERMINATION PHASE for batch_0 of faster28.swtv <<
batch_0-faster28.swtv - 7 finished jobs with 1 leftover, threshold: 6.4
batch_0-faster28.swtv : Job Process-663:2 has been finished: ['faster28.swtv', 'core1', '/home/yangheechan/', PosixPath('/ssd_home/yangheechan/FL-Dataset-Generating-Tool/out/opencv_imgproc_TF_top30/prerequisite_data/emd_new.MUT1139.cpp')]
Testing on faster29.swtv::core0
Testing on faster44.swtv::core2
Testing on faster20.swtv::core3
Testing on faster42.swtv::core2
batch_0-faster42.swtv : Job Process-672:8 has been finished: ['faster42.swtv', 'core7', '/home/yangheechan/', PosixPath('/ssd_home/yangheechan/FL-Dataset-Generating-Tool/out/opencv_imgproc_TF_top30/prerequisite_data/intelligent_scissors.MUT536.cpp')]
batch_0-faster42.swtv : Job Process-672:1 has been finished: ['faster42.swtv', 'core0', '/home/yangheechan/', PosixPath('/ssd_home/yangheechan/FL-Dataset-Generating-Tool/out/opencv_imgproc_TF_top30/prerequisite_data/intelligent_scissors.MUT927.cpp')]
batch_0-faster42.swtv : Job Process-672:2 has been finished: ['faster42.swtv', 'core1', '/home/yangheechan/', PosixPath('/ssd_home/yangheechan/FL-Dataset-Generating-Tool/out/opencv_imgproc_TF_top30/prerequisite_data/contours_new.MUT352.cpp')]
batch_0-faster42.swtv : Job Process-672:4 has been finished: ['faster42.swtv', 'core3', '/home/yangheechan/', PosixPath('/ssd_home/yangheechan/FL-Dataset-Generating-Tool/out/opencv_imgproc_TF_top30/prerequisite_data/contours_new.MUT1030.cpp')]
batch_0-faster42.swtv : Job Process-672:5 has been finished: ['faster42.swtv', 'core4', '/home/yangheechan/', PosixPath('/ssd_home/yangheechan/FL-Dataset-Generating-Tool/out/opencv_imgproc_TF_top30/prerequisite_data/templmatch.MUT1024.cpp')]
batch_0-faster42.swtv : Job Process-672:6 has been finished: ['faster42.swtv', 'core5', '/home/yangheechan/', PosixPath('/ssd_home/yangheechan/FL-Dataset-Generating-Tool/out/opencv_imgproc_TF_top30/prerequisite_data/contours_approx.MUT117.cpp')]
batch_0-faster42.swtv : Job Process-672:7 has been finished: ['faster42.swtv', 'core6', '/home/yangheechan/', PosixPath('/ssd_home/yangheechan/FL-Dataset-Generating-Tool/out/opencv_imgproc_TF_top30/prerequisite_data/contours_approx.MUT584.cpp')]
>> ENTERING TERMINATION PHASE for batch_0 of faster42.swtv <<
batch_0-faster42.swtv - 7 finished jobs with 1 leftover, threshold: 6.4
batch_0-faster42.swtv : Job Process-672:3 has been finished: ['faster42.swtv', 'core2', '/home/yangheechan/', PosixPath('/ssd_home/yangheechan/FL-Dataset-Generating-Tool/out/opencv_imgproc_TF_top30/prerequisite_data/contours_new.MUT1008.cpp')]
Testing on faster8.swtv::core0
batch_0-faster8.swtv : Job Process-652:3 has been finished: ['faster8.swtv', 'core2', '/home/yangheechan/', PosixPath('/ssd_home/yangheechan/FL-Dataset-Generating-Tool/out/opencv_imgproc_TF_top30/prerequisite_data/rotcalipers.MUT568.cpp')]
batch_0-faster8.swtv : Job Process-652:4 has been finished: ['faster8.swtv', 'core3', '/home/yangheechan/', PosixPath('/ssd_home/yangheechan/FL-Dataset-Generating-Tool/out/opencv_imgproc_TF_top30/prerequisite_data/templmatch.MUT1223.cpp')]
batch_0-faster8.swtv : Job Process-652:6 has been finished: ['faster8.swtv', 'core5', '/home/yangheechan/', PosixPath('/ssd_home/yangheechan/FL-Dataset-Generating-Tool/out/opencv_imgproc_TF_top30/prerequisite_data/templmatch.MUT963.cpp')]
batch_0-faster8.swtv : Job Process-652:5 has been finished: ['faster8.swtv', 'core4', '/home/yangheechan/', PosixPath('/ssd_home/yangheechan/FL-Dataset-Generating-Tool/out/opencv_imgproc_TF_top30/prerequisite_data/emd_new.MUT1011.cpp')]
batch_0-faster8.swtv : Job Process-652:7 has been finished: ['faster8.swtv', 'core6', '/home/yangheechan/', PosixPath('/ssd_home/yangheechan/FL-Dataset-Generating-Tool/out/opencv_imgproc_TF_top30/prerequisite_data/templmatch.MUT82.cpp')]
batch_0-faster8.swtv : Job Process-652:8 has been finished: ['faster8.swtv', 'core7', '/home/yangheechan/', PosixPath('/ssd_home/yangheechan/FL-Dataset-Generating-Tool/out/opencv_imgproc_TF_top30/prerequisite_data/templmatch.MUT440.cpp')]
batch_0-faster8.swtv : Job Process-652:2 has been finished: ['faster8.swtv', 'core1', '/home/yangheechan/', PosixPath('/ssd_home/yangheechan/FL-Dataset-Generating-Tool/out/opencv_imgproc_TF_top30/prerequisite_data/contours_new.MUT843.cpp')]
>> ENTERING TERMINATION PHASE for batch_0 of faster8.swtv <<
batch_0-faster8.swtv - 7 finished jobs with 1 leftover, threshold: 6.4
batch_0-faster8.swtv : Job Process-652:1 has been finished: ['faster8.swtv', 'core0', '/home/yangheechan/', PosixPath('/ssd_home/yangheechan/FL-Dataset-Generating-Tool/out/opencv_imgproc_TF_top30/prerequisite_data/emd_new.MUT1169.cpp')]
Testing on faster14.swtv::core3
Testing on faster14.swtv::core5
Testing on faster44.swtv::core7
batch_0-faster44.swtv : Job Process-673:1 has been finished: ['faster44.swtv', 'core0', '/home/yangheechan/', PosixPath('/ssd_home/yangheechan/FL-Dataset-Generating-Tool/out/opencv_imgproc_TF_top30/prerequisite_data/rotcalipers.MUT22.cpp')]
batch_0-faster44.swtv : Job Process-673:6 has been finished: ['faster44.swtv', 'core5', '/home/yangheechan/', PosixPath('/ssd_home/yangheechan/FL-Dataset-Generating-Tool/out/opencv_imgproc_TF_top30/prerequisite_data/intelligent_scissors.MUT737.cpp')]
batch_0-faster44.swtv : Job Process-673:2 has been finished: ['faster44.swtv', 'core1', '/home/yangheechan/', PosixPath('/ssd_home/yangheechan/FL-Dataset-Generating-Tool/out/opencv_imgproc_TF_top30/prerequisite_data/emd_new.MUT1040.cpp')]
batch_0-faster44.swtv : Job Process-673:7 has been finished: ['faster44.swtv', 'core6', '/home/yangheechan/', PosixPath('/ssd_home/yangheechan/FL-Dataset-Generating-Tool/out/opencv_imgproc_TF_top30/prerequisite_data/emd_new.MUT574.cpp')]
batch_0-faster44.swtv : Job Process-673:4 has been finished: ['faster44.swtv', 'core3', '/home/yangheechan/', PosixPath('/ssd_home/yangheechan/FL-Dataset-Generating-Tool/out/opencv_imgproc_TF_top30/prerequisite_data/templmatch.MUT562.cpp')]
batch_0-faster44.swtv : Job Process-673:5 has been finished: ['faster44.swtv', 'core4', '/home/yangheechan/', PosixPath('/ssd_home/yangheechan/FL-Dataset-Generating-Tool/out/opencv_imgproc_TF_top30/prerequisite_data/templmatch.MUT272.cpp')]
batch_0-faster44.swtv : Job Process-673:3 has been finished: ['faster44.swtv', 'core2', '/home/yangheechan/', PosixPath('/ssd_home/yangheechan/FL-Dataset-Generating-Tool/out/opencv_imgproc_TF_top30/prerequisite_data/contours_new.MUT855.cpp')]
>> ENTERING TERMINATION PHASE for batch_0 of faster44.swtv <<
batch_0-faster44.swtv - 7 finished jobs with 1 leftover, threshold: 6.4
batch_0-faster44.swtv : Job Process-673:8 has been finished: ['faster44.swtv', 'core7', '/home/yangheechan/', PosixPath('/ssd_home/yangheechan/FL-Dataset-Generating-Tool/out/opencv_imgproc_TF_top30/prerequisite_data/emd_new.MUT1144.cpp')]
Testing on faster29.swtv::core2
Testing on faster34.swtv::core3
Testing on faster34.swtv::core5
Testing on faster34.swtv::core1
batch_0-faster34.swtv : Job Process-666:8 has been finished: ['faster34.swtv', 'core7', '/home/yangheechan/', PosixPath('/ssd_home/yangheechan/FL-Dataset-Generating-Tool/out/opencv_imgproc_TF_top30/prerequisite_data/emd_new.MUT228.cpp')]
batch_0-faster34.swtv : Job Process-666:7 has been finished: ['faster34.swtv', 'core6', '/home/yangheechan/', PosixPath('/ssd_home/yangheechan/FL-Dataset-Generating-Tool/out/opencv_imgproc_TF_top30/prerequisite_data/contours_new.MUT1085.cpp')]
batch_0-faster34.swtv : Job Process-666:5 has been finished: ['faster34.swtv', 'core4', '/home/yangheechan/', PosixPath('/ssd_home/yangheechan/FL-Dataset-Generating-Tool/out/opencv_imgproc_TF_top30/prerequisite_data/emd_new.MUT1853.cpp')]
batch_0-faster34.swtv : Job Process-666:3 has been finished: ['faster34.swtv', 'core2', '/home/yangheechan/', PosixPath('/ssd_home/yangheechan/FL-Dataset-Generating-Tool/out/opencv_imgproc_TF_top30/prerequisite_data/templmatch.MUT1035.cpp')]
batch_0-faster34.swtv : Job Process-666:1 has been finished: ['faster34.swtv', 'core0', '/home/yangheechan/', PosixPath('/ssd_home/yangheechan/FL-Dataset-Generating-Tool/out/opencv_imgproc_TF_top30/prerequisite_data/contours_new.MUT503.cpp')]
batch_0-faster34.swtv : Job Process-666:4 has been finished: ['faster34.swtv', 'core3', '/home/yangheechan/', PosixPath('/ssd_home/yangheechan/FL-Dataset-Generating-Tool/out/opencv_imgproc_TF_top30/prerequisite_data/emd_new.MUT808.cpp')]
batch_0-faster34.swtv : Job Process-666:6 has been finished: ['faster34.swtv', 'core5', '/home/yangheechan/', PosixPath('/ssd_home/yangheechan/FL-Dataset-Generating-Tool/out/opencv_imgproc_TF_top30/prerequisite_data/emd_new.MUT1073.cpp')]
>> ENTERING TERMINATION PHASE for batch_0 of faster34.swtv <<
batch_0-faster34.swtv - 7 finished jobs with 1 leftover, threshold: 6.4
batch_0-faster34.swtv : Job Process-666:2 has been finished: ['faster34.swtv', 'core1', '/home/yangheechan/', PosixPath('/ssd_home/yangheechan/FL-Dataset-Generating-Tool/out/opencv_imgproc_TF_top30/prerequisite_data/emd_new.MUT911.cpp')]
Testing on faster20.swtv::core6
Testing on faster23.swtv::core0
Testing on faster23.swtv::core3
Testing on faster14.swtv::core0
batch_0-faster14.swtv : Job Process-654:5 has been finished: ['faster14.swtv', 'core4', '/home/yangheechan/', PosixPath('/ssd_home/yangheechan/FL-Dataset-Generating-Tool/out/opencv_imgproc_TF_top30/prerequisite_data/intersection.MUT91.cpp')]
batch_0-faster14.swtv : Job Process-654:8 has been finished: ['faster14.swtv', 'core7', '/home/yangheechan/', PosixPath('/ssd_home/yangheechan/FL-Dataset-Generating-Tool/out/opencv_imgproc_TF_top30/prerequisite_data/intersection.MUT199.cpp')]
batch_0-faster14.swtv : Job Process-654:2 has been finished: ['faster14.swtv', 'core1', '/home/yangheechan/', PosixPath('/ssd_home/yangheechan/FL-Dataset-Generating-Tool/out/opencv_imgproc_TF_top30/prerequisite_data/templmatch.MUT491.cpp')]
batch_0-faster14.swtv : Job Process-654:3 has been finished: ['faster14.swtv', 'core2', '/home/yangheechan/', PosixPath('/ssd_home/yangheechan/FL-Dataset-Generating-Tool/out/opencv_imgproc_TF_top30/prerequisite_data/templmatch.MUT743.cpp')]
batch_0-faster14.swtv : Job Process-654:7 has been finished: ['faster14.swtv', 'core6', '/home/yangheechan/', PosixPath('/ssd_home/yangheechan/FL-Dataset-Generating-Tool/out/opencv_imgproc_TF_top30/prerequisite_data/emd_new.MUT924.cpp')]
batch_0-faster14.swtv : Job Process-654:4 has been finished: ['faster14.swtv', 'core3', '/home/yangheechan/', PosixPath('/ssd_home/yangheechan/FL-Dataset-Generating-Tool/out/opencv_imgproc_TF_top30/prerequisite_data/templmatch.MUT205.cpp')]
batch_0-faster14.swtv : Job Process-654:6 has been finished: ['faster14.swtv', 'core5', '/home/yangheechan/', PosixPath('/ssd_home/yangheechan/FL-Dataset-Generating-Tool/out/opencv_imgproc_TF_top30/prerequisite_data/contours_new.MUT998.cpp')]
>> ENTERING TERMINATION PHASE for batch_0 of faster14.swtv <<
batch_0-faster14.swtv - 7 finished jobs with 1 leftover, threshold: 6.4
batch_0-faster14.swtv : Job Process-654:1 has been finished: ['faster14.swtv', 'core0', '/home/yangheechan/', PosixPath('/ssd_home/yangheechan/FL-Dataset-Generating-Tool/out/opencv_imgproc_TF_top30/prerequisite_data/emd_new.MUT1067.cpp')]
Testing on faster20.swtv::core2
batch_0-faster20.swtv : Job Process-657:1 has been finished: ['faster20.swtv', 'core0', '/home/yangheechan/', PosixPath('/ssd_home/yangheechan/FL-Dataset-Generating-Tool/out/opencv_imgproc_TF_top30/prerequisite_data/rotcalipers.MUT561.cpp')]
batch_0-faster20.swtv : Job Process-657:8 has been finished: ['faster20.swtv', 'core7', '/home/yangheechan/', PosixPath('/ssd_home/yangheechan/FL-Dataset-Generating-Tool/out/opencv_imgproc_TF_top30/prerequisite_data/templmatch.MUT348.cpp')]
batch_0-faster20.swtv : Job Process-657:5 has been finished: ['faster20.swtv', 'core4', '/home/yangheechan/', PosixPath('/ssd_home/yangheechan/FL-Dataset-Generating-Tool/out/opencv_imgproc_TF_top30/prerequisite_data/templmatch.MUT735.cpp')]
batch_0-faster20.swtv : Job Process-657:2 has been finished: ['faster20.swtv', 'core1', '/home/yangheechan/', PosixPath('/ssd_home/yangheechan/FL-Dataset-Generating-Tool/out/opencv_imgproc_TF_top30/prerequisite_data/emd_new.MUT1414.cpp')]
batch_0-faster20.swtv : Job Process-657:6 has been finished: ['faster20.swtv', 'core5', '/home/yangheechan/', PosixPath('/ssd_home/yangheechan/FL-Dataset-Generating-Tool/out/opencv_imgproc_TF_top30/prerequisite_data/templmatch.MUT215.cpp')]
batch_0-faster20.swtv : Job Process-657:4 has been finished: ['faster20.swtv', 'core3', '/home/yangheechan/', PosixPath('/ssd_home/yangheechan/FL-Dataset-Generating-Tool/out/opencv_imgproc_TF_top30/prerequisite_data/templmatch.MUT304.cpp')]
batch_0-faster20.swtv : Job Process-657:7 has been finished: ['faster20.swtv', 'core6', '/home/yangheechan/', PosixPath('/ssd_home/yangheechan/FL-Dataset-Generating-Tool/out/opencv_imgproc_TF_top30/prerequisite_data/contours_common.MUT36.cpp')]
>> ENTERING TERMINATION PHASE for batch_0 of faster20.swtv <<
batch_0-faster20.swtv - 7 finished jobs with 1 leftover, threshold: 6.4
batch_0-faster20.swtv : Job Process-657:3 has been finished: ['faster20.swtv', 'core2', '/home/yangheechan/', PosixPath('/ssd_home/yangheechan/FL-Dataset-Generating-Tool/out/opencv_imgproc_TF_top30/prerequisite_data/emd_new.MUT100.cpp')]
Testing on faster23.swtv::core6
Testing on faster29.swtv::core3
Testing on faster29.swtv::core7
Testing on faster23.swtv::core2
batch_0-faster23.swtv : Job Process-658:2 has been finished: ['faster23.swtv', 'core1', '/home/yangheechan/', PosixPath('/ssd_home/yangheechan/FL-Dataset-Generating-Tool/out/opencv_imgproc_TF_top30/prerequisite_data/rotcalipers.MUT105.cpp')]
batch_0-faster23.swtv : Job Process-658:6 has been finished: ['faster23.swtv', 'core5', '/home/yangheechan/', PosixPath('/ssd_home/yangheechan/FL-Dataset-Generating-Tool/out/opencv_imgproc_TF_top30/prerequisite_data/intelligent_scissors.MUT938.cpp')]
batch_0-faster23.swtv : Job Process-658:8 has been finished: ['faster23.swtv', 'core7', '/home/yangheechan/', PosixPath('/ssd_home/yangheechan/FL-Dataset-Generating-Tool/out/opencv_imgproc_TF_top30/prerequisite_data/intelligent_scissors.MUT413.cpp')]
batch_0-faster23.swtv : Job Process-658:5 has been finished: ['faster23.swtv', 'core4', '/home/yangheechan/', PosixPath('/ssd_home/yangheechan/FL-Dataset-Generating-Tool/out/opencv_imgproc_TF_top30/prerequisite_data/templmatch.MUT1039.cpp')]
batch_0-faster23.swtv : Job Process-658:1 has been finished: ['faster23.swtv', 'core0', '/home/yangheechan/', PosixPath('/ssd_home/yangheechan/FL-Dataset-Generating-Tool/out/opencv_imgproc_TF_top30/prerequisite_data/contours_common.MUT74.cpp')]
batch_0-faster23.swtv : Job Process-658:4 has been finished: ['faster23.swtv', 'core3', '/home/yangheechan/', PosixPath('/ssd_home/yangheechan/FL-Dataset-Generating-Tool/out/opencv_imgproc_TF_top30/prerequisite_data/contours_common.MUT3.cpp')]
batch_0-faster23.swtv : Job Process-658:7 has been finished: ['faster23.swtv', 'core6', '/home/yangheechan/', PosixPath('/ssd_home/yangheechan/FL-Dataset-Generating-Tool/out/opencv_imgproc_TF_top30/prerequisite_data/contours_new.MUT262.cpp')]
>> ENTERING TERMINATION PHASE for batch_0 of faster23.swtv <<
batch_0-faster23.swtv - 7 finished jobs with 1 leftover, threshold: 6.4
batch_0-faster23.swtv : Job Process-658:3 has been finished: ['faster23.swtv', 'core2', '/home/yangheechan/', PosixPath('/ssd_home/yangheechan/FL-Dataset-Generating-Tool/out/opencv_imgproc_TF_top30/prerequisite_data/emd_new.MUT1811.cpp')]
Testing on faster29.swtv::core5
batch_0-faster29.swtv : Job Process-664:2 has been finished: ['faster29.swtv', 'core1', '/home/yangheechan/', PosixPath('/ssd_home/yangheechan/FL-Dataset-Generating-Tool/out/opencv_imgproc_TF_top30/prerequisite_data/emd_new.MUT203.cpp')]
batch_0-faster29.swtv : Job Process-664:5 has been finished: ['faster29.swtv', 'core4', '/home/yangheechan/', PosixPath('/ssd_home/yangheechan/FL-Dataset-Generating-Tool/out/opencv_imgproc_TF_top30/prerequisite_data/rotcalipers.MUT256.cpp')]
batch_0-faster29.swtv : Job Process-664:7 has been finished: ['faster29.swtv', 'core6', '/home/yangheechan/', PosixPath('/ssd_home/yangheechan/FL-Dataset-Generating-Tool/out/opencv_imgproc_TF_top30/prerequisite_data/intelligent_scissors.MUT537.cpp')]
batch_0-faster29.swtv : Job Process-664:1 has been finished: ['faster29.swtv', 'core0', '/home/yangheechan/', PosixPath('/ssd_home/yangheechan/FL-Dataset-Generating-Tool/out/opencv_imgproc_TF_top30/prerequisite_data/emd_new.MUT739.cpp')]
batch_0-faster29.swtv : Job Process-664:3 has been finished: ['faster29.swtv', 'core2', '/home/yangheechan/', PosixPath('/ssd_home/yangheechan/FL-Dataset-Generating-Tool/out/opencv_imgproc_TF_top30/prerequisite_data/contours_approx.MUT568.cpp')]
batch_0-faster29.swtv : Job Process-664:4 has been finished: ['faster29.swtv', 'core3', '/home/yangheechan/', PosixPath('/ssd_home/yangheechan/FL-Dataset-Generating-Tool/out/opencv_imgproc_TF_top30/prerequisite_data/emd_new.MUT1284.cpp')]
batch_0-faster29.swtv : Job Process-664:8 has been finished: ['faster29.swtv', 'core7', '/home/yangheechan/', PosixPath('/ssd_home/yangheechan/FL-Dataset-Generating-Tool/out/opencv_imgproc_TF_top30/prerequisite_data/emd_new.MUT346.cpp')]
>> ENTERING TERMINATION PHASE for batch_0 of faster29.swtv <<
batch_0-faster29.swtv - 7 finished jobs with 1 leftover, threshold: 6.4
batch_0-faster29.swtv : Job Process-664:6 has been finished: ['faster29.swtv', 'core5', '/home/yangheechan/', PosixPath('/ssd_home/yangheechan/FL-Dataset-Generating-Tool/out/opencv_imgproc_TF_top30/prerequisite_data/emd_new.MUT516.cpp')]
>> Finished testing all versions now retrieving versions with its mbfl data
