Initialized working directory: /ssd_home/yangheechan/FL-Dataset-Generating-Tool/work/opencv_calib3d_TF_top30
Remained versions: 232
Per file count: 9
opencv_calib3d_TF_top30/modules/calib3d/src/calibration_handeye.cpp: 46
opencv_calib3d_TF_top30/modules/calib3d/src/circlesgrid.cpp: 54
opencv_calib3d_TF_top30/modules/calib3d/src/five-point.cpp: 44
opencv_calib3d_TF_top30/modules/calib3d/src/usac/local_optimization.cpp: 9
opencv_calib3d_TF_top30/modules/calib3d/src/ptsetreg.cpp: 39
opencv_calib3d_TF_top30/modules/calib3d/src/rho.cpp: 15
opencv_calib3d_TF_top30/modules/calib3d/src/epnp.cpp: 22
opencv_calib3d_TF_top30/modules/calib3d/src/checkchessboard.cpp: 2
opencv_calib3d_TF_top30/modules/calib3d/src/usac/dls_solver.cpp: 1

include_bug_idx: 232
opencv_calib3d_TF_top30/modules/calib3d/src/calibration_handeye.cpp: 46
opencv_calib3d_TF_top30/modules/calib3d/src/circlesgrid.cpp: 54
opencv_calib3d_TF_top30/modules/calib3d/src/five-point.cpp: 44
opencv_calib3d_TF_top30/modules/calib3d/src/usac/local_optimization.cpp: 9
opencv_calib3d_TF_top30/modules/calib3d/src/ptsetreg.cpp: 39
opencv_calib3d_TF_top30/modules/calib3d/src/rho.cpp: 15
opencv_calib3d_TF_top30/modules/calib3d/src/epnp.cpp: 22
opencv_calib3d_TF_top30/modules/calib3d/src/checkchessboard.cpp: 2
opencv_calib3d_TF_top30/modules/calib3d/src/usac/dls_solver.cpp: 1
>> MBFL extraction on 232 of buggy versions <<
Number of tasks (assigned_works): 232
Number of tasks (works): 232
Number of tasks (repo): 232
Number of tasks (configurations): 29
Number of tasks (src): 29
Number of tasks (tools): 29
Number of tasks (configurations): 29
Batch ID: batch_0
Batch size: 8
Batch ID: batch_0
Batch size: 8
Batch ID: batch_0
Batch size: 8
Batch ID: batch_0
Batch size: 8
Batch ID: batch_0
Batch size: 8
Batch ID: batch_0
Batch size: 8
Batch ID: batch_0
Batch size: 8
Batch ID: batch_0
Batch size: 8
Batch ID: batch_0
Batch size: 8
Batch ID: batch_0
Batch size: 8
Batch ID: batch_0
Batch size: 8
Batch ID: batch_0
Batch size: 8
Batch ID: batch_0
Batch size: 8
Batch ID: batch_0
Batch size: 8
Batch ID: batch_0
Batch size: 8
Batch ID: batch_0
Batch size: 8
Batch ID: batch_0
Batch size: 8
Batch ID: batch_0
Batch size: 8
Batch ID: batch_0
Batch size: 8
Batch ID: batch_0
Batch size: 8
Batch ID: batch_0
Batch size: 8
Batch ID: batch_0
Batch size: 8
Batch ID: batch_0
Batch size: 8
Batch ID: batch_0
Batch size: 8
Batch ID: batch_0
Batch size: 8
Batch ID: batch_0
Batch size: 8
Batch ID: batch_0
Batch size: 8
Batch ID: batch_0
Batch size: 8
Batch ID: batch_0
Batch size: 8
Testing on faster25.swtv::core3
Testing on faster20.swtv::core6
Testing on faster45.swtv::core0
Testing on faster48.swtv::core0
Testing on faster26.swtv::core0
Testing on faster14.swtv::core0
Testing on faster32.swtv::core7
Testing on faster20.swtv::core0
Testing on faster48.swtv::core7
Testing on faster48.swtv::core2
Testing on faster23.swtv::core4
Testing on faster34.swtv::core7
Testing on faster28.swtv::core1
Testing on faster37.swtv::core2
Testing on faster47.swtv::core2
Testing on faster37.swtv::core3
Testing on faster51.swtv::core6
Testing on faster37.swtv::core1
Testing on faster15.swtv::core5
Testing on faster42.swtv::core7
Testing on faster38.swtv::core7
Testing on faster48.swtv::core4
Testing on faster45.swtv::core7
Testing on faster50.swtv::core4
Testing on faster11.swtv::core2
Testing on faster40.swtv::core7
Testing on faster27.swtv::core7
Testing on faster39.swtv::core2
Testing on faster26.swtv::core1
Testing on faster24.swtv::core7
Testing on faster32.swtv::core5
Testing on faster34.swtv::core3
Testing on faster47.swtv::core1
Testing on faster7.swtv::core3
Testing on faster7.swtv::core0
Testing on faster40.swtv::core1
Testing on faster36.swtv::core0
Testing on faster42.swtv::core3
Testing on faster37.swtv::core5
Testing on faster25.swtv::core6
Testing on faster36.swtv::core1
Testing on faster32.swtv::core2
Testing on faster26.swtv::core5
Testing on faster47.swtv::core3
Testing on faster11.swtv::core0
Testing on faster45.swtv::core6
Testing on faster27.swtv::core1
Testing on faster20.swtv::core1
Testing on faster25.swtv::core7
Testing on faster47.swtv::core7
Testing on faster38.swtv::core4
Testing on faster46.swtv::core3
Testing on faster15.swtv::core2
Testing on faster7.swtv::core4
Testing on faster20.swtv::core2
Testing on faster37.swtv::core4
Testing on faster39.swtv::core1
Testing on faster7.swtv::core1
Testing on faster42.swtv::core2
Testing on faster7.swtv::core6
Testing on faster28.swtv::core3
Testing on faster42.swtv::core6
Testing on faster51.swtv::core3
Testing on faster51.swtv::core7
Testing on faster42.swtv::core1
Testing on faster8.swtv::core1
Testing on faster23.swtv::core6
Testing on faster28.swtv::core2
Testing on faster51.swtv::core4
Testing on faster19.swtv::core0
Testing on faster45.swtv::core5
Testing on faster20.swtv::core4
Testing on faster28.swtv::core0
Testing on faster27.swtv::core2
Testing on faster51.swtv::core2
Testing on faster39.swtv::core4
Testing on faster44.swtv::core3
Testing on faster27.swtv::core5
Testing on faster20.swtv::core7
Testing on faster11.swtv::core1
Testing on faster19.swtv::core3
Testing on faster38.swtv::core0
Testing on faster38.swtv::core1
Testing on faster38.swtv::core2
Testing on faster7.swtv::core2
Testing on faster37.swtv::core0
Testing on faster51.swtv::core0
Testing on faster50.swtv::core3
Testing on faster24.swtv::core2
Testing on faster11.swtv::core4
Testing on faster45.swtv::core2
Testing on faster24.swtv::core5
Testing on faster11.swtv::core3
Testing on faster20.swtv::core3
Testing on faster7.swtv::core7
Testing on faster44.swtv::core2
Testing on faster48.swtv::core5
Testing on faster38.swtv::core3
Testing on faster8.swtv::core3
Testing on faster39.swtv::core0
Testing on faster15.swtv::core4
Testing on faster48.swtv::core6
Testing on faster47.swtv::core0
Testing on faster11.swtv::core7
Testing on faster47.swtv::core5
Testing on faster19.swtv::core7
Testing on faster26.swtv::core2
Testing on faster27.swtv::core0
Testing on faster27.swtv::core6
Testing on faster28.swtv::core4
Testing on faster40.swtv::core2
Testing on faster28.swtv::core5
Testing on faster39.swtv::core7
Testing on faster26.swtv::core4
Testing on faster15.swtv::core1
Testing on faster40.swtv::core4
Testing on faster45.swtv::core4
Testing on faster19.swtv::core1
Testing on faster44.swtv::core6
Testing on faster25.swtv::core4
Testing on faster15.swtv::core6
Testing on faster51.swtv::core1
Testing on faster32.swtv::core1
Testing on faster26.swtv::core6
Testing on faster27.swtv::core3
Testing on faster38.swtv::core6
Testing on faster40.swtv::core6
Testing on faster19.swtv::core5
Testing on faster40.swtv::core3
Testing on faster44.swtv::core7
Testing on faster28.swtv::core7
Testing on faster44.swtv::core5
Testing on faster36.swtv::core6
Testing on faster34.swtv::core2
Testing on faster11.swtv::core6
Testing on faster15.swtv::core3
Testing on faster25.swtv::core2
Testing on faster36.swtv::core7
Testing on faster23.swtv::core0
Testing on faster44.swtv::core4
Testing on faster29.swtv::core1
Testing on faster42.swtv::core5
Testing on faster40.swtv::core0
Testing on faster47.swtv::core4
Testing on faster25.swtv::core1
Testing on faster14.swtv::core3
Testing on faster36.swtv::core5
Testing on faster14.swtv::core5
Testing on faster36.swtv::core2
Testing on faster23.swtv::core1
Testing on faster39.swtv::core5
Testing on faster23.swtv::core3
Testing on faster26.swtv::core3
Testing on faster50.swtv::core2
Testing on faster20.swtv::core5
batch_0-faster20.swtv : Job Process-657:7 has been finished: ['faster20.swtv', 'core6', '/home/yangheechan/', PosixPath('/ssd_home/yangheechan/FL-Dataset-Generating-Tool/out/opencv_calib3d_TF_top30/prerequisite_data/ptsetreg.MUT431.cpp')]
batch_0-faster20.swtv : Job Process-657:1 has been finished: ['faster20.swtv', 'core0', '/home/yangheechan/', PosixPath('/ssd_home/yangheechan/FL-Dataset-Generating-Tool/out/opencv_calib3d_TF_top30/prerequisite_data/ptsetreg.MUT163.cpp')]
batch_0-faster20.swtv : Job Process-657:2 has been finished: ['faster20.swtv', 'core1', '/home/yangheechan/', PosixPath('/ssd_home/yangheechan/FL-Dataset-Generating-Tool/out/opencv_calib3d_TF_top30/prerequisite_data/circlesgrid.MUT233.cpp')]
batch_0-faster20.swtv : Job Process-657:3 has been finished: ['faster20.swtv', 'core2', '/home/yangheechan/', PosixPath('/ssd_home/yangheechan/FL-Dataset-Generating-Tool/out/opencv_calib3d_TF_top30/prerequisite_data/circlesgrid.MUT3.cpp')]
batch_0-faster20.swtv : Job Process-657:5 has been finished: ['faster20.swtv', 'core4', '/home/yangheechan/', PosixPath('/ssd_home/yangheechan/FL-Dataset-Generating-Tool/out/opencv_calib3d_TF_top30/prerequisite_data/ptsetreg.MUT315.cpp')]
batch_0-faster20.swtv : Job Process-657:8 has been finished: ['faster20.swtv', 'core7', '/home/yangheechan/', PosixPath('/ssd_home/yangheechan/FL-Dataset-Generating-Tool/out/opencv_calib3d_TF_top30/prerequisite_data/ptsetreg.MUT289.cpp')]
batch_0-faster20.swtv : Job Process-657:4 has been finished: ['faster20.swtv', 'core3', '/home/yangheechan/', PosixPath('/ssd_home/yangheechan/FL-Dataset-Generating-Tool/out/opencv_calib3d_TF_top30/prerequisite_data/calibration_handeye.MUT123.cpp')]
>> ENTERING TERMINATION PHASE for batch_0 of faster20.swtv <<
batch_0-faster20.swtv - 7 finished jobs with 1 leftover, threshold: 6.4
batch_0-faster20.swtv : Job Process-657:6 has been finished: ['faster20.swtv', 'core5', '/home/yangheechan/', PosixPath('/ssd_home/yangheechan/FL-Dataset-Generating-Tool/out/opencv_calib3d_TF_top30/prerequisite_data/five-point.MUT40.cpp')]
Testing on faster37.swtv::core7
Testing on faster37.swtv::core6
batch_0-faster37.swtv : Job Process-668:3 has been finished: ['faster37.swtv', 'core2', '/home/yangheechan/', PosixPath('/ssd_home/yangheechan/FL-Dataset-Generating-Tool/out/opencv_calib3d_TF_top30/prerequisite_data/checkchessboard.MUT42.cpp')]
batch_0-faster37.swtv : Job Process-668:4 has been finished: ['faster37.swtv', 'core3', '/home/yangheechan/', PosixPath('/ssd_home/yangheechan/FL-Dataset-Generating-Tool/out/opencv_calib3d_TF_top30/prerequisite_data/circlesgrid.MUT48.cpp')]
batch_0-faster37.swtv : Job Process-668:2 has been finished: ['faster37.swtv', 'core1', '/home/yangheechan/', PosixPath('/ssd_home/yangheechan/FL-Dataset-Generating-Tool/out/opencv_calib3d_TF_top30/prerequisite_data/circlesgrid.MUT71.cpp')]
batch_0-faster37.swtv : Job Process-668:6 has been finished: ['faster37.swtv', 'core5', '/home/yangheechan/', PosixPath('/ssd_home/yangheechan/FL-Dataset-Generating-Tool/out/opencv_calib3d_TF_top30/prerequisite_data/circlesgrid.MUT141.cpp')]
batch_0-faster37.swtv : Job Process-668:5 has been finished: ['faster37.swtv', 'core4', '/home/yangheechan/', PosixPath('/ssd_home/yangheechan/FL-Dataset-Generating-Tool/out/opencv_calib3d_TF_top30/prerequisite_data/ptsetreg.MUT144.cpp')]
batch_0-faster37.swtv : Job Process-668:1 has been finished: ['faster37.swtv', 'core0', '/home/yangheechan/', PosixPath('/ssd_home/yangheechan/FL-Dataset-Generating-Tool/out/opencv_calib3d_TF_top30/prerequisite_data/calibration_handeye.MUT117.cpp')]
batch_0-faster37.swtv : Job Process-668:8 has been finished: ['faster37.swtv', 'core7', '/home/yangheechan/', PosixPath('/ssd_home/yangheechan/FL-Dataset-Generating-Tool/out/opencv_calib3d_TF_top30/prerequisite_data/five-point.MUT216.cpp')]
>> ENTERING TERMINATION PHASE for batch_0 of faster37.swtv <<
batch_0-faster37.swtv - 7 finished jobs with 1 leftover, threshold: 6.4
batch_0-faster37.swtv : Job Process-668:7 has been finished: ['faster37.swtv', 'core6', '/home/yangheechan/', PosixPath('/ssd_home/yangheechan/FL-Dataset-Generating-Tool/out/opencv_calib3d_TF_top30/prerequisite_data/five-point.MUT31.cpp')]
Testing on faster7.swtv::core5
batch_0-faster7.swtv : Job Process-651:4 has been finished: ['faster7.swtv', 'core3', '/home/yangheechan/', PosixPath('/ssd_home/yangheechan/FL-Dataset-Generating-Tool/out/opencv_calib3d_TF_top30/prerequisite_data/calibration_handeye.MUT440.cpp')]
batch_0-faster7.swtv : Job Process-651:1 has been finished: ['faster7.swtv', 'core0', '/home/yangheechan/', PosixPath('/ssd_home/yangheechan/FL-Dataset-Generating-Tool/out/opencv_calib3d_TF_top30/prerequisite_data/calibration_handeye.MUT439.cpp')]
batch_0-faster7.swtv : Job Process-651:5 has been finished: ['faster7.swtv', 'core4', '/home/yangheechan/', PosixPath('/ssd_home/yangheechan/FL-Dataset-Generating-Tool/out/opencv_calib3d_TF_top30/prerequisite_data/circlesgrid.MUT101.cpp')]
batch_0-faster7.swtv : Job Process-651:2 has been finished: ['faster7.swtv', 'core1', '/home/yangheechan/', PosixPath('/ssd_home/yangheechan/FL-Dataset-Generating-Tool/out/opencv_calib3d_TF_top30/prerequisite_data/circlesgrid.MUT164.cpp')]
batch_0-faster7.swtv : Job Process-651:7 has been finished: ['faster7.swtv', 'core6', '/home/yangheechan/', PosixPath('/ssd_home/yangheechan/FL-Dataset-Generating-Tool/out/opencv_calib3d_TF_top30/prerequisite_data/local_optimization.MUT78.cpp')]
batch_0-faster7.swtv : Job Process-651:3 has been finished: ['faster7.swtv', 'core2', '/home/yangheechan/', PosixPath('/ssd_home/yangheechan/FL-Dataset-Generating-Tool/out/opencv_calib3d_TF_top30/prerequisite_data/circlesgrid.MUT379.cpp')]
batch_0-faster7.swtv : Job Process-651:8 has been finished: ['faster7.swtv', 'core7', '/home/yangheechan/', PosixPath('/ssd_home/yangheechan/FL-Dataset-Generating-Tool/out/opencv_calib3d_TF_top30/prerequisite_data/calibration_handeye.MUT312.cpp')]
>> ENTERING TERMINATION PHASE for batch_0 of faster7.swtv <<
batch_0-faster7.swtv - 7 finished jobs with 1 leftover, threshold: 6.4
batch_0-faster7.swtv : Job Process-651:6 has been finished: ['faster7.swtv', 'core5', '/home/yangheechan/', PosixPath('/ssd_home/yangheechan/FL-Dataset-Generating-Tool/out/opencv_calib3d_TF_top30/prerequisite_data/five-point.MUT166.cpp')]
Testing on faster50.swtv::core1
Testing on faster32.swtv::core6
Testing on faster34.swtv::core6
Testing on faster48.swtv::core3
Testing on faster8.swtv::core5
Testing on faster24.swtv::core0
Testing on faster26.swtv::core7
batch_0-faster26.swtv : Job Process-661:1 has been finished: ['faster26.swtv', 'core0', '/home/yangheechan/', PosixPath('/ssd_home/yangheechan/FL-Dataset-Generating-Tool/out/opencv_calib3d_TF_top30/prerequisite_data/ptsetreg.MUT396.cpp')]
batch_0-faster26.swtv : Job Process-661:2 has been finished: ['faster26.swtv', 'core1', '/home/yangheechan/', PosixPath('/ssd_home/yangheechan/FL-Dataset-Generating-Tool/out/opencv_calib3d_TF_top30/prerequisite_data/calibration_handeye.MUT438.cpp')]
batch_0-faster26.swtv : Job Process-661:6 has been finished: ['faster26.swtv', 'core5', '/home/yangheechan/', PosixPath('/ssd_home/yangheechan/FL-Dataset-Generating-Tool/out/opencv_calib3d_TF_top30/prerequisite_data/circlesgrid.MUT492.cpp')]
batch_0-faster26.swtv : Job Process-661:3 has been finished: ['faster26.swtv', 'core2', '/home/yangheechan/', PosixPath('/ssd_home/yangheechan/FL-Dataset-Generating-Tool/out/opencv_calib3d_TF_top30/prerequisite_data/circlesgrid.MUT671.cpp')]
batch_0-faster26.swtv : Job Process-661:5 has been finished: ['faster26.swtv', 'core4', '/home/yangheechan/', PosixPath('/ssd_home/yangheechan/FL-Dataset-Generating-Tool/out/opencv_calib3d_TF_top30/prerequisite_data/calibration_handeye.MUT79.cpp')]
batch_0-faster26.swtv : Job Process-661:7 has been finished: ['faster26.swtv', 'core6', '/home/yangheechan/', PosixPath('/ssd_home/yangheechan/FL-Dataset-Generating-Tool/out/opencv_calib3d_TF_top30/prerequisite_data/epnp.MUT153.cpp')]
batch_0-faster26.swtv : Job Process-661:4 has been finished: ['faster26.swtv', 'core3', '/home/yangheechan/', PosixPath('/ssd_home/yangheechan/FL-Dataset-Generating-Tool/out/opencv_calib3d_TF_top30/prerequisite_data/rho.MUT232.cpp')]
>> ENTERING TERMINATION PHASE for batch_0 of faster26.swtv <<
batch_0-faster26.swtv - 7 finished jobs with 1 leftover, threshold: 6.4
batch_0-faster26.swtv : Job Process-661:8 has been finished: ['faster26.swtv', 'core7', '/home/yangheechan/', PosixPath('/ssd_home/yangheechan/FL-Dataset-Generating-Tool/out/opencv_calib3d_TF_top30/prerequisite_data/rho.MUT332.cpp')]
Testing on faster29.swtv::core5
Testing on faster46.swtv::core1
Testing on faster46.swtv::core6
Testing on faster46.swtv::core0
Testing on faster23.swtv::core5
Testing on faster14.swtv::core7
Testing on faster51.swtv::core5
batch_0-faster51.swtv : Job Process-679:7 has been finished: ['faster51.swtv', 'core6', '/home/yangheechan/', PosixPath('/ssd_home/yangheechan/FL-Dataset-Generating-Tool/out/opencv_calib3d_TF_top30/prerequisite_data/calibration_handeye.MUT409.cpp')]
batch_0-faster51.swtv : Job Process-679:4 has been finished: ['faster51.swtv', 'core3', '/home/yangheechan/', PosixPath('/ssd_home/yangheechan/FL-Dataset-Generating-Tool/out/opencv_calib3d_TF_top30/prerequisite_data/calibration_handeye.MUT213.cpp')]
batch_0-faster51.swtv : Job Process-679:8 has been finished: ['faster51.swtv', 'core7', '/home/yangheechan/', PosixPath('/ssd_home/yangheechan/FL-Dataset-Generating-Tool/out/opencv_calib3d_TF_top30/prerequisite_data/circlesgrid.MUT567.cpp')]
batch_0-faster51.swtv : Job Process-679:5 has been finished: ['faster51.swtv', 'core4', '/home/yangheechan/', PosixPath('/ssd_home/yangheechan/FL-Dataset-Generating-Tool/out/opencv_calib3d_TF_top30/prerequisite_data/ptsetreg.MUT368.cpp')]
batch_0-faster51.swtv : Job Process-679:3 has been finished: ['faster51.swtv', 'core2', '/home/yangheechan/', PosixPath('/ssd_home/yangheechan/FL-Dataset-Generating-Tool/out/opencv_calib3d_TF_top30/prerequisite_data/ptsetreg.MUT263.cpp')]
batch_0-faster51.swtv : Job Process-679:1 has been finished: ['faster51.swtv', 'core0', '/home/yangheechan/', PosixPath('/ssd_home/yangheechan/FL-Dataset-Generating-Tool/out/opencv_calib3d_TF_top30/prerequisite_data/local_optimization.MUT223.cpp')]
batch_0-faster51.swtv : Job Process-679:2 has been finished: ['faster51.swtv', 'core1', '/home/yangheechan/', PosixPath('/ssd_home/yangheechan/FL-Dataset-Generating-Tool/out/opencv_calib3d_TF_top30/prerequisite_data/circlesgrid.MUT675.cpp')]
>> ENTERING TERMINATION PHASE for batch_0 of faster51.swtv <<
batch_0-faster51.swtv - 7 finished jobs with 1 leftover, threshold: 6.4
batch_0-faster51.swtv : Job Process-679:6 has been finished: ['faster51.swtv', 'core5', '/home/yangheechan/', PosixPath('/ssd_home/yangheechan/FL-Dataset-Generating-Tool/out/opencv_calib3d_TF_top30/prerequisite_data/five-point.MUT228.cpp')]
Testing on faster47.swtv::core6
batch_0-faster47.swtv : Job Process-676:3 has been finished: ['faster47.swtv', 'core2', '/home/yangheechan/', PosixPath('/ssd_home/yangheechan/FL-Dataset-Generating-Tool/out/opencv_calib3d_TF_top30/prerequisite_data/ptsetreg.MUT180.cpp')]
batch_0-faster47.swtv : Job Process-676:2 has been finished: ['faster47.swtv', 'core1', '/home/yangheechan/', PosixPath('/ssd_home/yangheechan/FL-Dataset-Generating-Tool/out/opencv_calib3d_TF_top30/prerequisite_data/calibration_handeye.MUT432.cpp')]
batch_0-faster47.swtv : Job Process-676:4 has been finished: ['faster47.swtv', 'core3', '/home/yangheechan/', PosixPath('/ssd_home/yangheechan/FL-Dataset-Generating-Tool/out/opencv_calib3d_TF_top30/prerequisite_data/five-point.MUT12.cpp')]
batch_0-faster47.swtv : Job Process-676:8 has been finished: ['faster47.swtv', 'core7', '/home/yangheechan/', PosixPath('/ssd_home/yangheechan/FL-Dataset-Generating-Tool/out/opencv_calib3d_TF_top30/prerequisite_data/ptsetreg.MUT275.cpp')]
batch_0-faster47.swtv : Job Process-676:1 has been finished: ['faster47.swtv', 'core0', '/home/yangheechan/', PosixPath('/ssd_home/yangheechan/FL-Dataset-Generating-Tool/out/opencv_calib3d_TF_top30/prerequisite_data/calibration_handeye.MUT331.cpp')]
batch_0-faster47.swtv : Job Process-676:6 has been finished: ['faster47.swtv', 'core5', '/home/yangheechan/', PosixPath('/ssd_home/yangheechan/FL-Dataset-Generating-Tool/out/opencv_calib3d_TF_top30/prerequisite_data/epnp.MUT277.cpp')]
batch_0-faster47.swtv : Job Process-676:5 has been finished: ['faster47.swtv', 'core4', '/home/yangheechan/', PosixPath('/ssd_home/yangheechan/FL-Dataset-Generating-Tool/out/opencv_calib3d_TF_top30/prerequisite_data/rho.MUT460.cpp')]
>> ENTERING TERMINATION PHASE for batch_0 of faster47.swtv <<
batch_0-faster47.swtv - 7 finished jobs with 1 leftover, threshold: 6.4
batch_0-faster47.swtv : Job Process-676:7 has been finished: ['faster47.swtv', 'core6', '/home/yangheechan/', PosixPath('/ssd_home/yangheechan/FL-Dataset-Generating-Tool/out/opencv_calib3d_TF_top30/prerequisite_data/five-point.MUT413.cpp')]
Testing on faster25.swtv::core0
Testing on faster42.swtv::core4
Testing on faster50.swtv::core5
Testing on faster45.swtv::core1
Testing on faster29.swtv::core2
Testing on faster29.swtv::core4
Testing on faster38.swtv::core5
batch_0-faster38.swtv : Job Process-669:8 has been finished: ['faster38.swtv', 'core7', '/home/yangheechan/', PosixPath('/ssd_home/yangheechan/FL-Dataset-Generating-Tool/out/opencv_calib3d_TF_top30/prerequisite_data/calibration_handeye.MUT423.cpp')]
batch_0-faster38.swtv : Job Process-669:5 has been finished: ['faster38.swtv', 'core4', '/home/yangheechan/', PosixPath('/ssd_home/yangheechan/FL-Dataset-Generating-Tool/out/opencv_calib3d_TF_top30/prerequisite_data/calibration_handeye.MUT167.cpp')]
batch_0-faster38.swtv : Job Process-669:1 has been finished: ['faster38.swtv', 'core0', '/home/yangheechan/', PosixPath('/ssd_home/yangheechan/FL-Dataset-Generating-Tool/out/opencv_calib3d_TF_top30/prerequisite_data/ptsetreg.MUT310.cpp')]
batch_0-faster38.swtv : Job Process-669:2 has been finished: ['faster38.swtv', 'core1', '/home/yangheechan/', PosixPath('/ssd_home/yangheechan/FL-Dataset-Generating-Tool/out/opencv_calib3d_TF_top30/prerequisite_data/ptsetreg.MUT309.cpp')]
batch_0-faster38.swtv : Job Process-669:3 has been finished: ['faster38.swtv', 'core2', '/home/yangheechan/', PosixPath('/ssd_home/yangheechan/FL-Dataset-Generating-Tool/out/opencv_calib3d_TF_top30/prerequisite_data/ptsetreg.MUT268.cpp')]
batch_0-faster38.swtv : Job Process-669:4 has been finished: ['faster38.swtv', 'core3', '/home/yangheechan/', PosixPath('/ssd_home/yangheechan/FL-Dataset-Generating-Tool/out/opencv_calib3d_TF_top30/prerequisite_data/calibration_handeye.MUT303.cpp')]
batch_0-faster38.swtv : Job Process-669:7 has been finished: ['faster38.swtv', 'core6', '/home/yangheechan/', PosixPath('/ssd_home/yangheechan/FL-Dataset-Generating-Tool/out/opencv_calib3d_TF_top30/prerequisite_data/ptsetreg.MUT34.cpp')]
>> ENTERING TERMINATION PHASE for batch_0 of faster38.swtv <<
batch_0-faster38.swtv - 7 finished jobs with 1 leftover, threshold: 6.4
batch_0-faster38.swtv : Job Process-669:6 has been finished: ['faster38.swtv', 'core5', '/home/yangheechan/', PosixPath('/ssd_home/yangheechan/FL-Dataset-Generating-Tool/out/opencv_calib3d_TF_top30/prerequisite_data/five-point.MUT43.cpp')]
Testing on faster46.swtv::core2
Testing on faster29.swtv::core0
Testing on faster29.swtv::core7
Testing on faster32.swtv::core4
Testing on faster32.swtv::core0
Testing on faster28.swtv::core6
batch_0-faster28.swtv : Job Process-663:2 has been finished: ['faster28.swtv', 'core1', '/home/yangheechan/', PosixPath('/ssd_home/yangheechan/FL-Dataset-Generating-Tool/out/opencv_calib3d_TF_top30/prerequisite_data/checkchessboard.MUT60.cpp')]
batch_0-faster28.swtv : Job Process-663:4 has been finished: ['faster28.swtv', 'core3', '/home/yangheechan/', PosixPath('/ssd_home/yangheechan/FL-Dataset-Generating-Tool/out/opencv_calib3d_TF_top30/prerequisite_data/calibration_handeye.MUT187.cpp')]
batch_0-faster28.swtv : Job Process-663:3 has been finished: ['faster28.swtv', 'core2', '/home/yangheechan/', PosixPath('/ssd_home/yangheechan/FL-Dataset-Generating-Tool/out/opencv_calib3d_TF_top30/prerequisite_data/ptsetreg.MUT342.cpp')]
batch_0-faster28.swtv : Job Process-663:1 has been finished: ['faster28.swtv', 'core0', '/home/yangheechan/', PosixPath('/ssd_home/yangheechan/FL-Dataset-Generating-Tool/out/opencv_calib3d_TF_top30/prerequisite_data/ptsetreg.MUT350.cpp')]
batch_0-faster28.swtv : Job Process-663:5 has been finished: ['faster28.swtv', 'core4', '/home/yangheechan/', PosixPath('/ssd_home/yangheechan/FL-Dataset-Generating-Tool/out/opencv_calib3d_TF_top30/prerequisite_data/circlesgrid.MUT305.cpp')]
batch_0-faster28.swtv : Job Process-663:6 has been finished: ['faster28.swtv', 'core5', '/home/yangheechan/', PosixPath('/ssd_home/yangheechan/FL-Dataset-Generating-Tool/out/opencv_calib3d_TF_top30/prerequisite_data/calibration_handeye.MUT201.cpp')]
batch_0-faster28.swtv : Job Process-663:8 has been finished: ['faster28.swtv', 'core7', '/home/yangheechan/', PosixPath('/ssd_home/yangheechan/FL-Dataset-Generating-Tool/out/opencv_calib3d_TF_top30/prerequisite_data/five-point.MUT337.cpp')]
>> ENTERING TERMINATION PHASE for batch_0 of faster28.swtv <<
batch_0-faster28.swtv - 7 finished jobs with 1 leftover, threshold: 6.4
batch_0-faster28.swtv : Job Process-663:7 has been finished: ['faster28.swtv', 'core6', '/home/yangheechan/', PosixPath('/ssd_home/yangheechan/FL-Dataset-Generating-Tool/out/opencv_calib3d_TF_top30/prerequisite_data/five-point.MUT42.cpp')]
Testing on faster23.swtv::core2
Testing on faster19.swtv::core6
Testing on faster46.swtv::core5
Testing on faster25.swtv::core5
batch_0-faster25.swtv : Job Process-660:4 has been finished: ['faster25.swtv', 'core3', '/home/yangheechan/', PosixPath('/ssd_home/yangheechan/FL-Dataset-Generating-Tool/out/opencv_calib3d_TF_top30/prerequisite_data/ptsetreg.MUT377.cpp')]
batch_0-faster25.swtv : Job Process-660:7 has been finished: ['faster25.swtv', 'core6', '/home/yangheechan/', PosixPath('/ssd_home/yangheechan/FL-Dataset-Generating-Tool/out/opencv_calib3d_TF_top30/prerequisite_data/five-point.MUT3.cpp')]
batch_0-faster25.swtv : Job Process-660:8 has been finished: ['faster25.swtv', 'core7', '/home/yangheechan/', PosixPath('/ssd_home/yangheechan/FL-Dataset-Generating-Tool/out/opencv_calib3d_TF_top30/prerequisite_data/circlesgrid.MUT154.cpp')]
batch_0-faster25.swtv : Job Process-660:5 has been finished: ['faster25.swtv', 'core4', '/home/yangheechan/', PosixPath('/ssd_home/yangheechan/FL-Dataset-Generating-Tool/out/opencv_calib3d_TF_top30/prerequisite_data/circlesgrid.MUT321.cpp')]
batch_0-faster25.swtv : Job Process-660:3 has been finished: ['faster25.swtv', 'core2', '/home/yangheechan/', PosixPath('/ssd_home/yangheechan/FL-Dataset-Generating-Tool/out/opencv_calib3d_TF_top30/prerequisite_data/epnp.MUT55.cpp')]
batch_0-faster25.swtv : Job Process-660:2 has been finished: ['faster25.swtv', 'core1', '/home/yangheechan/', PosixPath('/ssd_home/yangheechan/FL-Dataset-Generating-Tool/out/opencv_calib3d_TF_top30/prerequisite_data/epnp.MUT25.cpp')]
batch_0-faster25.swtv : Job Process-660:1 has been finished: ['faster25.swtv', 'core0', '/home/yangheechan/', PosixPath('/ssd_home/yangheechan/FL-Dataset-Generating-Tool/out/opencv_calib3d_TF_top30/prerequisite_data/rho.MUT239.cpp')]
>> ENTERING TERMINATION PHASE for batch_0 of faster25.swtv <<
batch_0-faster25.swtv - 7 finished jobs with 1 leftover, threshold: 6.4
batch_0-faster25.swtv : Job Process-660:6 has been finished: ['faster25.swtv', 'core5', '/home/yangheechan/', PosixPath('/ssd_home/yangheechan/FL-Dataset-Generating-Tool/out/opencv_calib3d_TF_top30/prerequisite_data/five-point.MUT433.cpp')]
Testing on faster29.swtv::core3
Testing on faster8.swtv::core2
Testing on faster39.swtv::core3
Testing on faster39.swtv::core6
batch_0-faster39.swtv : Job Process-670:3 has been finished: ['faster39.swtv', 'core2', '/home/yangheechan/', PosixPath('/ssd_home/yangheechan/FL-Dataset-Generating-Tool/out/opencv_calib3d_TF_top30/prerequisite_data/circlesgrid.MUT75.cpp')]
batch_0-faster39.swtv : Job Process-670:2 has been finished: ['faster39.swtv', 'core1', '/home/yangheechan/', PosixPath('/ssd_home/yangheechan/FL-Dataset-Generating-Tool/out/opencv_calib3d_TF_top30/prerequisite_data/ptsetreg.MUT320.cpp')]
batch_0-faster39.swtv : Job Process-670:5 has been finished: ['faster39.swtv', 'core4', '/home/yangheechan/', PosixPath('/ssd_home/yangheechan/FL-Dataset-Generating-Tool/out/opencv_calib3d_TF_top30/prerequisite_data/epnp.MUT318.cpp')]
batch_0-faster39.swtv : Job Process-670:1 has been finished: ['faster39.swtv', 'core0', '/home/yangheechan/', PosixPath('/ssd_home/yangheechan/FL-Dataset-Generating-Tool/out/opencv_calib3d_TF_top30/prerequisite_data/local_optimization.MUT221.cpp')]
batch_0-faster39.swtv : Job Process-670:8 has been finished: ['faster39.swtv', 'core7', '/home/yangheechan/', PosixPath('/ssd_home/yangheechan/FL-Dataset-Generating-Tool/out/opencv_calib3d_TF_top30/prerequisite_data/calibration_handeye.MUT137.cpp')]
batch_0-faster39.swtv : Job Process-670:6 has been finished: ['faster39.swtv', 'core5', '/home/yangheechan/', PosixPath('/ssd_home/yangheechan/FL-Dataset-Generating-Tool/out/opencv_calib3d_TF_top30/prerequisite_data/circlesgrid.MUT403.cpp')]
batch_0-faster39.swtv : Job Process-670:4 has been finished: ['faster39.swtv', 'core3', '/home/yangheechan/', PosixPath('/ssd_home/yangheechan/FL-Dataset-Generating-Tool/out/opencv_calib3d_TF_top30/prerequisite_data/five-point.MUT202.cpp')]
>> ENTERING TERMINATION PHASE for batch_0 of faster39.swtv <<
batch_0-faster39.swtv - 7 finished jobs with 1 leftover, threshold: 6.4
batch_0-faster39.swtv : Job Process-670:7 has been finished: ['faster39.swtv', 'core6', '/home/yangheechan/', PosixPath('/ssd_home/yangheechan/FL-Dataset-Generating-Tool/out/opencv_calib3d_TF_top30/prerequisite_data/five-point.MUT82.cpp')]
Testing on faster19.swtv::core4
Testing on faster15.swtv::core7
Testing on faster50.swtv::core6
Testing on faster36.swtv::core4
Testing on faster44.swtv::core1
Testing on faster44.swtv::core0
batch_0-faster44.swtv : Job Process-673:4 has been finished: ['faster44.swtv', 'core3', '/home/yangheechan/', PosixPath('/ssd_home/yangheechan/FL-Dataset-Generating-Tool/out/opencv_calib3d_TF_top30/prerequisite_data/circlesgrid.MUT60.cpp')]
batch_0-faster44.swtv : Job Process-673:3 has been finished: ['faster44.swtv', 'core2', '/home/yangheechan/', PosixPath('/ssd_home/yangheechan/FL-Dataset-Generating-Tool/out/opencv_calib3d_TF_top30/prerequisite_data/calibration_handeye.MUT250.cpp')]
batch_0-faster44.swtv : Job Process-673:7 has been finished: ['faster44.swtv', 'core6', '/home/yangheechan/', PosixPath('/ssd_home/yangheechan/FL-Dataset-Generating-Tool/out/opencv_calib3d_TF_top30/prerequisite_data/local_optimization.MUT224.cpp')]
batch_0-faster44.swtv : Job Process-673:8 has been finished: ['faster44.swtv', 'core7', '/home/yangheechan/', PosixPath('/ssd_home/yangheechan/FL-Dataset-Generating-Tool/out/opencv_calib3d_TF_top30/prerequisite_data/circlesgrid.MUT269.cpp')]
batch_0-faster44.swtv : Job Process-673:6 has been finished: ['faster44.swtv', 'core5', '/home/yangheechan/', PosixPath('/ssd_home/yangheechan/FL-Dataset-Generating-Tool/out/opencv_calib3d_TF_top30/prerequisite_data/circlesgrid.MUT387.cpp')]
batch_0-faster44.swtv : Job Process-673:5 has been finished: ['faster44.swtv', 'core4', '/home/yangheechan/', PosixPath('/ssd_home/yangheechan/FL-Dataset-Generating-Tool/out/opencv_calib3d_TF_top30/prerequisite_data/circlesgrid.MUT289.cpp')]
batch_0-faster44.swtv : Job Process-673:2 has been finished: ['faster44.swtv', 'core1', '/home/yangheechan/', PosixPath('/ssd_home/yangheechan/FL-Dataset-Generating-Tool/out/opencv_calib3d_TF_top30/prerequisite_data/five-point.MUT107.cpp')]
>> ENTERING TERMINATION PHASE for batch_0 of faster44.swtv <<
batch_0-faster44.swtv - 7 finished jobs with 1 leftover, threshold: 6.4
batch_0-faster44.swtv : Job Process-673:1 has been finished: ['faster44.swtv', 'core0', '/home/yangheechan/', PosixPath('/ssd_home/yangheechan/FL-Dataset-Generating-Tool/out/opencv_calib3d_TF_top30/prerequisite_data/five-point.MUT21.cpp')]
Testing on faster23.swtv::core7
batch_0-faster23.swtv : Job Process-658:5 has been finished: ['faster23.swtv', 'core4', '/home/yangheechan/', PosixPath('/ssd_home/yangheechan/FL-Dataset-Generating-Tool/out/opencv_calib3d_TF_top30/prerequisite_data/five-point.MUT328.cpp')]
batch_0-faster23.swtv : Job Process-658:7 has been finished: ['faster23.swtv', 'core6', '/home/yangheechan/', PosixPath('/ssd_home/yangheechan/FL-Dataset-Generating-Tool/out/opencv_calib3d_TF_top30/prerequisite_data/circlesgrid.MUT12.cpp')]
batch_0-faster23.swtv : Job Process-658:1 has been finished: ['faster23.swtv', 'core0', '/home/yangheechan/', PosixPath('/ssd_home/yangheechan/FL-Dataset-Generating-Tool/out/opencv_calib3d_TF_top30/prerequisite_data/circlesgrid.MUT683.cpp')]
batch_0-faster23.swtv : Job Process-658:2 has been finished: ['faster23.swtv', 'core1', '/home/yangheechan/', PosixPath('/ssd_home/yangheechan/FL-Dataset-Generating-Tool/out/opencv_calib3d_TF_top30/prerequisite_data/calibration_handeye.MUT199.cpp')]
batch_0-faster23.swtv : Job Process-658:4 has been finished: ['faster23.swtv', 'core3', '/home/yangheechan/', PosixPath('/ssd_home/yangheechan/FL-Dataset-Generating-Tool/out/opencv_calib3d_TF_top30/prerequisite_data/calibration_handeye.MUT288.cpp')]
batch_0-faster23.swtv : Job Process-658:6 has been finished: ['faster23.swtv', 'core5', '/home/yangheechan/', PosixPath('/ssd_home/yangheechan/FL-Dataset-Generating-Tool/out/opencv_calib3d_TF_top30/prerequisite_data/five-point.MUT29.cpp')]
batch_0-faster23.swtv : Job Process-658:3 has been finished: ['faster23.swtv', 'core2', '/home/yangheechan/', PosixPath('/ssd_home/yangheechan/FL-Dataset-Generating-Tool/out/opencv_calib3d_TF_top30/prerequisite_data/rho.MUT493.cpp')]
>> ENTERING TERMINATION PHASE for batch_0 of faster23.swtv <<
batch_0-faster23.swtv - 7 finished jobs with 1 leftover, threshold: 6.4
batch_0-faster23.swtv : Job Process-658:8 has been finished: ['faster23.swtv', 'core7', '/home/yangheechan/', PosixPath('/ssd_home/yangheechan/FL-Dataset-Generating-Tool/out/opencv_calib3d_TF_top30/prerequisite_data/five-point.MUT119.cpp')]
Testing on faster19.swtv::core2
batch_0-faster19.swtv : Job Process-656:1 has been finished: ['faster19.swtv', 'core0', '/home/yangheechan/', PosixPath('/ssd_home/yangheechan/FL-Dataset-Generating-Tool/out/opencv_calib3d_TF_top30/prerequisite_data/circlesgrid.MUT170.cpp')]
batch_0-faster19.swtv : Job Process-656:4 has been finished: ['faster19.swtv', 'core3', '/home/yangheechan/', PosixPath('/ssd_home/yangheechan/FL-Dataset-Generating-Tool/out/opencv_calib3d_TF_top30/prerequisite_data/ptsetreg.MUT503.cpp')]
batch_0-faster19.swtv : Job Process-656:8 has been finished: ['faster19.swtv', 'core7', '/home/yangheechan/', PosixPath('/ssd_home/yangheechan/FL-Dataset-Generating-Tool/out/opencv_calib3d_TF_top30/prerequisite_data/calibration_handeye.MUT271.cpp')]
batch_0-faster19.swtv : Job Process-656:2 has been finished: ['faster19.swtv', 'core1', '/home/yangheechan/', PosixPath('/ssd_home/yangheechan/FL-Dataset-Generating-Tool/out/opencv_calib3d_TF_top30/prerequisite_data/circlesgrid.MUT267.cpp')]
batch_0-faster19.swtv : Job Process-656:6 has been finished: ['faster19.swtv', 'core5', '/home/yangheechan/', PosixPath('/ssd_home/yangheechan/FL-Dataset-Generating-Tool/out/opencv_calib3d_TF_top30/prerequisite_data/circlesgrid.MUT678.cpp')]
batch_0-faster19.swtv : Job Process-656:7 has been finished: ['faster19.swtv', 'core6', '/home/yangheechan/', PosixPath('/ssd_home/yangheechan/FL-Dataset-Generating-Tool/out/opencv_calib3d_TF_top30/prerequisite_data/rho.MUT506.cpp')]
batch_0-faster19.swtv : Job Process-656:5 has been finished: ['faster19.swtv', 'core4', '/home/yangheechan/', PosixPath('/ssd_home/yangheechan/FL-Dataset-Generating-Tool/out/opencv_calib3d_TF_top30/prerequisite_data/five-point.MUT372.cpp')]
>> ENTERING TERMINATION PHASE for batch_0 of faster19.swtv <<
batch_0-faster19.swtv - 7 finished jobs with 1 leftover, threshold: 6.4
batch_0-faster19.swtv : Job Process-656:3 has been finished: ['faster19.swtv', 'core2', '/home/yangheechan/', PosixPath('/ssd_home/yangheechan/FL-Dataset-Generating-Tool/out/opencv_calib3d_TF_top30/prerequisite_data/five-point.MUT467.cpp')]
Testing on faster40.swtv::core5
batch_0-faster40.swtv : Job Process-671:8 has been finished: ['faster40.swtv', 'core7', '/home/yangheechan/', PosixPath('/ssd_home/yangheechan/FL-Dataset-Generating-Tool/out/opencv_calib3d_TF_top30/prerequisite_data/local_optimization.MUT131.cpp')]
batch_0-faster40.swtv : Job Process-671:2 has been finished: ['faster40.swtv', 'core1', '/home/yangheechan/', PosixPath('/ssd_home/yangheechan/FL-Dataset-Generating-Tool/out/opencv_calib3d_TF_top30/prerequisite_data/calibration_handeye.MUT437.cpp')]
batch_0-faster40.swtv : Job Process-671:3 has been finished: ['faster40.swtv', 'core2', '/home/yangheechan/', PosixPath('/ssd_home/yangheechan/FL-Dataset-Generating-Tool/out/opencv_calib3d_TF_top30/prerequisite_data/circlesgrid.MUT679.cpp')]
batch_0-faster40.swtv : Job Process-671:5 has been finished: ['faster40.swtv', 'core4', '/home/yangheechan/', PosixPath('/ssd_home/yangheechan/FL-Dataset-Generating-Tool/out/opencv_calib3d_TF_top30/prerequisite_data/circlesgrid.MUT437.cpp')]
batch_0-faster40.swtv : Job Process-671:7 has been finished: ['faster40.swtv', 'core6', '/home/yangheechan/', PosixPath('/ssd_home/yangheechan/FL-Dataset-Generating-Tool/out/opencv_calib3d_TF_top30/prerequisite_data/circlesgrid.MUT255.cpp')]
batch_0-faster40.swtv : Job Process-671:4 has been finished: ['faster40.swtv', 'core3', '/home/yangheechan/', PosixPath('/ssd_home/yangheechan/FL-Dataset-Generating-Tool/out/opencv_calib3d_TF_top30/prerequisite_data/calibration_handeye.MUT81.cpp')]
batch_0-faster40.swtv : Job Process-671:1 has been finished: ['faster40.swtv', 'core0', '/home/yangheechan/', PosixPath('/ssd_home/yangheechan/FL-Dataset-Generating-Tool/out/opencv_calib3d_TF_top30/prerequisite_data/epnp.MUT125.cpp')]
>> ENTERING TERMINATION PHASE for batch_0 of faster40.swtv <<
batch_0-faster40.swtv - 7 finished jobs with 1 leftover, threshold: 6.4
batch_0-faster40.swtv : Job Process-671:6 has been finished: ['faster40.swtv', 'core5', '/home/yangheechan/', PosixPath('/ssd_home/yangheechan/FL-Dataset-Generating-Tool/out/opencv_calib3d_TF_top30/prerequisite_data/rho.MUT440.cpp')]
Testing on faster29.swtv::core6
batch_0-faster29.swtv : Job Process-664:2 has been finished: ['faster29.swtv', 'core1', '/home/yangheechan/', PosixPath('/ssd_home/yangheechan/FL-Dataset-Generating-Tool/out/opencv_calib3d_TF_top30/prerequisite_data/local_optimization.MUT205.cpp')]
batch_0-faster29.swtv : Job Process-664:6 has been finished: ['faster29.swtv', 'core5', '/home/yangheechan/', PosixPath('/ssd_home/yangheechan/FL-Dataset-Generating-Tool/out/opencv_calib3d_TF_top30/prerequisite_data/circlesgrid.MUT490.cpp')]
batch_0-faster29.swtv : Job Process-664:3 has been finished: ['faster29.swtv', 'core2', '/home/yangheechan/', PosixPath('/ssd_home/yangheechan/FL-Dataset-Generating-Tool/out/opencv_calib3d_TF_top30/prerequisite_data/circlesgrid.MUT712.cpp')]
batch_0-faster29.swtv : Job Process-664:5 has been finished: ['faster29.swtv', 'core4', '/home/yangheechan/', PosixPath('/ssd_home/yangheechan/FL-Dataset-Generating-Tool/out/opencv_calib3d_TF_top30/prerequisite_data/circlesgrid.MUT336.cpp')]
batch_0-faster29.swtv : Job Process-664:1 has been finished: ['faster29.swtv', 'core0', '/home/yangheechan/', PosixPath('/ssd_home/yangheechan/FL-Dataset-Generating-Tool/out/opencv_calib3d_TF_top30/prerequisite_data/calibration_handeye.MUT296.cpp')]
batch_0-faster29.swtv : Job Process-664:8 has been finished: ['faster29.swtv', 'core7', '/home/yangheechan/', PosixPath('/ssd_home/yangheechan/FL-Dataset-Generating-Tool/out/opencv_calib3d_TF_top30/prerequisite_data/calibration_handeye.MUT291.cpp')]
batch_0-faster29.swtv : Job Process-664:4 has been finished: ['faster29.swtv', 'core3', '/home/yangheechan/', PosixPath('/ssd_home/yangheechan/FL-Dataset-Generating-Tool/out/opencv_calib3d_TF_top30/prerequisite_data/epnp.MUT271.cpp')]
>> ENTERING TERMINATION PHASE for batch_0 of faster29.swtv <<
batch_0-faster29.swtv - 7 finished jobs with 1 leftover, threshold: 6.4
batch_0-faster29.swtv : Job Process-664:7 has been finished: ['faster29.swtv', 'core6', '/home/yangheechan/', PosixPath('/ssd_home/yangheechan/FL-Dataset-Generating-Tool/out/opencv_calib3d_TF_top30/prerequisite_data/rho.MUT453.cpp')]
Testing on faster48.swtv::core1
batch_0-faster48.swtv : Job Process-677:1 has been finished: ['faster48.swtv', 'core0', '/home/yangheechan/', PosixPath('/ssd_home/yangheechan/FL-Dataset-Generating-Tool/out/opencv_calib3d_TF_top30/prerequisite_data/ptsetreg.MUT392.cpp')]
batch_0-faster48.swtv : Job Process-677:8 has been finished: ['faster48.swtv', 'core7', '/home/yangheechan/', PosixPath('/ssd_home/yangheechan/FL-Dataset-Generating-Tool/out/opencv_calib3d_TF_top30/prerequisite_data/circlesgrid.MUT67.cpp')]
batch_0-faster48.swtv : Job Process-677:3 has been finished: ['faster48.swtv', 'core2', '/home/yangheechan/', PosixPath('/ssd_home/yangheechan/FL-Dataset-Generating-Tool/out/opencv_calib3d_TF_top30/prerequisite_data/ptsetreg.MUT110.cpp')]
batch_0-faster48.swtv : Job Process-677:5 has been finished: ['faster48.swtv', 'core4', '/home/yangheechan/', PosixPath('/ssd_home/yangheechan/FL-Dataset-Generating-Tool/out/opencv_calib3d_TF_top30/prerequisite_data/circlesgrid.MUT501.cpp')]
batch_0-faster48.swtv : Job Process-677:6 has been finished: ['faster48.swtv', 'core5', '/home/yangheechan/', PosixPath('/ssd_home/yangheechan/FL-Dataset-Generating-Tool/out/opencv_calib3d_TF_top30/prerequisite_data/epnp.MUT302.cpp')]
batch_0-faster48.swtv : Job Process-677:7 has been finished: ['faster48.swtv', 'core6', '/home/yangheechan/', PosixPath('/ssd_home/yangheechan/FL-Dataset-Generating-Tool/out/opencv_calib3d_TF_top30/prerequisite_data/epnp.MUT273.cpp')]
batch_0-faster48.swtv : Job Process-677:4 has been finished: ['faster48.swtv', 'core3', '/home/yangheechan/', PosixPath('/ssd_home/yangheechan/FL-Dataset-Generating-Tool/out/opencv_calib3d_TF_top30/prerequisite_data/five-point.MUT220.cpp')]
>> ENTERING TERMINATION PHASE for batch_0 of faster48.swtv <<
batch_0-faster48.swtv - 7 finished jobs with 1 leftover, threshold: 6.4
batch_0-faster48.swtv : Job Process-677:2 has been finished: ['faster48.swtv', 'core1', '/home/yangheechan/', PosixPath('/ssd_home/yangheechan/FL-Dataset-Generating-Tool/out/opencv_calib3d_TF_top30/prerequisite_data/dls_solver.MUT34.cpp')]
Testing on faster50.swtv::core0
Testing on faster50.swtv::core7
batch_0-faster50.swtv : Job Process-678:5 has been finished: ['faster50.swtv', 'core4', '/home/yangheechan/', PosixPath('/ssd_home/yangheechan/FL-Dataset-Generating-Tool/out/opencv_calib3d_TF_top30/prerequisite_data/circlesgrid.MUT263.cpp')]
batch_0-faster50.swtv : Job Process-678:4 has been finished: ['faster50.swtv', 'core3', '/home/yangheechan/', PosixPath('/ssd_home/yangheechan/FL-Dataset-Generating-Tool/out/opencv_calib3d_TF_top30/prerequisite_data/calibration_handeye.MUT242.cpp')]
batch_0-faster50.swtv : Job Process-678:3 has been finished: ['faster50.swtv', 'core2', '/home/yangheechan/', PosixPath('/ssd_home/yangheechan/FL-Dataset-Generating-Tool/out/opencv_calib3d_TF_top30/prerequisite_data/epnp.MUT160.cpp')]
batch_0-faster50.swtv : Job Process-678:2 has been finished: ['faster50.swtv', 'core1', '/home/yangheechan/', PosixPath('/ssd_home/yangheechan/FL-Dataset-Generating-Tool/out/opencv_calib3d_TF_top30/prerequisite_data/calibration_handeye.MUT182.cpp')]
batch_0-faster50.swtv : Job Process-678:6 has been finished: ['faster50.swtv', 'core5', '/home/yangheechan/', PosixPath('/ssd_home/yangheechan/FL-Dataset-Generating-Tool/out/opencv_calib3d_TF_top30/prerequisite_data/epnp.MUT59.cpp')]
batch_0-faster50.swtv : Job Process-678:7 has been finished: ['faster50.swtv', 'core6', '/home/yangheechan/', PosixPath('/ssd_home/yangheechan/FL-Dataset-Generating-Tool/out/opencv_calib3d_TF_top30/prerequisite_data/rho.MUT183.cpp')]
batch_0-faster50.swtv : Job Process-678:1 has been finished: ['faster50.swtv', 'core0', '/home/yangheechan/', PosixPath('/ssd_home/yangheechan/FL-Dataset-Generating-Tool/out/opencv_calib3d_TF_top30/prerequisite_data/five-point.MUT483.cpp')]
>> ENTERING TERMINATION PHASE for batch_0 of faster50.swtv <<
batch_0-faster50.swtv - 7 finished jobs with 1 leftover, threshold: 6.4
batch_0-faster50.swtv : Job Process-678:8 has been finished: ['faster50.swtv', 'core7', '/home/yangheechan/', PosixPath('/ssd_home/yangheechan/FL-Dataset-Generating-Tool/out/opencv_calib3d_TF_top30/prerequisite_data/five-point.MUT109.cpp')]
Testing on faster36.swtv::core3
batch_0-faster36.swtv : Job Process-667:1 has been finished: ['faster36.swtv', 'core0', '/home/yangheechan/', PosixPath('/ssd_home/yangheechan/FL-Dataset-Generating-Tool/out/opencv_calib3d_TF_top30/prerequisite_data/ptsetreg.MUT26.cpp')]
batch_0-faster36.swtv : Job Process-667:2 has been finished: ['faster36.swtv', 'core1', '/home/yangheechan/', PosixPath('/ssd_home/yangheechan/FL-Dataset-Generating-Tool/out/opencv_calib3d_TF_top30/prerequisite_data/circlesgrid.MUT482.cpp')]
batch_0-faster36.swtv : Job Process-667:7 has been finished: ['faster36.swtv', 'core6', '/home/yangheechan/', PosixPath('/ssd_home/yangheechan/FL-Dataset-Generating-Tool/out/opencv_calib3d_TF_top30/prerequisite_data/calibration_handeye.MUT12.cpp')]
batch_0-faster36.swtv : Job Process-667:8 has been finished: ['faster36.swtv', 'core7', '/home/yangheechan/', PosixPath('/ssd_home/yangheechan/FL-Dataset-Generating-Tool/out/opencv_calib3d_TF_top30/prerequisite_data/epnp.MUT22.cpp')]
batch_0-faster36.swtv : Job Process-667:6 has been finished: ['faster36.swtv', 'core5', '/home/yangheechan/', PosixPath('/ssd_home/yangheechan/FL-Dataset-Generating-Tool/out/opencv_calib3d_TF_top30/prerequisite_data/calibration_handeye.MUT52.cpp')]
batch_0-faster36.swtv : Job Process-667:3 has been finished: ['faster36.swtv', 'core2', '/home/yangheechan/', PosixPath('/ssd_home/yangheechan/FL-Dataset-Generating-Tool/out/opencv_calib3d_TF_top30/prerequisite_data/calibration_handeye.MUT294.cpp')]
batch_0-faster36.swtv : Job Process-667:5 has been finished: ['faster36.swtv', 'core4', '/home/yangheechan/', PosixPath('/ssd_home/yangheechan/FL-Dataset-Generating-Tool/out/opencv_calib3d_TF_top30/prerequisite_data/five-point.MUT190.cpp')]
>> ENTERING TERMINATION PHASE for batch_0 of faster36.swtv <<
batch_0-faster36.swtv - 7 finished jobs with 1 leftover, threshold: 6.4
batch_0-faster36.swtv : Job Process-667:4 has been finished: ['faster36.swtv', 'core3', '/home/yangheechan/', PosixPath('/ssd_home/yangheechan/FL-Dataset-Generating-Tool/out/opencv_calib3d_TF_top30/prerequisite_data/rho.MUT438.cpp')]
Testing on faster46.swtv::core7
Testing on faster34.swtv::core0
Testing on faster34.swtv::core1
Testing on faster14.swtv::core6
Testing on faster24.swtv::core4
Testing on faster24.swtv::core1
Testing on faster24.swtv::core3
Testing on faster14.swtv::core4
Testing on faster8.swtv::core6
Testing on faster8.swtv::core7
Testing on faster8.swtv::core4
Testing on faster8.swtv::core0
batch_0-faster8.swtv : Job Process-652:2 has been finished: ['faster8.swtv', 'core1', '/home/yangheechan/', PosixPath('/ssd_home/yangheechan/FL-Dataset-Generating-Tool/out/opencv_calib3d_TF_top30/prerequisite_data/calibration_handeye.MUT211.cpp')]
batch_0-faster8.swtv : Job Process-652:4 has been finished: ['faster8.swtv', 'core3', '/home/yangheechan/', PosixPath('/ssd_home/yangheechan/FL-Dataset-Generating-Tool/out/opencv_calib3d_TF_top30/prerequisite_data/ptsetreg.MUT313.cpp')]
batch_0-faster8.swtv : Job Process-652:6 has been finished: ['faster8.swtv', 'core5', '/home/yangheechan/', PosixPath('/ssd_home/yangheechan/FL-Dataset-Generating-Tool/out/opencv_calib3d_TF_top30/prerequisite_data/calibration_handeye.MUT184.cpp')]
batch_0-faster8.swtv : Job Process-652:3 has been finished: ['faster8.swtv', 'core2', '/home/yangheechan/', PosixPath('/ssd_home/yangheechan/FL-Dataset-Generating-Tool/out/opencv_calib3d_TF_top30/prerequisite_data/circlesgrid.MUT447.cpp')]
batch_0-faster8.swtv : Job Process-652:7 has been finished: ['faster8.swtv', 'core6', '/home/yangheechan/', PosixPath('/ssd_home/yangheechan/FL-Dataset-Generating-Tool/out/opencv_calib3d_TF_top30/prerequisite_data/five-point.MUT133.cpp')]
batch_0-faster8.swtv : Job Process-652:8 has been finished: ['faster8.swtv', 'core7', '/home/yangheechan/', PosixPath('/ssd_home/yangheechan/FL-Dataset-Generating-Tool/out/opencv_calib3d_TF_top30/prerequisite_data/five-point.MUT171.cpp')]
batch_0-faster8.swtv : Job Process-652:5 has been finished: ['faster8.swtv', 'core4', '/home/yangheechan/', PosixPath('/ssd_home/yangheechan/FL-Dataset-Generating-Tool/out/opencv_calib3d_TF_top30/prerequisite_data/five-point.MUT37.cpp')]
>> ENTERING TERMINATION PHASE for batch_0 of faster8.swtv <<
batch_0-faster8.swtv - 7 finished jobs with 1 leftover, threshold: 6.4
batch_0-faster8.swtv : Job Process-652:1 has been finished: ['faster8.swtv', 'core0', '/home/yangheechan/', PosixPath('/ssd_home/yangheechan/FL-Dataset-Generating-Tool/out/opencv_calib3d_TF_top30/prerequisite_data/five-point.MUT80.cpp')]
Testing on faster14.swtv::core1
Testing on faster34.swtv::core4
Testing on faster14.swtv::core2
batch_0-faster14.swtv : Job Process-654:1 has been finished: ['faster14.swtv', 'core0', '/home/yangheechan/', PosixPath('/ssd_home/yangheechan/FL-Dataset-Generating-Tool/out/opencv_calib3d_TF_top30/prerequisite_data/calibration_handeye.MUT127.cpp')]
batch_0-faster14.swtv : Job Process-654:4 has been finished: ['faster14.swtv', 'core3', '/home/yangheechan/', PosixPath('/ssd_home/yangheechan/FL-Dataset-Generating-Tool/out/opencv_calib3d_TF_top30/prerequisite_data/circlesgrid.MUT677.cpp')]
batch_0-faster14.swtv : Job Process-654:6 has been finished: ['faster14.swtv', 'core5', '/home/yangheechan/', PosixPath('/ssd_home/yangheechan/FL-Dataset-Generating-Tool/out/opencv_calib3d_TF_top30/prerequisite_data/rho.MUT167.cpp')]
batch_0-faster14.swtv : Job Process-654:8 has been finished: ['faster14.swtv', 'core7', '/home/yangheechan/', PosixPath('/ssd_home/yangheechan/FL-Dataset-Generating-Tool/out/opencv_calib3d_TF_top30/prerequisite_data/epnp.MUT154.cpp')]
batch_0-faster14.swtv : Job Process-654:7 has been finished: ['faster14.swtv', 'core6', '/home/yangheechan/', PosixPath('/ssd_home/yangheechan/FL-Dataset-Generating-Tool/out/opencv_calib3d_TF_top30/prerequisite_data/five-point.MUT403.cpp')]
batch_0-faster14.swtv : Job Process-654:5 has been finished: ['faster14.swtv', 'core4', '/home/yangheechan/', PosixPath('/ssd_home/yangheechan/FL-Dataset-Generating-Tool/out/opencv_calib3d_TF_top30/prerequisite_data/five-point.MUT271.cpp')]
batch_0-faster14.swtv : Job Process-654:2 has been finished: ['faster14.swtv', 'core1', '/home/yangheechan/', PosixPath('/ssd_home/yangheechan/FL-Dataset-Generating-Tool/out/opencv_calib3d_TF_top30/prerequisite_data/five-point.MUT38.cpp')]
>> ENTERING TERMINATION PHASE for batch_0 of faster14.swtv <<
batch_0-faster14.swtv - 7 finished jobs with 1 leftover, threshold: 6.4
batch_0-faster14.swtv : Job Process-654:3 has been finished: ['faster14.swtv', 'core2', '/home/yangheechan/', PosixPath('/ssd_home/yangheechan/FL-Dataset-Generating-Tool/out/opencv_calib3d_TF_top30/prerequisite_data/ptsetreg.MUT59.cpp')]
Testing on faster15.swtv::core0
batch_0-faster15.swtv : Job Process-655:6 has been finished: ['faster15.swtv', 'core5', '/home/yangheechan/', PosixPath('/ssd_home/yangheechan/FL-Dataset-Generating-Tool/out/opencv_calib3d_TF_top30/prerequisite_data/circlesgrid.MUT260.cpp')]
batch_0-faster15.swtv : Job Process-655:3 has been finished: ['faster15.swtv', 'core2', '/home/yangheechan/', PosixPath('/ssd_home/yangheechan/FL-Dataset-Generating-Tool/out/opencv_calib3d_TF_top30/prerequisite_data/circlesgrid.MUT107.cpp')]
batch_0-faster15.swtv : Job Process-655:5 has been finished: ['faster15.swtv', 'core4', '/home/yangheechan/', PosixPath('/ssd_home/yangheechan/FL-Dataset-Generating-Tool/out/opencv_calib3d_TF_top30/prerequisite_data/calibration_handeye.MUT274.cpp')]
batch_0-faster15.swtv : Job Process-655:2 has been finished: ['faster15.swtv', 'core1', '/home/yangheechan/', PosixPath('/ssd_home/yangheechan/FL-Dataset-Generating-Tool/out/opencv_calib3d_TF_top30/prerequisite_data/circlesgrid.MUT648.cpp')]
batch_0-faster15.swtv : Job Process-655:7 has been finished: ['faster15.swtv', 'core6', '/home/yangheechan/', PosixPath('/ssd_home/yangheechan/FL-Dataset-Generating-Tool/out/opencv_calib3d_TF_top30/prerequisite_data/circlesgrid.MUT397.cpp')]
batch_0-faster15.swtv : Job Process-655:4 has been finished: ['faster15.swtv', 'core3', '/home/yangheechan/', PosixPath('/ssd_home/yangheechan/FL-Dataset-Generating-Tool/out/opencv_calib3d_TF_top30/prerequisite_data/circlesgrid.MUT319.cpp')]
batch_0-faster15.swtv : Job Process-655:8 has been finished: ['faster15.swtv', 'core7', '/home/yangheechan/', PosixPath('/ssd_home/yangheechan/FL-Dataset-Generating-Tool/out/opencv_calib3d_TF_top30/prerequisite_data/five-point.MUT69.cpp')]
>> ENTERING TERMINATION PHASE for batch_0 of faster15.swtv <<
batch_0-faster15.swtv - 7 finished jobs with 1 leftover, threshold: 6.4
batch_0-faster15.swtv : Job Process-655:1 has been finished: ['faster15.swtv', 'core0', '/home/yangheechan/', PosixPath('/ssd_home/yangheechan/FL-Dataset-Generating-Tool/out/opencv_calib3d_TF_top30/prerequisite_data/ptsetreg.MUT15.cpp')]
Testing on faster24.swtv::core6
batch_0-faster24.swtv : Job Process-659:8 has been finished: ['faster24.swtv', 'core7', '/home/yangheechan/', PosixPath('/ssd_home/yangheechan/FL-Dataset-Generating-Tool/out/opencv_calib3d_TF_top30/prerequisite_data/ptsetreg.MUT236.cpp')]
batch_0-faster24.swtv : Job Process-659:3 has been finished: ['faster24.swtv', 'core2', '/home/yangheechan/', PosixPath('/ssd_home/yangheechan/FL-Dataset-Generating-Tool/out/opencv_calib3d_TF_top30/prerequisite_data/ptsetreg.MUT470.cpp')]
batch_0-faster24.swtv : Job Process-659:6 has been finished: ['faster24.swtv', 'core5', '/home/yangheechan/', PosixPath('/ssd_home/yangheechan/FL-Dataset-Generating-Tool/out/opencv_calib3d_TF_top30/prerequisite_data/circlesgrid.MUT190.cpp')]
batch_0-faster24.swtv : Job Process-659:1 has been finished: ['faster24.swtv', 'core0', '/home/yangheechan/', PosixPath('/ssd_home/yangheechan/FL-Dataset-Generating-Tool/out/opencv_calib3d_TF_top30/prerequisite_data/epnp.MUT63.cpp')]
batch_0-faster24.swtv : Job Process-659:5 has been finished: ['faster24.swtv', 'core4', '/home/yangheechan/', PosixPath('/ssd_home/yangheechan/FL-Dataset-Generating-Tool/out/opencv_calib3d_TF_top30/prerequisite_data/five-point.MUT236.cpp')]
batch_0-faster24.swtv : Job Process-659:2 has been finished: ['faster24.swtv', 'core1', '/home/yangheechan/', PosixPath('/ssd_home/yangheechan/FL-Dataset-Generating-Tool/out/opencv_calib3d_TF_top30/prerequisite_data/five-point.MUT417.cpp')]
batch_0-faster24.swtv : Job Process-659:4 has been finished: ['faster24.swtv', 'core3', '/home/yangheechan/', PosixPath('/ssd_home/yangheechan/FL-Dataset-Generating-Tool/out/opencv_calib3d_TF_top30/prerequisite_data/five-point.MUT209.cpp')]
>> ENTERING TERMINATION PHASE for batch_0 of faster24.swtv <<
batch_0-faster24.swtv - 7 finished jobs with 1 leftover, threshold: 6.4
batch_0-faster24.swtv : Job Process-659:7 has been finished: ['faster24.swtv', 'core6', '/home/yangheechan/', PosixPath('/ssd_home/yangheechan/FL-Dataset-Generating-Tool/out/opencv_calib3d_TF_top30/prerequisite_data/local_optimization.MUT253.cpp')]
Testing on faster11.swtv::core5
batch_0-faster11.swtv : Job Process-653:3 has been finished: ['faster11.swtv', 'core2', '/home/yangheechan/', PosixPath('/ssd_home/yangheechan/FL-Dataset-Generating-Tool/out/opencv_calib3d_TF_top30/prerequisite_data/ptsetreg.MUT243.cpp')]
batch_0-faster11.swtv : Job Process-653:1 has been finished: ['faster11.swtv', 'core0', '/home/yangheechan/', PosixPath('/ssd_home/yangheechan/FL-Dataset-Generating-Tool/out/opencv_calib3d_TF_top30/prerequisite_data/calibration_handeye.MUT202.cpp')]
batch_0-faster11.swtv : Job Process-653:2 has been finished: ['faster11.swtv', 'core1', '/home/yangheechan/', PosixPath('/ssd_home/yangheechan/FL-Dataset-Generating-Tool/out/opencv_calib3d_TF_top30/prerequisite_data/ptsetreg.MUT292.cpp')]
batch_0-faster11.swtv : Job Process-653:5 has been finished: ['faster11.swtv', 'core4', '/home/yangheechan/', PosixPath('/ssd_home/yangheechan/FL-Dataset-Generating-Tool/out/opencv_calib3d_TF_top30/prerequisite_data/circlesgrid.MUT385.cpp')]
batch_0-faster11.swtv : Job Process-653:4 has been finished: ['faster11.swtv', 'core3', '/home/yangheechan/', PosixPath('/ssd_home/yangheechan/FL-Dataset-Generating-Tool/out/opencv_calib3d_TF_top30/prerequisite_data/circlesgrid.MUT638.cpp')]
batch_0-faster11.swtv : Job Process-653:8 has been finished: ['faster11.swtv', 'core7', '/home/yangheechan/', PosixPath('/ssd_home/yangheechan/FL-Dataset-Generating-Tool/out/opencv_calib3d_TF_top30/prerequisite_data/epnp.MUT128.cpp')]
batch_0-faster11.swtv : Job Process-653:7 has been finished: ['faster11.swtv', 'core6', '/home/yangheechan/', PosixPath('/ssd_home/yangheechan/FL-Dataset-Generating-Tool/out/opencv_calib3d_TF_top30/prerequisite_data/rho.MUT236.cpp')]
>> ENTERING TERMINATION PHASE for batch_0 of faster11.swtv <<
batch_0-faster11.swtv - 7 finished jobs with 1 leftover, threshold: 6.4
batch_0-faster11.swtv : Job Process-653:6 has been finished: ['faster11.swtv', 'core5', '/home/yangheechan/', PosixPath('/ssd_home/yangheechan/FL-Dataset-Generating-Tool/out/opencv_calib3d_TF_top30/prerequisite_data/ptsetreg.MUT80.cpp')]
Testing on faster46.swtv::core4
batch_0-faster46.swtv : Job Process-675:4 has been finished: ['faster46.swtv', 'core3', '/home/yangheechan/', PosixPath('/ssd_home/yangheechan/FL-Dataset-Generating-Tool/out/opencv_calib3d_TF_top30/prerequisite_data/circlesgrid.MUT153.cpp')]
batch_0-faster46.swtv : Job Process-675:2 has been finished: ['faster46.swtv', 'core1', '/home/yangheechan/', PosixPath('/ssd_home/yangheechan/FL-Dataset-Generating-Tool/out/opencv_calib3d_TF_top30/prerequisite_data/epnp.MUT164.cpp')]
batch_0-faster46.swtv : Job Process-675:7 has been finished: ['faster46.swtv', 'core6', '/home/yangheechan/', PosixPath('/ssd_home/yangheechan/FL-Dataset-Generating-Tool/out/opencv_calib3d_TF_top30/prerequisite_data/calibration_handeye.MUT98.cpp')]
batch_0-faster46.swtv : Job Process-675:1 has been finished: ['faster46.swtv', 'core0', '/home/yangheechan/', PosixPath('/ssd_home/yangheechan/FL-Dataset-Generating-Tool/out/opencv_calib3d_TF_top30/prerequisite_data/calibration_handeye.MUT37.cpp')]
batch_0-faster46.swtv : Job Process-675:3 has been finished: ['faster46.swtv', 'core2', '/home/yangheechan/', PosixPath('/ssd_home/yangheechan/FL-Dataset-Generating-Tool/out/opencv_calib3d_TF_top30/prerequisite_data/epnp.MUT343.cpp')]
batch_0-faster46.swtv : Job Process-675:6 has been finished: ['faster46.swtv', 'core5', '/home/yangheechan/', PosixPath('/ssd_home/yangheechan/FL-Dataset-Generating-Tool/out/opencv_calib3d_TF_top30/prerequisite_data/five-point.MUT27.cpp')]
batch_0-faster46.swtv : Job Process-675:8 has been finished: ['faster46.swtv', 'core7', '/home/yangheechan/', PosixPath('/ssd_home/yangheechan/FL-Dataset-Generating-Tool/out/opencv_calib3d_TF_top30/prerequisite_data/five-point.MUT145.cpp')]
>> ENTERING TERMINATION PHASE for batch_0 of faster46.swtv <<
batch_0-faster46.swtv - 7 finished jobs with 1 leftover, threshold: 6.4
batch_0-faster46.swtv : Job Process-675:5 has been finished: ['faster46.swtv', 'core4', '/home/yangheechan/', PosixPath('/ssd_home/yangheechan/FL-Dataset-Generating-Tool/out/opencv_calib3d_TF_top30/prerequisite_data/ptsetreg.MUT63.cpp')]
Testing on faster27.swtv::core4
batch_0-faster27.swtv : Job Process-662:8 has been finished: ['faster27.swtv', 'core7', '/home/yangheechan/', PosixPath('/ssd_home/yangheechan/FL-Dataset-Generating-Tool/out/opencv_calib3d_TF_top30/prerequisite_data/calibration_handeye.MUT429.cpp')]
batch_0-faster27.swtv : Job Process-662:2 has been finished: ['faster27.swtv', 'core1', '/home/yangheechan/', PosixPath('/ssd_home/yangheechan/FL-Dataset-Generating-Tool/out/opencv_calib3d_TF_top30/prerequisite_data/epnp.MUT29.cpp')]
batch_0-faster27.swtv : Job Process-662:3 has been finished: ['faster27.swtv', 'core2', '/home/yangheechan/', PosixPath('/ssd_home/yangheechan/FL-Dataset-Generating-Tool/out/opencv_calib3d_TF_top30/prerequisite_data/circlesgrid.MUT204.cpp')]
batch_0-faster27.swtv : Job Process-662:6 has been finished: ['faster27.swtv', 'core5', '/home/yangheechan/', PosixPath('/ssd_home/yangheechan/FL-Dataset-Generating-Tool/out/opencv_calib3d_TF_top30/prerequisite_data/ptsetreg.MUT365.cpp')]
batch_0-faster27.swtv : Job Process-662:1 has been finished: ['faster27.swtv', 'core0', '/home/yangheechan/', PosixPath('/ssd_home/yangheechan/FL-Dataset-Generating-Tool/out/opencv_calib3d_TF_top30/prerequisite_data/circlesgrid.MUT665.cpp')]
batch_0-faster27.swtv : Job Process-662:7 has been finished: ['faster27.swtv', 'core6', '/home/yangheechan/', PosixPath('/ssd_home/yangheechan/FL-Dataset-Generating-Tool/out/opencv_calib3d_TF_top30/prerequisite_data/circlesgrid.MUT682.cpp')]
batch_0-faster27.swtv : Job Process-662:4 has been finished: ['faster27.swtv', 'core3', '/home/yangheechan/', PosixPath('/ssd_home/yangheechan/FL-Dataset-Generating-Tool/out/opencv_calib3d_TF_top30/prerequisite_data/epnp.MUT116.cpp')]
>> ENTERING TERMINATION PHASE for batch_0 of faster27.swtv <<
batch_0-faster27.swtv - 7 finished jobs with 1 leftover, threshold: 6.4
batch_0-faster27.swtv : Job Process-662:5 has been finished: ['faster27.swtv', 'core4', '/home/yangheechan/', PosixPath('/ssd_home/yangheechan/FL-Dataset-Generating-Tool/out/opencv_calib3d_TF_top30/prerequisite_data/ptsetreg.MUT98.cpp')]
Testing on faster42.swtv::core0
batch_0-faster42.swtv : Job Process-672:8 has been finished: ['faster42.swtv', 'core7', '/home/yangheechan/', PosixPath('/ssd_home/yangheechan/FL-Dataset-Generating-Tool/out/opencv_calib3d_TF_top30/prerequisite_data/calibration_handeye.MUT421.cpp')]
batch_0-faster42.swtv : Job Process-672:4 has been finished: ['faster42.swtv', 'core3', '/home/yangheechan/', PosixPath('/ssd_home/yangheechan/FL-Dataset-Generating-Tool/out/opencv_calib3d_TF_top30/prerequisite_data/calibration_handeye.MUT39.cpp')]
batch_0-faster42.swtv : Job Process-672:3 has been finished: ['faster42.swtv', 'core2', '/home/yangheechan/', PosixPath('/ssd_home/yangheechan/FL-Dataset-Generating-Tool/out/opencv_calib3d_TF_top30/prerequisite_data/rho.MUT139.cpp')]
batch_0-faster42.swtv : Job Process-672:7 has been finished: ['faster42.swtv', 'core6', '/home/yangheechan/', PosixPath('/ssd_home/yangheechan/FL-Dataset-Generating-Tool/out/opencv_calib3d_TF_top30/prerequisite_data/circlesgrid.MUT10.cpp')]
batch_0-faster42.swtv : Job Process-672:2 has been finished: ['faster42.swtv', 'core1', '/home/yangheechan/', PosixPath('/ssd_home/yangheechan/FL-Dataset-Generating-Tool/out/opencv_calib3d_TF_top30/prerequisite_data/ptsetreg.MUT464.cpp')]
batch_0-faster42.swtv : Job Process-672:6 has been finished: ['faster42.swtv', 'core5', '/home/yangheechan/', PosixPath('/ssd_home/yangheechan/FL-Dataset-Generating-Tool/out/opencv_calib3d_TF_top30/prerequisite_data/rho.MUT308.cpp')]
batch_0-faster42.swtv : Job Process-672:5 has been finished: ['faster42.swtv', 'core4', '/home/yangheechan/', PosixPath('/ssd_home/yangheechan/FL-Dataset-Generating-Tool/out/opencv_calib3d_TF_top30/prerequisite_data/five-point.MUT56.cpp')]
>> ENTERING TERMINATION PHASE for batch_0 of faster42.swtv <<
batch_0-faster42.swtv - 7 finished jobs with 1 leftover, threshold: 6.4
batch_0-faster42.swtv : Job Process-672:1 has been finished: ['faster42.swtv', 'core0', '/home/yangheechan/', PosixPath('/ssd_home/yangheechan/FL-Dataset-Generating-Tool/out/opencv_calib3d_TF_top30/prerequisite_data/ptsetreg.MUT25.cpp')]
Testing on faster45.swtv::core3
batch_0-faster45.swtv : Job Process-674:1 has been finished: ['faster45.swtv', 'core0', '/home/yangheechan/', PosixPath('/ssd_home/yangheechan/FL-Dataset-Generating-Tool/out/opencv_calib3d_TF_top30/prerequisite_data/ptsetreg.MUT486.cpp')]
batch_0-faster45.swtv : Job Process-674:8 has been finished: ['faster45.swtv', 'core7', '/home/yangheechan/', PosixPath('/ssd_home/yangheechan/FL-Dataset-Generating-Tool/out/opencv_calib3d_TF_top30/prerequisite_data/calibration_handeye.MUT430.cpp')]
batch_0-faster45.swtv : Job Process-674:7 has been finished: ['faster45.swtv', 'core6', '/home/yangheechan/', PosixPath('/ssd_home/yangheechan/FL-Dataset-Generating-Tool/out/opencv_calib3d_TF_top30/prerequisite_data/calibration_handeye.MUT192.cpp')]
batch_0-faster45.swtv : Job Process-674:6 has been finished: ['faster45.swtv', 'core5', '/home/yangheechan/', PosixPath('/ssd_home/yangheechan/FL-Dataset-Generating-Tool/out/opencv_calib3d_TF_top30/prerequisite_data/ptsetreg.MUT338.cpp')]
batch_0-faster45.swtv : Job Process-674:3 has been finished: ['faster45.swtv', 'core2', '/home/yangheechan/', PosixPath('/ssd_home/yangheechan/FL-Dataset-Generating-Tool/out/opencv_calib3d_TF_top30/prerequisite_data/circlesgrid.MUT382.cpp')]
batch_0-faster45.swtv : Job Process-674:5 has been finished: ['faster45.swtv', 'core4', '/home/yangheechan/', PosixPath('/ssd_home/yangheechan/FL-Dataset-Generating-Tool/out/opencv_calib3d_TF_top30/prerequisite_data/epnp.MUT178.cpp')]
batch_0-faster45.swtv : Job Process-674:2 has been finished: ['faster45.swtv', 'core1', '/home/yangheechan/', PosixPath('/ssd_home/yangheechan/FL-Dataset-Generating-Tool/out/opencv_calib3d_TF_top30/prerequisite_data/five-point.MUT245.cpp')]
>> ENTERING TERMINATION PHASE for batch_0 of faster45.swtv <<
batch_0-faster45.swtv - 7 finished jobs with 1 leftover, threshold: 6.4
batch_0-faster45.swtv : Job Process-674:4 has been finished: ['faster45.swtv', 'core3', '/home/yangheechan/', PosixPath('/ssd_home/yangheechan/FL-Dataset-Generating-Tool/out/opencv_calib3d_TF_top30/prerequisite_data/ptsetreg.MUT53.cpp')]
Testing on faster34.swtv::core5
batch_0-faster34.swtv : Job Process-666:8 has been finished: ['faster34.swtv', 'core7', '/home/yangheechan/', PosixPath('/ssd_home/yangheechan/FL-Dataset-Generating-Tool/out/opencv_calib3d_TF_top30/prerequisite_data/local_optimization.MUT110.cpp')]
batch_0-faster34.swtv : Job Process-666:4 has been finished: ['faster34.swtv', 'core3', '/home/yangheechan/', PosixPath('/ssd_home/yangheechan/FL-Dataset-Generating-Tool/out/opencv_calib3d_TF_top30/prerequisite_data/calibration_handeye.MUT161.cpp')]
batch_0-faster34.swtv : Job Process-666:3 has been finished: ['faster34.swtv', 'core2', '/home/yangheechan/', PosixPath('/ssd_home/yangheechan/FL-Dataset-Generating-Tool/out/opencv_calib3d_TF_top30/prerequisite_data/calibration_handeye.MUT33.cpp')]
batch_0-faster34.swtv : Job Process-666:7 has been finished: ['faster34.swtv', 'core6', '/home/yangheechan/', PosixPath('/ssd_home/yangheechan/FL-Dataset-Generating-Tool/out/opencv_calib3d_TF_top30/prerequisite_data/epnp.MUT176.cpp')]
batch_0-faster34.swtv : Job Process-666:1 has been finished: ['faster34.swtv', 'core0', '/home/yangheechan/', PosixPath('/ssd_home/yangheechan/FL-Dataset-Generating-Tool/out/opencv_calib3d_TF_top30/prerequisite_data/five-point.MUT134.cpp')]
batch_0-faster34.swtv : Job Process-666:2 has been finished: ['faster34.swtv', 'core1', '/home/yangheechan/', PosixPath('/ssd_home/yangheechan/FL-Dataset-Generating-Tool/out/opencv_calib3d_TF_top30/prerequisite_data/five-point.MUT156.cpp')]
batch_0-faster34.swtv : Job Process-666:5 has been finished: ['faster34.swtv', 'core4', '/home/yangheechan/', PosixPath('/ssd_home/yangheechan/FL-Dataset-Generating-Tool/out/opencv_calib3d_TF_top30/prerequisite_data/rho.MUT296.cpp')]
>> ENTERING TERMINATION PHASE for batch_0 of faster34.swtv <<
batch_0-faster34.swtv - 7 finished jobs with 1 leftover, threshold: 6.4
batch_0-faster34.swtv : Job Process-666:6 has been finished: ['faster34.swtv', 'core5', '/home/yangheechan/', PosixPath('/ssd_home/yangheechan/FL-Dataset-Generating-Tool/out/opencv_calib3d_TF_top30/prerequisite_data/local_optimization.MUT255.cpp')]
Testing on faster32.swtv::core3
batch_0-faster32.swtv : Job Process-665:8 has been finished: ['faster32.swtv', 'core7', '/home/yangheechan/', PosixPath('/ssd_home/yangheechan/FL-Dataset-Generating-Tool/out/opencv_calib3d_TF_top30/prerequisite_data/calibration_handeye.MUT456.cpp')]
batch_0-faster32.swtv : Job Process-665:6 has been finished: ['faster32.swtv', 'core5', '/home/yangheechan/', PosixPath('/ssd_home/yangheechan/FL-Dataset-Generating-Tool/out/opencv_calib3d_TF_top30/prerequisite_data/calibration_handeye.MUT150.cpp')]
batch_0-faster32.swtv : Job Process-665:3 has been finished: ['faster32.swtv', 'core2', '/home/yangheechan/', PosixPath('/ssd_home/yangheechan/FL-Dataset-Generating-Tool/out/opencv_calib3d_TF_top30/prerequisite_data/circlesgrid.MUT488.cpp')]
batch_0-faster32.swtv : Job Process-665:2 has been finished: ['faster32.swtv', 'core1', '/home/yangheechan/', PosixPath('/ssd_home/yangheechan/FL-Dataset-Generating-Tool/out/opencv_calib3d_TF_top30/prerequisite_data/epnp.MUT83.cpp')]
batch_0-faster32.swtv : Job Process-665:7 has been finished: ['faster32.swtv', 'core6', '/home/yangheechan/', PosixPath('/ssd_home/yangheechan/FL-Dataset-Generating-Tool/out/opencv_calib3d_TF_top30/prerequisite_data/circlesgrid.MUT217.cpp')]
batch_0-faster32.swtv : Job Process-665:5 has been finished: ['faster32.swtv', 'core4', '/home/yangheechan/', PosixPath('/ssd_home/yangheechan/FL-Dataset-Generating-Tool/out/opencv_calib3d_TF_top30/prerequisite_data/five-point.MUT76.cpp')]
batch_0-faster32.swtv : Job Process-665:1 has been finished: ['faster32.swtv', 'core0', '/home/yangheechan/', PosixPath('/ssd_home/yangheechan/FL-Dataset-Generating-Tool/out/opencv_calib3d_TF_top30/prerequisite_data/five-point.MUT65.cpp')]
>> ENTERING TERMINATION PHASE for batch_0 of faster32.swtv <<
batch_0-faster32.swtv - 7 finished jobs with 1 leftover, threshold: 6.4
batch_0-faster32.swtv : Job Process-665:4 has been finished: ['faster32.swtv', 'core3', '/home/yangheechan/', PosixPath('/ssd_home/yangheechan/FL-Dataset-Generating-Tool/out/opencv_calib3d_TF_top30/prerequisite_data/ptsetreg.MUT10.cpp')]
>> Finished testing all versions now retrieving versions with its mbfl data
